<?xml version="1.0" encoding="UTF-8"?>
<testsuite name="test.java.MERGESORT_TEST" tests="13" skipped="0" failures="13" errors="0" timestamp="2023-09-07T12:50:53" hostname="DESKTOP-UU3TFIR" time="0.067">
  <properties/>
  <testcase name="test_10()" classname="test.java.MERGESORT_TEST" time="0.009">
    <failure message="java.lang.StackOverflowError" type="java.lang.StackOverflowError">java.lang.StackOverflowError
	at java.base/java.util.Arrays.copyOfRange(Arrays.java:3742)
	at java.base/java.util.ArrayList$SubList.toArray(ArrayList.java:1228)
	at java.base/java.util.ArrayList.addAll(ArrayList.java:670)
	at java_programs.MERGESORT.mergesort(MERGESORT.java:43)
	at java_programs.MERGESORT.mergesort(MERGESORT.java:47)
	at java_programs.MERGESORT.mergesort(MERGESORT.java:47)
	at java_programs.MERGESORT.mergesort(MERGESORT.java:47)
	at java_programs.MERGESORT.mergesort(MERGESORT.java:47)
	at java_programs.MERGESORT.mergesort(MERGESORT.java:47)
	at java_programs.MERGESORT.mergesort(MERGESORT.java:47)
	at java_programs.MERGESORT.mergesort(MERGESORT.java:47)
	at java_programs.MERGESORT.mergesort(MERGESORT.java:47)
	at java_programs.MERGESORT.mergesort(MERGESORT.java:47)
	at java_programs.MERGESORT.mergesort(MERGESORT.java:47)
	at java_programs.MERGESORT.mergesort(MERGESORT.java:47)
	at java_programs.MERGESORT.mergesort(MERGESORT.java:47)
	at java_programs.MERGESORT.mergesort(MERGESORT.java:47)
	at java_programs.MERGESORT.mergesort(MERGESORT.java:47)
	at java_programs.MERGESORT.mergesort(MERGESORT.java:47)
	at java_programs.MERGESORT.mergesort(MERGESORT.java:47)
	at java_programs.MERGESORT.mergesort(MERGESORT.java:47)
	at java_programs.MERGESORT.mergesort(MERGESORT.java:47)
	at java_programs.MERGESORT.mergesort(MERGESORT.java:47)
	at java_programs.MERGESORT.mergesort(MERGESORT.java:47)
	at java_programs.MERGESORT.mergesort(MERGESORT.java:47)
	at java_programs.MERGESORT.mergesort(MERGESORT.java:47)
	at java_programs.MERGESORT.mergesort(MERGESORT.java:47)
	at java_programs.MERGESORT.mergesort(MERGESORT.java:47)
	at java_programs.MERGESORT.mergesort(MERGESORT.java:47)
	at java_programs.MERGESORT.mergesort(MERGESORT.java:47)
	at java_programs.MERGESORT.mergesort(MERGESORT.java:47)
	at java_programs.MERGESORT.mergesort(MERGESORT.java:47)
	at java_programs.MERGESORT.mergesort(MERGESORT.java:47)
	at java_programs.MERGESORT.mergesort(MERGESORT.java:47)
	at java_programs.MERGESORT.mergesort(MERGESORT.java:47)
	at java_programs.MERGESORT.mergesort(MERGESORT.java:47)
	at java_programs.MERGESORT.mergesort(MERGESORT.java:47)
	at java_programs.MERGESORT.mergesort(MERGESORT.java:47)
	at java_programs.MERGESORT.mergesort(MERGESORT.java:47)
	at java_programs.MERGESORT.mergesort(MERGESORT.java:47)
	at java_programs.MERGESORT.mergesort(MERGESORT.java:47)
	at java_programs.MERGESORT.mergesort(MERGESORT.java:47)
	at java_programs.MERGESORT.mergesort(MERGESORT.java:47)
	at java_programs.MERGESORT.mergesort(MERGESORT.java:47)
	at java_programs.MERGESORT.mergesort(MERGESORT.java:47)
	at java_programs.MERGESORT.mergesort(MERGESORT.java:47)
	at java_programs.MERGESORT.mergesort(MERGESORT.java:47)
	at java_programs.MERGESORT.mergesort(MERGESORT.java:47)
	at java_programs.MERGESORT.mergesort(MERGESORT.java:47)
	at java_programs.MERGESORT.mergesort(MERGESORT.java:47)
	at java_programs.MERGESORT.mergesort(MERGESORT.java:47)
	at java_programs.MERGESORT.mergesort(MERGESORT.java:47)
	at java_programs.MERGESORT.mergesort(MERGESORT.java:47)
	at java_programs.MERGESORT.mergesort(MERGESORT.java:47)
	at java_programs.MERGESORT.mergesort(MERGESORT.java:47)
	at java_programs.MERGESORT.mergesort(MERGESORT.java:47)
	at java_programs.MERGESORT.mergesort(MERGESORT.java:47)
	at java_programs.MERGESORT.mergesort(MERGESORT.java:47)
	at java_programs.MERGESORT.mergesort(MERGESORT.java:47)
	at java_programs.MERGESORT.mergesort(MERGESORT.java:47)
	at java_programs.MERGESORT.mergesort(MERGESORT.java:47)
	at java_programs.MERGESORT.mergesort(MERGESORT.java:47)
	at java_programs.MERGESORT.mergesort(MERGESORT.java:47)
	at java_programs.MERGESORT.mergesort(MERGESORT.java:47)
	at java_programs.MERGESORT.mergesort(MERGESORT.java:47)
	at java_programs.MERGESORT.mergesort(MERGESORT.java:47)
	at java_programs.MERGESORT.mergesort(MERGESORT.java:47)
	at java_programs.MERGESORT.mergesort(MERGESORT.java:47)
	at java_programs.MERGESORT.mergesort(MERGESORT.java:47)
	at java_programs.MERGESORT.mergesort(MERGESORT.java:47)
	at java_programs.MERGESORT.mergesort(MERGESORT.java:47)
	at java_programs.MERGESORT.mergesort(MERGESORT.java:47)
	at java_programs.MERGESORT.mergesort(MERGESORT.java:47)
	at java_programs.MERGESORT.mergesort(MERGESORT.java:47)
	at java_programs.MERGESORT.mergesort(MERGESORT.java:47)
	at java_programs.MERGESORT.mergesort(MERGESORT.java:47)
	at java_programs.MERGESORT.mergesort(MERGESORT.java:47)
	at java_programs.MERGESORT.mergesort(MERGESORT.java:47)
	at java_programs.MERGESORT.mergesort(MERGESORT.java:47)
	at java_programs.MERGESORT.mergesort(MERGESORT.java:47)
	at java_programs.MERGESORT.mergesort(MERGESORT.java:47)
	at java_programs.MERGESORT.mergesort(MERGESORT.java:47)
	at java_programs.MERGESORT.mergesort(MERGESORT.java:47)
	at java_programs.MERGESORT.mergesort(MERGESORT.java:47)
	at java_programs.MERGESORT.mergesort(MERGESORT.java:47)
	at java_programs.MERGESORT.mergesort(MERGESORT.java:47)
	at java_programs.MERGESORT.mergesort(MERGESORT.java:47)
	at java_programs.MERGESORT.mergesort(MERGESORT.java:47)
	at java_programs.MERGESORT.mergesort(MERGESORT.java:47)
	at java_programs.MERGESORT.mergesort(MERGESORT.java:47)
	at java_programs.MERGESORT.mergesort(MERGESORT.java:47)
	at java_programs.MERGESORT.mergesort(MERGESORT.java:47)
	at java_programs.MERGESORT.mergesort(MERGESORT.java:47)
	at java_programs.MERGESORT.mergesort(MERGESORT.java:47)
	at java_programs.MERGESORT.mergesort(MERGESORT.java:47)
	at java_programs.MERGESORT.mergesort(MERGESORT.java:47)
	at java_programs.MERGESORT.mergesort(MERGESORT.java:47)
	at java_programs.MERGESORT.mergesort(MERGESORT.java:47)
	at java_programs.MERGESORT.mergesort(MERGESORT.java:47)
	at java_programs.MERGESORT.mergesort(MERGESORT.java:47)
	at java_programs.MERGESORT.mergesort(MERGESORT.java:47)
	at java_programs.MERGESORT.mergesort(MERGESORT.java:47)
	at java_programs.MERGESORT.mergesort(MERGESORT.java:47)
	at java_programs.MERGESORT.mergesort(MERGESORT.java:47)
	at java_programs.MERGESORT.mergesort(MERGESORT.java:47)
	at java_programs.MERGESORT.mergesort(MERGESORT.java:47)
	at java_programs.MERGESORT.mergesort(MERGESORT.java:47)
	at java_programs.MERGESORT.mergesort(MERGESORT.java:47)
	at java_programs.MERGESORT.mergesort(MERGESORT.java:47)
	at java_programs.MERGESORT.mergesort(MERGESORT.java:47)
	at java_programs.MERGESORT.mergesort(MERGESORT.java:47)
	at java_programs.MERGESORT.mergesort(MERGESORT.java:47)
	at java_programs.MERGESORT.mergesort(MERGESORT.java:47)
	at java_programs.MERGESORT.mergesort(MERGESORT.java:47)
	at java_programs.MERGESORT.mergesort(MERGESORT.java:47)
	at java_programs.MERGESORT.mergesort(MERGESORT.java:47)
	at java_programs.MERGESORT.mergesort(MERGESORT.java:47)
	at java_programs.MERGESORT.mergesort(MERGESORT.java:47)
	at java_programs.MERGESORT.mergesort(MERGESORT.java:47)
	at java_programs.MERGESORT.mergesort(MERGESORT.java:47)
	at java_programs.MERGESORT.mergesort(MERGESORT.java:47)
	at java_programs.MERGESORT.mergesort(MERGESORT.java:47)
	at java_programs.MERGESORT.mergesort(MERGESORT.java:47)
	at java_programs.MERGESORT.mergesort(MERGESORT.java:47)
	at java_programs.MERGESORT.mergesort(MERGESORT.java:47)
	at java_programs.MERGESORT.mergesort(MERGESORT.java:47)
	at java_programs.MERGESORT.mergesort(MERGESORT.java:47)
	at java_programs.MERGESORT.mergesort(MERGESORT.java:47)
	at java_programs.MERGESORT.mergesort(MERGESORT.java:47)
	at java_programs.MERGESORT.mergesort(MERGESORT.java:47)
	at java_programs.MERGESORT.mergesort(MERGESORT.java:47)
	at java_programs.MERGESORT.mergesort(MERGESORT.java:47)
	at java_programs.MERGESORT.mergesort(MERGESORT.java:47)
	at java_programs.MERGESORT.mergesort(MERGESORT.java:47)
	at java_programs.MERGESORT.mergesort(MERGESORT.java:47)
	at java_programs.MERGESORT.mergesort(MERGESORT.java:47)
	at java_programs.MERGESORT.mergesort(MERGESORT.java:47)
	at java_programs.MERGESORT.mergesort(MERGESORT.java:47)
	at java_programs.MERGESORT.mergesort(MERGESORT.java:47)
	at java_programs.MERGESORT.mergesort(MERGESORT.java:47)
	at java_programs.MERGESORT.mergesort(MERGESORT.java:47)
	at java_programs.MERGESORT.mergesort(MERGESORT.java:47)
	at java_programs.MERGESORT.mergesort(MERGESORT.java:47)
	at java_programs.MERGESORT.mergesort(MERGESORT.java:47)
	at java_programs.MERGESORT.mergesort(MERGESORT.java:47)
	at java_programs.MERGESORT.mergesort(MERGESORT.java:47)
	at java_programs.MERGESORT.mergesort(MERGESORT.java:47)
	at java_programs.MERGESORT.mergesort(MERGESORT.java:47)
	at java_programs.MERGESORT.mergesort(MERGESORT.java:47)
	at java_programs.MERGESORT.mergesort(MERGESORT.java:47)
	at java_programs.MERGESORT.mergesort(MERGESORT.java:47)
	at java_programs.MERGESORT.mergesort(MERGESORT.java:47)
	at java_programs.MERGESORT.mergesort(MERGESORT.java:47)
	at java_programs.MERGESORT.mergesort(MERGESORT.java:47)
	at java_programs.MERGESORT.mergesort(MERGESORT.java:47)
	at java_programs.MERGESORT.mergesort(MERGESORT.java:47)
	at java_programs.MERGESORT.mergesort(MERGESORT.java:47)
	at java_programs.MERGESORT.mergesort(MERGESORT.java:47)
	at java_programs.MERGESORT.mergesort(MERGESORT.java:47)
	at java_programs.MERGESORT.mergesort(MERGESORT.java:47)
	at java_programs.MERGESORT.mergesort(MERGESORT.java:47)
	at java_programs.MERGESORT.mergesort(MERGESORT.java:47)
	at java_programs.MERGESORT.mergesort(MERGESORT.java:47)
	at java_programs.MERGESORT.mergesort(MERGESORT.java:47)
	at java_programs.MERGESORT.mergesort(MERGESORT.java:47)
	at java_programs.MERGESORT.mergesort(MERGESORT.java:47)
	at java_programs.MERGESORT.mergesort(MERGESORT.java:47)
	at java_programs.MERGESORT.mergesort(MERGESORT.java:47)
	at java_programs.MERGESORT.mergesort(MERGESORT.java:47)
	at java_programs.MERGESORT.mergesort(MERGESORT.java:47)
	at java_programs.MERGESORT.mergesort(MERGESORT.java:47)
	at java_programs.MERGESORT.mergesort(MERGESORT.java:47)
	at java_programs.MERGESORT.mergesort(MERGESORT.java:47)
	at java_programs.MERGESORT.mergesort(MERGESORT.java:47)
	at java_programs.MERGESORT.mergesort(MERGESORT.java:47)
	at java_programs.MERGESORT.mergesort(MERGESORT.java:47)
	at java_programs.MERGESORT.mergesort(MERGESORT.java:47)
	at java_programs.MERGESORT.mergesort(MERGESORT.java:47)
	at java_programs.MERGESORT.mergesort(MERGESORT.java:47)
	at java_programs.MERGESORT.mergesort(MERGESORT.java:47)
	at java_programs.MERGESORT.mergesort(MERGESORT.java:47)
	at java_programs.MERGESORT.mergesort(MERGESORT.java:47)
	at java_programs.MERGESORT.mergesort(MERGESORT.java:47)
	at java_programs.MERGESORT.mergesort(MERGESORT.java:47)
	at java_programs.MERGESORT.mergesort(MERGESORT.java:47)
	at java_programs.MERGESORT.mergesort(MERGESORT.java:47)
	at java_programs.MERGESORT.mergesort(MERGESORT.java:47)
	at java_programs.MERGESORT.mergesort(MERGESORT.java:47)
	at java_programs.MERGESORT.mergesort(MERGESORT.java:47)
	at java_programs.MERGESORT.mergesort(MERGESORT.java:47)
	at java_programs.MERGESORT.mergesort(MERGESORT.java:47)
	at java_programs.MERGESORT.mergesort(MERGESORT.java:47)
	at java_programs.MERGESORT.mergesort(MERGESORT.java:47)
	at java_programs.MERGESORT.mergesort(MERGESORT.java:47)
	at java_programs.MERGESORT.mergesort(MERGESORT.java:47)
	at java_programs.MERGESORT.mergesort(MERGESORT.java:47)
	at java_programs.MERGESORT.mergesort(MERGESORT.java:47)
	at java_programs.MERGESORT.mergesort(MERGESORT.java:47)
	at java_programs.MERGESORT.mergesort(MERGESORT.java:47)
	at java_programs.MERGESORT.mergesort(MERGESORT.java:47)
	at java_programs.MERGESORT.mergesort(MERGESORT.java:47)
	at java_programs.MERGESORT.mergesort(MERGESORT.java:47)
	at java_programs.MERGESORT.mergesort(MERGESORT.java:47)
	at java_programs.MERGESORT.mergesort(MERGESORT.java:47)
	at java_programs.MERGESORT.mergesort(MERGESORT.java:47)
	at java_programs.MERGESORT.mergesort(MERGESORT.java:47)
	at java_programs.MERGESORT.mergesort(MERGESORT.java:47)
	at java_programs.MERGESORT.mergesort(MERGESORT.java:47)
	at java_programs.MERGESORT.mergesort(MERGESORT.java:47)
	at java_programs.MERGESORT.mergesort(MERGESORT.java:47)
	at java_programs.MERGESORT.mergesort(MERGESORT.java:47)
	at java_programs.MERGESORT.mergesort(MERGESORT.java:47)
	at java_programs.MERGESORT.mergesort(MERGESORT.java:47)
	at java_programs.MERGESORT.mergesort(MERGESORT.java:47)
	at java_programs.MERGESORT.mergesort(MERGESORT.java:47)
	at java_programs.MERGESORT.mergesort(MERGESORT.java:47)
	at java_programs.MERGESORT.mergesort(MERGESORT.java:47)
	at java_programs.MERGESORT.mergesort(MERGESORT.java:47)
	at java_programs.MERGESORT.mergesort(MERGESORT.java:47)
	at java_programs.MERGESORT.mergesort(MERGESORT.java:47)
	at java_programs.MERGESORT.mergesort(MERGESORT.java:47)
	at java_programs.MERGESORT.mergesort(MERGESORT.java:47)
	at java_programs.MERGESORT.mergesort(MERGESORT.java:47)
	at java_programs.MERGESORT.mergesort(MERGESORT.java:47)
	at java_programs.MERGESORT.mergesort(MERGESORT.java:47)
	at java_programs.MERGESORT.mergesort(MERGESORT.java:47)
	at java_programs.MERGESORT.mergesort(MERGESORT.java:47)
	at java_programs.MERGESORT.mergesort(MERGESORT.java:47)
	at java_programs.MERGESORT.mergesort(MERGESORT.java:47)
	at java_programs.MERGESORT.mergesort(MERGESORT.java:47)
	at java_programs.MERGESORT.mergesort(MERGESORT.java:47)
	at java_programs.MERGESORT.mergesort(MERGESORT.java:47)
	at java_programs.MERGESORT.mergesort(MERGESORT.java:47)
	at java_programs.MERGESORT.mergesort(MERGESORT.java:47)
	at java_programs.MERGESORT.mergesort(MERGESORT.java:47)
	at java_programs.MERGESORT.mergesort(MERGESORT.java:47)
	at java_programs.MERGESORT.mergesort(MERGESORT.java:47)
	at java_programs.MERGESORT.mergesort(MERGESORT.java:47)
	at java_programs.MERGESORT.mergesort(MERGESORT.java:47)
	at java_programs.MERGESORT.mergesort(MERGESORT.java:47)
	at java_programs.MERGESORT.mergesort(MERGESORT.java:47)
	at java_programs.MERGESORT.mergesort(MERGESORT.java:47)
	at java_programs.MERGESORT.mergesort(MERGESORT.java:47)
	at java_programs.MERGESORT.mergesort(MERGESORT.java:47)
	at java_programs.MERGESORT.mergesort(MERGESORT.java:47)
	at java_programs.MERGESORT.mergesort(MERGESORT.java:47)
	at java_programs.MERGESORT.mergesort(MERGESORT.java:47)
	at java_programs.MERGESORT.mergesort(MERGESORT.java:47)
	at java_programs.MERGESORT.mergesort(MERGESORT.java:47)
	at java_programs.MERGESORT.mergesort(MERGESORT.java:47)
	at java_programs.MERGESORT.mergesort(MERGESORT.java:47)
	at java_programs.MERGESORT.mergesort(MERGESORT.java:47)
	at java_programs.MERGESORT.mergesort(MERGESORT.java:47)
	at java_programs.MERGESORT.mergesort(MERGESORT.java:47)
	at java_programs.MERGESORT.mergesort(MERGESORT.java:47)
	at java_programs.MERGESORT.mergesort(MERGESORT.java:47)
	at java_programs.MERGESORT.mergesort(MERGESORT.java:47)
	at java_programs.MERGESORT.mergesort(MERGESORT.java:47)
	at java_programs.MERGESORT.mergesort(MERGESORT.java:47)
	at java_programs.MERGESORT.mergesort(MERGESORT.java:47)
	at java_programs.MERGESORT.mergesort(MERGESORT.java:47)
	at java_programs.MERGESORT.mergesort(MERGESORT.java:47)
	at java_programs.MERGESORT.mergesort(MERGESORT.java:47)
	at java_programs.MERGESORT.mergesort(MERGESORT.java:47)
	at java_programs.MERGESORT.mergesort(MERGESORT.java:47)
	at java_programs.MERGESORT.mergesort(MERGESORT.java:47)
	at java_programs.MERGESORT.mergesort(MERGESORT.java:47)
	at java_programs.MERGESORT.mergesort(MERGESORT.java:47)
	at java_programs.MERGESORT.mergesort(MERGESORT.java:47)
	at java_programs.MERGESORT.mergesort(MERGESORT.java:47)
	at java_programs.MERGESORT.mergesort(MERGESORT.java:47)
	at java_programs.MERGESORT.mergesort(MERGESORT.java:47)
	at java_programs.MERGESORT.mergesort(MERGESORT.java:47)
	at java_programs.MERGESORT.mergesort(MERGESORT.java:47)
	at java_programs.MERGESORT.mergesort(MERGESORT.java:47)
	at java_programs.MERGESORT.mergesort(MERGESORT.java:47)
	at java_programs.MERGESORT.mergesort(MERGESORT.java:47)
	at java_programs.MERGESORT.mergesort(MERGESORT.java:47)
	at java_programs.MERGESORT.mergesort(MERGESORT.java:47)
	at java_programs.MERGESORT.mergesort(MERGESORT.java:47)
	at java_programs.MERGESORT.mergesort(MERGESORT.java:47)
	at java_programs.MERGESORT.mergesort(MERGESORT.java:47)
	at java_programs.MERGESORT.mergesort(MERGESORT.java:47)
	at java_programs.MERGESORT.mergesort(MERGESORT.java:47)
	at java_programs.MERGESORT.mergesort(MERGESORT.java:47)
	at java_programs.MERGESORT.mergesort(MERGESORT.java:47)
	at java_programs.MERGESORT.mergesort(MERGESORT.java:47)
	at java_programs.MERGESORT.mergesort(MERGESORT.java:47)
	at java_programs.MERGESORT.mergesort(MERGESORT.java:47)
	at java_programs.MERGESORT.mergesort(MERGESORT.java:47)
	at java_programs.MERGESORT.mergesort(MERGESORT.java:47)
	at java_programs.MERGESORT.mergesort(MERGESORT.java:47)
	at java_programs.MERGESORT.mergesort(MERGESORT.java:47)
	at java_programs.MERGESORT.mergesort(MERGESORT.java:47)
	at java_programs.MERGESORT.mergesort(MERGESORT.java:47)
	at java_programs.MERGESORT.mergesort(MERGESORT.java:47)
	at java_programs.MERGESORT.mergesort(MERGESORT.java:47)
	at java_programs.MERGESORT.mergesort(MERGESORT.java:47)
	at java_programs.MERGESORT.mergesort(MERGESORT.java:47)
	at java_programs.MERGESORT.mergesort(MERGESORT.java:47)
	at java_programs.MERGESORT.mergesort(MERGESORT.java:47)
	at java_programs.MERGESORT.mergesort(MERGESORT.java:47)
	at java_programs.MERGESORT.mergesort(MERGESORT.java:47)
	at java_programs.MERGESORT.mergesort(MERGESORT.java:47)
	at java_programs.MERGESORT.mergesort(MERGESORT.java:47)
	at java_programs.MERGESORT.mergesort(MERGESORT.java:47)
	at java_programs.MERGESORT.mergesort(MERGESORT.java:47)
	at java_programs.MERGESORT.mergesort(MERGESORT.java:47)
	at java_programs.MERGESORT.mergesort(MERGESORT.java:47)
	at java_programs.MERGESORT.mergesort(MERGESORT.java:47)
	at java_programs.MERGESORT.mergesort(MERGESORT.java:47)
	at java_programs.MERGESORT.mergesort(MERGESORT.java:47)
	at java_programs.MERGESORT.mergesort(MERGESORT.java:47)
	at java_programs.MERGESORT.mergesort(MERGESORT.java:47)
	at java_programs.MERGESORT.mergesort(MERGESORT.java:47)
	at java_programs.MERGESORT.mergesort(MERGESORT.java:47)
	at java_programs.MERGESORT.mergesort(MERGESORT.java:47)
	at java_programs.MERGESORT.mergesort(MERGESORT.java:47)
	at java_programs.MERGESORT.mergesort(MERGESORT.java:47)
	at java_programs.MERGESORT.mergesort(MERGESORT.java:47)
	at java_programs.MERGESORT.mergesort(MERGESORT.java:47)
	at java_programs.MERGESORT.mergesort(MERGESORT.java:47)
	at java_programs.MERGESORT.mergesort(MERGESORT.java:47)
	at java_programs.MERGESORT.mergesort(MERGESORT.java:47)
	at java_programs.MERGESORT.mergesort(MERGESORT.java:47)
	at java_programs.MERGESORT.mergesort(MERGESORT.java:47)
	at java_programs.MERGESORT.mergesort(MERGESORT.java:47)
	at java_programs.MERGESORT.mergesort(MERGESORT.java:47)
	at java_programs.MERGESORT.mergesort(MERGESORT.java:47)
	at java_programs.MERGESORT.mergesort(MERGESORT.java:47)
	at java_programs.MERGESORT.mergesort(MERGESORT.java:47)
	at java_programs.MERGESORT.mergesort(MERGESORT.java:47)
	at java_programs.MERGESORT.mergesort(MERGESORT.java:47)
	at java_programs.MERGESORT.mergesort(MERGESORT.java:47)
	at java_programs.MERGESORT.mergesort(MERGESORT.java:47)
	at java_programs.MERGESORT.mergesort(MERGESORT.java:47)
	at java_programs.MERGESORT.mergesort(MERGESORT.java:47)
	at java_programs.MERGESORT.mergesort(MERGESORT.java:47)
	at java_programs.MERGESORT.mergesort(MERGESORT.java:47)
	at java_programs.MERGESORT.mergesort(MERGESORT.java:47)
	at java_programs.MERGESORT.mergesort(MERGESORT.java:47)
	at java_programs.MERGESORT.mergesort(MERGESORT.java:47)
	at java_programs.MERGESORT.mergesort(MERGESORT.java:47)
	at java_programs.MERGESORT.mergesort(MERGESORT.java:47)
	at java_programs.MERGESORT.mergesort(MERGESORT.java:47)
	at java_programs.MERGESORT.mergesort(MERGESORT.java:47)
	at java_programs.MERGESORT.mergesort(MERGESORT.java:47)
	at java_programs.MERGESORT.mergesort(MERGESORT.java:47)
	at java_programs.MERGESORT.mergesort(MERGESORT.java:47)
	at java_programs.MERGESORT.mergesort(MERGESORT.java:47)
	at java_programs.MERGESORT.mergesort(MERGESORT.java:47)
	at java_programs.MERGESORT.mergesort(MERGESORT.java:47)
	at java_programs.MERGESORT.mergesort(MERGESORT.java:47)
	at java_programs.MERGESORT.mergesort(MERGESORT.java:47)
	at java_programs.MERGESORT.mergesort(MERGESORT.java:47)
	at java_programs.MERGESORT.mergesort(MERGESORT.java:47)
	at java_programs.MERGESORT.mergesort(MERGESORT.java:47)
	at java_programs.MERGESORT.mergesort(MERGESORT.java:47)
	at java_programs.MERGESORT.mergesort(MERGESORT.java:47)
	at java_programs.MERGESORT.mergesort(MERGESORT.java:47)
	at java_programs.MERGESORT.mergesort(MERGESORT.java:47)
	at java_programs.MERGESORT.mergesort(MERGESORT.java:47)
	at java_programs.MERGESORT.mergesort(MERGESORT.java:47)
	at java_programs.MERGESORT.mergesort(MERGESORT.java:47)
	at java_programs.MERGESORT.mergesort(MERGESORT.java:47)
	at java_programs.MERGESORT.mergesort(MERGESORT.java:47)
	at java_programs.MERGESORT.mergesort(MERGESORT.java:47)
	at java_programs.MERGESORT.mergesort(MERGESORT.java:47)
	at java_programs.MERGESORT.mergesort(MERGESORT.java:47)
	at java_programs.MERGESORT.mergesort(MERGESORT.java:47)
	at java_programs.MERGESORT.mergesort(MERGESORT.java:47)
	at java_programs.MERGESORT.mergesort(MERGESORT.java:47)
	at java_programs.MERGESORT.mergesort(MERGESORT.java:47)
	at java_programs.MERGESORT.mergesort(MERGESORT.java:47)
	at java_programs.MERGESORT.mergesort(MERGESORT.java:47)
	at java_programs.MERGESORT.mergesort(MERGESORT.java:47)
	at java_programs.MERGESORT.mergesort(MERGESORT.java:47)
	at java_programs.MERGESORT.mergesort(MERGESORT.java:47)
	at java_programs.MERGESORT.mergesort(MERGESORT.java:47)
	at java_programs.MERGESORT.mergesort(MERGESORT.java:47)
	at java_programs.MERGESORT.mergesort(MERGESORT.java:47)
	at java_programs.MERGESORT.mergesort(MERGESORT.java:47)
	at java_programs.MERGESORT.mergesort(MERGESORT.java:47)
	at java_programs.MERGESORT.mergesort(MERGESORT.java:47)
	at java_programs.MERGESORT.mergesort(MERGESORT.java:47)
	at java_programs.MERGESORT.mergesort(MERGESORT.java:47)
	at java_programs.MERGESORT.mergesort(MERGESORT.java:47)
	at java_programs.MERGESORT.mergesort(MERGESORT.java:47)
	at java_programs.MERGESORT.mergesort(MERGESORT.java:47)
	at java_programs.MERGESORT.mergesort(MERGESORT.java:47)
	at java_programs.MERGESORT.mergesort(MERGESORT.java:47)
	at java_programs.MERGESORT.mergesort(MERGESORT.java:47)
	at java_programs.MERGESORT.mergesort(MERGESORT.java:47)
	at java_programs.MERGESORT.mergesort(MERGESORT.java:47)
	at java_programs.MERGESORT.mergesort(MERGESORT.java:47)
	at java_programs.MERGESORT.mergesort(MERGESORT.java:47)
	at java_programs.MERGESORT.mergesort(MERGESORT.java:47)
	at java_programs.MERGESORT.mergesort(MERGESORT.java:47)
	at java_programs.MERGESORT.mergesort(MERGESORT.java:47)
	at java_programs.MERGESORT.mergesort(MERGESORT.java:47)
	at java_programs.MERGESORT.mergesort(MERGESORT.java:47)
	at java_programs.MERGESORT.mergesort(MERGESORT.java:47)
	at java_programs.MERGESORT.mergesort(MERGESORT.java:47)
	at java_programs.MERGESORT.mergesort(MERGESORT.java:47)
	at java_programs.MERGESORT.mergesort(MERGESORT.java:47)
	at java_programs.MERGESORT.mergesort(MERGESORT.java:47)
	at java_programs.MERGESORT.mergesort(MERGESORT.java:47)
	at java_programs.MERGESORT.mergesort(MERGESORT.java:47)
	at java_programs.MERGESORT.mergesort(MERGESORT.java:47)
	at java_programs.MERGESORT.mergesort(MERGESORT.java:47)
	at java_programs.MERGESORT.mergesort(MERGESORT.java:47)
	at java_programs.MERGESORT.mergesort(MERGESORT.java:47)
	at java_programs.MERGESORT.mergesort(MERGESORT.java:47)
	at java_programs.MERGESORT.mergesort(MERGESORT.java:47)
	at java_programs.MERGESORT.mergesort(MERGESORT.java:47)
	at java_programs.MERGESORT.mergesort(MERGESORT.java:47)
	at java_programs.MERGESORT.mergesort(MERGESORT.java:47)
	at java_programs.MERGESORT.mergesort(MERGESORT.java:47)
	at java_programs.MERGESORT.mergesort(MERGESORT.java:47)
	at java_programs.MERGESORT.mergesort(MERGESORT.java:47)
	at java_programs.MERGESORT.mergesort(MERGESORT.java:47)
	at java_programs.MERGESORT.mergesort(MERGESORT.java:47)
	at java_programs.MERGESORT.mergesort(MERGESORT.java:47)
	at java_programs.MERGESORT.mergesort(MERGESORT.java:47)
	at java_programs.MERGESORT.mergesort(MERGESORT.java:47)
	at java_programs.MERGESORT.mergesort(MERGESORT.java:47)
	at java_programs.MERGESORT.mergesort(MERGESORT.java:47)
	at java_programs.MERGESORT.mergesort(MERGESORT.java:47)
	at java_programs.MERGESORT.mergesort(MERGESORT.java:47)
	at java_programs.MERGESORT.mergesort(MERGESORT.java:47)
	at java_programs.MERGESORT.mergesort(MERGESORT.java:47)
	at java_programs.MERGESORT.mergesort(MERGESORT.java:47)
	at java_programs.MERGESORT.mergesort(MERGESORT.java:47)
	at java_programs.MERGESORT.mergesort(MERGESORT.java:47)
	at java_programs.MERGESORT.mergesort(MERGESORT.java:47)
	at java_programs.MERGESORT.mergesort(MERGESORT.java:47)
	at java_programs.MERGESORT.mergesort(MERGESORT.java:47)
	at java_programs.MERGESORT.mergesort(MERGESORT.java:47)
	at java_programs.MERGESORT.mergesort(MERGESORT.java:47)
	at java_programs.MERGESORT.mergesort(MERGESORT.java:47)
	at java_programs.MERGESORT.mergesort(MERGESORT.java:47)
	at java_programs.MERGESORT.mergesort(MERGESORT.java:47)
	at java_programs.MERGESORT.mergesort(MERGESORT.java:47)
	at java_programs.MERGESORT.mergesort(MERGESORT.java:47)
	at java_programs.MERGESORT.mergesort(MERGESORT.java:47)
	at java_programs.MERGESORT.mergesort(MERGESORT.java:47)
	at java_programs.MERGESORT.mergesort(MERGESORT.java:47)
	at java_programs.MERGESORT.mergesort(MERGESORT.java:47)
	at java_programs.MERGESORT.mergesort(MERGESORT.java:47)
	at java_programs.MERGESORT.mergesort(MERGESORT.java:47)
	at java_programs.MERGESORT.mergesort(MERGESORT.java:47)
	at java_programs.MERGESORT.mergesort(MERGESORT.java:47)
	at java_programs.MERGESORT.mergesort(MERGESORT.java:47)
	at java_programs.MERGESORT.mergesort(MERGESORT.java:47)
	at java_programs.MERGESORT.mergesort(MERGESORT.java:47)
	at java_programs.MERGESORT.mergesort(MERGESORT.java:47)
	at java_programs.MERGESORT.mergesort(MERGESORT.java:47)
	at java_programs.MERGESORT.mergesort(MERGESORT.java:47)
	at java_programs.MERGESORT.mergesort(MERGESORT.java:47)
	at java_programs.MERGESORT.mergesort(MERGESORT.java:47)
	at java_programs.MERGESORT.mergesort(MERGESORT.java:47)
	at java_programs.MERGESORT.mergesort(MERGESORT.java:47)
	at java_programs.MERGESORT.mergesort(MERGESORT.java:47)
	at java_programs.MERGESORT.mergesort(MERGESORT.java:47)
	at java_programs.MERGESORT.mergesort(MERGESORT.java:47)
	at java_programs.MERGESORT.mergesort(MERGESORT.java:47)
	at java_programs.MERGESORT.mergesort(MERGESORT.java:47)
	at java_programs.MERGESORT.mergesort(MERGESORT.java:47)
	at java_programs.MERGESORT.mergesort(MERGESORT.java:47)
	at java_programs.MERGESORT.mergesort(MERGESORT.java:47)
	at java_programs.MERGESORT.mergesort(MERGESORT.java:47)
	at java_programs.MERGESORT.mergesort(MERGESORT.java:47)
	at java_programs.MERGESORT.mergesort(MERGESORT.java:47)
	at java_programs.MERGESORT.mergesort(MERGESORT.java:47)
	at java_programs.MERGESORT.mergesort(MERGESORT.java:47)
	at java_programs.MERGESORT.mergesort(MERGESORT.java:47)
	at java_programs.MERGESORT.mergesort(MERGESORT.java:47)
	at java_programs.MERGESORT.mergesort(MERGESORT.java:47)
	at java_programs.MERGESORT.mergesort(MERGESORT.java:47)
	at java_programs.MERGESORT.mergesort(MERGESORT.java:47)
	at java_programs.MERGESORT.mergesort(MERGESORT.java:47)
	at java_programs.MERGESORT.mergesort(MERGESORT.java:47)
	at java_programs.MERGESORT.mergesort(MERGESORT.java:47)
	at java_programs.MERGESORT.mergesort(MERGESORT.java:47)
	at java_programs.MERGESORT.mergesort(MERGESORT.java:47)
	at java_programs.MERGESORT.mergesort(MERGESORT.java:47)
	at java_programs.MERGESORT.mergesort(MERGESORT.java:47)
	at java_programs.MERGESORT.mergesort(MERGESORT.java:47)
	at java_programs.MERGESORT.mergesort(MERGESORT.java:47)
	at java_programs.MERGESORT.mergesort(MERGESORT.java:47)
	at java_programs.MERGESORT.mergesort(MERGESORT.java:47)
	at java_programs.MERGESORT.mergesort(MERGESORT.java:47)
	at java_programs.MERGESORT.mergesort(MERGESORT.java:47)
	at java_programs.MERGESORT.mergesort(MERGESORT.java:47)
	at java_programs.MERGESORT.mergesort(MERGESORT.java:47)
	at java_programs.MERGESORT.mergesort(MERGESORT.java:47)
	at java_programs.MERGESORT.mergesort(MERGESORT.java:47)
	at java_programs.MERGESORT.mergesort(MERGESORT.java:47)
	at java_programs.MERGESORT.mergesort(MERGESORT.java:47)
	at java_programs.MERGESORT.mergesort(MERGESORT.java:47)
	at java_programs.MERGESORT.mergesort(MERGESORT.java:47)
	at java_programs.MERGESORT.mergesort(MERGESORT.java:47)
	at java_programs.MERGESORT.mergesort(MERGESORT.java:47)
	at java_programs.MERGESORT.mergesort(MERGESORT.java:47)
	at java_programs.MERGESORT.mergesort(MERGESORT.java:47)
	at java_programs.MERGESORT.mergesort(MERGESORT.java:47)
	at java_programs.MERGESORT.mergesort(MERGESORT.java:47)
	at java_programs.MERGESORT.mergesort(MERGESORT.java:47)
	at java_programs.MERGESORT.mergesort(MERGESORT.java:47)
	at java_programs.MERGESORT.mergesort(MERGESORT.java:47)
	at java_programs.MERGESORT.mergesort(MERGESORT.java:47)
	at java_programs.MERGESORT.mergesort(MERGESORT.java:47)
	at java_programs.MERGESORT.mergesort(MERGESORT.java:47)
	at java_programs.MERGESORT.mergesort(MERGESORT.java:47)
	at java_programs.MERGESORT.mergesort(MERGESORT.java:47)
	at java_programs.MERGESORT.mergesort(MERGESORT.java:47)
	at java_programs.MERGESORT.mergesort(MERGESORT.java:47)
	at java_programs.MERGESORT.mergesort(MERGESORT.java:47)
	at java_programs.MERGESORT.mergesort(MERGESORT.java:47)
	at java_programs.MERGESORT.mergesort(MERGESORT.java:47)
	at java_programs.MERGESORT.mergesort(MERGESORT.java:47)
	at java_programs.MERGESORT.mergesort(MERGESORT.java:47)
	at java_programs.MERGESORT.mergesort(MERGESORT.java:47)
	at java_programs.MERGESORT.mergesort(MERGESORT.java:47)
	at java_programs.MERGESORT.mergesort(MERGESORT.java:47)
	at java_programs.MERGESORT.mergesort(MERGESORT.java:47)
	at java_programs.MERGESORT.mergesort(MERGESORT.java:47)
	at java_programs.MERGESORT.mergesort(MERGESORT.java:47)
	at java_programs.MERGESORT.mergesort(MERGESORT.java:47)
	at java_programs.MERGESORT.mergesort(MERGESORT.java:47)
	at java_programs.MERGESORT.mergesort(MERGESORT.java:47)
	at java_programs.MERGESORT.mergesort(MERGESORT.java:47)
	at java_programs.MERGESORT.mergesort(MERGESORT.java:47)
	at java_programs.MERGESORT.mergesort(MERGESORT.java:47)
	at java_programs.MERGESORT.mergesort(MERGESORT.java:47)
	at java_programs.MERGESORT.mergesort(MERGESORT.java:47)
	at java_programs.MERGESORT.mergesort(MERGESORT.java:47)
	at java_programs.MERGESORT.mergesort(MERGESORT.java:47)
	at java_programs.MERGESORT.mergesort(MERGESORT.java:47)
	at java_programs.MERGESORT.mergesort(MERGESORT.java:47)
	at java_programs.MERGESORT.mergesort(MERGESORT.java:47)
	at java_programs.MERGESORT.mergesort(MERGESORT.java:47)
	at java_programs.MERGESORT.mergesort(MERGESORT.java:47)
	at java_programs.MERGESORT.mergesort(MERGESORT.java:47)
	at java_programs.MERGESORT.mergesort(MERGESORT.java:47)
	at java_programs.MERGESORT.mergesort(MERGESORT.java:47)
	at java_programs.MERGESORT.mergesort(MERGESORT.java:47)
	at java_programs.MERGESORT.mergesort(MERGESORT.java:47)
	at java_programs.MERGESORT.mergesort(MERGESORT.java:47)
	at java_programs.MERGESORT.mergesort(MERGESORT.java:47)
	at java_programs.MERGESORT.mergesort(MERGESORT.java:47)
	at java_programs.MERGESORT.mergesort(MERGESORT.java:47)
	at java_programs.MERGESORT.mergesort(MERGESORT.java:47)
	at java_programs.MERGESORT.mergesort(MERGESORT.java:47)
	at java_programs.MERGESORT.mergesort(MERGESORT.java:47)
	at java_programs.MERGESORT.mergesort(MERGESORT.java:47)
	at java_programs.MERGESORT.mergesort(MERGESORT.java:47)
	at java_programs.MERGESORT.mergesort(MERGESORT.java:47)
	at java_programs.MERGESORT.mergesort(MERGESORT.java:47)
	at java_programs.MERGESORT.mergesort(MERGESORT.java:47)
	at java_programs.MERGESORT.mergesort(MERGESORT.java:47)
	at java_programs.MERGESORT.mergesort(MERGESORT.java:47)
	at java_programs.MERGESORT.mergesort(MERGESORT.java:47)
	at java_programs.MERGESORT.mergesort(MERGESORT.java:47)
	at java_programs.MERGESORT.mergesort(MERGESORT.java:47)
	at java_programs.MERGESORT.mergesort(MERGESORT.java:47)
	at java_programs.MERGESORT.mergesort(MERGESORT.java:47)
	at java_programs.MERGESORT.mergesort(MERGESORT.java:47)
	at java_programs.MERGESORT.mergesort(MERGESORT.java:47)
	at java_programs.MERGESORT.mergesort(MERGESORT.java:47)
	at java_programs.MERGESORT.mergesort(MERGESORT.java:47)
	at java_programs.MERGESORT.mergesort(MERGESORT.java:47)
	at java_programs.MERGESORT.mergesort(MERGESORT.java:47)
	at java_programs.MERGESORT.mergesort(MERGESORT.java:47)
	at java_programs.MERGESORT.mergesort(MERGESORT.java:47)
	at java_programs.MERGESORT.mergesort(MERGESORT.java:47)
	at java_programs.MERGESORT.mergesort(MERGESORT.java:47)
	at java_programs.MERGESORT.mergesort(MERGESORT.java:47)
	at java_programs.MERGESORT.mergesort(MERGESORT.java:47)
	at java_programs.MERGESORT.mergesort(MERGESORT.java:47)
	at java_programs.MERGESORT.mergesort(MERGESORT.java:47)
	at java_programs.MERGESORT.mergesort(MERGESORT.java:47)
	at java_programs.MERGESORT.mergesort(MERGESORT.java:47)
	at java_programs.MERGESORT.mergesort(MERGESORT.java:47)
	at java_programs.MERGESORT.mergesort(MERGESORT.java:47)
	at java_programs.MERGESORT.mergesort(MERGESORT.java:47)
	at java_programs.MERGESORT.mergesort(MERGESORT.java:47)
	at java_programs.MERGESORT.mergesort(MERGESORT.java:47)
	at java_programs.MERGESORT.mergesort(MERGESORT.java:47)
	at java_programs.MERGESORT.mergesort(MERGESORT.java:47)
	at java_programs.MERGESORT.mergesort(MERGESORT.java:47)
	at java_programs.MERGESORT.mergesort(MERGESORT.java:47)
	at java_programs.MERGESORT.mergesort(MERGESORT.java:47)
	at java_programs.MERGESORT.mergesort(MERGESORT.java:47)
	at java_programs.MERGESORT.mergesort(MERGESORT.java:47)
	at java_programs.MERGESORT.mergesort(MERGESORT.java:47)
	at java_programs.MERGESORT.mergesort(MERGESORT.java:47)
	at java_programs.MERGESORT.mergesort(MERGESORT.java:47)
	at java_programs.MERGESORT.mergesort(MERGESORT.java:47)
	at java_programs.MERGESORT.mergesort(MERGESORT.java:47)
	at java_programs.MERGESORT.mergesort(MERGESORT.java:47)
	at java_programs.MERGESORT.mergesort(MERGESORT.java:47)
	at java_programs.MERGESORT.mergesort(MERGESORT.java:47)
	at java_programs.MERGESORT.mergesort(MERGESORT.java:47)
	at java_programs.MERGESORT.mergesort(MERGESORT.java:47)
	at java_programs.MERGESORT.mergesort(MERGESORT.java:47)
	at java_programs.MERGESORT.mergesort(MERGESORT.java:47)
	at java_programs.MERGESORT.mergesort(MERGESORT.java:47)
	at java_programs.MERGESORT.mergesort(MERGESORT.java:47)
	at java_programs.MERGESORT.mergesort(MERGESORT.java:47)
	at java_programs.MERGESORT.mergesort(MERGESORT.java:47)
	at java_programs.MERGESORT.mergesort(MERGESORT.java:47)
	at java_programs.MERGESORT.mergesort(MERGESORT.java:47)
	at java_programs.MERGESORT.mergesort(MERGESORT.java:47)
	at java_programs.MERGESORT.mergesort(MERGESORT.java:47)
	at java_programs.MERGESORT.mergesort(MERGESORT.java:47)
	at java_programs.MERGESORT.mergesort(MERGESORT.java:47)
	at java_programs.MERGESORT.mergesort(MERGESORT.java:47)
	at java_programs.MERGESORT.mergesort(MERGESORT.java:47)
	at java_programs.MERGESORT.mergesort(MERGESORT.java:47)
	at java_programs.MERGESORT.mergesort(MERGESORT.java:47)
	at java_programs.MERGESORT.mergesort(MERGESORT.java:47)
	at java_programs.MERGESORT.mergesort(MERGESORT.java:47)
	at java_programs.MERGESORT.mergesort(MERGESORT.java:47)
	at java_programs.MERGESORT.mergesort(MERGESORT.java:47)
	at java_programs.MERGESORT.mergesort(MERGESORT.java:47)
	at java_programs.MERGESORT.mergesort(MERGESORT.java:47)
	at java_programs.MERGESORT.mergesort(MERGESORT.java:47)
	at java_programs.MERGESORT.mergesort(MERGESORT.java:47)
	at java_programs.MERGESORT.mergesort(MERGESORT.java:47)
	at java_programs.MERGESORT.mergesort(MERGESORT.java:47)
	at java_programs.MERGESORT.mergesort(MERGESORT.java:47)
	at java_programs.MERGESORT.mergesort(MERGESORT.java:47)
	at java_programs.MERGESORT.mergesort(MERGESORT.java:47)
	at java_programs.MERGESORT.mergesort(MERGESORT.java:47)
	at java_programs.MERGESORT.mergesort(MERGESORT.java:47)
	at java_programs.MERGESORT.mergesort(MERGESORT.java:47)
	at java_programs.MERGESORT.mergesort(MERGESORT.java:47)
	at java_programs.MERGESORT.mergesort(MERGESORT.java:47)
	at java_programs.MERGESORT.mergesort(MERGESORT.java:47)
	at java_programs.MERGESORT.mergesort(MERGESORT.java:47)
	at java_programs.MERGESORT.mergesort(MERGESORT.java:47)
	at java_programs.MERGESORT.mergesort(MERGESORT.java:47)
	at java_programs.MERGESORT.mergesort(MERGESORT.java:47)
	at java_programs.MERGESORT.mergesort(MERGESORT.java:47)
	at java_programs.MERGESORT.mergesort(MERGESORT.java:47)
	at java_programs.MERGESORT.mergesort(MERGESORT.java:47)
	at java_programs.MERGESORT.mergesort(MERGESORT.java:47)
	at java_programs.MERGESORT.mergesort(MERGESORT.java:47)
	at java_programs.MERGESORT.mergesort(MERGESORT.java:47)
	at java_programs.MERGESORT.mergesort(MERGESORT.java:47)
	at java_programs.MERGESORT.mergesort(MERGESORT.java:47)
	at java_programs.MERGESORT.mergesort(MERGESORT.java:47)
	at java_programs.MERGESORT.mergesort(MERGESORT.java:47)
	at java_programs.MERGESORT.mergesort(MERGESORT.java:47)
	at java_programs.MERGESORT.mergesort(MERGESORT.java:47)
	at java_programs.MERGESORT.mergesort(MERGESORT.java:47)
	at java_programs.MERGESORT.mergesort(MERGESORT.java:47)
	at java_programs.MERGESORT.mergesort(MERGESORT.java:47)
	at java_programs.MERGESORT.mergesort(MERGESORT.java:47)
	at java_programs.MERGESORT.mergesort(MERGESORT.java:47)
	at java_programs.MERGESORT.mergesort(MERGESORT.java:47)
	at java_programs.MERGESORT.mergesort(MERGESORT.java:47)
	at java_programs.MERGESORT.mergesort(MERGESORT.java:47)
	at java_programs.MERGESORT.mergesort(MERGESORT.java:47)
	at java_programs.MERGESORT.mergesort(MERGESORT.java:47)
	at java_programs.MERGESORT.mergesort(MERGESORT.java:47)
	at java_programs.MERGESORT.mergesort(MERGESORT.java:47)
	at java_programs.MERGESORT.mergesort(MERGESORT.java:47)
	at java_programs.MERGESORT.mergesort(MERGESORT.java:47)
	at java_programs.MERGESORT.mergesort(MERGESORT.java:47)
	at java_programs.MERGESORT.mergesort(MERGESORT.java:47)
	at java_programs.MERGESORT.mergesort(MERGESORT.java:47)
	at java_programs.MERGESORT.mergesort(MERGESORT.java:47)
	at java_programs.MERGESORT.mergesort(MERGESORT.java:47)
	at java_programs.MERGESORT.mergesort(MERGESORT.java:47)
	at java_programs.MERGESORT.mergesort(MERGESORT.java:47)
	at java_programs.MERGESORT.mergesort(MERGESORT.java:47)
	at java_programs.MERGESORT.mergesort(MERGESORT.java:47)
	at java_programs.MERGESORT.mergesort(MERGESORT.java:47)
	at java_programs.MERGESORT.mergesort(MERGESORT.java:47)
	at java_programs.MERGESORT.mergesort(MERGESORT.java:47)
	at java_programs.MERGESORT.mergesort(MERGESORT.java:47)
	at java_programs.MERGESORT.mergesort(MERGESORT.java:47)
	at java_programs.MERGESORT.mergesort(MERGESORT.java:47)
	at java_programs.MERGESORT.mergesort(MERGESORT.java:47)
	at java_programs.MERGESORT.mergesort(MERGESORT.java:47)
	at java_programs.MERGESORT.mergesort(MERGESORT.java:47)
	at java_programs.MERGESORT.mergesort(MERGESORT.java:47)
	at java_programs.MERGESORT.mergesort(MERGESORT.java:47)
	at java_programs.MERGESORT.mergesort(MERGESORT.java:47)
	at java_programs.MERGESORT.mergesort(MERGESORT.java:47)
	at java_programs.MERGESORT.mergesort(MERGESORT.java:47)
	at java_programs.MERGESORT.mergesort(MERGESORT.java:47)
	at java_programs.MERGESORT.mergesort(MERGESORT.java:47)
	at java_programs.MERGESORT.mergesort(MERGESORT.java:47)
	at java_programs.MERGESORT.mergesort(MERGESORT.java:47)
	at java_programs.MERGESORT.mergesort(MERGESORT.java:47)
	at java_programs.MERGESORT.mergesort(MERGESORT.java:47)
	at java_programs.MERGESORT.mergesort(MERGESORT.java:47)
	at java_programs.MERGESORT.mergesort(MERGESORT.java:47)
	at java_programs.MERGESORT.mergesort(MERGESORT.java:47)
	at java_programs.MERGESORT.mergesort(MERGESORT.java:47)
	at java_programs.MERGESORT.mergesort(MERGESORT.java:47)
	at java_programs.MERGESORT.mergesort(MERGESORT.java:47)
	at java_programs.MERGESORT.mergesort(MERGESORT.java:47)
	at java_programs.MERGESORT.mergesort(MERGESORT.java:47)
	at java_programs.MERGESORT.mergesort(MERGESORT.java:47)
	at java_programs.MERGESORT.mergesort(MERGESORT.java:47)
	at java_programs.MERGESORT.mergesort(MERGESORT.java:47)
	at java_programs.MERGESORT.mergesort(MERGESORT.java:47)
	at java_programs.MERGESORT.mergesort(MERGESORT.java:47)
	at java_programs.MERGESORT.mergesort(MERGESORT.java:47)
	at java_programs.MERGESORT.mergesort(MERGESORT.java:47)
	at java_programs.MERGESORT.mergesort(MERGESORT.java:47)
	at java_programs.MERGESORT.mergesort(MERGESORT.java:47)
	at java_programs.MERGESORT.mergesort(MERGESORT.java:47)
	at java_programs.MERGESORT.mergesort(MERGESORT.java:47)
	at java_programs.MERGESORT.mergesort(MERGESORT.java:47)
	at java_programs.MERGESORT.mergesort(MERGESORT.java:47)
	at java_programs.MERGESORT.mergesort(MERGESORT.java:47)
	at java_programs.MERGESORT.mergesort(MERGESORT.java:47)
	at java_programs.MERGESORT.mergesort(MERGESORT.java:47)
	at java_programs.MERGESORT.mergesort(MERGESORT.java:47)
	at java_programs.MERGESORT.mergesort(MERGESORT.java:47)
	at java_programs.MERGESORT.mergesort(MERGESORT.java:47)
	at java_programs.MERGESORT.mergesort(MERGESORT.java:47)
	at java_programs.MERGESORT.mergesort(MERGESORT.java:47)
	at java_programs.MERGESORT.mergesort(MERGESORT.java:47)
	at java_programs.MERGESORT.mergesort(MERGESORT.java:47)
	at java_programs.MERGESORT.mergesort(MERGESORT.java:47)
	at java_programs.MERGESORT.mergesort(MERGESORT.java:47)
	at java_programs.MERGESORT.mergesort(MERGESORT.java:47)
	at java_programs.MERGESORT.mergesort(MERGESORT.java:47)
	at java_programs.MERGESORT.mergesort(MERGESORT.java:47)
	at java_programs.MERGESORT.mergesort(MERGESORT.java:47)
	at java_programs.MERGESORT.mergesort(MERGESORT.java:47)
	at java_programs.MERGESORT.mergesort(MERGESORT.java:47)
	at java_programs.MERGESORT.mergesort(MERGESORT.java:47)
	at java_programs.MERGESORT.mergesort(MERGESORT.java:47)
	at java_programs.MERGESORT.mergesort(MERGESORT.java:47)
	at java_programs.MERGESORT.mergesort(MERGESORT.java:47)
	at java_programs.MERGESORT.mergesort(MERGESORT.java:47)
	at java_programs.MERGESORT.mergesort(MERGESORT.java:47)
	at java_programs.MERGESORT.mergesort(MERGESORT.java:47)
	at java_programs.MERGESORT.mergesort(MERGESORT.java:47)
	at java_programs.MERGESORT.mergesort(MERGESORT.java:47)
	at java_programs.MERGESORT.mergesort(MERGESORT.java:47)
	at java_programs.MERGESORT.mergesort(MERGESORT.java:47)
	at java_programs.MERGESORT.mergesort(MERGESORT.java:47)
	at java_programs.MERGESORT.mergesort(MERGESORT.java:47)
	at java_programs.MERGESORT.mergesort(MERGESORT.java:47)
	at java_programs.MERGESORT.mergesort(MERGESORT.java:47)
	at java_programs.MERGESORT.mergesort(MERGESORT.java:47)
	at java_programs.MERGESORT.mergesort(MERGESORT.java:47)
	at java_programs.MERGESORT.mergesort(MERGESORT.java:47)
	at java_programs.MERGESORT.mergesort(MERGESORT.java:47)
	at java_programs.MERGESORT.mergesort(MERGESORT.java:47)
	at java_programs.MERGESORT.mergesort(MERGESORT.java:47)
	at java_programs.MERGESORT.mergesort(MERGESORT.java:47)
	at java_programs.MERGESORT.mergesort(MERGESORT.java:47)
	at java_programs.MERGESORT.mergesort(MERGESORT.java:47)
	at java_programs.MERGESORT.mergesort(MERGESORT.java:47)
	at java_programs.MERGESORT.mergesort(MERGESORT.java:47)
	at java_programs.MERGESORT.mergesort(MERGESORT.java:47)
	at java_programs.MERGESORT.mergesort(MERGESORT.java:47)
	at java_programs.MERGESORT.mergesort(MERGESORT.java:47)
	at java_programs.MERGESORT.mergesort(MERGESORT.java:47)
	at java_programs.MERGESORT.mergesort(MERGESORT.java:47)
	at java_programs.MERGESORT.mergesort(MERGESORT.java:47)
	at java_programs.MERGESORT.mergesort(MERGESORT.java:47)
	at java_programs.MERGESORT.mergesort(MERGESORT.java:47)
	at java_programs.MERGESORT.mergesort(MERGESORT.java:47)
	at java_programs.MERGESORT.mergesort(MERGESORT.java:47)
	at java_programs.MERGESORT.mergesort(MERGESORT.java:47)
	at java_programs.MERGESORT.mergesort(MERGESORT.java:47)
	at java_programs.MERGESORT.mergesort(MERGESORT.java:47)
	at java_programs.MERGESORT.mergesort(MERGESORT.java:47)
	at java_programs.MERGESORT.mergesort(MERGESORT.java:47)
	at java_programs.MERGESORT.mergesort(MERGESORT.java:47)
	at java_programs.MERGESORT.mergesort(MERGESORT.java:47)
	at java_programs.MERGESORT.mergesort(MERGESORT.java:47)
	at java_programs.MERGESORT.mergesort(MERGESORT.java:47)
	at java_programs.MERGESORT.mergesort(MERGESORT.java:47)
	at java_programs.MERGESORT.mergesort(MERGESORT.java:47)
	at java_programs.MERGESORT.mergesort(MERGESORT.java:47)
	at java_programs.MERGESORT.mergesort(MERGESORT.java:47)
	at java_programs.MERGESORT.mergesort(MERGESORT.java:47)
	at java_programs.MERGESORT.mergesort(MERGESORT.java:47)
	at java_programs.MERGESORT.mergesort(MERGESORT.java:47)
	at java_programs.MERGESORT.mergesort(MERGESORT.java:47)
	at java_programs.MERGESORT.mergesort(MERGESORT.java:47)
	at java_programs.MERGESORT.mergesort(MERGESORT.java:47)
	at java_programs.MERGESORT.mergesort(MERGESORT.java:47)
	at java_programs.MERGESORT.mergesort(MERGESORT.java:47)
	at java_programs.MERGESORT.mergesort(MERGESORT.java:47)
	at java_programs.MERGESORT.mergesort(MERGESORT.java:47)
	at java_programs.MERGESORT.mergesort(MERGESORT.java:47)
	at java_programs.MERGESORT.mergesort(MERGESORT.java:47)
	at java_programs.MERGESORT.mergesort(MERGESORT.java:47)
	at java_programs.MERGESORT.mergesort(MERGESORT.java:47)
	at java_programs.MERGESORT.mergesort(MERGESORT.java:47)
	at java_programs.MERGESORT.mergesort(MERGESORT.java:47)
	at java_programs.MERGESORT.mergesort(MERGESORT.java:47)
	at java_programs.MERGESORT.mergesort(MERGESORT.java:47)
	at java_programs.MERGESORT.mergesort(MERGESORT.java:47)
	at java_programs.MERGESORT.mergesort(MERGESORT.java:47)
	at java_programs.MERGESORT.mergesort(MERGESORT.java:47)
	at java_programs.MERGESORT.mergesort(MERGESORT.java:47)
	at java_programs.MERGESORT.mergesort(MERGESORT.java:47)
	at java_programs.MERGESORT.mergesort(MERGESORT.java:47)
	at java_programs.MERGESORT.mergesort(MERGESORT.java:47)
	at java_programs.MERGESORT.mergesort(MERGESORT.java:47)
	at java_programs.MERGESORT.mergesort(MERGESORT.java:47)
	at java_programs.MERGESORT.mergesort(MERGESORT.java:47)
	at java_programs.MERGESORT.mergesort(MERGESORT.java:47)
	at java_programs.MERGESORT.mergesort(MERGESORT.java:47)
	at java_programs.MERGESORT.mergesort(MERGESORT.java:47)
	at java_programs.MERGESORT.mergesort(MERGESORT.java:47)
	at java_programs.MERGESORT.mergesort(MERGESORT.java:47)
	at java_programs.MERGESORT.mergesort(MERGESORT.java:47)
	at java_programs.MERGESORT.mergesort(MERGESORT.java:47)
	at java_programs.MERGESORT.mergesort(MERGESORT.java:47)
	at java_programs.MERGESORT.mergesort(MERGESORT.java:47)
	at java_programs.MERGESORT.mergesort(MERGESORT.java:47)
	at java_programs.MERGESORT.mergesort(MERGESORT.java:47)
	at java_programs.MERGESORT.mergesort(MERGESORT.java:47)
	at java_programs.MERGESORT.mergesort(MERGESORT.java:47)
	at java_programs.MERGESORT.mergesort(MERGESORT.java:47)
	at java_programs.MERGESORT.mergesort(MERGESORT.java:47)
	at java_programs.MERGESORT.mergesort(MERGESORT.java:47)
	at java_programs.MERGESORT.mergesort(MERGESORT.java:47)
	at java_programs.MERGESORT.mergesort(MERGESORT.java:47)
	at java_programs.MERGESORT.mergesort(MERGESORT.java:47)
	at java_programs.MERGESORT.mergesort(MERGESORT.java:47)
	at java_programs.MERGESORT.mergesort(MERGESORT.java:47)
	at java_programs.MERGESORT.mergesort(MERGESORT.java:47)
	at java_programs.MERGESORT.mergesort(MERGESORT.java:47)
	at java_programs.MERGESORT.mergesort(MERGESORT.java:47)
	at java_programs.MERGESORT.mergesort(MERGESORT.java:47)
	at java_programs.MERGESORT.mergesort(MERGESORT.java:47)
	at java_programs.MERGESORT.mergesort(MERGESORT.java:47)
	at java_programs.MERGESORT.mergesort(MERGESORT.java:47)
	at java_programs.MERGESORT.mergesort(MERGESORT.java:47)
	at java_programs.MERGESORT.mergesort(MERGESORT.java:47)
	at java_programs.MERGESORT.mergesort(MERGESORT.java:47)
	at java_programs.MERGESORT.mergesort(MERGESORT.java:47)
	at java_programs.MERGESORT.mergesort(MERGESORT.java:47)
	at java_programs.MERGESORT.mergesort(MERGESORT.java:47)
	at java_programs.MERGESORT.mergesort(MERGESORT.java:47)
	at java_programs.MERGESORT.mergesort(MERGESORT.java:47)
	at java_programs.MERGESORT.mergesort(MERGESORT.java:47)
	at java_programs.MERGESORT.mergesort(MERGESORT.java:47)
	at java_programs.MERGESORT.mergesort(MERGESORT.java:47)
	at java_programs.MERGESORT.mergesort(MERGESORT.java:47)
	at java_programs.MERGESORT.mergesort(MERGESORT.java:47)
	at java_programs.MERGESORT.mergesort(MERGESORT.java:47)
	at java_programs.MERGESORT.mergesort(MERGESORT.java:47)
	at java_programs.MERGESORT.mergesort(MERGESORT.java:47)
	at java_programs.MERGESORT.mergesort(MERGESORT.java:47)
	at java_programs.MERGESORT.mergesort(MERGESORT.java:47)
	at java_programs.MERGESORT.mergesort(MERGESORT.java:47)
	at java_programs.MERGESORT.mergesort(MERGESORT.java:47)
	at java_programs.MERGESORT.mergesort(MERGESORT.java:47)
	at java_programs.MERGESORT.mergesort(MERGESORT.java:47)
	at java_programs.MERGESORT.mergesort(MERGESORT.java:47)
	at java_programs.MERGESORT.mergesort(MERGESORT.java:47)
	at java_programs.MERGESORT.mergesort(MERGESORT.java:47)
	at java_programs.MERGESORT.mergesort(MERGESORT.java:47)
	at java_programs.MERGESORT.mergesort(MERGESORT.java:47)
	at java_programs.MERGESORT.mergesort(MERGESORT.java:47)
	at java_programs.MERGESORT.mergesort(MERGESORT.java:47)
	at java_programs.MERGESORT.mergesort(MERGESORT.java:47)
	at java_programs.MERGESORT.mergesort(MERGESORT.java:47)
	at java_programs.MERGESORT.mergesort(MERGESORT.java:47)
	at java_programs.MERGESORT.mergesort(MERGESORT.java:47)
	at java_programs.MERGESORT.mergesort(MERGESORT.java:47)
	at java_programs.MERGESORT.mergesort(MERGESORT.java:47)
	at java_programs.MERGESORT.mergesort(MERGESORT.java:47)
	at java_programs.MERGESORT.mergesort(MERGESORT.java:47)
	at java_programs.MERGESORT.mergesort(MERGESORT.java:47)
	at java_programs.MERGESORT.mergesort(MERGESORT.java:47)
	at java_programs.MERGESORT.mergesort(MERGESORT.java:47)
	at java_programs.MERGESORT.mergesort(MERGESORT.java:47)
	at java_programs.MERGESORT.mergesort(MERGESORT.java:47)
	at java_programs.MERGESORT.mergesort(MERGESORT.java:47)
	at java_programs.MERGESORT.mergesort(MERGESORT.java:47)
	at java_programs.MERGESORT.mergesort(MERGESORT.java:47)
	at java_programs.MERGESORT.mergesort(MERGESORT.java:47)
	at java_programs.MERGESORT.mergesort(MERGESORT.java:47)
	at java_programs.MERGESORT.mergesort(MERGESORT.java:47)
	at java_programs.MERGESORT.mergesort(MERGESORT.java:47)
	at java_programs.MERGESORT.mergesort(MERGESORT.java:47)
	at java_programs.MERGESORT.mergesort(MERGESORT.java:47)
	at java_programs.MERGESORT.mergesort(MERGESORT.java:47)
	at java_programs.MERGESORT.mergesort(MERGESORT.java:47)
	at java_programs.MERGESORT.mergesort(MERGESORT.java:47)
	at java_programs.MERGESORT.mergesort(MERGESORT.java:47)
	at java_programs.MERGESORT.mergesort(MERGESORT.java:47)
	at java_programs.MERGESORT.mergesort(MERGESORT.java:47)
	at java_programs.MERGESORT.mergesort(MERGESORT.java:47)
	at java_programs.MERGESORT.mergesort(MERGESORT.java:47)
	at java_programs.MERGESORT.mergesort(MERGESORT.java:47)
	at java_programs.MERGESORT.mergesort(MERGESORT.java:47)
	at java_programs.MERGESORT.mergesort(MERGESORT.java:47)
	at java_programs.MERGESORT.mergesort(MERGESORT.java:47)
	at java_programs.MERGESORT.mergesort(MERGESORT.java:47)
	at java_programs.MERGESORT.mergesort(MERGESORT.java:47)
	at java_programs.MERGESORT.mergesort(MERGESORT.java:47)
	at java_programs.MERGESORT.mergesort(MERGESORT.java:47)
	at java_programs.MERGESORT.mergesort(MERGESORT.java:47)
	at java_programs.MERGESORT.mergesort(MERGESORT.java:47)
	at java_programs.MERGESORT.mergesort(MERGESORT.java:47)
	at java_programs.MERGESORT.mergesort(MERGESORT.java:47)
	at java_programs.MERGESORT.mergesort(MERGESORT.java:47)
	at java_programs.MERGESORT.mergesort(MERGESORT.java:47)
	at java_programs.MERGESORT.mergesort(MERGESORT.java:47)
	at java_programs.MERGESORT.mergesort(MERGESORT.java:47)
	at java_programs.MERGESORT.mergesort(MERGESORT.java:47)
	at java_programs.MERGESORT.mergesort(MERGESORT.java:47)
	at java_programs.MERGESORT.mergesort(MERGESORT.java:47)
	at java_programs.MERGESORT.mergesort(MERGESORT.java:47)
	at java_programs.MERGESORT.mergesort(MERGESORT.java:47)
	at java_programs.MERGESORT.mergesort(MERGESORT.java:47)
	at java_programs.MERGESORT.mergesort(MERGESORT.java:47)
	at java_programs.MERGESORT.mergesort(MERGESORT.java:47)
	at java_programs.MERGESORT.mergesort(MERGESORT.java:47)
	at java_programs.MERGESORT.mergesort(MERGESORT.java:47)
	at java_programs.MERGESORT.mergesort(MERGESORT.java:47)
	at java_programs.MERGESORT.mergesort(MERGESORT.java:47)
	at java_programs.MERGESORT.mergesort(MERGESORT.java:47)
	at java_programs.MERGESORT.mergesort(MERGESORT.java:47)
	at java_programs.MERGESORT.mergesort(MERGESORT.java:47)
	at java_programs.MERGESORT.mergesort(MERGESORT.java:47)
	at java_programs.MERGESORT.mergesort(MERGESORT.java:47)
	at java_programs.MERGESORT.mergesort(MERGESORT.java:47)
	at java_programs.MERGESORT.mergesort(MERGESORT.java:47)
	at java_programs.MERGESORT.mergesort(MERGESORT.java:47)
	at java_programs.MERGESORT.mergesort(MERGESORT.java:47)
	at java_programs.MERGESORT.mergesort(MERGESORT.java:47)
	at java_programs.MERGESORT.mergesort(MERGESORT.java:47)
	at java_programs.MERGESORT.mergesort(MERGESORT.java:47)
	at java_programs.MERGESORT.mergesort(MERGESORT.java:47)
	at java_programs.MERGESORT.mergesort(MERGESORT.java:47)
	at java_programs.MERGESORT.mergesort(MERGESORT.java:47)
	at java_programs.MERGESORT.mergesort(MERGESORT.java:47)
	at java_programs.MERGESORT.mergesort(MERGESORT.java:47)
	at java_programs.MERGESORT.mergesort(MERGESORT.java:47)
	at java_programs.MERGESORT.mergesort(MERGESORT.java:47)
	at java_programs.MERGESORT.mergesort(MERGESORT.java:47)
	at java_programs.MERGESORT.mergesort(MERGESORT.java:47)
	at java_programs.MERGESORT.mergesort(MERGESORT.java:47)
	at java_programs.MERGESORT.mergesort(MERGESORT.java:47)
	at java_programs.MERGESORT.mergesort(MERGESORT.java:47)
	at java_programs.MERGESORT.mergesort(MERGESORT.java:47)
	at java_programs.MERGESORT.mergesort(MERGESORT.java:47)
	at java_programs.MERGESORT.mergesort(MERGESORT.java:47)
	at java_programs.MERGESORT.mergesort(MERGESORT.java:47)
	at java_programs.MERGESORT.mergesort(MERGESORT.java:47)
	at java_programs.MERGESORT.mergesort(MERGESORT.java:47)
	at java_programs.MERGESORT.mergesort(MERGESORT.java:47)
	at java_programs.MERGESORT.mergesort(MERGESORT.java:47)
	at java_programs.MERGESORT.mergesort(MERGESORT.java:47)
	at java_programs.MERGESORT.mergesort(MERGESORT.java:47)
	at java_programs.MERGESORT.mergesort(MERGESORT.java:47)
	at java_programs.MERGESORT.mergesort(MERGESORT.java:47)
	at java_programs.MERGESORT.mergesort(MERGESORT.java:47)
	at java_programs.MERGESORT.mergesort(MERGESORT.java:47)
	at java_programs.MERGESORT.mergesort(MERGESORT.java:47)
	at java_programs.MERGESORT.mergesort(MERGESORT.java:47)
	at java_programs.MERGESORT.mergesort(MERGESORT.java:47)
	at java_programs.MERGESORT.mergesort(MERGESORT.java:47)
	at java_programs.MERGESORT.mergesort(MERGESORT.java:47)
	at java_programs.MERGESORT.mergesort(MERGESORT.java:47)
	at java_programs.MERGESORT.mergesort(MERGESORT.java:47)
	at java_programs.MERGESORT.mergesort(MERGESORT.java:47)
	at java_programs.MERGESORT.mergesort(MERGESORT.java:47)
	at java_programs.MERGESORT.mergesort(MERGESORT.java:47)
	at java_programs.MERGESORT.mergesort(MERGESORT.java:47)
	at java_programs.MERGESORT.mergesort(MERGESORT.java:47)
	at java_programs.MERGESORT.mergesort(MERGESORT.java:47)
	at java_programs.MERGESORT.mergesort(MERGESORT.java:47)
	at java_programs.MERGESORT.mergesort(MERGESORT.java:47)
	at java_programs.MERGESORT.mergesort(MERGESORT.java:47)
	at java_programs.MERGESORT.mergesort(MERGESORT.java:47)
	at java_programs.MERGESORT.mergesort(MERGESORT.java:47)
	at java_programs.MERGESORT.mergesort(MERGESORT.java:47)
	at java_programs.MERGESORT.mergesort(MERGESORT.java:47)
	at java_programs.MERGESORT.mergesort(MERGESORT.java:47)
	at java_programs.MERGESORT.mergesort(MERGESORT.java:47)
	at java_programs.MERGESORT.mergesort(MERGESORT.java:47)
	at java_programs.MERGESORT.mergesort(MERGESORT.java:47)
	at java_programs.MERGESORT.mergesort(MERGESORT.java:47)
	at java_programs.MERGESORT.mergesort(MERGESORT.java:47)
	at java_programs.MERGESORT.mergesort(MERGESORT.java:47)
	at java_programs.MERGESORT.mergesort(MERGESORT.java:47)
	at java_programs.MERGESORT.mergesort(MERGESORT.java:47)
	at java_programs.MERGESORT.mergesort(MERGESORT.java:47)
	at java_programs.MERGESORT.mergesort(MERGESORT.java:47)
	at java_programs.MERGESORT.mergesort(MERGESORT.java:47)
	at java_programs.MERGESORT.mergesort(MERGESORT.java:47)
	at java_programs.MERGESORT.mergesort(MERGESORT.java:47)
	at java_programs.MERGESORT.mergesort(MERGESORT.java:47)
	at java_programs.MERGESORT.mergesort(MERGESORT.java:47)
	at java_programs.MERGESORT.mergesort(MERGESORT.java:47)
	at java_programs.MERGESORT.mergesort(MERGESORT.java:47)
	at java_programs.MERGESORT.mergesort(MERGESORT.java:47)
	at java_programs.MERGESORT.mergesort(MERGESORT.java:47)
	at java_programs.MERGESORT.mergesort(MERGESORT.java:47)
	at java_programs.MERGESORT.mergesort(MERGESORT.java:47)
	at java_programs.MERGESORT.mergesort(MERGESORT.java:47)
	at java_programs.MERGESORT.mergesort(MERGESORT.java:47)
	at java_programs.MERGESORT.mergesort(MERGESORT.java:47)
	at java_programs.MERGESORT.mergesort(MERGESORT.java:47)
	at java_programs.MERGESORT.mergesort(MERGESORT.java:47)
	at java_programs.MERGESORT.mergesort(MERGESORT.java:47)
	at java_programs.MERGESORT.mergesort(MERGESORT.java:47)
	at java_programs.MERGESORT.mergesort(MERGESORT.java:47)
	at java_programs.MERGESORT.mergesort(MERGESORT.java:47)
	at java_programs.MERGESORT.mergesort(MERGESORT.java:47)
	at java_programs.MERGESORT.mergesort(MERGESORT.java:47)
	at java_programs.MERGESORT.mergesort(MERGESORT.java:47)
	at java_programs.MERGESORT.mergesort(MERGESORT.java:47)
	at java_programs.MERGESORT.mergesort(MERGESORT.java:47)
</failure>
  </testcase>
  <testcase name="test_11()" classname="test.java.MERGESORT_TEST" time="0.004">
    <failure message="java.lang.StackOverflowError" type="java.lang.StackOverflowError">java.lang.StackOverflowError
	at java.base/java.util.Arrays.copyOfRange(Arrays.java:3742)
	at java.base/java.util.ArrayList$SubList.toArray(ArrayList.java:1228)
	at java.base/java.util.ArrayList.addAll(ArrayList.java:670)
	at java_programs.MERGESORT.mergesort(MERGESORT.java:43)
	at java_programs.MERGESORT.mergesort(MERGESORT.java:47)
	at java_programs.MERGESORT.mergesort(MERGESORT.java:47)
	at java_programs.MERGESORT.mergesort(MERGESORT.java:47)
	at java_programs.MERGESORT.mergesort(MERGESORT.java:47)
	at java_programs.MERGESORT.mergesort(MERGESORT.java:47)
	at java_programs.MERGESORT.mergesort(MERGESORT.java:47)
	at java_programs.MERGESORT.mergesort(MERGESORT.java:47)
	at java_programs.MERGESORT.mergesort(MERGESORT.java:47)
	at java_programs.MERGESORT.mergesort(MERGESORT.java:47)
	at java_programs.MERGESORT.mergesort(MERGESORT.java:47)
	at java_programs.MERGESORT.mergesort(MERGESORT.java:47)
	at java_programs.MERGESORT.mergesort(MERGESORT.java:47)
	at java_programs.MERGESORT.mergesort(MERGESORT.java:47)
	at java_programs.MERGESORT.mergesort(MERGESORT.java:47)
	at java_programs.MERGESORT.mergesort(MERGESORT.java:47)
	at java_programs.MERGESORT.mergesort(MERGESORT.java:47)
	at java_programs.MERGESORT.mergesort(MERGESORT.java:47)
	at java_programs.MERGESORT.mergesort(MERGESORT.java:47)
	at java_programs.MERGESORT.mergesort(MERGESORT.java:47)
	at java_programs.MERGESORT.mergesort(MERGESORT.java:47)
	at java_programs.MERGESORT.mergesort(MERGESORT.java:47)
	at java_programs.MERGESORT.mergesort(MERGESORT.java:47)
	at java_programs.MERGESORT.mergesort(MERGESORT.java:47)
	at java_programs.MERGESORT.mergesort(MERGESORT.java:47)
	at java_programs.MERGESORT.mergesort(MERGESORT.java:47)
	at java_programs.MERGESORT.mergesort(MERGESORT.java:47)
	at java_programs.MERGESORT.mergesort(MERGESORT.java:47)
	at java_programs.MERGESORT.mergesort(MERGESORT.java:47)
	at java_programs.MERGESORT.mergesort(MERGESORT.java:47)
	at java_programs.MERGESORT.mergesort(MERGESORT.java:47)
	at java_programs.MERGESORT.mergesort(MERGESORT.java:47)
	at java_programs.MERGESORT.mergesort(MERGESORT.java:47)
	at java_programs.MERGESORT.mergesort(MERGESORT.java:47)
	at java_programs.MERGESORT.mergesort(MERGESORT.java:47)
	at java_programs.MERGESORT.mergesort(MERGESORT.java:47)
	at java_programs.MERGESORT.mergesort(MERGESORT.java:47)
	at java_programs.MERGESORT.mergesort(MERGESORT.java:47)
	at java_programs.MERGESORT.mergesort(MERGESORT.java:47)
	at java_programs.MERGESORT.mergesort(MERGESORT.java:47)
	at java_programs.MERGESORT.mergesort(MERGESORT.java:47)
	at java_programs.MERGESORT.mergesort(MERGESORT.java:47)
	at java_programs.MERGESORT.mergesort(MERGESORT.java:47)
	at java_programs.MERGESORT.mergesort(MERGESORT.java:47)
	at java_programs.MERGESORT.mergesort(MERGESORT.java:47)
	at java_programs.MERGESORT.mergesort(MERGESORT.java:47)
	at java_programs.MERGESORT.mergesort(MERGESORT.java:47)
	at java_programs.MERGESORT.mergesort(MERGESORT.java:47)
	at java_programs.MERGESORT.mergesort(MERGESORT.java:47)
	at java_programs.MERGESORT.mergesort(MERGESORT.java:47)
	at java_programs.MERGESORT.mergesort(MERGESORT.java:47)
	at java_programs.MERGESORT.mergesort(MERGESORT.java:47)
	at java_programs.MERGESORT.mergesort(MERGESORT.java:47)
	at java_programs.MERGESORT.mergesort(MERGESORT.java:47)
	at java_programs.MERGESORT.mergesort(MERGESORT.java:47)
	at java_programs.MERGESORT.mergesort(MERGESORT.java:47)
	at java_programs.MERGESORT.mergesort(MERGESORT.java:47)
	at java_programs.MERGESORT.mergesort(MERGESORT.java:47)
	at java_programs.MERGESORT.mergesort(MERGESORT.java:47)
	at java_programs.MERGESORT.mergesort(MERGESORT.java:47)
	at java_programs.MERGESORT.mergesort(MERGESORT.java:47)
	at java_programs.MERGESORT.mergesort(MERGESORT.java:47)
	at java_programs.MERGESORT.mergesort(MERGESORT.java:47)
	at java_programs.MERGESORT.mergesort(MERGESORT.java:47)
	at java_programs.MERGESORT.mergesort(MERGESORT.java:47)
	at java_programs.MERGESORT.mergesort(MERGESORT.java:47)
	at java_programs.MERGESORT.mergesort(MERGESORT.java:47)
	at java_programs.MERGESORT.mergesort(MERGESORT.java:47)
	at java_programs.MERGESORT.mergesort(MERGESORT.java:47)
	at java_programs.MERGESORT.mergesort(MERGESORT.java:47)
	at java_programs.MERGESORT.mergesort(MERGESORT.java:47)
	at java_programs.MERGESORT.mergesort(MERGESORT.java:47)
	at java_programs.MERGESORT.mergesort(MERGESORT.java:47)
	at java_programs.MERGESORT.mergesort(MERGESORT.java:47)
	at java_programs.MERGESORT.mergesort(MERGESORT.java:47)
	at java_programs.MERGESORT.mergesort(MERGESORT.java:47)
	at java_programs.MERGESORT.mergesort(MERGESORT.java:47)
	at java_programs.MERGESORT.mergesort(MERGESORT.java:47)
	at java_programs.MERGESORT.mergesort(MERGESORT.java:47)
	at java_programs.MERGESORT.mergesort(MERGESORT.java:47)
	at java_programs.MERGESORT.mergesort(MERGESORT.java:47)
	at java_programs.MERGESORT.mergesort(MERGESORT.java:47)
	at java_programs.MERGESORT.mergesort(MERGESORT.java:47)
	at java_programs.MERGESORT.mergesort(MERGESORT.java:47)
	at java_programs.MERGESORT.mergesort(MERGESORT.java:47)
	at java_programs.MERGESORT.mergesort(MERGESORT.java:47)
	at java_programs.MERGESORT.mergesort(MERGESORT.java:47)
	at java_programs.MERGESORT.mergesort(MERGESORT.java:47)
	at java_programs.MERGESORT.mergesort(MERGESORT.java:47)
	at java_programs.MERGESORT.mergesort(MERGESORT.java:47)
	at java_programs.MERGESORT.mergesort(MERGESORT.java:47)
	at java_programs.MERGESORT.mergesort(MERGESORT.java:47)
	at java_programs.MERGESORT.mergesort(MERGESORT.java:47)
	at java_programs.MERGESORT.mergesort(MERGESORT.java:47)
	at java_programs.MERGESORT.mergesort(MERGESORT.java:47)
	at java_programs.MERGESORT.mergesort(MERGESORT.java:47)
	at java_programs.MERGESORT.mergesort(MERGESORT.java:47)
	at java_programs.MERGESORT.mergesort(MERGESORT.java:47)
	at java_programs.MERGESORT.mergesort(MERGESORT.java:47)
	at java_programs.MERGESORT.mergesort(MERGESORT.java:47)
	at java_programs.MERGESORT.mergesort(MERGESORT.java:47)
	at java_programs.MERGESORT.mergesort(MERGESORT.java:47)
	at java_programs.MERGESORT.mergesort(MERGESORT.java:47)
	at java_programs.MERGESORT.mergesort(MERGESORT.java:47)
	at java_programs.MERGESORT.mergesort(MERGESORT.java:47)
	at java_programs.MERGESORT.mergesort(MERGESORT.java:47)
	at java_programs.MERGESORT.mergesort(MERGESORT.java:47)
	at java_programs.MERGESORT.mergesort(MERGESORT.java:47)
	at java_programs.MERGESORT.mergesort(MERGESORT.java:47)
	at java_programs.MERGESORT.mergesort(MERGESORT.java:47)
	at java_programs.MERGESORT.mergesort(MERGESORT.java:47)
	at java_programs.MERGESORT.mergesort(MERGESORT.java:47)
	at java_programs.MERGESORT.mergesort(MERGESORT.java:47)
	at java_programs.MERGESORT.mergesort(MERGESORT.java:47)
	at java_programs.MERGESORT.mergesort(MERGESORT.java:47)
	at java_programs.MERGESORT.mergesort(MERGESORT.java:47)
	at java_programs.MERGESORT.mergesort(MERGESORT.java:47)
	at java_programs.MERGESORT.mergesort(MERGESORT.java:47)
	at java_programs.MERGESORT.mergesort(MERGESORT.java:47)
	at java_programs.MERGESORT.mergesort(MERGESORT.java:47)
	at java_programs.MERGESORT.mergesort(MERGESORT.java:47)
	at java_programs.MERGESORT.mergesort(MERGESORT.java:47)
	at java_programs.MERGESORT.mergesort(MERGESORT.java:47)
	at java_programs.MERGESORT.mergesort(MERGESORT.java:47)
	at java_programs.MERGESORT.mergesort(MERGESORT.java:47)
	at java_programs.MERGESORT.mergesort(MERGESORT.java:47)
	at java_programs.MERGESORT.mergesort(MERGESORT.java:47)
	at java_programs.MERGESORT.mergesort(MERGESORT.java:47)
	at java_programs.MERGESORT.mergesort(MERGESORT.java:47)
	at java_programs.MERGESORT.mergesort(MERGESORT.java:47)
	at java_programs.MERGESORT.mergesort(MERGESORT.java:47)
	at java_programs.MERGESORT.mergesort(MERGESORT.java:47)
	at java_programs.MERGESORT.mergesort(MERGESORT.java:47)
	at java_programs.MERGESORT.mergesort(MERGESORT.java:47)
	at java_programs.MERGESORT.mergesort(MERGESORT.java:47)
	at java_programs.MERGESORT.mergesort(MERGESORT.java:47)
	at java_programs.MERGESORT.mergesort(MERGESORT.java:47)
	at java_programs.MERGESORT.mergesort(MERGESORT.java:47)
	at java_programs.MERGESORT.mergesort(MERGESORT.java:47)
	at java_programs.MERGESORT.mergesort(MERGESORT.java:47)
	at java_programs.MERGESORT.mergesort(MERGESORT.java:47)
	at java_programs.MERGESORT.mergesort(MERGESORT.java:47)
	at java_programs.MERGESORT.mergesort(MERGESORT.java:47)
	at java_programs.MERGESORT.mergesort(MERGESORT.java:47)
	at java_programs.MERGESORT.mergesort(MERGESORT.java:47)
	at java_programs.MERGESORT.mergesort(MERGESORT.java:47)
	at java_programs.MERGESORT.mergesort(MERGESORT.java:47)
	at java_programs.MERGESORT.mergesort(MERGESORT.java:47)
	at java_programs.MERGESORT.mergesort(MERGESORT.java:47)
	at java_programs.MERGESORT.mergesort(MERGESORT.java:47)
	at java_programs.MERGESORT.mergesort(MERGESORT.java:47)
	at java_programs.MERGESORT.mergesort(MERGESORT.java:47)
	at java_programs.MERGESORT.mergesort(MERGESORT.java:47)
	at java_programs.MERGESORT.mergesort(MERGESORT.java:47)
	at java_programs.MERGESORT.mergesort(MERGESORT.java:47)
	at java_programs.MERGESORT.mergesort(MERGESORT.java:47)
	at java_programs.MERGESORT.mergesort(MERGESORT.java:47)
	at java_programs.MERGESORT.mergesort(MERGESORT.java:47)
	at java_programs.MERGESORT.mergesort(MERGESORT.java:47)
	at java_programs.MERGESORT.mergesort(MERGESORT.java:47)
	at java_programs.MERGESORT.mergesort(MERGESORT.java:47)
	at java_programs.MERGESORT.mergesort(MERGESORT.java:47)
	at java_programs.MERGESORT.mergesort(MERGESORT.java:47)
	at java_programs.MERGESORT.mergesort(MERGESORT.java:47)
	at java_programs.MERGESORT.mergesort(MERGESORT.java:47)
	at java_programs.MERGESORT.mergesort(MERGESORT.java:47)
	at java_programs.MERGESORT.mergesort(MERGESORT.java:47)
	at java_programs.MERGESORT.mergesort(MERGESORT.java:47)
	at java_programs.MERGESORT.mergesort(MERGESORT.java:47)
	at java_programs.MERGESORT.mergesort(MERGESORT.java:47)
	at java_programs.MERGESORT.mergesort(MERGESORT.java:47)
	at java_programs.MERGESORT.mergesort(MERGESORT.java:47)
	at java_programs.MERGESORT.mergesort(MERGESORT.java:47)
	at java_programs.MERGESORT.mergesort(MERGESORT.java:47)
	at java_programs.MERGESORT.mergesort(MERGESORT.java:47)
	at java_programs.MERGESORT.mergesort(MERGESORT.java:47)
	at java_programs.MERGESORT.mergesort(MERGESORT.java:47)
	at java_programs.MERGESORT.mergesort(MERGESORT.java:47)
	at java_programs.MERGESORT.mergesort(MERGESORT.java:47)
	at java_programs.MERGESORT.mergesort(MERGESORT.java:47)
	at java_programs.MERGESORT.mergesort(MERGESORT.java:47)
	at java_programs.MERGESORT.mergesort(MERGESORT.java:47)
	at java_programs.MERGESORT.mergesort(MERGESORT.java:47)
	at java_programs.MERGESORT.mergesort(MERGESORT.java:47)
	at java_programs.MERGESORT.mergesort(MERGESORT.java:47)
	at java_programs.MERGESORT.mergesort(MERGESORT.java:47)
	at java_programs.MERGESORT.mergesort(MERGESORT.java:47)
	at java_programs.MERGESORT.mergesort(MERGESORT.java:47)
	at java_programs.MERGESORT.mergesort(MERGESORT.java:47)
	at java_programs.MERGESORT.mergesort(MERGESORT.java:47)
	at java_programs.MERGESORT.mergesort(MERGESORT.java:47)
	at java_programs.MERGESORT.mergesort(MERGESORT.java:47)
	at java_programs.MERGESORT.mergesort(MERGESORT.java:47)
	at java_programs.MERGESORT.mergesort(MERGESORT.java:47)
	at java_programs.MERGESORT.mergesort(MERGESORT.java:47)
	at java_programs.MERGESORT.mergesort(MERGESORT.java:47)
	at java_programs.MERGESORT.mergesort(MERGESORT.java:47)
	at java_programs.MERGESORT.mergesort(MERGESORT.java:47)
	at java_programs.MERGESORT.mergesort(MERGESORT.java:47)
	at java_programs.MERGESORT.mergesort(MERGESORT.java:47)
	at java_programs.MERGESORT.mergesort(MERGESORT.java:47)
	at java_programs.MERGESORT.mergesort(MERGESORT.java:47)
	at java_programs.MERGESORT.mergesort(MERGESORT.java:47)
	at java_programs.MERGESORT.mergesort(MERGESORT.java:47)
	at java_programs.MERGESORT.mergesort(MERGESORT.java:47)
	at java_programs.MERGESORT.mergesort(MERGESORT.java:47)
	at java_programs.MERGESORT.mergesort(MERGESORT.java:47)
	at java_programs.MERGESORT.mergesort(MERGESORT.java:47)
	at java_programs.MERGESORT.mergesort(MERGESORT.java:47)
	at java_programs.MERGESORT.mergesort(MERGESORT.java:47)
	at java_programs.MERGESORT.mergesort(MERGESORT.java:47)
	at java_programs.MERGESORT.mergesort(MERGESORT.java:47)
	at java_programs.MERGESORT.mergesort(MERGESORT.java:47)
	at java_programs.MERGESORT.mergesort(MERGESORT.java:47)
	at java_programs.MERGESORT.mergesort(MERGESORT.java:47)
	at java_programs.MERGESORT.mergesort(MERGESORT.java:47)
	at java_programs.MERGESORT.mergesort(MERGESORT.java:47)
	at java_programs.MERGESORT.mergesort(MERGESORT.java:47)
	at java_programs.MERGESORT.mergesort(MERGESORT.java:47)
	at java_programs.MERGESORT.mergesort(MERGESORT.java:47)
	at java_programs.MERGESORT.mergesort(MERGESORT.java:47)
	at java_programs.MERGESORT.mergesort(MERGESORT.java:47)
	at java_programs.MERGESORT.mergesort(MERGESORT.java:47)
	at java_programs.MERGESORT.mergesort(MERGESORT.java:47)
	at java_programs.MERGESORT.mergesort(MERGESORT.java:47)
	at java_programs.MERGESORT.mergesort(MERGESORT.java:47)
	at java_programs.MERGESORT.mergesort(MERGESORT.java:47)
	at java_programs.MERGESORT.mergesort(MERGESORT.java:47)
	at java_programs.MERGESORT.mergesort(MERGESORT.java:47)
	at java_programs.MERGESORT.mergesort(MERGESORT.java:47)
	at java_programs.MERGESORT.mergesort(MERGESORT.java:47)
	at java_programs.MERGESORT.mergesort(MERGESORT.java:47)
	at java_programs.MERGESORT.mergesort(MERGESORT.java:47)
	at java_programs.MERGESORT.mergesort(MERGESORT.java:47)
	at java_programs.MERGESORT.mergesort(MERGESORT.java:47)
	at java_programs.MERGESORT.mergesort(MERGESORT.java:47)
	at java_programs.MERGESORT.mergesort(MERGESORT.java:47)
	at java_programs.MERGESORT.mergesort(MERGESORT.java:47)
	at java_programs.MERGESORT.mergesort(MERGESORT.java:47)
	at java_programs.MERGESORT.mergesort(MERGESORT.java:47)
	at java_programs.MERGESORT.mergesort(MERGESORT.java:47)
	at java_programs.MERGESORT.mergesort(MERGESORT.java:47)
	at java_programs.MERGESORT.mergesort(MERGESORT.java:47)
	at java_programs.MERGESORT.mergesort(MERGESORT.java:47)
	at java_programs.MERGESORT.mergesort(MERGESORT.java:47)
	at java_programs.MERGESORT.mergesort(MERGESORT.java:47)
	at java_programs.MERGESORT.mergesort(MERGESORT.java:47)
	at java_programs.MERGESORT.mergesort(MERGESORT.java:47)
	at java_programs.MERGESORT.mergesort(MERGESORT.java:47)
	at java_programs.MERGESORT.mergesort(MERGESORT.java:47)
	at java_programs.MERGESORT.mergesort(MERGESORT.java:47)
	at java_programs.MERGESORT.mergesort(MERGESORT.java:47)
	at java_programs.MERGESORT.mergesort(MERGESORT.java:47)
	at java_programs.MERGESORT.mergesort(MERGESORT.java:47)
	at java_programs.MERGESORT.mergesort(MERGESORT.java:47)
	at java_programs.MERGESORT.mergesort(MERGESORT.java:47)
	at java_programs.MERGESORT.mergesort(MERGESORT.java:47)
	at java_programs.MERGESORT.mergesort(MERGESORT.java:47)
	at java_programs.MERGESORT.mergesort(MERGESORT.java:47)
	at java_programs.MERGESORT.mergesort(MERGESORT.java:47)
	at java_programs.MERGESORT.mergesort(MERGESORT.java:47)
	at java_programs.MERGESORT.mergesort(MERGESORT.java:47)
	at java_programs.MERGESORT.mergesort(MERGESORT.java:47)
	at java_programs.MERGESORT.mergesort(MERGESORT.java:47)
	at java_programs.MERGESORT.mergesort(MERGESORT.java:47)
	at java_programs.MERGESORT.mergesort(MERGESORT.java:47)
	at java_programs.MERGESORT.mergesort(MERGESORT.java:47)
	at java_programs.MERGESORT.mergesort(MERGESORT.java:47)
	at java_programs.MERGESORT.mergesort(MERGESORT.java:47)
	at java_programs.MERGESORT.mergesort(MERGESORT.java:47)
	at java_programs.MERGESORT.mergesort(MERGESORT.java:47)
	at java_programs.MERGESORT.mergesort(MERGESORT.java:47)
	at java_programs.MERGESORT.mergesort(MERGESORT.java:47)
	at java_programs.MERGESORT.mergesort(MERGESORT.java:47)
	at java_programs.MERGESORT.mergesort(MERGESORT.java:47)
	at java_programs.MERGESORT.mergesort(MERGESORT.java:47)
	at java_programs.MERGESORT.mergesort(MERGESORT.java:47)
	at java_programs.MERGESORT.mergesort(MERGESORT.java:47)
	at java_programs.MERGESORT.mergesort(MERGESORT.java:47)
	at java_programs.MERGESORT.mergesort(MERGESORT.java:47)
	at java_programs.MERGESORT.mergesort(MERGESORT.java:47)
	at java_programs.MERGESORT.mergesort(MERGESORT.java:47)
	at java_programs.MERGESORT.mergesort(MERGESORT.java:47)
	at java_programs.MERGESORT.mergesort(MERGESORT.java:47)
	at java_programs.MERGESORT.mergesort(MERGESORT.java:47)
	at java_programs.MERGESORT.mergesort(MERGESORT.java:47)
	at java_programs.MERGESORT.mergesort(MERGESORT.java:47)
	at java_programs.MERGESORT.mergesort(MERGESORT.java:47)
	at java_programs.MERGESORT.mergesort(MERGESORT.java:47)
	at java_programs.MERGESORT.mergesort(MERGESORT.java:47)
	at java_programs.MERGESORT.mergesort(MERGESORT.java:47)
	at java_programs.MERGESORT.mergesort(MERGESORT.java:47)
	at java_programs.MERGESORT.mergesort(MERGESORT.java:47)
	at java_programs.MERGESORT.mergesort(MERGESORT.java:47)
	at java_programs.MERGESORT.mergesort(MERGESORT.java:47)
	at java_programs.MERGESORT.mergesort(MERGESORT.java:47)
	at java_programs.MERGESORT.mergesort(MERGESORT.java:47)
	at java_programs.MERGESORT.mergesort(MERGESORT.java:47)
	at java_programs.MERGESORT.mergesort(MERGESORT.java:47)
	at java_programs.MERGESORT.mergesort(MERGESORT.java:47)
	at java_programs.MERGESORT.mergesort(MERGESORT.java:47)
	at java_programs.MERGESORT.mergesort(MERGESORT.java:47)
	at java_programs.MERGESORT.mergesort(MERGESORT.java:47)
	at java_programs.MERGESORT.mergesort(MERGESORT.java:47)
	at java_programs.MERGESORT.mergesort(MERGESORT.java:47)
	at java_programs.MERGESORT.mergesort(MERGESORT.java:47)
	at java_programs.MERGESORT.mergesort(MERGESORT.java:47)
	at java_programs.MERGESORT.mergesort(MERGESORT.java:47)
	at java_programs.MERGESORT.mergesort(MERGESORT.java:47)
	at java_programs.MERGESORT.mergesort(MERGESORT.java:47)
	at java_programs.MERGESORT.mergesort(MERGESORT.java:47)
	at java_programs.MERGESORT.mergesort(MERGESORT.java:47)
	at java_programs.MERGESORT.mergesort(MERGESORT.java:47)
	at java_programs.MERGESORT.mergesort(MERGESORT.java:47)
	at java_programs.MERGESORT.mergesort(MERGESORT.java:47)
	at java_programs.MERGESORT.mergesort(MERGESORT.java:47)
	at java_programs.MERGESORT.mergesort(MERGESORT.java:47)
	at java_programs.MERGESORT.mergesort(MERGESORT.java:47)
	at java_programs.MERGESORT.mergesort(MERGESORT.java:47)
	at java_programs.MERGESORT.mergesort(MERGESORT.java:47)
	at java_programs.MERGESORT.mergesort(MERGESORT.java:47)
	at java_programs.MERGESORT.mergesort(MERGESORT.java:47)
	at java_programs.MERGESORT.mergesort(MERGESORT.java:47)
	at java_programs.MERGESORT.mergesort(MERGESORT.java:47)
	at java_programs.MERGESORT.mergesort(MERGESORT.java:47)
	at java_programs.MERGESORT.mergesort(MERGESORT.java:47)
	at java_programs.MERGESORT.mergesort(MERGESORT.java:47)
	at java_programs.MERGESORT.mergesort(MERGESORT.java:47)
	at java_programs.MERGESORT.mergesort(MERGESORT.java:47)
	at java_programs.MERGESORT.mergesort(MERGESORT.java:47)
	at java_programs.MERGESORT.mergesort(MERGESORT.java:47)
	at java_programs.MERGESORT.mergesort(MERGESORT.java:47)
	at java_programs.MERGESORT.mergesort(MERGESORT.java:47)
	at java_programs.MERGESORT.mergesort(MERGESORT.java:47)
	at java_programs.MERGESORT.mergesort(MERGESORT.java:47)
	at java_programs.MERGESORT.mergesort(MERGESORT.java:47)
	at java_programs.MERGESORT.mergesort(MERGESORT.java:47)
	at java_programs.MERGESORT.mergesort(MERGESORT.java:47)
	at java_programs.MERGESORT.mergesort(MERGESORT.java:47)
	at java_programs.MERGESORT.mergesort(MERGESORT.java:47)
	at java_programs.MERGESORT.mergesort(MERGESORT.java:47)
	at java_programs.MERGESORT.mergesort(MERGESORT.java:47)
	at java_programs.MERGESORT.mergesort(MERGESORT.java:47)
	at java_programs.MERGESORT.mergesort(MERGESORT.java:47)
	at java_programs.MERGESORT.mergesort(MERGESORT.java:47)
	at java_programs.MERGESORT.mergesort(MERGESORT.java:47)
	at java_programs.MERGESORT.mergesort(MERGESORT.java:47)
	at java_programs.MERGESORT.mergesort(MERGESORT.java:47)
	at java_programs.MERGESORT.mergesort(MERGESORT.java:47)
	at java_programs.MERGESORT.mergesort(MERGESORT.java:47)
	at java_programs.MERGESORT.mergesort(MERGESORT.java:47)
	at java_programs.MERGESORT.mergesort(MERGESORT.java:47)
	at java_programs.MERGESORT.mergesort(MERGESORT.java:47)
	at java_programs.MERGESORT.mergesort(MERGESORT.java:47)
	at java_programs.MERGESORT.mergesort(MERGESORT.java:47)
	at java_programs.MERGESORT.mergesort(MERGESORT.java:47)
	at java_programs.MERGESORT.mergesort(MERGESORT.java:47)
	at java_programs.MERGESORT.mergesort(MERGESORT.java:47)
	at java_programs.MERGESORT.mergesort(MERGESORT.java:47)
	at java_programs.MERGESORT.mergesort(MERGESORT.java:47)
	at java_programs.MERGESORT.mergesort(MERGESORT.java:47)
	at java_programs.MERGESORT.mergesort(MERGESORT.java:47)
	at java_programs.MERGESORT.mergesort(MERGESORT.java:47)
	at java_programs.MERGESORT.mergesort(MERGESORT.java:47)
	at java_programs.MERGESORT.mergesort(MERGESORT.java:47)
	at java_programs.MERGESORT.mergesort(MERGESORT.java:47)
	at java_programs.MERGESORT.mergesort(MERGESORT.java:47)
	at java_programs.MERGESORT.mergesort(MERGESORT.java:47)
	at java_programs.MERGESORT.mergesort(MERGESORT.java:47)
	at java_programs.MERGESORT.mergesort(MERGESORT.java:47)
	at java_programs.MERGESORT.mergesort(MERGESORT.java:47)
	at java_programs.MERGESORT.mergesort(MERGESORT.java:47)
	at java_programs.MERGESORT.mergesort(MERGESORT.java:47)
	at java_programs.MERGESORT.mergesort(MERGESORT.java:47)
	at java_programs.MERGESORT.mergesort(MERGESORT.java:47)
	at java_programs.MERGESORT.mergesort(MERGESORT.java:47)
	at java_programs.MERGESORT.mergesort(MERGESORT.java:47)
	at java_programs.MERGESORT.mergesort(MERGESORT.java:47)
	at java_programs.MERGESORT.mergesort(MERGESORT.java:47)
	at java_programs.MERGESORT.mergesort(MERGESORT.java:47)
	at java_programs.MERGESORT.mergesort(MERGESORT.java:47)
	at java_programs.MERGESORT.mergesort(MERGESORT.java:47)
	at java_programs.MERGESORT.mergesort(MERGESORT.java:47)
	at java_programs.MERGESORT.mergesort(MERGESORT.java:47)
	at java_programs.MERGESORT.mergesort(MERGESORT.java:47)
	at java_programs.MERGESORT.mergesort(MERGESORT.java:47)
	at java_programs.MERGESORT.mergesort(MERGESORT.java:47)
	at java_programs.MERGESORT.mergesort(MERGESORT.java:47)
	at java_programs.MERGESORT.mergesort(MERGESORT.java:47)
	at java_programs.MERGESORT.mergesort(MERGESORT.java:47)
	at java_programs.MERGESORT.mergesort(MERGESORT.java:47)
	at java_programs.MERGESORT.mergesort(MERGESORT.java:47)
	at java_programs.MERGESORT.mergesort(MERGESORT.java:47)
	at java_programs.MERGESORT.mergesort(MERGESORT.java:47)
	at java_programs.MERGESORT.mergesort(MERGESORT.java:47)
	at java_programs.MERGESORT.mergesort(MERGESORT.java:47)
	at java_programs.MERGESORT.mergesort(MERGESORT.java:47)
	at java_programs.MERGESORT.mergesort(MERGESORT.java:47)
	at java_programs.MERGESORT.mergesort(MERGESORT.java:47)
	at java_programs.MERGESORT.mergesort(MERGESORT.java:47)
	at java_programs.MERGESORT.mergesort(MERGESORT.java:47)
	at java_programs.MERGESORT.mergesort(MERGESORT.java:47)
	at java_programs.MERGESORT.mergesort(MERGESORT.java:47)
	at java_programs.MERGESORT.mergesort(MERGESORT.java:47)
	at java_programs.MERGESORT.mergesort(MERGESORT.java:47)
	at java_programs.MERGESORT.mergesort(MERGESORT.java:47)
	at java_programs.MERGESORT.mergesort(MERGESORT.java:47)
	at java_programs.MERGESORT.mergesort(MERGESORT.java:47)
	at java_programs.MERGESORT.mergesort(MERGESORT.java:47)
	at java_programs.MERGESORT.mergesort(MERGESORT.java:47)
	at java_programs.MERGESORT.mergesort(MERGESORT.java:47)
	at java_programs.MERGESORT.mergesort(MERGESORT.java:47)
	at java_programs.MERGESORT.mergesort(MERGESORT.java:47)
	at java_programs.MERGESORT.mergesort(MERGESORT.java:47)
	at java_programs.MERGESORT.mergesort(MERGESORT.java:47)
	at java_programs.MERGESORT.mergesort(MERGESORT.java:47)
	at java_programs.MERGESORT.mergesort(MERGESORT.java:47)
	at java_programs.MERGESORT.mergesort(MERGESORT.java:47)
	at java_programs.MERGESORT.mergesort(MERGESORT.java:47)
	at java_programs.MERGESORT.mergesort(MERGESORT.java:47)
	at java_programs.MERGESORT.mergesort(MERGESORT.java:47)
	at java_programs.MERGESORT.mergesort(MERGESORT.java:47)
	at java_programs.MERGESORT.mergesort(MERGESORT.java:47)
	at java_programs.MERGESORT.mergesort(MERGESORT.java:47)
	at java_programs.MERGESORT.mergesort(MERGESORT.java:47)
	at java_programs.MERGESORT.mergesort(MERGESORT.java:47)
	at java_programs.MERGESORT.mergesort(MERGESORT.java:47)
	at java_programs.MERGESORT.mergesort(MERGESORT.java:47)
	at java_programs.MERGESORT.mergesort(MERGESORT.java:47)
	at java_programs.MERGESORT.mergesort(MERGESORT.java:47)
	at java_programs.MERGESORT.mergesort(MERGESORT.java:47)
	at java_programs.MERGESORT.mergesort(MERGESORT.java:47)
	at java_programs.MERGESORT.mergesort(MERGESORT.java:47)
	at java_programs.MERGESORT.mergesort(MERGESORT.java:47)
	at java_programs.MERGESORT.mergesort(MERGESORT.java:47)
	at java_programs.MERGESORT.mergesort(MERGESORT.java:47)
	at java_programs.MERGESORT.mergesort(MERGESORT.java:47)
	at java_programs.MERGESORT.mergesort(MERGESORT.java:47)
	at java_programs.MERGESORT.mergesort(MERGESORT.java:47)
	at java_programs.MERGESORT.mergesort(MERGESORT.java:47)
	at java_programs.MERGESORT.mergesort(MERGESORT.java:47)
	at java_programs.MERGESORT.mergesort(MERGESORT.java:47)
	at java_programs.MERGESORT.mergesort(MERGESORT.java:47)
	at java_programs.MERGESORT.mergesort(MERGESORT.java:47)
	at java_programs.MERGESORT.mergesort(MERGESORT.java:47)
	at java_programs.MERGESORT.mergesort(MERGESORT.java:47)
	at java_programs.MERGESORT.mergesort(MERGESORT.java:47)
	at java_programs.MERGESORT.mergesort(MERGESORT.java:47)
	at java_programs.MERGESORT.mergesort(MERGESORT.java:47)
	at java_programs.MERGESORT.mergesort(MERGESORT.java:47)
	at java_programs.MERGESORT.mergesort(MERGESORT.java:47)
	at java_programs.MERGESORT.mergesort(MERGESORT.java:47)
	at java_programs.MERGESORT.mergesort(MERGESORT.java:47)
	at java_programs.MERGESORT.mergesort(MERGESORT.java:47)
	at java_programs.MERGESORT.mergesort(MERGESORT.java:47)
	at java_programs.MERGESORT.mergesort(MERGESORT.java:47)
	at java_programs.MERGESORT.mergesort(MERGESORT.java:47)
	at java_programs.MERGESORT.mergesort(MERGESORT.java:47)
	at java_programs.MERGESORT.mergesort(MERGESORT.java:47)
	at java_programs.MERGESORT.mergesort(MERGESORT.java:47)
	at java_programs.MERGESORT.mergesort(MERGESORT.java:47)
	at java_programs.MERGESORT.mergesort(MERGESORT.java:47)
	at java_programs.MERGESORT.mergesort(MERGESORT.java:47)
	at java_programs.MERGESORT.mergesort(MERGESORT.java:47)
	at java_programs.MERGESORT.mergesort(MERGESORT.java:47)
	at java_programs.MERGESORT.mergesort(MERGESORT.java:47)
	at java_programs.MERGESORT.mergesort(MERGESORT.java:47)
	at java_programs.MERGESORT.mergesort(MERGESORT.java:47)
	at java_programs.MERGESORT.mergesort(MERGESORT.java:47)
	at java_programs.MERGESORT.mergesort(MERGESORT.java:47)
	at java_programs.MERGESORT.mergesort(MERGESORT.java:47)
	at java_programs.MERGESORT.mergesort(MERGESORT.java:47)
	at java_programs.MERGESORT.mergesort(MERGESORT.java:47)
	at java_programs.MERGESORT.mergesort(MERGESORT.java:47)
	at java_programs.MERGESORT.mergesort(MERGESORT.java:47)
	at java_programs.MERGESORT.mergesort(MERGESORT.java:47)
	at java_programs.MERGESORT.mergesort(MERGESORT.java:47)
	at java_programs.MERGESORT.mergesort(MERGESORT.java:47)
	at java_programs.MERGESORT.mergesort(MERGESORT.java:47)
	at java_programs.MERGESORT.mergesort(MERGESORT.java:47)
	at java_programs.MERGESORT.mergesort(MERGESORT.java:47)
	at java_programs.MERGESORT.mergesort(MERGESORT.java:47)
	at java_programs.MERGESORT.mergesort(MERGESORT.java:47)
	at java_programs.MERGESORT.mergesort(MERGESORT.java:47)
	at java_programs.MERGESORT.mergesort(MERGESORT.java:47)
	at java_programs.MERGESORT.mergesort(MERGESORT.java:47)
	at java_programs.MERGESORT.mergesort(MERGESORT.java:47)
	at java_programs.MERGESORT.mergesort(MERGESORT.java:47)
	at java_programs.MERGESORT.mergesort(MERGESORT.java:47)
	at java_programs.MERGESORT.mergesort(MERGESORT.java:47)
	at java_programs.MERGESORT.mergesort(MERGESORT.java:47)
	at java_programs.MERGESORT.mergesort(MERGESORT.java:47)
	at java_programs.MERGESORT.mergesort(MERGESORT.java:47)
	at java_programs.MERGESORT.mergesort(MERGESORT.java:47)
	at java_programs.MERGESORT.mergesort(MERGESORT.java:47)
	at java_programs.MERGESORT.mergesort(MERGESORT.java:47)
	at java_programs.MERGESORT.mergesort(MERGESORT.java:47)
	at java_programs.MERGESORT.mergesort(MERGESORT.java:47)
	at java_programs.MERGESORT.mergesort(MERGESORT.java:47)
	at java_programs.MERGESORT.mergesort(MERGESORT.java:47)
	at java_programs.MERGESORT.mergesort(MERGESORT.java:47)
	at java_programs.MERGESORT.mergesort(MERGESORT.java:47)
	at java_programs.MERGESORT.mergesort(MERGESORT.java:47)
	at java_programs.MERGESORT.mergesort(MERGESORT.java:47)
	at java_programs.MERGESORT.mergesort(MERGESORT.java:47)
	at java_programs.MERGESORT.mergesort(MERGESORT.java:47)
	at java_programs.MERGESORT.mergesort(MERGESORT.java:47)
	at java_programs.MERGESORT.mergesort(MERGESORT.java:47)
	at java_programs.MERGESORT.mergesort(MERGESORT.java:47)
	at java_programs.MERGESORT.mergesort(MERGESORT.java:47)
	at java_programs.MERGESORT.mergesort(MERGESORT.java:47)
	at java_programs.MERGESORT.mergesort(MERGESORT.java:47)
	at java_programs.MERGESORT.mergesort(MERGESORT.java:47)
	at java_programs.MERGESORT.mergesort(MERGESORT.java:47)
	at java_programs.MERGESORT.mergesort(MERGESORT.java:47)
	at java_programs.MERGESORT.mergesort(MERGESORT.java:47)
	at java_programs.MERGESORT.mergesort(MERGESORT.java:47)
	at java_programs.MERGESORT.mergesort(MERGESORT.java:47)
	at java_programs.MERGESORT.mergesort(MERGESORT.java:47)
	at java_programs.MERGESORT.mergesort(MERGESORT.java:47)
	at java_programs.MERGESORT.mergesort(MERGESORT.java:47)
	at java_programs.MERGESORT.mergesort(MERGESORT.java:47)
	at java_programs.MERGESORT.mergesort(MERGESORT.java:47)
	at java_programs.MERGESORT.mergesort(MERGESORT.java:47)
	at java_programs.MERGESORT.mergesort(MERGESORT.java:47)
	at java_programs.MERGESORT.mergesort(MERGESORT.java:47)
	at java_programs.MERGESORT.mergesort(MERGESORT.java:47)
	at java_programs.MERGESORT.mergesort(MERGESORT.java:47)
	at java_programs.MERGESORT.mergesort(MERGESORT.java:47)
	at java_programs.MERGESORT.mergesort(MERGESORT.java:47)
	at java_programs.MERGESORT.mergesort(MERGESORT.java:47)
	at java_programs.MERGESORT.mergesort(MERGESORT.java:47)
	at java_programs.MERGESORT.mergesort(MERGESORT.java:47)
	at java_programs.MERGESORT.mergesort(MERGESORT.java:47)
	at java_programs.MERGESORT.mergesort(MERGESORT.java:47)
	at java_programs.MERGESORT.mergesort(MERGESORT.java:47)
	at java_programs.MERGESORT.mergesort(MERGESORT.java:47)
	at java_programs.MERGESORT.mergesort(MERGESORT.java:47)
	at java_programs.MERGESORT.mergesort(MERGESORT.java:47)
	at java_programs.MERGESORT.mergesort(MERGESORT.java:47)
	at java_programs.MERGESORT.mergesort(MERGESORT.java:47)
	at java_programs.MERGESORT.mergesort(MERGESORT.java:47)
	at java_programs.MERGESORT.mergesort(MERGESORT.java:47)
	at java_programs.MERGESORT.mergesort(MERGESORT.java:47)
	at java_programs.MERGESORT.mergesort(MERGESORT.java:47)
	at java_programs.MERGESORT.mergesort(MERGESORT.java:47)
	at java_programs.MERGESORT.mergesort(MERGESORT.java:47)
	at java_programs.MERGESORT.mergesort(MERGESORT.java:47)
	at java_programs.MERGESORT.mergesort(MERGESORT.java:47)
	at java_programs.MERGESORT.mergesort(MERGESORT.java:47)
	at java_programs.MERGESORT.mergesort(MERGESORT.java:47)
	at java_programs.MERGESORT.mergesort(MERGESORT.java:47)
	at java_programs.MERGESORT.mergesort(MERGESORT.java:47)
	at java_programs.MERGESORT.mergesort(MERGESORT.java:47)
	at java_programs.MERGESORT.mergesort(MERGESORT.java:47)
	at java_programs.MERGESORT.mergesort(MERGESORT.java:47)
	at java_programs.MERGESORT.mergesort(MERGESORT.java:47)
	at java_programs.MERGESORT.mergesort(MERGESORT.java:47)
	at java_programs.MERGESORT.mergesort(MERGESORT.java:47)
	at java_programs.MERGESORT.mergesort(MERGESORT.java:47)
	at java_programs.MERGESORT.mergesort(MERGESORT.java:47)
	at java_programs.MERGESORT.mergesort(MERGESORT.java:47)
	at java_programs.MERGESORT.mergesort(MERGESORT.java:47)
	at java_programs.MERGESORT.mergesort(MERGESORT.java:47)
	at java_programs.MERGESORT.mergesort(MERGESORT.java:47)
	at java_programs.MERGESORT.mergesort(MERGESORT.java:47)
	at java_programs.MERGESORT.mergesort(MERGESORT.java:47)
	at java_programs.MERGESORT.mergesort(MERGESORT.java:47)
	at java_programs.MERGESORT.mergesort(MERGESORT.java:47)
	at java_programs.MERGESORT.mergesort(MERGESORT.java:47)
	at java_programs.MERGESORT.mergesort(MERGESORT.java:47)
	at java_programs.MERGESORT.mergesort(MERGESORT.java:47)
	at java_programs.MERGESORT.mergesort(MERGESORT.java:47)
	at java_programs.MERGESORT.mergesort(MERGESORT.java:47)
	at java_programs.MERGESORT.mergesort(MERGESORT.java:47)
	at java_programs.MERGESORT.mergesort(MERGESORT.java:47)
	at java_programs.MERGESORT.mergesort(MERGESORT.java:47)
	at java_programs.MERGESORT.mergesort(MERGESORT.java:47)
	at java_programs.MERGESORT.mergesort(MERGESORT.java:47)
	at java_programs.MERGESORT.mergesort(MERGESORT.java:47)
	at java_programs.MERGESORT.mergesort(MERGESORT.java:47)
	at java_programs.MERGESORT.mergesort(MERGESORT.java:47)
	at java_programs.MERGESORT.mergesort(MERGESORT.java:47)
	at java_programs.MERGESORT.mergesort(MERGESORT.java:47)
	at java_programs.MERGESORT.mergesort(MERGESORT.java:47)
	at java_programs.MERGESORT.mergesort(MERGESORT.java:47)
	at java_programs.MERGESORT.mergesort(MERGESORT.java:47)
	at java_programs.MERGESORT.mergesort(MERGESORT.java:47)
	at java_programs.MERGESORT.mergesort(MERGESORT.java:47)
	at java_programs.MERGESORT.mergesort(MERGESORT.java:47)
	at java_programs.MERGESORT.mergesort(MERGESORT.java:47)
	at java_programs.MERGESORT.mergesort(MERGESORT.java:47)
	at java_programs.MERGESORT.mergesort(MERGESORT.java:47)
	at java_programs.MERGESORT.mergesort(MERGESORT.java:47)
	at java_programs.MERGESORT.mergesort(MERGESORT.java:47)
	at java_programs.MERGESORT.mergesort(MERGESORT.java:47)
	at java_programs.MERGESORT.mergesort(MERGESORT.java:47)
	at java_programs.MERGESORT.mergesort(MERGESORT.java:47)
	at java_programs.MERGESORT.mergesort(MERGESORT.java:47)
	at java_programs.MERGESORT.mergesort(MERGESORT.java:47)
	at java_programs.MERGESORT.mergesort(MERGESORT.java:47)
	at java_programs.MERGESORT.mergesort(MERGESORT.java:47)
	at java_programs.MERGESORT.mergesort(MERGESORT.java:47)
	at java_programs.MERGESORT.mergesort(MERGESORT.java:47)
	at java_programs.MERGESORT.mergesort(MERGESORT.java:47)
	at java_programs.MERGESORT.mergesort(MERGESORT.java:47)
	at java_programs.MERGESORT.mergesort(MERGESORT.java:47)
	at java_programs.MERGESORT.mergesort(MERGESORT.java:47)
	at java_programs.MERGESORT.mergesort(MERGESORT.java:47)
	at java_programs.MERGESORT.mergesort(MERGESORT.java:47)
	at java_programs.MERGESORT.mergesort(MERGESORT.java:47)
	at java_programs.MERGESORT.mergesort(MERGESORT.java:47)
	at java_programs.MERGESORT.mergesort(MERGESORT.java:47)
	at java_programs.MERGESORT.mergesort(MERGESORT.java:47)
	at java_programs.MERGESORT.mergesort(MERGESORT.java:47)
	at java_programs.MERGESORT.mergesort(MERGESORT.java:47)
	at java_programs.MERGESORT.mergesort(MERGESORT.java:47)
	at java_programs.MERGESORT.mergesort(MERGESORT.java:47)
	at java_programs.MERGESORT.mergesort(MERGESORT.java:47)
	at java_programs.MERGESORT.mergesort(MERGESORT.java:47)
	at java_programs.MERGESORT.mergesort(MERGESORT.java:47)
	at java_programs.MERGESORT.mergesort(MERGESORT.java:47)
	at java_programs.MERGESORT.mergesort(MERGESORT.java:47)
	at java_programs.MERGESORT.mergesort(MERGESORT.java:47)
	at java_programs.MERGESORT.mergesort(MERGESORT.java:47)
	at java_programs.MERGESORT.mergesort(MERGESORT.java:47)
	at java_programs.MERGESORT.mergesort(MERGESORT.java:47)
	at java_programs.MERGESORT.mergesort(MERGESORT.java:47)
	at java_programs.MERGESORT.mergesort(MERGESORT.java:47)
	at java_programs.MERGESORT.mergesort(MERGESORT.java:47)
	at java_programs.MERGESORT.mergesort(MERGESORT.java:47)
	at java_programs.MERGESORT.mergesort(MERGESORT.java:47)
	at java_programs.MERGESORT.mergesort(MERGESORT.java:47)
	at java_programs.MERGESORT.mergesort(MERGESORT.java:47)
	at java_programs.MERGESORT.mergesort(MERGESORT.java:47)
	at java_programs.MERGESORT.mergesort(MERGESORT.java:47)
	at java_programs.MERGESORT.mergesort(MERGESORT.java:47)
	at java_programs.MERGESORT.mergesort(MERGESORT.java:47)
	at java_programs.MERGESORT.mergesort(MERGESORT.java:47)
	at java_programs.MERGESORT.mergesort(MERGESORT.java:47)
	at java_programs.MERGESORT.mergesort(MERGESORT.java:47)
	at java_programs.MERGESORT.mergesort(MERGESORT.java:47)
	at java_programs.MERGESORT.mergesort(MERGESORT.java:47)
	at java_programs.MERGESORT.mergesort(MERGESORT.java:47)
	at java_programs.MERGESORT.mergesort(MERGESORT.java:47)
	at java_programs.MERGESORT.mergesort(MERGESORT.java:47)
	at java_programs.MERGESORT.mergesort(MERGESORT.java:47)
	at java_programs.MERGESORT.mergesort(MERGESORT.java:47)
	at java_programs.MERGESORT.mergesort(MERGESORT.java:47)
	at java_programs.MERGESORT.mergesort(MERGESORT.java:47)
	at java_programs.MERGESORT.mergesort(MERGESORT.java:47)
	at java_programs.MERGESORT.mergesort(MERGESORT.java:47)
	at java_programs.MERGESORT.mergesort(MERGESORT.java:47)
	at java_programs.MERGESORT.mergesort(MERGESORT.java:47)
	at java_programs.MERGESORT.mergesort(MERGESORT.java:47)
	at java_programs.MERGESORT.mergesort(MERGESORT.java:47)
	at java_programs.MERGESORT.mergesort(MERGESORT.java:47)
	at java_programs.MERGESORT.mergesort(MERGESORT.java:47)
	at java_programs.MERGESORT.mergesort(MERGESORT.java:47)
	at java_programs.MERGESORT.mergesort(MERGESORT.java:47)
	at java_programs.MERGESORT.mergesort(MERGESORT.java:47)
	at java_programs.MERGESORT.mergesort(MERGESORT.java:47)
	at java_programs.MERGESORT.mergesort(MERGESORT.java:47)
	at java_programs.MERGESORT.mergesort(MERGESORT.java:47)
	at java_programs.MERGESORT.mergesort(MERGESORT.java:47)
	at java_programs.MERGESORT.mergesort(MERGESORT.java:47)
	at java_programs.MERGESORT.mergesort(MERGESORT.java:47)
	at java_programs.MERGESORT.mergesort(MERGESORT.java:47)
	at java_programs.MERGESORT.mergesort(MERGESORT.java:47)
	at java_programs.MERGESORT.mergesort(MERGESORT.java:47)
	at java_programs.MERGESORT.mergesort(MERGESORT.java:47)
	at java_programs.MERGESORT.mergesort(MERGESORT.java:47)
	at java_programs.MERGESORT.mergesort(MERGESORT.java:47)
	at java_programs.MERGESORT.mergesort(MERGESORT.java:47)
	at java_programs.MERGESORT.mergesort(MERGESORT.java:47)
	at java_programs.MERGESORT.mergesort(MERGESORT.java:47)
	at java_programs.MERGESORT.mergesort(MERGESORT.java:47)
	at java_programs.MERGESORT.mergesort(MERGESORT.java:47)
	at java_programs.MERGESORT.mergesort(MERGESORT.java:47)
	at java_programs.MERGESORT.mergesort(MERGESORT.java:47)
	at java_programs.MERGESORT.mergesort(MERGESORT.java:47)
	at java_programs.MERGESORT.mergesort(MERGESORT.java:47)
	at java_programs.MERGESORT.mergesort(MERGESORT.java:47)
	at java_programs.MERGESORT.mergesort(MERGESORT.java:47)
	at java_programs.MERGESORT.mergesort(MERGESORT.java:47)
	at java_programs.MERGESORT.mergesort(MERGESORT.java:47)
	at java_programs.MERGESORT.mergesort(MERGESORT.java:47)
	at java_programs.MERGESORT.mergesort(MERGESORT.java:47)
	at java_programs.MERGESORT.mergesort(MERGESORT.java:47)
	at java_programs.MERGESORT.mergesort(MERGESORT.java:47)
	at java_programs.MERGESORT.mergesort(MERGESORT.java:47)
	at java_programs.MERGESORT.mergesort(MERGESORT.java:47)
	at java_programs.MERGESORT.mergesort(MERGESORT.java:47)
	at java_programs.MERGESORT.mergesort(MERGESORT.java:47)
	at java_programs.MERGESORT.mergesort(MERGESORT.java:47)
	at java_programs.MERGESORT.mergesort(MERGESORT.java:47)
	at java_programs.MERGESORT.mergesort(MERGESORT.java:47)
	at java_programs.MERGESORT.mergesort(MERGESORT.java:47)
	at java_programs.MERGESORT.mergesort(MERGESORT.java:47)
	at java_programs.MERGESORT.mergesort(MERGESORT.java:47)
	at java_programs.MERGESORT.mergesort(MERGESORT.java:47)
	at java_programs.MERGESORT.mergesort(MERGESORT.java:47)
	at java_programs.MERGESORT.mergesort(MERGESORT.java:47)
	at java_programs.MERGESORT.mergesort(MERGESORT.java:47)
	at java_programs.MERGESORT.mergesort(MERGESORT.java:47)
	at java_programs.MERGESORT.mergesort(MERGESORT.java:47)
	at java_programs.MERGESORT.mergesort(MERGESORT.java:47)
	at java_programs.MERGESORT.mergesort(MERGESORT.java:47)
	at java_programs.MERGESORT.mergesort(MERGESORT.java:47)
	at java_programs.MERGESORT.mergesort(MERGESORT.java:47)
	at java_programs.MERGESORT.mergesort(MERGESORT.java:47)
	at java_programs.MERGESORT.mergesort(MERGESORT.java:47)
	at java_programs.MERGESORT.mergesort(MERGESORT.java:47)
	at java_programs.MERGESORT.mergesort(MERGESORT.java:47)
	at java_programs.MERGESORT.mergesort(MERGESORT.java:47)
	at java_programs.MERGESORT.mergesort(MERGESORT.java:47)
	at java_programs.MERGESORT.mergesort(MERGESORT.java:47)
	at java_programs.MERGESORT.mergesort(MERGESORT.java:47)
	at java_programs.MERGESORT.mergesort(MERGESORT.java:47)
	at java_programs.MERGESORT.mergesort(MERGESORT.java:47)
	at java_programs.MERGESORT.mergesort(MERGESORT.java:47)
	at java_programs.MERGESORT.mergesort(MERGESORT.java:47)
	at java_programs.MERGESORT.mergesort(MERGESORT.java:47)
	at java_programs.MERGESORT.mergesort(MERGESORT.java:47)
	at java_programs.MERGESORT.mergesort(MERGESORT.java:47)
	at java_programs.MERGESORT.mergesort(MERGESORT.java:47)
	at java_programs.MERGESORT.mergesort(MERGESORT.java:47)
	at java_programs.MERGESORT.mergesort(MERGESORT.java:47)
	at java_programs.MERGESORT.mergesort(MERGESORT.java:47)
	at java_programs.MERGESORT.mergesort(MERGESORT.java:47)
	at java_programs.MERGESORT.mergesort(MERGESORT.java:47)
	at java_programs.MERGESORT.mergesort(MERGESORT.java:47)
	at java_programs.MERGESORT.mergesort(MERGESORT.java:47)
	at java_programs.MERGESORT.mergesort(MERGESORT.java:47)
	at java_programs.MERGESORT.mergesort(MERGESORT.java:47)
	at java_programs.MERGESORT.mergesort(MERGESORT.java:47)
	at java_programs.MERGESORT.mergesort(MERGESORT.java:47)
	at java_programs.MERGESORT.mergesort(MERGESORT.java:47)
	at java_programs.MERGESORT.mergesort(MERGESORT.java:47)
	at java_programs.MERGESORT.mergesort(MERGESORT.java:47)
	at java_programs.MERGESORT.mergesort(MERGESORT.java:47)
	at java_programs.MERGESORT.mergesort(MERGESORT.java:47)
	at java_programs.MERGESORT.mergesort(MERGESORT.java:47)
	at java_programs.MERGESORT.mergesort(MERGESORT.java:47)
	at java_programs.MERGESORT.mergesort(MERGESORT.java:47)
	at java_programs.MERGESORT.mergesort(MERGESORT.java:47)
	at java_programs.MERGESORT.mergesort(MERGESORT.java:47)
	at java_programs.MERGESORT.mergesort(MERGESORT.java:47)
	at java_programs.MERGESORT.mergesort(MERGESORT.java:47)
	at java_programs.MERGESORT.mergesort(MERGESORT.java:47)
	at java_programs.MERGESORT.mergesort(MERGESORT.java:47)
	at java_programs.MERGESORT.mergesort(MERGESORT.java:47)
	at java_programs.MERGESORT.mergesort(MERGESORT.java:47)
	at java_programs.MERGESORT.mergesort(MERGESORT.java:47)
	at java_programs.MERGESORT.mergesort(MERGESORT.java:47)
	at java_programs.MERGESORT.mergesort(MERGESORT.java:47)
	at java_programs.MERGESORT.mergesort(MERGESORT.java:47)
	at java_programs.MERGESORT.mergesort(MERGESORT.java:47)
	at java_programs.MERGESORT.mergesort(MERGESORT.java:47)
	at java_programs.MERGESORT.mergesort(MERGESORT.java:47)
	at java_programs.MERGESORT.mergesort(MERGESORT.java:47)
	at java_programs.MERGESORT.mergesort(MERGESORT.java:47)
	at java_programs.MERGESORT.mergesort(MERGESORT.java:47)
	at java_programs.MERGESORT.mergesort(MERGESORT.java:47)
	at java_programs.MERGESORT.mergesort(MERGESORT.java:47)
	at java_programs.MERGESORT.mergesort(MERGESORT.java:47)
	at java_programs.MERGESORT.mergesort(MERGESORT.java:47)
	at java_programs.MERGESORT.mergesort(MERGESORT.java:47)
	at java_programs.MERGESORT.mergesort(MERGESORT.java:47)
	at java_programs.MERGESORT.mergesort(MERGESORT.java:47)
	at java_programs.MERGESORT.mergesort(MERGESORT.java:47)
	at java_programs.MERGESORT.mergesort(MERGESORT.java:47)
	at java_programs.MERGESORT.mergesort(MERGESORT.java:47)
	at java_programs.MERGESORT.mergesort(MERGESORT.java:47)
	at java_programs.MERGESORT.mergesort(MERGESORT.java:47)
	at java_programs.MERGESORT.mergesort(MERGESORT.java:47)
	at java_programs.MERGESORT.mergesort(MERGESORT.java:47)
	at java_programs.MERGESORT.mergesort(MERGESORT.java:47)
	at java_programs.MERGESORT.mergesort(MERGESORT.java:47)
	at java_programs.MERGESORT.mergesort(MERGESORT.java:47)
	at java_programs.MERGESORT.mergesort(MERGESORT.java:47)
	at java_programs.MERGESORT.mergesort(MERGESORT.java:47)
	at java_programs.MERGESORT.mergesort(MERGESORT.java:47)
	at java_programs.MERGESORT.mergesort(MERGESORT.java:47)
	at java_programs.MERGESORT.mergesort(MERGESORT.java:47)
	at java_programs.MERGESORT.mergesort(MERGESORT.java:47)
	at java_programs.MERGESORT.mergesort(MERGESORT.java:47)
	at java_programs.MERGESORT.mergesort(MERGESORT.java:47)
	at java_programs.MERGESORT.mergesort(MERGESORT.java:47)
	at java_programs.MERGESORT.mergesort(MERGESORT.java:47)
	at java_programs.MERGESORT.mergesort(MERGESORT.java:47)
	at java_programs.MERGESORT.mergesort(MERGESORT.java:47)
	at java_programs.MERGESORT.mergesort(MERGESORT.java:47)
	at java_programs.MERGESORT.mergesort(MERGESORT.java:47)
	at java_programs.MERGESORT.mergesort(MERGESORT.java:47)
	at java_programs.MERGESORT.mergesort(MERGESORT.java:47)
	at java_programs.MERGESORT.mergesort(MERGESORT.java:47)
	at java_programs.MERGESORT.mergesort(MERGESORT.java:47)
	at java_programs.MERGESORT.mergesort(MERGESORT.java:47)
	at java_programs.MERGESORT.mergesort(MERGESORT.java:47)
	at java_programs.MERGESORT.mergesort(MERGESORT.java:47)
	at java_programs.MERGESORT.mergesort(MERGESORT.java:47)
	at java_programs.MERGESORT.mergesort(MERGESORT.java:47)
	at java_programs.MERGESORT.mergesort(MERGESORT.java:47)
	at java_programs.MERGESORT.mergesort(MERGESORT.java:47)
	at java_programs.MERGESORT.mergesort(MERGESORT.java:47)
	at java_programs.MERGESORT.mergesort(MERGESORT.java:47)
	at java_programs.MERGESORT.mergesort(MERGESORT.java:47)
	at java_programs.MERGESORT.mergesort(MERGESORT.java:47)
	at java_programs.MERGESORT.mergesort(MERGESORT.java:47)
	at java_programs.MERGESORT.mergesort(MERGESORT.java:47)
	at java_programs.MERGESORT.mergesort(MERGESORT.java:47)
	at java_programs.MERGESORT.mergesort(MERGESORT.java:47)
	at java_programs.MERGESORT.mergesort(MERGESORT.java:47)
	at java_programs.MERGESORT.mergesort(MERGESORT.java:47)
	at java_programs.MERGESORT.mergesort(MERGESORT.java:47)
	at java_programs.MERGESORT.mergesort(MERGESORT.java:47)
	at java_programs.MERGESORT.mergesort(MERGESORT.java:47)
	at java_programs.MERGESORT.mergesort(MERGESORT.java:47)
	at java_programs.MERGESORT.mergesort(MERGESORT.java:47)
	at java_programs.MERGESORT.mergesort(MERGESORT.java:47)
	at java_programs.MERGESORT.mergesort(MERGESORT.java:47)
	at java_programs.MERGESORT.mergesort(MERGESORT.java:47)
	at java_programs.MERGESORT.mergesort(MERGESORT.java:47)
	at java_programs.MERGESORT.mergesort(MERGESORT.java:47)
	at java_programs.MERGESORT.mergesort(MERGESORT.java:47)
	at java_programs.MERGESORT.mergesort(MERGESORT.java:47)
	at java_programs.MERGESORT.mergesort(MERGESORT.java:47)
	at java_programs.MERGESORT.mergesort(MERGESORT.java:47)
	at java_programs.MERGESORT.mergesort(MERGESORT.java:47)
	at java_programs.MERGESORT.mergesort(MERGESORT.java:47)
	at java_programs.MERGESORT.mergesort(MERGESORT.java:47)
	at java_programs.MERGESORT.mergesort(MERGESORT.java:47)
	at java_programs.MERGESORT.mergesort(MERGESORT.java:47)
	at java_programs.MERGESORT.mergesort(MERGESORT.java:47)
	at java_programs.MERGESORT.mergesort(MERGESORT.java:47)
	at java_programs.MERGESORT.mergesort(MERGESORT.java:47)
	at java_programs.MERGESORT.mergesort(MERGESORT.java:47)
	at java_programs.MERGESORT.mergesort(MERGESORT.java:47)
	at java_programs.MERGESORT.mergesort(MERGESORT.java:47)
	at java_programs.MERGESORT.mergesort(MERGESORT.java:47)
	at java_programs.MERGESORT.mergesort(MERGESORT.java:47)
	at java_programs.MERGESORT.mergesort(MERGESORT.java:47)
	at java_programs.MERGESORT.mergesort(MERGESORT.java:47)
	at java_programs.MERGESORT.mergesort(MERGESORT.java:47)
	at java_programs.MERGESORT.mergesort(MERGESORT.java:47)
	at java_programs.MERGESORT.mergesort(MERGESORT.java:47)
	at java_programs.MERGESORT.mergesort(MERGESORT.java:47)
	at java_programs.MERGESORT.mergesort(MERGESORT.java:47)
	at java_programs.MERGESORT.mergesort(MERGESORT.java:47)
	at java_programs.MERGESORT.mergesort(MERGESORT.java:47)
	at java_programs.MERGESORT.mergesort(MERGESORT.java:47)
	at java_programs.MERGESORT.mergesort(MERGESORT.java:47)
	at java_programs.MERGESORT.mergesort(MERGESORT.java:47)
	at java_programs.MERGESORT.mergesort(MERGESORT.java:47)
	at java_programs.MERGESORT.mergesort(MERGESORT.java:47)
	at java_programs.MERGESORT.mergesort(MERGESORT.java:47)
	at java_programs.MERGESORT.mergesort(MERGESORT.java:47)
	at java_programs.MERGESORT.mergesort(MERGESORT.java:47)
	at java_programs.MERGESORT.mergesort(MERGESORT.java:47)
	at java_programs.MERGESORT.mergesort(MERGESORT.java:47)
	at java_programs.MERGESORT.mergesort(MERGESORT.java:47)
	at java_programs.MERGESORT.mergesort(MERGESORT.java:47)
	at java_programs.MERGESORT.mergesort(MERGESORT.java:47)
	at java_programs.MERGESORT.mergesort(MERGESORT.java:47)
	at java_programs.MERGESORT.mergesort(MERGESORT.java:47)
	at java_programs.MERGESORT.mergesort(MERGESORT.java:47)
	at java_programs.MERGESORT.mergesort(MERGESORT.java:47)
	at java_programs.MERGESORT.mergesort(MERGESORT.java:47)
	at java_programs.MERGESORT.mergesort(MERGESORT.java:47)
	at java_programs.MERGESORT.mergesort(MERGESORT.java:47)
	at java_programs.MERGESORT.mergesort(MERGESORT.java:47)
	at java_programs.MERGESORT.mergesort(MERGESORT.java:47)
	at java_programs.MERGESORT.mergesort(MERGESORT.java:47)
	at java_programs.MERGESORT.mergesort(MERGESORT.java:47)
	at java_programs.MERGESORT.mergesort(MERGESORT.java:47)
	at java_programs.MERGESORT.mergesort(MERGESORT.java:47)
	at java_programs.MERGESORT.mergesort(MERGESORT.java:47)
	at java_programs.MERGESORT.mergesort(MERGESORT.java:47)
	at java_programs.MERGESORT.mergesort(MERGESORT.java:47)
	at java_programs.MERGESORT.mergesort(MERGESORT.java:47)
	at java_programs.MERGESORT.mergesort(MERGESORT.java:47)
	at java_programs.MERGESORT.mergesort(MERGESORT.java:47)
	at java_programs.MERGESORT.mergesort(MERGESORT.java:47)
	at java_programs.MERGESORT.mergesort(MERGESORT.java:47)
	at java_programs.MERGESORT.mergesort(MERGESORT.java:47)
	at java_programs.MERGESORT.mergesort(MERGESORT.java:47)
	at java_programs.MERGESORT.mergesort(MERGESORT.java:47)
	at java_programs.MERGESORT.mergesort(MERGESORT.java:47)
	at java_programs.MERGESORT.mergesort(MERGESORT.java:47)
	at java_programs.MERGESORT.mergesort(MERGESORT.java:47)
	at java_programs.MERGESORT.mergesort(MERGESORT.java:47)
	at java_programs.MERGESORT.mergesort(MERGESORT.java:47)
	at java_programs.MERGESORT.mergesort(MERGESORT.java:47)
	at java_programs.MERGESORT.mergesort(MERGESORT.java:47)
	at java_programs.MERGESORT.mergesort(MERGESORT.java:47)
	at java_programs.MERGESORT.mergesort(MERGESORT.java:47)
	at java_programs.MERGESORT.mergesort(MERGESORT.java:47)
	at java_programs.MERGESORT.mergesort(MERGESORT.java:47)
	at java_programs.MERGESORT.mergesort(MERGESORT.java:47)
	at java_programs.MERGESORT.mergesort(MERGESORT.java:47)
	at java_programs.MERGESORT.mergesort(MERGESORT.java:47)
	at java_programs.MERGESORT.mergesort(MERGESORT.java:47)
	at java_programs.MERGESORT.mergesort(MERGESORT.java:47)
	at java_programs.MERGESORT.mergesort(MERGESORT.java:47)
	at java_programs.MERGESORT.mergesort(MERGESORT.java:47)
	at java_programs.MERGESORT.mergesort(MERGESORT.java:47)
	at java_programs.MERGESORT.mergesort(MERGESORT.java:47)
	at java_programs.MERGESORT.mergesort(MERGESORT.java:47)
	at java_programs.MERGESORT.mergesort(MERGESORT.java:47)
	at java_programs.MERGESORT.mergesort(MERGESORT.java:47)
	at java_programs.MERGESORT.mergesort(MERGESORT.java:47)
	at java_programs.MERGESORT.mergesort(MERGESORT.java:47)
	at java_programs.MERGESORT.mergesort(MERGESORT.java:47)
	at java_programs.MERGESORT.mergesort(MERGESORT.java:47)
	at java_programs.MERGESORT.mergesort(MERGESORT.java:47)
	at java_programs.MERGESORT.mergesort(MERGESORT.java:47)
	at java_programs.MERGESORT.mergesort(MERGESORT.java:47)
	at java_programs.MERGESORT.mergesort(MERGESORT.java:47)
	at java_programs.MERGESORT.mergesort(MERGESORT.java:47)
	at java_programs.MERGESORT.mergesort(MERGESORT.java:47)
	at java_programs.MERGESORT.mergesort(MERGESORT.java:47)
	at java_programs.MERGESORT.mergesort(MERGESORT.java:47)
	at java_programs.MERGESORT.mergesort(MERGESORT.java:47)
	at java_programs.MERGESORT.mergesort(MERGESORT.java:47)
	at java_programs.MERGESORT.mergesort(MERGESORT.java:47)
	at java_programs.MERGESORT.mergesort(MERGESORT.java:47)
	at java_programs.MERGESORT.mergesort(MERGESORT.java:47)
	at java_programs.MERGESORT.mergesort(MERGESORT.java:47)
	at java_programs.MERGESORT.mergesort(MERGESORT.java:47)
	at java_programs.MERGESORT.mergesort(MERGESORT.java:47)
	at java_programs.MERGESORT.mergesort(MERGESORT.java:47)
	at java_programs.MERGESORT.mergesort(MERGESORT.java:47)
	at java_programs.MERGESORT.mergesort(MERGESORT.java:47)
	at java_programs.MERGESORT.mergesort(MERGESORT.java:47)
	at java_programs.MERGESORT.mergesort(MERGESORT.java:47)
	at java_programs.MERGESORT.mergesort(MERGESORT.java:47)
	at java_programs.MERGESORT.mergesort(MERGESORT.java:47)
	at java_programs.MERGESORT.mergesort(MERGESORT.java:47)
	at java_programs.MERGESORT.mergesort(MERGESORT.java:47)
	at java_programs.MERGESORT.mergesort(MERGESORT.java:47)
	at java_programs.MERGESORT.mergesort(MERGESORT.java:47)
	at java_programs.MERGESORT.mergesort(MERGESORT.java:47)
	at java_programs.MERGESORT.mergesort(MERGESORT.java:47)
	at java_programs.MERGESORT.mergesort(MERGESORT.java:47)
	at java_programs.MERGESORT.mergesort(MERGESORT.java:47)
	at java_programs.MERGESORT.mergesort(MERGESORT.java:47)
	at java_programs.MERGESORT.mergesort(MERGESORT.java:47)
	at java_programs.MERGESORT.mergesort(MERGESORT.java:47)
	at java_programs.MERGESORT.mergesort(MERGESORT.java:47)
	at java_programs.MERGESORT.mergesort(MERGESORT.java:47)
	at java_programs.MERGESORT.mergesort(MERGESORT.java:47)
	at java_programs.MERGESORT.mergesort(MERGESORT.java:47)
	at java_programs.MERGESORT.mergesort(MERGESORT.java:47)
	at java_programs.MERGESORT.mergesort(MERGESORT.java:47)
	at java_programs.MERGESORT.mergesort(MERGESORT.java:47)
	at java_programs.MERGESORT.mergesort(MERGESORT.java:47)
	at java_programs.MERGESORT.mergesort(MERGESORT.java:47)
	at java_programs.MERGESORT.mergesort(MERGESORT.java:47)
	at java_programs.MERGESORT.mergesort(MERGESORT.java:47)
	at java_programs.MERGESORT.mergesort(MERGESORT.java:47)
	at java_programs.MERGESORT.mergesort(MERGESORT.java:47)
	at java_programs.MERGESORT.mergesort(MERGESORT.java:47)
	at java_programs.MERGESORT.mergesort(MERGESORT.java:47)
	at java_programs.MERGESORT.mergesort(MERGESORT.java:47)
	at java_programs.MERGESORT.mergesort(MERGESORT.java:47)
	at java_programs.MERGESORT.mergesort(MERGESORT.java:47)
	at java_programs.MERGESORT.mergesort(MERGESORT.java:47)
	at java_programs.MERGESORT.mergesort(MERGESORT.java:47)
	at java_programs.MERGESORT.mergesort(MERGESORT.java:47)
	at java_programs.MERGESORT.mergesort(MERGESORT.java:47)
	at java_programs.MERGESORT.mergesort(MERGESORT.java:47)
	at java_programs.MERGESORT.mergesort(MERGESORT.java:47)
	at java_programs.MERGESORT.mergesort(MERGESORT.java:47)
	at java_programs.MERGESORT.mergesort(MERGESORT.java:47)
	at java_programs.MERGESORT.mergesort(MERGESORT.java:47)
	at java_programs.MERGESORT.mergesort(MERGESORT.java:47)
	at java_programs.MERGESORT.mergesort(MERGESORT.java:47)
	at java_programs.MERGESORT.mergesort(MERGESORT.java:47)
	at java_programs.MERGESORT.mergesort(MERGESORT.java:47)
	at java_programs.MERGESORT.mergesort(MERGESORT.java:47)
	at java_programs.MERGESORT.mergesort(MERGESORT.java:47)
	at java_programs.MERGESORT.mergesort(MERGESORT.java:47)
	at java_programs.MERGESORT.mergesort(MERGESORT.java:47)
	at java_programs.MERGESORT.mergesort(MERGESORT.java:47)
	at java_programs.MERGESORT.mergesort(MERGESORT.java:47)
	at java_programs.MERGESORT.mergesort(MERGESORT.java:47)
	at java_programs.MERGESORT.mergesort(MERGESORT.java:47)
	at java_programs.MERGESORT.mergesort(MERGESORT.java:47)
	at java_programs.MERGESORT.mergesort(MERGESORT.java:47)
	at java_programs.MERGESORT.mergesort(MERGESORT.java:47)
	at java_programs.MERGESORT.mergesort(MERGESORT.java:47)
	at java_programs.MERGESORT.mergesort(MERGESORT.java:47)
	at java_programs.MERGESORT.mergesort(MERGESORT.java:47)
	at java_programs.MERGESORT.mergesort(MERGESORT.java:47)
	at java_programs.MERGESORT.mergesort(MERGESORT.java:47)
	at java_programs.MERGESORT.mergesort(MERGESORT.java:47)
	at java_programs.MERGESORT.mergesort(MERGESORT.java:47)
	at java_programs.MERGESORT.mergesort(MERGESORT.java:47)
	at java_programs.MERGESORT.mergesort(MERGESORT.java:47)
	at java_programs.MERGESORT.mergesort(MERGESORT.java:47)
	at java_programs.MERGESORT.mergesort(MERGESORT.java:47)
	at java_programs.MERGESORT.mergesort(MERGESORT.java:47)
	at java_programs.MERGESORT.mergesort(MERGESORT.java:47)
	at java_programs.MERGESORT.mergesort(MERGESORT.java:47)
	at java_programs.MERGESORT.mergesort(MERGESORT.java:47)
	at java_programs.MERGESORT.mergesort(MERGESORT.java:47)
	at java_programs.MERGESORT.mergesort(MERGESORT.java:47)
	at java_programs.MERGESORT.mergesort(MERGESORT.java:47)
	at java_programs.MERGESORT.mergesort(MERGESORT.java:47)
	at java_programs.MERGESORT.mergesort(MERGESORT.java:47)
	at java_programs.MERGESORT.mergesort(MERGESORT.java:47)
	at java_programs.MERGESORT.mergesort(MERGESORT.java:47)
	at java_programs.MERGESORT.mergesort(MERGESORT.java:47)
	at java_programs.MERGESORT.mergesort(MERGESORT.java:47)
	at java_programs.MERGESORT.mergesort(MERGESORT.java:47)
	at java_programs.MERGESORT.mergesort(MERGESORT.java:47)
	at java_programs.MERGESORT.mergesort(MERGESORT.java:47)
	at java_programs.MERGESORT.mergesort(MERGESORT.java:47)
	at java_programs.MERGESORT.mergesort(MERGESORT.java:47)
	at java_programs.MERGESORT.mergesort(MERGESORT.java:47)
</failure>
  </testcase>
  <testcase name="test_12()" classname="test.java.MERGESORT_TEST" time="0.003">
    <failure message="java.lang.StackOverflowError" type="java.lang.StackOverflowError">java.lang.StackOverflowError
	at java_programs.MERGESORT.mergesort(MERGESORT.java:42)
	at java_programs.MERGESORT.mergesort(MERGESORT.java:47)
	at java_programs.MERGESORT.mergesort(MERGESORT.java:47)
	at java_programs.MERGESORT.mergesort(MERGESORT.java:47)
	at java_programs.MERGESORT.mergesort(MERGESORT.java:47)
	at java_programs.MERGESORT.mergesort(MERGESORT.java:47)
	at java_programs.MERGESORT.mergesort(MERGESORT.java:47)
	at java_programs.MERGESORT.mergesort(MERGESORT.java:47)
	at java_programs.MERGESORT.mergesort(MERGESORT.java:47)
	at java_programs.MERGESORT.mergesort(MERGESORT.java:47)
	at java_programs.MERGESORT.mergesort(MERGESORT.java:47)
	at java_programs.MERGESORT.mergesort(MERGESORT.java:47)
	at java_programs.MERGESORT.mergesort(MERGESORT.java:47)
	at java_programs.MERGESORT.mergesort(MERGESORT.java:47)
	at java_programs.MERGESORT.mergesort(MERGESORT.java:47)
	at java_programs.MERGESORT.mergesort(MERGESORT.java:47)
	at java_programs.MERGESORT.mergesort(MERGESORT.java:47)
	at java_programs.MERGESORT.mergesort(MERGESORT.java:47)
	at java_programs.MERGESORT.mergesort(MERGESORT.java:47)
	at java_programs.MERGESORT.mergesort(MERGESORT.java:47)
	at java_programs.MERGESORT.mergesort(MERGESORT.java:47)
	at java_programs.MERGESORT.mergesort(MERGESORT.java:47)
	at java_programs.MERGESORT.mergesort(MERGESORT.java:47)
	at java_programs.MERGESORT.mergesort(MERGESORT.java:47)
	at java_programs.MERGESORT.mergesort(MERGESORT.java:47)
	at java_programs.MERGESORT.mergesort(MERGESORT.java:47)
	at java_programs.MERGESORT.mergesort(MERGESORT.java:47)
	at java_programs.MERGESORT.mergesort(MERGESORT.java:47)
	at java_programs.MERGESORT.mergesort(MERGESORT.java:47)
	at java_programs.MERGESORT.mergesort(MERGESORT.java:47)
	at java_programs.MERGESORT.mergesort(MERGESORT.java:47)
	at java_programs.MERGESORT.mergesort(MERGESORT.java:47)
	at java_programs.MERGESORT.mergesort(MERGESORT.java:47)
	at java_programs.MERGESORT.mergesort(MERGESORT.java:47)
	at java_programs.MERGESORT.mergesort(MERGESORT.java:47)
	at java_programs.MERGESORT.mergesort(MERGESORT.java:47)
	at java_programs.MERGESORT.mergesort(MERGESORT.java:47)
	at java_programs.MERGESORT.mergesort(MERGESORT.java:47)
	at java_programs.MERGESORT.mergesort(MERGESORT.java:47)
	at java_programs.MERGESORT.mergesort(MERGESORT.java:47)
	at java_programs.MERGESORT.mergesort(MERGESORT.java:47)
	at java_programs.MERGESORT.mergesort(MERGESORT.java:47)
	at java_programs.MERGESORT.mergesort(MERGESORT.java:47)
	at java_programs.MERGESORT.mergesort(MERGESORT.java:47)
	at java_programs.MERGESORT.mergesort(MERGESORT.java:47)
	at java_programs.MERGESORT.mergesort(MERGESORT.java:47)
	at java_programs.MERGESORT.mergesort(MERGESORT.java:47)
	at java_programs.MERGESORT.mergesort(MERGESORT.java:47)
	at java_programs.MERGESORT.mergesort(MERGESORT.java:47)
	at java_programs.MERGESORT.mergesort(MERGESORT.java:47)
	at java_programs.MERGESORT.mergesort(MERGESORT.java:47)
	at java_programs.MERGESORT.mergesort(MERGESORT.java:47)
	at java_programs.MERGESORT.mergesort(MERGESORT.java:47)
	at java_programs.MERGESORT.mergesort(MERGESORT.java:47)
	at java_programs.MERGESORT.mergesort(MERGESORT.java:47)
	at java_programs.MERGESORT.mergesort(MERGESORT.java:47)
	at java_programs.MERGESORT.mergesort(MERGESORT.java:47)
	at java_programs.MERGESORT.mergesort(MERGESORT.java:47)
	at java_programs.MERGESORT.mergesort(MERGESORT.java:47)
	at java_programs.MERGESORT.mergesort(MERGESORT.java:47)
	at java_programs.MERGESORT.mergesort(MERGESORT.java:47)
	at java_programs.MERGESORT.mergesort(MERGESORT.java:47)
	at java_programs.MERGESORT.mergesort(MERGESORT.java:47)
	at java_programs.MERGESORT.mergesort(MERGESORT.java:47)
	at java_programs.MERGESORT.mergesort(MERGESORT.java:47)
	at java_programs.MERGESORT.mergesort(MERGESORT.java:47)
	at java_programs.MERGESORT.mergesort(MERGESORT.java:47)
	at java_programs.MERGESORT.mergesort(MERGESORT.java:47)
	at java_programs.MERGESORT.mergesort(MERGESORT.java:47)
	at java_programs.MERGESORT.mergesort(MERGESORT.java:47)
	at java_programs.MERGESORT.mergesort(MERGESORT.java:47)
	at java_programs.MERGESORT.mergesort(MERGESORT.java:47)
	at java_programs.MERGESORT.mergesort(MERGESORT.java:47)
	at java_programs.MERGESORT.mergesort(MERGESORT.java:47)
	at java_programs.MERGESORT.mergesort(MERGESORT.java:47)
	at java_programs.MERGESORT.mergesort(MERGESORT.java:47)
	at java_programs.MERGESORT.mergesort(MERGESORT.java:47)
	at java_programs.MERGESORT.mergesort(MERGESORT.java:47)
	at java_programs.MERGESORT.mergesort(MERGESORT.java:47)
	at java_programs.MERGESORT.mergesort(MERGESORT.java:47)
	at java_programs.MERGESORT.mergesort(MERGESORT.java:47)
	at java_programs.MERGESORT.mergesort(MERGESORT.java:47)
	at java_programs.MERGESORT.mergesort(MERGESORT.java:47)
	at java_programs.MERGESORT.mergesort(MERGESORT.java:47)
	at java_programs.MERGESORT.mergesort(MERGESORT.java:47)
	at java_programs.MERGESORT.mergesort(MERGESORT.java:47)
	at java_programs.MERGESORT.mergesort(MERGESORT.java:47)
	at java_programs.MERGESORT.mergesort(MERGESORT.java:47)
	at java_programs.MERGESORT.mergesort(MERGESORT.java:47)
	at java_programs.MERGESORT.mergesort(MERGESORT.java:47)
	at java_programs.MERGESORT.mergesort(MERGESORT.java:47)
	at java_programs.MERGESORT.mergesort(MERGESORT.java:47)
	at java_programs.MERGESORT.mergesort(MERGESORT.java:47)
	at java_programs.MERGESORT.mergesort(MERGESORT.java:47)
	at java_programs.MERGESORT.mergesort(MERGESORT.java:47)
	at java_programs.MERGESORT.mergesort(MERGESORT.java:47)
	at java_programs.MERGESORT.mergesort(MERGESORT.java:47)
	at java_programs.MERGESORT.mergesort(MERGESORT.java:47)
	at java_programs.MERGESORT.mergesort(MERGESORT.java:47)
	at java_programs.MERGESORT.mergesort(MERGESORT.java:47)
	at java_programs.MERGESORT.mergesort(MERGESORT.java:47)
	at java_programs.MERGESORT.mergesort(MERGESORT.java:47)
	at java_programs.MERGESORT.mergesort(MERGESORT.java:47)
	at java_programs.MERGESORT.mergesort(MERGESORT.java:47)
	at java_programs.MERGESORT.mergesort(MERGESORT.java:47)
	at java_programs.MERGESORT.mergesort(MERGESORT.java:47)
	at java_programs.MERGESORT.mergesort(MERGESORT.java:47)
	at java_programs.MERGESORT.mergesort(MERGESORT.java:47)
	at java_programs.MERGESORT.mergesort(MERGESORT.java:47)
	at java_programs.MERGESORT.mergesort(MERGESORT.java:47)
	at java_programs.MERGESORT.mergesort(MERGESORT.java:47)
	at java_programs.MERGESORT.mergesort(MERGESORT.java:47)
	at java_programs.MERGESORT.mergesort(MERGESORT.java:47)
	at java_programs.MERGESORT.mergesort(MERGESORT.java:47)
	at java_programs.MERGESORT.mergesort(MERGESORT.java:47)
	at java_programs.MERGESORT.mergesort(MERGESORT.java:47)
	at java_programs.MERGESORT.mergesort(MERGESORT.java:47)
	at java_programs.MERGESORT.mergesort(MERGESORT.java:47)
	at java_programs.MERGESORT.mergesort(MERGESORT.java:47)
	at java_programs.MERGESORT.mergesort(MERGESORT.java:47)
	at java_programs.MERGESORT.mergesort(MERGESORT.java:47)
	at java_programs.MERGESORT.mergesort(MERGESORT.java:47)
	at java_programs.MERGESORT.mergesort(MERGESORT.java:47)
	at java_programs.MERGESORT.mergesort(MERGESORT.java:47)
	at java_programs.MERGESORT.mergesort(MERGESORT.java:47)
	at java_programs.MERGESORT.mergesort(MERGESORT.java:47)
	at java_programs.MERGESORT.mergesort(MERGESORT.java:47)
	at java_programs.MERGESORT.mergesort(MERGESORT.java:47)
	at java_programs.MERGESORT.mergesort(MERGESORT.java:47)
	at java_programs.MERGESORT.mergesort(MERGESORT.java:47)
	at java_programs.MERGESORT.mergesort(MERGESORT.java:47)
	at java_programs.MERGESORT.mergesort(MERGESORT.java:47)
	at java_programs.MERGESORT.mergesort(MERGESORT.java:47)
	at java_programs.MERGESORT.mergesort(MERGESORT.java:47)
	at java_programs.MERGESORT.mergesort(MERGESORT.java:47)
	at java_programs.MERGESORT.mergesort(MERGESORT.java:47)
	at java_programs.MERGESORT.mergesort(MERGESORT.java:47)
	at java_programs.MERGESORT.mergesort(MERGESORT.java:47)
	at java_programs.MERGESORT.mergesort(MERGESORT.java:47)
	at java_programs.MERGESORT.mergesort(MERGESORT.java:47)
	at java_programs.MERGESORT.mergesort(MERGESORT.java:47)
	at java_programs.MERGESORT.mergesort(MERGESORT.java:47)
	at java_programs.MERGESORT.mergesort(MERGESORT.java:47)
	at java_programs.MERGESORT.mergesort(MERGESORT.java:47)
	at java_programs.MERGESORT.mergesort(MERGESORT.java:47)
	at java_programs.MERGESORT.mergesort(MERGESORT.java:47)
	at java_programs.MERGESORT.mergesort(MERGESORT.java:47)
	at java_programs.MERGESORT.mergesort(MERGESORT.java:47)
	at java_programs.MERGESORT.mergesort(MERGESORT.java:47)
	at java_programs.MERGESORT.mergesort(MERGESORT.java:47)
	at java_programs.MERGESORT.mergesort(MERGESORT.java:47)
	at java_programs.MERGESORT.mergesort(MERGESORT.java:47)
	at java_programs.MERGESORT.mergesort(MERGESORT.java:47)
	at java_programs.MERGESORT.mergesort(MERGESORT.java:47)
	at java_programs.MERGESORT.mergesort(MERGESORT.java:47)
	at java_programs.MERGESORT.mergesort(MERGESORT.java:47)
	at java_programs.MERGESORT.mergesort(MERGESORT.java:47)
	at java_programs.MERGESORT.mergesort(MERGESORT.java:47)
	at java_programs.MERGESORT.mergesort(MERGESORT.java:47)
	at java_programs.MERGESORT.mergesort(MERGESORT.java:47)
	at java_programs.MERGESORT.mergesort(MERGESORT.java:47)
	at java_programs.MERGESORT.mergesort(MERGESORT.java:47)
	at java_programs.MERGESORT.mergesort(MERGESORT.java:47)
	at java_programs.MERGESORT.mergesort(MERGESORT.java:47)
	at java_programs.MERGESORT.mergesort(MERGESORT.java:47)
	at java_programs.MERGESORT.mergesort(MERGESORT.java:47)
	at java_programs.MERGESORT.mergesort(MERGESORT.java:47)
	at java_programs.MERGESORT.mergesort(MERGESORT.java:47)
	at java_programs.MERGESORT.mergesort(MERGESORT.java:47)
	at java_programs.MERGESORT.mergesort(MERGESORT.java:47)
	at java_programs.MERGESORT.mergesort(MERGESORT.java:47)
	at java_programs.MERGESORT.mergesort(MERGESORT.java:47)
	at java_programs.MERGESORT.mergesort(MERGESORT.java:47)
	at java_programs.MERGESORT.mergesort(MERGESORT.java:47)
	at java_programs.MERGESORT.mergesort(MERGESORT.java:47)
	at java_programs.MERGESORT.mergesort(MERGESORT.java:47)
	at java_programs.MERGESORT.mergesort(MERGESORT.java:47)
	at java_programs.MERGESORT.mergesort(MERGESORT.java:47)
	at java_programs.MERGESORT.mergesort(MERGESORT.java:47)
	at java_programs.MERGESORT.mergesort(MERGESORT.java:47)
	at java_programs.MERGESORT.mergesort(MERGESORT.java:47)
	at java_programs.MERGESORT.mergesort(MERGESORT.java:47)
	at java_programs.MERGESORT.mergesort(MERGESORT.java:47)
	at java_programs.MERGESORT.mergesort(MERGESORT.java:47)
	at java_programs.MERGESORT.mergesort(MERGESORT.java:47)
	at java_programs.MERGESORT.mergesort(MERGESORT.java:47)
	at java_programs.MERGESORT.mergesort(MERGESORT.java:47)
	at java_programs.MERGESORT.mergesort(MERGESORT.java:47)
	at java_programs.MERGESORT.mergesort(MERGESORT.java:47)
	at java_programs.MERGESORT.mergesort(MERGESORT.java:47)
	at java_programs.MERGESORT.mergesort(MERGESORT.java:47)
	at java_programs.MERGESORT.mergesort(MERGESORT.java:47)
	at java_programs.MERGESORT.mergesort(MERGESORT.java:47)
	at java_programs.MERGESORT.mergesort(MERGESORT.java:47)
	at java_programs.MERGESORT.mergesort(MERGESORT.java:47)
	at java_programs.MERGESORT.mergesort(MERGESORT.java:47)
	at java_programs.MERGESORT.mergesort(MERGESORT.java:47)
	at java_programs.MERGESORT.mergesort(MERGESORT.java:47)
	at java_programs.MERGESORT.mergesort(MERGESORT.java:47)
	at java_programs.MERGESORT.mergesort(MERGESORT.java:47)
	at java_programs.MERGESORT.mergesort(MERGESORT.java:47)
	at java_programs.MERGESORT.mergesort(MERGESORT.java:47)
	at java_programs.MERGESORT.mergesort(MERGESORT.java:47)
	at java_programs.MERGESORT.mergesort(MERGESORT.java:47)
	at java_programs.MERGESORT.mergesort(MERGESORT.java:47)
	at java_programs.MERGESORT.mergesort(MERGESORT.java:47)
	at java_programs.MERGESORT.mergesort(MERGESORT.java:47)
	at java_programs.MERGESORT.mergesort(MERGESORT.java:47)
	at java_programs.MERGESORT.mergesort(MERGESORT.java:47)
	at java_programs.MERGESORT.mergesort(MERGESORT.java:47)
	at java_programs.MERGESORT.mergesort(MERGESORT.java:47)
	at java_programs.MERGESORT.mergesort(MERGESORT.java:47)
	at java_programs.MERGESORT.mergesort(MERGESORT.java:47)
	at java_programs.MERGESORT.mergesort(MERGESORT.java:47)
	at java_programs.MERGESORT.mergesort(MERGESORT.java:47)
	at java_programs.MERGESORT.mergesort(MERGESORT.java:47)
	at java_programs.MERGESORT.mergesort(MERGESORT.java:47)
	at java_programs.MERGESORT.mergesort(MERGESORT.java:47)
	at java_programs.MERGESORT.mergesort(MERGESORT.java:47)
	at java_programs.MERGESORT.mergesort(MERGESORT.java:47)
	at java_programs.MERGESORT.mergesort(MERGESORT.java:47)
	at java_programs.MERGESORT.mergesort(MERGESORT.java:47)
	at java_programs.MERGESORT.mergesort(MERGESORT.java:47)
	at java_programs.MERGESORT.mergesort(MERGESORT.java:47)
	at java_programs.MERGESORT.mergesort(MERGESORT.java:47)
	at java_programs.MERGESORT.mergesort(MERGESORT.java:47)
	at java_programs.MERGESORT.mergesort(MERGESORT.java:47)
	at java_programs.MERGESORT.mergesort(MERGESORT.java:47)
	at java_programs.MERGESORT.mergesort(MERGESORT.java:47)
	at java_programs.MERGESORT.mergesort(MERGESORT.java:47)
	at java_programs.MERGESORT.mergesort(MERGESORT.java:47)
	at java_programs.MERGESORT.mergesort(MERGESORT.java:47)
	at java_programs.MERGESORT.mergesort(MERGESORT.java:47)
	at java_programs.MERGESORT.mergesort(MERGESORT.java:47)
	at java_programs.MERGESORT.mergesort(MERGESORT.java:47)
	at java_programs.MERGESORT.mergesort(MERGESORT.java:47)
	at java_programs.MERGESORT.mergesort(MERGESORT.java:47)
	at java_programs.MERGESORT.mergesort(MERGESORT.java:47)
	at java_programs.MERGESORT.mergesort(MERGESORT.java:47)
	at java_programs.MERGESORT.mergesort(MERGESORT.java:47)
	at java_programs.MERGESORT.mergesort(MERGESORT.java:47)
	at java_programs.MERGESORT.mergesort(MERGESORT.java:47)
	at java_programs.MERGESORT.mergesort(MERGESORT.java:47)
	at java_programs.MERGESORT.mergesort(MERGESORT.java:47)
	at java_programs.MERGESORT.mergesort(MERGESORT.java:47)
	at java_programs.MERGESORT.mergesort(MERGESORT.java:47)
	at java_programs.MERGESORT.mergesort(MERGESORT.java:47)
	at java_programs.MERGESORT.mergesort(MERGESORT.java:47)
	at java_programs.MERGESORT.mergesort(MERGESORT.java:47)
	at java_programs.MERGESORT.mergesort(MERGESORT.java:47)
	at java_programs.MERGESORT.mergesort(MERGESORT.java:47)
	at java_programs.MERGESORT.mergesort(MERGESORT.java:47)
	at java_programs.MERGESORT.mergesort(MERGESORT.java:47)
	at java_programs.MERGESORT.mergesort(MERGESORT.java:47)
	at java_programs.MERGESORT.mergesort(MERGESORT.java:47)
	at java_programs.MERGESORT.mergesort(MERGESORT.java:47)
	at java_programs.MERGESORT.mergesort(MERGESORT.java:47)
	at java_programs.MERGESORT.mergesort(MERGESORT.java:47)
	at java_programs.MERGESORT.mergesort(MERGESORT.java:47)
	at java_programs.MERGESORT.mergesort(MERGESORT.java:47)
	at java_programs.MERGESORT.mergesort(MERGESORT.java:47)
	at java_programs.MERGESORT.mergesort(MERGESORT.java:47)
	at java_programs.MERGESORT.mergesort(MERGESORT.java:47)
	at java_programs.MERGESORT.mergesort(MERGESORT.java:47)
	at java_programs.MERGESORT.mergesort(MERGESORT.java:47)
	at java_programs.MERGESORT.mergesort(MERGESORT.java:47)
	at java_programs.MERGESORT.mergesort(MERGESORT.java:47)
	at java_programs.MERGESORT.mergesort(MERGESORT.java:47)
	at java_programs.MERGESORT.mergesort(MERGESORT.java:47)
	at java_programs.MERGESORT.mergesort(MERGESORT.java:47)
	at java_programs.MERGESORT.mergesort(MERGESORT.java:47)
	at java_programs.MERGESORT.mergesort(MERGESORT.java:47)
	at java_programs.MERGESORT.mergesort(MERGESORT.java:47)
	at java_programs.MERGESORT.mergesort(MERGESORT.java:47)
	at java_programs.MERGESORT.mergesort(MERGESORT.java:47)
	at java_programs.MERGESORT.mergesort(MERGESORT.java:47)
	at java_programs.MERGESORT.mergesort(MERGESORT.java:47)
	at java_programs.MERGESORT.mergesort(MERGESORT.java:47)
	at java_programs.MERGESORT.mergesort(MERGESORT.java:47)
	at java_programs.MERGESORT.mergesort(MERGESORT.java:47)
	at java_programs.MERGESORT.mergesort(MERGESORT.java:47)
	at java_programs.MERGESORT.mergesort(MERGESORT.java:47)
	at java_programs.MERGESORT.mergesort(MERGESORT.java:47)
	at java_programs.MERGESORT.mergesort(MERGESORT.java:47)
	at java_programs.MERGESORT.mergesort(MERGESORT.java:47)
	at java_programs.MERGESORT.mergesort(MERGESORT.java:47)
	at java_programs.MERGESORT.mergesort(MERGESORT.java:47)
	at java_programs.MERGESORT.mergesort(MERGESORT.java:47)
	at java_programs.MERGESORT.mergesort(MERGESORT.java:47)
	at java_programs.MERGESORT.mergesort(MERGESORT.java:47)
	at java_programs.MERGESORT.mergesort(MERGESORT.java:47)
	at java_programs.MERGESORT.mergesort(MERGESORT.java:47)
	at java_programs.MERGESORT.mergesort(MERGESORT.java:47)
	at java_programs.MERGESORT.mergesort(MERGESORT.java:47)
	at java_programs.MERGESORT.mergesort(MERGESORT.java:47)
	at java_programs.MERGESORT.mergesort(MERGESORT.java:47)
	at java_programs.MERGESORT.mergesort(MERGESORT.java:47)
	at java_programs.MERGESORT.mergesort(MERGESORT.java:47)
	at java_programs.MERGESORT.mergesort(MERGESORT.java:47)
	at java_programs.MERGESORT.mergesort(MERGESORT.java:47)
	at java_programs.MERGESORT.mergesort(MERGESORT.java:47)
	at java_programs.MERGESORT.mergesort(MERGESORT.java:47)
	at java_programs.MERGESORT.mergesort(MERGESORT.java:47)
	at java_programs.MERGESORT.mergesort(MERGESORT.java:47)
	at java_programs.MERGESORT.mergesort(MERGESORT.java:47)
	at java_programs.MERGESORT.mergesort(MERGESORT.java:47)
	at java_programs.MERGESORT.mergesort(MERGESORT.java:47)
	at java_programs.MERGESORT.mergesort(MERGESORT.java:47)
	at java_programs.MERGESORT.mergesort(MERGESORT.java:47)
	at java_programs.MERGESORT.mergesort(MERGESORT.java:47)
	at java_programs.MERGESORT.mergesort(MERGESORT.java:47)
	at java_programs.MERGESORT.mergesort(MERGESORT.java:47)
	at java_programs.MERGESORT.mergesort(MERGESORT.java:47)
	at java_programs.MERGESORT.mergesort(MERGESORT.java:47)
	at java_programs.MERGESORT.mergesort(MERGESORT.java:47)
	at java_programs.MERGESORT.mergesort(MERGESORT.java:47)
	at java_programs.MERGESORT.mergesort(MERGESORT.java:47)
	at java_programs.MERGESORT.mergesort(MERGESORT.java:47)
	at java_programs.MERGESORT.mergesort(MERGESORT.java:47)
	at java_programs.MERGESORT.mergesort(MERGESORT.java:47)
	at java_programs.MERGESORT.mergesort(MERGESORT.java:47)
	at java_programs.MERGESORT.mergesort(MERGESORT.java:47)
	at java_programs.MERGESORT.mergesort(MERGESORT.java:47)
	at java_programs.MERGESORT.mergesort(MERGESORT.java:47)
	at java_programs.MERGESORT.mergesort(MERGESORT.java:47)
	at java_programs.MERGESORT.mergesort(MERGESORT.java:47)
	at java_programs.MERGESORT.mergesort(MERGESORT.java:47)
	at java_programs.MERGESORT.mergesort(MERGESORT.java:47)
	at java_programs.MERGESORT.mergesort(MERGESORT.java:47)
	at java_programs.MERGESORT.mergesort(MERGESORT.java:47)
	at java_programs.MERGESORT.mergesort(MERGESORT.java:47)
	at java_programs.MERGESORT.mergesort(MERGESORT.java:47)
	at java_programs.MERGESORT.mergesort(MERGESORT.java:47)
	at java_programs.MERGESORT.mergesort(MERGESORT.java:47)
	at java_programs.MERGESORT.mergesort(MERGESORT.java:47)
	at java_programs.MERGESORT.mergesort(MERGESORT.java:47)
	at java_programs.MERGESORT.mergesort(MERGESORT.java:47)
	at java_programs.MERGESORT.mergesort(MERGESORT.java:47)
	at java_programs.MERGESORT.mergesort(MERGESORT.java:47)
	at java_programs.MERGESORT.mergesort(MERGESORT.java:47)
	at java_programs.MERGESORT.mergesort(MERGESORT.java:47)
	at java_programs.MERGESORT.mergesort(MERGESORT.java:47)
	at java_programs.MERGESORT.mergesort(MERGESORT.java:47)
	at java_programs.MERGESORT.mergesort(MERGESORT.java:47)
	at java_programs.MERGESORT.mergesort(MERGESORT.java:47)
	at java_programs.MERGESORT.mergesort(MERGESORT.java:47)
	at java_programs.MERGESORT.mergesort(MERGESORT.java:47)
	at java_programs.MERGESORT.mergesort(MERGESORT.java:47)
	at java_programs.MERGESORT.mergesort(MERGESORT.java:47)
	at java_programs.MERGESORT.mergesort(MERGESORT.java:47)
	at java_programs.MERGESORT.mergesort(MERGESORT.java:47)
	at java_programs.MERGESORT.mergesort(MERGESORT.java:47)
	at java_programs.MERGESORT.mergesort(MERGESORT.java:47)
	at java_programs.MERGESORT.mergesort(MERGESORT.java:47)
	at java_programs.MERGESORT.mergesort(MERGESORT.java:47)
	at java_programs.MERGESORT.mergesort(MERGESORT.java:47)
	at java_programs.MERGESORT.mergesort(MERGESORT.java:47)
	at java_programs.MERGESORT.mergesort(MERGESORT.java:47)
	at java_programs.MERGESORT.mergesort(MERGESORT.java:47)
	at java_programs.MERGESORT.mergesort(MERGESORT.java:47)
	at java_programs.MERGESORT.mergesort(MERGESORT.java:47)
	at java_programs.MERGESORT.mergesort(MERGESORT.java:47)
	at java_programs.MERGESORT.mergesort(MERGESORT.java:47)
	at java_programs.MERGESORT.mergesort(MERGESORT.java:47)
	at java_programs.MERGESORT.mergesort(MERGESORT.java:47)
	at java_programs.MERGESORT.mergesort(MERGESORT.java:47)
	at java_programs.MERGESORT.mergesort(MERGESORT.java:47)
	at java_programs.MERGESORT.mergesort(MERGESORT.java:47)
	at java_programs.MERGESORT.mergesort(MERGESORT.java:47)
	at java_programs.MERGESORT.mergesort(MERGESORT.java:47)
	at java_programs.MERGESORT.mergesort(MERGESORT.java:47)
	at java_programs.MERGESORT.mergesort(MERGESORT.java:47)
	at java_programs.MERGESORT.mergesort(MERGESORT.java:47)
	at java_programs.MERGESORT.mergesort(MERGESORT.java:47)
	at java_programs.MERGESORT.mergesort(MERGESORT.java:47)
	at java_programs.MERGESORT.mergesort(MERGESORT.java:47)
	at java_programs.MERGESORT.mergesort(MERGESORT.java:47)
	at java_programs.MERGESORT.mergesort(MERGESORT.java:47)
	at java_programs.MERGESORT.mergesort(MERGESORT.java:47)
	at java_programs.MERGESORT.mergesort(MERGESORT.java:47)
	at java_programs.MERGESORT.mergesort(MERGESORT.java:47)
	at java_programs.MERGESORT.mergesort(MERGESORT.java:47)
	at java_programs.MERGESORT.mergesort(MERGESORT.java:47)
	at java_programs.MERGESORT.mergesort(MERGESORT.java:47)
	at java_programs.MERGESORT.mergesort(MERGESORT.java:47)
	at java_programs.MERGESORT.mergesort(MERGESORT.java:47)
	at java_programs.MERGESORT.mergesort(MERGESORT.java:47)
	at java_programs.MERGESORT.mergesort(MERGESORT.java:47)
	at java_programs.MERGESORT.mergesort(MERGESORT.java:47)
	at java_programs.MERGESORT.mergesort(MERGESORT.java:47)
	at java_programs.MERGESORT.mergesort(MERGESORT.java:47)
	at java_programs.MERGESORT.mergesort(MERGESORT.java:47)
	at java_programs.MERGESORT.mergesort(MERGESORT.java:47)
	at java_programs.MERGESORT.mergesort(MERGESORT.java:47)
	at java_programs.MERGESORT.mergesort(MERGESORT.java:47)
	at java_programs.MERGESORT.mergesort(MERGESORT.java:47)
	at java_programs.MERGESORT.mergesort(MERGESORT.java:47)
	at java_programs.MERGESORT.mergesort(MERGESORT.java:47)
	at java_programs.MERGESORT.mergesort(MERGESORT.java:47)
	at java_programs.MERGESORT.mergesort(MERGESORT.java:47)
	at java_programs.MERGESORT.mergesort(MERGESORT.java:47)
	at java_programs.MERGESORT.mergesort(MERGESORT.java:47)
	at java_programs.MERGESORT.mergesort(MERGESORT.java:47)
	at java_programs.MERGESORT.mergesort(MERGESORT.java:47)
	at java_programs.MERGESORT.mergesort(MERGESORT.java:47)
	at java_programs.MERGESORT.mergesort(MERGESORT.java:47)
	at java_programs.MERGESORT.mergesort(MERGESORT.java:47)
	at java_programs.MERGESORT.mergesort(MERGESORT.java:47)
	at java_programs.MERGESORT.mergesort(MERGESORT.java:47)
	at java_programs.MERGESORT.mergesort(MERGESORT.java:47)
	at java_programs.MERGESORT.mergesort(MERGESORT.java:47)
	at java_programs.MERGESORT.mergesort(MERGESORT.java:47)
	at java_programs.MERGESORT.mergesort(MERGESORT.java:47)
	at java_programs.MERGESORT.mergesort(MERGESORT.java:47)
	at java_programs.MERGESORT.mergesort(MERGESORT.java:47)
	at java_programs.MERGESORT.mergesort(MERGESORT.java:47)
	at java_programs.MERGESORT.mergesort(MERGESORT.java:47)
	at java_programs.MERGESORT.mergesort(MERGESORT.java:47)
	at java_programs.MERGESORT.mergesort(MERGESORT.java:47)
	at java_programs.MERGESORT.mergesort(MERGESORT.java:47)
	at java_programs.MERGESORT.mergesort(MERGESORT.java:47)
	at java_programs.MERGESORT.mergesort(MERGESORT.java:47)
	at java_programs.MERGESORT.mergesort(MERGESORT.java:47)
	at java_programs.MERGESORT.mergesort(MERGESORT.java:47)
	at java_programs.MERGESORT.mergesort(MERGESORT.java:47)
	at java_programs.MERGESORT.mergesort(MERGESORT.java:47)
	at java_programs.MERGESORT.mergesort(MERGESORT.java:47)
	at java_programs.MERGESORT.mergesort(MERGESORT.java:47)
	at java_programs.MERGESORT.mergesort(MERGESORT.java:47)
	at java_programs.MERGESORT.mergesort(MERGESORT.java:47)
	at java_programs.MERGESORT.mergesort(MERGESORT.java:47)
	at java_programs.MERGESORT.mergesort(MERGESORT.java:47)
	at java_programs.MERGESORT.mergesort(MERGESORT.java:47)
	at java_programs.MERGESORT.mergesort(MERGESORT.java:47)
	at java_programs.MERGESORT.mergesort(MERGESORT.java:47)
	at java_programs.MERGESORT.mergesort(MERGESORT.java:47)
	at java_programs.MERGESORT.mergesort(MERGESORT.java:47)
	at java_programs.MERGESORT.mergesort(MERGESORT.java:47)
	at java_programs.MERGESORT.mergesort(MERGESORT.java:47)
	at java_programs.MERGESORT.mergesort(MERGESORT.java:47)
	at java_programs.MERGESORT.mergesort(MERGESORT.java:47)
	at java_programs.MERGESORT.mergesort(MERGESORT.java:47)
	at java_programs.MERGESORT.mergesort(MERGESORT.java:47)
	at java_programs.MERGESORT.mergesort(MERGESORT.java:47)
	at java_programs.MERGESORT.mergesort(MERGESORT.java:47)
	at java_programs.MERGESORT.mergesort(MERGESORT.java:47)
	at java_programs.MERGESORT.mergesort(MERGESORT.java:47)
	at java_programs.MERGESORT.mergesort(MERGESORT.java:47)
	at java_programs.MERGESORT.mergesort(MERGESORT.java:47)
	at java_programs.MERGESORT.mergesort(MERGESORT.java:47)
	at java_programs.MERGESORT.mergesort(MERGESORT.java:47)
	at java_programs.MERGESORT.mergesort(MERGESORT.java:47)
	at java_programs.MERGESORT.mergesort(MERGESORT.java:47)
	at java_programs.MERGESORT.mergesort(MERGESORT.java:47)
	at java_programs.MERGESORT.mergesort(MERGESORT.java:47)
	at java_programs.MERGESORT.mergesort(MERGESORT.java:47)
	at java_programs.MERGESORT.mergesort(MERGESORT.java:47)
	at java_programs.MERGESORT.mergesort(MERGESORT.java:47)
	at java_programs.MERGESORT.mergesort(MERGESORT.java:47)
	at java_programs.MERGESORT.mergesort(MERGESORT.java:47)
	at java_programs.MERGESORT.mergesort(MERGESORT.java:47)
	at java_programs.MERGESORT.mergesort(MERGESORT.java:47)
	at java_programs.MERGESORT.mergesort(MERGESORT.java:47)
	at java_programs.MERGESORT.mergesort(MERGESORT.java:47)
	at java_programs.MERGESORT.mergesort(MERGESORT.java:47)
	at java_programs.MERGESORT.mergesort(MERGESORT.java:47)
	at java_programs.MERGESORT.mergesort(MERGESORT.java:47)
	at java_programs.MERGESORT.mergesort(MERGESORT.java:47)
	at java_programs.MERGESORT.mergesort(MERGESORT.java:47)
	at java_programs.MERGESORT.mergesort(MERGESORT.java:47)
	at java_programs.MERGESORT.mergesort(MERGESORT.java:47)
	at java_programs.MERGESORT.mergesort(MERGESORT.java:47)
	at java_programs.MERGESORT.mergesort(MERGESORT.java:47)
	at java_programs.MERGESORT.mergesort(MERGESORT.java:47)
	at java_programs.MERGESORT.mergesort(MERGESORT.java:47)
	at java_programs.MERGESORT.mergesort(MERGESORT.java:47)
	at java_programs.MERGESORT.mergesort(MERGESORT.java:47)
	at java_programs.MERGESORT.mergesort(MERGESORT.java:47)
	at java_programs.MERGESORT.mergesort(MERGESORT.java:47)
	at java_programs.MERGESORT.mergesort(MERGESORT.java:47)
	at java_programs.MERGESORT.mergesort(MERGESORT.java:47)
	at java_programs.MERGESORT.mergesort(MERGESORT.java:47)
	at java_programs.MERGESORT.mergesort(MERGESORT.java:47)
	at java_programs.MERGESORT.mergesort(MERGESORT.java:47)
	at java_programs.MERGESORT.mergesort(MERGESORT.java:47)
	at java_programs.MERGESORT.mergesort(MERGESORT.java:47)
	at java_programs.MERGESORT.mergesort(MERGESORT.java:47)
	at java_programs.MERGESORT.mergesort(MERGESORT.java:47)
	at java_programs.MERGESORT.mergesort(MERGESORT.java:47)
	at java_programs.MERGESORT.mergesort(MERGESORT.java:47)
	at java_programs.MERGESORT.mergesort(MERGESORT.java:47)
	at java_programs.MERGESORT.mergesort(MERGESORT.java:47)
	at java_programs.MERGESORT.mergesort(MERGESORT.java:47)
	at java_programs.MERGESORT.mergesort(MERGESORT.java:47)
	at java_programs.MERGESORT.mergesort(MERGESORT.java:47)
	at java_programs.MERGESORT.mergesort(MERGESORT.java:47)
	at java_programs.MERGESORT.mergesort(MERGESORT.java:47)
	at java_programs.MERGESORT.mergesort(MERGESORT.java:47)
	at java_programs.MERGESORT.mergesort(MERGESORT.java:47)
	at java_programs.MERGESORT.mergesort(MERGESORT.java:47)
	at java_programs.MERGESORT.mergesort(MERGESORT.java:47)
	at java_programs.MERGESORT.mergesort(MERGESORT.java:47)
	at java_programs.MERGESORT.mergesort(MERGESORT.java:47)
	at java_programs.MERGESORT.mergesort(MERGESORT.java:47)
	at java_programs.MERGESORT.mergesort(MERGESORT.java:47)
	at java_programs.MERGESORT.mergesort(MERGESORT.java:47)
	at java_programs.MERGESORT.mergesort(MERGESORT.java:47)
	at java_programs.MERGESORT.mergesort(MERGESORT.java:47)
	at java_programs.MERGESORT.mergesort(MERGESORT.java:47)
	at java_programs.MERGESORT.mergesort(MERGESORT.java:47)
	at java_programs.MERGESORT.mergesort(MERGESORT.java:47)
	at java_programs.MERGESORT.mergesort(MERGESORT.java:47)
	at java_programs.MERGESORT.mergesort(MERGESORT.java:47)
	at java_programs.MERGESORT.mergesort(MERGESORT.java:47)
	at java_programs.MERGESORT.mergesort(MERGESORT.java:47)
	at java_programs.MERGESORT.mergesort(MERGESORT.java:47)
	at java_programs.MERGESORT.mergesort(MERGESORT.java:47)
	at java_programs.MERGESORT.mergesort(MERGESORT.java:47)
	at java_programs.MERGESORT.mergesort(MERGESORT.java:47)
	at java_programs.MERGESORT.mergesort(MERGESORT.java:47)
	at java_programs.MERGESORT.mergesort(MERGESORT.java:47)
	at java_programs.MERGESORT.mergesort(MERGESORT.java:47)
	at java_programs.MERGESORT.mergesort(MERGESORT.java:47)
	at java_programs.MERGESORT.mergesort(MERGESORT.java:47)
	at java_programs.MERGESORT.mergesort(MERGESORT.java:47)
	at java_programs.MERGESORT.mergesort(MERGESORT.java:47)
	at java_programs.MERGESORT.mergesort(MERGESORT.java:47)
	at java_programs.MERGESORT.mergesort(MERGESORT.java:47)
	at java_programs.MERGESORT.mergesort(MERGESORT.java:47)
	at java_programs.MERGESORT.mergesort(MERGESORT.java:47)
	at java_programs.MERGESORT.mergesort(MERGESORT.java:47)
	at java_programs.MERGESORT.mergesort(MERGESORT.java:47)
	at java_programs.MERGESORT.mergesort(MERGESORT.java:47)
	at java_programs.MERGESORT.mergesort(MERGESORT.java:47)
	at java_programs.MERGESORT.mergesort(MERGESORT.java:47)
	at java_programs.MERGESORT.mergesort(MERGESORT.java:47)
	at java_programs.MERGESORT.mergesort(MERGESORT.java:47)
	at java_programs.MERGESORT.mergesort(MERGESORT.java:47)
	at java_programs.MERGESORT.mergesort(MERGESORT.java:47)
	at java_programs.MERGESORT.mergesort(MERGESORT.java:47)
	at java_programs.MERGESORT.mergesort(MERGESORT.java:47)
	at java_programs.MERGESORT.mergesort(MERGESORT.java:47)
	at java_programs.MERGESORT.mergesort(MERGESORT.java:47)
	at java_programs.MERGESORT.mergesort(MERGESORT.java:47)
	at java_programs.MERGESORT.mergesort(MERGESORT.java:47)
	at java_programs.MERGESORT.mergesort(MERGESORT.java:47)
	at java_programs.MERGESORT.mergesort(MERGESORT.java:47)
	at java_programs.MERGESORT.mergesort(MERGESORT.java:47)
	at java_programs.MERGESORT.mergesort(MERGESORT.java:47)
	at java_programs.MERGESORT.mergesort(MERGESORT.java:47)
	at java_programs.MERGESORT.mergesort(MERGESORT.java:47)
	at java_programs.MERGESORT.mergesort(MERGESORT.java:47)
	at java_programs.MERGESORT.mergesort(MERGESORT.java:47)
	at java_programs.MERGESORT.mergesort(MERGESORT.java:47)
	at java_programs.MERGESORT.mergesort(MERGESORT.java:47)
	at java_programs.MERGESORT.mergesort(MERGESORT.java:47)
	at java_programs.MERGESORT.mergesort(MERGESORT.java:47)
	at java_programs.MERGESORT.mergesort(MERGESORT.java:47)
	at java_programs.MERGESORT.mergesort(MERGESORT.java:47)
	at java_programs.MERGESORT.mergesort(MERGESORT.java:47)
	at java_programs.MERGESORT.mergesort(MERGESORT.java:47)
	at java_programs.MERGESORT.mergesort(MERGESORT.java:47)
	at java_programs.MERGESORT.mergesort(MERGESORT.java:47)
	at java_programs.MERGESORT.mergesort(MERGESORT.java:47)
	at java_programs.MERGESORT.mergesort(MERGESORT.java:47)
	at java_programs.MERGESORT.mergesort(MERGESORT.java:47)
	at java_programs.MERGESORT.mergesort(MERGESORT.java:47)
	at java_programs.MERGESORT.mergesort(MERGESORT.java:47)
	at java_programs.MERGESORT.mergesort(MERGESORT.java:47)
	at java_programs.MERGESORT.mergesort(MERGESORT.java:47)
	at java_programs.MERGESORT.mergesort(MERGESORT.java:47)
	at java_programs.MERGESORT.mergesort(MERGESORT.java:47)
	at java_programs.MERGESORT.mergesort(MERGESORT.java:47)
	at java_programs.MERGESORT.mergesort(MERGESORT.java:47)
	at java_programs.MERGESORT.mergesort(MERGESORT.java:47)
	at java_programs.MERGESORT.mergesort(MERGESORT.java:47)
	at java_programs.MERGESORT.mergesort(MERGESORT.java:47)
	at java_programs.MERGESORT.mergesort(MERGESORT.java:47)
	at java_programs.MERGESORT.mergesort(MERGESORT.java:47)
	at java_programs.MERGESORT.mergesort(MERGESORT.java:47)
	at java_programs.MERGESORT.mergesort(MERGESORT.java:47)
	at java_programs.MERGESORT.mergesort(MERGESORT.java:47)
	at java_programs.MERGESORT.mergesort(MERGESORT.java:47)
	at java_programs.MERGESORT.mergesort(MERGESORT.java:47)
	at java_programs.MERGESORT.mergesort(MERGESORT.java:47)
	at java_programs.MERGESORT.mergesort(MERGESORT.java:47)
	at java_programs.MERGESORT.mergesort(MERGESORT.java:47)
	at java_programs.MERGESORT.mergesort(MERGESORT.java:47)
	at java_programs.MERGESORT.mergesort(MERGESORT.java:47)
	at java_programs.MERGESORT.mergesort(MERGESORT.java:47)
	at java_programs.MERGESORT.mergesort(MERGESORT.java:47)
	at java_programs.MERGESORT.mergesort(MERGESORT.java:47)
	at java_programs.MERGESORT.mergesort(MERGESORT.java:47)
	at java_programs.MERGESORT.mergesort(MERGESORT.java:47)
	at java_programs.MERGESORT.mergesort(MERGESORT.java:47)
	at java_programs.MERGESORT.mergesort(MERGESORT.java:47)
	at java_programs.MERGESORT.mergesort(MERGESORT.java:47)
	at java_programs.MERGESORT.mergesort(MERGESORT.java:47)
	at java_programs.MERGESORT.mergesort(MERGESORT.java:47)
	at java_programs.MERGESORT.mergesort(MERGESORT.java:47)
	at java_programs.MERGESORT.mergesort(MERGESORT.java:47)
	at java_programs.MERGESORT.mergesort(MERGESORT.java:47)
	at java_programs.MERGESORT.mergesort(MERGESORT.java:47)
	at java_programs.MERGESORT.mergesort(MERGESORT.java:47)
	at java_programs.MERGESORT.mergesort(MERGESORT.java:47)
	at java_programs.MERGESORT.mergesort(MERGESORT.java:47)
	at java_programs.MERGESORT.mergesort(MERGESORT.java:47)
	at java_programs.MERGESORT.mergesort(MERGESORT.java:47)
	at java_programs.MERGESORT.mergesort(MERGESORT.java:47)
	at java_programs.MERGESORT.mergesort(MERGESORT.java:47)
	at java_programs.MERGESORT.mergesort(MERGESORT.java:47)
	at java_programs.MERGESORT.mergesort(MERGESORT.java:47)
	at java_programs.MERGESORT.mergesort(MERGESORT.java:47)
	at java_programs.MERGESORT.mergesort(MERGESORT.java:47)
	at java_programs.MERGESORT.mergesort(MERGESORT.java:47)
	at java_programs.MERGESORT.mergesort(MERGESORT.java:47)
	at java_programs.MERGESORT.mergesort(MERGESORT.java:47)
	at java_programs.MERGESORT.mergesort(MERGESORT.java:47)
	at java_programs.MERGESORT.mergesort(MERGESORT.java:47)
	at java_programs.MERGESORT.mergesort(MERGESORT.java:47)
	at java_programs.MERGESORT.mergesort(MERGESORT.java:47)
	at java_programs.MERGESORT.mergesort(MERGESORT.java:47)
	at java_programs.MERGESORT.mergesort(MERGESORT.java:47)
	at java_programs.MERGESORT.mergesort(MERGESORT.java:47)
	at java_programs.MERGESORT.mergesort(MERGESORT.java:47)
	at java_programs.MERGESORT.mergesort(MERGESORT.java:47)
	at java_programs.MERGESORT.mergesort(MERGESORT.java:47)
	at java_programs.MERGESORT.mergesort(MERGESORT.java:47)
	at java_programs.MERGESORT.mergesort(MERGESORT.java:47)
	at java_programs.MERGESORT.mergesort(MERGESORT.java:47)
	at java_programs.MERGESORT.mergesort(MERGESORT.java:47)
	at java_programs.MERGESORT.mergesort(MERGESORT.java:47)
	at java_programs.MERGESORT.mergesort(MERGESORT.java:47)
	at java_programs.MERGESORT.mergesort(MERGESORT.java:47)
	at java_programs.MERGESORT.mergesort(MERGESORT.java:47)
	at java_programs.MERGESORT.mergesort(MERGESORT.java:47)
	at java_programs.MERGESORT.mergesort(MERGESORT.java:47)
	at java_programs.MERGESORT.mergesort(MERGESORT.java:47)
	at java_programs.MERGESORT.mergesort(MERGESORT.java:47)
	at java_programs.MERGESORT.mergesort(MERGESORT.java:47)
	at java_programs.MERGESORT.mergesort(MERGESORT.java:47)
	at java_programs.MERGESORT.mergesort(MERGESORT.java:47)
	at java_programs.MERGESORT.mergesort(MERGESORT.java:47)
	at java_programs.MERGESORT.mergesort(MERGESORT.java:47)
	at java_programs.MERGESORT.mergesort(MERGESORT.java:47)
	at java_programs.MERGESORT.mergesort(MERGESORT.java:47)
	at java_programs.MERGESORT.mergesort(MERGESORT.java:47)
	at java_programs.MERGESORT.mergesort(MERGESORT.java:47)
	at java_programs.MERGESORT.mergesort(MERGESORT.java:47)
	at java_programs.MERGESORT.mergesort(MERGESORT.java:47)
	at java_programs.MERGESORT.mergesort(MERGESORT.java:47)
	at java_programs.MERGESORT.mergesort(MERGESORT.java:47)
	at java_programs.MERGESORT.mergesort(MERGESORT.java:47)
	at java_programs.MERGESORT.mergesort(MERGESORT.java:47)
	at java_programs.MERGESORT.mergesort(MERGESORT.java:47)
	at java_programs.MERGESORT.mergesort(MERGESORT.java:47)
	at java_programs.MERGESORT.mergesort(MERGESORT.java:47)
	at java_programs.MERGESORT.mergesort(MERGESORT.java:47)
	at java_programs.MERGESORT.mergesort(MERGESORT.java:47)
	at java_programs.MERGESORT.mergesort(MERGESORT.java:47)
	at java_programs.MERGESORT.mergesort(MERGESORT.java:47)
	at java_programs.MERGESORT.mergesort(MERGESORT.java:47)
	at java_programs.MERGESORT.mergesort(MERGESORT.java:47)
	at java_programs.MERGESORT.mergesort(MERGESORT.java:47)
	at java_programs.MERGESORT.mergesort(MERGESORT.java:47)
	at java_programs.MERGESORT.mergesort(MERGESORT.java:47)
	at java_programs.MERGESORT.mergesort(MERGESORT.java:47)
	at java_programs.MERGESORT.mergesort(MERGESORT.java:47)
	at java_programs.MERGESORT.mergesort(MERGESORT.java:47)
	at java_programs.MERGESORT.mergesort(MERGESORT.java:47)
	at java_programs.MERGESORT.mergesort(MERGESORT.java:47)
	at java_programs.MERGESORT.mergesort(MERGESORT.java:47)
	at java_programs.MERGESORT.mergesort(MERGESORT.java:47)
	at java_programs.MERGESORT.mergesort(MERGESORT.java:47)
	at java_programs.MERGESORT.mergesort(MERGESORT.java:47)
	at java_programs.MERGESORT.mergesort(MERGESORT.java:47)
	at java_programs.MERGESORT.mergesort(MERGESORT.java:47)
	at java_programs.MERGESORT.mergesort(MERGESORT.java:47)
	at java_programs.MERGESORT.mergesort(MERGESORT.java:47)
	at java_programs.MERGESORT.mergesort(MERGESORT.java:47)
	at java_programs.MERGESORT.mergesort(MERGESORT.java:47)
	at java_programs.MERGESORT.mergesort(MERGESORT.java:47)
	at java_programs.MERGESORT.mergesort(MERGESORT.java:47)
	at java_programs.MERGESORT.mergesort(MERGESORT.java:47)
	at java_programs.MERGESORT.mergesort(MERGESORT.java:47)
	at java_programs.MERGESORT.mergesort(MERGESORT.java:47)
	at java_programs.MERGESORT.mergesort(MERGESORT.java:47)
	at java_programs.MERGESORT.mergesort(MERGESORT.java:47)
	at java_programs.MERGESORT.mergesort(MERGESORT.java:47)
	at java_programs.MERGESORT.mergesort(MERGESORT.java:47)
	at java_programs.MERGESORT.mergesort(MERGESORT.java:47)
	at java_programs.MERGESORT.mergesort(MERGESORT.java:47)
	at java_programs.MERGESORT.mergesort(MERGESORT.java:47)
	at java_programs.MERGESORT.mergesort(MERGESORT.java:47)
	at java_programs.MERGESORT.mergesort(MERGESORT.java:47)
	at java_programs.MERGESORT.mergesort(MERGESORT.java:47)
	at java_programs.MERGESORT.mergesort(MERGESORT.java:47)
	at java_programs.MERGESORT.mergesort(MERGESORT.java:47)
	at java_programs.MERGESORT.mergesort(MERGESORT.java:47)
	at java_programs.MERGESORT.mergesort(MERGESORT.java:47)
	at java_programs.MERGESORT.mergesort(MERGESORT.java:47)
	at java_programs.MERGESORT.mergesort(MERGESORT.java:47)
	at java_programs.MERGESORT.mergesort(MERGESORT.java:47)
	at java_programs.MERGESORT.mergesort(MERGESORT.java:47)
	at java_programs.MERGESORT.mergesort(MERGESORT.java:47)
	at java_programs.MERGESORT.mergesort(MERGESORT.java:47)
	at java_programs.MERGESORT.mergesort(MERGESORT.java:47)
	at java_programs.MERGESORT.mergesort(MERGESORT.java:47)
	at java_programs.MERGESORT.mergesort(MERGESORT.java:47)
	at java_programs.MERGESORT.mergesort(MERGESORT.java:47)
	at java_programs.MERGESORT.mergesort(MERGESORT.java:47)
	at java_programs.MERGESORT.mergesort(MERGESORT.java:47)
	at java_programs.MERGESORT.mergesort(MERGESORT.java:47)
	at java_programs.MERGESORT.mergesort(MERGESORT.java:47)
	at java_programs.MERGESORT.mergesort(MERGESORT.java:47)
	at java_programs.MERGESORT.mergesort(MERGESORT.java:47)
	at java_programs.MERGESORT.mergesort(MERGESORT.java:47)
	at java_programs.MERGESORT.mergesort(MERGESORT.java:47)
	at java_programs.MERGESORT.mergesort(MERGESORT.java:47)
	at java_programs.MERGESORT.mergesort(MERGESORT.java:47)
	at java_programs.MERGESORT.mergesort(MERGESORT.java:47)
	at java_programs.MERGESORT.mergesort(MERGESORT.java:47)
	at java_programs.MERGESORT.mergesort(MERGESORT.java:47)
	at java_programs.MERGESORT.mergesort(MERGESORT.java:47)
	at java_programs.MERGESORT.mergesort(MERGESORT.java:47)
	at java_programs.MERGESORT.mergesort(MERGESORT.java:47)
	at java_programs.MERGESORT.mergesort(MERGESORT.java:47)
	at java_programs.MERGESORT.mergesort(MERGESORT.java:47)
	at java_programs.MERGESORT.mergesort(MERGESORT.java:47)
	at java_programs.MERGESORT.mergesort(MERGESORT.java:47)
	at java_programs.MERGESORT.mergesort(MERGESORT.java:47)
	at java_programs.MERGESORT.mergesort(MERGESORT.java:47)
	at java_programs.MERGESORT.mergesort(MERGESORT.java:47)
	at java_programs.MERGESORT.mergesort(MERGESORT.java:47)
	at java_programs.MERGESORT.mergesort(MERGESORT.java:47)
	at java_programs.MERGESORT.mergesort(MERGESORT.java:47)
	at java_programs.MERGESORT.mergesort(MERGESORT.java:47)
	at java_programs.MERGESORT.mergesort(MERGESORT.java:47)
	at java_programs.MERGESORT.mergesort(MERGESORT.java:47)
	at java_programs.MERGESORT.mergesort(MERGESORT.java:47)
	at java_programs.MERGESORT.mergesort(MERGESORT.java:47)
	at java_programs.MERGESORT.mergesort(MERGESORT.java:47)
	at java_programs.MERGESORT.mergesort(MERGESORT.java:47)
	at java_programs.MERGESORT.mergesort(MERGESORT.java:47)
	at java_programs.MERGESORT.mergesort(MERGESORT.java:47)
	at java_programs.MERGESORT.mergesort(MERGESORT.java:47)
	at java_programs.MERGESORT.mergesort(MERGESORT.java:47)
	at java_programs.MERGESORT.mergesort(MERGESORT.java:47)
	at java_programs.MERGESORT.mergesort(MERGESORT.java:47)
	at java_programs.MERGESORT.mergesort(MERGESORT.java:47)
	at java_programs.MERGESORT.mergesort(MERGESORT.java:47)
	at java_programs.MERGESORT.mergesort(MERGESORT.java:47)
	at java_programs.MERGESORT.mergesort(MERGESORT.java:47)
	at java_programs.MERGESORT.mergesort(MERGESORT.java:47)
	at java_programs.MERGESORT.mergesort(MERGESORT.java:47)
	at java_programs.MERGESORT.mergesort(MERGESORT.java:47)
	at java_programs.MERGESORT.mergesort(MERGESORT.java:47)
	at java_programs.MERGESORT.mergesort(MERGESORT.java:47)
	at java_programs.MERGESORT.mergesort(MERGESORT.java:47)
	at java_programs.MERGESORT.mergesort(MERGESORT.java:47)
	at java_programs.MERGESORT.mergesort(MERGESORT.java:47)
	at java_programs.MERGESORT.mergesort(MERGESORT.java:47)
	at java_programs.MERGESORT.mergesort(MERGESORT.java:47)
	at java_programs.MERGESORT.mergesort(MERGESORT.java:47)
	at java_programs.MERGESORT.mergesort(MERGESORT.java:47)
	at java_programs.MERGESORT.mergesort(MERGESORT.java:47)
	at java_programs.MERGESORT.mergesort(MERGESORT.java:47)
	at java_programs.MERGESORT.mergesort(MERGESORT.java:47)
	at java_programs.MERGESORT.mergesort(MERGESORT.java:47)
	at java_programs.MERGESORT.mergesort(MERGESORT.java:47)
	at java_programs.MERGESORT.mergesort(MERGESORT.java:47)
	at java_programs.MERGESORT.mergesort(MERGESORT.java:47)
	at java_programs.MERGESORT.mergesort(MERGESORT.java:47)
	at java_programs.MERGESORT.mergesort(MERGESORT.java:47)
	at java_programs.MERGESORT.mergesort(MERGESORT.java:47)
	at java_programs.MERGESORT.mergesort(MERGESORT.java:47)
	at java_programs.MERGESORT.mergesort(MERGESORT.java:47)
	at java_programs.MERGESORT.mergesort(MERGESORT.java:47)
	at java_programs.MERGESORT.mergesort(MERGESORT.java:47)
	at java_programs.MERGESORT.mergesort(MERGESORT.java:47)
	at java_programs.MERGESORT.mergesort(MERGESORT.java:47)
	at java_programs.MERGESORT.mergesort(MERGESORT.java:47)
	at java_programs.MERGESORT.mergesort(MERGESORT.java:47)
	at java_programs.MERGESORT.mergesort(MERGESORT.java:47)
	at java_programs.MERGESORT.mergesort(MERGESORT.java:47)
	at java_programs.MERGESORT.mergesort(MERGESORT.java:47)
	at java_programs.MERGESORT.mergesort(MERGESORT.java:47)
	at java_programs.MERGESORT.mergesort(MERGESORT.java:47)
	at java_programs.MERGESORT.mergesort(MERGESORT.java:47)
	at java_programs.MERGESORT.mergesort(MERGESORT.java:47)
	at java_programs.MERGESORT.mergesort(MERGESORT.java:47)
	at java_programs.MERGESORT.mergesort(MERGESORT.java:47)
	at java_programs.MERGESORT.mergesort(MERGESORT.java:47)
	at java_programs.MERGESORT.mergesort(MERGESORT.java:47)
	at java_programs.MERGESORT.mergesort(MERGESORT.java:47)
	at java_programs.MERGESORT.mergesort(MERGESORT.java:47)
	at java_programs.MERGESORT.mergesort(MERGESORT.java:47)
	at java_programs.MERGESORT.mergesort(MERGESORT.java:47)
	at java_programs.MERGESORT.mergesort(MERGESORT.java:47)
	at java_programs.MERGESORT.mergesort(MERGESORT.java:47)
	at java_programs.MERGESORT.mergesort(MERGESORT.java:47)
	at java_programs.MERGESORT.mergesort(MERGESORT.java:47)
	at java_programs.MERGESORT.mergesort(MERGESORT.java:47)
	at java_programs.MERGESORT.mergesort(MERGESORT.java:47)
	at java_programs.MERGESORT.mergesort(MERGESORT.java:47)
	at java_programs.MERGESORT.mergesort(MERGESORT.java:47)
	at java_programs.MERGESORT.mergesort(MERGESORT.java:47)
	at java_programs.MERGESORT.mergesort(MERGESORT.java:47)
	at java_programs.MERGESORT.mergesort(MERGESORT.java:47)
	at java_programs.MERGESORT.mergesort(MERGESORT.java:47)
	at java_programs.MERGESORT.mergesort(MERGESORT.java:47)
	at java_programs.MERGESORT.mergesort(MERGESORT.java:47)
	at java_programs.MERGESORT.mergesort(MERGESORT.java:47)
	at java_programs.MERGESORT.mergesort(MERGESORT.java:47)
	at java_programs.MERGESORT.mergesort(MERGESORT.java:47)
	at java_programs.MERGESORT.mergesort(MERGESORT.java:47)
	at java_programs.MERGESORT.mergesort(MERGESORT.java:47)
	at java_programs.MERGESORT.mergesort(MERGESORT.java:47)
	at java_programs.MERGESORT.mergesort(MERGESORT.java:47)
	at java_programs.MERGESORT.mergesort(MERGESORT.java:47)
	at java_programs.MERGESORT.mergesort(MERGESORT.java:47)
	at java_programs.MERGESORT.mergesort(MERGESORT.java:47)
	at java_programs.MERGESORT.mergesort(MERGESORT.java:47)
	at java_programs.MERGESORT.mergesort(MERGESORT.java:47)
	at java_programs.MERGESORT.mergesort(MERGESORT.java:47)
	at java_programs.MERGESORT.mergesort(MERGESORT.java:47)
	at java_programs.MERGESORT.mergesort(MERGESORT.java:47)
	at java_programs.MERGESORT.mergesort(MERGESORT.java:47)
	at java_programs.MERGESORT.mergesort(MERGESORT.java:47)
	at java_programs.MERGESORT.mergesort(MERGESORT.java:47)
	at java_programs.MERGESORT.mergesort(MERGESORT.java:47)
	at java_programs.MERGESORT.mergesort(MERGESORT.java:47)
	at java_programs.MERGESORT.mergesort(MERGESORT.java:47)
	at java_programs.MERGESORT.mergesort(MERGESORT.java:47)
	at java_programs.MERGESORT.mergesort(MERGESORT.java:47)
	at java_programs.MERGESORT.mergesort(MERGESORT.java:47)
	at java_programs.MERGESORT.mergesort(MERGESORT.java:47)
	at java_programs.MERGESORT.mergesort(MERGESORT.java:47)
	at java_programs.MERGESORT.mergesort(MERGESORT.java:47)
	at java_programs.MERGESORT.mergesort(MERGESORT.java:47)
	at java_programs.MERGESORT.mergesort(MERGESORT.java:47)
	at java_programs.MERGESORT.mergesort(MERGESORT.java:47)
	at java_programs.MERGESORT.mergesort(MERGESORT.java:47)
	at java_programs.MERGESORT.mergesort(MERGESORT.java:47)
	at java_programs.MERGESORT.mergesort(MERGESORT.java:47)
	at java_programs.MERGESORT.mergesort(MERGESORT.java:47)
	at java_programs.MERGESORT.mergesort(MERGESORT.java:47)
	at java_programs.MERGESORT.mergesort(MERGESORT.java:47)
	at java_programs.MERGESORT.mergesort(MERGESORT.java:47)
	at java_programs.MERGESORT.mergesort(MERGESORT.java:47)
	at java_programs.MERGESORT.mergesort(MERGESORT.java:47)
	at java_programs.MERGESORT.mergesort(MERGESORT.java:47)
	at java_programs.MERGESORT.mergesort(MERGESORT.java:47)
	at java_programs.MERGESORT.mergesort(MERGESORT.java:47)
	at java_programs.MERGESORT.mergesort(MERGESORT.java:47)
	at java_programs.MERGESORT.mergesort(MERGESORT.java:47)
	at java_programs.MERGESORT.mergesort(MERGESORT.java:47)
	at java_programs.MERGESORT.mergesort(MERGESORT.java:47)
	at java_programs.MERGESORT.mergesort(MERGESORT.java:47)
	at java_programs.MERGESORT.mergesort(MERGESORT.java:47)
	at java_programs.MERGESORT.mergesort(MERGESORT.java:47)
	at java_programs.MERGESORT.mergesort(MERGESORT.java:47)
	at java_programs.MERGESORT.mergesort(MERGESORT.java:47)
	at java_programs.MERGESORT.mergesort(MERGESORT.java:47)
	at java_programs.MERGESORT.mergesort(MERGESORT.java:47)
	at java_programs.MERGESORT.mergesort(MERGESORT.java:47)
	at java_programs.MERGESORT.mergesort(MERGESORT.java:47)
	at java_programs.MERGESORT.mergesort(MERGESORT.java:47)
	at java_programs.MERGESORT.mergesort(MERGESORT.java:47)
	at java_programs.MERGESORT.mergesort(MERGESORT.java:47)
	at java_programs.MERGESORT.mergesort(MERGESORT.java:47)
	at java_programs.MERGESORT.mergesort(MERGESORT.java:47)
	at java_programs.MERGESORT.mergesort(MERGESORT.java:47)
	at java_programs.MERGESORT.mergesort(MERGESORT.java:47)
	at java_programs.MERGESORT.mergesort(MERGESORT.java:47)
	at java_programs.MERGESORT.mergesort(MERGESORT.java:47)
	at java_programs.MERGESORT.mergesort(MERGESORT.java:47)
	at java_programs.MERGESORT.mergesort(MERGESORT.java:47)
	at java_programs.MERGESORT.mergesort(MERGESORT.java:47)
	at java_programs.MERGESORT.mergesort(MERGESORT.java:47)
	at java_programs.MERGESORT.mergesort(MERGESORT.java:47)
	at java_programs.MERGESORT.mergesort(MERGESORT.java:47)
	at java_programs.MERGESORT.mergesort(MERGESORT.java:47)
	at java_programs.MERGESORT.mergesort(MERGESORT.java:47)
	at java_programs.MERGESORT.mergesort(MERGESORT.java:47)
	at java_programs.MERGESORT.mergesort(MERGESORT.java:47)
	at java_programs.MERGESORT.mergesort(MERGESORT.java:47)
	at java_programs.MERGESORT.mergesort(MERGESORT.java:47)
	at java_programs.MERGESORT.mergesort(MERGESORT.java:47)
	at java_programs.MERGESORT.mergesort(MERGESORT.java:47)
	at java_programs.MERGESORT.mergesort(MERGESORT.java:47)
	at java_programs.MERGESORT.mergesort(MERGESORT.java:47)
	at java_programs.MERGESORT.mergesort(MERGESORT.java:47)
	at java_programs.MERGESORT.mergesort(MERGESORT.java:47)
	at java_programs.MERGESORT.mergesort(MERGESORT.java:47)
	at java_programs.MERGESORT.mergesort(MERGESORT.java:47)
	at java_programs.MERGESORT.mergesort(MERGESORT.java:47)
	at java_programs.MERGESORT.mergesort(MERGESORT.java:47)
	at java_programs.MERGESORT.mergesort(MERGESORT.java:47)
	at java_programs.MERGESORT.mergesort(MERGESORT.java:47)
	at java_programs.MERGESORT.mergesort(MERGESORT.java:47)
	at java_programs.MERGESORT.mergesort(MERGESORT.java:47)
	at java_programs.MERGESORT.mergesort(MERGESORT.java:47)
	at java_programs.MERGESORT.mergesort(MERGESORT.java:47)
	at java_programs.MERGESORT.mergesort(MERGESORT.java:47)
	at java_programs.MERGESORT.mergesort(MERGESORT.java:47)
	at java_programs.MERGESORT.mergesort(MERGESORT.java:47)
	at java_programs.MERGESORT.mergesort(MERGESORT.java:47)
	at java_programs.MERGESORT.mergesort(MERGESORT.java:47)
	at java_programs.MERGESORT.mergesort(MERGESORT.java:47)
	at java_programs.MERGESORT.mergesort(MERGESORT.java:47)
	at java_programs.MERGESORT.mergesort(MERGESORT.java:47)
	at java_programs.MERGESORT.mergesort(MERGESORT.java:47)
	at java_programs.MERGESORT.mergesort(MERGESORT.java:47)
	at java_programs.MERGESORT.mergesort(MERGESORT.java:47)
	at java_programs.MERGESORT.mergesort(MERGESORT.java:47)
	at java_programs.MERGESORT.mergesort(MERGESORT.java:47)
	at java_programs.MERGESORT.mergesort(MERGESORT.java:47)
	at java_programs.MERGESORT.mergesort(MERGESORT.java:47)
	at java_programs.MERGESORT.mergesort(MERGESORT.java:47)
	at java_programs.MERGESORT.mergesort(MERGESORT.java:47)
	at java_programs.MERGESORT.mergesort(MERGESORT.java:47)
	at java_programs.MERGESORT.mergesort(MERGESORT.java:47)
	at java_programs.MERGESORT.mergesort(MERGESORT.java:47)
	at java_programs.MERGESORT.mergesort(MERGESORT.java:47)
	at java_programs.MERGESORT.mergesort(MERGESORT.java:47)
	at java_programs.MERGESORT.mergesort(MERGESORT.java:47)
	at java_programs.MERGESORT.mergesort(MERGESORT.java:47)
	at java_programs.MERGESORT.mergesort(MERGESORT.java:47)
	at java_programs.MERGESORT.mergesort(MERGESORT.java:47)
	at java_programs.MERGESORT.mergesort(MERGESORT.java:47)
	at java_programs.MERGESORT.mergesort(MERGESORT.java:47)
	at java_programs.MERGESORT.mergesort(MERGESORT.java:47)
	at java_programs.MERGESORT.mergesort(MERGESORT.java:47)
	at java_programs.MERGESORT.mergesort(MERGESORT.java:47)
	at java_programs.MERGESORT.mergesort(MERGESORT.java:47)
	at java_programs.MERGESORT.mergesort(MERGESORT.java:47)
	at java_programs.MERGESORT.mergesort(MERGESORT.java:47)
	at java_programs.MERGESORT.mergesort(MERGESORT.java:47)
	at java_programs.MERGESORT.mergesort(MERGESORT.java:47)
	at java_programs.MERGESORT.mergesort(MERGESORT.java:47)
	at java_programs.MERGESORT.mergesort(MERGESORT.java:47)
	at java_programs.MERGESORT.mergesort(MERGESORT.java:47)
	at java_programs.MERGESORT.mergesort(MERGESORT.java:47)
	at java_programs.MERGESORT.mergesort(MERGESORT.java:47)
	at java_programs.MERGESORT.mergesort(MERGESORT.java:47)
	at java_programs.MERGESORT.mergesort(MERGESORT.java:47)
	at java_programs.MERGESORT.mergesort(MERGESORT.java:47)
	at java_programs.MERGESORT.mergesort(MERGESORT.java:47)
	at java_programs.MERGESORT.mergesort(MERGESORT.java:47)
	at java_programs.MERGESORT.mergesort(MERGESORT.java:47)
	at java_programs.MERGESORT.mergesort(MERGESORT.java:47)
	at java_programs.MERGESORT.mergesort(MERGESORT.java:47)
	at java_programs.MERGESORT.mergesort(MERGESORT.java:47)
	at java_programs.MERGESORT.mergesort(MERGESORT.java:47)
	at java_programs.MERGESORT.mergesort(MERGESORT.java:47)
	at java_programs.MERGESORT.mergesort(MERGESORT.java:47)
	at java_programs.MERGESORT.mergesort(MERGESORT.java:47)
	at java_programs.MERGESORT.mergesort(MERGESORT.java:47)
	at java_programs.MERGESORT.mergesort(MERGESORT.java:47)
	at java_programs.MERGESORT.mergesort(MERGESORT.java:47)
	at java_programs.MERGESORT.mergesort(MERGESORT.java:47)
	at java_programs.MERGESORT.mergesort(MERGESORT.java:47)
	at java_programs.MERGESORT.mergesort(MERGESORT.java:47)
	at java_programs.MERGESORT.mergesort(MERGESORT.java:47)
	at java_programs.MERGESORT.mergesort(MERGESORT.java:47)
	at java_programs.MERGESORT.mergesort(MERGESORT.java:47)
	at java_programs.MERGESORT.mergesort(MERGESORT.java:47)
	at java_programs.MERGESORT.mergesort(MERGESORT.java:47)
	at java_programs.MERGESORT.mergesort(MERGESORT.java:47)
	at java_programs.MERGESORT.mergesort(MERGESORT.java:47)
	at java_programs.MERGESORT.mergesort(MERGESORT.java:47)
	at java_programs.MERGESORT.mergesort(MERGESORT.java:47)
	at java_programs.MERGESORT.mergesort(MERGESORT.java:47)
	at java_programs.MERGESORT.mergesort(MERGESORT.java:47)
	at java_programs.MERGESORT.mergesort(MERGESORT.java:47)
	at java_programs.MERGESORT.mergesort(MERGESORT.java:47)
	at java_programs.MERGESORT.mergesort(MERGESORT.java:47)
	at java_programs.MERGESORT.mergesort(MERGESORT.java:47)
	at java_programs.MERGESORT.mergesort(MERGESORT.java:47)
	at java_programs.MERGESORT.mergesort(MERGESORT.java:47)
	at java_programs.MERGESORT.mergesort(MERGESORT.java:47)
	at java_programs.MERGESORT.mergesort(MERGESORT.java:47)
	at java_programs.MERGESORT.mergesort(MERGESORT.java:47)
	at java_programs.MERGESORT.mergesort(MERGESORT.java:47)
	at java_programs.MERGESORT.mergesort(MERGESORT.java:47)
	at java_programs.MERGESORT.mergesort(MERGESORT.java:47)
	at java_programs.MERGESORT.mergesort(MERGESORT.java:47)
	at java_programs.MERGESORT.mergesort(MERGESORT.java:47)
	at java_programs.MERGESORT.mergesort(MERGESORT.java:47)
	at java_programs.MERGESORT.mergesort(MERGESORT.java:47)
	at java_programs.MERGESORT.mergesort(MERGESORT.java:47)
	at java_programs.MERGESORT.mergesort(MERGESORT.java:47)
	at java_programs.MERGESORT.mergesort(MERGESORT.java:47)
	at java_programs.MERGESORT.mergesort(MERGESORT.java:47)
	at java_programs.MERGESORT.mergesort(MERGESORT.java:47)
	at java_programs.MERGESORT.mergesort(MERGESORT.java:47)
	at java_programs.MERGESORT.mergesort(MERGESORT.java:47)
	at java_programs.MERGESORT.mergesort(MERGESORT.java:47)
	at java_programs.MERGESORT.mergesort(MERGESORT.java:47)
	at java_programs.MERGESORT.mergesort(MERGESORT.java:47)
	at java_programs.MERGESORT.mergesort(MERGESORT.java:47)
	at java_programs.MERGESORT.mergesort(MERGESORT.java:47)
	at java_programs.MERGESORT.mergesort(MERGESORT.java:47)
	at java_programs.MERGESORT.mergesort(MERGESORT.java:47)
	at java_programs.MERGESORT.mergesort(MERGESORT.java:47)
	at java_programs.MERGESORT.mergesort(MERGESORT.java:47)
	at java_programs.MERGESORT.mergesort(MERGESORT.java:47)
	at java_programs.MERGESORT.mergesort(MERGESORT.java:47)
	at java_programs.MERGESORT.mergesort(MERGESORT.java:47)
	at java_programs.MERGESORT.mergesort(MERGESORT.java:47)
	at java_programs.MERGESORT.mergesort(MERGESORT.java:47)
	at java_programs.MERGESORT.mergesort(MERGESORT.java:47)
	at java_programs.MERGESORT.mergesort(MERGESORT.java:47)
	at java_programs.MERGESORT.mergesort(MERGESORT.java:47)
	at java_programs.MERGESORT.mergesort(MERGESORT.java:47)
	at java_programs.MERGESORT.mergesort(MERGESORT.java:47)
	at java_programs.MERGESORT.mergesort(MERGESORT.java:47)
	at java_programs.MERGESORT.mergesort(MERGESORT.java:47)
	at java_programs.MERGESORT.mergesort(MERGESORT.java:47)
	at java_programs.MERGESORT.mergesort(MERGESORT.java:47)
	at java_programs.MERGESORT.mergesort(MERGESORT.java:47)
	at java_programs.MERGESORT.mergesort(MERGESORT.java:47)
	at java_programs.MERGESORT.mergesort(MERGESORT.java:47)
</failure>
  </testcase>
  <testcase name="test_0()" classname="test.java.MERGESORT_TEST" time="0.004">
    <failure message="java.lang.StackOverflowError" type="java.lang.StackOverflowError">java.lang.StackOverflowError
	at java_programs.MERGESORT.mergesort(MERGESORT.java:42)
	at java_programs.MERGESORT.mergesort(MERGESORT.java:47)
	at java_programs.MERGESORT.mergesort(MERGESORT.java:47)
	at java_programs.MERGESORT.mergesort(MERGESORT.java:47)
	at java_programs.MERGESORT.mergesort(MERGESORT.java:47)
	at java_programs.MERGESORT.mergesort(MERGESORT.java:47)
	at java_programs.MERGESORT.mergesort(MERGESORT.java:47)
	at java_programs.MERGESORT.mergesort(MERGESORT.java:47)
	at java_programs.MERGESORT.mergesort(MERGESORT.java:47)
	at java_programs.MERGESORT.mergesort(MERGESORT.java:47)
	at java_programs.MERGESORT.mergesort(MERGESORT.java:47)
	at java_programs.MERGESORT.mergesort(MERGESORT.java:47)
	at java_programs.MERGESORT.mergesort(MERGESORT.java:47)
	at java_programs.MERGESORT.mergesort(MERGESORT.java:47)
	at java_programs.MERGESORT.mergesort(MERGESORT.java:47)
	at java_programs.MERGESORT.mergesort(MERGESORT.java:47)
	at java_programs.MERGESORT.mergesort(MERGESORT.java:47)
	at java_programs.MERGESORT.mergesort(MERGESORT.java:47)
	at java_programs.MERGESORT.mergesort(MERGESORT.java:47)
	at java_programs.MERGESORT.mergesort(MERGESORT.java:47)
	at java_programs.MERGESORT.mergesort(MERGESORT.java:47)
	at java_programs.MERGESORT.mergesort(MERGESORT.java:47)
	at java_programs.MERGESORT.mergesort(MERGESORT.java:47)
	at java_programs.MERGESORT.mergesort(MERGESORT.java:47)
	at java_programs.MERGESORT.mergesort(MERGESORT.java:47)
	at java_programs.MERGESORT.mergesort(MERGESORT.java:47)
	at java_programs.MERGESORT.mergesort(MERGESORT.java:47)
	at java_programs.MERGESORT.mergesort(MERGESORT.java:47)
	at java_programs.MERGESORT.mergesort(MERGESORT.java:47)
	at java_programs.MERGESORT.mergesort(MERGESORT.java:47)
	at java_programs.MERGESORT.mergesort(MERGESORT.java:47)
	at java_programs.MERGESORT.mergesort(MERGESORT.java:47)
	at java_programs.MERGESORT.mergesort(MERGESORT.java:47)
	at java_programs.MERGESORT.mergesort(MERGESORT.java:47)
	at java_programs.MERGESORT.mergesort(MERGESORT.java:47)
	at java_programs.MERGESORT.mergesort(MERGESORT.java:47)
	at java_programs.MERGESORT.mergesort(MERGESORT.java:47)
	at java_programs.MERGESORT.mergesort(MERGESORT.java:47)
	at java_programs.MERGESORT.mergesort(MERGESORT.java:47)
	at java_programs.MERGESORT.mergesort(MERGESORT.java:47)
	at java_programs.MERGESORT.mergesort(MERGESORT.java:47)
	at java_programs.MERGESORT.mergesort(MERGESORT.java:47)
	at java_programs.MERGESORT.mergesort(MERGESORT.java:47)
	at java_programs.MERGESORT.mergesort(MERGESORT.java:47)
	at java_programs.MERGESORT.mergesort(MERGESORT.java:47)
	at java_programs.MERGESORT.mergesort(MERGESORT.java:47)
	at java_programs.MERGESORT.mergesort(MERGESORT.java:47)
	at java_programs.MERGESORT.mergesort(MERGESORT.java:47)
	at java_programs.MERGESORT.mergesort(MERGESORT.java:47)
	at java_programs.MERGESORT.mergesort(MERGESORT.java:47)
	at java_programs.MERGESORT.mergesort(MERGESORT.java:47)
	at java_programs.MERGESORT.mergesort(MERGESORT.java:47)
	at java_programs.MERGESORT.mergesort(MERGESORT.java:47)
	at java_programs.MERGESORT.mergesort(MERGESORT.java:47)
	at java_programs.MERGESORT.mergesort(MERGESORT.java:47)
	at java_programs.MERGESORT.mergesort(MERGESORT.java:47)
	at java_programs.MERGESORT.mergesort(MERGESORT.java:47)
	at java_programs.MERGESORT.mergesort(MERGESORT.java:47)
	at java_programs.MERGESORT.mergesort(MERGESORT.java:47)
	at java_programs.MERGESORT.mergesort(MERGESORT.java:47)
	at java_programs.MERGESORT.mergesort(MERGESORT.java:47)
	at java_programs.MERGESORT.mergesort(MERGESORT.java:47)
	at java_programs.MERGESORT.mergesort(MERGESORT.java:47)
	at java_programs.MERGESORT.mergesort(MERGESORT.java:47)
	at java_programs.MERGESORT.mergesort(MERGESORT.java:47)
	at java_programs.MERGESORT.mergesort(MERGESORT.java:47)
	at java_programs.MERGESORT.mergesort(MERGESORT.java:47)
	at java_programs.MERGESORT.mergesort(MERGESORT.java:47)
	at java_programs.MERGESORT.mergesort(MERGESORT.java:47)
	at java_programs.MERGESORT.mergesort(MERGESORT.java:47)
	at java_programs.MERGESORT.mergesort(MERGESORT.java:47)
	at java_programs.MERGESORT.mergesort(MERGESORT.java:47)
	at java_programs.MERGESORT.mergesort(MERGESORT.java:47)
	at java_programs.MERGESORT.mergesort(MERGESORT.java:47)
	at java_programs.MERGESORT.mergesort(MERGESORT.java:47)
	at java_programs.MERGESORT.mergesort(MERGESORT.java:47)
	at java_programs.MERGESORT.mergesort(MERGESORT.java:47)
	at java_programs.MERGESORT.mergesort(MERGESORT.java:47)
	at java_programs.MERGESORT.mergesort(MERGESORT.java:47)
	at java_programs.MERGESORT.mergesort(MERGESORT.java:47)
	at java_programs.MERGESORT.mergesort(MERGESORT.java:47)
	at java_programs.MERGESORT.mergesort(MERGESORT.java:47)
	at java_programs.MERGESORT.mergesort(MERGESORT.java:47)
	at java_programs.MERGESORT.mergesort(MERGESORT.java:47)
	at java_programs.MERGESORT.mergesort(MERGESORT.java:47)
	at java_programs.MERGESORT.mergesort(MERGESORT.java:47)
	at java_programs.MERGESORT.mergesort(MERGESORT.java:47)
	at java_programs.MERGESORT.mergesort(MERGESORT.java:47)
	at java_programs.MERGESORT.mergesort(MERGESORT.java:47)
	at java_programs.MERGESORT.mergesort(MERGESORT.java:47)
	at java_programs.MERGESORT.mergesort(MERGESORT.java:47)
	at java_programs.MERGESORT.mergesort(MERGESORT.java:47)
	at java_programs.MERGESORT.mergesort(MERGESORT.java:47)
	at java_programs.MERGESORT.mergesort(MERGESORT.java:47)
	at java_programs.MERGESORT.mergesort(MERGESORT.java:47)
	at java_programs.MERGESORT.mergesort(MERGESORT.java:47)
	at java_programs.MERGESORT.mergesort(MERGESORT.java:47)
	at java_programs.MERGESORT.mergesort(MERGESORT.java:47)
	at java_programs.MERGESORT.mergesort(MERGESORT.java:47)
	at java_programs.MERGESORT.mergesort(MERGESORT.java:47)
	at java_programs.MERGESORT.mergesort(MERGESORT.java:47)
	at java_programs.MERGESORT.mergesort(MERGESORT.java:47)
	at java_programs.MERGESORT.mergesort(MERGESORT.java:47)
	at java_programs.MERGESORT.mergesort(MERGESORT.java:47)
	at java_programs.MERGESORT.mergesort(MERGESORT.java:47)
	at java_programs.MERGESORT.mergesort(MERGESORT.java:47)
	at java_programs.MERGESORT.mergesort(MERGESORT.java:47)
	at java_programs.MERGESORT.mergesort(MERGESORT.java:47)
	at java_programs.MERGESORT.mergesort(MERGESORT.java:47)
	at java_programs.MERGESORT.mergesort(MERGESORT.java:47)
	at java_programs.MERGESORT.mergesort(MERGESORT.java:47)
	at java_programs.MERGESORT.mergesort(MERGESORT.java:47)
	at java_programs.MERGESORT.mergesort(MERGESORT.java:47)
	at java_programs.MERGESORT.mergesort(MERGESORT.java:47)
	at java_programs.MERGESORT.mergesort(MERGESORT.java:47)
	at java_programs.MERGESORT.mergesort(MERGESORT.java:47)
	at java_programs.MERGESORT.mergesort(MERGESORT.java:47)
	at java_programs.MERGESORT.mergesort(MERGESORT.java:47)
	at java_programs.MERGESORT.mergesort(MERGESORT.java:47)
	at java_programs.MERGESORT.mergesort(MERGESORT.java:47)
	at java_programs.MERGESORT.mergesort(MERGESORT.java:47)
	at java_programs.MERGESORT.mergesort(MERGESORT.java:47)
	at java_programs.MERGESORT.mergesort(MERGESORT.java:47)
	at java_programs.MERGESORT.mergesort(MERGESORT.java:47)
	at java_programs.MERGESORT.mergesort(MERGESORT.java:47)
	at java_programs.MERGESORT.mergesort(MERGESORT.java:47)
	at java_programs.MERGESORT.mergesort(MERGESORT.java:47)
	at java_programs.MERGESORT.mergesort(MERGESORT.java:47)
	at java_programs.MERGESORT.mergesort(MERGESORT.java:47)
	at java_programs.MERGESORT.mergesort(MERGESORT.java:47)
	at java_programs.MERGESORT.mergesort(MERGESORT.java:47)
	at java_programs.MERGESORT.mergesort(MERGESORT.java:47)
	at java_programs.MERGESORT.mergesort(MERGESORT.java:47)
	at java_programs.MERGESORT.mergesort(MERGESORT.java:47)
	at java_programs.MERGESORT.mergesort(MERGESORT.java:47)
	at java_programs.MERGESORT.mergesort(MERGESORT.java:47)
	at java_programs.MERGESORT.mergesort(MERGESORT.java:47)
	at java_programs.MERGESORT.mergesort(MERGESORT.java:47)
	at java_programs.MERGESORT.mergesort(MERGESORT.java:47)
	at java_programs.MERGESORT.mergesort(MERGESORT.java:47)
	at java_programs.MERGESORT.mergesort(MERGESORT.java:47)
	at java_programs.MERGESORT.mergesort(MERGESORT.java:47)
	at java_programs.MERGESORT.mergesort(MERGESORT.java:47)
	at java_programs.MERGESORT.mergesort(MERGESORT.java:47)
	at java_programs.MERGESORT.mergesort(MERGESORT.java:47)
	at java_programs.MERGESORT.mergesort(MERGESORT.java:47)
	at java_programs.MERGESORT.mergesort(MERGESORT.java:47)
	at java_programs.MERGESORT.mergesort(MERGESORT.java:47)
	at java_programs.MERGESORT.mergesort(MERGESORT.java:47)
	at java_programs.MERGESORT.mergesort(MERGESORT.java:47)
	at java_programs.MERGESORT.mergesort(MERGESORT.java:47)
	at java_programs.MERGESORT.mergesort(MERGESORT.java:47)
	at java_programs.MERGESORT.mergesort(MERGESORT.java:47)
	at java_programs.MERGESORT.mergesort(MERGESORT.java:47)
	at java_programs.MERGESORT.mergesort(MERGESORT.java:47)
	at java_programs.MERGESORT.mergesort(MERGESORT.java:47)
	at java_programs.MERGESORT.mergesort(MERGESORT.java:47)
	at java_programs.MERGESORT.mergesort(MERGESORT.java:47)
	at java_programs.MERGESORT.mergesort(MERGESORT.java:47)
	at java_programs.MERGESORT.mergesort(MERGESORT.java:47)
	at java_programs.MERGESORT.mergesort(MERGESORT.java:47)
	at java_programs.MERGESORT.mergesort(MERGESORT.java:47)
	at java_programs.MERGESORT.mergesort(MERGESORT.java:47)
	at java_programs.MERGESORT.mergesort(MERGESORT.java:47)
	at java_programs.MERGESORT.mergesort(MERGESORT.java:47)
	at java_programs.MERGESORT.mergesort(MERGESORT.java:47)
	at java_programs.MERGESORT.mergesort(MERGESORT.java:47)
	at java_programs.MERGESORT.mergesort(MERGESORT.java:47)
	at java_programs.MERGESORT.mergesort(MERGESORT.java:47)
	at java_programs.MERGESORT.mergesort(MERGESORT.java:47)
	at java_programs.MERGESORT.mergesort(MERGESORT.java:47)
	at java_programs.MERGESORT.mergesort(MERGESORT.java:47)
	at java_programs.MERGESORT.mergesort(MERGESORT.java:47)
	at java_programs.MERGESORT.mergesort(MERGESORT.java:47)
	at java_programs.MERGESORT.mergesort(MERGESORT.java:47)
	at java_programs.MERGESORT.mergesort(MERGESORT.java:47)
	at java_programs.MERGESORT.mergesort(MERGESORT.java:47)
	at java_programs.MERGESORT.mergesort(MERGESORT.java:47)
	at java_programs.MERGESORT.mergesort(MERGESORT.java:47)
	at java_programs.MERGESORT.mergesort(MERGESORT.java:47)
	at java_programs.MERGESORT.mergesort(MERGESORT.java:47)
	at java_programs.MERGESORT.mergesort(MERGESORT.java:47)
	at java_programs.MERGESORT.mergesort(MERGESORT.java:47)
	at java_programs.MERGESORT.mergesort(MERGESORT.java:47)
	at java_programs.MERGESORT.mergesort(MERGESORT.java:47)
	at java_programs.MERGESORT.mergesort(MERGESORT.java:47)
	at java_programs.MERGESORT.mergesort(MERGESORT.java:47)
	at java_programs.MERGESORT.mergesort(MERGESORT.java:47)
	at java_programs.MERGESORT.mergesort(MERGESORT.java:47)
	at java_programs.MERGESORT.mergesort(MERGESORT.java:47)
	at java_programs.MERGESORT.mergesort(MERGESORT.java:47)
	at java_programs.MERGESORT.mergesort(MERGESORT.java:47)
	at java_programs.MERGESORT.mergesort(MERGESORT.java:47)
	at java_programs.MERGESORT.mergesort(MERGESORT.java:47)
	at java_programs.MERGESORT.mergesort(MERGESORT.java:47)
	at java_programs.MERGESORT.mergesort(MERGESORT.java:47)
	at java_programs.MERGESORT.mergesort(MERGESORT.java:47)
	at java_programs.MERGESORT.mergesort(MERGESORT.java:47)
	at java_programs.MERGESORT.mergesort(MERGESORT.java:47)
	at java_programs.MERGESORT.mergesort(MERGESORT.java:47)
	at java_programs.MERGESORT.mergesort(MERGESORT.java:47)
	at java_programs.MERGESORT.mergesort(MERGESORT.java:47)
	at java_programs.MERGESORT.mergesort(MERGESORT.java:47)
	at java_programs.MERGESORT.mergesort(MERGESORT.java:47)
	at java_programs.MERGESORT.mergesort(MERGESORT.java:47)
	at java_programs.MERGESORT.mergesort(MERGESORT.java:47)
	at java_programs.MERGESORT.mergesort(MERGESORT.java:47)
	at java_programs.MERGESORT.mergesort(MERGESORT.java:47)
	at java_programs.MERGESORT.mergesort(MERGESORT.java:47)
	at java_programs.MERGESORT.mergesort(MERGESORT.java:47)
	at java_programs.MERGESORT.mergesort(MERGESORT.java:47)
	at java_programs.MERGESORT.mergesort(MERGESORT.java:47)
	at java_programs.MERGESORT.mergesort(MERGESORT.java:47)
	at java_programs.MERGESORT.mergesort(MERGESORT.java:47)
	at java_programs.MERGESORT.mergesort(MERGESORT.java:47)
	at java_programs.MERGESORT.mergesort(MERGESORT.java:47)
	at java_programs.MERGESORT.mergesort(MERGESORT.java:47)
	at java_programs.MERGESORT.mergesort(MERGESORT.java:47)
	at java_programs.MERGESORT.mergesort(MERGESORT.java:47)
	at java_programs.MERGESORT.mergesort(MERGESORT.java:47)
	at java_programs.MERGESORT.mergesort(MERGESORT.java:47)
	at java_programs.MERGESORT.mergesort(MERGESORT.java:47)
	at java_programs.MERGESORT.mergesort(MERGESORT.java:47)
	at java_programs.MERGESORT.mergesort(MERGESORT.java:47)
	at java_programs.MERGESORT.mergesort(MERGESORT.java:47)
	at java_programs.MERGESORT.mergesort(MERGESORT.java:47)
	at java_programs.MERGESORT.mergesort(MERGESORT.java:47)
	at java_programs.MERGESORT.mergesort(MERGESORT.java:47)
	at java_programs.MERGESORT.mergesort(MERGESORT.java:47)
	at java_programs.MERGESORT.mergesort(MERGESORT.java:47)
	at java_programs.MERGESORT.mergesort(MERGESORT.java:47)
	at java_programs.MERGESORT.mergesort(MERGESORT.java:47)
	at java_programs.MERGESORT.mergesort(MERGESORT.java:47)
	at java_programs.MERGESORT.mergesort(MERGESORT.java:47)
	at java_programs.MERGESORT.mergesort(MERGESORT.java:47)
	at java_programs.MERGESORT.mergesort(MERGESORT.java:47)
	at java_programs.MERGESORT.mergesort(MERGESORT.java:47)
	at java_programs.MERGESORT.mergesort(MERGESORT.java:47)
	at java_programs.MERGESORT.mergesort(MERGESORT.java:47)
	at java_programs.MERGESORT.mergesort(MERGESORT.java:47)
	at java_programs.MERGESORT.mergesort(MERGESORT.java:47)
	at java_programs.MERGESORT.mergesort(MERGESORT.java:47)
	at java_programs.MERGESORT.mergesort(MERGESORT.java:47)
	at java_programs.MERGESORT.mergesort(MERGESORT.java:47)
	at java_programs.MERGESORT.mergesort(MERGESORT.java:47)
	at java_programs.MERGESORT.mergesort(MERGESORT.java:47)
	at java_programs.MERGESORT.mergesort(MERGESORT.java:47)
	at java_programs.MERGESORT.mergesort(MERGESORT.java:47)
	at java_programs.MERGESORT.mergesort(MERGESORT.java:47)
	at java_programs.MERGESORT.mergesort(MERGESORT.java:47)
	at java_programs.MERGESORT.mergesort(MERGESORT.java:47)
	at java_programs.MERGESORT.mergesort(MERGESORT.java:47)
	at java_programs.MERGESORT.mergesort(MERGESORT.java:47)
	at java_programs.MERGESORT.mergesort(MERGESORT.java:47)
	at java_programs.MERGESORT.mergesort(MERGESORT.java:47)
	at java_programs.MERGESORT.mergesort(MERGESORT.java:47)
	at java_programs.MERGESORT.mergesort(MERGESORT.java:47)
	at java_programs.MERGESORT.mergesort(MERGESORT.java:47)
	at java_programs.MERGESORT.mergesort(MERGESORT.java:47)
	at java_programs.MERGESORT.mergesort(MERGESORT.java:47)
	at java_programs.MERGESORT.mergesort(MERGESORT.java:47)
	at java_programs.MERGESORT.mergesort(MERGESORT.java:47)
	at java_programs.MERGESORT.mergesort(MERGESORT.java:47)
	at java_programs.MERGESORT.mergesort(MERGESORT.java:47)
	at java_programs.MERGESORT.mergesort(MERGESORT.java:47)
	at java_programs.MERGESORT.mergesort(MERGESORT.java:47)
	at java_programs.MERGESORT.mergesort(MERGESORT.java:47)
	at java_programs.MERGESORT.mergesort(MERGESORT.java:47)
	at java_programs.MERGESORT.mergesort(MERGESORT.java:47)
	at java_programs.MERGESORT.mergesort(MERGESORT.java:47)
	at java_programs.MERGESORT.mergesort(MERGESORT.java:47)
	at java_programs.MERGESORT.mergesort(MERGESORT.java:47)
	at java_programs.MERGESORT.mergesort(MERGESORT.java:47)
	at java_programs.MERGESORT.mergesort(MERGESORT.java:47)
	at java_programs.MERGESORT.mergesort(MERGESORT.java:47)
	at java_programs.MERGESORT.mergesort(MERGESORT.java:47)
	at java_programs.MERGESORT.mergesort(MERGESORT.java:47)
	at java_programs.MERGESORT.mergesort(MERGESORT.java:47)
	at java_programs.MERGESORT.mergesort(MERGESORT.java:47)
	at java_programs.MERGESORT.mergesort(MERGESORT.java:47)
	at java_programs.MERGESORT.mergesort(MERGESORT.java:47)
	at java_programs.MERGESORT.mergesort(MERGESORT.java:47)
	at java_programs.MERGESORT.mergesort(MERGESORT.java:47)
	at java_programs.MERGESORT.mergesort(MERGESORT.java:47)
	at java_programs.MERGESORT.mergesort(MERGESORT.java:47)
	at java_programs.MERGESORT.mergesort(MERGESORT.java:47)
	at java_programs.MERGESORT.mergesort(MERGESORT.java:47)
	at java_programs.MERGESORT.mergesort(MERGESORT.java:47)
	at java_programs.MERGESORT.mergesort(MERGESORT.java:47)
	at java_programs.MERGESORT.mergesort(MERGESORT.java:47)
	at java_programs.MERGESORT.mergesort(MERGESORT.java:47)
	at java_programs.MERGESORT.mergesort(MERGESORT.java:47)
	at java_programs.MERGESORT.mergesort(MERGESORT.java:47)
	at java_programs.MERGESORT.mergesort(MERGESORT.java:47)
	at java_programs.MERGESORT.mergesort(MERGESORT.java:47)
	at java_programs.MERGESORT.mergesort(MERGESORT.java:47)
	at java_programs.MERGESORT.mergesort(MERGESORT.java:47)
	at java_programs.MERGESORT.mergesort(MERGESORT.java:47)
	at java_programs.MERGESORT.mergesort(MERGESORT.java:47)
	at java_programs.MERGESORT.mergesort(MERGESORT.java:47)
	at java_programs.MERGESORT.mergesort(MERGESORT.java:47)
	at java_programs.MERGESORT.mergesort(MERGESORT.java:47)
	at java_programs.MERGESORT.mergesort(MERGESORT.java:47)
	at java_programs.MERGESORT.mergesort(MERGESORT.java:47)
	at java_programs.MERGESORT.mergesort(MERGESORT.java:47)
	at java_programs.MERGESORT.mergesort(MERGESORT.java:47)
	at java_programs.MERGESORT.mergesort(MERGESORT.java:47)
	at java_programs.MERGESORT.mergesort(MERGESORT.java:47)
	at java_programs.MERGESORT.mergesort(MERGESORT.java:47)
	at java_programs.MERGESORT.mergesort(MERGESORT.java:47)
	at java_programs.MERGESORT.mergesort(MERGESORT.java:47)
	at java_programs.MERGESORT.mergesort(MERGESORT.java:47)
	at java_programs.MERGESORT.mergesort(MERGESORT.java:47)
	at java_programs.MERGESORT.mergesort(MERGESORT.java:47)
	at java_programs.MERGESORT.mergesort(MERGESORT.java:47)
	at java_programs.MERGESORT.mergesort(MERGESORT.java:47)
	at java_programs.MERGESORT.mergesort(MERGESORT.java:47)
	at java_programs.MERGESORT.mergesort(MERGESORT.java:47)
	at java_programs.MERGESORT.mergesort(MERGESORT.java:47)
	at java_programs.MERGESORT.mergesort(MERGESORT.java:47)
	at java_programs.MERGESORT.mergesort(MERGESORT.java:47)
	at java_programs.MERGESORT.mergesort(MERGESORT.java:47)
	at java_programs.MERGESORT.mergesort(MERGESORT.java:47)
	at java_programs.MERGESORT.mergesort(MERGESORT.java:47)
	at java_programs.MERGESORT.mergesort(MERGESORT.java:47)
	at java_programs.MERGESORT.mergesort(MERGESORT.java:47)
	at java_programs.MERGESORT.mergesort(MERGESORT.java:47)
	at java_programs.MERGESORT.mergesort(MERGESORT.java:47)
	at java_programs.MERGESORT.mergesort(MERGESORT.java:47)
	at java_programs.MERGESORT.mergesort(MERGESORT.java:47)
	at java_programs.MERGESORT.mergesort(MERGESORT.java:47)
	at java_programs.MERGESORT.mergesort(MERGESORT.java:47)
	at java_programs.MERGESORT.mergesort(MERGESORT.java:47)
	at java_programs.MERGESORT.mergesort(MERGESORT.java:47)
	at java_programs.MERGESORT.mergesort(MERGESORT.java:47)
	at java_programs.MERGESORT.mergesort(MERGESORT.java:47)
	at java_programs.MERGESORT.mergesort(MERGESORT.java:47)
	at java_programs.MERGESORT.mergesort(MERGESORT.java:47)
	at java_programs.MERGESORT.mergesort(MERGESORT.java:47)
	at java_programs.MERGESORT.mergesort(MERGESORT.java:47)
	at java_programs.MERGESORT.mergesort(MERGESORT.java:47)
	at java_programs.MERGESORT.mergesort(MERGESORT.java:47)
	at java_programs.MERGESORT.mergesort(MERGESORT.java:47)
	at java_programs.MERGESORT.mergesort(MERGESORT.java:47)
	at java_programs.MERGESORT.mergesort(MERGESORT.java:47)
	at java_programs.MERGESORT.mergesort(MERGESORT.java:47)
	at java_programs.MERGESORT.mergesort(MERGESORT.java:47)
	at java_programs.MERGESORT.mergesort(MERGESORT.java:47)
	at java_programs.MERGESORT.mergesort(MERGESORT.java:47)
	at java_programs.MERGESORT.mergesort(MERGESORT.java:47)
	at java_programs.MERGESORT.mergesort(MERGESORT.java:47)
	at java_programs.MERGESORT.mergesort(MERGESORT.java:47)
	at java_programs.MERGESORT.mergesort(MERGESORT.java:47)
	at java_programs.MERGESORT.mergesort(MERGESORT.java:47)
	at java_programs.MERGESORT.mergesort(MERGESORT.java:47)
	at java_programs.MERGESORT.mergesort(MERGESORT.java:47)
	at java_programs.MERGESORT.mergesort(MERGESORT.java:47)
	at java_programs.MERGESORT.mergesort(MERGESORT.java:47)
	at java_programs.MERGESORT.mergesort(MERGESORT.java:47)
	at java_programs.MERGESORT.mergesort(MERGESORT.java:47)
	at java_programs.MERGESORT.mergesort(MERGESORT.java:47)
	at java_programs.MERGESORT.mergesort(MERGESORT.java:47)
	at java_programs.MERGESORT.mergesort(MERGESORT.java:47)
	at java_programs.MERGESORT.mergesort(MERGESORT.java:47)
	at java_programs.MERGESORT.mergesort(MERGESORT.java:47)
	at java_programs.MERGESORT.mergesort(MERGESORT.java:47)
	at java_programs.MERGESORT.mergesort(MERGESORT.java:47)
	at java_programs.MERGESORT.mergesort(MERGESORT.java:47)
	at java_programs.MERGESORT.mergesort(MERGESORT.java:47)
	at java_programs.MERGESORT.mergesort(MERGESORT.java:47)
	at java_programs.MERGESORT.mergesort(MERGESORT.java:47)
	at java_programs.MERGESORT.mergesort(MERGESORT.java:47)
	at java_programs.MERGESORT.mergesort(MERGESORT.java:47)
	at java_programs.MERGESORT.mergesort(MERGESORT.java:47)
	at java_programs.MERGESORT.mergesort(MERGESORT.java:47)
	at java_programs.MERGESORT.mergesort(MERGESORT.java:47)
	at java_programs.MERGESORT.mergesort(MERGESORT.java:47)
	at java_programs.MERGESORT.mergesort(MERGESORT.java:47)
	at java_programs.MERGESORT.mergesort(MERGESORT.java:47)
	at java_programs.MERGESORT.mergesort(MERGESORT.java:47)
	at java_programs.MERGESORT.mergesort(MERGESORT.java:47)
	at java_programs.MERGESORT.mergesort(MERGESORT.java:47)
	at java_programs.MERGESORT.mergesort(MERGESORT.java:47)
	at java_programs.MERGESORT.mergesort(MERGESORT.java:47)
	at java_programs.MERGESORT.mergesort(MERGESORT.java:47)
	at java_programs.MERGESORT.mergesort(MERGESORT.java:47)
	at java_programs.MERGESORT.mergesort(MERGESORT.java:47)
	at java_programs.MERGESORT.mergesort(MERGESORT.java:47)
	at java_programs.MERGESORT.mergesort(MERGESORT.java:47)
	at java_programs.MERGESORT.mergesort(MERGESORT.java:47)
	at java_programs.MERGESORT.mergesort(MERGESORT.java:47)
	at java_programs.MERGESORT.mergesort(MERGESORT.java:47)
	at java_programs.MERGESORT.mergesort(MERGESORT.java:47)
	at java_programs.MERGESORT.mergesort(MERGESORT.java:47)
	at java_programs.MERGESORT.mergesort(MERGESORT.java:47)
	at java_programs.MERGESORT.mergesort(MERGESORT.java:47)
	at java_programs.MERGESORT.mergesort(MERGESORT.java:47)
	at java_programs.MERGESORT.mergesort(MERGESORT.java:47)
	at java_programs.MERGESORT.mergesort(MERGESORT.java:47)
	at java_programs.MERGESORT.mergesort(MERGESORT.java:47)
	at java_programs.MERGESORT.mergesort(MERGESORT.java:47)
	at java_programs.MERGESORT.mergesort(MERGESORT.java:47)
	at java_programs.MERGESORT.mergesort(MERGESORT.java:47)
	at java_programs.MERGESORT.mergesort(MERGESORT.java:47)
	at java_programs.MERGESORT.mergesort(MERGESORT.java:47)
	at java_programs.MERGESORT.mergesort(MERGESORT.java:47)
	at java_programs.MERGESORT.mergesort(MERGESORT.java:47)
	at java_programs.MERGESORT.mergesort(MERGESORT.java:47)
	at java_programs.MERGESORT.mergesort(MERGESORT.java:47)
	at java_programs.MERGESORT.mergesort(MERGESORT.java:47)
	at java_programs.MERGESORT.mergesort(MERGESORT.java:47)
	at java_programs.MERGESORT.mergesort(MERGESORT.java:47)
	at java_programs.MERGESORT.mergesort(MERGESORT.java:47)
	at java_programs.MERGESORT.mergesort(MERGESORT.java:47)
	at java_programs.MERGESORT.mergesort(MERGESORT.java:47)
	at java_programs.MERGESORT.mergesort(MERGESORT.java:47)
	at java_programs.MERGESORT.mergesort(MERGESORT.java:47)
	at java_programs.MERGESORT.mergesort(MERGESORT.java:47)
	at java_programs.MERGESORT.mergesort(MERGESORT.java:47)
	at java_programs.MERGESORT.mergesort(MERGESORT.java:47)
	at java_programs.MERGESORT.mergesort(MERGESORT.java:47)
	at java_programs.MERGESORT.mergesort(MERGESORT.java:47)
	at java_programs.MERGESORT.mergesort(MERGESORT.java:47)
	at java_programs.MERGESORT.mergesort(MERGESORT.java:47)
	at java_programs.MERGESORT.mergesort(MERGESORT.java:47)
	at java_programs.MERGESORT.mergesort(MERGESORT.java:47)
	at java_programs.MERGESORT.mergesort(MERGESORT.java:47)
	at java_programs.MERGESORT.mergesort(MERGESORT.java:47)
	at java_programs.MERGESORT.mergesort(MERGESORT.java:47)
	at java_programs.MERGESORT.mergesort(MERGESORT.java:47)
	at java_programs.MERGESORT.mergesort(MERGESORT.java:47)
	at java_programs.MERGESORT.mergesort(MERGESORT.java:47)
	at java_programs.MERGESORT.mergesort(MERGESORT.java:47)
	at java_programs.MERGESORT.mergesort(MERGESORT.java:47)
	at java_programs.MERGESORT.mergesort(MERGESORT.java:47)
	at java_programs.MERGESORT.mergesort(MERGESORT.java:47)
	at java_programs.MERGESORT.mergesort(MERGESORT.java:47)
	at java_programs.MERGESORT.mergesort(MERGESORT.java:47)
	at java_programs.MERGESORT.mergesort(MERGESORT.java:47)
	at java_programs.MERGESORT.mergesort(MERGESORT.java:47)
	at java_programs.MERGESORT.mergesort(MERGESORT.java:47)
	at java_programs.MERGESORT.mergesort(MERGESORT.java:47)
	at java_programs.MERGESORT.mergesort(MERGESORT.java:47)
	at java_programs.MERGESORT.mergesort(MERGESORT.java:47)
	at java_programs.MERGESORT.mergesort(MERGESORT.java:47)
	at java_programs.MERGESORT.mergesort(MERGESORT.java:47)
	at java_programs.MERGESORT.mergesort(MERGESORT.java:47)
	at java_programs.MERGESORT.mergesort(MERGESORT.java:47)
	at java_programs.MERGESORT.mergesort(MERGESORT.java:47)
	at java_programs.MERGESORT.mergesort(MERGESORT.java:47)
	at java_programs.MERGESORT.mergesort(MERGESORT.java:47)
	at java_programs.MERGESORT.mergesort(MERGESORT.java:47)
	at java_programs.MERGESORT.mergesort(MERGESORT.java:47)
	at java_programs.MERGESORT.mergesort(MERGESORT.java:47)
	at java_programs.MERGESORT.mergesort(MERGESORT.java:47)
	at java_programs.MERGESORT.mergesort(MERGESORT.java:47)
	at java_programs.MERGESORT.mergesort(MERGESORT.java:47)
	at java_programs.MERGESORT.mergesort(MERGESORT.java:47)
	at java_programs.MERGESORT.mergesort(MERGESORT.java:47)
	at java_programs.MERGESORT.mergesort(MERGESORT.java:47)
	at java_programs.MERGESORT.mergesort(MERGESORT.java:47)
	at java_programs.MERGESORT.mergesort(MERGESORT.java:47)
	at java_programs.MERGESORT.mergesort(MERGESORT.java:47)
	at java_programs.MERGESORT.mergesort(MERGESORT.java:47)
	at java_programs.MERGESORT.mergesort(MERGESORT.java:47)
	at java_programs.MERGESORT.mergesort(MERGESORT.java:47)
	at java_programs.MERGESORT.mergesort(MERGESORT.java:47)
	at java_programs.MERGESORT.mergesort(MERGESORT.java:47)
	at java_programs.MERGESORT.mergesort(MERGESORT.java:47)
	at java_programs.MERGESORT.mergesort(MERGESORT.java:47)
	at java_programs.MERGESORT.mergesort(MERGESORT.java:47)
	at java_programs.MERGESORT.mergesort(MERGESORT.java:47)
	at java_programs.MERGESORT.mergesort(MERGESORT.java:47)
	at java_programs.MERGESORT.mergesort(MERGESORT.java:47)
	at java_programs.MERGESORT.mergesort(MERGESORT.java:47)
	at java_programs.MERGESORT.mergesort(MERGESORT.java:47)
	at java_programs.MERGESORT.mergesort(MERGESORT.java:47)
	at java_programs.MERGESORT.mergesort(MERGESORT.java:47)
	at java_programs.MERGESORT.mergesort(MERGESORT.java:47)
	at java_programs.MERGESORT.mergesort(MERGESORT.java:47)
	at java_programs.MERGESORT.mergesort(MERGESORT.java:47)
	at java_programs.MERGESORT.mergesort(MERGESORT.java:47)
	at java_programs.MERGESORT.mergesort(MERGESORT.java:47)
	at java_programs.MERGESORT.mergesort(MERGESORT.java:47)
	at java_programs.MERGESORT.mergesort(MERGESORT.java:47)
	at java_programs.MERGESORT.mergesort(MERGESORT.java:47)
	at java_programs.MERGESORT.mergesort(MERGESORT.java:47)
	at java_programs.MERGESORT.mergesort(MERGESORT.java:47)
	at java_programs.MERGESORT.mergesort(MERGESORT.java:47)
	at java_programs.MERGESORT.mergesort(MERGESORT.java:47)
	at java_programs.MERGESORT.mergesort(MERGESORT.java:47)
	at java_programs.MERGESORT.mergesort(MERGESORT.java:47)
	at java_programs.MERGESORT.mergesort(MERGESORT.java:47)
	at java_programs.MERGESORT.mergesort(MERGESORT.java:47)
	at java_programs.MERGESORT.mergesort(MERGESORT.java:47)
	at java_programs.MERGESORT.mergesort(MERGESORT.java:47)
	at java_programs.MERGESORT.mergesort(MERGESORT.java:47)
	at java_programs.MERGESORT.mergesort(MERGESORT.java:47)
	at java_programs.MERGESORT.mergesort(MERGESORT.java:47)
	at java_programs.MERGESORT.mergesort(MERGESORT.java:47)
	at java_programs.MERGESORT.mergesort(MERGESORT.java:47)
	at java_programs.MERGESORT.mergesort(MERGESORT.java:47)
	at java_programs.MERGESORT.mergesort(MERGESORT.java:47)
	at java_programs.MERGESORT.mergesort(MERGESORT.java:47)
	at java_programs.MERGESORT.mergesort(MERGESORT.java:47)
	at java_programs.MERGESORT.mergesort(MERGESORT.java:47)
	at java_programs.MERGESORT.mergesort(MERGESORT.java:47)
	at java_programs.MERGESORT.mergesort(MERGESORT.java:47)
	at java_programs.MERGESORT.mergesort(MERGESORT.java:47)
	at java_programs.MERGESORT.mergesort(MERGESORT.java:47)
	at java_programs.MERGESORT.mergesort(MERGESORT.java:47)
	at java_programs.MERGESORT.mergesort(MERGESORT.java:47)
	at java_programs.MERGESORT.mergesort(MERGESORT.java:47)
	at java_programs.MERGESORT.mergesort(MERGESORT.java:47)
	at java_programs.MERGESORT.mergesort(MERGESORT.java:47)
	at java_programs.MERGESORT.mergesort(MERGESORT.java:47)
	at java_programs.MERGESORT.mergesort(MERGESORT.java:47)
	at java_programs.MERGESORT.mergesort(MERGESORT.java:47)
	at java_programs.MERGESORT.mergesort(MERGESORT.java:47)
	at java_programs.MERGESORT.mergesort(MERGESORT.java:47)
	at java_programs.MERGESORT.mergesort(MERGESORT.java:47)
	at java_programs.MERGESORT.mergesort(MERGESORT.java:47)
	at java_programs.MERGESORT.mergesort(MERGESORT.java:47)
	at java_programs.MERGESORT.mergesort(MERGESORT.java:47)
	at java_programs.MERGESORT.mergesort(MERGESORT.java:47)
	at java_programs.MERGESORT.mergesort(MERGESORT.java:47)
	at java_programs.MERGESORT.mergesort(MERGESORT.java:47)
	at java_programs.MERGESORT.mergesort(MERGESORT.java:47)
	at java_programs.MERGESORT.mergesort(MERGESORT.java:47)
	at java_programs.MERGESORT.mergesort(MERGESORT.java:47)
	at java_programs.MERGESORT.mergesort(MERGESORT.java:47)
	at java_programs.MERGESORT.mergesort(MERGESORT.java:47)
	at java_programs.MERGESORT.mergesort(MERGESORT.java:47)
	at java_programs.MERGESORT.mergesort(MERGESORT.java:47)
	at java_programs.MERGESORT.mergesort(MERGESORT.java:47)
	at java_programs.MERGESORT.mergesort(MERGESORT.java:47)
	at java_programs.MERGESORT.mergesort(MERGESORT.java:47)
	at java_programs.MERGESORT.mergesort(MERGESORT.java:47)
	at java_programs.MERGESORT.mergesort(MERGESORT.java:47)
	at java_programs.MERGESORT.mergesort(MERGESORT.java:47)
	at java_programs.MERGESORT.mergesort(MERGESORT.java:47)
	at java_programs.MERGESORT.mergesort(MERGESORT.java:47)
	at java_programs.MERGESORT.mergesort(MERGESORT.java:47)
	at java_programs.MERGESORT.mergesort(MERGESORT.java:47)
	at java_programs.MERGESORT.mergesort(MERGESORT.java:47)
	at java_programs.MERGESORT.mergesort(MERGESORT.java:47)
	at java_programs.MERGESORT.mergesort(MERGESORT.java:47)
	at java_programs.MERGESORT.mergesort(MERGESORT.java:47)
	at java_programs.MERGESORT.mergesort(MERGESORT.java:47)
	at java_programs.MERGESORT.mergesort(MERGESORT.java:47)
	at java_programs.MERGESORT.mergesort(MERGESORT.java:47)
	at java_programs.MERGESORT.mergesort(MERGESORT.java:47)
	at java_programs.MERGESORT.mergesort(MERGESORT.java:47)
	at java_programs.MERGESORT.mergesort(MERGESORT.java:47)
	at java_programs.MERGESORT.mergesort(MERGESORT.java:47)
	at java_programs.MERGESORT.mergesort(MERGESORT.java:47)
	at java_programs.MERGESORT.mergesort(MERGESORT.java:47)
	at java_programs.MERGESORT.mergesort(MERGESORT.java:47)
	at java_programs.MERGESORT.mergesort(MERGESORT.java:47)
	at java_programs.MERGESORT.mergesort(MERGESORT.java:47)
	at java_programs.MERGESORT.mergesort(MERGESORT.java:47)
	at java_programs.MERGESORT.mergesort(MERGESORT.java:47)
	at java_programs.MERGESORT.mergesort(MERGESORT.java:47)
	at java_programs.MERGESORT.mergesort(MERGESORT.java:47)
	at java_programs.MERGESORT.mergesort(MERGESORT.java:47)
	at java_programs.MERGESORT.mergesort(MERGESORT.java:47)
	at java_programs.MERGESORT.mergesort(MERGESORT.java:47)
	at java_programs.MERGESORT.mergesort(MERGESORT.java:47)
	at java_programs.MERGESORT.mergesort(MERGESORT.java:47)
	at java_programs.MERGESORT.mergesort(MERGESORT.java:47)
	at java_programs.MERGESORT.mergesort(MERGESORT.java:47)
	at java_programs.MERGESORT.mergesort(MERGESORT.java:47)
	at java_programs.MERGESORT.mergesort(MERGESORT.java:47)
	at java_programs.MERGESORT.mergesort(MERGESORT.java:47)
	at java_programs.MERGESORT.mergesort(MERGESORT.java:47)
	at java_programs.MERGESORT.mergesort(MERGESORT.java:47)
	at java_programs.MERGESORT.mergesort(MERGESORT.java:47)
	at java_programs.MERGESORT.mergesort(MERGESORT.java:47)
	at java_programs.MERGESORT.mergesort(MERGESORT.java:47)
	at java_programs.MERGESORT.mergesort(MERGESORT.java:47)
	at java_programs.MERGESORT.mergesort(MERGESORT.java:47)
	at java_programs.MERGESORT.mergesort(MERGESORT.java:47)
	at java_programs.MERGESORT.mergesort(MERGESORT.java:47)
	at java_programs.MERGESORT.mergesort(MERGESORT.java:47)
	at java_programs.MERGESORT.mergesort(MERGESORT.java:47)
	at java_programs.MERGESORT.mergesort(MERGESORT.java:47)
	at java_programs.MERGESORT.mergesort(MERGESORT.java:47)
	at java_programs.MERGESORT.mergesort(MERGESORT.java:47)
	at java_programs.MERGESORT.mergesort(MERGESORT.java:47)
	at java_programs.MERGESORT.mergesort(MERGESORT.java:47)
	at java_programs.MERGESORT.mergesort(MERGESORT.java:47)
	at java_programs.MERGESORT.mergesort(MERGESORT.java:47)
	at java_programs.MERGESORT.mergesort(MERGESORT.java:47)
	at java_programs.MERGESORT.mergesort(MERGESORT.java:47)
	at java_programs.MERGESORT.mergesort(MERGESORT.java:47)
	at java_programs.MERGESORT.mergesort(MERGESORT.java:47)
	at java_programs.MERGESORT.mergesort(MERGESORT.java:47)
	at java_programs.MERGESORT.mergesort(MERGESORT.java:47)
	at java_programs.MERGESORT.mergesort(MERGESORT.java:47)
	at java_programs.MERGESORT.mergesort(MERGESORT.java:47)
	at java_programs.MERGESORT.mergesort(MERGESORT.java:47)
	at java_programs.MERGESORT.mergesort(MERGESORT.java:47)
	at java_programs.MERGESORT.mergesort(MERGESORT.java:47)
	at java_programs.MERGESORT.mergesort(MERGESORT.java:47)
	at java_programs.MERGESORT.mergesort(MERGESORT.java:47)
	at java_programs.MERGESORT.mergesort(MERGESORT.java:47)
	at java_programs.MERGESORT.mergesort(MERGESORT.java:47)
	at java_programs.MERGESORT.mergesort(MERGESORT.java:47)
	at java_programs.MERGESORT.mergesort(MERGESORT.java:47)
	at java_programs.MERGESORT.mergesort(MERGESORT.java:47)
	at java_programs.MERGESORT.mergesort(MERGESORT.java:47)
	at java_programs.MERGESORT.mergesort(MERGESORT.java:47)
	at java_programs.MERGESORT.mergesort(MERGESORT.java:47)
	at java_programs.MERGESORT.mergesort(MERGESORT.java:47)
	at java_programs.MERGESORT.mergesort(MERGESORT.java:47)
	at java_programs.MERGESORT.mergesort(MERGESORT.java:47)
	at java_programs.MERGESORT.mergesort(MERGESORT.java:47)
	at java_programs.MERGESORT.mergesort(MERGESORT.java:47)
	at java_programs.MERGESORT.mergesort(MERGESORT.java:47)
	at java_programs.MERGESORT.mergesort(MERGESORT.java:47)
	at java_programs.MERGESORT.mergesort(MERGESORT.java:47)
	at java_programs.MERGESORT.mergesort(MERGESORT.java:47)
	at java_programs.MERGESORT.mergesort(MERGESORT.java:47)
	at java_programs.MERGESORT.mergesort(MERGESORT.java:47)
	at java_programs.MERGESORT.mergesort(MERGESORT.java:47)
	at java_programs.MERGESORT.mergesort(MERGESORT.java:47)
	at java_programs.MERGESORT.mergesort(MERGESORT.java:47)
	at java_programs.MERGESORT.mergesort(MERGESORT.java:47)
	at java_programs.MERGESORT.mergesort(MERGESORT.java:47)
	at java_programs.MERGESORT.mergesort(MERGESORT.java:47)
	at java_programs.MERGESORT.mergesort(MERGESORT.java:47)
	at java_programs.MERGESORT.mergesort(MERGESORT.java:47)
	at java_programs.MERGESORT.mergesort(MERGESORT.java:47)
	at java_programs.MERGESORT.mergesort(MERGESORT.java:47)
	at java_programs.MERGESORT.mergesort(MERGESORT.java:47)
	at java_programs.MERGESORT.mergesort(MERGESORT.java:47)
	at java_programs.MERGESORT.mergesort(MERGESORT.java:47)
	at java_programs.MERGESORT.mergesort(MERGESORT.java:47)
	at java_programs.MERGESORT.mergesort(MERGESORT.java:47)
	at java_programs.MERGESORT.mergesort(MERGESORT.java:47)
	at java_programs.MERGESORT.mergesort(MERGESORT.java:47)
	at java_programs.MERGESORT.mergesort(MERGESORT.java:47)
	at java_programs.MERGESORT.mergesort(MERGESORT.java:47)
	at java_programs.MERGESORT.mergesort(MERGESORT.java:47)
	at java_programs.MERGESORT.mergesort(MERGESORT.java:47)
	at java_programs.MERGESORT.mergesort(MERGESORT.java:47)
	at java_programs.MERGESORT.mergesort(MERGESORT.java:47)
	at java_programs.MERGESORT.mergesort(MERGESORT.java:47)
	at java_programs.MERGESORT.mergesort(MERGESORT.java:47)
	at java_programs.MERGESORT.mergesort(MERGESORT.java:47)
	at java_programs.MERGESORT.mergesort(MERGESORT.java:47)
	at java_programs.MERGESORT.mergesort(MERGESORT.java:47)
	at java_programs.MERGESORT.mergesort(MERGESORT.java:47)
	at java_programs.MERGESORT.mergesort(MERGESORT.java:47)
	at java_programs.MERGESORT.mergesort(MERGESORT.java:47)
	at java_programs.MERGESORT.mergesort(MERGESORT.java:47)
	at java_programs.MERGESORT.mergesort(MERGESORT.java:47)
	at java_programs.MERGESORT.mergesort(MERGESORT.java:47)
	at java_programs.MERGESORT.mergesort(MERGESORT.java:47)
	at java_programs.MERGESORT.mergesort(MERGESORT.java:47)
	at java_programs.MERGESORT.mergesort(MERGESORT.java:47)
	at java_programs.MERGESORT.mergesort(MERGESORT.java:47)
	at java_programs.MERGESORT.mergesort(MERGESORT.java:47)
	at java_programs.MERGESORT.mergesort(MERGESORT.java:47)
	at java_programs.MERGESORT.mergesort(MERGESORT.java:47)
	at java_programs.MERGESORT.mergesort(MERGESORT.java:47)
	at java_programs.MERGESORT.mergesort(MERGESORT.java:47)
	at java_programs.MERGESORT.mergesort(MERGESORT.java:47)
	at java_programs.MERGESORT.mergesort(MERGESORT.java:47)
	at java_programs.MERGESORT.mergesort(MERGESORT.java:47)
	at java_programs.MERGESORT.mergesort(MERGESORT.java:47)
	at java_programs.MERGESORT.mergesort(MERGESORT.java:47)
	at java_programs.MERGESORT.mergesort(MERGESORT.java:47)
	at java_programs.MERGESORT.mergesort(MERGESORT.java:47)
	at java_programs.MERGESORT.mergesort(MERGESORT.java:47)
	at java_programs.MERGESORT.mergesort(MERGESORT.java:47)
	at java_programs.MERGESORT.mergesort(MERGESORT.java:47)
	at java_programs.MERGESORT.mergesort(MERGESORT.java:47)
	at java_programs.MERGESORT.mergesort(MERGESORT.java:47)
	at java_programs.MERGESORT.mergesort(MERGESORT.java:47)
	at java_programs.MERGESORT.mergesort(MERGESORT.java:47)
	at java_programs.MERGESORT.mergesort(MERGESORT.java:47)
	at java_programs.MERGESORT.mergesort(MERGESORT.java:47)
	at java_programs.MERGESORT.mergesort(MERGESORT.java:47)
	at java_programs.MERGESORT.mergesort(MERGESORT.java:47)
	at java_programs.MERGESORT.mergesort(MERGESORT.java:47)
	at java_programs.MERGESORT.mergesort(MERGESORT.java:47)
	at java_programs.MERGESORT.mergesort(MERGESORT.java:47)
	at java_programs.MERGESORT.mergesort(MERGESORT.java:47)
	at java_programs.MERGESORT.mergesort(MERGESORT.java:47)
	at java_programs.MERGESORT.mergesort(MERGESORT.java:47)
	at java_programs.MERGESORT.mergesort(MERGESORT.java:47)
	at java_programs.MERGESORT.mergesort(MERGESORT.java:47)
	at java_programs.MERGESORT.mergesort(MERGESORT.java:47)
	at java_programs.MERGESORT.mergesort(MERGESORT.java:47)
	at java_programs.MERGESORT.mergesort(MERGESORT.java:47)
	at java_programs.MERGESORT.mergesort(MERGESORT.java:47)
	at java_programs.MERGESORT.mergesort(MERGESORT.java:47)
	at java_programs.MERGESORT.mergesort(MERGESORT.java:47)
	at java_programs.MERGESORT.mergesort(MERGESORT.java:47)
	at java_programs.MERGESORT.mergesort(MERGESORT.java:47)
	at java_programs.MERGESORT.mergesort(MERGESORT.java:47)
	at java_programs.MERGESORT.mergesort(MERGESORT.java:47)
	at java_programs.MERGESORT.mergesort(MERGESORT.java:47)
	at java_programs.MERGESORT.mergesort(MERGESORT.java:47)
	at java_programs.MERGESORT.mergesort(MERGESORT.java:47)
	at java_programs.MERGESORT.mergesort(MERGESORT.java:47)
	at java_programs.MERGESORT.mergesort(MERGESORT.java:47)
	at java_programs.MERGESORT.mergesort(MERGESORT.java:47)
	at java_programs.MERGESORT.mergesort(MERGESORT.java:47)
	at java_programs.MERGESORT.mergesort(MERGESORT.java:47)
	at java_programs.MERGESORT.mergesort(MERGESORT.java:47)
	at java_programs.MERGESORT.mergesort(MERGESORT.java:47)
	at java_programs.MERGESORT.mergesort(MERGESORT.java:47)
	at java_programs.MERGESORT.mergesort(MERGESORT.java:47)
	at java_programs.MERGESORT.mergesort(MERGESORT.java:47)
	at java_programs.MERGESORT.mergesort(MERGESORT.java:47)
	at java_programs.MERGESORT.mergesort(MERGESORT.java:47)
	at java_programs.MERGESORT.mergesort(MERGESORT.java:47)
	at java_programs.MERGESORT.mergesort(MERGESORT.java:47)
	at java_programs.MERGESORT.mergesort(MERGESORT.java:47)
	at java_programs.MERGESORT.mergesort(MERGESORT.java:47)
	at java_programs.MERGESORT.mergesort(MERGESORT.java:47)
	at java_programs.MERGESORT.mergesort(MERGESORT.java:47)
	at java_programs.MERGESORT.mergesort(MERGESORT.java:47)
	at java_programs.MERGESORT.mergesort(MERGESORT.java:47)
	at java_programs.MERGESORT.mergesort(MERGESORT.java:47)
	at java_programs.MERGESORT.mergesort(MERGESORT.java:47)
	at java_programs.MERGESORT.mergesort(MERGESORT.java:47)
	at java_programs.MERGESORT.mergesort(MERGESORT.java:47)
	at java_programs.MERGESORT.mergesort(MERGESORT.java:47)
	at java_programs.MERGESORT.mergesort(MERGESORT.java:47)
	at java_programs.MERGESORT.mergesort(MERGESORT.java:47)
	at java_programs.MERGESORT.mergesort(MERGESORT.java:47)
	at java_programs.MERGESORT.mergesort(MERGESORT.java:47)
	at java_programs.MERGESORT.mergesort(MERGESORT.java:47)
	at java_programs.MERGESORT.mergesort(MERGESORT.java:47)
	at java_programs.MERGESORT.mergesort(MERGESORT.java:47)
	at java_programs.MERGESORT.mergesort(MERGESORT.java:47)
	at java_programs.MERGESORT.mergesort(MERGESORT.java:47)
	at java_programs.MERGESORT.mergesort(MERGESORT.java:47)
	at java_programs.MERGESORT.mergesort(MERGESORT.java:47)
	at java_programs.MERGESORT.mergesort(MERGESORT.java:47)
	at java_programs.MERGESORT.mergesort(MERGESORT.java:47)
	at java_programs.MERGESORT.mergesort(MERGESORT.java:47)
	at java_programs.MERGESORT.mergesort(MERGESORT.java:47)
	at java_programs.MERGESORT.mergesort(MERGESORT.java:47)
	at java_programs.MERGESORT.mergesort(MERGESORT.java:47)
	at java_programs.MERGESORT.mergesort(MERGESORT.java:47)
	at java_programs.MERGESORT.mergesort(MERGESORT.java:47)
	at java_programs.MERGESORT.mergesort(MERGESORT.java:47)
	at java_programs.MERGESORT.mergesort(MERGESORT.java:47)
	at java_programs.MERGESORT.mergesort(MERGESORT.java:47)
	at java_programs.MERGESORT.mergesort(MERGESORT.java:47)
	at java_programs.MERGESORT.mergesort(MERGESORT.java:47)
	at java_programs.MERGESORT.mergesort(MERGESORT.java:47)
	at java_programs.MERGESORT.mergesort(MERGESORT.java:47)
	at java_programs.MERGESORT.mergesort(MERGESORT.java:47)
	at java_programs.MERGESORT.mergesort(MERGESORT.java:47)
	at java_programs.MERGESORT.mergesort(MERGESORT.java:47)
	at java_programs.MERGESORT.mergesort(MERGESORT.java:47)
	at java_programs.MERGESORT.mergesort(MERGESORT.java:47)
	at java_programs.MERGESORT.mergesort(MERGESORT.java:47)
	at java_programs.MERGESORT.mergesort(MERGESORT.java:47)
	at java_programs.MERGESORT.mergesort(MERGESORT.java:47)
	at java_programs.MERGESORT.mergesort(MERGESORT.java:47)
	at java_programs.MERGESORT.mergesort(MERGESORT.java:47)
	at java_programs.MERGESORT.mergesort(MERGESORT.java:47)
	at java_programs.MERGESORT.mergesort(MERGESORT.java:47)
	at java_programs.MERGESORT.mergesort(MERGESORT.java:47)
	at java_programs.MERGESORT.mergesort(MERGESORT.java:47)
	at java_programs.MERGESORT.mergesort(MERGESORT.java:47)
	at java_programs.MERGESORT.mergesort(MERGESORT.java:47)
	at java_programs.MERGESORT.mergesort(MERGESORT.java:47)
	at java_programs.MERGESORT.mergesort(MERGESORT.java:47)
	at java_programs.MERGESORT.mergesort(MERGESORT.java:47)
	at java_programs.MERGESORT.mergesort(MERGESORT.java:47)
	at java_programs.MERGESORT.mergesort(MERGESORT.java:47)
	at java_programs.MERGESORT.mergesort(MERGESORT.java:47)
	at java_programs.MERGESORT.mergesort(MERGESORT.java:47)
	at java_programs.MERGESORT.mergesort(MERGESORT.java:47)
	at java_programs.MERGESORT.mergesort(MERGESORT.java:47)
	at java_programs.MERGESORT.mergesort(MERGESORT.java:47)
	at java_programs.MERGESORT.mergesort(MERGESORT.java:47)
	at java_programs.MERGESORT.mergesort(MERGESORT.java:47)
	at java_programs.MERGESORT.mergesort(MERGESORT.java:47)
	at java_programs.MERGESORT.mergesort(MERGESORT.java:47)
	at java_programs.MERGESORT.mergesort(MERGESORT.java:47)
	at java_programs.MERGESORT.mergesort(MERGESORT.java:47)
	at java_programs.MERGESORT.mergesort(MERGESORT.java:47)
	at java_programs.MERGESORT.mergesort(MERGESORT.java:47)
	at java_programs.MERGESORT.mergesort(MERGESORT.java:47)
	at java_programs.MERGESORT.mergesort(MERGESORT.java:47)
	at java_programs.MERGESORT.mergesort(MERGESORT.java:47)
	at java_programs.MERGESORT.mergesort(MERGESORT.java:47)
	at java_programs.MERGESORT.mergesort(MERGESORT.java:47)
	at java_programs.MERGESORT.mergesort(MERGESORT.java:47)
	at java_programs.MERGESORT.mergesort(MERGESORT.java:47)
	at java_programs.MERGESORT.mergesort(MERGESORT.java:47)
	at java_programs.MERGESORT.mergesort(MERGESORT.java:47)
	at java_programs.MERGESORT.mergesort(MERGESORT.java:47)
	at java_programs.MERGESORT.mergesort(MERGESORT.java:47)
	at java_programs.MERGESORT.mergesort(MERGESORT.java:47)
	at java_programs.MERGESORT.mergesort(MERGESORT.java:47)
	at java_programs.MERGESORT.mergesort(MERGESORT.java:47)
	at java_programs.MERGESORT.mergesort(MERGESORT.java:47)
	at java_programs.MERGESORT.mergesort(MERGESORT.java:47)
	at java_programs.MERGESORT.mergesort(MERGESORT.java:47)
	at java_programs.MERGESORT.mergesort(MERGESORT.java:47)
	at java_programs.MERGESORT.mergesort(MERGESORT.java:47)
	at java_programs.MERGESORT.mergesort(MERGESORT.java:47)
	at java_programs.MERGESORT.mergesort(MERGESORT.java:47)
	at java_programs.MERGESORT.mergesort(MERGESORT.java:47)
	at java_programs.MERGESORT.mergesort(MERGESORT.java:47)
	at java_programs.MERGESORT.mergesort(MERGESORT.java:47)
	at java_programs.MERGESORT.mergesort(MERGESORT.java:47)
	at java_programs.MERGESORT.mergesort(MERGESORT.java:47)
	at java_programs.MERGESORT.mergesort(MERGESORT.java:47)
	at java_programs.MERGESORT.mergesort(MERGESORT.java:47)
	at java_programs.MERGESORT.mergesort(MERGESORT.java:47)
	at java_programs.MERGESORT.mergesort(MERGESORT.java:47)
	at java_programs.MERGESORT.mergesort(MERGESORT.java:47)
	at java_programs.MERGESORT.mergesort(MERGESORT.java:47)
	at java_programs.MERGESORT.mergesort(MERGESORT.java:47)
	at java_programs.MERGESORT.mergesort(MERGESORT.java:47)
	at java_programs.MERGESORT.mergesort(MERGESORT.java:47)
	at java_programs.MERGESORT.mergesort(MERGESORT.java:47)
	at java_programs.MERGESORT.mergesort(MERGESORT.java:47)
	at java_programs.MERGESORT.mergesort(MERGESORT.java:47)
	at java_programs.MERGESORT.mergesort(MERGESORT.java:47)
	at java_programs.MERGESORT.mergesort(MERGESORT.java:47)
	at java_programs.MERGESORT.mergesort(MERGESORT.java:47)
	at java_programs.MERGESORT.mergesort(MERGESORT.java:47)
	at java_programs.MERGESORT.mergesort(MERGESORT.java:47)
	at java_programs.MERGESORT.mergesort(MERGESORT.java:47)
	at java_programs.MERGESORT.mergesort(MERGESORT.java:47)
	at java_programs.MERGESORT.mergesort(MERGESORT.java:47)
	at java_programs.MERGESORT.mergesort(MERGESORT.java:47)
	at java_programs.MERGESORT.mergesort(MERGESORT.java:47)
	at java_programs.MERGESORT.mergesort(MERGESORT.java:47)
	at java_programs.MERGESORT.mergesort(MERGESORT.java:47)
	at java_programs.MERGESORT.mergesort(MERGESORT.java:47)
	at java_programs.MERGESORT.mergesort(MERGESORT.java:47)
	at java_programs.MERGESORT.mergesort(MERGESORT.java:47)
	at java_programs.MERGESORT.mergesort(MERGESORT.java:47)
	at java_programs.MERGESORT.mergesort(MERGESORT.java:47)
	at java_programs.MERGESORT.mergesort(MERGESORT.java:47)
	at java_programs.MERGESORT.mergesort(MERGESORT.java:47)
	at java_programs.MERGESORT.mergesort(MERGESORT.java:47)
	at java_programs.MERGESORT.mergesort(MERGESORT.java:47)
	at java_programs.MERGESORT.mergesort(MERGESORT.java:47)
	at java_programs.MERGESORT.mergesort(MERGESORT.java:47)
	at java_programs.MERGESORT.mergesort(MERGESORT.java:47)
	at java_programs.MERGESORT.mergesort(MERGESORT.java:47)
	at java_programs.MERGESORT.mergesort(MERGESORT.java:47)
	at java_programs.MERGESORT.mergesort(MERGESORT.java:47)
	at java_programs.MERGESORT.mergesort(MERGESORT.java:47)
	at java_programs.MERGESORT.mergesort(MERGESORT.java:47)
	at java_programs.MERGESORT.mergesort(MERGESORT.java:47)
	at java_programs.MERGESORT.mergesort(MERGESORT.java:47)
	at java_programs.MERGESORT.mergesort(MERGESORT.java:47)
	at java_programs.MERGESORT.mergesort(MERGESORT.java:47)
	at java_programs.MERGESORT.mergesort(MERGESORT.java:47)
	at java_programs.MERGESORT.mergesort(MERGESORT.java:47)
	at java_programs.MERGESORT.mergesort(MERGESORT.java:47)
	at java_programs.MERGESORT.mergesort(MERGESORT.java:47)
	at java_programs.MERGESORT.mergesort(MERGESORT.java:47)
	at java_programs.MERGESORT.mergesort(MERGESORT.java:47)
	at java_programs.MERGESORT.mergesort(MERGESORT.java:47)
	at java_programs.MERGESORT.mergesort(MERGESORT.java:47)
	at java_programs.MERGESORT.mergesort(MERGESORT.java:47)
	at java_programs.MERGESORT.mergesort(MERGESORT.java:47)
	at java_programs.MERGESORT.mergesort(MERGESORT.java:47)
	at java_programs.MERGESORT.mergesort(MERGESORT.java:47)
	at java_programs.MERGESORT.mergesort(MERGESORT.java:47)
	at java_programs.MERGESORT.mergesort(MERGESORT.java:47)
	at java_programs.MERGESORT.mergesort(MERGESORT.java:47)
	at java_programs.MERGESORT.mergesort(MERGESORT.java:47)
	at java_programs.MERGESORT.mergesort(MERGESORT.java:47)
	at java_programs.MERGESORT.mergesort(MERGESORT.java:47)
	at java_programs.MERGESORT.mergesort(MERGESORT.java:47)
	at java_programs.MERGESORT.mergesort(MERGESORT.java:47)
	at java_programs.MERGESORT.mergesort(MERGESORT.java:47)
	at java_programs.MERGESORT.mergesort(MERGESORT.java:47)
	at java_programs.MERGESORT.mergesort(MERGESORT.java:47)
	at java_programs.MERGESORT.mergesort(MERGESORT.java:47)
	at java_programs.MERGESORT.mergesort(MERGESORT.java:47)
	at java_programs.MERGESORT.mergesort(MERGESORT.java:47)
	at java_programs.MERGESORT.mergesort(MERGESORT.java:47)
	at java_programs.MERGESORT.mergesort(MERGESORT.java:47)
	at java_programs.MERGESORT.mergesort(MERGESORT.java:47)
	at java_programs.MERGESORT.mergesort(MERGESORT.java:47)
	at java_programs.MERGESORT.mergesort(MERGESORT.java:47)
	at java_programs.MERGESORT.mergesort(MERGESORT.java:47)
	at java_programs.MERGESORT.mergesort(MERGESORT.java:47)
	at java_programs.MERGESORT.mergesort(MERGESORT.java:47)
	at java_programs.MERGESORT.mergesort(MERGESORT.java:47)
	at java_programs.MERGESORT.mergesort(MERGESORT.java:47)
	at java_programs.MERGESORT.mergesort(MERGESORT.java:47)
	at java_programs.MERGESORT.mergesort(MERGESORT.java:47)
	at java_programs.MERGESORT.mergesort(MERGESORT.java:47)
	at java_programs.MERGESORT.mergesort(MERGESORT.java:47)
	at java_programs.MERGESORT.mergesort(MERGESORT.java:47)
	at java_programs.MERGESORT.mergesort(MERGESORT.java:47)
	at java_programs.MERGESORT.mergesort(MERGESORT.java:47)
	at java_programs.MERGESORT.mergesort(MERGESORT.java:47)
	at java_programs.MERGESORT.mergesort(MERGESORT.java:47)
	at java_programs.MERGESORT.mergesort(MERGESORT.java:47)
	at java_programs.MERGESORT.mergesort(MERGESORT.java:47)
	at java_programs.MERGESORT.mergesort(MERGESORT.java:47)
	at java_programs.MERGESORT.mergesort(MERGESORT.java:47)
	at java_programs.MERGESORT.mergesort(MERGESORT.java:47)
	at java_programs.MERGESORT.mergesort(MERGESORT.java:47)
	at java_programs.MERGESORT.mergesort(MERGESORT.java:47)
	at java_programs.MERGESORT.mergesort(MERGESORT.java:47)
	at java_programs.MERGESORT.mergesort(MERGESORT.java:47)
	at java_programs.MERGESORT.mergesort(MERGESORT.java:47)
	at java_programs.MERGESORT.mergesort(MERGESORT.java:47)
	at java_programs.MERGESORT.mergesort(MERGESORT.java:47)
	at java_programs.MERGESORT.mergesort(MERGESORT.java:47)
	at java_programs.MERGESORT.mergesort(MERGESORT.java:47)
	at java_programs.MERGESORT.mergesort(MERGESORT.java:47)
	at java_programs.MERGESORT.mergesort(MERGESORT.java:47)
	at java_programs.MERGESORT.mergesort(MERGESORT.java:47)
	at java_programs.MERGESORT.mergesort(MERGESORT.java:47)
	at java_programs.MERGESORT.mergesort(MERGESORT.java:47)
	at java_programs.MERGESORT.mergesort(MERGESORT.java:47)
	at java_programs.MERGESORT.mergesort(MERGESORT.java:47)
	at java_programs.MERGESORT.mergesort(MERGESORT.java:47)
	at java_programs.MERGESORT.mergesort(MERGESORT.java:47)
	at java_programs.MERGESORT.mergesort(MERGESORT.java:47)
	at java_programs.MERGESORT.mergesort(MERGESORT.java:47)
	at java_programs.MERGESORT.mergesort(MERGESORT.java:47)
	at java_programs.MERGESORT.mergesort(MERGESORT.java:47)
	at java_programs.MERGESORT.mergesort(MERGESORT.java:47)
	at java_programs.MERGESORT.mergesort(MERGESORT.java:47)
	at java_programs.MERGESORT.mergesort(MERGESORT.java:47)
	at java_programs.MERGESORT.mergesort(MERGESORT.java:47)
	at java_programs.MERGESORT.mergesort(MERGESORT.java:47)
	at java_programs.MERGESORT.mergesort(MERGESORT.java:47)
	at java_programs.MERGESORT.mergesort(MERGESORT.java:47)
	at java_programs.MERGESORT.mergesort(MERGESORT.java:47)
	at java_programs.MERGESORT.mergesort(MERGESORT.java:47)
	at java_programs.MERGESORT.mergesort(MERGESORT.java:47)
	at java_programs.MERGESORT.mergesort(MERGESORT.java:47)
	at java_programs.MERGESORT.mergesort(MERGESORT.java:47)
	at java_programs.MERGESORT.mergesort(MERGESORT.java:47)
	at java_programs.MERGESORT.mergesort(MERGESORT.java:47)
	at java_programs.MERGESORT.mergesort(MERGESORT.java:47)
	at java_programs.MERGESORT.mergesort(MERGESORT.java:47)
	at java_programs.MERGESORT.mergesort(MERGESORT.java:47)
	at java_programs.MERGESORT.mergesort(MERGESORT.java:47)
	at java_programs.MERGESORT.mergesort(MERGESORT.java:47)
	at java_programs.MERGESORT.mergesort(MERGESORT.java:47)
	at java_programs.MERGESORT.mergesort(MERGESORT.java:47)
	at java_programs.MERGESORT.mergesort(MERGESORT.java:47)
	at java_programs.MERGESORT.mergesort(MERGESORT.java:47)
	at java_programs.MERGESORT.mergesort(MERGESORT.java:47)
	at java_programs.MERGESORT.mergesort(MERGESORT.java:47)
	at java_programs.MERGESORT.mergesort(MERGESORT.java:47)
	at java_programs.MERGESORT.mergesort(MERGESORT.java:47)
	at java_programs.MERGESORT.mergesort(MERGESORT.java:47)
	at java_programs.MERGESORT.mergesort(MERGESORT.java:47)
	at java_programs.MERGESORT.mergesort(MERGESORT.java:47)
	at java_programs.MERGESORT.mergesort(MERGESORT.java:47)
	at java_programs.MERGESORT.mergesort(MERGESORT.java:47)
	at java_programs.MERGESORT.mergesort(MERGESORT.java:47)
	at java_programs.MERGESORT.mergesort(MERGESORT.java:47)
	at java_programs.MERGESORT.mergesort(MERGESORT.java:47)
	at java_programs.MERGESORT.mergesort(MERGESORT.java:47)
	at java_programs.MERGESORT.mergesort(MERGESORT.java:47)
	at java_programs.MERGESORT.mergesort(MERGESORT.java:47)
	at java_programs.MERGESORT.mergesort(MERGESORT.java:47)
	at java_programs.MERGESORT.mergesort(MERGESORT.java:47)
	at java_programs.MERGESORT.mergesort(MERGESORT.java:47)
	at java_programs.MERGESORT.mergesort(MERGESORT.java:47)
	at java_programs.MERGESORT.mergesort(MERGESORT.java:47)
	at java_programs.MERGESORT.mergesort(MERGESORT.java:47)
	at java_programs.MERGESORT.mergesort(MERGESORT.java:47)
	at java_programs.MERGESORT.mergesort(MERGESORT.java:47)
	at java_programs.MERGESORT.mergesort(MERGESORT.java:47)
	at java_programs.MERGESORT.mergesort(MERGESORT.java:47)
	at java_programs.MERGESORT.mergesort(MERGESORT.java:47)
	at java_programs.MERGESORT.mergesort(MERGESORT.java:47)
	at java_programs.MERGESORT.mergesort(MERGESORT.java:47)
	at java_programs.MERGESORT.mergesort(MERGESORT.java:47)
	at java_programs.MERGESORT.mergesort(MERGESORT.java:47)
	at java_programs.MERGESORT.mergesort(MERGESORT.java:47)
	at java_programs.MERGESORT.mergesort(MERGESORT.java:47)
	at java_programs.MERGESORT.mergesort(MERGESORT.java:47)
	at java_programs.MERGESORT.mergesort(MERGESORT.java:47)
	at java_programs.MERGESORT.mergesort(MERGESORT.java:47)
	at java_programs.MERGESORT.mergesort(MERGESORT.java:47)
	at java_programs.MERGESORT.mergesort(MERGESORT.java:47)
	at java_programs.MERGESORT.mergesort(MERGESORT.java:47)
	at java_programs.MERGESORT.mergesort(MERGESORT.java:47)
	at java_programs.MERGESORT.mergesort(MERGESORT.java:47)
	at java_programs.MERGESORT.mergesort(MERGESORT.java:47)
	at java_programs.MERGESORT.mergesort(MERGESORT.java:47)
	at java_programs.MERGESORT.mergesort(MERGESORT.java:47)
	at java_programs.MERGESORT.mergesort(MERGESORT.java:47)
	at java_programs.MERGESORT.mergesort(MERGESORT.java:47)
	at java_programs.MERGESORT.mergesort(MERGESORT.java:47)
	at java_programs.MERGESORT.mergesort(MERGESORT.java:47)
	at java_programs.MERGESORT.mergesort(MERGESORT.java:47)
	at java_programs.MERGESORT.mergesort(MERGESORT.java:47)
	at java_programs.MERGESORT.mergesort(MERGESORT.java:47)
	at java_programs.MERGESORT.mergesort(MERGESORT.java:47)
	at java_programs.MERGESORT.mergesort(MERGESORT.java:47)
	at java_programs.MERGESORT.mergesort(MERGESORT.java:47)
	at java_programs.MERGESORT.mergesort(MERGESORT.java:47)
	at java_programs.MERGESORT.mergesort(MERGESORT.java:47)
	at java_programs.MERGESORT.mergesort(MERGESORT.java:47)
	at java_programs.MERGESORT.mergesort(MERGESORT.java:47)
	at java_programs.MERGESORT.mergesort(MERGESORT.java:47)
	at java_programs.MERGESORT.mergesort(MERGESORT.java:47)
	at java_programs.MERGESORT.mergesort(MERGESORT.java:47)
	at java_programs.MERGESORT.mergesort(MERGESORT.java:47)
	at java_programs.MERGESORT.mergesort(MERGESORT.java:47)
	at java_programs.MERGESORT.mergesort(MERGESORT.java:47)
	at java_programs.MERGESORT.mergesort(MERGESORT.java:47)
	at java_programs.MERGESORT.mergesort(MERGESORT.java:47)
	at java_programs.MERGESORT.mergesort(MERGESORT.java:47)
	at java_programs.MERGESORT.mergesort(MERGESORT.java:47)
</failure>
  </testcase>
  <testcase name="test_1()" classname="test.java.MERGESORT_TEST" time="0.006">
    <failure message="java.lang.StackOverflowError" type="java.lang.StackOverflowError">java.lang.StackOverflowError
	at java_programs.MERGESORT.mergesort(MERGESORT.java:42)
	at java_programs.MERGESORT.mergesort(MERGESORT.java:47)
	at java_programs.MERGESORT.mergesort(MERGESORT.java:47)
	at java_programs.MERGESORT.mergesort(MERGESORT.java:47)
	at java_programs.MERGESORT.mergesort(MERGESORT.java:47)
	at java_programs.MERGESORT.mergesort(MERGESORT.java:47)
	at java_programs.MERGESORT.mergesort(MERGESORT.java:47)
	at java_programs.MERGESORT.mergesort(MERGESORT.java:47)
	at java_programs.MERGESORT.mergesort(MERGESORT.java:47)
	at java_programs.MERGESORT.mergesort(MERGESORT.java:47)
	at java_programs.MERGESORT.mergesort(MERGESORT.java:47)
	at java_programs.MERGESORT.mergesort(MERGESORT.java:47)
	at java_programs.MERGESORT.mergesort(MERGESORT.java:47)
	at java_programs.MERGESORT.mergesort(MERGESORT.java:47)
	at java_programs.MERGESORT.mergesort(MERGESORT.java:47)
	at java_programs.MERGESORT.mergesort(MERGESORT.java:47)
	at java_programs.MERGESORT.mergesort(MERGESORT.java:47)
	at java_programs.MERGESORT.mergesort(MERGESORT.java:47)
	at java_programs.MERGESORT.mergesort(MERGESORT.java:47)
	at java_programs.MERGESORT.mergesort(MERGESORT.java:47)
	at java_programs.MERGESORT.mergesort(MERGESORT.java:47)
	at java_programs.MERGESORT.mergesort(MERGESORT.java:47)
	at java_programs.MERGESORT.mergesort(MERGESORT.java:47)
	at java_programs.MERGESORT.mergesort(MERGESORT.java:47)
	at java_programs.MERGESORT.mergesort(MERGESORT.java:47)
	at java_programs.MERGESORT.mergesort(MERGESORT.java:47)
	at java_programs.MERGESORT.mergesort(MERGESORT.java:47)
	at java_programs.MERGESORT.mergesort(MERGESORT.java:47)
	at java_programs.MERGESORT.mergesort(MERGESORT.java:47)
	at java_programs.MERGESORT.mergesort(MERGESORT.java:47)
	at java_programs.MERGESORT.mergesort(MERGESORT.java:47)
	at java_programs.MERGESORT.mergesort(MERGESORT.java:47)
	at java_programs.MERGESORT.mergesort(MERGESORT.java:47)
	at java_programs.MERGESORT.mergesort(MERGESORT.java:47)
	at java_programs.MERGESORT.mergesort(MERGESORT.java:47)
	at java_programs.MERGESORT.mergesort(MERGESORT.java:47)
	at java_programs.MERGESORT.mergesort(MERGESORT.java:47)
	at java_programs.MERGESORT.mergesort(MERGESORT.java:47)
	at java_programs.MERGESORT.mergesort(MERGESORT.java:47)
	at java_programs.MERGESORT.mergesort(MERGESORT.java:47)
	at java_programs.MERGESORT.mergesort(MERGESORT.java:47)
	at java_programs.MERGESORT.mergesort(MERGESORT.java:47)
	at java_programs.MERGESORT.mergesort(MERGESORT.java:47)
	at java_programs.MERGESORT.mergesort(MERGESORT.java:47)
	at java_programs.MERGESORT.mergesort(MERGESORT.java:47)
	at java_programs.MERGESORT.mergesort(MERGESORT.java:47)
	at java_programs.MERGESORT.mergesort(MERGESORT.java:47)
	at java_programs.MERGESORT.mergesort(MERGESORT.java:47)
	at java_programs.MERGESORT.mergesort(MERGESORT.java:47)
	at java_programs.MERGESORT.mergesort(MERGESORT.java:47)
	at java_programs.MERGESORT.mergesort(MERGESORT.java:47)
	at java_programs.MERGESORT.mergesort(MERGESORT.java:47)
	at java_programs.MERGESORT.mergesort(MERGESORT.java:47)
	at java_programs.MERGESORT.mergesort(MERGESORT.java:47)
	at java_programs.MERGESORT.mergesort(MERGESORT.java:47)
	at java_programs.MERGESORT.mergesort(MERGESORT.java:47)
	at java_programs.MERGESORT.mergesort(MERGESORT.java:47)
	at java_programs.MERGESORT.mergesort(MERGESORT.java:47)
	at java_programs.MERGESORT.mergesort(MERGESORT.java:47)
	at java_programs.MERGESORT.mergesort(MERGESORT.java:47)
	at java_programs.MERGESORT.mergesort(MERGESORT.java:47)
	at java_programs.MERGESORT.mergesort(MERGESORT.java:47)
	at java_programs.MERGESORT.mergesort(MERGESORT.java:47)
	at java_programs.MERGESORT.mergesort(MERGESORT.java:47)
	at java_programs.MERGESORT.mergesort(MERGESORT.java:47)
	at java_programs.MERGESORT.mergesort(MERGESORT.java:47)
	at java_programs.MERGESORT.mergesort(MERGESORT.java:47)
	at java_programs.MERGESORT.mergesort(MERGESORT.java:47)
	at java_programs.MERGESORT.mergesort(MERGESORT.java:47)
	at java_programs.MERGESORT.mergesort(MERGESORT.java:47)
	at java_programs.MERGESORT.mergesort(MERGESORT.java:47)
	at java_programs.MERGESORT.mergesort(MERGESORT.java:47)
	at java_programs.MERGESORT.mergesort(MERGESORT.java:47)
	at java_programs.MERGESORT.mergesort(MERGESORT.java:47)
	at java_programs.MERGESORT.mergesort(MERGESORT.java:47)
	at java_programs.MERGESORT.mergesort(MERGESORT.java:47)
	at java_programs.MERGESORT.mergesort(MERGESORT.java:47)
	at java_programs.MERGESORT.mergesort(MERGESORT.java:47)
	at java_programs.MERGESORT.mergesort(MERGESORT.java:47)
	at java_programs.MERGESORT.mergesort(MERGESORT.java:47)
	at java_programs.MERGESORT.mergesort(MERGESORT.java:47)
	at java_programs.MERGESORT.mergesort(MERGESORT.java:47)
	at java_programs.MERGESORT.mergesort(MERGESORT.java:47)
	at java_programs.MERGESORT.mergesort(MERGESORT.java:47)
	at java_programs.MERGESORT.mergesort(MERGESORT.java:47)
	at java_programs.MERGESORT.mergesort(MERGESORT.java:47)
	at java_programs.MERGESORT.mergesort(MERGESORT.java:47)
	at java_programs.MERGESORT.mergesort(MERGESORT.java:47)
	at java_programs.MERGESORT.mergesort(MERGESORT.java:47)
	at java_programs.MERGESORT.mergesort(MERGESORT.java:47)
	at java_programs.MERGESORT.mergesort(MERGESORT.java:47)
	at java_programs.MERGESORT.mergesort(MERGESORT.java:47)
	at java_programs.MERGESORT.mergesort(MERGESORT.java:47)
	at java_programs.MERGESORT.mergesort(MERGESORT.java:47)
	at java_programs.MERGESORT.mergesort(MERGESORT.java:47)
	at java_programs.MERGESORT.mergesort(MERGESORT.java:47)
	at java_programs.MERGESORT.mergesort(MERGESORT.java:47)
	at java_programs.MERGESORT.mergesort(MERGESORT.java:47)
	at java_programs.MERGESORT.mergesort(MERGESORT.java:47)
	at java_programs.MERGESORT.mergesort(MERGESORT.java:47)
	at java_programs.MERGESORT.mergesort(MERGESORT.java:47)
	at java_programs.MERGESORT.mergesort(MERGESORT.java:47)
	at java_programs.MERGESORT.mergesort(MERGESORT.java:47)
	at java_programs.MERGESORT.mergesort(MERGESORT.java:47)
	at java_programs.MERGESORT.mergesort(MERGESORT.java:47)
	at java_programs.MERGESORT.mergesort(MERGESORT.java:47)
	at java_programs.MERGESORT.mergesort(MERGESORT.java:47)
	at java_programs.MERGESORT.mergesort(MERGESORT.java:47)
	at java_programs.MERGESORT.mergesort(MERGESORT.java:47)
	at java_programs.MERGESORT.mergesort(MERGESORT.java:47)
	at java_programs.MERGESORT.mergesort(MERGESORT.java:47)
	at java_programs.MERGESORT.mergesort(MERGESORT.java:47)
	at java_programs.MERGESORT.mergesort(MERGESORT.java:47)
	at java_programs.MERGESORT.mergesort(MERGESORT.java:47)
	at java_programs.MERGESORT.mergesort(MERGESORT.java:47)
	at java_programs.MERGESORT.mergesort(MERGESORT.java:47)
	at java_programs.MERGESORT.mergesort(MERGESORT.java:47)
	at java_programs.MERGESORT.mergesort(MERGESORT.java:47)
	at java_programs.MERGESORT.mergesort(MERGESORT.java:47)
	at java_programs.MERGESORT.mergesort(MERGESORT.java:47)
	at java_programs.MERGESORT.mergesort(MERGESORT.java:47)
	at java_programs.MERGESORT.mergesort(MERGESORT.java:47)
	at java_programs.MERGESORT.mergesort(MERGESORT.java:47)
	at java_programs.MERGESORT.mergesort(MERGESORT.java:47)
	at java_programs.MERGESORT.mergesort(MERGESORT.java:47)
	at java_programs.MERGESORT.mergesort(MERGESORT.java:47)
	at java_programs.MERGESORT.mergesort(MERGESORT.java:47)
	at java_programs.MERGESORT.mergesort(MERGESORT.java:47)
	at java_programs.MERGESORT.mergesort(MERGESORT.java:47)
	at java_programs.MERGESORT.mergesort(MERGESORT.java:47)
	at java_programs.MERGESORT.mergesort(MERGESORT.java:47)
	at java_programs.MERGESORT.mergesort(MERGESORT.java:47)
	at java_programs.MERGESORT.mergesort(MERGESORT.java:47)
	at java_programs.MERGESORT.mergesort(MERGESORT.java:47)
	at java_programs.MERGESORT.mergesort(MERGESORT.java:47)
	at java_programs.MERGESORT.mergesort(MERGESORT.java:47)
	at java_programs.MERGESORT.mergesort(MERGESORT.java:47)
	at java_programs.MERGESORT.mergesort(MERGESORT.java:47)
	at java_programs.MERGESORT.mergesort(MERGESORT.java:47)
	at java_programs.MERGESORT.mergesort(MERGESORT.java:47)
	at java_programs.MERGESORT.mergesort(MERGESORT.java:47)
	at java_programs.MERGESORT.mergesort(MERGESORT.java:47)
	at java_programs.MERGESORT.mergesort(MERGESORT.java:47)
	at java_programs.MERGESORT.mergesort(MERGESORT.java:47)
	at java_programs.MERGESORT.mergesort(MERGESORT.java:47)
	at java_programs.MERGESORT.mergesort(MERGESORT.java:47)
	at java_programs.MERGESORT.mergesort(MERGESORT.java:47)
	at java_programs.MERGESORT.mergesort(MERGESORT.java:47)
	at java_programs.MERGESORT.mergesort(MERGESORT.java:47)
	at java_programs.MERGESORT.mergesort(MERGESORT.java:47)
	at java_programs.MERGESORT.mergesort(MERGESORT.java:47)
	at java_programs.MERGESORT.mergesort(MERGESORT.java:47)
	at java_programs.MERGESORT.mergesort(MERGESORT.java:47)
	at java_programs.MERGESORT.mergesort(MERGESORT.java:47)
	at java_programs.MERGESORT.mergesort(MERGESORT.java:47)
	at java_programs.MERGESORT.mergesort(MERGESORT.java:47)
	at java_programs.MERGESORT.mergesort(MERGESORT.java:47)
	at java_programs.MERGESORT.mergesort(MERGESORT.java:47)
	at java_programs.MERGESORT.mergesort(MERGESORT.java:47)
	at java_programs.MERGESORT.mergesort(MERGESORT.java:47)
	at java_programs.MERGESORT.mergesort(MERGESORT.java:47)
	at java_programs.MERGESORT.mergesort(MERGESORT.java:47)
	at java_programs.MERGESORT.mergesort(MERGESORT.java:47)
	at java_programs.MERGESORT.mergesort(MERGESORT.java:47)
	at java_programs.MERGESORT.mergesort(MERGESORT.java:47)
	at java_programs.MERGESORT.mergesort(MERGESORT.java:47)
	at java_programs.MERGESORT.mergesort(MERGESORT.java:47)
	at java_programs.MERGESORT.mergesort(MERGESORT.java:47)
	at java_programs.MERGESORT.mergesort(MERGESORT.java:47)
	at java_programs.MERGESORT.mergesort(MERGESORT.java:47)
	at java_programs.MERGESORT.mergesort(MERGESORT.java:47)
	at java_programs.MERGESORT.mergesort(MERGESORT.java:47)
	at java_programs.MERGESORT.mergesort(MERGESORT.java:47)
	at java_programs.MERGESORT.mergesort(MERGESORT.java:47)
	at java_programs.MERGESORT.mergesort(MERGESORT.java:47)
	at java_programs.MERGESORT.mergesort(MERGESORT.java:47)
	at java_programs.MERGESORT.mergesort(MERGESORT.java:47)
	at java_programs.MERGESORT.mergesort(MERGESORT.java:47)
	at java_programs.MERGESORT.mergesort(MERGESORT.java:47)
	at java_programs.MERGESORT.mergesort(MERGESORT.java:47)
	at java_programs.MERGESORT.mergesort(MERGESORT.java:47)
	at java_programs.MERGESORT.mergesort(MERGESORT.java:47)
	at java_programs.MERGESORT.mergesort(MERGESORT.java:47)
	at java_programs.MERGESORT.mergesort(MERGESORT.java:47)
	at java_programs.MERGESORT.mergesort(MERGESORT.java:47)
	at java_programs.MERGESORT.mergesort(MERGESORT.java:47)
	at java_programs.MERGESORT.mergesort(MERGESORT.java:47)
	at java_programs.MERGESORT.mergesort(MERGESORT.java:47)
	at java_programs.MERGESORT.mergesort(MERGESORT.java:47)
	at java_programs.MERGESORT.mergesort(MERGESORT.java:47)
	at java_programs.MERGESORT.mergesort(MERGESORT.java:47)
	at java_programs.MERGESORT.mergesort(MERGESORT.java:47)
	at java_programs.MERGESORT.mergesort(MERGESORT.java:47)
	at java_programs.MERGESORT.mergesort(MERGESORT.java:47)
	at java_programs.MERGESORT.mergesort(MERGESORT.java:47)
	at java_programs.MERGESORT.mergesort(MERGESORT.java:47)
	at java_programs.MERGESORT.mergesort(MERGESORT.java:47)
	at java_programs.MERGESORT.mergesort(MERGESORT.java:47)
	at java_programs.MERGESORT.mergesort(MERGESORT.java:47)
	at java_programs.MERGESORT.mergesort(MERGESORT.java:47)
	at java_programs.MERGESORT.mergesort(MERGESORT.java:47)
	at java_programs.MERGESORT.mergesort(MERGESORT.java:47)
	at java_programs.MERGESORT.mergesort(MERGESORT.java:47)
	at java_programs.MERGESORT.mergesort(MERGESORT.java:47)
	at java_programs.MERGESORT.mergesort(MERGESORT.java:47)
	at java_programs.MERGESORT.mergesort(MERGESORT.java:47)
	at java_programs.MERGESORT.mergesort(MERGESORT.java:47)
	at java_programs.MERGESORT.mergesort(MERGESORT.java:47)
	at java_programs.MERGESORT.mergesort(MERGESORT.java:47)
	at java_programs.MERGESORT.mergesort(MERGESORT.java:47)
	at java_programs.MERGESORT.mergesort(MERGESORT.java:47)
	at java_programs.MERGESORT.mergesort(MERGESORT.java:47)
	at java_programs.MERGESORT.mergesort(MERGESORT.java:47)
	at java_programs.MERGESORT.mergesort(MERGESORT.java:47)
	at java_programs.MERGESORT.mergesort(MERGESORT.java:47)
	at java_programs.MERGESORT.mergesort(MERGESORT.java:47)
	at java_programs.MERGESORT.mergesort(MERGESORT.java:47)
	at java_programs.MERGESORT.mergesort(MERGESORT.java:47)
	at java_programs.MERGESORT.mergesort(MERGESORT.java:47)
	at java_programs.MERGESORT.mergesort(MERGESORT.java:47)
	at java_programs.MERGESORT.mergesort(MERGESORT.java:47)
	at java_programs.MERGESORT.mergesort(MERGESORT.java:47)
	at java_programs.MERGESORT.mergesort(MERGESORT.java:47)
	at java_programs.MERGESORT.mergesort(MERGESORT.java:47)
	at java_programs.MERGESORT.mergesort(MERGESORT.java:47)
	at java_programs.MERGESORT.mergesort(MERGESORT.java:47)
	at java_programs.MERGESORT.mergesort(MERGESORT.java:47)
	at java_programs.MERGESORT.mergesort(MERGESORT.java:47)
	at java_programs.MERGESORT.mergesort(MERGESORT.java:47)
	at java_programs.MERGESORT.mergesort(MERGESORT.java:47)
	at java_programs.MERGESORT.mergesort(MERGESORT.java:47)
	at java_programs.MERGESORT.mergesort(MERGESORT.java:47)
	at java_programs.MERGESORT.mergesort(MERGESORT.java:47)
	at java_programs.MERGESORT.mergesort(MERGESORT.java:47)
	at java_programs.MERGESORT.mergesort(MERGESORT.java:47)
	at java_programs.MERGESORT.mergesort(MERGESORT.java:47)
	at java_programs.MERGESORT.mergesort(MERGESORT.java:47)
	at java_programs.MERGESORT.mergesort(MERGESORT.java:47)
	at java_programs.MERGESORT.mergesort(MERGESORT.java:47)
	at java_programs.MERGESORT.mergesort(MERGESORT.java:47)
	at java_programs.MERGESORT.mergesort(MERGESORT.java:47)
	at java_programs.MERGESORT.mergesort(MERGESORT.java:47)
	at java_programs.MERGESORT.mergesort(MERGESORT.java:47)
	at java_programs.MERGESORT.mergesort(MERGESORT.java:47)
	at java_programs.MERGESORT.mergesort(MERGESORT.java:47)
	at java_programs.MERGESORT.mergesort(MERGESORT.java:47)
	at java_programs.MERGESORT.mergesort(MERGESORT.java:47)
	at java_programs.MERGESORT.mergesort(MERGESORT.java:47)
	at java_programs.MERGESORT.mergesort(MERGESORT.java:47)
	at java_programs.MERGESORT.mergesort(MERGESORT.java:47)
	at java_programs.MERGESORT.mergesort(MERGESORT.java:47)
	at java_programs.MERGESORT.mergesort(MERGESORT.java:47)
	at java_programs.MERGESORT.mergesort(MERGESORT.java:47)
	at java_programs.MERGESORT.mergesort(MERGESORT.java:47)
	at java_programs.MERGESORT.mergesort(MERGESORT.java:47)
	at java_programs.MERGESORT.mergesort(MERGESORT.java:47)
	at java_programs.MERGESORT.mergesort(MERGESORT.java:47)
	at java_programs.MERGESORT.mergesort(MERGESORT.java:47)
	at java_programs.MERGESORT.mergesort(MERGESORT.java:47)
	at java_programs.MERGESORT.mergesort(MERGESORT.java:47)
	at java_programs.MERGESORT.mergesort(MERGESORT.java:47)
	at java_programs.MERGESORT.mergesort(MERGESORT.java:47)
	at java_programs.MERGESORT.mergesort(MERGESORT.java:47)
	at java_programs.MERGESORT.mergesort(MERGESORT.java:47)
	at java_programs.MERGESORT.mergesort(MERGESORT.java:47)
	at java_programs.MERGESORT.mergesort(MERGESORT.java:47)
	at java_programs.MERGESORT.mergesort(MERGESORT.java:47)
	at java_programs.MERGESORT.mergesort(MERGESORT.java:47)
	at java_programs.MERGESORT.mergesort(MERGESORT.java:47)
	at java_programs.MERGESORT.mergesort(MERGESORT.java:47)
	at java_programs.MERGESORT.mergesort(MERGESORT.java:47)
	at java_programs.MERGESORT.mergesort(MERGESORT.java:47)
	at java_programs.MERGESORT.mergesort(MERGESORT.java:47)
	at java_programs.MERGESORT.mergesort(MERGESORT.java:47)
	at java_programs.MERGESORT.mergesort(MERGESORT.java:47)
	at java_programs.MERGESORT.mergesort(MERGESORT.java:47)
	at java_programs.MERGESORT.mergesort(MERGESORT.java:47)
	at java_programs.MERGESORT.mergesort(MERGESORT.java:47)
	at java_programs.MERGESORT.mergesort(MERGESORT.java:47)
	at java_programs.MERGESORT.mergesort(MERGESORT.java:47)
	at java_programs.MERGESORT.mergesort(MERGESORT.java:47)
	at java_programs.MERGESORT.mergesort(MERGESORT.java:47)
	at java_programs.MERGESORT.mergesort(MERGESORT.java:47)
	at java_programs.MERGESORT.mergesort(MERGESORT.java:47)
	at java_programs.MERGESORT.mergesort(MERGESORT.java:47)
	at java_programs.MERGESORT.mergesort(MERGESORT.java:47)
	at java_programs.MERGESORT.mergesort(MERGESORT.java:47)
	at java_programs.MERGESORT.mergesort(MERGESORT.java:47)
	at java_programs.MERGESORT.mergesort(MERGESORT.java:47)
	at java_programs.MERGESORT.mergesort(MERGESORT.java:47)
	at java_programs.MERGESORT.mergesort(MERGESORT.java:47)
	at java_programs.MERGESORT.mergesort(MERGESORT.java:47)
	at java_programs.MERGESORT.mergesort(MERGESORT.java:47)
	at java_programs.MERGESORT.mergesort(MERGESORT.java:47)
	at java_programs.MERGESORT.mergesort(MERGESORT.java:47)
	at java_programs.MERGESORT.mergesort(MERGESORT.java:47)
	at java_programs.MERGESORT.mergesort(MERGESORT.java:47)
	at java_programs.MERGESORT.mergesort(MERGESORT.java:47)
	at java_programs.MERGESORT.mergesort(MERGESORT.java:47)
	at java_programs.MERGESORT.mergesort(MERGESORT.java:47)
	at java_programs.MERGESORT.mergesort(MERGESORT.java:47)
	at java_programs.MERGESORT.mergesort(MERGESORT.java:47)
	at java_programs.MERGESORT.mergesort(MERGESORT.java:47)
	at java_programs.MERGESORT.mergesort(MERGESORT.java:47)
	at java_programs.MERGESORT.mergesort(MERGESORT.java:47)
	at java_programs.MERGESORT.mergesort(MERGESORT.java:47)
	at java_programs.MERGESORT.mergesort(MERGESORT.java:47)
	at java_programs.MERGESORT.mergesort(MERGESORT.java:47)
	at java_programs.MERGESORT.mergesort(MERGESORT.java:47)
	at java_programs.MERGESORT.mergesort(MERGESORT.java:47)
	at java_programs.MERGESORT.mergesort(MERGESORT.java:47)
	at java_programs.MERGESORT.mergesort(MERGESORT.java:47)
	at java_programs.MERGESORT.mergesort(MERGESORT.java:47)
	at java_programs.MERGESORT.mergesort(MERGESORT.java:47)
	at java_programs.MERGESORT.mergesort(MERGESORT.java:47)
	at java_programs.MERGESORT.mergesort(MERGESORT.java:47)
	at java_programs.MERGESORT.mergesort(MERGESORT.java:47)
	at java_programs.MERGESORT.mergesort(MERGESORT.java:47)
	at java_programs.MERGESORT.mergesort(MERGESORT.java:47)
	at java_programs.MERGESORT.mergesort(MERGESORT.java:47)
	at java_programs.MERGESORT.mergesort(MERGESORT.java:47)
	at java_programs.MERGESORT.mergesort(MERGESORT.java:47)
	at java_programs.MERGESORT.mergesort(MERGESORT.java:47)
	at java_programs.MERGESORT.mergesort(MERGESORT.java:47)
	at java_programs.MERGESORT.mergesort(MERGESORT.java:47)
	at java_programs.MERGESORT.mergesort(MERGESORT.java:47)
	at java_programs.MERGESORT.mergesort(MERGESORT.java:47)
	at java_programs.MERGESORT.mergesort(MERGESORT.java:47)
	at java_programs.MERGESORT.mergesort(MERGESORT.java:47)
	at java_programs.MERGESORT.mergesort(MERGESORT.java:47)
	at java_programs.MERGESORT.mergesort(MERGESORT.java:47)
	at java_programs.MERGESORT.mergesort(MERGESORT.java:47)
	at java_programs.MERGESORT.mergesort(MERGESORT.java:47)
	at java_programs.MERGESORT.mergesort(MERGESORT.java:47)
	at java_programs.MERGESORT.mergesort(MERGESORT.java:47)
	at java_programs.MERGESORT.mergesort(MERGESORT.java:47)
	at java_programs.MERGESORT.mergesort(MERGESORT.java:47)
	at java_programs.MERGESORT.mergesort(MERGESORT.java:47)
	at java_programs.MERGESORT.mergesort(MERGESORT.java:47)
	at java_programs.MERGESORT.mergesort(MERGESORT.java:47)
	at java_programs.MERGESORT.mergesort(MERGESORT.java:47)
	at java_programs.MERGESORT.mergesort(MERGESORT.java:47)
	at java_programs.MERGESORT.mergesort(MERGESORT.java:47)
	at java_programs.MERGESORT.mergesort(MERGESORT.java:47)
	at java_programs.MERGESORT.mergesort(MERGESORT.java:47)
	at java_programs.MERGESORT.mergesort(MERGESORT.java:47)
	at java_programs.MERGESORT.mergesort(MERGESORT.java:47)
	at java_programs.MERGESORT.mergesort(MERGESORT.java:47)
	at java_programs.MERGESORT.mergesort(MERGESORT.java:47)
	at java_programs.MERGESORT.mergesort(MERGESORT.java:47)
	at java_programs.MERGESORT.mergesort(MERGESORT.java:47)
	at java_programs.MERGESORT.mergesort(MERGESORT.java:47)
	at java_programs.MERGESORT.mergesort(MERGESORT.java:47)
	at java_programs.MERGESORT.mergesort(MERGESORT.java:47)
	at java_programs.MERGESORT.mergesort(MERGESORT.java:47)
	at java_programs.MERGESORT.mergesort(MERGESORT.java:47)
	at java_programs.MERGESORT.mergesort(MERGESORT.java:47)
	at java_programs.MERGESORT.mergesort(MERGESORT.java:47)
	at java_programs.MERGESORT.mergesort(MERGESORT.java:47)
	at java_programs.MERGESORT.mergesort(MERGESORT.java:47)
	at java_programs.MERGESORT.mergesort(MERGESORT.java:47)
	at java_programs.MERGESORT.mergesort(MERGESORT.java:47)
	at java_programs.MERGESORT.mergesort(MERGESORT.java:47)
	at java_programs.MERGESORT.mergesort(MERGESORT.java:47)
	at java_programs.MERGESORT.mergesort(MERGESORT.java:47)
	at java_programs.MERGESORT.mergesort(MERGESORT.java:47)
	at java_programs.MERGESORT.mergesort(MERGESORT.java:47)
	at java_programs.MERGESORT.mergesort(MERGESORT.java:47)
	at java_programs.MERGESORT.mergesort(MERGESORT.java:47)
	at java_programs.MERGESORT.mergesort(MERGESORT.java:47)
	at java_programs.MERGESORT.mergesort(MERGESORT.java:47)
	at java_programs.MERGESORT.mergesort(MERGESORT.java:47)
	at java_programs.MERGESORT.mergesort(MERGESORT.java:47)
	at java_programs.MERGESORT.mergesort(MERGESORT.java:47)
	at java_programs.MERGESORT.mergesort(MERGESORT.java:47)
	at java_programs.MERGESORT.mergesort(MERGESORT.java:47)
	at java_programs.MERGESORT.mergesort(MERGESORT.java:47)
	at java_programs.MERGESORT.mergesort(MERGESORT.java:47)
	at java_programs.MERGESORT.mergesort(MERGESORT.java:47)
	at java_programs.MERGESORT.mergesort(MERGESORT.java:47)
	at java_programs.MERGESORT.mergesort(MERGESORT.java:47)
	at java_programs.MERGESORT.mergesort(MERGESORT.java:47)
	at java_programs.MERGESORT.mergesort(MERGESORT.java:47)
	at java_programs.MERGESORT.mergesort(MERGESORT.java:47)
	at java_programs.MERGESORT.mergesort(MERGESORT.java:47)
	at java_programs.MERGESORT.mergesort(MERGESORT.java:47)
	at java_programs.MERGESORT.mergesort(MERGESORT.java:47)
	at java_programs.MERGESORT.mergesort(MERGESORT.java:47)
	at java_programs.MERGESORT.mergesort(MERGESORT.java:47)
	at java_programs.MERGESORT.mergesort(MERGESORT.java:47)
	at java_programs.MERGESORT.mergesort(MERGESORT.java:47)
	at java_programs.MERGESORT.mergesort(MERGESORT.java:47)
	at java_programs.MERGESORT.mergesort(MERGESORT.java:47)
	at java_programs.MERGESORT.mergesort(MERGESORT.java:47)
	at java_programs.MERGESORT.mergesort(MERGESORT.java:47)
	at java_programs.MERGESORT.mergesort(MERGESORT.java:47)
	at java_programs.MERGESORT.mergesort(MERGESORT.java:47)
	at java_programs.MERGESORT.mergesort(MERGESORT.java:47)
	at java_programs.MERGESORT.mergesort(MERGESORT.java:47)
	at java_programs.MERGESORT.mergesort(MERGESORT.java:47)
	at java_programs.MERGESORT.mergesort(MERGESORT.java:47)
	at java_programs.MERGESORT.mergesort(MERGESORT.java:47)
	at java_programs.MERGESORT.mergesort(MERGESORT.java:47)
	at java_programs.MERGESORT.mergesort(MERGESORT.java:47)
	at java_programs.MERGESORT.mergesort(MERGESORT.java:47)
	at java_programs.MERGESORT.mergesort(MERGESORT.java:47)
	at java_programs.MERGESORT.mergesort(MERGESORT.java:47)
	at java_programs.MERGESORT.mergesort(MERGESORT.java:47)
	at java_programs.MERGESORT.mergesort(MERGESORT.java:47)
	at java_programs.MERGESORT.mergesort(MERGESORT.java:47)
	at java_programs.MERGESORT.mergesort(MERGESORT.java:47)
	at java_programs.MERGESORT.mergesort(MERGESORT.java:47)
	at java_programs.MERGESORT.mergesort(MERGESORT.java:47)
	at java_programs.MERGESORT.mergesort(MERGESORT.java:47)
	at java_programs.MERGESORT.mergesort(MERGESORT.java:47)
	at java_programs.MERGESORT.mergesort(MERGESORT.java:47)
	at java_programs.MERGESORT.mergesort(MERGESORT.java:47)
	at java_programs.MERGESORT.mergesort(MERGESORT.java:47)
	at java_programs.MERGESORT.mergesort(MERGESORT.java:47)
	at java_programs.MERGESORT.mergesort(MERGESORT.java:47)
	at java_programs.MERGESORT.mergesort(MERGESORT.java:47)
	at java_programs.MERGESORT.mergesort(MERGESORT.java:47)
	at java_programs.MERGESORT.mergesort(MERGESORT.java:47)
	at java_programs.MERGESORT.mergesort(MERGESORT.java:47)
	at java_programs.MERGESORT.mergesort(MERGESORT.java:47)
	at java_programs.MERGESORT.mergesort(MERGESORT.java:47)
	at java_programs.MERGESORT.mergesort(MERGESORT.java:47)
	at java_programs.MERGESORT.mergesort(MERGESORT.java:47)
	at java_programs.MERGESORT.mergesort(MERGESORT.java:47)
	at java_programs.MERGESORT.mergesort(MERGESORT.java:47)
	at java_programs.MERGESORT.mergesort(MERGESORT.java:47)
	at java_programs.MERGESORT.mergesort(MERGESORT.java:47)
	at java_programs.MERGESORT.mergesort(MERGESORT.java:47)
	at java_programs.MERGESORT.mergesort(MERGESORT.java:47)
	at java_programs.MERGESORT.mergesort(MERGESORT.java:47)
	at java_programs.MERGESORT.mergesort(MERGESORT.java:47)
	at java_programs.MERGESORT.mergesort(MERGESORT.java:47)
	at java_programs.MERGESORT.mergesort(MERGESORT.java:47)
	at java_programs.MERGESORT.mergesort(MERGESORT.java:47)
	at java_programs.MERGESORT.mergesort(MERGESORT.java:47)
	at java_programs.MERGESORT.mergesort(MERGESORT.java:47)
	at java_programs.MERGESORT.mergesort(MERGESORT.java:47)
	at java_programs.MERGESORT.mergesort(MERGESORT.java:47)
	at java_programs.MERGESORT.mergesort(MERGESORT.java:47)
	at java_programs.MERGESORT.mergesort(MERGESORT.java:47)
	at java_programs.MERGESORT.mergesort(MERGESORT.java:47)
	at java_programs.MERGESORT.mergesort(MERGESORT.java:47)
	at java_programs.MERGESORT.mergesort(MERGESORT.java:47)
	at java_programs.MERGESORT.mergesort(MERGESORT.java:47)
	at java_programs.MERGESORT.mergesort(MERGESORT.java:47)
	at java_programs.MERGESORT.mergesort(MERGESORT.java:47)
	at java_programs.MERGESORT.mergesort(MERGESORT.java:47)
	at java_programs.MERGESORT.mergesort(MERGESORT.java:47)
	at java_programs.MERGESORT.mergesort(MERGESORT.java:47)
	at java_programs.MERGESORT.mergesort(MERGESORT.java:47)
	at java_programs.MERGESORT.mergesort(MERGESORT.java:47)
	at java_programs.MERGESORT.mergesort(MERGESORT.java:47)
	at java_programs.MERGESORT.mergesort(MERGESORT.java:47)
	at java_programs.MERGESORT.mergesort(MERGESORT.java:47)
	at java_programs.MERGESORT.mergesort(MERGESORT.java:47)
	at java_programs.MERGESORT.mergesort(MERGESORT.java:47)
	at java_programs.MERGESORT.mergesort(MERGESORT.java:47)
	at java_programs.MERGESORT.mergesort(MERGESORT.java:47)
	at java_programs.MERGESORT.mergesort(MERGESORT.java:47)
	at java_programs.MERGESORT.mergesort(MERGESORT.java:47)
	at java_programs.MERGESORT.mergesort(MERGESORT.java:47)
	at java_programs.MERGESORT.mergesort(MERGESORT.java:47)
	at java_programs.MERGESORT.mergesort(MERGESORT.java:47)
	at java_programs.MERGESORT.mergesort(MERGESORT.java:47)
	at java_programs.MERGESORT.mergesort(MERGESORT.java:47)
	at java_programs.MERGESORT.mergesort(MERGESORT.java:47)
	at java_programs.MERGESORT.mergesort(MERGESORT.java:47)
	at java_programs.MERGESORT.mergesort(MERGESORT.java:47)
	at java_programs.MERGESORT.mergesort(MERGESORT.java:47)
	at java_programs.MERGESORT.mergesort(MERGESORT.java:47)
	at java_programs.MERGESORT.mergesort(MERGESORT.java:47)
	at java_programs.MERGESORT.mergesort(MERGESORT.java:47)
	at java_programs.MERGESORT.mergesort(MERGESORT.java:47)
	at java_programs.MERGESORT.mergesort(MERGESORT.java:47)
	at java_programs.MERGESORT.mergesort(MERGESORT.java:47)
	at java_programs.MERGESORT.mergesort(MERGESORT.java:47)
	at java_programs.MERGESORT.mergesort(MERGESORT.java:47)
	at java_programs.MERGESORT.mergesort(MERGESORT.java:47)
	at java_programs.MERGESORT.mergesort(MERGESORT.java:47)
	at java_programs.MERGESORT.mergesort(MERGESORT.java:47)
	at java_programs.MERGESORT.mergesort(MERGESORT.java:47)
	at java_programs.MERGESORT.mergesort(MERGESORT.java:47)
	at java_programs.MERGESORT.mergesort(MERGESORT.java:47)
	at java_programs.MERGESORT.mergesort(MERGESORT.java:47)
	at java_programs.MERGESORT.mergesort(MERGESORT.java:47)
	at java_programs.MERGESORT.mergesort(MERGESORT.java:47)
	at java_programs.MERGESORT.mergesort(MERGESORT.java:47)
	at java_programs.MERGESORT.mergesort(MERGESORT.java:47)
	at java_programs.MERGESORT.mergesort(MERGESORT.java:47)
	at java_programs.MERGESORT.mergesort(MERGESORT.java:47)
	at java_programs.MERGESORT.mergesort(MERGESORT.java:47)
	at java_programs.MERGESORT.mergesort(MERGESORT.java:47)
	at java_programs.MERGESORT.mergesort(MERGESORT.java:47)
	at java_programs.MERGESORT.mergesort(MERGESORT.java:47)
	at java_programs.MERGESORT.mergesort(MERGESORT.java:47)
	at java_programs.MERGESORT.mergesort(MERGESORT.java:47)
	at java_programs.MERGESORT.mergesort(MERGESORT.java:47)
	at java_programs.MERGESORT.mergesort(MERGESORT.java:47)
	at java_programs.MERGESORT.mergesort(MERGESORT.java:47)
	at java_programs.MERGESORT.mergesort(MERGESORT.java:47)
	at java_programs.MERGESORT.mergesort(MERGESORT.java:47)
	at java_programs.MERGESORT.mergesort(MERGESORT.java:47)
	at java_programs.MERGESORT.mergesort(MERGESORT.java:47)
	at java_programs.MERGESORT.mergesort(MERGESORT.java:47)
	at java_programs.MERGESORT.mergesort(MERGESORT.java:47)
	at java_programs.MERGESORT.mergesort(MERGESORT.java:47)
	at java_programs.MERGESORT.mergesort(MERGESORT.java:47)
	at java_programs.MERGESORT.mergesort(MERGESORT.java:47)
	at java_programs.MERGESORT.mergesort(MERGESORT.java:47)
	at java_programs.MERGESORT.mergesort(MERGESORT.java:47)
	at java_programs.MERGESORT.mergesort(MERGESORT.java:47)
	at java_programs.MERGESORT.mergesort(MERGESORT.java:47)
	at java_programs.MERGESORT.mergesort(MERGESORT.java:47)
	at java_programs.MERGESORT.mergesort(MERGESORT.java:47)
	at java_programs.MERGESORT.mergesort(MERGESORT.java:47)
	at java_programs.MERGESORT.mergesort(MERGESORT.java:47)
	at java_programs.MERGESORT.mergesort(MERGESORT.java:47)
	at java_programs.MERGESORT.mergesort(MERGESORT.java:47)
	at java_programs.MERGESORT.mergesort(MERGESORT.java:47)
	at java_programs.MERGESORT.mergesort(MERGESORT.java:47)
	at java_programs.MERGESORT.mergesort(MERGESORT.java:47)
	at java_programs.MERGESORT.mergesort(MERGESORT.java:47)
	at java_programs.MERGESORT.mergesort(MERGESORT.java:47)
	at java_programs.MERGESORT.mergesort(MERGESORT.java:47)
	at java_programs.MERGESORT.mergesort(MERGESORT.java:47)
	at java_programs.MERGESORT.mergesort(MERGESORT.java:47)
	at java_programs.MERGESORT.mergesort(MERGESORT.java:47)
	at java_programs.MERGESORT.mergesort(MERGESORT.java:47)
	at java_programs.MERGESORT.mergesort(MERGESORT.java:47)
	at java_programs.MERGESORT.mergesort(MERGESORT.java:47)
	at java_programs.MERGESORT.mergesort(MERGESORT.java:47)
	at java_programs.MERGESORT.mergesort(MERGESORT.java:47)
	at java_programs.MERGESORT.mergesort(MERGESORT.java:47)
	at java_programs.MERGESORT.mergesort(MERGESORT.java:47)
	at java_programs.MERGESORT.mergesort(MERGESORT.java:47)
	at java_programs.MERGESORT.mergesort(MERGESORT.java:47)
	at java_programs.MERGESORT.mergesort(MERGESORT.java:47)
	at java_programs.MERGESORT.mergesort(MERGESORT.java:47)
	at java_programs.MERGESORT.mergesort(MERGESORT.java:47)
	at java_programs.MERGESORT.mergesort(MERGESORT.java:47)
	at java_programs.MERGESORT.mergesort(MERGESORT.java:47)
	at java_programs.MERGESORT.mergesort(MERGESORT.java:47)
	at java_programs.MERGESORT.mergesort(MERGESORT.java:47)
	at java_programs.MERGESORT.mergesort(MERGESORT.java:47)
	at java_programs.MERGESORT.mergesort(MERGESORT.java:47)
	at java_programs.MERGESORT.mergesort(MERGESORT.java:47)
	at java_programs.MERGESORT.mergesort(MERGESORT.java:47)
	at java_programs.MERGESORT.mergesort(MERGESORT.java:47)
	at java_programs.MERGESORT.mergesort(MERGESORT.java:47)
	at java_programs.MERGESORT.mergesort(MERGESORT.java:47)
	at java_programs.MERGESORT.mergesort(MERGESORT.java:47)
	at java_programs.MERGESORT.mergesort(MERGESORT.java:47)
	at java_programs.MERGESORT.mergesort(MERGESORT.java:47)
	at java_programs.MERGESORT.mergesort(MERGESORT.java:47)
	at java_programs.MERGESORT.mergesort(MERGESORT.java:47)
	at java_programs.MERGESORT.mergesort(MERGESORT.java:47)
	at java_programs.MERGESORT.mergesort(MERGESORT.java:47)
	at java_programs.MERGESORT.mergesort(MERGESORT.java:47)
	at java_programs.MERGESORT.mergesort(MERGESORT.java:47)
	at java_programs.MERGESORT.mergesort(MERGESORT.java:47)
	at java_programs.MERGESORT.mergesort(MERGESORT.java:47)
	at java_programs.MERGESORT.mergesort(MERGESORT.java:47)
	at java_programs.MERGESORT.mergesort(MERGESORT.java:47)
	at java_programs.MERGESORT.mergesort(MERGESORT.java:47)
	at java_programs.MERGESORT.mergesort(MERGESORT.java:47)
	at java_programs.MERGESORT.mergesort(MERGESORT.java:47)
	at java_programs.MERGESORT.mergesort(MERGESORT.java:47)
	at java_programs.MERGESORT.mergesort(MERGESORT.java:47)
	at java_programs.MERGESORT.mergesort(MERGESORT.java:47)
	at java_programs.MERGESORT.mergesort(MERGESORT.java:47)
	at java_programs.MERGESORT.mergesort(MERGESORT.java:47)
	at java_programs.MERGESORT.mergesort(MERGESORT.java:47)
	at java_programs.MERGESORT.mergesort(MERGESORT.java:47)
	at java_programs.MERGESORT.mergesort(MERGESORT.java:47)
	at java_programs.MERGESORT.mergesort(MERGESORT.java:47)
	at java_programs.MERGESORT.mergesort(MERGESORT.java:47)
	at java_programs.MERGESORT.mergesort(MERGESORT.java:47)
	at java_programs.MERGESORT.mergesort(MERGESORT.java:47)
	at java_programs.MERGESORT.mergesort(MERGESORT.java:47)
	at java_programs.MERGESORT.mergesort(MERGESORT.java:47)
	at java_programs.MERGESORT.mergesort(MERGESORT.java:47)
	at java_programs.MERGESORT.mergesort(MERGESORT.java:47)
	at java_programs.MERGESORT.mergesort(MERGESORT.java:47)
	at java_programs.MERGESORT.mergesort(MERGESORT.java:47)
	at java_programs.MERGESORT.mergesort(MERGESORT.java:47)
	at java_programs.MERGESORT.mergesort(MERGESORT.java:47)
	at java_programs.MERGESORT.mergesort(MERGESORT.java:47)
	at java_programs.MERGESORT.mergesort(MERGESORT.java:47)
	at java_programs.MERGESORT.mergesort(MERGESORT.java:47)
	at java_programs.MERGESORT.mergesort(MERGESORT.java:47)
	at java_programs.MERGESORT.mergesort(MERGESORT.java:47)
	at java_programs.MERGESORT.mergesort(MERGESORT.java:47)
	at java_programs.MERGESORT.mergesort(MERGESORT.java:47)
	at java_programs.MERGESORT.mergesort(MERGESORT.java:47)
	at java_programs.MERGESORT.mergesort(MERGESORT.java:47)
	at java_programs.MERGESORT.mergesort(MERGESORT.java:47)
	at java_programs.MERGESORT.mergesort(MERGESORT.java:47)
	at java_programs.MERGESORT.mergesort(MERGESORT.java:47)
	at java_programs.MERGESORT.mergesort(MERGESORT.java:47)
	at java_programs.MERGESORT.mergesort(MERGESORT.java:47)
	at java_programs.MERGESORT.mergesort(MERGESORT.java:47)
	at java_programs.MERGESORT.mergesort(MERGESORT.java:47)
	at java_programs.MERGESORT.mergesort(MERGESORT.java:47)
	at java_programs.MERGESORT.mergesort(MERGESORT.java:47)
	at java_programs.MERGESORT.mergesort(MERGESORT.java:47)
	at java_programs.MERGESORT.mergesort(MERGESORT.java:47)
	at java_programs.MERGESORT.mergesort(MERGESORT.java:47)
	at java_programs.MERGESORT.mergesort(MERGESORT.java:47)
	at java_programs.MERGESORT.mergesort(MERGESORT.java:47)
	at java_programs.MERGESORT.mergesort(MERGESORT.java:47)
	at java_programs.MERGESORT.mergesort(MERGESORT.java:47)
	at java_programs.MERGESORT.mergesort(MERGESORT.java:47)
	at java_programs.MERGESORT.mergesort(MERGESORT.java:47)
	at java_programs.MERGESORT.mergesort(MERGESORT.java:47)
	at java_programs.MERGESORT.mergesort(MERGESORT.java:47)
	at java_programs.MERGESORT.mergesort(MERGESORT.java:47)
	at java_programs.MERGESORT.mergesort(MERGESORT.java:47)
	at java_programs.MERGESORT.mergesort(MERGESORT.java:47)
	at java_programs.MERGESORT.mergesort(MERGESORT.java:47)
	at java_programs.MERGESORT.mergesort(MERGESORT.java:47)
	at java_programs.MERGESORT.mergesort(MERGESORT.java:47)
	at java_programs.MERGESORT.mergesort(MERGESORT.java:47)
	at java_programs.MERGESORT.mergesort(MERGESORT.java:47)
	at java_programs.MERGESORT.mergesort(MERGESORT.java:47)
	at java_programs.MERGESORT.mergesort(MERGESORT.java:47)
	at java_programs.MERGESORT.mergesort(MERGESORT.java:47)
	at java_programs.MERGESORT.mergesort(MERGESORT.java:47)
	at java_programs.MERGESORT.mergesort(MERGESORT.java:47)
	at java_programs.MERGESORT.mergesort(MERGESORT.java:47)
	at java_programs.MERGESORT.mergesort(MERGESORT.java:47)
	at java_programs.MERGESORT.mergesort(MERGESORT.java:47)
	at java_programs.MERGESORT.mergesort(MERGESORT.java:47)
	at java_programs.MERGESORT.mergesort(MERGESORT.java:47)
	at java_programs.MERGESORT.mergesort(MERGESORT.java:47)
	at java_programs.MERGESORT.mergesort(MERGESORT.java:47)
	at java_programs.MERGESORT.mergesort(MERGESORT.java:47)
	at java_programs.MERGESORT.mergesort(MERGESORT.java:47)
	at java_programs.MERGESORT.mergesort(MERGESORT.java:47)
	at java_programs.MERGESORT.mergesort(MERGESORT.java:47)
	at java_programs.MERGESORT.mergesort(MERGESORT.java:47)
	at java_programs.MERGESORT.mergesort(MERGESORT.java:47)
	at java_programs.MERGESORT.mergesort(MERGESORT.java:47)
	at java_programs.MERGESORT.mergesort(MERGESORT.java:47)
	at java_programs.MERGESORT.mergesort(MERGESORT.java:47)
	at java_programs.MERGESORT.mergesort(MERGESORT.java:47)
	at java_programs.MERGESORT.mergesort(MERGESORT.java:47)
	at java_programs.MERGESORT.mergesort(MERGESORT.java:47)
	at java_programs.MERGESORT.mergesort(MERGESORT.java:47)
	at java_programs.MERGESORT.mergesort(MERGESORT.java:47)
	at java_programs.MERGESORT.mergesort(MERGESORT.java:47)
	at java_programs.MERGESORT.mergesort(MERGESORT.java:47)
	at java_programs.MERGESORT.mergesort(MERGESORT.java:47)
	at java_programs.MERGESORT.mergesort(MERGESORT.java:47)
	at java_programs.MERGESORT.mergesort(MERGESORT.java:47)
	at java_programs.MERGESORT.mergesort(MERGESORT.java:47)
	at java_programs.MERGESORT.mergesort(MERGESORT.java:47)
	at java_programs.MERGESORT.mergesort(MERGESORT.java:47)
	at java_programs.MERGESORT.mergesort(MERGESORT.java:47)
	at java_programs.MERGESORT.mergesort(MERGESORT.java:47)
	at java_programs.MERGESORT.mergesort(MERGESORT.java:47)
	at java_programs.MERGESORT.mergesort(MERGESORT.java:47)
	at java_programs.MERGESORT.mergesort(MERGESORT.java:47)
	at java_programs.MERGESORT.mergesort(MERGESORT.java:47)
	at java_programs.MERGESORT.mergesort(MERGESORT.java:47)
	at java_programs.MERGESORT.mergesort(MERGESORT.java:47)
	at java_programs.MERGESORT.mergesort(MERGESORT.java:47)
	at java_programs.MERGESORT.mergesort(MERGESORT.java:47)
	at java_programs.MERGESORT.mergesort(MERGESORT.java:47)
	at java_programs.MERGESORT.mergesort(MERGESORT.java:47)
	at java_programs.MERGESORT.mergesort(MERGESORT.java:47)
	at java_programs.MERGESORT.mergesort(MERGESORT.java:47)
	at java_programs.MERGESORT.mergesort(MERGESORT.java:47)
	at java_programs.MERGESORT.mergesort(MERGESORT.java:47)
	at java_programs.MERGESORT.mergesort(MERGESORT.java:47)
	at java_programs.MERGESORT.mergesort(MERGESORT.java:47)
	at java_programs.MERGESORT.mergesort(MERGESORT.java:47)
	at java_programs.MERGESORT.mergesort(MERGESORT.java:47)
	at java_programs.MERGESORT.mergesort(MERGESORT.java:47)
	at java_programs.MERGESORT.mergesort(MERGESORT.java:47)
	at java_programs.MERGESORT.mergesort(MERGESORT.java:47)
	at java_programs.MERGESORT.mergesort(MERGESORT.java:47)
	at java_programs.MERGESORT.mergesort(MERGESORT.java:47)
	at java_programs.MERGESORT.mergesort(MERGESORT.java:47)
	at java_programs.MERGESORT.mergesort(MERGESORT.java:47)
	at java_programs.MERGESORT.mergesort(MERGESORT.java:47)
	at java_programs.MERGESORT.mergesort(MERGESORT.java:47)
	at java_programs.MERGESORT.mergesort(MERGESORT.java:47)
	at java_programs.MERGESORT.mergesort(MERGESORT.java:47)
	at java_programs.MERGESORT.mergesort(MERGESORT.java:47)
	at java_programs.MERGESORT.mergesort(MERGESORT.java:47)
	at java_programs.MERGESORT.mergesort(MERGESORT.java:47)
	at java_programs.MERGESORT.mergesort(MERGESORT.java:47)
	at java_programs.MERGESORT.mergesort(MERGESORT.java:47)
	at java_programs.MERGESORT.mergesort(MERGESORT.java:47)
	at java_programs.MERGESORT.mergesort(MERGESORT.java:47)
	at java_programs.MERGESORT.mergesort(MERGESORT.java:47)
	at java_programs.MERGESORT.mergesort(MERGESORT.java:47)
	at java_programs.MERGESORT.mergesort(MERGESORT.java:47)
	at java_programs.MERGESORT.mergesort(MERGESORT.java:47)
	at java_programs.MERGESORT.mergesort(MERGESORT.java:47)
	at java_programs.MERGESORT.mergesort(MERGESORT.java:47)
	at java_programs.MERGESORT.mergesort(MERGESORT.java:47)
	at java_programs.MERGESORT.mergesort(MERGESORT.java:47)
	at java_programs.MERGESORT.mergesort(MERGESORT.java:47)
	at java_programs.MERGESORT.mergesort(MERGESORT.java:47)
	at java_programs.MERGESORT.mergesort(MERGESORT.java:47)
	at java_programs.MERGESORT.mergesort(MERGESORT.java:47)
	at java_programs.MERGESORT.mergesort(MERGESORT.java:47)
	at java_programs.MERGESORT.mergesort(MERGESORT.java:47)
	at java_programs.MERGESORT.mergesort(MERGESORT.java:47)
	at java_programs.MERGESORT.mergesort(MERGESORT.java:47)
	at java_programs.MERGESORT.mergesort(MERGESORT.java:47)
	at java_programs.MERGESORT.mergesort(MERGESORT.java:47)
	at java_programs.MERGESORT.mergesort(MERGESORT.java:47)
	at java_programs.MERGESORT.mergesort(MERGESORT.java:47)
	at java_programs.MERGESORT.mergesort(MERGESORT.java:47)
	at java_programs.MERGESORT.mergesort(MERGESORT.java:47)
	at java_programs.MERGESORT.mergesort(MERGESORT.java:47)
	at java_programs.MERGESORT.mergesort(MERGESORT.java:47)
	at java_programs.MERGESORT.mergesort(MERGESORT.java:47)
	at java_programs.MERGESORT.mergesort(MERGESORT.java:47)
	at java_programs.MERGESORT.mergesort(MERGESORT.java:47)
	at java_programs.MERGESORT.mergesort(MERGESORT.java:47)
	at java_programs.MERGESORT.mergesort(MERGESORT.java:47)
	at java_programs.MERGESORT.mergesort(MERGESORT.java:47)
	at java_programs.MERGESORT.mergesort(MERGESORT.java:47)
	at java_programs.MERGESORT.mergesort(MERGESORT.java:47)
	at java_programs.MERGESORT.mergesort(MERGESORT.java:47)
	at java_programs.MERGESORT.mergesort(MERGESORT.java:47)
	at java_programs.MERGESORT.mergesort(MERGESORT.java:47)
	at java_programs.MERGESORT.mergesort(MERGESORT.java:47)
	at java_programs.MERGESORT.mergesort(MERGESORT.java:47)
	at java_programs.MERGESORT.mergesort(MERGESORT.java:47)
	at java_programs.MERGESORT.mergesort(MERGESORT.java:47)
	at java_programs.MERGESORT.mergesort(MERGESORT.java:47)
	at java_programs.MERGESORT.mergesort(MERGESORT.java:47)
	at java_programs.MERGESORT.mergesort(MERGESORT.java:47)
	at java_programs.MERGESORT.mergesort(MERGESORT.java:47)
	at java_programs.MERGESORT.mergesort(MERGESORT.java:47)
	at java_programs.MERGESORT.mergesort(MERGESORT.java:47)
	at java_programs.MERGESORT.mergesort(MERGESORT.java:47)
	at java_programs.MERGESORT.mergesort(MERGESORT.java:47)
	at java_programs.MERGESORT.mergesort(MERGESORT.java:47)
	at java_programs.MERGESORT.mergesort(MERGESORT.java:47)
	at java_programs.MERGESORT.mergesort(MERGESORT.java:47)
	at java_programs.MERGESORT.mergesort(MERGESORT.java:47)
	at java_programs.MERGESORT.mergesort(MERGESORT.java:47)
	at java_programs.MERGESORT.mergesort(MERGESORT.java:47)
	at java_programs.MERGESORT.mergesort(MERGESORT.java:47)
	at java_programs.MERGESORT.mergesort(MERGESORT.java:47)
	at java_programs.MERGESORT.mergesort(MERGESORT.java:47)
	at java_programs.MERGESORT.mergesort(MERGESORT.java:47)
	at java_programs.MERGESORT.mergesort(MERGESORT.java:47)
	at java_programs.MERGESORT.mergesort(MERGESORT.java:47)
	at java_programs.MERGESORT.mergesort(MERGESORT.java:47)
	at java_programs.MERGESORT.mergesort(MERGESORT.java:47)
	at java_programs.MERGESORT.mergesort(MERGESORT.java:47)
	at java_programs.MERGESORT.mergesort(MERGESORT.java:47)
	at java_programs.MERGESORT.mergesort(MERGESORT.java:47)
	at java_programs.MERGESORT.mergesort(MERGESORT.java:47)
	at java_programs.MERGESORT.mergesort(MERGESORT.java:47)
	at java_programs.MERGESORT.mergesort(MERGESORT.java:47)
	at java_programs.MERGESORT.mergesort(MERGESORT.java:47)
	at java_programs.MERGESORT.mergesort(MERGESORT.java:47)
	at java_programs.MERGESORT.mergesort(MERGESORT.java:47)
	at java_programs.MERGESORT.mergesort(MERGESORT.java:47)
	at java_programs.MERGESORT.mergesort(MERGESORT.java:47)
	at java_programs.MERGESORT.mergesort(MERGESORT.java:47)
	at java_programs.MERGESORT.mergesort(MERGESORT.java:47)
	at java_programs.MERGESORT.mergesort(MERGESORT.java:47)
	at java_programs.MERGESORT.mergesort(MERGESORT.java:47)
	at java_programs.MERGESORT.mergesort(MERGESORT.java:47)
	at java_programs.MERGESORT.mergesort(MERGESORT.java:47)
	at java_programs.MERGESORT.mergesort(MERGESORT.java:47)
	at java_programs.MERGESORT.mergesort(MERGESORT.java:47)
	at java_programs.MERGESORT.mergesort(MERGESORT.java:47)
	at java_programs.MERGESORT.mergesort(MERGESORT.java:47)
	at java_programs.MERGESORT.mergesort(MERGESORT.java:47)
	at java_programs.MERGESORT.mergesort(MERGESORT.java:47)
	at java_programs.MERGESORT.mergesort(MERGESORT.java:47)
	at java_programs.MERGESORT.mergesort(MERGESORT.java:47)
	at java_programs.MERGESORT.mergesort(MERGESORT.java:47)
	at java_programs.MERGESORT.mergesort(MERGESORT.java:47)
	at java_programs.MERGESORT.mergesort(MERGESORT.java:47)
	at java_programs.MERGESORT.mergesort(MERGESORT.java:47)
	at java_programs.MERGESORT.mergesort(MERGESORT.java:47)
	at java_programs.MERGESORT.mergesort(MERGESORT.java:47)
	at java_programs.MERGESORT.mergesort(MERGESORT.java:47)
	at java_programs.MERGESORT.mergesort(MERGESORT.java:47)
	at java_programs.MERGESORT.mergesort(MERGESORT.java:47)
	at java_programs.MERGESORT.mergesort(MERGESORT.java:47)
	at java_programs.MERGESORT.mergesort(MERGESORT.java:47)
	at java_programs.MERGESORT.mergesort(MERGESORT.java:47)
	at java_programs.MERGESORT.mergesort(MERGESORT.java:47)
	at java_programs.MERGESORT.mergesort(MERGESORT.java:47)
	at java_programs.MERGESORT.mergesort(MERGESORT.java:47)
	at java_programs.MERGESORT.mergesort(MERGESORT.java:47)
	at java_programs.MERGESORT.mergesort(MERGESORT.java:47)
	at java_programs.MERGESORT.mergesort(MERGESORT.java:47)
	at java_programs.MERGESORT.mergesort(MERGESORT.java:47)
	at java_programs.MERGESORT.mergesort(MERGESORT.java:47)
	at java_programs.MERGESORT.mergesort(MERGESORT.java:47)
	at java_programs.MERGESORT.mergesort(MERGESORT.java:47)
	at java_programs.MERGESORT.mergesort(MERGESORT.java:47)
	at java_programs.MERGESORT.mergesort(MERGESORT.java:47)
	at java_programs.MERGESORT.mergesort(MERGESORT.java:47)
	at java_programs.MERGESORT.mergesort(MERGESORT.java:47)
	at java_programs.MERGESORT.mergesort(MERGESORT.java:47)
	at java_programs.MERGESORT.mergesort(MERGESORT.java:47)
	at java_programs.MERGESORT.mergesort(MERGESORT.java:47)
	at java_programs.MERGESORT.mergesort(MERGESORT.java:47)
	at java_programs.MERGESORT.mergesort(MERGESORT.java:47)
	at java_programs.MERGESORT.mergesort(MERGESORT.java:47)
	at java_programs.MERGESORT.mergesort(MERGESORT.java:47)
	at java_programs.MERGESORT.mergesort(MERGESORT.java:47)
	at java_programs.MERGESORT.mergesort(MERGESORT.java:47)
	at java_programs.MERGESORT.mergesort(MERGESORT.java:47)
	at java_programs.MERGESORT.mergesort(MERGESORT.java:47)
	at java_programs.MERGESORT.mergesort(MERGESORT.java:47)
	at java_programs.MERGESORT.mergesort(MERGESORT.java:47)
	at java_programs.MERGESORT.mergesort(MERGESORT.java:47)
	at java_programs.MERGESORT.mergesort(MERGESORT.java:47)
	at java_programs.MERGESORT.mergesort(MERGESORT.java:47)
	at java_programs.MERGESORT.mergesort(MERGESORT.java:47)
	at java_programs.MERGESORT.mergesort(MERGESORT.java:47)
	at java_programs.MERGESORT.mergesort(MERGESORT.java:47)
	at java_programs.MERGESORT.mergesort(MERGESORT.java:47)
	at java_programs.MERGESORT.mergesort(MERGESORT.java:47)
	at java_programs.MERGESORT.mergesort(MERGESORT.java:47)
	at java_programs.MERGESORT.mergesort(MERGESORT.java:47)
	at java_programs.MERGESORT.mergesort(MERGESORT.java:47)
	at java_programs.MERGESORT.mergesort(MERGESORT.java:47)
	at java_programs.MERGESORT.mergesort(MERGESORT.java:47)
	at java_programs.MERGESORT.mergesort(MERGESORT.java:47)
	at java_programs.MERGESORT.mergesort(MERGESORT.java:47)
	at java_programs.MERGESORT.mergesort(MERGESORT.java:47)
	at java_programs.MERGESORT.mergesort(MERGESORT.java:47)
	at java_programs.MERGESORT.mergesort(MERGESORT.java:47)
	at java_programs.MERGESORT.mergesort(MERGESORT.java:47)
	at java_programs.MERGESORT.mergesort(MERGESORT.java:47)
	at java_programs.MERGESORT.mergesort(MERGESORT.java:47)
	at java_programs.MERGESORT.mergesort(MERGESORT.java:47)
	at java_programs.MERGESORT.mergesort(MERGESORT.java:47)
	at java_programs.MERGESORT.mergesort(MERGESORT.java:47)
	at java_programs.MERGESORT.mergesort(MERGESORT.java:47)
	at java_programs.MERGESORT.mergesort(MERGESORT.java:47)
	at java_programs.MERGESORT.mergesort(MERGESORT.java:47)
	at java_programs.MERGESORT.mergesort(MERGESORT.java:47)
	at java_programs.MERGESORT.mergesort(MERGESORT.java:47)
	at java_programs.MERGESORT.mergesort(MERGESORT.java:47)
	at java_programs.MERGESORT.mergesort(MERGESORT.java:47)
	at java_programs.MERGESORT.mergesort(MERGESORT.java:47)
	at java_programs.MERGESORT.mergesort(MERGESORT.java:47)
	at java_programs.MERGESORT.mergesort(MERGESORT.java:47)
	at java_programs.MERGESORT.mergesort(MERGESORT.java:47)
	at java_programs.MERGESORT.mergesort(MERGESORT.java:47)
	at java_programs.MERGESORT.mergesort(MERGESORT.java:47)
	at java_programs.MERGESORT.mergesort(MERGESORT.java:47)
	at java_programs.MERGESORT.mergesort(MERGESORT.java:47)
	at java_programs.MERGESORT.mergesort(MERGESORT.java:47)
	at java_programs.MERGESORT.mergesort(MERGESORT.java:47)
	at java_programs.MERGESORT.mergesort(MERGESORT.java:47)
	at java_programs.MERGESORT.mergesort(MERGESORT.java:47)
	at java_programs.MERGESORT.mergesort(MERGESORT.java:47)
	at java_programs.MERGESORT.mergesort(MERGESORT.java:47)
	at java_programs.MERGESORT.mergesort(MERGESORT.java:47)
	at java_programs.MERGESORT.mergesort(MERGESORT.java:47)
	at java_programs.MERGESORT.mergesort(MERGESORT.java:47)
	at java_programs.MERGESORT.mergesort(MERGESORT.java:47)
	at java_programs.MERGESORT.mergesort(MERGESORT.java:47)
	at java_programs.MERGESORT.mergesort(MERGESORT.java:47)
	at java_programs.MERGESORT.mergesort(MERGESORT.java:47)
	at java_programs.MERGESORT.mergesort(MERGESORT.java:47)
	at java_programs.MERGESORT.mergesort(MERGESORT.java:47)
	at java_programs.MERGESORT.mergesort(MERGESORT.java:47)
	at java_programs.MERGESORT.mergesort(MERGESORT.java:47)
	at java_programs.MERGESORT.mergesort(MERGESORT.java:47)
	at java_programs.MERGESORT.mergesort(MERGESORT.java:47)
	at java_programs.MERGESORT.mergesort(MERGESORT.java:47)
	at java_programs.MERGESORT.mergesort(MERGESORT.java:47)
	at java_programs.MERGESORT.mergesort(MERGESORT.java:47)
	at java_programs.MERGESORT.mergesort(MERGESORT.java:47)
	at java_programs.MERGESORT.mergesort(MERGESORT.java:47)
	at java_programs.MERGESORT.mergesort(MERGESORT.java:47)
	at java_programs.MERGESORT.mergesort(MERGESORT.java:47)
	at java_programs.MERGESORT.mergesort(MERGESORT.java:47)
	at java_programs.MERGESORT.mergesort(MERGESORT.java:47)
	at java_programs.MERGESORT.mergesort(MERGESORT.java:47)
	at java_programs.MERGESORT.mergesort(MERGESORT.java:47)
	at java_programs.MERGESORT.mergesort(MERGESORT.java:47)
	at java_programs.MERGESORT.mergesort(MERGESORT.java:47)
	at java_programs.MERGESORT.mergesort(MERGESORT.java:47)
	at java_programs.MERGESORT.mergesort(MERGESORT.java:47)
	at java_programs.MERGESORT.mergesort(MERGESORT.java:47)
	at java_programs.MERGESORT.mergesort(MERGESORT.java:47)
	at java_programs.MERGESORT.mergesort(MERGESORT.java:47)
	at java_programs.MERGESORT.mergesort(MERGESORT.java:47)
	at java_programs.MERGESORT.mergesort(MERGESORT.java:47)
	at java_programs.MERGESORT.mergesort(MERGESORT.java:47)
	at java_programs.MERGESORT.mergesort(MERGESORT.java:47)
	at java_programs.MERGESORT.mergesort(MERGESORT.java:47)
	at java_programs.MERGESORT.mergesort(MERGESORT.java:47)
	at java_programs.MERGESORT.mergesort(MERGESORT.java:47)
	at java_programs.MERGESORT.mergesort(MERGESORT.java:47)
	at java_programs.MERGESORT.mergesort(MERGESORT.java:47)
	at java_programs.MERGESORT.mergesort(MERGESORT.java:47)
	at java_programs.MERGESORT.mergesort(MERGESORT.java:47)
	at java_programs.MERGESORT.mergesort(MERGESORT.java:47)
	at java_programs.MERGESORT.mergesort(MERGESORT.java:47)
	at java_programs.MERGESORT.mergesort(MERGESORT.java:47)
	at java_programs.MERGESORT.mergesort(MERGESORT.java:47)
	at java_programs.MERGESORT.mergesort(MERGESORT.java:47)
	at java_programs.MERGESORT.mergesort(MERGESORT.java:47)
	at java_programs.MERGESORT.mergesort(MERGESORT.java:47)
	at java_programs.MERGESORT.mergesort(MERGESORT.java:47)
	at java_programs.MERGESORT.mergesort(MERGESORT.java:47)
	at java_programs.MERGESORT.mergesort(MERGESORT.java:47)
	at java_programs.MERGESORT.mergesort(MERGESORT.java:47)
	at java_programs.MERGESORT.mergesort(MERGESORT.java:47)
	at java_programs.MERGESORT.mergesort(MERGESORT.java:47)
	at java_programs.MERGESORT.mergesort(MERGESORT.java:47)
	at java_programs.MERGESORT.mergesort(MERGESORT.java:47)
	at java_programs.MERGESORT.mergesort(MERGESORT.java:47)
	at java_programs.MERGESORT.mergesort(MERGESORT.java:47)
	at java_programs.MERGESORT.mergesort(MERGESORT.java:47)
	at java_programs.MERGESORT.mergesort(MERGESORT.java:47)
	at java_programs.MERGESORT.mergesort(MERGESORT.java:47)
	at java_programs.MERGESORT.mergesort(MERGESORT.java:47)
	at java_programs.MERGESORT.mergesort(MERGESORT.java:47)
	at java_programs.MERGESORT.mergesort(MERGESORT.java:47)
	at java_programs.MERGESORT.mergesort(MERGESORT.java:47)
	at java_programs.MERGESORT.mergesort(MERGESORT.java:47)
	at java_programs.MERGESORT.mergesort(MERGESORT.java:47)
	at java_programs.MERGESORT.mergesort(MERGESORT.java:47)
	at java_programs.MERGESORT.mergesort(MERGESORT.java:47)
	at java_programs.MERGESORT.mergesort(MERGESORT.java:47)
	at java_programs.MERGESORT.mergesort(MERGESORT.java:47)
	at java_programs.MERGESORT.mergesort(MERGESORT.java:47)
	at java_programs.MERGESORT.mergesort(MERGESORT.java:47)
	at java_programs.MERGESORT.mergesort(MERGESORT.java:47)
	at java_programs.MERGESORT.mergesort(MERGESORT.java:47)
	at java_programs.MERGESORT.mergesort(MERGESORT.java:47)
	at java_programs.MERGESORT.mergesort(MERGESORT.java:47)
	at java_programs.MERGESORT.mergesort(MERGESORT.java:47)
	at java_programs.MERGESORT.mergesort(MERGESORT.java:47)
	at java_programs.MERGESORT.mergesort(MERGESORT.java:47)
	at java_programs.MERGESORT.mergesort(MERGESORT.java:47)
	at java_programs.MERGESORT.mergesort(MERGESORT.java:47)
	at java_programs.MERGESORT.mergesort(MERGESORT.java:47)
	at java_programs.MERGESORT.mergesort(MERGESORT.java:47)
	at java_programs.MERGESORT.mergesort(MERGESORT.java:47)
	at java_programs.MERGESORT.mergesort(MERGESORT.java:47)
	at java_programs.MERGESORT.mergesort(MERGESORT.java:47)
	at java_programs.MERGESORT.mergesort(MERGESORT.java:47)
	at java_programs.MERGESORT.mergesort(MERGESORT.java:47)
	at java_programs.MERGESORT.mergesort(MERGESORT.java:47)
	at java_programs.MERGESORT.mergesort(MERGESORT.java:47)
	at java_programs.MERGESORT.mergesort(MERGESORT.java:47)
	at java_programs.MERGESORT.mergesort(MERGESORT.java:47)
	at java_programs.MERGESORT.mergesort(MERGESORT.java:47)
	at java_programs.MERGESORT.mergesort(MERGESORT.java:47)
	at java_programs.MERGESORT.mergesort(MERGESORT.java:47)
	at java_programs.MERGESORT.mergesort(MERGESORT.java:47)
	at java_programs.MERGESORT.mergesort(MERGESORT.java:47)
	at java_programs.MERGESORT.mergesort(MERGESORT.java:47)
	at java_programs.MERGESORT.mergesort(MERGESORT.java:47)
	at java_programs.MERGESORT.mergesort(MERGESORT.java:47)
	at java_programs.MERGESORT.mergesort(MERGESORT.java:47)
	at java_programs.MERGESORT.mergesort(MERGESORT.java:47)
	at java_programs.MERGESORT.mergesort(MERGESORT.java:47)
	at java_programs.MERGESORT.mergesort(MERGESORT.java:47)
	at java_programs.MERGESORT.mergesort(MERGESORT.java:47)
	at java_programs.MERGESORT.mergesort(MERGESORT.java:47)
	at java_programs.MERGESORT.mergesort(MERGESORT.java:47)
	at java_programs.MERGESORT.mergesort(MERGESORT.java:47)
	at java_programs.MERGESORT.mergesort(MERGESORT.java:47)
	at java_programs.MERGESORT.mergesort(MERGESORT.java:47)
	at java_programs.MERGESORT.mergesort(MERGESORT.java:47)
	at java_programs.MERGESORT.mergesort(MERGESORT.java:47)
	at java_programs.MERGESORT.mergesort(MERGESORT.java:47)
	at java_programs.MERGESORT.mergesort(MERGESORT.java:47)
	at java_programs.MERGESORT.mergesort(MERGESORT.java:47)
	at java_programs.MERGESORT.mergesort(MERGESORT.java:47)
	at java_programs.MERGESORT.mergesort(MERGESORT.java:47)
	at java_programs.MERGESORT.mergesort(MERGESORT.java:47)
	at java_programs.MERGESORT.mergesort(MERGESORT.java:47)
	at java_programs.MERGESORT.mergesort(MERGESORT.java:47)
	at java_programs.MERGESORT.mergesort(MERGESORT.java:47)
	at java_programs.MERGESORT.mergesort(MERGESORT.java:47)
	at java_programs.MERGESORT.mergesort(MERGESORT.java:47)
	at java_programs.MERGESORT.mergesort(MERGESORT.java:47)
	at java_programs.MERGESORT.mergesort(MERGESORT.java:47)
	at java_programs.MERGESORT.mergesort(MERGESORT.java:47)
	at java_programs.MERGESORT.mergesort(MERGESORT.java:47)
	at java_programs.MERGESORT.mergesort(MERGESORT.java:47)
	at java_programs.MERGESORT.mergesort(MERGESORT.java:47)
	at java_programs.MERGESORT.mergesort(MERGESORT.java:47)
	at java_programs.MERGESORT.mergesort(MERGESORT.java:47)
	at java_programs.MERGESORT.mergesort(MERGESORT.java:47)
	at java_programs.MERGESORT.mergesort(MERGESORT.java:47)
	at java_programs.MERGESORT.mergesort(MERGESORT.java:47)
	at java_programs.MERGESORT.mergesort(MERGESORT.java:47)
	at java_programs.MERGESORT.mergesort(MERGESORT.java:47)
	at java_programs.MERGESORT.mergesort(MERGESORT.java:47)
	at java_programs.MERGESORT.mergesort(MERGESORT.java:47)
	at java_programs.MERGESORT.mergesort(MERGESORT.java:47)
	at java_programs.MERGESORT.mergesort(MERGESORT.java:47)
	at java_programs.MERGESORT.mergesort(MERGESORT.java:47)
	at java_programs.MERGESORT.mergesort(MERGESORT.java:47)
	at java_programs.MERGESORT.mergesort(MERGESORT.java:47)
	at java_programs.MERGESORT.mergesort(MERGESORT.java:47)
	at java_programs.MERGESORT.mergesort(MERGESORT.java:47)
	at java_programs.MERGESORT.mergesort(MERGESORT.java:47)
	at java_programs.MERGESORT.mergesort(MERGESORT.java:47)
	at java_programs.MERGESORT.mergesort(MERGESORT.java:47)
	at java_programs.MERGESORT.mergesort(MERGESORT.java:47)
	at java_programs.MERGESORT.mergesort(MERGESORT.java:47)
	at java_programs.MERGESORT.mergesort(MERGESORT.java:47)
	at java_programs.MERGESORT.mergesort(MERGESORT.java:47)
</failure>
  </testcase>
  <testcase name="test_2()" classname="test.java.MERGESORT_TEST" time="0.003">
    <failure message="java.lang.StackOverflowError" type="java.lang.StackOverflowError">java.lang.StackOverflowError
	at java_programs.MERGESORT.mergesort(MERGESORT.java:42)
	at java_programs.MERGESORT.mergesort(MERGESORT.java:47)
	at java_programs.MERGESORT.mergesort(MERGESORT.java:47)
	at java_programs.MERGESORT.mergesort(MERGESORT.java:47)
	at java_programs.MERGESORT.mergesort(MERGESORT.java:47)
	at java_programs.MERGESORT.mergesort(MERGESORT.java:47)
	at java_programs.MERGESORT.mergesort(MERGESORT.java:47)
	at java_programs.MERGESORT.mergesort(MERGESORT.java:47)
	at java_programs.MERGESORT.mergesort(MERGESORT.java:47)
	at java_programs.MERGESORT.mergesort(MERGESORT.java:47)
	at java_programs.MERGESORT.mergesort(MERGESORT.java:47)
	at java_programs.MERGESORT.mergesort(MERGESORT.java:47)
	at java_programs.MERGESORT.mergesort(MERGESORT.java:47)
	at java_programs.MERGESORT.mergesort(MERGESORT.java:47)
	at java_programs.MERGESORT.mergesort(MERGESORT.java:47)
	at java_programs.MERGESORT.mergesort(MERGESORT.java:47)
	at java_programs.MERGESORT.mergesort(MERGESORT.java:47)
	at java_programs.MERGESORT.mergesort(MERGESORT.java:47)
	at java_programs.MERGESORT.mergesort(MERGESORT.java:47)
	at java_programs.MERGESORT.mergesort(MERGESORT.java:47)
	at java_programs.MERGESORT.mergesort(MERGESORT.java:47)
	at java_programs.MERGESORT.mergesort(MERGESORT.java:47)
	at java_programs.MERGESORT.mergesort(MERGESORT.java:47)
	at java_programs.MERGESORT.mergesort(MERGESORT.java:47)
	at java_programs.MERGESORT.mergesort(MERGESORT.java:47)
	at java_programs.MERGESORT.mergesort(MERGESORT.java:47)
	at java_programs.MERGESORT.mergesort(MERGESORT.java:47)
	at java_programs.MERGESORT.mergesort(MERGESORT.java:47)
	at java_programs.MERGESORT.mergesort(MERGESORT.java:47)
	at java_programs.MERGESORT.mergesort(MERGESORT.java:47)
	at java_programs.MERGESORT.mergesort(MERGESORT.java:47)
	at java_programs.MERGESORT.mergesort(MERGESORT.java:47)
	at java_programs.MERGESORT.mergesort(MERGESORT.java:47)
	at java_programs.MERGESORT.mergesort(MERGESORT.java:47)
	at java_programs.MERGESORT.mergesort(MERGESORT.java:47)
	at java_programs.MERGESORT.mergesort(MERGESORT.java:47)
	at java_programs.MERGESORT.mergesort(MERGESORT.java:47)
	at java_programs.MERGESORT.mergesort(MERGESORT.java:47)
	at java_programs.MERGESORT.mergesort(MERGESORT.java:47)
	at java_programs.MERGESORT.mergesort(MERGESORT.java:47)
	at java_programs.MERGESORT.mergesort(MERGESORT.java:47)
	at java_programs.MERGESORT.mergesort(MERGESORT.java:47)
	at java_programs.MERGESORT.mergesort(MERGESORT.java:47)
	at java_programs.MERGESORT.mergesort(MERGESORT.java:47)
	at java_programs.MERGESORT.mergesort(MERGESORT.java:47)
	at java_programs.MERGESORT.mergesort(MERGESORT.java:47)
	at java_programs.MERGESORT.mergesort(MERGESORT.java:47)
	at java_programs.MERGESORT.mergesort(MERGESORT.java:47)
	at java_programs.MERGESORT.mergesort(MERGESORT.java:47)
	at java_programs.MERGESORT.mergesort(MERGESORT.java:47)
	at java_programs.MERGESORT.mergesort(MERGESORT.java:47)
	at java_programs.MERGESORT.mergesort(MERGESORT.java:47)
	at java_programs.MERGESORT.mergesort(MERGESORT.java:47)
	at java_programs.MERGESORT.mergesort(MERGESORT.java:47)
	at java_programs.MERGESORT.mergesort(MERGESORT.java:47)
	at java_programs.MERGESORT.mergesort(MERGESORT.java:47)
	at java_programs.MERGESORT.mergesort(MERGESORT.java:47)
	at java_programs.MERGESORT.mergesort(MERGESORT.java:47)
	at java_programs.MERGESORT.mergesort(MERGESORT.java:47)
	at java_programs.MERGESORT.mergesort(MERGESORT.java:47)
	at java_programs.MERGESORT.mergesort(MERGESORT.java:47)
	at java_programs.MERGESORT.mergesort(MERGESORT.java:47)
	at java_programs.MERGESORT.mergesort(MERGESORT.java:47)
	at java_programs.MERGESORT.mergesort(MERGESORT.java:47)
	at java_programs.MERGESORT.mergesort(MERGESORT.java:47)
	at java_programs.MERGESORT.mergesort(MERGESORT.java:47)
	at java_programs.MERGESORT.mergesort(MERGESORT.java:47)
	at java_programs.MERGESORT.mergesort(MERGESORT.java:47)
	at java_programs.MERGESORT.mergesort(MERGESORT.java:47)
	at java_programs.MERGESORT.mergesort(MERGESORT.java:47)
	at java_programs.MERGESORT.mergesort(MERGESORT.java:47)
	at java_programs.MERGESORT.mergesort(MERGESORT.java:47)
	at java_programs.MERGESORT.mergesort(MERGESORT.java:47)
	at java_programs.MERGESORT.mergesort(MERGESORT.java:47)
	at java_programs.MERGESORT.mergesort(MERGESORT.java:47)
	at java_programs.MERGESORT.mergesort(MERGESORT.java:47)
	at java_programs.MERGESORT.mergesort(MERGESORT.java:47)
	at java_programs.MERGESORT.mergesort(MERGESORT.java:47)
	at java_programs.MERGESORT.mergesort(MERGESORT.java:47)
	at java_programs.MERGESORT.mergesort(MERGESORT.java:47)
	at java_programs.MERGESORT.mergesort(MERGESORT.java:47)
	at java_programs.MERGESORT.mergesort(MERGESORT.java:47)
	at java_programs.MERGESORT.mergesort(MERGESORT.java:47)
	at java_programs.MERGESORT.mergesort(MERGESORT.java:47)
	at java_programs.MERGESORT.mergesort(MERGESORT.java:47)
	at java_programs.MERGESORT.mergesort(MERGESORT.java:47)
	at java_programs.MERGESORT.mergesort(MERGESORT.java:47)
	at java_programs.MERGESORT.mergesort(MERGESORT.java:47)
	at java_programs.MERGESORT.mergesort(MERGESORT.java:47)
	at java_programs.MERGESORT.mergesort(MERGESORT.java:47)
	at java_programs.MERGESORT.mergesort(MERGESORT.java:47)
	at java_programs.MERGESORT.mergesort(MERGESORT.java:47)
	at java_programs.MERGESORT.mergesort(MERGESORT.java:47)
	at java_programs.MERGESORT.mergesort(MERGESORT.java:47)
	at java_programs.MERGESORT.mergesort(MERGESORT.java:47)
	at java_programs.MERGESORT.mergesort(MERGESORT.java:47)
	at java_programs.MERGESORT.mergesort(MERGESORT.java:47)
	at java_programs.MERGESORT.mergesort(MERGESORT.java:47)
	at java_programs.MERGESORT.mergesort(MERGESORT.java:47)
	at java_programs.MERGESORT.mergesort(MERGESORT.java:47)
	at java_programs.MERGESORT.mergesort(MERGESORT.java:47)
	at java_programs.MERGESORT.mergesort(MERGESORT.java:47)
	at java_programs.MERGESORT.mergesort(MERGESORT.java:47)
	at java_programs.MERGESORT.mergesort(MERGESORT.java:47)
	at java_programs.MERGESORT.mergesort(MERGESORT.java:47)
	at java_programs.MERGESORT.mergesort(MERGESORT.java:47)
	at java_programs.MERGESORT.mergesort(MERGESORT.java:47)
	at java_programs.MERGESORT.mergesort(MERGESORT.java:47)
	at java_programs.MERGESORT.mergesort(MERGESORT.java:47)
	at java_programs.MERGESORT.mergesort(MERGESORT.java:47)
	at java_programs.MERGESORT.mergesort(MERGESORT.java:47)
	at java_programs.MERGESORT.mergesort(MERGESORT.java:47)
	at java_programs.MERGESORT.mergesort(MERGESORT.java:47)
	at java_programs.MERGESORT.mergesort(MERGESORT.java:47)
	at java_programs.MERGESORT.mergesort(MERGESORT.java:47)
	at java_programs.MERGESORT.mergesort(MERGESORT.java:47)
	at java_programs.MERGESORT.mergesort(MERGESORT.java:47)
	at java_programs.MERGESORT.mergesort(MERGESORT.java:47)
	at java_programs.MERGESORT.mergesort(MERGESORT.java:47)
	at java_programs.MERGESORT.mergesort(MERGESORT.java:47)
	at java_programs.MERGESORT.mergesort(MERGESORT.java:47)
	at java_programs.MERGESORT.mergesort(MERGESORT.java:47)
	at java_programs.MERGESORT.mergesort(MERGESORT.java:47)
	at java_programs.MERGESORT.mergesort(MERGESORT.java:47)
	at java_programs.MERGESORT.mergesort(MERGESORT.java:47)
	at java_programs.MERGESORT.mergesort(MERGESORT.java:47)
	at java_programs.MERGESORT.mergesort(MERGESORT.java:47)
	at java_programs.MERGESORT.mergesort(MERGESORT.java:47)
	at java_programs.MERGESORT.mergesort(MERGESORT.java:47)
	at java_programs.MERGESORT.mergesort(MERGESORT.java:47)
	at java_programs.MERGESORT.mergesort(MERGESORT.java:47)
	at java_programs.MERGESORT.mergesort(MERGESORT.java:47)
	at java_programs.MERGESORT.mergesort(MERGESORT.java:47)
	at java_programs.MERGESORT.mergesort(MERGESORT.java:47)
	at java_programs.MERGESORT.mergesort(MERGESORT.java:47)
	at java_programs.MERGESORT.mergesort(MERGESORT.java:47)
	at java_programs.MERGESORT.mergesort(MERGESORT.java:47)
	at java_programs.MERGESORT.mergesort(MERGESORT.java:47)
	at java_programs.MERGESORT.mergesort(MERGESORT.java:47)
	at java_programs.MERGESORT.mergesort(MERGESORT.java:47)
	at java_programs.MERGESORT.mergesort(MERGESORT.java:47)
	at java_programs.MERGESORT.mergesort(MERGESORT.java:47)
	at java_programs.MERGESORT.mergesort(MERGESORT.java:47)
	at java_programs.MERGESORT.mergesort(MERGESORT.java:47)
	at java_programs.MERGESORT.mergesort(MERGESORT.java:47)
	at java_programs.MERGESORT.mergesort(MERGESORT.java:47)
	at java_programs.MERGESORT.mergesort(MERGESORT.java:47)
	at java_programs.MERGESORT.mergesort(MERGESORT.java:47)
	at java_programs.MERGESORT.mergesort(MERGESORT.java:47)
	at java_programs.MERGESORT.mergesort(MERGESORT.java:47)
	at java_programs.MERGESORT.mergesort(MERGESORT.java:47)
	at java_programs.MERGESORT.mergesort(MERGESORT.java:47)
	at java_programs.MERGESORT.mergesort(MERGESORT.java:47)
	at java_programs.MERGESORT.mergesort(MERGESORT.java:47)
	at java_programs.MERGESORT.mergesort(MERGESORT.java:47)
	at java_programs.MERGESORT.mergesort(MERGESORT.java:47)
	at java_programs.MERGESORT.mergesort(MERGESORT.java:47)
	at java_programs.MERGESORT.mergesort(MERGESORT.java:47)
	at java_programs.MERGESORT.mergesort(MERGESORT.java:47)
	at java_programs.MERGESORT.mergesort(MERGESORT.java:47)
	at java_programs.MERGESORT.mergesort(MERGESORT.java:47)
	at java_programs.MERGESORT.mergesort(MERGESORT.java:47)
	at java_programs.MERGESORT.mergesort(MERGESORT.java:47)
	at java_programs.MERGESORT.mergesort(MERGESORT.java:47)
	at java_programs.MERGESORT.mergesort(MERGESORT.java:47)
	at java_programs.MERGESORT.mergesort(MERGESORT.java:47)
	at java_programs.MERGESORT.mergesort(MERGESORT.java:47)
	at java_programs.MERGESORT.mergesort(MERGESORT.java:47)
	at java_programs.MERGESORT.mergesort(MERGESORT.java:47)
	at java_programs.MERGESORT.mergesort(MERGESORT.java:47)
	at java_programs.MERGESORT.mergesort(MERGESORT.java:47)
	at java_programs.MERGESORT.mergesort(MERGESORT.java:47)
	at java_programs.MERGESORT.mergesort(MERGESORT.java:47)
	at java_programs.MERGESORT.mergesort(MERGESORT.java:47)
	at java_programs.MERGESORT.mergesort(MERGESORT.java:47)
	at java_programs.MERGESORT.mergesort(MERGESORT.java:47)
	at java_programs.MERGESORT.mergesort(MERGESORT.java:47)
	at java_programs.MERGESORT.mergesort(MERGESORT.java:47)
	at java_programs.MERGESORT.mergesort(MERGESORT.java:47)
	at java_programs.MERGESORT.mergesort(MERGESORT.java:47)
	at java_programs.MERGESORT.mergesort(MERGESORT.java:47)
	at java_programs.MERGESORT.mergesort(MERGESORT.java:47)
	at java_programs.MERGESORT.mergesort(MERGESORT.java:47)
	at java_programs.MERGESORT.mergesort(MERGESORT.java:47)
	at java_programs.MERGESORT.mergesort(MERGESORT.java:47)
	at java_programs.MERGESORT.mergesort(MERGESORT.java:47)
	at java_programs.MERGESORT.mergesort(MERGESORT.java:47)
	at java_programs.MERGESORT.mergesort(MERGESORT.java:47)
	at java_programs.MERGESORT.mergesort(MERGESORT.java:47)
	at java_programs.MERGESORT.mergesort(MERGESORT.java:47)
	at java_programs.MERGESORT.mergesort(MERGESORT.java:47)
	at java_programs.MERGESORT.mergesort(MERGESORT.java:47)
	at java_programs.MERGESORT.mergesort(MERGESORT.java:47)
	at java_programs.MERGESORT.mergesort(MERGESORT.java:47)
	at java_programs.MERGESORT.mergesort(MERGESORT.java:47)
	at java_programs.MERGESORT.mergesort(MERGESORT.java:47)
	at java_programs.MERGESORT.mergesort(MERGESORT.java:47)
	at java_programs.MERGESORT.mergesort(MERGESORT.java:47)
	at java_programs.MERGESORT.mergesort(MERGESORT.java:47)
	at java_programs.MERGESORT.mergesort(MERGESORT.java:47)
	at java_programs.MERGESORT.mergesort(MERGESORT.java:47)
	at java_programs.MERGESORT.mergesort(MERGESORT.java:47)
	at java_programs.MERGESORT.mergesort(MERGESORT.java:47)
	at java_programs.MERGESORT.mergesort(MERGESORT.java:47)
	at java_programs.MERGESORT.mergesort(MERGESORT.java:47)
	at java_programs.MERGESORT.mergesort(MERGESORT.java:47)
	at java_programs.MERGESORT.mergesort(MERGESORT.java:47)
	at java_programs.MERGESORT.mergesort(MERGESORT.java:47)
	at java_programs.MERGESORT.mergesort(MERGESORT.java:47)
	at java_programs.MERGESORT.mergesort(MERGESORT.java:47)
	at java_programs.MERGESORT.mergesort(MERGESORT.java:47)
	at java_programs.MERGESORT.mergesort(MERGESORT.java:47)
	at java_programs.MERGESORT.mergesort(MERGESORT.java:47)
	at java_programs.MERGESORT.mergesort(MERGESORT.java:47)
	at java_programs.MERGESORT.mergesort(MERGESORT.java:47)
	at java_programs.MERGESORT.mergesort(MERGESORT.java:47)
	at java_programs.MERGESORT.mergesort(MERGESORT.java:47)
	at java_programs.MERGESORT.mergesort(MERGESORT.java:47)
	at java_programs.MERGESORT.mergesort(MERGESORT.java:47)
	at java_programs.MERGESORT.mergesort(MERGESORT.java:47)
	at java_programs.MERGESORT.mergesort(MERGESORT.java:47)
	at java_programs.MERGESORT.mergesort(MERGESORT.java:47)
	at java_programs.MERGESORT.mergesort(MERGESORT.java:47)
	at java_programs.MERGESORT.mergesort(MERGESORT.java:47)
	at java_programs.MERGESORT.mergesort(MERGESORT.java:47)
	at java_programs.MERGESORT.mergesort(MERGESORT.java:47)
	at java_programs.MERGESORT.mergesort(MERGESORT.java:47)
	at java_programs.MERGESORT.mergesort(MERGESORT.java:47)
	at java_programs.MERGESORT.mergesort(MERGESORT.java:47)
	at java_programs.MERGESORT.mergesort(MERGESORT.java:47)
	at java_programs.MERGESORT.mergesort(MERGESORT.java:47)
	at java_programs.MERGESORT.mergesort(MERGESORT.java:47)
	at java_programs.MERGESORT.mergesort(MERGESORT.java:47)
	at java_programs.MERGESORT.mergesort(MERGESORT.java:47)
	at java_programs.MERGESORT.mergesort(MERGESORT.java:47)
	at java_programs.MERGESORT.mergesort(MERGESORT.java:47)
	at java_programs.MERGESORT.mergesort(MERGESORT.java:47)
	at java_programs.MERGESORT.mergesort(MERGESORT.java:47)
	at java_programs.MERGESORT.mergesort(MERGESORT.java:47)
	at java_programs.MERGESORT.mergesort(MERGESORT.java:47)
	at java_programs.MERGESORT.mergesort(MERGESORT.java:47)
	at java_programs.MERGESORT.mergesort(MERGESORT.java:47)
	at java_programs.MERGESORT.mergesort(MERGESORT.java:47)
	at java_programs.MERGESORT.mergesort(MERGESORT.java:47)
	at java_programs.MERGESORT.mergesort(MERGESORT.java:47)
	at java_programs.MERGESORT.mergesort(MERGESORT.java:47)
	at java_programs.MERGESORT.mergesort(MERGESORT.java:47)
	at java_programs.MERGESORT.mergesort(MERGESORT.java:47)
	at java_programs.MERGESORT.mergesort(MERGESORT.java:47)
	at java_programs.MERGESORT.mergesort(MERGESORT.java:47)
	at java_programs.MERGESORT.mergesort(MERGESORT.java:47)
	at java_programs.MERGESORT.mergesort(MERGESORT.java:47)
	at java_programs.MERGESORT.mergesort(MERGESORT.java:47)
	at java_programs.MERGESORT.mergesort(MERGESORT.java:47)
	at java_programs.MERGESORT.mergesort(MERGESORT.java:47)
	at java_programs.MERGESORT.mergesort(MERGESORT.java:47)
	at java_programs.MERGESORT.mergesort(MERGESORT.java:47)
	at java_programs.MERGESORT.mergesort(MERGESORT.java:47)
	at java_programs.MERGESORT.mergesort(MERGESORT.java:47)
	at java_programs.MERGESORT.mergesort(MERGESORT.java:47)
	at java_programs.MERGESORT.mergesort(MERGESORT.java:47)
	at java_programs.MERGESORT.mergesort(MERGESORT.java:47)
	at java_programs.MERGESORT.mergesort(MERGESORT.java:47)
	at java_programs.MERGESORT.mergesort(MERGESORT.java:47)
	at java_programs.MERGESORT.mergesort(MERGESORT.java:47)
	at java_programs.MERGESORT.mergesort(MERGESORT.java:47)
	at java_programs.MERGESORT.mergesort(MERGESORT.java:47)
	at java_programs.MERGESORT.mergesort(MERGESORT.java:47)
	at java_programs.MERGESORT.mergesort(MERGESORT.java:47)
	at java_programs.MERGESORT.mergesort(MERGESORT.java:47)
	at java_programs.MERGESORT.mergesort(MERGESORT.java:47)
	at java_programs.MERGESORT.mergesort(MERGESORT.java:47)
	at java_programs.MERGESORT.mergesort(MERGESORT.java:47)
	at java_programs.MERGESORT.mergesort(MERGESORT.java:47)
	at java_programs.MERGESORT.mergesort(MERGESORT.java:47)
	at java_programs.MERGESORT.mergesort(MERGESORT.java:47)
	at java_programs.MERGESORT.mergesort(MERGESORT.java:47)
	at java_programs.MERGESORT.mergesort(MERGESORT.java:47)
	at java_programs.MERGESORT.mergesort(MERGESORT.java:47)
	at java_programs.MERGESORT.mergesort(MERGESORT.java:47)
	at java_programs.MERGESORT.mergesort(MERGESORT.java:47)
	at java_programs.MERGESORT.mergesort(MERGESORT.java:47)
	at java_programs.MERGESORT.mergesort(MERGESORT.java:47)
	at java_programs.MERGESORT.mergesort(MERGESORT.java:47)
	at java_programs.MERGESORT.mergesort(MERGESORT.java:47)
	at java_programs.MERGESORT.mergesort(MERGESORT.java:47)
	at java_programs.MERGESORT.mergesort(MERGESORT.java:47)
	at java_programs.MERGESORT.mergesort(MERGESORT.java:47)
	at java_programs.MERGESORT.mergesort(MERGESORT.java:47)
	at java_programs.MERGESORT.mergesort(MERGESORT.java:47)
	at java_programs.MERGESORT.mergesort(MERGESORT.java:47)
	at java_programs.MERGESORT.mergesort(MERGESORT.java:47)
	at java_programs.MERGESORT.mergesort(MERGESORT.java:47)
	at java_programs.MERGESORT.mergesort(MERGESORT.java:47)
	at java_programs.MERGESORT.mergesort(MERGESORT.java:47)
	at java_programs.MERGESORT.mergesort(MERGESORT.java:47)
	at java_programs.MERGESORT.mergesort(MERGESORT.java:47)
	at java_programs.MERGESORT.mergesort(MERGESORT.java:47)
	at java_programs.MERGESORT.mergesort(MERGESORT.java:47)
	at java_programs.MERGESORT.mergesort(MERGESORT.java:47)
	at java_programs.MERGESORT.mergesort(MERGESORT.java:47)
	at java_programs.MERGESORT.mergesort(MERGESORT.java:47)
	at java_programs.MERGESORT.mergesort(MERGESORT.java:47)
	at java_programs.MERGESORT.mergesort(MERGESORT.java:47)
	at java_programs.MERGESORT.mergesort(MERGESORT.java:47)
	at java_programs.MERGESORT.mergesort(MERGESORT.java:47)
	at java_programs.MERGESORT.mergesort(MERGESORT.java:47)
	at java_programs.MERGESORT.mergesort(MERGESORT.java:47)
	at java_programs.MERGESORT.mergesort(MERGESORT.java:47)
	at java_programs.MERGESORT.mergesort(MERGESORT.java:47)
	at java_programs.MERGESORT.mergesort(MERGESORT.java:47)
	at java_programs.MERGESORT.mergesort(MERGESORT.java:47)
	at java_programs.MERGESORT.mergesort(MERGESORT.java:47)
	at java_programs.MERGESORT.mergesort(MERGESORT.java:47)
	at java_programs.MERGESORT.mergesort(MERGESORT.java:47)
	at java_programs.MERGESORT.mergesort(MERGESORT.java:47)
	at java_programs.MERGESORT.mergesort(MERGESORT.java:47)
	at java_programs.MERGESORT.mergesort(MERGESORT.java:47)
	at java_programs.MERGESORT.mergesort(MERGESORT.java:47)
	at java_programs.MERGESORT.mergesort(MERGESORT.java:47)
	at java_programs.MERGESORT.mergesort(MERGESORT.java:47)
	at java_programs.MERGESORT.mergesort(MERGESORT.java:47)
	at java_programs.MERGESORT.mergesort(MERGESORT.java:47)
	at java_programs.MERGESORT.mergesort(MERGESORT.java:47)
	at java_programs.MERGESORT.mergesort(MERGESORT.java:47)
	at java_programs.MERGESORT.mergesort(MERGESORT.java:47)
	at java_programs.MERGESORT.mergesort(MERGESORT.java:47)
	at java_programs.MERGESORT.mergesort(MERGESORT.java:47)
	at java_programs.MERGESORT.mergesort(MERGESORT.java:47)
	at java_programs.MERGESORT.mergesort(MERGESORT.java:47)
	at java_programs.MERGESORT.mergesort(MERGESORT.java:47)
	at java_programs.MERGESORT.mergesort(MERGESORT.java:47)
	at java_programs.MERGESORT.mergesort(MERGESORT.java:47)
	at java_programs.MERGESORT.mergesort(MERGESORT.java:47)
	at java_programs.MERGESORT.mergesort(MERGESORT.java:47)
	at java_programs.MERGESORT.mergesort(MERGESORT.java:47)
	at java_programs.MERGESORT.mergesort(MERGESORT.java:47)
	at java_programs.MERGESORT.mergesort(MERGESORT.java:47)
	at java_programs.MERGESORT.mergesort(MERGESORT.java:47)
	at java_programs.MERGESORT.mergesort(MERGESORT.java:47)
	at java_programs.MERGESORT.mergesort(MERGESORT.java:47)
	at java_programs.MERGESORT.mergesort(MERGESORT.java:47)
	at java_programs.MERGESORT.mergesort(MERGESORT.java:47)
	at java_programs.MERGESORT.mergesort(MERGESORT.java:47)
	at java_programs.MERGESORT.mergesort(MERGESORT.java:47)
	at java_programs.MERGESORT.mergesort(MERGESORT.java:47)
	at java_programs.MERGESORT.mergesort(MERGESORT.java:47)
	at java_programs.MERGESORT.mergesort(MERGESORT.java:47)
	at java_programs.MERGESORT.mergesort(MERGESORT.java:47)
	at java_programs.MERGESORT.mergesort(MERGESORT.java:47)
	at java_programs.MERGESORT.mergesort(MERGESORT.java:47)
	at java_programs.MERGESORT.mergesort(MERGESORT.java:47)
	at java_programs.MERGESORT.mergesort(MERGESORT.java:47)
	at java_programs.MERGESORT.mergesort(MERGESORT.java:47)
	at java_programs.MERGESORT.mergesort(MERGESORT.java:47)
	at java_programs.MERGESORT.mergesort(MERGESORT.java:47)
	at java_programs.MERGESORT.mergesort(MERGESORT.java:47)
	at java_programs.MERGESORT.mergesort(MERGESORT.java:47)
	at java_programs.MERGESORT.mergesort(MERGESORT.java:47)
	at java_programs.MERGESORT.mergesort(MERGESORT.java:47)
	at java_programs.MERGESORT.mergesort(MERGESORT.java:47)
	at java_programs.MERGESORT.mergesort(MERGESORT.java:47)
	at java_programs.MERGESORT.mergesort(MERGESORT.java:47)
	at java_programs.MERGESORT.mergesort(MERGESORT.java:47)
	at java_programs.MERGESORT.mergesort(MERGESORT.java:47)
	at java_programs.MERGESORT.mergesort(MERGESORT.java:47)
	at java_programs.MERGESORT.mergesort(MERGESORT.java:47)
	at java_programs.MERGESORT.mergesort(MERGESORT.java:47)
	at java_programs.MERGESORT.mergesort(MERGESORT.java:47)
	at java_programs.MERGESORT.mergesort(MERGESORT.java:47)
	at java_programs.MERGESORT.mergesort(MERGESORT.java:47)
	at java_programs.MERGESORT.mergesort(MERGESORT.java:47)
	at java_programs.MERGESORT.mergesort(MERGESORT.java:47)
	at java_programs.MERGESORT.mergesort(MERGESORT.java:47)
	at java_programs.MERGESORT.mergesort(MERGESORT.java:47)
	at java_programs.MERGESORT.mergesort(MERGESORT.java:47)
	at java_programs.MERGESORT.mergesort(MERGESORT.java:47)
	at java_programs.MERGESORT.mergesort(MERGESORT.java:47)
	at java_programs.MERGESORT.mergesort(MERGESORT.java:47)
	at java_programs.MERGESORT.mergesort(MERGESORT.java:47)
	at java_programs.MERGESORT.mergesort(MERGESORT.java:47)
	at java_programs.MERGESORT.mergesort(MERGESORT.java:47)
	at java_programs.MERGESORT.mergesort(MERGESORT.java:47)
	at java_programs.MERGESORT.mergesort(MERGESORT.java:47)
	at java_programs.MERGESORT.mergesort(MERGESORT.java:47)
	at java_programs.MERGESORT.mergesort(MERGESORT.java:47)
	at java_programs.MERGESORT.mergesort(MERGESORT.java:47)
	at java_programs.MERGESORT.mergesort(MERGESORT.java:47)
	at java_programs.MERGESORT.mergesort(MERGESORT.java:47)
	at java_programs.MERGESORT.mergesort(MERGESORT.java:47)
	at java_programs.MERGESORT.mergesort(MERGESORT.java:47)
	at java_programs.MERGESORT.mergesort(MERGESORT.java:47)
	at java_programs.MERGESORT.mergesort(MERGESORT.java:47)
	at java_programs.MERGESORT.mergesort(MERGESORT.java:47)
	at java_programs.MERGESORT.mergesort(MERGESORT.java:47)
	at java_programs.MERGESORT.mergesort(MERGESORT.java:47)
	at java_programs.MERGESORT.mergesort(MERGESORT.java:47)
	at java_programs.MERGESORT.mergesort(MERGESORT.java:47)
	at java_programs.MERGESORT.mergesort(MERGESORT.java:47)
	at java_programs.MERGESORT.mergesort(MERGESORT.java:47)
	at java_programs.MERGESORT.mergesort(MERGESORT.java:47)
	at java_programs.MERGESORT.mergesort(MERGESORT.java:47)
	at java_programs.MERGESORT.mergesort(MERGESORT.java:47)
	at java_programs.MERGESORT.mergesort(MERGESORT.java:47)
	at java_programs.MERGESORT.mergesort(MERGESORT.java:47)
	at java_programs.MERGESORT.mergesort(MERGESORT.java:47)
	at java_programs.MERGESORT.mergesort(MERGESORT.java:47)
	at java_programs.MERGESORT.mergesort(MERGESORT.java:47)
	at java_programs.MERGESORT.mergesort(MERGESORT.java:47)
	at java_programs.MERGESORT.mergesort(MERGESORT.java:47)
	at java_programs.MERGESORT.mergesort(MERGESORT.java:47)
	at java_programs.MERGESORT.mergesort(MERGESORT.java:47)
	at java_programs.MERGESORT.mergesort(MERGESORT.java:47)
	at java_programs.MERGESORT.mergesort(MERGESORT.java:47)
	at java_programs.MERGESORT.mergesort(MERGESORT.java:47)
	at java_programs.MERGESORT.mergesort(MERGESORT.java:47)
	at java_programs.MERGESORT.mergesort(MERGESORT.java:47)
	at java_programs.MERGESORT.mergesort(MERGESORT.java:47)
	at java_programs.MERGESORT.mergesort(MERGESORT.java:47)
	at java_programs.MERGESORT.mergesort(MERGESORT.java:47)
	at java_programs.MERGESORT.mergesort(MERGESORT.java:47)
	at java_programs.MERGESORT.mergesort(MERGESORT.java:47)
	at java_programs.MERGESORT.mergesort(MERGESORT.java:47)
	at java_programs.MERGESORT.mergesort(MERGESORT.java:47)
	at java_programs.MERGESORT.mergesort(MERGESORT.java:47)
	at java_programs.MERGESORT.mergesort(MERGESORT.java:47)
	at java_programs.MERGESORT.mergesort(MERGESORT.java:47)
	at java_programs.MERGESORT.mergesort(MERGESORT.java:47)
	at java_programs.MERGESORT.mergesort(MERGESORT.java:47)
	at java_programs.MERGESORT.mergesort(MERGESORT.java:47)
	at java_programs.MERGESORT.mergesort(MERGESORT.java:47)
	at java_programs.MERGESORT.mergesort(MERGESORT.java:47)
	at java_programs.MERGESORT.mergesort(MERGESORT.java:47)
	at java_programs.MERGESORT.mergesort(MERGESORT.java:47)
	at java_programs.MERGESORT.mergesort(MERGESORT.java:47)
	at java_programs.MERGESORT.mergesort(MERGESORT.java:47)
	at java_programs.MERGESORT.mergesort(MERGESORT.java:47)
	at java_programs.MERGESORT.mergesort(MERGESORT.java:47)
	at java_programs.MERGESORT.mergesort(MERGESORT.java:47)
	at java_programs.MERGESORT.mergesort(MERGESORT.java:47)
	at java_programs.MERGESORT.mergesort(MERGESORT.java:47)
	at java_programs.MERGESORT.mergesort(MERGESORT.java:47)
	at java_programs.MERGESORT.mergesort(MERGESORT.java:47)
	at java_programs.MERGESORT.mergesort(MERGESORT.java:47)
	at java_programs.MERGESORT.mergesort(MERGESORT.java:47)
	at java_programs.MERGESORT.mergesort(MERGESORT.java:47)
	at java_programs.MERGESORT.mergesort(MERGESORT.java:47)
	at java_programs.MERGESORT.mergesort(MERGESORT.java:47)
	at java_programs.MERGESORT.mergesort(MERGESORT.java:47)
	at java_programs.MERGESORT.mergesort(MERGESORT.java:47)
	at java_programs.MERGESORT.mergesort(MERGESORT.java:47)
	at java_programs.MERGESORT.mergesort(MERGESORT.java:47)
	at java_programs.MERGESORT.mergesort(MERGESORT.java:47)
	at java_programs.MERGESORT.mergesort(MERGESORT.java:47)
	at java_programs.MERGESORT.mergesort(MERGESORT.java:47)
	at java_programs.MERGESORT.mergesort(MERGESORT.java:47)
	at java_programs.MERGESORT.mergesort(MERGESORT.java:47)
	at java_programs.MERGESORT.mergesort(MERGESORT.java:47)
	at java_programs.MERGESORT.mergesort(MERGESORT.java:47)
	at java_programs.MERGESORT.mergesort(MERGESORT.java:47)
	at java_programs.MERGESORT.mergesort(MERGESORT.java:47)
	at java_programs.MERGESORT.mergesort(MERGESORT.java:47)
	at java_programs.MERGESORT.mergesort(MERGESORT.java:47)
	at java_programs.MERGESORT.mergesort(MERGESORT.java:47)
	at java_programs.MERGESORT.mergesort(MERGESORT.java:47)
	at java_programs.MERGESORT.mergesort(MERGESORT.java:47)
	at java_programs.MERGESORT.mergesort(MERGESORT.java:47)
	at java_programs.MERGESORT.mergesort(MERGESORT.java:47)
	at java_programs.MERGESORT.mergesort(MERGESORT.java:47)
	at java_programs.MERGESORT.mergesort(MERGESORT.java:47)
	at java_programs.MERGESORT.mergesort(MERGESORT.java:47)
	at java_programs.MERGESORT.mergesort(MERGESORT.java:47)
	at java_programs.MERGESORT.mergesort(MERGESORT.java:47)
	at java_programs.MERGESORT.mergesort(MERGESORT.java:47)
	at java_programs.MERGESORT.mergesort(MERGESORT.java:47)
	at java_programs.MERGESORT.mergesort(MERGESORT.java:47)
	at java_programs.MERGESORT.mergesort(MERGESORT.java:47)
	at java_programs.MERGESORT.mergesort(MERGESORT.java:47)
	at java_programs.MERGESORT.mergesort(MERGESORT.java:47)
	at java_programs.MERGESORT.mergesort(MERGESORT.java:47)
	at java_programs.MERGESORT.mergesort(MERGESORT.java:47)
	at java_programs.MERGESORT.mergesort(MERGESORT.java:47)
	at java_programs.MERGESORT.mergesort(MERGESORT.java:47)
	at java_programs.MERGESORT.mergesort(MERGESORT.java:47)
	at java_programs.MERGESORT.mergesort(MERGESORT.java:47)
	at java_programs.MERGESORT.mergesort(MERGESORT.java:47)
	at java_programs.MERGESORT.mergesort(MERGESORT.java:47)
	at java_programs.MERGESORT.mergesort(MERGESORT.java:47)
	at java_programs.MERGESORT.mergesort(MERGESORT.java:47)
	at java_programs.MERGESORT.mergesort(MERGESORT.java:47)
	at java_programs.MERGESORT.mergesort(MERGESORT.java:47)
	at java_programs.MERGESORT.mergesort(MERGESORT.java:47)
	at java_programs.MERGESORT.mergesort(MERGESORT.java:47)
	at java_programs.MERGESORT.mergesort(MERGESORT.java:47)
	at java_programs.MERGESORT.mergesort(MERGESORT.java:47)
	at java_programs.MERGESORT.mergesort(MERGESORT.java:47)
	at java_programs.MERGESORT.mergesort(MERGESORT.java:47)
	at java_programs.MERGESORT.mergesort(MERGESORT.java:47)
	at java_programs.MERGESORT.mergesort(MERGESORT.java:47)
	at java_programs.MERGESORT.mergesort(MERGESORT.java:47)
	at java_programs.MERGESORT.mergesort(MERGESORT.java:47)
	at java_programs.MERGESORT.mergesort(MERGESORT.java:47)
	at java_programs.MERGESORT.mergesort(MERGESORT.java:47)
	at java_programs.MERGESORT.mergesort(MERGESORT.java:47)
	at java_programs.MERGESORT.mergesort(MERGESORT.java:47)
	at java_programs.MERGESORT.mergesort(MERGESORT.java:47)
	at java_programs.MERGESORT.mergesort(MERGESORT.java:47)
	at java_programs.MERGESORT.mergesort(MERGESORT.java:47)
	at java_programs.MERGESORT.mergesort(MERGESORT.java:47)
	at java_programs.MERGESORT.mergesort(MERGESORT.java:47)
	at java_programs.MERGESORT.mergesort(MERGESORT.java:47)
	at java_programs.MERGESORT.mergesort(MERGESORT.java:47)
	at java_programs.MERGESORT.mergesort(MERGESORT.java:47)
	at java_programs.MERGESORT.mergesort(MERGESORT.java:47)
	at java_programs.MERGESORT.mergesort(MERGESORT.java:47)
	at java_programs.MERGESORT.mergesort(MERGESORT.java:47)
	at java_programs.MERGESORT.mergesort(MERGESORT.java:47)
	at java_programs.MERGESORT.mergesort(MERGESORT.java:47)
	at java_programs.MERGESORT.mergesort(MERGESORT.java:47)
	at java_programs.MERGESORT.mergesort(MERGESORT.java:47)
	at java_programs.MERGESORT.mergesort(MERGESORT.java:47)
	at java_programs.MERGESORT.mergesort(MERGESORT.java:47)
	at java_programs.MERGESORT.mergesort(MERGESORT.java:47)
	at java_programs.MERGESORT.mergesort(MERGESORT.java:47)
	at java_programs.MERGESORT.mergesort(MERGESORT.java:47)
	at java_programs.MERGESORT.mergesort(MERGESORT.java:47)
	at java_programs.MERGESORT.mergesort(MERGESORT.java:47)
	at java_programs.MERGESORT.mergesort(MERGESORT.java:47)
	at java_programs.MERGESORT.mergesort(MERGESORT.java:47)
	at java_programs.MERGESORT.mergesort(MERGESORT.java:47)
	at java_programs.MERGESORT.mergesort(MERGESORT.java:47)
	at java_programs.MERGESORT.mergesort(MERGESORT.java:47)
	at java_programs.MERGESORT.mergesort(MERGESORT.java:47)
	at java_programs.MERGESORT.mergesort(MERGESORT.java:47)
	at java_programs.MERGESORT.mergesort(MERGESORT.java:47)
	at java_programs.MERGESORT.mergesort(MERGESORT.java:47)
	at java_programs.MERGESORT.mergesort(MERGESORT.java:47)
	at java_programs.MERGESORT.mergesort(MERGESORT.java:47)
	at java_programs.MERGESORT.mergesort(MERGESORT.java:47)
	at java_programs.MERGESORT.mergesort(MERGESORT.java:47)
	at java_programs.MERGESORT.mergesort(MERGESORT.java:47)
	at java_programs.MERGESORT.mergesort(MERGESORT.java:47)
	at java_programs.MERGESORT.mergesort(MERGESORT.java:47)
	at java_programs.MERGESORT.mergesort(MERGESORT.java:47)
	at java_programs.MERGESORT.mergesort(MERGESORT.java:47)
	at java_programs.MERGESORT.mergesort(MERGESORT.java:47)
	at java_programs.MERGESORT.mergesort(MERGESORT.java:47)
	at java_programs.MERGESORT.mergesort(MERGESORT.java:47)
	at java_programs.MERGESORT.mergesort(MERGESORT.java:47)
	at java_programs.MERGESORT.mergesort(MERGESORT.java:47)
	at java_programs.MERGESORT.mergesort(MERGESORT.java:47)
	at java_programs.MERGESORT.mergesort(MERGESORT.java:47)
	at java_programs.MERGESORT.mergesort(MERGESORT.java:47)
	at java_programs.MERGESORT.mergesort(MERGESORT.java:47)
	at java_programs.MERGESORT.mergesort(MERGESORT.java:47)
	at java_programs.MERGESORT.mergesort(MERGESORT.java:47)
	at java_programs.MERGESORT.mergesort(MERGESORT.java:47)
	at java_programs.MERGESORT.mergesort(MERGESORT.java:47)
	at java_programs.MERGESORT.mergesort(MERGESORT.java:47)
	at java_programs.MERGESORT.mergesort(MERGESORT.java:47)
	at java_programs.MERGESORT.mergesort(MERGESORT.java:47)
	at java_programs.MERGESORT.mergesort(MERGESORT.java:47)
	at java_programs.MERGESORT.mergesort(MERGESORT.java:47)
	at java_programs.MERGESORT.mergesort(MERGESORT.java:47)
	at java_programs.MERGESORT.mergesort(MERGESORT.java:47)
	at java_programs.MERGESORT.mergesort(MERGESORT.java:47)
	at java_programs.MERGESORT.mergesort(MERGESORT.java:47)
	at java_programs.MERGESORT.mergesort(MERGESORT.java:47)
	at java_programs.MERGESORT.mergesort(MERGESORT.java:47)
	at java_programs.MERGESORT.mergesort(MERGESORT.java:47)
	at java_programs.MERGESORT.mergesort(MERGESORT.java:47)
	at java_programs.MERGESORT.mergesort(MERGESORT.java:47)
	at java_programs.MERGESORT.mergesort(MERGESORT.java:47)
	at java_programs.MERGESORT.mergesort(MERGESORT.java:47)
	at java_programs.MERGESORT.mergesort(MERGESORT.java:47)
	at java_programs.MERGESORT.mergesort(MERGESORT.java:47)
	at java_programs.MERGESORT.mergesort(MERGESORT.java:47)
	at java_programs.MERGESORT.mergesort(MERGESORT.java:47)
	at java_programs.MERGESORT.mergesort(MERGESORT.java:47)
	at java_programs.MERGESORT.mergesort(MERGESORT.java:47)
	at java_programs.MERGESORT.mergesort(MERGESORT.java:47)
	at java_programs.MERGESORT.mergesort(MERGESORT.java:47)
	at java_programs.MERGESORT.mergesort(MERGESORT.java:47)
	at java_programs.MERGESORT.mergesort(MERGESORT.java:47)
	at java_programs.MERGESORT.mergesort(MERGESORT.java:47)
	at java_programs.MERGESORT.mergesort(MERGESORT.java:47)
	at java_programs.MERGESORT.mergesort(MERGESORT.java:47)
	at java_programs.MERGESORT.mergesort(MERGESORT.java:47)
	at java_programs.MERGESORT.mergesort(MERGESORT.java:47)
	at java_programs.MERGESORT.mergesort(MERGESORT.java:47)
	at java_programs.MERGESORT.mergesort(MERGESORT.java:47)
	at java_programs.MERGESORT.mergesort(MERGESORT.java:47)
	at java_programs.MERGESORT.mergesort(MERGESORT.java:47)
	at java_programs.MERGESORT.mergesort(MERGESORT.java:47)
	at java_programs.MERGESORT.mergesort(MERGESORT.java:47)
	at java_programs.MERGESORT.mergesort(MERGESORT.java:47)
	at java_programs.MERGESORT.mergesort(MERGESORT.java:47)
	at java_programs.MERGESORT.mergesort(MERGESORT.java:47)
	at java_programs.MERGESORT.mergesort(MERGESORT.java:47)
	at java_programs.MERGESORT.mergesort(MERGESORT.java:47)
	at java_programs.MERGESORT.mergesort(MERGESORT.java:47)
	at java_programs.MERGESORT.mergesort(MERGESORT.java:47)
	at java_programs.MERGESORT.mergesort(MERGESORT.java:47)
	at java_programs.MERGESORT.mergesort(MERGESORT.java:47)
	at java_programs.MERGESORT.mergesort(MERGESORT.java:47)
	at java_programs.MERGESORT.mergesort(MERGESORT.java:47)
	at java_programs.MERGESORT.mergesort(MERGESORT.java:47)
	at java_programs.MERGESORT.mergesort(MERGESORT.java:47)
	at java_programs.MERGESORT.mergesort(MERGESORT.java:47)
	at java_programs.MERGESORT.mergesort(MERGESORT.java:47)
	at java_programs.MERGESORT.mergesort(MERGESORT.java:47)
	at java_programs.MERGESORT.mergesort(MERGESORT.java:47)
	at java_programs.MERGESORT.mergesort(MERGESORT.java:47)
	at java_programs.MERGESORT.mergesort(MERGESORT.java:47)
	at java_programs.MERGESORT.mergesort(MERGESORT.java:47)
	at java_programs.MERGESORT.mergesort(MERGESORT.java:47)
	at java_programs.MERGESORT.mergesort(MERGESORT.java:47)
	at java_programs.MERGESORT.mergesort(MERGESORT.java:47)
	at java_programs.MERGESORT.mergesort(MERGESORT.java:47)
	at java_programs.MERGESORT.mergesort(MERGESORT.java:47)
	at java_programs.MERGESORT.mergesort(MERGESORT.java:47)
	at java_programs.MERGESORT.mergesort(MERGESORT.java:47)
	at java_programs.MERGESORT.mergesort(MERGESORT.java:47)
	at java_programs.MERGESORT.mergesort(MERGESORT.java:47)
	at java_programs.MERGESORT.mergesort(MERGESORT.java:47)
	at java_programs.MERGESORT.mergesort(MERGESORT.java:47)
	at java_programs.MERGESORT.mergesort(MERGESORT.java:47)
	at java_programs.MERGESORT.mergesort(MERGESORT.java:47)
	at java_programs.MERGESORT.mergesort(MERGESORT.java:47)
	at java_programs.MERGESORT.mergesort(MERGESORT.java:47)
	at java_programs.MERGESORT.mergesort(MERGESORT.java:47)
	at java_programs.MERGESORT.mergesort(MERGESORT.java:47)
	at java_programs.MERGESORT.mergesort(MERGESORT.java:47)
	at java_programs.MERGESORT.mergesort(MERGESORT.java:47)
	at java_programs.MERGESORT.mergesort(MERGESORT.java:47)
	at java_programs.MERGESORT.mergesort(MERGESORT.java:47)
	at java_programs.MERGESORT.mergesort(MERGESORT.java:47)
	at java_programs.MERGESORT.mergesort(MERGESORT.java:47)
	at java_programs.MERGESORT.mergesort(MERGESORT.java:47)
	at java_programs.MERGESORT.mergesort(MERGESORT.java:47)
	at java_programs.MERGESORT.mergesort(MERGESORT.java:47)
	at java_programs.MERGESORT.mergesort(MERGESORT.java:47)
	at java_programs.MERGESORT.mergesort(MERGESORT.java:47)
	at java_programs.MERGESORT.mergesort(MERGESORT.java:47)
	at java_programs.MERGESORT.mergesort(MERGESORT.java:47)
	at java_programs.MERGESORT.mergesort(MERGESORT.java:47)
	at java_programs.MERGESORT.mergesort(MERGESORT.java:47)
	at java_programs.MERGESORT.mergesort(MERGESORT.java:47)
	at java_programs.MERGESORT.mergesort(MERGESORT.java:47)
	at java_programs.MERGESORT.mergesort(MERGESORT.java:47)
	at java_programs.MERGESORT.mergesort(MERGESORT.java:47)
	at java_programs.MERGESORT.mergesort(MERGESORT.java:47)
	at java_programs.MERGESORT.mergesort(MERGESORT.java:47)
	at java_programs.MERGESORT.mergesort(MERGESORT.java:47)
	at java_programs.MERGESORT.mergesort(MERGESORT.java:47)
	at java_programs.MERGESORT.mergesort(MERGESORT.java:47)
	at java_programs.MERGESORT.mergesort(MERGESORT.java:47)
	at java_programs.MERGESORT.mergesort(MERGESORT.java:47)
	at java_programs.MERGESORT.mergesort(MERGESORT.java:47)
	at java_programs.MERGESORT.mergesort(MERGESORT.java:47)
	at java_programs.MERGESORT.mergesort(MERGESORT.java:47)
	at java_programs.MERGESORT.mergesort(MERGESORT.java:47)
	at java_programs.MERGESORT.mergesort(MERGESORT.java:47)
	at java_programs.MERGESORT.mergesort(MERGESORT.java:47)
	at java_programs.MERGESORT.mergesort(MERGESORT.java:47)
	at java_programs.MERGESORT.mergesort(MERGESORT.java:47)
	at java_programs.MERGESORT.mergesort(MERGESORT.java:47)
	at java_programs.MERGESORT.mergesort(MERGESORT.java:47)
	at java_programs.MERGESORT.mergesort(MERGESORT.java:47)
	at java_programs.MERGESORT.mergesort(MERGESORT.java:47)
	at java_programs.MERGESORT.mergesort(MERGESORT.java:47)
	at java_programs.MERGESORT.mergesort(MERGESORT.java:47)
	at java_programs.MERGESORT.mergesort(MERGESORT.java:47)
	at java_programs.MERGESORT.mergesort(MERGESORT.java:47)
	at java_programs.MERGESORT.mergesort(MERGESORT.java:47)
	at java_programs.MERGESORT.mergesort(MERGESORT.java:47)
	at java_programs.MERGESORT.mergesort(MERGESORT.java:47)
	at java_programs.MERGESORT.mergesort(MERGESORT.java:47)
	at java_programs.MERGESORT.mergesort(MERGESORT.java:47)
	at java_programs.MERGESORT.mergesort(MERGESORT.java:47)
	at java_programs.MERGESORT.mergesort(MERGESORT.java:47)
	at java_programs.MERGESORT.mergesort(MERGESORT.java:47)
	at java_programs.MERGESORT.mergesort(MERGESORT.java:47)
	at java_programs.MERGESORT.mergesort(MERGESORT.java:47)
	at java_programs.MERGESORT.mergesort(MERGESORT.java:47)
	at java_programs.MERGESORT.mergesort(MERGESORT.java:47)
	at java_programs.MERGESORT.mergesort(MERGESORT.java:47)
	at java_programs.MERGESORT.mergesort(MERGESORT.java:47)
	at java_programs.MERGESORT.mergesort(MERGESORT.java:47)
	at java_programs.MERGESORT.mergesort(MERGESORT.java:47)
	at java_programs.MERGESORT.mergesort(MERGESORT.java:47)
	at java_programs.MERGESORT.mergesort(MERGESORT.java:47)
	at java_programs.MERGESORT.mergesort(MERGESORT.java:47)
	at java_programs.MERGESORT.mergesort(MERGESORT.java:47)
	at java_programs.MERGESORT.mergesort(MERGESORT.java:47)
	at java_programs.MERGESORT.mergesort(MERGESORT.java:47)
	at java_programs.MERGESORT.mergesort(MERGESORT.java:47)
	at java_programs.MERGESORT.mergesort(MERGESORT.java:47)
	at java_programs.MERGESORT.mergesort(MERGESORT.java:47)
	at java_programs.MERGESORT.mergesort(MERGESORT.java:47)
	at java_programs.MERGESORT.mergesort(MERGESORT.java:47)
	at java_programs.MERGESORT.mergesort(MERGESORT.java:47)
	at java_programs.MERGESORT.mergesort(MERGESORT.java:47)
	at java_programs.MERGESORT.mergesort(MERGESORT.java:47)
	at java_programs.MERGESORT.mergesort(MERGESORT.java:47)
	at java_programs.MERGESORT.mergesort(MERGESORT.java:47)
	at java_programs.MERGESORT.mergesort(MERGESORT.java:47)
	at java_programs.MERGESORT.mergesort(MERGESORT.java:47)
	at java_programs.MERGESORT.mergesort(MERGESORT.java:47)
	at java_programs.MERGESORT.mergesort(MERGESORT.java:47)
	at java_programs.MERGESORT.mergesort(MERGESORT.java:47)
	at java_programs.MERGESORT.mergesort(MERGESORT.java:47)
	at java_programs.MERGESORT.mergesort(MERGESORT.java:47)
	at java_programs.MERGESORT.mergesort(MERGESORT.java:47)
	at java_programs.MERGESORT.mergesort(MERGESORT.java:47)
	at java_programs.MERGESORT.mergesort(MERGESORT.java:47)
	at java_programs.MERGESORT.mergesort(MERGESORT.java:47)
	at java_programs.MERGESORT.mergesort(MERGESORT.java:47)
	at java_programs.MERGESORT.mergesort(MERGESORT.java:47)
	at java_programs.MERGESORT.mergesort(MERGESORT.java:47)
	at java_programs.MERGESORT.mergesort(MERGESORT.java:47)
	at java_programs.MERGESORT.mergesort(MERGESORT.java:47)
	at java_programs.MERGESORT.mergesort(MERGESORT.java:47)
	at java_programs.MERGESORT.mergesort(MERGESORT.java:47)
	at java_programs.MERGESORT.mergesort(MERGESORT.java:47)
	at java_programs.MERGESORT.mergesort(MERGESORT.java:47)
	at java_programs.MERGESORT.mergesort(MERGESORT.java:47)
	at java_programs.MERGESORT.mergesort(MERGESORT.java:47)
	at java_programs.MERGESORT.mergesort(MERGESORT.java:47)
	at java_programs.MERGESORT.mergesort(MERGESORT.java:47)
	at java_programs.MERGESORT.mergesort(MERGESORT.java:47)
	at java_programs.MERGESORT.mergesort(MERGESORT.java:47)
	at java_programs.MERGESORT.mergesort(MERGESORT.java:47)
	at java_programs.MERGESORT.mergesort(MERGESORT.java:47)
	at java_programs.MERGESORT.mergesort(MERGESORT.java:47)
	at java_programs.MERGESORT.mergesort(MERGESORT.java:47)
	at java_programs.MERGESORT.mergesort(MERGESORT.java:47)
	at java_programs.MERGESORT.mergesort(MERGESORT.java:47)
	at java_programs.MERGESORT.mergesort(MERGESORT.java:47)
	at java_programs.MERGESORT.mergesort(MERGESORT.java:47)
	at java_programs.MERGESORT.mergesort(MERGESORT.java:47)
	at java_programs.MERGESORT.mergesort(MERGESORT.java:47)
	at java_programs.MERGESORT.mergesort(MERGESORT.java:47)
	at java_programs.MERGESORT.mergesort(MERGESORT.java:47)
	at java_programs.MERGESORT.mergesort(MERGESORT.java:47)
	at java_programs.MERGESORT.mergesort(MERGESORT.java:47)
	at java_programs.MERGESORT.mergesort(MERGESORT.java:47)
	at java_programs.MERGESORT.mergesort(MERGESORT.java:47)
	at java_programs.MERGESORT.mergesort(MERGESORT.java:47)
	at java_programs.MERGESORT.mergesort(MERGESORT.java:47)
	at java_programs.MERGESORT.mergesort(MERGESORT.java:47)
	at java_programs.MERGESORT.mergesort(MERGESORT.java:47)
	at java_programs.MERGESORT.mergesort(MERGESORT.java:47)
	at java_programs.MERGESORT.mergesort(MERGESORT.java:47)
	at java_programs.MERGESORT.mergesort(MERGESORT.java:47)
	at java_programs.MERGESORT.mergesort(MERGESORT.java:47)
	at java_programs.MERGESORT.mergesort(MERGESORT.java:47)
	at java_programs.MERGESORT.mergesort(MERGESORT.java:47)
	at java_programs.MERGESORT.mergesort(MERGESORT.java:47)
	at java_programs.MERGESORT.mergesort(MERGESORT.java:47)
	at java_programs.MERGESORT.mergesort(MERGESORT.java:47)
	at java_programs.MERGESORT.mergesort(MERGESORT.java:47)
	at java_programs.MERGESORT.mergesort(MERGESORT.java:47)
	at java_programs.MERGESORT.mergesort(MERGESORT.java:47)
	at java_programs.MERGESORT.mergesort(MERGESORT.java:47)
	at java_programs.MERGESORT.mergesort(MERGESORT.java:47)
	at java_programs.MERGESORT.mergesort(MERGESORT.java:47)
	at java_programs.MERGESORT.mergesort(MERGESORT.java:47)
	at java_programs.MERGESORT.mergesort(MERGESORT.java:47)
	at java_programs.MERGESORT.mergesort(MERGESORT.java:47)
	at java_programs.MERGESORT.mergesort(MERGESORT.java:47)
	at java_programs.MERGESORT.mergesort(MERGESORT.java:47)
	at java_programs.MERGESORT.mergesort(MERGESORT.java:47)
	at java_programs.MERGESORT.mergesort(MERGESORT.java:47)
	at java_programs.MERGESORT.mergesort(MERGESORT.java:47)
	at java_programs.MERGESORT.mergesort(MERGESORT.java:47)
	at java_programs.MERGESORT.mergesort(MERGESORT.java:47)
	at java_programs.MERGESORT.mergesort(MERGESORT.java:47)
	at java_programs.MERGESORT.mergesort(MERGESORT.java:47)
	at java_programs.MERGESORT.mergesort(MERGESORT.java:47)
	at java_programs.MERGESORT.mergesort(MERGESORT.java:47)
	at java_programs.MERGESORT.mergesort(MERGESORT.java:47)
	at java_programs.MERGESORT.mergesort(MERGESORT.java:47)
	at java_programs.MERGESORT.mergesort(MERGESORT.java:47)
	at java_programs.MERGESORT.mergesort(MERGESORT.java:47)
	at java_programs.MERGESORT.mergesort(MERGESORT.java:47)
	at java_programs.MERGESORT.mergesort(MERGESORT.java:47)
	at java_programs.MERGESORT.mergesort(MERGESORT.java:47)
	at java_programs.MERGESORT.mergesort(MERGESORT.java:47)
	at java_programs.MERGESORT.mergesort(MERGESORT.java:47)
	at java_programs.MERGESORT.mergesort(MERGESORT.java:47)
	at java_programs.MERGESORT.mergesort(MERGESORT.java:47)
	at java_programs.MERGESORT.mergesort(MERGESORT.java:47)
	at java_programs.MERGESORT.mergesort(MERGESORT.java:47)
	at java_programs.MERGESORT.mergesort(MERGESORT.java:47)
	at java_programs.MERGESORT.mergesort(MERGESORT.java:47)
	at java_programs.MERGESORT.mergesort(MERGESORT.java:47)
	at java_programs.MERGESORT.mergesort(MERGESORT.java:47)
	at java_programs.MERGESORT.mergesort(MERGESORT.java:47)
	at java_programs.MERGESORT.mergesort(MERGESORT.java:47)
	at java_programs.MERGESORT.mergesort(MERGESORT.java:47)
	at java_programs.MERGESORT.mergesort(MERGESORT.java:47)
	at java_programs.MERGESORT.mergesort(MERGESORT.java:47)
	at java_programs.MERGESORT.mergesort(MERGESORT.java:47)
	at java_programs.MERGESORT.mergesort(MERGESORT.java:47)
	at java_programs.MERGESORT.mergesort(MERGESORT.java:47)
	at java_programs.MERGESORT.mergesort(MERGESORT.java:47)
	at java_programs.MERGESORT.mergesort(MERGESORT.java:47)
	at java_programs.MERGESORT.mergesort(MERGESORT.java:47)
	at java_programs.MERGESORT.mergesort(MERGESORT.java:47)
	at java_programs.MERGESORT.mergesort(MERGESORT.java:47)
	at java_programs.MERGESORT.mergesort(MERGESORT.java:47)
	at java_programs.MERGESORT.mergesort(MERGESORT.java:47)
	at java_programs.MERGESORT.mergesort(MERGESORT.java:47)
	at java_programs.MERGESORT.mergesort(MERGESORT.java:47)
	at java_programs.MERGESORT.mergesort(MERGESORT.java:47)
	at java_programs.MERGESORT.mergesort(MERGESORT.java:47)
	at java_programs.MERGESORT.mergesort(MERGESORT.java:47)
	at java_programs.MERGESORT.mergesort(MERGESORT.java:47)
	at java_programs.MERGESORT.mergesort(MERGESORT.java:47)
	at java_programs.MERGESORT.mergesort(MERGESORT.java:47)
	at java_programs.MERGESORT.mergesort(MERGESORT.java:47)
	at java_programs.MERGESORT.mergesort(MERGESORT.java:47)
	at java_programs.MERGESORT.mergesort(MERGESORT.java:47)
	at java_programs.MERGESORT.mergesort(MERGESORT.java:47)
	at java_programs.MERGESORT.mergesort(MERGESORT.java:47)
	at java_programs.MERGESORT.mergesort(MERGESORT.java:47)
	at java_programs.MERGESORT.mergesort(MERGESORT.java:47)
	at java_programs.MERGESORT.mergesort(MERGESORT.java:47)
	at java_programs.MERGESORT.mergesort(MERGESORT.java:47)
	at java_programs.MERGESORT.mergesort(MERGESORT.java:47)
	at java_programs.MERGESORT.mergesort(MERGESORT.java:47)
	at java_programs.MERGESORT.mergesort(MERGESORT.java:47)
	at java_programs.MERGESORT.mergesort(MERGESORT.java:47)
	at java_programs.MERGESORT.mergesort(MERGESORT.java:47)
	at java_programs.MERGESORT.mergesort(MERGESORT.java:47)
	at java_programs.MERGESORT.mergesort(MERGESORT.java:47)
	at java_programs.MERGESORT.mergesort(MERGESORT.java:47)
	at java_programs.MERGESORT.mergesort(MERGESORT.java:47)
	at java_programs.MERGESORT.mergesort(MERGESORT.java:47)
	at java_programs.MERGESORT.mergesort(MERGESORT.java:47)
	at java_programs.MERGESORT.mergesort(MERGESORT.java:47)
	at java_programs.MERGESORT.mergesort(MERGESORT.java:47)
	at java_programs.MERGESORT.mergesort(MERGESORT.java:47)
	at java_programs.MERGESORT.mergesort(MERGESORT.java:47)
	at java_programs.MERGESORT.mergesort(MERGESORT.java:47)
	at java_programs.MERGESORT.mergesort(MERGESORT.java:47)
	at java_programs.MERGESORT.mergesort(MERGESORT.java:47)
	at java_programs.MERGESORT.mergesort(MERGESORT.java:47)
	at java_programs.MERGESORT.mergesort(MERGESORT.java:47)
	at java_programs.MERGESORT.mergesort(MERGESORT.java:47)
	at java_programs.MERGESORT.mergesort(MERGESORT.java:47)
	at java_programs.MERGESORT.mergesort(MERGESORT.java:47)
	at java_programs.MERGESORT.mergesort(MERGESORT.java:47)
	at java_programs.MERGESORT.mergesort(MERGESORT.java:47)
	at java_programs.MERGESORT.mergesort(MERGESORT.java:47)
	at java_programs.MERGESORT.mergesort(MERGESORT.java:47)
	at java_programs.MERGESORT.mergesort(MERGESORT.java:47)
	at java_programs.MERGESORT.mergesort(MERGESORT.java:47)
	at java_programs.MERGESORT.mergesort(MERGESORT.java:47)
	at java_programs.MERGESORT.mergesort(MERGESORT.java:47)
	at java_programs.MERGESORT.mergesort(MERGESORT.java:47)
	at java_programs.MERGESORT.mergesort(MERGESORT.java:47)
	at java_programs.MERGESORT.mergesort(MERGESORT.java:47)
	at java_programs.MERGESORT.mergesort(MERGESORT.java:47)
	at java_programs.MERGESORT.mergesort(MERGESORT.java:47)
	at java_programs.MERGESORT.mergesort(MERGESORT.java:47)
	at java_programs.MERGESORT.mergesort(MERGESORT.java:47)
	at java_programs.MERGESORT.mergesort(MERGESORT.java:47)
	at java_programs.MERGESORT.mergesort(MERGESORT.java:47)
	at java_programs.MERGESORT.mergesort(MERGESORT.java:47)
	at java_programs.MERGESORT.mergesort(MERGESORT.java:47)
	at java_programs.MERGESORT.mergesort(MERGESORT.java:47)
	at java_programs.MERGESORT.mergesort(MERGESORT.java:47)
	at java_programs.MERGESORT.mergesort(MERGESORT.java:47)
	at java_programs.MERGESORT.mergesort(MERGESORT.java:47)
	at java_programs.MERGESORT.mergesort(MERGESORT.java:47)
	at java_programs.MERGESORT.mergesort(MERGESORT.java:47)
	at java_programs.MERGESORT.mergesort(MERGESORT.java:47)
	at java_programs.MERGESORT.mergesort(MERGESORT.java:47)
	at java_programs.MERGESORT.mergesort(MERGESORT.java:47)
	at java_programs.MERGESORT.mergesort(MERGESORT.java:47)
	at java_programs.MERGESORT.mergesort(MERGESORT.java:47)
	at java_programs.MERGESORT.mergesort(MERGESORT.java:47)
	at java_programs.MERGESORT.mergesort(MERGESORT.java:47)
	at java_programs.MERGESORT.mergesort(MERGESORT.java:47)
	at java_programs.MERGESORT.mergesort(MERGESORT.java:47)
	at java_programs.MERGESORT.mergesort(MERGESORT.java:47)
	at java_programs.MERGESORT.mergesort(MERGESORT.java:47)
	at java_programs.MERGESORT.mergesort(MERGESORT.java:47)
	at java_programs.MERGESORT.mergesort(MERGESORT.java:47)
	at java_programs.MERGESORT.mergesort(MERGESORT.java:47)
	at java_programs.MERGESORT.mergesort(MERGESORT.java:47)
	at java_programs.MERGESORT.mergesort(MERGESORT.java:47)
	at java_programs.MERGESORT.mergesort(MERGESORT.java:47)
	at java_programs.MERGESORT.mergesort(MERGESORT.java:47)
	at java_programs.MERGESORT.mergesort(MERGESORT.java:47)
	at java_programs.MERGESORT.mergesort(MERGESORT.java:47)
	at java_programs.MERGESORT.mergesort(MERGESORT.java:47)
	at java_programs.MERGESORT.mergesort(MERGESORT.java:47)
	at java_programs.MERGESORT.mergesort(MERGESORT.java:47)
	at java_programs.MERGESORT.mergesort(MERGESORT.java:47)
	at java_programs.MERGESORT.mergesort(MERGESORT.java:47)
	at java_programs.MERGESORT.mergesort(MERGESORT.java:47)
	at java_programs.MERGESORT.mergesort(MERGESORT.java:47)
	at java_programs.MERGESORT.mergesort(MERGESORT.java:47)
	at java_programs.MERGESORT.mergesort(MERGESORT.java:47)
	at java_programs.MERGESORT.mergesort(MERGESORT.java:47)
	at java_programs.MERGESORT.mergesort(MERGESORT.java:47)
	at java_programs.MERGESORT.mergesort(MERGESORT.java:47)
	at java_programs.MERGESORT.mergesort(MERGESORT.java:47)
	at java_programs.MERGESORT.mergesort(MERGESORT.java:47)
	at java_programs.MERGESORT.mergesort(MERGESORT.java:47)
	at java_programs.MERGESORT.mergesort(MERGESORT.java:47)
	at java_programs.MERGESORT.mergesort(MERGESORT.java:47)
	at java_programs.MERGESORT.mergesort(MERGESORT.java:47)
	at java_programs.MERGESORT.mergesort(MERGESORT.java:47)
	at java_programs.MERGESORT.mergesort(MERGESORT.java:47)
	at java_programs.MERGESORT.mergesort(MERGESORT.java:47)
	at java_programs.MERGESORT.mergesort(MERGESORT.java:47)
	at java_programs.MERGESORT.mergesort(MERGESORT.java:47)
	at java_programs.MERGESORT.mergesort(MERGESORT.java:47)
	at java_programs.MERGESORT.mergesort(MERGESORT.java:47)
	at java_programs.MERGESORT.mergesort(MERGESORT.java:47)
	at java_programs.MERGESORT.mergesort(MERGESORT.java:47)
	at java_programs.MERGESORT.mergesort(MERGESORT.java:47)
	at java_programs.MERGESORT.mergesort(MERGESORT.java:47)
	at java_programs.MERGESORT.mergesort(MERGESORT.java:47)
	at java_programs.MERGESORT.mergesort(MERGESORT.java:47)
	at java_programs.MERGESORT.mergesort(MERGESORT.java:47)
	at java_programs.MERGESORT.mergesort(MERGESORT.java:47)
	at java_programs.MERGESORT.mergesort(MERGESORT.java:47)
	at java_programs.MERGESORT.mergesort(MERGESORT.java:47)
	at java_programs.MERGESORT.mergesort(MERGESORT.java:47)
	at java_programs.MERGESORT.mergesort(MERGESORT.java:47)
	at java_programs.MERGESORT.mergesort(MERGESORT.java:47)
	at java_programs.MERGESORT.mergesort(MERGESORT.java:47)
	at java_programs.MERGESORT.mergesort(MERGESORT.java:47)
	at java_programs.MERGESORT.mergesort(MERGESORT.java:47)
	at java_programs.MERGESORT.mergesort(MERGESORT.java:47)
	at java_programs.MERGESORT.mergesort(MERGESORT.java:47)
	at java_programs.MERGESORT.mergesort(MERGESORT.java:47)
	at java_programs.MERGESORT.mergesort(MERGESORT.java:47)
	at java_programs.MERGESORT.mergesort(MERGESORT.java:47)
	at java_programs.MERGESORT.mergesort(MERGESORT.java:47)
	at java_programs.MERGESORT.mergesort(MERGESORT.java:47)
	at java_programs.MERGESORT.mergesort(MERGESORT.java:47)
	at java_programs.MERGESORT.mergesort(MERGESORT.java:47)
	at java_programs.MERGESORT.mergesort(MERGESORT.java:47)
	at java_programs.MERGESORT.mergesort(MERGESORT.java:47)
	at java_programs.MERGESORT.mergesort(MERGESORT.java:47)
	at java_programs.MERGESORT.mergesort(MERGESORT.java:47)
	at java_programs.MERGESORT.mergesort(MERGESORT.java:47)
	at java_programs.MERGESORT.mergesort(MERGESORT.java:47)
	at java_programs.MERGESORT.mergesort(MERGESORT.java:47)
	at java_programs.MERGESORT.mergesort(MERGESORT.java:47)
	at java_programs.MERGESORT.mergesort(MERGESORT.java:47)
	at java_programs.MERGESORT.mergesort(MERGESORT.java:47)
	at java_programs.MERGESORT.mergesort(MERGESORT.java:47)
	at java_programs.MERGESORT.mergesort(MERGESORT.java:47)
	at java_programs.MERGESORT.mergesort(MERGESORT.java:47)
	at java_programs.MERGESORT.mergesort(MERGESORT.java:47)
	at java_programs.MERGESORT.mergesort(MERGESORT.java:47)
	at java_programs.MERGESORT.mergesort(MERGESORT.java:47)
	at java_programs.MERGESORT.mergesort(MERGESORT.java:47)
	at java_programs.MERGESORT.mergesort(MERGESORT.java:47)
	at java_programs.MERGESORT.mergesort(MERGESORT.java:47)
	at java_programs.MERGESORT.mergesort(MERGESORT.java:47)
	at java_programs.MERGESORT.mergesort(MERGESORT.java:47)
	at java_programs.MERGESORT.mergesort(MERGESORT.java:47)
	at java_programs.MERGESORT.mergesort(MERGESORT.java:47)
	at java_programs.MERGESORT.mergesort(MERGESORT.java:47)
	at java_programs.MERGESORT.mergesort(MERGESORT.java:47)
	at java_programs.MERGESORT.mergesort(MERGESORT.java:47)
	at java_programs.MERGESORT.mergesort(MERGESORT.java:47)
	at java_programs.MERGESORT.mergesort(MERGESORT.java:47)
	at java_programs.MERGESORT.mergesort(MERGESORT.java:47)
	at java_programs.MERGESORT.mergesort(MERGESORT.java:47)
	at java_programs.MERGESORT.mergesort(MERGESORT.java:47)
	at java_programs.MERGESORT.mergesort(MERGESORT.java:47)
	at java_programs.MERGESORT.mergesort(MERGESORT.java:47)
	at java_programs.MERGESORT.mergesort(MERGESORT.java:47)
	at java_programs.MERGESORT.mergesort(MERGESORT.java:47)
	at java_programs.MERGESORT.mergesort(MERGESORT.java:47)
	at java_programs.MERGESORT.mergesort(MERGESORT.java:47)
	at java_programs.MERGESORT.mergesort(MERGESORT.java:47)
	at java_programs.MERGESORT.mergesort(MERGESORT.java:47)
	at java_programs.MERGESORT.mergesort(MERGESORT.java:47)
	at java_programs.MERGESORT.mergesort(MERGESORT.java:47)
	at java_programs.MERGESORT.mergesort(MERGESORT.java:47)
	at java_programs.MERGESORT.mergesort(MERGESORT.java:47)
	at java_programs.MERGESORT.mergesort(MERGESORT.java:47)
	at java_programs.MERGESORT.mergesort(MERGESORT.java:47)
	at java_programs.MERGESORT.mergesort(MERGESORT.java:47)
	at java_programs.MERGESORT.mergesort(MERGESORT.java:47)
	at java_programs.MERGESORT.mergesort(MERGESORT.java:47)
	at java_programs.MERGESORT.mergesort(MERGESORT.java:47)
	at java_programs.MERGESORT.mergesort(MERGESORT.java:47)
	at java_programs.MERGESORT.mergesort(MERGESORT.java:47)
	at java_programs.MERGESORT.mergesort(MERGESORT.java:47)
	at java_programs.MERGESORT.mergesort(MERGESORT.java:47)
	at java_programs.MERGESORT.mergesort(MERGESORT.java:47)
	at java_programs.MERGESORT.mergesort(MERGESORT.java:47)
	at java_programs.MERGESORT.mergesort(MERGESORT.java:47)
	at java_programs.MERGESORT.mergesort(MERGESORT.java:47)
	at java_programs.MERGESORT.mergesort(MERGESORT.java:47)
	at java_programs.MERGESORT.mergesort(MERGESORT.java:47)
	at java_programs.MERGESORT.mergesort(MERGESORT.java:47)
	at java_programs.MERGESORT.mergesort(MERGESORT.java:47)
	at java_programs.MERGESORT.mergesort(MERGESORT.java:47)
	at java_programs.MERGESORT.mergesort(MERGESORT.java:47)
	at java_programs.MERGESORT.mergesort(MERGESORT.java:47)
	at java_programs.MERGESORT.mergesort(MERGESORT.java:47)
	at java_programs.MERGESORT.mergesort(MERGESORT.java:47)
	at java_programs.MERGESORT.mergesort(MERGESORT.java:47)
	at java_programs.MERGESORT.mergesort(MERGESORT.java:47)
	at java_programs.MERGESORT.mergesort(MERGESORT.java:47)
	at java_programs.MERGESORT.mergesort(MERGESORT.java:47)
	at java_programs.MERGESORT.mergesort(MERGESORT.java:47)
	at java_programs.MERGESORT.mergesort(MERGESORT.java:47)
	at java_programs.MERGESORT.mergesort(MERGESORT.java:47)
	at java_programs.MERGESORT.mergesort(MERGESORT.java:47)
	at java_programs.MERGESORT.mergesort(MERGESORT.java:47)
	at java_programs.MERGESORT.mergesort(MERGESORT.java:47)
</failure>
  </testcase>
  <testcase name="test_3()" classname="test.java.MERGESORT_TEST" time="0.005">
    <failure message="java.lang.StackOverflowError" type="java.lang.StackOverflowError">java.lang.StackOverflowError
	at java.base/java.util.ArrayList.addAll(ArrayList.java:670)
	at java_programs.MERGESORT.mergesort(MERGESORT.java:43)
	at java_programs.MERGESORT.mergesort(MERGESORT.java:47)
	at java_programs.MERGESORT.mergesort(MERGESORT.java:47)
	at java_programs.MERGESORT.mergesort(MERGESORT.java:47)
	at java_programs.MERGESORT.mergesort(MERGESORT.java:47)
	at java_programs.MERGESORT.mergesort(MERGESORT.java:47)
	at java_programs.MERGESORT.mergesort(MERGESORT.java:47)
	at java_programs.MERGESORT.mergesort(MERGESORT.java:47)
	at java_programs.MERGESORT.mergesort(MERGESORT.java:47)
	at java_programs.MERGESORT.mergesort(MERGESORT.java:47)
	at java_programs.MERGESORT.mergesort(MERGESORT.java:47)
	at java_programs.MERGESORT.mergesort(MERGESORT.java:47)
	at java_programs.MERGESORT.mergesort(MERGESORT.java:47)
	at java_programs.MERGESORT.mergesort(MERGESORT.java:47)
	at java_programs.MERGESORT.mergesort(MERGESORT.java:47)
	at java_programs.MERGESORT.mergesort(MERGESORT.java:47)
	at java_programs.MERGESORT.mergesort(MERGESORT.java:47)
	at java_programs.MERGESORT.mergesort(MERGESORT.java:47)
	at java_programs.MERGESORT.mergesort(MERGESORT.java:47)
	at java_programs.MERGESORT.mergesort(MERGESORT.java:47)
	at java_programs.MERGESORT.mergesort(MERGESORT.java:47)
	at java_programs.MERGESORT.mergesort(MERGESORT.java:47)
	at java_programs.MERGESORT.mergesort(MERGESORT.java:47)
	at java_programs.MERGESORT.mergesort(MERGESORT.java:47)
	at java_programs.MERGESORT.mergesort(MERGESORT.java:47)
	at java_programs.MERGESORT.mergesort(MERGESORT.java:47)
	at java_programs.MERGESORT.mergesort(MERGESORT.java:47)
	at java_programs.MERGESORT.mergesort(MERGESORT.java:47)
	at java_programs.MERGESORT.mergesort(MERGESORT.java:47)
	at java_programs.MERGESORT.mergesort(MERGESORT.java:47)
	at java_programs.MERGESORT.mergesort(MERGESORT.java:47)
	at java_programs.MERGESORT.mergesort(MERGESORT.java:47)
	at java_programs.MERGESORT.mergesort(MERGESORT.java:47)
	at java_programs.MERGESORT.mergesort(MERGESORT.java:47)
	at java_programs.MERGESORT.mergesort(MERGESORT.java:47)
	at java_programs.MERGESORT.mergesort(MERGESORT.java:47)
	at java_programs.MERGESORT.mergesort(MERGESORT.java:47)
	at java_programs.MERGESORT.mergesort(MERGESORT.java:47)
	at java_programs.MERGESORT.mergesort(MERGESORT.java:47)
	at java_programs.MERGESORT.mergesort(MERGESORT.java:47)
	at java_programs.MERGESORT.mergesort(MERGESORT.java:47)
	at java_programs.MERGESORT.mergesort(MERGESORT.java:47)
	at java_programs.MERGESORT.mergesort(MERGESORT.java:47)
	at java_programs.MERGESORT.mergesort(MERGESORT.java:47)
	at java_programs.MERGESORT.mergesort(MERGESORT.java:47)
	at java_programs.MERGESORT.mergesort(MERGESORT.java:47)
	at java_programs.MERGESORT.mergesort(MERGESORT.java:47)
	at java_programs.MERGESORT.mergesort(MERGESORT.java:47)
	at java_programs.MERGESORT.mergesort(MERGESORT.java:47)
	at java_programs.MERGESORT.mergesort(MERGESORT.java:47)
	at java_programs.MERGESORT.mergesort(MERGESORT.java:47)
	at java_programs.MERGESORT.mergesort(MERGESORT.java:47)
	at java_programs.MERGESORT.mergesort(MERGESORT.java:47)
	at java_programs.MERGESORT.mergesort(MERGESORT.java:47)
	at java_programs.MERGESORT.mergesort(MERGESORT.java:47)
	at java_programs.MERGESORT.mergesort(MERGESORT.java:47)
	at java_programs.MERGESORT.mergesort(MERGESORT.java:47)
	at java_programs.MERGESORT.mergesort(MERGESORT.java:47)
	at java_programs.MERGESORT.mergesort(MERGESORT.java:47)
	at java_programs.MERGESORT.mergesort(MERGESORT.java:47)
	at java_programs.MERGESORT.mergesort(MERGESORT.java:47)
	at java_programs.MERGESORT.mergesort(MERGESORT.java:47)
	at java_programs.MERGESORT.mergesort(MERGESORT.java:47)
	at java_programs.MERGESORT.mergesort(MERGESORT.java:47)
	at java_programs.MERGESORT.mergesort(MERGESORT.java:47)
	at java_programs.MERGESORT.mergesort(MERGESORT.java:47)
	at java_programs.MERGESORT.mergesort(MERGESORT.java:47)
	at java_programs.MERGESORT.mergesort(MERGESORT.java:47)
	at java_programs.MERGESORT.mergesort(MERGESORT.java:47)
	at java_programs.MERGESORT.mergesort(MERGESORT.java:47)
	at java_programs.MERGESORT.mergesort(MERGESORT.java:47)
	at java_programs.MERGESORT.mergesort(MERGESORT.java:47)
	at java_programs.MERGESORT.mergesort(MERGESORT.java:47)
	at java_programs.MERGESORT.mergesort(MERGESORT.java:47)
	at java_programs.MERGESORT.mergesort(MERGESORT.java:47)
	at java_programs.MERGESORT.mergesort(MERGESORT.java:47)
	at java_programs.MERGESORT.mergesort(MERGESORT.java:47)
	at java_programs.MERGESORT.mergesort(MERGESORT.java:47)
	at java_programs.MERGESORT.mergesort(MERGESORT.java:47)
	at java_programs.MERGESORT.mergesort(MERGESORT.java:47)
	at java_programs.MERGESORT.mergesort(MERGESORT.java:47)
	at java_programs.MERGESORT.mergesort(MERGESORT.java:47)
	at java_programs.MERGESORT.mergesort(MERGESORT.java:47)
	at java_programs.MERGESORT.mergesort(MERGESORT.java:47)
	at java_programs.MERGESORT.mergesort(MERGESORT.java:47)
	at java_programs.MERGESORT.mergesort(MERGESORT.java:47)
	at java_programs.MERGESORT.mergesort(MERGESORT.java:47)
	at java_programs.MERGESORT.mergesort(MERGESORT.java:47)
	at java_programs.MERGESORT.mergesort(MERGESORT.java:47)
	at java_programs.MERGESORT.mergesort(MERGESORT.java:47)
	at java_programs.MERGESORT.mergesort(MERGESORT.java:47)
	at java_programs.MERGESORT.mergesort(MERGESORT.java:47)
	at java_programs.MERGESORT.mergesort(MERGESORT.java:47)
	at java_programs.MERGESORT.mergesort(MERGESORT.java:47)
	at java_programs.MERGESORT.mergesort(MERGESORT.java:47)
	at java_programs.MERGESORT.mergesort(MERGESORT.java:47)
	at java_programs.MERGESORT.mergesort(MERGESORT.java:47)
	at java_programs.MERGESORT.mergesort(MERGESORT.java:47)
	at java_programs.MERGESORT.mergesort(MERGESORT.java:47)
	at java_programs.MERGESORT.mergesort(MERGESORT.java:47)
	at java_programs.MERGESORT.mergesort(MERGESORT.java:47)
	at java_programs.MERGESORT.mergesort(MERGESORT.java:47)
	at java_programs.MERGESORT.mergesort(MERGESORT.java:47)
	at java_programs.MERGESORT.mergesort(MERGESORT.java:47)
	at java_programs.MERGESORT.mergesort(MERGESORT.java:47)
	at java_programs.MERGESORT.mergesort(MERGESORT.java:47)
	at java_programs.MERGESORT.mergesort(MERGESORT.java:47)
	at java_programs.MERGESORT.mergesort(MERGESORT.java:47)
	at java_programs.MERGESORT.mergesort(MERGESORT.java:47)
	at java_programs.MERGESORT.mergesort(MERGESORT.java:47)
	at java_programs.MERGESORT.mergesort(MERGESORT.java:47)
	at java_programs.MERGESORT.mergesort(MERGESORT.java:47)
	at java_programs.MERGESORT.mergesort(MERGESORT.java:47)
	at java_programs.MERGESORT.mergesort(MERGESORT.java:47)
	at java_programs.MERGESORT.mergesort(MERGESORT.java:47)
	at java_programs.MERGESORT.mergesort(MERGESORT.java:47)
	at java_programs.MERGESORT.mergesort(MERGESORT.java:47)
	at java_programs.MERGESORT.mergesort(MERGESORT.java:47)
	at java_programs.MERGESORT.mergesort(MERGESORT.java:47)
	at java_programs.MERGESORT.mergesort(MERGESORT.java:47)
	at java_programs.MERGESORT.mergesort(MERGESORT.java:47)
	at java_programs.MERGESORT.mergesort(MERGESORT.java:47)
	at java_programs.MERGESORT.mergesort(MERGESORT.java:47)
	at java_programs.MERGESORT.mergesort(MERGESORT.java:47)
	at java_programs.MERGESORT.mergesort(MERGESORT.java:47)
	at java_programs.MERGESORT.mergesort(MERGESORT.java:47)
	at java_programs.MERGESORT.mergesort(MERGESORT.java:47)
	at java_programs.MERGESORT.mergesort(MERGESORT.java:47)
	at java_programs.MERGESORT.mergesort(MERGESORT.java:47)
	at java_programs.MERGESORT.mergesort(MERGESORT.java:47)
	at java_programs.MERGESORT.mergesort(MERGESORT.java:47)
	at java_programs.MERGESORT.mergesort(MERGESORT.java:47)
	at java_programs.MERGESORT.mergesort(MERGESORT.java:47)
	at java_programs.MERGESORT.mergesort(MERGESORT.java:47)
	at java_programs.MERGESORT.mergesort(MERGESORT.java:47)
	at java_programs.MERGESORT.mergesort(MERGESORT.java:47)
	at java_programs.MERGESORT.mergesort(MERGESORT.java:47)
	at java_programs.MERGESORT.mergesort(MERGESORT.java:47)
	at java_programs.MERGESORT.mergesort(MERGESORT.java:47)
	at java_programs.MERGESORT.mergesort(MERGESORT.java:47)
	at java_programs.MERGESORT.mergesort(MERGESORT.java:47)
	at java_programs.MERGESORT.mergesort(MERGESORT.java:47)
	at java_programs.MERGESORT.mergesort(MERGESORT.java:47)
	at java_programs.MERGESORT.mergesort(MERGESORT.java:47)
	at java_programs.MERGESORT.mergesort(MERGESORT.java:47)
	at java_programs.MERGESORT.mergesort(MERGESORT.java:47)
	at java_programs.MERGESORT.mergesort(MERGESORT.java:47)
	at java_programs.MERGESORT.mergesort(MERGESORT.java:47)
	at java_programs.MERGESORT.mergesort(MERGESORT.java:47)
	at java_programs.MERGESORT.mergesort(MERGESORT.java:47)
	at java_programs.MERGESORT.mergesort(MERGESORT.java:47)
	at java_programs.MERGESORT.mergesort(MERGESORT.java:47)
	at java_programs.MERGESORT.mergesort(MERGESORT.java:47)
	at java_programs.MERGESORT.mergesort(MERGESORT.java:47)
	at java_programs.MERGESORT.mergesort(MERGESORT.java:47)
	at java_programs.MERGESORT.mergesort(MERGESORT.java:47)
	at java_programs.MERGESORT.mergesort(MERGESORT.java:47)
	at java_programs.MERGESORT.mergesort(MERGESORT.java:47)
	at java_programs.MERGESORT.mergesort(MERGESORT.java:47)
	at java_programs.MERGESORT.mergesort(MERGESORT.java:47)
	at java_programs.MERGESORT.mergesort(MERGESORT.java:47)
	at java_programs.MERGESORT.mergesort(MERGESORT.java:47)
	at java_programs.MERGESORT.mergesort(MERGESORT.java:47)
	at java_programs.MERGESORT.mergesort(MERGESORT.java:47)
	at java_programs.MERGESORT.mergesort(MERGESORT.java:47)
	at java_programs.MERGESORT.mergesort(MERGESORT.java:47)
	at java_programs.MERGESORT.mergesort(MERGESORT.java:47)
	at java_programs.MERGESORT.mergesort(MERGESORT.java:47)
	at java_programs.MERGESORT.mergesort(MERGESORT.java:47)
	at java_programs.MERGESORT.mergesort(MERGESORT.java:47)
	at java_programs.MERGESORT.mergesort(MERGESORT.java:47)
	at java_programs.MERGESORT.mergesort(MERGESORT.java:47)
	at java_programs.MERGESORT.mergesort(MERGESORT.java:47)
	at java_programs.MERGESORT.mergesort(MERGESORT.java:47)
	at java_programs.MERGESORT.mergesort(MERGESORT.java:47)
	at java_programs.MERGESORT.mergesort(MERGESORT.java:47)
	at java_programs.MERGESORT.mergesort(MERGESORT.java:47)
	at java_programs.MERGESORT.mergesort(MERGESORT.java:47)
	at java_programs.MERGESORT.mergesort(MERGESORT.java:47)
	at java_programs.MERGESORT.mergesort(MERGESORT.java:47)
	at java_programs.MERGESORT.mergesort(MERGESORT.java:47)
	at java_programs.MERGESORT.mergesort(MERGESORT.java:47)
	at java_programs.MERGESORT.mergesort(MERGESORT.java:47)
	at java_programs.MERGESORT.mergesort(MERGESORT.java:47)
	at java_programs.MERGESORT.mergesort(MERGESORT.java:47)
	at java_programs.MERGESORT.mergesort(MERGESORT.java:47)
	at java_programs.MERGESORT.mergesort(MERGESORT.java:47)
	at java_programs.MERGESORT.mergesort(MERGESORT.java:47)
	at java_programs.MERGESORT.mergesort(MERGESORT.java:47)
	at java_programs.MERGESORT.mergesort(MERGESORT.java:47)
	at java_programs.MERGESORT.mergesort(MERGESORT.java:47)
	at java_programs.MERGESORT.mergesort(MERGESORT.java:47)
	at java_programs.MERGESORT.mergesort(MERGESORT.java:47)
	at java_programs.MERGESORT.mergesort(MERGESORT.java:47)
	at java_programs.MERGESORT.mergesort(MERGESORT.java:47)
	at java_programs.MERGESORT.mergesort(MERGESORT.java:47)
	at java_programs.MERGESORT.mergesort(MERGESORT.java:47)
	at java_programs.MERGESORT.mergesort(MERGESORT.java:47)
	at java_programs.MERGESORT.mergesort(MERGESORT.java:47)
	at java_programs.MERGESORT.mergesort(MERGESORT.java:47)
	at java_programs.MERGESORT.mergesort(MERGESORT.java:47)
	at java_programs.MERGESORT.mergesort(MERGESORT.java:47)
	at java_programs.MERGESORT.mergesort(MERGESORT.java:47)
	at java_programs.MERGESORT.mergesort(MERGESORT.java:47)
	at java_programs.MERGESORT.mergesort(MERGESORT.java:47)
	at java_programs.MERGESORT.mergesort(MERGESORT.java:47)
	at java_programs.MERGESORT.mergesort(MERGESORT.java:47)
	at java_programs.MERGESORT.mergesort(MERGESORT.java:47)
	at java_programs.MERGESORT.mergesort(MERGESORT.java:47)
	at java_programs.MERGESORT.mergesort(MERGESORT.java:47)
	at java_programs.MERGESORT.mergesort(MERGESORT.java:47)
	at java_programs.MERGESORT.mergesort(MERGESORT.java:47)
	at java_programs.MERGESORT.mergesort(MERGESORT.java:47)
	at java_programs.MERGESORT.mergesort(MERGESORT.java:47)
	at java_programs.MERGESORT.mergesort(MERGESORT.java:47)
	at java_programs.MERGESORT.mergesort(MERGESORT.java:47)
	at java_programs.MERGESORT.mergesort(MERGESORT.java:47)
	at java_programs.MERGESORT.mergesort(MERGESORT.java:47)
	at java_programs.MERGESORT.mergesort(MERGESORT.java:47)
	at java_programs.MERGESORT.mergesort(MERGESORT.java:47)
	at java_programs.MERGESORT.mergesort(MERGESORT.java:47)
	at java_programs.MERGESORT.mergesort(MERGESORT.java:47)
	at java_programs.MERGESORT.mergesort(MERGESORT.java:47)
	at java_programs.MERGESORT.mergesort(MERGESORT.java:47)
	at java_programs.MERGESORT.mergesort(MERGESORT.java:47)
	at java_programs.MERGESORT.mergesort(MERGESORT.java:47)
	at java_programs.MERGESORT.mergesort(MERGESORT.java:47)
	at java_programs.MERGESORT.mergesort(MERGESORT.java:47)
	at java_programs.MERGESORT.mergesort(MERGESORT.java:47)
	at java_programs.MERGESORT.mergesort(MERGESORT.java:47)
	at java_programs.MERGESORT.mergesort(MERGESORT.java:47)
	at java_programs.MERGESORT.mergesort(MERGESORT.java:47)
	at java_programs.MERGESORT.mergesort(MERGESORT.java:47)
	at java_programs.MERGESORT.mergesort(MERGESORT.java:47)
	at java_programs.MERGESORT.mergesort(MERGESORT.java:47)
	at java_programs.MERGESORT.mergesort(MERGESORT.java:47)
	at java_programs.MERGESORT.mergesort(MERGESORT.java:47)
	at java_programs.MERGESORT.mergesort(MERGESORT.java:47)
	at java_programs.MERGESORT.mergesort(MERGESORT.java:47)
	at java_programs.MERGESORT.mergesort(MERGESORT.java:47)
	at java_programs.MERGESORT.mergesort(MERGESORT.java:47)
	at java_programs.MERGESORT.mergesort(MERGESORT.java:47)
	at java_programs.MERGESORT.mergesort(MERGESORT.java:47)
	at java_programs.MERGESORT.mergesort(MERGESORT.java:47)
	at java_programs.MERGESORT.mergesort(MERGESORT.java:47)
	at java_programs.MERGESORT.mergesort(MERGESORT.java:47)
	at java_programs.MERGESORT.mergesort(MERGESORT.java:47)
	at java_programs.MERGESORT.mergesort(MERGESORT.java:47)
	at java_programs.MERGESORT.mergesort(MERGESORT.java:47)
	at java_programs.MERGESORT.mergesort(MERGESORT.java:47)
	at java_programs.MERGESORT.mergesort(MERGESORT.java:47)
	at java_programs.MERGESORT.mergesort(MERGESORT.java:47)
	at java_programs.MERGESORT.mergesort(MERGESORT.java:47)
	at java_programs.MERGESORT.mergesort(MERGESORT.java:47)
	at java_programs.MERGESORT.mergesort(MERGESORT.java:47)
	at java_programs.MERGESORT.mergesort(MERGESORT.java:47)
	at java_programs.MERGESORT.mergesort(MERGESORT.java:47)
	at java_programs.MERGESORT.mergesort(MERGESORT.java:47)
	at java_programs.MERGESORT.mergesort(MERGESORT.java:47)
	at java_programs.MERGESORT.mergesort(MERGESORT.java:47)
	at java_programs.MERGESORT.mergesort(MERGESORT.java:47)
	at java_programs.MERGESORT.mergesort(MERGESORT.java:47)
	at java_programs.MERGESORT.mergesort(MERGESORT.java:47)
	at java_programs.MERGESORT.mergesort(MERGESORT.java:47)
	at java_programs.MERGESORT.mergesort(MERGESORT.java:47)
	at java_programs.MERGESORT.mergesort(MERGESORT.java:47)
	at java_programs.MERGESORT.mergesort(MERGESORT.java:47)
	at java_programs.MERGESORT.mergesort(MERGESORT.java:47)
	at java_programs.MERGESORT.mergesort(MERGESORT.java:47)
	at java_programs.MERGESORT.mergesort(MERGESORT.java:47)
	at java_programs.MERGESORT.mergesort(MERGESORT.java:47)
	at java_programs.MERGESORT.mergesort(MERGESORT.java:47)
	at java_programs.MERGESORT.mergesort(MERGESORT.java:47)
	at java_programs.MERGESORT.mergesort(MERGESORT.java:47)
	at java_programs.MERGESORT.mergesort(MERGESORT.java:47)
	at java_programs.MERGESORT.mergesort(MERGESORT.java:47)
	at java_programs.MERGESORT.mergesort(MERGESORT.java:47)
	at java_programs.MERGESORT.mergesort(MERGESORT.java:47)
	at java_programs.MERGESORT.mergesort(MERGESORT.java:47)
	at java_programs.MERGESORT.mergesort(MERGESORT.java:47)
	at java_programs.MERGESORT.mergesort(MERGESORT.java:47)
	at java_programs.MERGESORT.mergesort(MERGESORT.java:47)
	at java_programs.MERGESORT.mergesort(MERGESORT.java:47)
	at java_programs.MERGESORT.mergesort(MERGESORT.java:47)
	at java_programs.MERGESORT.mergesort(MERGESORT.java:47)
	at java_programs.MERGESORT.mergesort(MERGESORT.java:47)
	at java_programs.MERGESORT.mergesort(MERGESORT.java:47)
	at java_programs.MERGESORT.mergesort(MERGESORT.java:47)
	at java_programs.MERGESORT.mergesort(MERGESORT.java:47)
	at java_programs.MERGESORT.mergesort(MERGESORT.java:47)
	at java_programs.MERGESORT.mergesort(MERGESORT.java:47)
	at java_programs.MERGESORT.mergesort(MERGESORT.java:47)
	at java_programs.MERGESORT.mergesort(MERGESORT.java:47)
	at java_programs.MERGESORT.mergesort(MERGESORT.java:47)
	at java_programs.MERGESORT.mergesort(MERGESORT.java:47)
	at java_programs.MERGESORT.mergesort(MERGESORT.java:47)
	at java_programs.MERGESORT.mergesort(MERGESORT.java:47)
	at java_programs.MERGESORT.mergesort(MERGESORT.java:47)
	at java_programs.MERGESORT.mergesort(MERGESORT.java:47)
	at java_programs.MERGESORT.mergesort(MERGESORT.java:47)
	at java_programs.MERGESORT.mergesort(MERGESORT.java:47)
	at java_programs.MERGESORT.mergesort(MERGESORT.java:47)
	at java_programs.MERGESORT.mergesort(MERGESORT.java:47)
	at java_programs.MERGESORT.mergesort(MERGESORT.java:47)
	at java_programs.MERGESORT.mergesort(MERGESORT.java:47)
	at java_programs.MERGESORT.mergesort(MERGESORT.java:47)
	at java_programs.MERGESORT.mergesort(MERGESORT.java:47)
	at java_programs.MERGESORT.mergesort(MERGESORT.java:47)
	at java_programs.MERGESORT.mergesort(MERGESORT.java:47)
	at java_programs.MERGESORT.mergesort(MERGESORT.java:47)
	at java_programs.MERGESORT.mergesort(MERGESORT.java:47)
	at java_programs.MERGESORT.mergesort(MERGESORT.java:47)
	at java_programs.MERGESORT.mergesort(MERGESORT.java:47)
	at java_programs.MERGESORT.mergesort(MERGESORT.java:47)
	at java_programs.MERGESORT.mergesort(MERGESORT.java:47)
	at java_programs.MERGESORT.mergesort(MERGESORT.java:47)
	at java_programs.MERGESORT.mergesort(MERGESORT.java:47)
	at java_programs.MERGESORT.mergesort(MERGESORT.java:47)
	at java_programs.MERGESORT.mergesort(MERGESORT.java:47)
	at java_programs.MERGESORT.mergesort(MERGESORT.java:47)
	at java_programs.MERGESORT.mergesort(MERGESORT.java:47)
	at java_programs.MERGESORT.mergesort(MERGESORT.java:47)
	at java_programs.MERGESORT.mergesort(MERGESORT.java:47)
	at java_programs.MERGESORT.mergesort(MERGESORT.java:47)
	at java_programs.MERGESORT.mergesort(MERGESORT.java:47)
	at java_programs.MERGESORT.mergesort(MERGESORT.java:47)
	at java_programs.MERGESORT.mergesort(MERGESORT.java:47)
	at java_programs.MERGESORT.mergesort(MERGESORT.java:47)
	at java_programs.MERGESORT.mergesort(MERGESORT.java:47)
	at java_programs.MERGESORT.mergesort(MERGESORT.java:47)
	at java_programs.MERGESORT.mergesort(MERGESORT.java:47)
	at java_programs.MERGESORT.mergesort(MERGESORT.java:47)
	at java_programs.MERGESORT.mergesort(MERGESORT.java:47)
	at java_programs.MERGESORT.mergesort(MERGESORT.java:47)
	at java_programs.MERGESORT.mergesort(MERGESORT.java:47)
	at java_programs.MERGESORT.mergesort(MERGESORT.java:47)
	at java_programs.MERGESORT.mergesort(MERGESORT.java:47)
	at java_programs.MERGESORT.mergesort(MERGESORT.java:47)
	at java_programs.MERGESORT.mergesort(MERGESORT.java:47)
	at java_programs.MERGESORT.mergesort(MERGESORT.java:47)
	at java_programs.MERGESORT.mergesort(MERGESORT.java:47)
	at java_programs.MERGESORT.mergesort(MERGESORT.java:47)
	at java_programs.MERGESORT.mergesort(MERGESORT.java:47)
	at java_programs.MERGESORT.mergesort(MERGESORT.java:47)
	at java_programs.MERGESORT.mergesort(MERGESORT.java:47)
	at java_programs.MERGESORT.mergesort(MERGESORT.java:47)
	at java_programs.MERGESORT.mergesort(MERGESORT.java:47)
	at java_programs.MERGESORT.mergesort(MERGESORT.java:47)
	at java_programs.MERGESORT.mergesort(MERGESORT.java:47)
	at java_programs.MERGESORT.mergesort(MERGESORT.java:47)
	at java_programs.MERGESORT.mergesort(MERGESORT.java:47)
	at java_programs.MERGESORT.mergesort(MERGESORT.java:47)
	at java_programs.MERGESORT.mergesort(MERGESORT.java:47)
	at java_programs.MERGESORT.mergesort(MERGESORT.java:47)
	at java_programs.MERGESORT.mergesort(MERGESORT.java:47)
	at java_programs.MERGESORT.mergesort(MERGESORT.java:47)
	at java_programs.MERGESORT.mergesort(MERGESORT.java:47)
	at java_programs.MERGESORT.mergesort(MERGESORT.java:47)
	at java_programs.MERGESORT.mergesort(MERGESORT.java:47)
	at java_programs.MERGESORT.mergesort(MERGESORT.java:47)
	at java_programs.MERGESORT.mergesort(MERGESORT.java:47)
	at java_programs.MERGESORT.mergesort(MERGESORT.java:47)
	at java_programs.MERGESORT.mergesort(MERGESORT.java:47)
	at java_programs.MERGESORT.mergesort(MERGESORT.java:47)
	at java_programs.MERGESORT.mergesort(MERGESORT.java:47)
	at java_programs.MERGESORT.mergesort(MERGESORT.java:47)
	at java_programs.MERGESORT.mergesort(MERGESORT.java:47)
	at java_programs.MERGESORT.mergesort(MERGESORT.java:47)
	at java_programs.MERGESORT.mergesort(MERGESORT.java:47)
	at java_programs.MERGESORT.mergesort(MERGESORT.java:47)
	at java_programs.MERGESORT.mergesort(MERGESORT.java:47)
	at java_programs.MERGESORT.mergesort(MERGESORT.java:47)
	at java_programs.MERGESORT.mergesort(MERGESORT.java:47)
	at java_programs.MERGESORT.mergesort(MERGESORT.java:47)
	at java_programs.MERGESORT.mergesort(MERGESORT.java:47)
	at java_programs.MERGESORT.mergesort(MERGESORT.java:47)
	at java_programs.MERGESORT.mergesort(MERGESORT.java:47)
	at java_programs.MERGESORT.mergesort(MERGESORT.java:47)
	at java_programs.MERGESORT.mergesort(MERGESORT.java:47)
	at java_programs.MERGESORT.mergesort(MERGESORT.java:47)
	at java_programs.MERGESORT.mergesort(MERGESORT.java:47)
	at java_programs.MERGESORT.mergesort(MERGESORT.java:47)
	at java_programs.MERGESORT.mergesort(MERGESORT.java:47)
	at java_programs.MERGESORT.mergesort(MERGESORT.java:47)
	at java_programs.MERGESORT.mergesort(MERGESORT.java:47)
	at java_programs.MERGESORT.mergesort(MERGESORT.java:47)
	at java_programs.MERGESORT.mergesort(MERGESORT.java:47)
	at java_programs.MERGESORT.mergesort(MERGESORT.java:47)
	at java_programs.MERGESORT.mergesort(MERGESORT.java:47)
	at java_programs.MERGESORT.mergesort(MERGESORT.java:47)
	at java_programs.MERGESORT.mergesort(MERGESORT.java:47)
	at java_programs.MERGESORT.mergesort(MERGESORT.java:47)
	at java_programs.MERGESORT.mergesort(MERGESORT.java:47)
	at java_programs.MERGESORT.mergesort(MERGESORT.java:47)
	at java_programs.MERGESORT.mergesort(MERGESORT.java:47)
	at java_programs.MERGESORT.mergesort(MERGESORT.java:47)
	at java_programs.MERGESORT.mergesort(MERGESORT.java:47)
	at java_programs.MERGESORT.mergesort(MERGESORT.java:47)
	at java_programs.MERGESORT.mergesort(MERGESORT.java:47)
	at java_programs.MERGESORT.mergesort(MERGESORT.java:47)
	at java_programs.MERGESORT.mergesort(MERGESORT.java:47)
	at java_programs.MERGESORT.mergesort(MERGESORT.java:47)
	at java_programs.MERGESORT.mergesort(MERGESORT.java:47)
	at java_programs.MERGESORT.mergesort(MERGESORT.java:47)
	at java_programs.MERGESORT.mergesort(MERGESORT.java:47)
	at java_programs.MERGESORT.mergesort(MERGESORT.java:47)
	at java_programs.MERGESORT.mergesort(MERGESORT.java:47)
	at java_programs.MERGESORT.mergesort(MERGESORT.java:47)
	at java_programs.MERGESORT.mergesort(MERGESORT.java:47)
	at java_programs.MERGESORT.mergesort(MERGESORT.java:47)
	at java_programs.MERGESORT.mergesort(MERGESORT.java:47)
	at java_programs.MERGESORT.mergesort(MERGESORT.java:47)
	at java_programs.MERGESORT.mergesort(MERGESORT.java:47)
	at java_programs.MERGESORT.mergesort(MERGESORT.java:47)
	at java_programs.MERGESORT.mergesort(MERGESORT.java:47)
	at java_programs.MERGESORT.mergesort(MERGESORT.java:47)
	at java_programs.MERGESORT.mergesort(MERGESORT.java:47)
	at java_programs.MERGESORT.mergesort(MERGESORT.java:47)
	at java_programs.MERGESORT.mergesort(MERGESORT.java:47)
	at java_programs.MERGESORT.mergesort(MERGESORT.java:47)
	at java_programs.MERGESORT.mergesort(MERGESORT.java:47)
	at java_programs.MERGESORT.mergesort(MERGESORT.java:47)
	at java_programs.MERGESORT.mergesort(MERGESORT.java:47)
	at java_programs.MERGESORT.mergesort(MERGESORT.java:47)
	at java_programs.MERGESORT.mergesort(MERGESORT.java:47)
	at java_programs.MERGESORT.mergesort(MERGESORT.java:47)
	at java_programs.MERGESORT.mergesort(MERGESORT.java:47)
	at java_programs.MERGESORT.mergesort(MERGESORT.java:47)
	at java_programs.MERGESORT.mergesort(MERGESORT.java:47)
	at java_programs.MERGESORT.mergesort(MERGESORT.java:47)
	at java_programs.MERGESORT.mergesort(MERGESORT.java:47)
	at java_programs.MERGESORT.mergesort(MERGESORT.java:47)
	at java_programs.MERGESORT.mergesort(MERGESORT.java:47)
	at java_programs.MERGESORT.mergesort(MERGESORT.java:47)
	at java_programs.MERGESORT.mergesort(MERGESORT.java:47)
	at java_programs.MERGESORT.mergesort(MERGESORT.java:47)
	at java_programs.MERGESORT.mergesort(MERGESORT.java:47)
	at java_programs.MERGESORT.mergesort(MERGESORT.java:47)
	at java_programs.MERGESORT.mergesort(MERGESORT.java:47)
	at java_programs.MERGESORT.mergesort(MERGESORT.java:47)
	at java_programs.MERGESORT.mergesort(MERGESORT.java:47)
	at java_programs.MERGESORT.mergesort(MERGESORT.java:47)
	at java_programs.MERGESORT.mergesort(MERGESORT.java:47)
	at java_programs.MERGESORT.mergesort(MERGESORT.java:47)
	at java_programs.MERGESORT.mergesort(MERGESORT.java:47)
	at java_programs.MERGESORT.mergesort(MERGESORT.java:47)
	at java_programs.MERGESORT.mergesort(MERGESORT.java:47)
	at java_programs.MERGESORT.mergesort(MERGESORT.java:47)
	at java_programs.MERGESORT.mergesort(MERGESORT.java:47)
	at java_programs.MERGESORT.mergesort(MERGESORT.java:47)
	at java_programs.MERGESORT.mergesort(MERGESORT.java:47)
	at java_programs.MERGESORT.mergesort(MERGESORT.java:47)
	at java_programs.MERGESORT.mergesort(MERGESORT.java:47)
	at java_programs.MERGESORT.mergesort(MERGESORT.java:47)
	at java_programs.MERGESORT.mergesort(MERGESORT.java:47)
	at java_programs.MERGESORT.mergesort(MERGESORT.java:47)
	at java_programs.MERGESORT.mergesort(MERGESORT.java:47)
	at java_programs.MERGESORT.mergesort(MERGESORT.java:47)
	at java_programs.MERGESORT.mergesort(MERGESORT.java:47)
	at java_programs.MERGESORT.mergesort(MERGESORT.java:47)
	at java_programs.MERGESORT.mergesort(MERGESORT.java:47)
	at java_programs.MERGESORT.mergesort(MERGESORT.java:47)
	at java_programs.MERGESORT.mergesort(MERGESORT.java:47)
	at java_programs.MERGESORT.mergesort(MERGESORT.java:47)
	at java_programs.MERGESORT.mergesort(MERGESORT.java:47)
	at java_programs.MERGESORT.mergesort(MERGESORT.java:47)
	at java_programs.MERGESORT.mergesort(MERGESORT.java:47)
	at java_programs.MERGESORT.mergesort(MERGESORT.java:47)
	at java_programs.MERGESORT.mergesort(MERGESORT.java:47)
	at java_programs.MERGESORT.mergesort(MERGESORT.java:47)
	at java_programs.MERGESORT.mergesort(MERGESORT.java:47)
	at java_programs.MERGESORT.mergesort(MERGESORT.java:47)
	at java_programs.MERGESORT.mergesort(MERGESORT.java:47)
	at java_programs.MERGESORT.mergesort(MERGESORT.java:47)
	at java_programs.MERGESORT.mergesort(MERGESORT.java:47)
	at java_programs.MERGESORT.mergesort(MERGESORT.java:47)
	at java_programs.MERGESORT.mergesort(MERGESORT.java:47)
	at java_programs.MERGESORT.mergesort(MERGESORT.java:47)
	at java_programs.MERGESORT.mergesort(MERGESORT.java:47)
	at java_programs.MERGESORT.mergesort(MERGESORT.java:47)
	at java_programs.MERGESORT.mergesort(MERGESORT.java:47)
	at java_programs.MERGESORT.mergesort(MERGESORT.java:47)
	at java_programs.MERGESORT.mergesort(MERGESORT.java:47)
	at java_programs.MERGESORT.mergesort(MERGESORT.java:47)
	at java_programs.MERGESORT.mergesort(MERGESORT.java:47)
	at java_programs.MERGESORT.mergesort(MERGESORT.java:47)
	at java_programs.MERGESORT.mergesort(MERGESORT.java:47)
	at java_programs.MERGESORT.mergesort(MERGESORT.java:47)
	at java_programs.MERGESORT.mergesort(MERGESORT.java:47)
	at java_programs.MERGESORT.mergesort(MERGESORT.java:47)
	at java_programs.MERGESORT.mergesort(MERGESORT.java:47)
	at java_programs.MERGESORT.mergesort(MERGESORT.java:47)
	at java_programs.MERGESORT.mergesort(MERGESORT.java:47)
	at java_programs.MERGESORT.mergesort(MERGESORT.java:47)
	at java_programs.MERGESORT.mergesort(MERGESORT.java:47)
	at java_programs.MERGESORT.mergesort(MERGESORT.java:47)
	at java_programs.MERGESORT.mergesort(MERGESORT.java:47)
	at java_programs.MERGESORT.mergesort(MERGESORT.java:47)
	at java_programs.MERGESORT.mergesort(MERGESORT.java:47)
	at java_programs.MERGESORT.mergesort(MERGESORT.java:47)
	at java_programs.MERGESORT.mergesort(MERGESORT.java:47)
	at java_programs.MERGESORT.mergesort(MERGESORT.java:47)
	at java_programs.MERGESORT.mergesort(MERGESORT.java:47)
	at java_programs.MERGESORT.mergesort(MERGESORT.java:47)
	at java_programs.MERGESORT.mergesort(MERGESORT.java:47)
	at java_programs.MERGESORT.mergesort(MERGESORT.java:47)
	at java_programs.MERGESORT.mergesort(MERGESORT.java:47)
	at java_programs.MERGESORT.mergesort(MERGESORT.java:47)
	at java_programs.MERGESORT.mergesort(MERGESORT.java:47)
	at java_programs.MERGESORT.mergesort(MERGESORT.java:47)
	at java_programs.MERGESORT.mergesort(MERGESORT.java:47)
	at java_programs.MERGESORT.mergesort(MERGESORT.java:47)
	at java_programs.MERGESORT.mergesort(MERGESORT.java:47)
	at java_programs.MERGESORT.mergesort(MERGESORT.java:47)
	at java_programs.MERGESORT.mergesort(MERGESORT.java:47)
	at java_programs.MERGESORT.mergesort(MERGESORT.java:47)
	at java_programs.MERGESORT.mergesort(MERGESORT.java:47)
	at java_programs.MERGESORT.mergesort(MERGESORT.java:47)
	at java_programs.MERGESORT.mergesort(MERGESORT.java:47)
	at java_programs.MERGESORT.mergesort(MERGESORT.java:47)
	at java_programs.MERGESORT.mergesort(MERGESORT.java:47)
	at java_programs.MERGESORT.mergesort(MERGESORT.java:47)
	at java_programs.MERGESORT.mergesort(MERGESORT.java:47)
	at java_programs.MERGESORT.mergesort(MERGESORT.java:47)
	at java_programs.MERGESORT.mergesort(MERGESORT.java:47)
	at java_programs.MERGESORT.mergesort(MERGESORT.java:47)
	at java_programs.MERGESORT.mergesort(MERGESORT.java:47)
	at java_programs.MERGESORT.mergesort(MERGESORT.java:47)
	at java_programs.MERGESORT.mergesort(MERGESORT.java:47)
	at java_programs.MERGESORT.mergesort(MERGESORT.java:47)
	at java_programs.MERGESORT.mergesort(MERGESORT.java:47)
	at java_programs.MERGESORT.mergesort(MERGESORT.java:47)
	at java_programs.MERGESORT.mergesort(MERGESORT.java:47)
	at java_programs.MERGESORT.mergesort(MERGESORT.java:47)
	at java_programs.MERGESORT.mergesort(MERGESORT.java:47)
	at java_programs.MERGESORT.mergesort(MERGESORT.java:47)
	at java_programs.MERGESORT.mergesort(MERGESORT.java:47)
	at java_programs.MERGESORT.mergesort(MERGESORT.java:47)
	at java_programs.MERGESORT.mergesort(MERGESORT.java:47)
	at java_programs.MERGESORT.mergesort(MERGESORT.java:47)
	at java_programs.MERGESORT.mergesort(MERGESORT.java:47)
	at java_programs.MERGESORT.mergesort(MERGESORT.java:47)
	at java_programs.MERGESORT.mergesort(MERGESORT.java:47)
	at java_programs.MERGESORT.mergesort(MERGESORT.java:47)
	at java_programs.MERGESORT.mergesort(MERGESORT.java:47)
	at java_programs.MERGESORT.mergesort(MERGESORT.java:47)
	at java_programs.MERGESORT.mergesort(MERGESORT.java:47)
	at java_programs.MERGESORT.mergesort(MERGESORT.java:47)
	at java_programs.MERGESORT.mergesort(MERGESORT.java:47)
	at java_programs.MERGESORT.mergesort(MERGESORT.java:47)
	at java_programs.MERGESORT.mergesort(MERGESORT.java:47)
	at java_programs.MERGESORT.mergesort(MERGESORT.java:47)
	at java_programs.MERGESORT.mergesort(MERGESORT.java:47)
	at java_programs.MERGESORT.mergesort(MERGESORT.java:47)
	at java_programs.MERGESORT.mergesort(MERGESORT.java:47)
	at java_programs.MERGESORT.mergesort(MERGESORT.java:47)
	at java_programs.MERGESORT.mergesort(MERGESORT.java:47)
	at java_programs.MERGESORT.mergesort(MERGESORT.java:47)
	at java_programs.MERGESORT.mergesort(MERGESORT.java:47)
	at java_programs.MERGESORT.mergesort(MERGESORT.java:47)
	at java_programs.MERGESORT.mergesort(MERGESORT.java:47)
	at java_programs.MERGESORT.mergesort(MERGESORT.java:47)
	at java_programs.MERGESORT.mergesort(MERGESORT.java:47)
	at java_programs.MERGESORT.mergesort(MERGESORT.java:47)
	at java_programs.MERGESORT.mergesort(MERGESORT.java:47)
	at java_programs.MERGESORT.mergesort(MERGESORT.java:47)
	at java_programs.MERGESORT.mergesort(MERGESORT.java:47)
	at java_programs.MERGESORT.mergesort(MERGESORT.java:47)
	at java_programs.MERGESORT.mergesort(MERGESORT.java:47)
	at java_programs.MERGESORT.mergesort(MERGESORT.java:47)
	at java_programs.MERGESORT.mergesort(MERGESORT.java:47)
	at java_programs.MERGESORT.mergesort(MERGESORT.java:47)
	at java_programs.MERGESORT.mergesort(MERGESORT.java:47)
	at java_programs.MERGESORT.mergesort(MERGESORT.java:47)
	at java_programs.MERGESORT.mergesort(MERGESORT.java:47)
	at java_programs.MERGESORT.mergesort(MERGESORT.java:47)
	at java_programs.MERGESORT.mergesort(MERGESORT.java:47)
	at java_programs.MERGESORT.mergesort(MERGESORT.java:47)
	at java_programs.MERGESORT.mergesort(MERGESORT.java:47)
	at java_programs.MERGESORT.mergesort(MERGESORT.java:47)
	at java_programs.MERGESORT.mergesort(MERGESORT.java:47)
	at java_programs.MERGESORT.mergesort(MERGESORT.java:47)
	at java_programs.MERGESORT.mergesort(MERGESORT.java:47)
	at java_programs.MERGESORT.mergesort(MERGESORT.java:47)
	at java_programs.MERGESORT.mergesort(MERGESORT.java:47)
	at java_programs.MERGESORT.mergesort(MERGESORT.java:47)
	at java_programs.MERGESORT.mergesort(MERGESORT.java:47)
	at java_programs.MERGESORT.mergesort(MERGESORT.java:47)
	at java_programs.MERGESORT.mergesort(MERGESORT.java:47)
	at java_programs.MERGESORT.mergesort(MERGESORT.java:47)
	at java_programs.MERGESORT.mergesort(MERGESORT.java:47)
	at java_programs.MERGESORT.mergesort(MERGESORT.java:47)
	at java_programs.MERGESORT.mergesort(MERGESORT.java:47)
	at java_programs.MERGESORT.mergesort(MERGESORT.java:47)
	at java_programs.MERGESORT.mergesort(MERGESORT.java:47)
	at java_programs.MERGESORT.mergesort(MERGESORT.java:47)
	at java_programs.MERGESORT.mergesort(MERGESORT.java:47)
	at java_programs.MERGESORT.mergesort(MERGESORT.java:47)
	at java_programs.MERGESORT.mergesort(MERGESORT.java:47)
	at java_programs.MERGESORT.mergesort(MERGESORT.java:47)
	at java_programs.MERGESORT.mergesort(MERGESORT.java:47)
	at java_programs.MERGESORT.mergesort(MERGESORT.java:47)
	at java_programs.MERGESORT.mergesort(MERGESORT.java:47)
	at java_programs.MERGESORT.mergesort(MERGESORT.java:47)
	at java_programs.MERGESORT.mergesort(MERGESORT.java:47)
	at java_programs.MERGESORT.mergesort(MERGESORT.java:47)
	at java_programs.MERGESORT.mergesort(MERGESORT.java:47)
	at java_programs.MERGESORT.mergesort(MERGESORT.java:47)
	at java_programs.MERGESORT.mergesort(MERGESORT.java:47)
	at java_programs.MERGESORT.mergesort(MERGESORT.java:47)
	at java_programs.MERGESORT.mergesort(MERGESORT.java:47)
	at java_programs.MERGESORT.mergesort(MERGESORT.java:47)
	at java_programs.MERGESORT.mergesort(MERGESORT.java:47)
	at java_programs.MERGESORT.mergesort(MERGESORT.java:47)
	at java_programs.MERGESORT.mergesort(MERGESORT.java:47)
	at java_programs.MERGESORT.mergesort(MERGESORT.java:47)
	at java_programs.MERGESORT.mergesort(MERGESORT.java:47)
	at java_programs.MERGESORT.mergesort(MERGESORT.java:47)
	at java_programs.MERGESORT.mergesort(MERGESORT.java:47)
	at java_programs.MERGESORT.mergesort(MERGESORT.java:47)
	at java_programs.MERGESORT.mergesort(MERGESORT.java:47)
	at java_programs.MERGESORT.mergesort(MERGESORT.java:47)
	at java_programs.MERGESORT.mergesort(MERGESORT.java:47)
	at java_programs.MERGESORT.mergesort(MERGESORT.java:47)
	at java_programs.MERGESORT.mergesort(MERGESORT.java:47)
	at java_programs.MERGESORT.mergesort(MERGESORT.java:47)
	at java_programs.MERGESORT.mergesort(MERGESORT.java:47)
	at java_programs.MERGESORT.mergesort(MERGESORT.java:47)
	at java_programs.MERGESORT.mergesort(MERGESORT.java:47)
	at java_programs.MERGESORT.mergesort(MERGESORT.java:47)
	at java_programs.MERGESORT.mergesort(MERGESORT.java:47)
	at java_programs.MERGESORT.mergesort(MERGESORT.java:47)
	at java_programs.MERGESORT.mergesort(MERGESORT.java:47)
	at java_programs.MERGESORT.mergesort(MERGESORT.java:47)
	at java_programs.MERGESORT.mergesort(MERGESORT.java:47)
	at java_programs.MERGESORT.mergesort(MERGESORT.java:47)
	at java_programs.MERGESORT.mergesort(MERGESORT.java:47)
	at java_programs.MERGESORT.mergesort(MERGESORT.java:47)
	at java_programs.MERGESORT.mergesort(MERGESORT.java:47)
	at java_programs.MERGESORT.mergesort(MERGESORT.java:47)
	at java_programs.MERGESORT.mergesort(MERGESORT.java:47)
	at java_programs.MERGESORT.mergesort(MERGESORT.java:47)
	at java_programs.MERGESORT.mergesort(MERGESORT.java:47)
	at java_programs.MERGESORT.mergesort(MERGESORT.java:47)
	at java_programs.MERGESORT.mergesort(MERGESORT.java:47)
	at java_programs.MERGESORT.mergesort(MERGESORT.java:47)
	at java_programs.MERGESORT.mergesort(MERGESORT.java:47)
	at java_programs.MERGESORT.mergesort(MERGESORT.java:47)
	at java_programs.MERGESORT.mergesort(MERGESORT.java:47)
	at java_programs.MERGESORT.mergesort(MERGESORT.java:47)
	at java_programs.MERGESORT.mergesort(MERGESORT.java:47)
	at java_programs.MERGESORT.mergesort(MERGESORT.java:47)
	at java_programs.MERGESORT.mergesort(MERGESORT.java:47)
	at java_programs.MERGESORT.mergesort(MERGESORT.java:47)
	at java_programs.MERGESORT.mergesort(MERGESORT.java:47)
	at java_programs.MERGESORT.mergesort(MERGESORT.java:47)
	at java_programs.MERGESORT.mergesort(MERGESORT.java:47)
	at java_programs.MERGESORT.mergesort(MERGESORT.java:47)
	at java_programs.MERGESORT.mergesort(MERGESORT.java:47)
	at java_programs.MERGESORT.mergesort(MERGESORT.java:47)
	at java_programs.MERGESORT.mergesort(MERGESORT.java:47)
	at java_programs.MERGESORT.mergesort(MERGESORT.java:47)
	at java_programs.MERGESORT.mergesort(MERGESORT.java:47)
	at java_programs.MERGESORT.mergesort(MERGESORT.java:47)
	at java_programs.MERGESORT.mergesort(MERGESORT.java:47)
	at java_programs.MERGESORT.mergesort(MERGESORT.java:47)
	at java_programs.MERGESORT.mergesort(MERGESORT.java:47)
	at java_programs.MERGESORT.mergesort(MERGESORT.java:47)
	at java_programs.MERGESORT.mergesort(MERGESORT.java:47)
	at java_programs.MERGESORT.mergesort(MERGESORT.java:47)
	at java_programs.MERGESORT.mergesort(MERGESORT.java:47)
	at java_programs.MERGESORT.mergesort(MERGESORT.java:47)
	at java_programs.MERGESORT.mergesort(MERGESORT.java:47)
	at java_programs.MERGESORT.mergesort(MERGESORT.java:47)
	at java_programs.MERGESORT.mergesort(MERGESORT.java:47)
	at java_programs.MERGESORT.mergesort(MERGESORT.java:47)
	at java_programs.MERGESORT.mergesort(MERGESORT.java:47)
	at java_programs.MERGESORT.mergesort(MERGESORT.java:47)
	at java_programs.MERGESORT.mergesort(MERGESORT.java:47)
	at java_programs.MERGESORT.mergesort(MERGESORT.java:47)
	at java_programs.MERGESORT.mergesort(MERGESORT.java:47)
	at java_programs.MERGESORT.mergesort(MERGESORT.java:47)
	at java_programs.MERGESORT.mergesort(MERGESORT.java:47)
	at java_programs.MERGESORT.mergesort(MERGESORT.java:47)
	at java_programs.MERGESORT.mergesort(MERGESORT.java:47)
	at java_programs.MERGESORT.mergesort(MERGESORT.java:47)
	at java_programs.MERGESORT.mergesort(MERGESORT.java:47)
	at java_programs.MERGESORT.mergesort(MERGESORT.java:47)
	at java_programs.MERGESORT.mergesort(MERGESORT.java:47)
	at java_programs.MERGESORT.mergesort(MERGESORT.java:47)
	at java_programs.MERGESORT.mergesort(MERGESORT.java:47)
	at java_programs.MERGESORT.mergesort(MERGESORT.java:47)
	at java_programs.MERGESORT.mergesort(MERGESORT.java:47)
	at java_programs.MERGESORT.mergesort(MERGESORT.java:47)
	at java_programs.MERGESORT.mergesort(MERGESORT.java:47)
	at java_programs.MERGESORT.mergesort(MERGESORT.java:47)
	at java_programs.MERGESORT.mergesort(MERGESORT.java:47)
	at java_programs.MERGESORT.mergesort(MERGESORT.java:47)
	at java_programs.MERGESORT.mergesort(MERGESORT.java:47)
	at java_programs.MERGESORT.mergesort(MERGESORT.java:47)
	at java_programs.MERGESORT.mergesort(MERGESORT.java:47)
	at java_programs.MERGESORT.mergesort(MERGESORT.java:47)
	at java_programs.MERGESORT.mergesort(MERGESORT.java:47)
	at java_programs.MERGESORT.mergesort(MERGESORT.java:47)
	at java_programs.MERGESORT.mergesort(MERGESORT.java:47)
	at java_programs.MERGESORT.mergesort(MERGESORT.java:47)
	at java_programs.MERGESORT.mergesort(MERGESORT.java:47)
	at java_programs.MERGESORT.mergesort(MERGESORT.java:47)
	at java_programs.MERGESORT.mergesort(MERGESORT.java:47)
	at java_programs.MERGESORT.mergesort(MERGESORT.java:47)
	at java_programs.MERGESORT.mergesort(MERGESORT.java:47)
	at java_programs.MERGESORT.mergesort(MERGESORT.java:47)
	at java_programs.MERGESORT.mergesort(MERGESORT.java:47)
	at java_programs.MERGESORT.mergesort(MERGESORT.java:47)
	at java_programs.MERGESORT.mergesort(MERGESORT.java:47)
	at java_programs.MERGESORT.mergesort(MERGESORT.java:47)
	at java_programs.MERGESORT.mergesort(MERGESORT.java:47)
	at java_programs.MERGESORT.mergesort(MERGESORT.java:47)
	at java_programs.MERGESORT.mergesort(MERGESORT.java:47)
	at java_programs.MERGESORT.mergesort(MERGESORT.java:47)
	at java_programs.MERGESORT.mergesort(MERGESORT.java:47)
	at java_programs.MERGESORT.mergesort(MERGESORT.java:47)
	at java_programs.MERGESORT.mergesort(MERGESORT.java:47)
	at java_programs.MERGESORT.mergesort(MERGESORT.java:47)
	at java_programs.MERGESORT.mergesort(MERGESORT.java:47)
	at java_programs.MERGESORT.mergesort(MERGESORT.java:47)
	at java_programs.MERGESORT.mergesort(MERGESORT.java:47)
	at java_programs.MERGESORT.mergesort(MERGESORT.java:47)
	at java_programs.MERGESORT.mergesort(MERGESORT.java:47)
	at java_programs.MERGESORT.mergesort(MERGESORT.java:47)
	at java_programs.MERGESORT.mergesort(MERGESORT.java:47)
	at java_programs.MERGESORT.mergesort(MERGESORT.java:47)
	at java_programs.MERGESORT.mergesort(MERGESORT.java:47)
	at java_programs.MERGESORT.mergesort(MERGESORT.java:47)
	at java_programs.MERGESORT.mergesort(MERGESORT.java:47)
	at java_programs.MERGESORT.mergesort(MERGESORT.java:47)
	at java_programs.MERGESORT.mergesort(MERGESORT.java:47)
	at java_programs.MERGESORT.mergesort(MERGESORT.java:47)
	at java_programs.MERGESORT.mergesort(MERGESORT.java:47)
	at java_programs.MERGESORT.mergesort(MERGESORT.java:47)
	at java_programs.MERGESORT.mergesort(MERGESORT.java:47)
	at java_programs.MERGESORT.mergesort(MERGESORT.java:47)
	at java_programs.MERGESORT.mergesort(MERGESORT.java:47)
	at java_programs.MERGESORT.mergesort(MERGESORT.java:47)
	at java_programs.MERGESORT.mergesort(MERGESORT.java:47)
	at java_programs.MERGESORT.mergesort(MERGESORT.java:47)
	at java_programs.MERGESORT.mergesort(MERGESORT.java:47)
	at java_programs.MERGESORT.mergesort(MERGESORT.java:47)
	at java_programs.MERGESORT.mergesort(MERGESORT.java:47)
	at java_programs.MERGESORT.mergesort(MERGESORT.java:47)
	at java_programs.MERGESORT.mergesort(MERGESORT.java:47)
	at java_programs.MERGESORT.mergesort(MERGESORT.java:47)
	at java_programs.MERGESORT.mergesort(MERGESORT.java:47)
	at java_programs.MERGESORT.mergesort(MERGESORT.java:47)
	at java_programs.MERGESORT.mergesort(MERGESORT.java:47)
	at java_programs.MERGESORT.mergesort(MERGESORT.java:47)
	at java_programs.MERGESORT.mergesort(MERGESORT.java:47)
	at java_programs.MERGESORT.mergesort(MERGESORT.java:47)
	at java_programs.MERGESORT.mergesort(MERGESORT.java:47)
	at java_programs.MERGESORT.mergesort(MERGESORT.java:47)
	at java_programs.MERGESORT.mergesort(MERGESORT.java:47)
	at java_programs.MERGESORT.mergesort(MERGESORT.java:47)
	at java_programs.MERGESORT.mergesort(MERGESORT.java:47)
	at java_programs.MERGESORT.mergesort(MERGESORT.java:47)
	at java_programs.MERGESORT.mergesort(MERGESORT.java:47)
	at java_programs.MERGESORT.mergesort(MERGESORT.java:47)
	at java_programs.MERGESORT.mergesort(MERGESORT.java:47)
	at java_programs.MERGESORT.mergesort(MERGESORT.java:47)
	at java_programs.MERGESORT.mergesort(MERGESORT.java:47)
	at java_programs.MERGESORT.mergesort(MERGESORT.java:47)
	at java_programs.MERGESORT.mergesort(MERGESORT.java:47)
	at java_programs.MERGESORT.mergesort(MERGESORT.java:47)
	at java_programs.MERGESORT.mergesort(MERGESORT.java:47)
	at java_programs.MERGESORT.mergesort(MERGESORT.java:47)
	at java_programs.MERGESORT.mergesort(MERGESORT.java:47)
	at java_programs.MERGESORT.mergesort(MERGESORT.java:47)
	at java_programs.MERGESORT.mergesort(MERGESORT.java:47)
	at java_programs.MERGESORT.mergesort(MERGESORT.java:47)
	at java_programs.MERGESORT.mergesort(MERGESORT.java:47)
	at java_programs.MERGESORT.mergesort(MERGESORT.java:47)
	at java_programs.MERGESORT.mergesort(MERGESORT.java:47)
	at java_programs.MERGESORT.mergesort(MERGESORT.java:47)
	at java_programs.MERGESORT.mergesort(MERGESORT.java:47)
	at java_programs.MERGESORT.mergesort(MERGESORT.java:47)
	at java_programs.MERGESORT.mergesort(MERGESORT.java:47)
	at java_programs.MERGESORT.mergesort(MERGESORT.java:47)
	at java_programs.MERGESORT.mergesort(MERGESORT.java:47)
	at java_programs.MERGESORT.mergesort(MERGESORT.java:47)
	at java_programs.MERGESORT.mergesort(MERGESORT.java:47)
	at java_programs.MERGESORT.mergesort(MERGESORT.java:47)
	at java_programs.MERGESORT.mergesort(MERGESORT.java:47)
	at java_programs.MERGESORT.mergesort(MERGESORT.java:47)
	at java_programs.MERGESORT.mergesort(MERGESORT.java:47)
	at java_programs.MERGESORT.mergesort(MERGESORT.java:47)
	at java_programs.MERGESORT.mergesort(MERGESORT.java:47)
	at java_programs.MERGESORT.mergesort(MERGESORT.java:47)
	at java_programs.MERGESORT.mergesort(MERGESORT.java:47)
	at java_programs.MERGESORT.mergesort(MERGESORT.java:47)
	at java_programs.MERGESORT.mergesort(MERGESORT.java:47)
	at java_programs.MERGESORT.mergesort(MERGESORT.java:47)
	at java_programs.MERGESORT.mergesort(MERGESORT.java:47)
	at java_programs.MERGESORT.mergesort(MERGESORT.java:47)
	at java_programs.MERGESORT.mergesort(MERGESORT.java:47)
	at java_programs.MERGESORT.mergesort(MERGESORT.java:47)
	at java_programs.MERGESORT.mergesort(MERGESORT.java:47)
	at java_programs.MERGESORT.mergesort(MERGESORT.java:47)
	at java_programs.MERGESORT.mergesort(MERGESORT.java:47)
	at java_programs.MERGESORT.mergesort(MERGESORT.java:47)
	at java_programs.MERGESORT.mergesort(MERGESORT.java:47)
	at java_programs.MERGESORT.mergesort(MERGESORT.java:47)
	at java_programs.MERGESORT.mergesort(MERGESORT.java:47)
	at java_programs.MERGESORT.mergesort(MERGESORT.java:47)
	at java_programs.MERGESORT.mergesort(MERGESORT.java:47)
	at java_programs.MERGESORT.mergesort(MERGESORT.java:47)
	at java_programs.MERGESORT.mergesort(MERGESORT.java:47)
	at java_programs.MERGESORT.mergesort(MERGESORT.java:47)
	at java_programs.MERGESORT.mergesort(MERGESORT.java:47)
	at java_programs.MERGESORT.mergesort(MERGESORT.java:47)
	at java_programs.MERGESORT.mergesort(MERGESORT.java:47)
	at java_programs.MERGESORT.mergesort(MERGESORT.java:47)
	at java_programs.MERGESORT.mergesort(MERGESORT.java:47)
	at java_programs.MERGESORT.mergesort(MERGESORT.java:47)
	at java_programs.MERGESORT.mergesort(MERGESORT.java:47)
	at java_programs.MERGESORT.mergesort(MERGESORT.java:47)
	at java_programs.MERGESORT.mergesort(MERGESORT.java:47)
	at java_programs.MERGESORT.mergesort(MERGESORT.java:47)
	at java_programs.MERGESORT.mergesort(MERGESORT.java:47)
	at java_programs.MERGESORT.mergesort(MERGESORT.java:47)
	at java_programs.MERGESORT.mergesort(MERGESORT.java:47)
	at java_programs.MERGESORT.mergesort(MERGESORT.java:47)
	at java_programs.MERGESORT.mergesort(MERGESORT.java:47)
	at java_programs.MERGESORT.mergesort(MERGESORT.java:47)
	at java_programs.MERGESORT.mergesort(MERGESORT.java:47)
	at java_programs.MERGESORT.mergesort(MERGESORT.java:47)
	at java_programs.MERGESORT.mergesort(MERGESORT.java:47)
	at java_programs.MERGESORT.mergesort(MERGESORT.java:47)
	at java_programs.MERGESORT.mergesort(MERGESORT.java:47)
	at java_programs.MERGESORT.mergesort(MERGESORT.java:47)
	at java_programs.MERGESORT.mergesort(MERGESORT.java:47)
	at java_programs.MERGESORT.mergesort(MERGESORT.java:47)
	at java_programs.MERGESORT.mergesort(MERGESORT.java:47)
	at java_programs.MERGESORT.mergesort(MERGESORT.java:47)
	at java_programs.MERGESORT.mergesort(MERGESORT.java:47)
	at java_programs.MERGESORT.mergesort(MERGESORT.java:47)
	at java_programs.MERGESORT.mergesort(MERGESORT.java:47)
	at java_programs.MERGESORT.mergesort(MERGESORT.java:47)
	at java_programs.MERGESORT.mergesort(MERGESORT.java:47)
	at java_programs.MERGESORT.mergesort(MERGESORT.java:47)
	at java_programs.MERGESORT.mergesort(MERGESORT.java:47)
	at java_programs.MERGESORT.mergesort(MERGESORT.java:47)
	at java_programs.MERGESORT.mergesort(MERGESORT.java:47)
	at java_programs.MERGESORT.mergesort(MERGESORT.java:47)
	at java_programs.MERGESORT.mergesort(MERGESORT.java:47)
	at java_programs.MERGESORT.mergesort(MERGESORT.java:47)
	at java_programs.MERGESORT.mergesort(MERGESORT.java:47)
	at java_programs.MERGESORT.mergesort(MERGESORT.java:47)
	at java_programs.MERGESORT.mergesort(MERGESORT.java:47)
	at java_programs.MERGESORT.mergesort(MERGESORT.java:47)
	at java_programs.MERGESORT.mergesort(MERGESORT.java:47)
	at java_programs.MERGESORT.mergesort(MERGESORT.java:47)
	at java_programs.MERGESORT.mergesort(MERGESORT.java:47)
	at java_programs.MERGESORT.mergesort(MERGESORT.java:47)
	at java_programs.MERGESORT.mergesort(MERGESORT.java:47)
	at java_programs.MERGESORT.mergesort(MERGESORT.java:47)
	at java_programs.MERGESORT.mergesort(MERGESORT.java:47)
	at java_programs.MERGESORT.mergesort(MERGESORT.java:47)
	at java_programs.MERGESORT.mergesort(MERGESORT.java:47)
	at java_programs.MERGESORT.mergesort(MERGESORT.java:47)
	at java_programs.MERGESORT.mergesort(MERGESORT.java:47)
	at java_programs.MERGESORT.mergesort(MERGESORT.java:47)
	at java_programs.MERGESORT.mergesort(MERGESORT.java:47)
	at java_programs.MERGESORT.mergesort(MERGESORT.java:47)
	at java_programs.MERGESORT.mergesort(MERGESORT.java:47)
	at java_programs.MERGESORT.mergesort(MERGESORT.java:47)
	at java_programs.MERGESORT.mergesort(MERGESORT.java:47)
	at java_programs.MERGESORT.mergesort(MERGESORT.java:47)
	at java_programs.MERGESORT.mergesort(MERGESORT.java:47)
	at java_programs.MERGESORT.mergesort(MERGESORT.java:47)
	at java_programs.MERGESORT.mergesort(MERGESORT.java:47)
	at java_programs.MERGESORT.mergesort(MERGESORT.java:47)
	at java_programs.MERGESORT.mergesort(MERGESORT.java:47)
	at java_programs.MERGESORT.mergesort(MERGESORT.java:47)
	at java_programs.MERGESORT.mergesort(MERGESORT.java:47)
	at java_programs.MERGESORT.mergesort(MERGESORT.java:47)
	at java_programs.MERGESORT.mergesort(MERGESORT.java:47)
	at java_programs.MERGESORT.mergesort(MERGESORT.java:47)
	at java_programs.MERGESORT.mergesort(MERGESORT.java:47)
	at java_programs.MERGESORT.mergesort(MERGESORT.java:47)
	at java_programs.MERGESORT.mergesort(MERGESORT.java:47)
	at java_programs.MERGESORT.mergesort(MERGESORT.java:47)
	at java_programs.MERGESORT.mergesort(MERGESORT.java:47)
	at java_programs.MERGESORT.mergesort(MERGESORT.java:47)
	at java_programs.MERGESORT.mergesort(MERGESORT.java:47)
	at java_programs.MERGESORT.mergesort(MERGESORT.java:47)
	at java_programs.MERGESORT.mergesort(MERGESORT.java:47)
	at java_programs.MERGESORT.mergesort(MERGESORT.java:47)
	at java_programs.MERGESORT.mergesort(MERGESORT.java:47)
	at java_programs.MERGESORT.mergesort(MERGESORT.java:47)
	at java_programs.MERGESORT.mergesort(MERGESORT.java:47)
	at java_programs.MERGESORT.mergesort(MERGESORT.java:47)
	at java_programs.MERGESORT.mergesort(MERGESORT.java:47)
	at java_programs.MERGESORT.mergesort(MERGESORT.java:47)
	at java_programs.MERGESORT.mergesort(MERGESORT.java:47)
	at java_programs.MERGESORT.mergesort(MERGESORT.java:47)
	at java_programs.MERGESORT.mergesort(MERGESORT.java:47)
	at java_programs.MERGESORT.mergesort(MERGESORT.java:47)
	at java_programs.MERGESORT.mergesort(MERGESORT.java:47)
	at java_programs.MERGESORT.mergesort(MERGESORT.java:47)
	at java_programs.MERGESORT.mergesort(MERGESORT.java:47)
	at java_programs.MERGESORT.mergesort(MERGESORT.java:47)
	at java_programs.MERGESORT.mergesort(MERGESORT.java:47)
	at java_programs.MERGESORT.mergesort(MERGESORT.java:47)
	at java_programs.MERGESORT.mergesort(MERGESORT.java:47)
	at java_programs.MERGESORT.mergesort(MERGESORT.java:47)
	at java_programs.MERGESORT.mergesort(MERGESORT.java:47)
	at java_programs.MERGESORT.mergesort(MERGESORT.java:47)
	at java_programs.MERGESORT.mergesort(MERGESORT.java:47)
	at java_programs.MERGESORT.mergesort(MERGESORT.java:47)
	at java_programs.MERGESORT.mergesort(MERGESORT.java:47)
	at java_programs.MERGESORT.mergesort(MERGESORT.java:47)
	at java_programs.MERGESORT.mergesort(MERGESORT.java:47)
	at java_programs.MERGESORT.mergesort(MERGESORT.java:47)
	at java_programs.MERGESORT.mergesort(MERGESORT.java:47)
	at java_programs.MERGESORT.mergesort(MERGESORT.java:47)
	at java_programs.MERGESORT.mergesort(MERGESORT.java:47)
	at java_programs.MERGESORT.mergesort(MERGESORT.java:47)
	at java_programs.MERGESORT.mergesort(MERGESORT.java:47)
	at java_programs.MERGESORT.mergesort(MERGESORT.java:47)
	at java_programs.MERGESORT.mergesort(MERGESORT.java:47)
	at java_programs.MERGESORT.mergesort(MERGESORT.java:47)
	at java_programs.MERGESORT.mergesort(MERGESORT.java:47)
	at java_programs.MERGESORT.mergesort(MERGESORT.java:47)
	at java_programs.MERGESORT.mergesort(MERGESORT.java:47)
	at java_programs.MERGESORT.mergesort(MERGESORT.java:47)
	at java_programs.MERGESORT.mergesort(MERGESORT.java:47)
	at java_programs.MERGESORT.mergesort(MERGESORT.java:47)
	at java_programs.MERGESORT.mergesort(MERGESORT.java:47)
	at java_programs.MERGESORT.mergesort(MERGESORT.java:47)
	at java_programs.MERGESORT.mergesort(MERGESORT.java:47)
	at java_programs.MERGESORT.mergesort(MERGESORT.java:47)
	at java_programs.MERGESORT.mergesort(MERGESORT.java:47)
	at java_programs.MERGESORT.mergesort(MERGESORT.java:47)
	at java_programs.MERGESORT.mergesort(MERGESORT.java:47)
	at java_programs.MERGESORT.mergesort(MERGESORT.java:47)
	at java_programs.MERGESORT.mergesort(MERGESORT.java:47)
	at java_programs.MERGESORT.mergesort(MERGESORT.java:47)
	at java_programs.MERGESORT.mergesort(MERGESORT.java:47)
	at java_programs.MERGESORT.mergesort(MERGESORT.java:47)
	at java_programs.MERGESORT.mergesort(MERGESORT.java:47)
	at java_programs.MERGESORT.mergesort(MERGESORT.java:47)
	at java_programs.MERGESORT.mergesort(MERGESORT.java:47)
	at java_programs.MERGESORT.mergesort(MERGESORT.java:47)
	at java_programs.MERGESORT.mergesort(MERGESORT.java:47)
	at java_programs.MERGESORT.mergesort(MERGESORT.java:47)
	at java_programs.MERGESORT.mergesort(MERGESORT.java:47)
	at java_programs.MERGESORT.mergesort(MERGESORT.java:47)
	at java_programs.MERGESORT.mergesort(MERGESORT.java:47)
	at java_programs.MERGESORT.mergesort(MERGESORT.java:47)
	at java_programs.MERGESORT.mergesort(MERGESORT.java:47)
	at java_programs.MERGESORT.mergesort(MERGESORT.java:47)
	at java_programs.MERGESORT.mergesort(MERGESORT.java:47)
	at java_programs.MERGESORT.mergesort(MERGESORT.java:47)
	at java_programs.MERGESORT.mergesort(MERGESORT.java:47)
	at java_programs.MERGESORT.mergesort(MERGESORT.java:47)
	at java_programs.MERGESORT.mergesort(MERGESORT.java:47)
	at java_programs.MERGESORT.mergesort(MERGESORT.java:47)
	at java_programs.MERGESORT.mergesort(MERGESORT.java:47)
	at java_programs.MERGESORT.mergesort(MERGESORT.java:47)
	at java_programs.MERGESORT.mergesort(MERGESORT.java:47)
	at java_programs.MERGESORT.mergesort(MERGESORT.java:47)
	at java_programs.MERGESORT.mergesort(MERGESORT.java:47)
	at java_programs.MERGESORT.mergesort(MERGESORT.java:47)
	at java_programs.MERGESORT.mergesort(MERGESORT.java:47)
	at java_programs.MERGESORT.mergesort(MERGESORT.java:47)
	at java_programs.MERGESORT.mergesort(MERGESORT.java:47)
	at java_programs.MERGESORT.mergesort(MERGESORT.java:47)
	at java_programs.MERGESORT.mergesort(MERGESORT.java:47)
	at java_programs.MERGESORT.mergesort(MERGESORT.java:47)
	at java_programs.MERGESORT.mergesort(MERGESORT.java:47)
	at java_programs.MERGESORT.mergesort(MERGESORT.java:47)
	at java_programs.MERGESORT.mergesort(MERGESORT.java:47)
	at java_programs.MERGESORT.mergesort(MERGESORT.java:47)
	at java_programs.MERGESORT.mergesort(MERGESORT.java:47)
	at java_programs.MERGESORT.mergesort(MERGESORT.java:47)
	at java_programs.MERGESORT.mergesort(MERGESORT.java:47)
	at java_programs.MERGESORT.mergesort(MERGESORT.java:47)
	at java_programs.MERGESORT.mergesort(MERGESORT.java:47)
	at java_programs.MERGESORT.mergesort(MERGESORT.java:47)
	at java_programs.MERGESORT.mergesort(MERGESORT.java:47)
	at java_programs.MERGESORT.mergesort(MERGESORT.java:47)
	at java_programs.MERGESORT.mergesort(MERGESORT.java:47)
	at java_programs.MERGESORT.mergesort(MERGESORT.java:47)
	at java_programs.MERGESORT.mergesort(MERGESORT.java:47)
	at java_programs.MERGESORT.mergesort(MERGESORT.java:47)
	at java_programs.MERGESORT.mergesort(MERGESORT.java:47)
	at java_programs.MERGESORT.mergesort(MERGESORT.java:47)
	at java_programs.MERGESORT.mergesort(MERGESORT.java:47)
	at java_programs.MERGESORT.mergesort(MERGESORT.java:47)
	at java_programs.MERGESORT.mergesort(MERGESORT.java:47)
	at java_programs.MERGESORT.mergesort(MERGESORT.java:47)
	at java_programs.MERGESORT.mergesort(MERGESORT.java:47)
	at java_programs.MERGESORT.mergesort(MERGESORT.java:47)
	at java_programs.MERGESORT.mergesort(MERGESORT.java:47)
	at java_programs.MERGESORT.mergesort(MERGESORT.java:47)
	at java_programs.MERGESORT.mergesort(MERGESORT.java:47)
	at java_programs.MERGESORT.mergesort(MERGESORT.java:47)
	at java_programs.MERGESORT.mergesort(MERGESORT.java:47)
	at java_programs.MERGESORT.mergesort(MERGESORT.java:47)
	at java_programs.MERGESORT.mergesort(MERGESORT.java:47)
	at java_programs.MERGESORT.mergesort(MERGESORT.java:47)
	at java_programs.MERGESORT.mergesort(MERGESORT.java:47)
	at java_programs.MERGESORT.mergesort(MERGESORT.java:47)
	at java_programs.MERGESORT.mergesort(MERGESORT.java:47)
	at java_programs.MERGESORT.mergesort(MERGESORT.java:47)
	at java_programs.MERGESORT.mergesort(MERGESORT.java:47)
	at java_programs.MERGESORT.mergesort(MERGESORT.java:47)
	at java_programs.MERGESORT.mergesort(MERGESORT.java:47)
	at java_programs.MERGESORT.mergesort(MERGESORT.java:47)
	at java_programs.MERGESORT.mergesort(MERGESORT.java:47)
	at java_programs.MERGESORT.mergesort(MERGESORT.java:47)
	at java_programs.MERGESORT.mergesort(MERGESORT.java:47)
	at java_programs.MERGESORT.mergesort(MERGESORT.java:47)
	at java_programs.MERGESORT.mergesort(MERGESORT.java:47)
</failure>
  </testcase>
  <testcase name="test_4()" classname="test.java.MERGESORT_TEST" time="0.005">
    <failure message="java.lang.StackOverflowError" type="java.lang.StackOverflowError">java.lang.StackOverflowError
	at java.base/java.util.ArrayList.addAll(ArrayList.java:670)
	at java_programs.MERGESORT.mergesort(MERGESORT.java:43)
	at java_programs.MERGESORT.mergesort(MERGESORT.java:47)
	at java_programs.MERGESORT.mergesort(MERGESORT.java:47)
	at java_programs.MERGESORT.mergesort(MERGESORT.java:47)
	at java_programs.MERGESORT.mergesort(MERGESORT.java:47)
	at java_programs.MERGESORT.mergesort(MERGESORT.java:47)
	at java_programs.MERGESORT.mergesort(MERGESORT.java:47)
	at java_programs.MERGESORT.mergesort(MERGESORT.java:47)
	at java_programs.MERGESORT.mergesort(MERGESORT.java:47)
	at java_programs.MERGESORT.mergesort(MERGESORT.java:47)
	at java_programs.MERGESORT.mergesort(MERGESORT.java:47)
	at java_programs.MERGESORT.mergesort(MERGESORT.java:47)
	at java_programs.MERGESORT.mergesort(MERGESORT.java:47)
	at java_programs.MERGESORT.mergesort(MERGESORT.java:47)
	at java_programs.MERGESORT.mergesort(MERGESORT.java:47)
	at java_programs.MERGESORT.mergesort(MERGESORT.java:47)
	at java_programs.MERGESORT.mergesort(MERGESORT.java:47)
	at java_programs.MERGESORT.mergesort(MERGESORT.java:47)
	at java_programs.MERGESORT.mergesort(MERGESORT.java:47)
	at java_programs.MERGESORT.mergesort(MERGESORT.java:47)
	at java_programs.MERGESORT.mergesort(MERGESORT.java:47)
	at java_programs.MERGESORT.mergesort(MERGESORT.java:47)
	at java_programs.MERGESORT.mergesort(MERGESORT.java:47)
	at java_programs.MERGESORT.mergesort(MERGESORT.java:47)
	at java_programs.MERGESORT.mergesort(MERGESORT.java:47)
	at java_programs.MERGESORT.mergesort(MERGESORT.java:47)
	at java_programs.MERGESORT.mergesort(MERGESORT.java:47)
	at java_programs.MERGESORT.mergesort(MERGESORT.java:47)
	at java_programs.MERGESORT.mergesort(MERGESORT.java:47)
	at java_programs.MERGESORT.mergesort(MERGESORT.java:47)
	at java_programs.MERGESORT.mergesort(MERGESORT.java:47)
	at java_programs.MERGESORT.mergesort(MERGESORT.java:47)
	at java_programs.MERGESORT.mergesort(MERGESORT.java:47)
	at java_programs.MERGESORT.mergesort(MERGESORT.java:47)
	at java_programs.MERGESORT.mergesort(MERGESORT.java:47)
	at java_programs.MERGESORT.mergesort(MERGESORT.java:47)
	at java_programs.MERGESORT.mergesort(MERGESORT.java:47)
	at java_programs.MERGESORT.mergesort(MERGESORT.java:47)
	at java_programs.MERGESORT.mergesort(MERGESORT.java:47)
	at java_programs.MERGESORT.mergesort(MERGESORT.java:47)
	at java_programs.MERGESORT.mergesort(MERGESORT.java:47)
	at java_programs.MERGESORT.mergesort(MERGESORT.java:47)
	at java_programs.MERGESORT.mergesort(MERGESORT.java:47)
	at java_programs.MERGESORT.mergesort(MERGESORT.java:47)
	at java_programs.MERGESORT.mergesort(MERGESORT.java:47)
	at java_programs.MERGESORT.mergesort(MERGESORT.java:47)
	at java_programs.MERGESORT.mergesort(MERGESORT.java:47)
	at java_programs.MERGESORT.mergesort(MERGESORT.java:47)
	at java_programs.MERGESORT.mergesort(MERGESORT.java:47)
	at java_programs.MERGESORT.mergesort(MERGESORT.java:47)
	at java_programs.MERGESORT.mergesort(MERGESORT.java:47)
	at java_programs.MERGESORT.mergesort(MERGESORT.java:47)
	at java_programs.MERGESORT.mergesort(MERGESORT.java:47)
	at java_programs.MERGESORT.mergesort(MERGESORT.java:47)
	at java_programs.MERGESORT.mergesort(MERGESORT.java:47)
	at java_programs.MERGESORT.mergesort(MERGESORT.java:47)
	at java_programs.MERGESORT.mergesort(MERGESORT.java:47)
	at java_programs.MERGESORT.mergesort(MERGESORT.java:47)
	at java_programs.MERGESORT.mergesort(MERGESORT.java:47)
	at java_programs.MERGESORT.mergesort(MERGESORT.java:47)
	at java_programs.MERGESORT.mergesort(MERGESORT.java:47)
	at java_programs.MERGESORT.mergesort(MERGESORT.java:47)
	at java_programs.MERGESORT.mergesort(MERGESORT.java:47)
	at java_programs.MERGESORT.mergesort(MERGESORT.java:47)
	at java_programs.MERGESORT.mergesort(MERGESORT.java:47)
	at java_programs.MERGESORT.mergesort(MERGESORT.java:47)
	at java_programs.MERGESORT.mergesort(MERGESORT.java:47)
	at java_programs.MERGESORT.mergesort(MERGESORT.java:47)
	at java_programs.MERGESORT.mergesort(MERGESORT.java:47)
	at java_programs.MERGESORT.mergesort(MERGESORT.java:47)
	at java_programs.MERGESORT.mergesort(MERGESORT.java:47)
	at java_programs.MERGESORT.mergesort(MERGESORT.java:47)
	at java_programs.MERGESORT.mergesort(MERGESORT.java:47)
	at java_programs.MERGESORT.mergesort(MERGESORT.java:47)
	at java_programs.MERGESORT.mergesort(MERGESORT.java:47)
	at java_programs.MERGESORT.mergesort(MERGESORT.java:47)
	at java_programs.MERGESORT.mergesort(MERGESORT.java:47)
	at java_programs.MERGESORT.mergesort(MERGESORT.java:47)
	at java_programs.MERGESORT.mergesort(MERGESORT.java:47)
	at java_programs.MERGESORT.mergesort(MERGESORT.java:47)
	at java_programs.MERGESORT.mergesort(MERGESORT.java:47)
	at java_programs.MERGESORT.mergesort(MERGESORT.java:47)
	at java_programs.MERGESORT.mergesort(MERGESORT.java:47)
	at java_programs.MERGESORT.mergesort(MERGESORT.java:47)
	at java_programs.MERGESORT.mergesort(MERGESORT.java:47)
	at java_programs.MERGESORT.mergesort(MERGESORT.java:47)
	at java_programs.MERGESORT.mergesort(MERGESORT.java:47)
	at java_programs.MERGESORT.mergesort(MERGESORT.java:47)
	at java_programs.MERGESORT.mergesort(MERGESORT.java:47)
	at java_programs.MERGESORT.mergesort(MERGESORT.java:47)
	at java_programs.MERGESORT.mergesort(MERGESORT.java:47)
	at java_programs.MERGESORT.mergesort(MERGESORT.java:47)
	at java_programs.MERGESORT.mergesort(MERGESORT.java:47)
	at java_programs.MERGESORT.mergesort(MERGESORT.java:47)
	at java_programs.MERGESORT.mergesort(MERGESORT.java:47)
	at java_programs.MERGESORT.mergesort(MERGESORT.java:47)
	at java_programs.MERGESORT.mergesort(MERGESORT.java:47)
	at java_programs.MERGESORT.mergesort(MERGESORT.java:47)
	at java_programs.MERGESORT.mergesort(MERGESORT.java:47)
	at java_programs.MERGESORT.mergesort(MERGESORT.java:47)
	at java_programs.MERGESORT.mergesort(MERGESORT.java:47)
	at java_programs.MERGESORT.mergesort(MERGESORT.java:47)
	at java_programs.MERGESORT.mergesort(MERGESORT.java:47)
	at java_programs.MERGESORT.mergesort(MERGESORT.java:47)
	at java_programs.MERGESORT.mergesort(MERGESORT.java:47)
	at java_programs.MERGESORT.mergesort(MERGESORT.java:47)
	at java_programs.MERGESORT.mergesort(MERGESORT.java:47)
	at java_programs.MERGESORT.mergesort(MERGESORT.java:47)
	at java_programs.MERGESORT.mergesort(MERGESORT.java:47)
	at java_programs.MERGESORT.mergesort(MERGESORT.java:47)
	at java_programs.MERGESORT.mergesort(MERGESORT.java:47)
	at java_programs.MERGESORT.mergesort(MERGESORT.java:47)
	at java_programs.MERGESORT.mergesort(MERGESORT.java:47)
	at java_programs.MERGESORT.mergesort(MERGESORT.java:47)
	at java_programs.MERGESORT.mergesort(MERGESORT.java:47)
	at java_programs.MERGESORT.mergesort(MERGESORT.java:47)
	at java_programs.MERGESORT.mergesort(MERGESORT.java:47)
	at java_programs.MERGESORT.mergesort(MERGESORT.java:47)
	at java_programs.MERGESORT.mergesort(MERGESORT.java:47)
	at java_programs.MERGESORT.mergesort(MERGESORT.java:47)
	at java_programs.MERGESORT.mergesort(MERGESORT.java:47)
	at java_programs.MERGESORT.mergesort(MERGESORT.java:47)
	at java_programs.MERGESORT.mergesort(MERGESORT.java:47)
	at java_programs.MERGESORT.mergesort(MERGESORT.java:47)
	at java_programs.MERGESORT.mergesort(MERGESORT.java:47)
	at java_programs.MERGESORT.mergesort(MERGESORT.java:47)
	at java_programs.MERGESORT.mergesort(MERGESORT.java:47)
	at java_programs.MERGESORT.mergesort(MERGESORT.java:47)
	at java_programs.MERGESORT.mergesort(MERGESORT.java:47)
	at java_programs.MERGESORT.mergesort(MERGESORT.java:47)
	at java_programs.MERGESORT.mergesort(MERGESORT.java:47)
	at java_programs.MERGESORT.mergesort(MERGESORT.java:47)
	at java_programs.MERGESORT.mergesort(MERGESORT.java:47)
	at java_programs.MERGESORT.mergesort(MERGESORT.java:47)
	at java_programs.MERGESORT.mergesort(MERGESORT.java:47)
	at java_programs.MERGESORT.mergesort(MERGESORT.java:47)
	at java_programs.MERGESORT.mergesort(MERGESORT.java:47)
	at java_programs.MERGESORT.mergesort(MERGESORT.java:47)
	at java_programs.MERGESORT.mergesort(MERGESORT.java:47)
	at java_programs.MERGESORT.mergesort(MERGESORT.java:47)
	at java_programs.MERGESORT.mergesort(MERGESORT.java:47)
	at java_programs.MERGESORT.mergesort(MERGESORT.java:47)
	at java_programs.MERGESORT.mergesort(MERGESORT.java:47)
	at java_programs.MERGESORT.mergesort(MERGESORT.java:47)
	at java_programs.MERGESORT.mergesort(MERGESORT.java:47)
	at java_programs.MERGESORT.mergesort(MERGESORT.java:47)
	at java_programs.MERGESORT.mergesort(MERGESORT.java:47)
	at java_programs.MERGESORT.mergesort(MERGESORT.java:47)
	at java_programs.MERGESORT.mergesort(MERGESORT.java:47)
	at java_programs.MERGESORT.mergesort(MERGESORT.java:47)
	at java_programs.MERGESORT.mergesort(MERGESORT.java:47)
	at java_programs.MERGESORT.mergesort(MERGESORT.java:47)
	at java_programs.MERGESORT.mergesort(MERGESORT.java:47)
	at java_programs.MERGESORT.mergesort(MERGESORT.java:47)
	at java_programs.MERGESORT.mergesort(MERGESORT.java:47)
	at java_programs.MERGESORT.mergesort(MERGESORT.java:47)
	at java_programs.MERGESORT.mergesort(MERGESORT.java:47)
	at java_programs.MERGESORT.mergesort(MERGESORT.java:47)
	at java_programs.MERGESORT.mergesort(MERGESORT.java:47)
	at java_programs.MERGESORT.mergesort(MERGESORT.java:47)
	at java_programs.MERGESORT.mergesort(MERGESORT.java:47)
	at java_programs.MERGESORT.mergesort(MERGESORT.java:47)
	at java_programs.MERGESORT.mergesort(MERGESORT.java:47)
	at java_programs.MERGESORT.mergesort(MERGESORT.java:47)
	at java_programs.MERGESORT.mergesort(MERGESORT.java:47)
	at java_programs.MERGESORT.mergesort(MERGESORT.java:47)
	at java_programs.MERGESORT.mergesort(MERGESORT.java:47)
	at java_programs.MERGESORT.mergesort(MERGESORT.java:47)
	at java_programs.MERGESORT.mergesort(MERGESORT.java:47)
	at java_programs.MERGESORT.mergesort(MERGESORT.java:47)
	at java_programs.MERGESORT.mergesort(MERGESORT.java:47)
	at java_programs.MERGESORT.mergesort(MERGESORT.java:47)
	at java_programs.MERGESORT.mergesort(MERGESORT.java:47)
	at java_programs.MERGESORT.mergesort(MERGESORT.java:47)
	at java_programs.MERGESORT.mergesort(MERGESORT.java:47)
	at java_programs.MERGESORT.mergesort(MERGESORT.java:47)
	at java_programs.MERGESORT.mergesort(MERGESORT.java:47)
	at java_programs.MERGESORT.mergesort(MERGESORT.java:47)
	at java_programs.MERGESORT.mergesort(MERGESORT.java:47)
	at java_programs.MERGESORT.mergesort(MERGESORT.java:47)
	at java_programs.MERGESORT.mergesort(MERGESORT.java:47)
	at java_programs.MERGESORT.mergesort(MERGESORT.java:47)
	at java_programs.MERGESORT.mergesort(MERGESORT.java:47)
	at java_programs.MERGESORT.mergesort(MERGESORT.java:47)
	at java_programs.MERGESORT.mergesort(MERGESORT.java:47)
	at java_programs.MERGESORT.mergesort(MERGESORT.java:47)
	at java_programs.MERGESORT.mergesort(MERGESORT.java:47)
	at java_programs.MERGESORT.mergesort(MERGESORT.java:47)
	at java_programs.MERGESORT.mergesort(MERGESORT.java:47)
	at java_programs.MERGESORT.mergesort(MERGESORT.java:47)
	at java_programs.MERGESORT.mergesort(MERGESORT.java:47)
	at java_programs.MERGESORT.mergesort(MERGESORT.java:47)
	at java_programs.MERGESORT.mergesort(MERGESORT.java:47)
	at java_programs.MERGESORT.mergesort(MERGESORT.java:47)
	at java_programs.MERGESORT.mergesort(MERGESORT.java:47)
	at java_programs.MERGESORT.mergesort(MERGESORT.java:47)
	at java_programs.MERGESORT.mergesort(MERGESORT.java:47)
	at java_programs.MERGESORT.mergesort(MERGESORT.java:47)
	at java_programs.MERGESORT.mergesort(MERGESORT.java:47)
	at java_programs.MERGESORT.mergesort(MERGESORT.java:47)
	at java_programs.MERGESORT.mergesort(MERGESORT.java:47)
	at java_programs.MERGESORT.mergesort(MERGESORT.java:47)
	at java_programs.MERGESORT.mergesort(MERGESORT.java:47)
	at java_programs.MERGESORT.mergesort(MERGESORT.java:47)
	at java_programs.MERGESORT.mergesort(MERGESORT.java:47)
	at java_programs.MERGESORT.mergesort(MERGESORT.java:47)
	at java_programs.MERGESORT.mergesort(MERGESORT.java:47)
	at java_programs.MERGESORT.mergesort(MERGESORT.java:47)
	at java_programs.MERGESORT.mergesort(MERGESORT.java:47)
	at java_programs.MERGESORT.mergesort(MERGESORT.java:47)
	at java_programs.MERGESORT.mergesort(MERGESORT.java:47)
	at java_programs.MERGESORT.mergesort(MERGESORT.java:47)
	at java_programs.MERGESORT.mergesort(MERGESORT.java:47)
	at java_programs.MERGESORT.mergesort(MERGESORT.java:47)
	at java_programs.MERGESORT.mergesort(MERGESORT.java:47)
	at java_programs.MERGESORT.mergesort(MERGESORT.java:47)
	at java_programs.MERGESORT.mergesort(MERGESORT.java:47)
	at java_programs.MERGESORT.mergesort(MERGESORT.java:47)
	at java_programs.MERGESORT.mergesort(MERGESORT.java:47)
	at java_programs.MERGESORT.mergesort(MERGESORT.java:47)
	at java_programs.MERGESORT.mergesort(MERGESORT.java:47)
	at java_programs.MERGESORT.mergesort(MERGESORT.java:47)
	at java_programs.MERGESORT.mergesort(MERGESORT.java:47)
	at java_programs.MERGESORT.mergesort(MERGESORT.java:47)
	at java_programs.MERGESORT.mergesort(MERGESORT.java:47)
	at java_programs.MERGESORT.mergesort(MERGESORT.java:47)
	at java_programs.MERGESORT.mergesort(MERGESORT.java:47)
	at java_programs.MERGESORT.mergesort(MERGESORT.java:47)
	at java_programs.MERGESORT.mergesort(MERGESORT.java:47)
	at java_programs.MERGESORT.mergesort(MERGESORT.java:47)
	at java_programs.MERGESORT.mergesort(MERGESORT.java:47)
	at java_programs.MERGESORT.mergesort(MERGESORT.java:47)
	at java_programs.MERGESORT.mergesort(MERGESORT.java:47)
	at java_programs.MERGESORT.mergesort(MERGESORT.java:47)
	at java_programs.MERGESORT.mergesort(MERGESORT.java:47)
	at java_programs.MERGESORT.mergesort(MERGESORT.java:47)
	at java_programs.MERGESORT.mergesort(MERGESORT.java:47)
	at java_programs.MERGESORT.mergesort(MERGESORT.java:47)
	at java_programs.MERGESORT.mergesort(MERGESORT.java:47)
	at java_programs.MERGESORT.mergesort(MERGESORT.java:47)
	at java_programs.MERGESORT.mergesort(MERGESORT.java:47)
	at java_programs.MERGESORT.mergesort(MERGESORT.java:47)
	at java_programs.MERGESORT.mergesort(MERGESORT.java:47)
	at java_programs.MERGESORT.mergesort(MERGESORT.java:47)
	at java_programs.MERGESORT.mergesort(MERGESORT.java:47)
	at java_programs.MERGESORT.mergesort(MERGESORT.java:47)
	at java_programs.MERGESORT.mergesort(MERGESORT.java:47)
	at java_programs.MERGESORT.mergesort(MERGESORT.java:47)
	at java_programs.MERGESORT.mergesort(MERGESORT.java:47)
	at java_programs.MERGESORT.mergesort(MERGESORT.java:47)
	at java_programs.MERGESORT.mergesort(MERGESORT.java:47)
	at java_programs.MERGESORT.mergesort(MERGESORT.java:47)
	at java_programs.MERGESORT.mergesort(MERGESORT.java:47)
	at java_programs.MERGESORT.mergesort(MERGESORT.java:47)
	at java_programs.MERGESORT.mergesort(MERGESORT.java:47)
	at java_programs.MERGESORT.mergesort(MERGESORT.java:47)
	at java_programs.MERGESORT.mergesort(MERGESORT.java:47)
	at java_programs.MERGESORT.mergesort(MERGESORT.java:47)
	at java_programs.MERGESORT.mergesort(MERGESORT.java:47)
	at java_programs.MERGESORT.mergesort(MERGESORT.java:47)
	at java_programs.MERGESORT.mergesort(MERGESORT.java:47)
	at java_programs.MERGESORT.mergesort(MERGESORT.java:47)
	at java_programs.MERGESORT.mergesort(MERGESORT.java:47)
	at java_programs.MERGESORT.mergesort(MERGESORT.java:47)
	at java_programs.MERGESORT.mergesort(MERGESORT.java:47)
	at java_programs.MERGESORT.mergesort(MERGESORT.java:47)
	at java_programs.MERGESORT.mergesort(MERGESORT.java:47)
	at java_programs.MERGESORT.mergesort(MERGESORT.java:47)
	at java_programs.MERGESORT.mergesort(MERGESORT.java:47)
	at java_programs.MERGESORT.mergesort(MERGESORT.java:47)
	at java_programs.MERGESORT.mergesort(MERGESORT.java:47)
	at java_programs.MERGESORT.mergesort(MERGESORT.java:47)
	at java_programs.MERGESORT.mergesort(MERGESORT.java:47)
	at java_programs.MERGESORT.mergesort(MERGESORT.java:47)
	at java_programs.MERGESORT.mergesort(MERGESORT.java:47)
	at java_programs.MERGESORT.mergesort(MERGESORT.java:47)
	at java_programs.MERGESORT.mergesort(MERGESORT.java:47)
	at java_programs.MERGESORT.mergesort(MERGESORT.java:47)
	at java_programs.MERGESORT.mergesort(MERGESORT.java:47)
	at java_programs.MERGESORT.mergesort(MERGESORT.java:47)
	at java_programs.MERGESORT.mergesort(MERGESORT.java:47)
	at java_programs.MERGESORT.mergesort(MERGESORT.java:47)
	at java_programs.MERGESORT.mergesort(MERGESORT.java:47)
	at java_programs.MERGESORT.mergesort(MERGESORT.java:47)
	at java_programs.MERGESORT.mergesort(MERGESORT.java:47)
	at java_programs.MERGESORT.mergesort(MERGESORT.java:47)
	at java_programs.MERGESORT.mergesort(MERGESORT.java:47)
	at java_programs.MERGESORT.mergesort(MERGESORT.java:47)
	at java_programs.MERGESORT.mergesort(MERGESORT.java:47)
	at java_programs.MERGESORT.mergesort(MERGESORT.java:47)
	at java_programs.MERGESORT.mergesort(MERGESORT.java:47)
	at java_programs.MERGESORT.mergesort(MERGESORT.java:47)
	at java_programs.MERGESORT.mergesort(MERGESORT.java:47)
	at java_programs.MERGESORT.mergesort(MERGESORT.java:47)
	at java_programs.MERGESORT.mergesort(MERGESORT.java:47)
	at java_programs.MERGESORT.mergesort(MERGESORT.java:47)
	at java_programs.MERGESORT.mergesort(MERGESORT.java:47)
	at java_programs.MERGESORT.mergesort(MERGESORT.java:47)
	at java_programs.MERGESORT.mergesort(MERGESORT.java:47)
	at java_programs.MERGESORT.mergesort(MERGESORT.java:47)
	at java_programs.MERGESORT.mergesort(MERGESORT.java:47)
	at java_programs.MERGESORT.mergesort(MERGESORT.java:47)
	at java_programs.MERGESORT.mergesort(MERGESORT.java:47)
	at java_programs.MERGESORT.mergesort(MERGESORT.java:47)
	at java_programs.MERGESORT.mergesort(MERGESORT.java:47)
	at java_programs.MERGESORT.mergesort(MERGESORT.java:47)
	at java_programs.MERGESORT.mergesort(MERGESORT.java:47)
	at java_programs.MERGESORT.mergesort(MERGESORT.java:47)
	at java_programs.MERGESORT.mergesort(MERGESORT.java:47)
	at java_programs.MERGESORT.mergesort(MERGESORT.java:47)
	at java_programs.MERGESORT.mergesort(MERGESORT.java:47)
	at java_programs.MERGESORT.mergesort(MERGESORT.java:47)
	at java_programs.MERGESORT.mergesort(MERGESORT.java:47)
	at java_programs.MERGESORT.mergesort(MERGESORT.java:47)
	at java_programs.MERGESORT.mergesort(MERGESORT.java:47)
	at java_programs.MERGESORT.mergesort(MERGESORT.java:47)
	at java_programs.MERGESORT.mergesort(MERGESORT.java:47)
	at java_programs.MERGESORT.mergesort(MERGESORT.java:47)
	at java_programs.MERGESORT.mergesort(MERGESORT.java:47)
	at java_programs.MERGESORT.mergesort(MERGESORT.java:47)
	at java_programs.MERGESORT.mergesort(MERGESORT.java:47)
	at java_programs.MERGESORT.mergesort(MERGESORT.java:47)
	at java_programs.MERGESORT.mergesort(MERGESORT.java:47)
	at java_programs.MERGESORT.mergesort(MERGESORT.java:47)
	at java_programs.MERGESORT.mergesort(MERGESORT.java:47)
	at java_programs.MERGESORT.mergesort(MERGESORT.java:47)
	at java_programs.MERGESORT.mergesort(MERGESORT.java:47)
	at java_programs.MERGESORT.mergesort(MERGESORT.java:47)
	at java_programs.MERGESORT.mergesort(MERGESORT.java:47)
	at java_programs.MERGESORT.mergesort(MERGESORT.java:47)
	at java_programs.MERGESORT.mergesort(MERGESORT.java:47)
	at java_programs.MERGESORT.mergesort(MERGESORT.java:47)
	at java_programs.MERGESORT.mergesort(MERGESORT.java:47)
	at java_programs.MERGESORT.mergesort(MERGESORT.java:47)
	at java_programs.MERGESORT.mergesort(MERGESORT.java:47)
	at java_programs.MERGESORT.mergesort(MERGESORT.java:47)
	at java_programs.MERGESORT.mergesort(MERGESORT.java:47)
	at java_programs.MERGESORT.mergesort(MERGESORT.java:47)
	at java_programs.MERGESORT.mergesort(MERGESORT.java:47)
	at java_programs.MERGESORT.mergesort(MERGESORT.java:47)
	at java_programs.MERGESORT.mergesort(MERGESORT.java:47)
	at java_programs.MERGESORT.mergesort(MERGESORT.java:47)
	at java_programs.MERGESORT.mergesort(MERGESORT.java:47)
	at java_programs.MERGESORT.mergesort(MERGESORT.java:47)
	at java_programs.MERGESORT.mergesort(MERGESORT.java:47)
	at java_programs.MERGESORT.mergesort(MERGESORT.java:47)
	at java_programs.MERGESORT.mergesort(MERGESORT.java:47)
	at java_programs.MERGESORT.mergesort(MERGESORT.java:47)
	at java_programs.MERGESORT.mergesort(MERGESORT.java:47)
	at java_programs.MERGESORT.mergesort(MERGESORT.java:47)
	at java_programs.MERGESORT.mergesort(MERGESORT.java:47)
	at java_programs.MERGESORT.mergesort(MERGESORT.java:47)
	at java_programs.MERGESORT.mergesort(MERGESORT.java:47)
	at java_programs.MERGESORT.mergesort(MERGESORT.java:47)
	at java_programs.MERGESORT.mergesort(MERGESORT.java:47)
	at java_programs.MERGESORT.mergesort(MERGESORT.java:47)
	at java_programs.MERGESORT.mergesort(MERGESORT.java:47)
	at java_programs.MERGESORT.mergesort(MERGESORT.java:47)
	at java_programs.MERGESORT.mergesort(MERGESORT.java:47)
	at java_programs.MERGESORT.mergesort(MERGESORT.java:47)
	at java_programs.MERGESORT.mergesort(MERGESORT.java:47)
	at java_programs.MERGESORT.mergesort(MERGESORT.java:47)
	at java_programs.MERGESORT.mergesort(MERGESORT.java:47)
	at java_programs.MERGESORT.mergesort(MERGESORT.java:47)
	at java_programs.MERGESORT.mergesort(MERGESORT.java:47)
	at java_programs.MERGESORT.mergesort(MERGESORT.java:47)
	at java_programs.MERGESORT.mergesort(MERGESORT.java:47)
	at java_programs.MERGESORT.mergesort(MERGESORT.java:47)
	at java_programs.MERGESORT.mergesort(MERGESORT.java:47)
	at java_programs.MERGESORT.mergesort(MERGESORT.java:47)
	at java_programs.MERGESORT.mergesort(MERGESORT.java:47)
	at java_programs.MERGESORT.mergesort(MERGESORT.java:47)
	at java_programs.MERGESORT.mergesort(MERGESORT.java:47)
	at java_programs.MERGESORT.mergesort(MERGESORT.java:47)
	at java_programs.MERGESORT.mergesort(MERGESORT.java:47)
	at java_programs.MERGESORT.mergesort(MERGESORT.java:47)
	at java_programs.MERGESORT.mergesort(MERGESORT.java:47)
	at java_programs.MERGESORT.mergesort(MERGESORT.java:47)
	at java_programs.MERGESORT.mergesort(MERGESORT.java:47)
	at java_programs.MERGESORT.mergesort(MERGESORT.java:47)
	at java_programs.MERGESORT.mergesort(MERGESORT.java:47)
	at java_programs.MERGESORT.mergesort(MERGESORT.java:47)
	at java_programs.MERGESORT.mergesort(MERGESORT.java:47)
	at java_programs.MERGESORT.mergesort(MERGESORT.java:47)
	at java_programs.MERGESORT.mergesort(MERGESORT.java:47)
	at java_programs.MERGESORT.mergesort(MERGESORT.java:47)
	at java_programs.MERGESORT.mergesort(MERGESORT.java:47)
	at java_programs.MERGESORT.mergesort(MERGESORT.java:47)
	at java_programs.MERGESORT.mergesort(MERGESORT.java:47)
	at java_programs.MERGESORT.mergesort(MERGESORT.java:47)
	at java_programs.MERGESORT.mergesort(MERGESORT.java:47)
	at java_programs.MERGESORT.mergesort(MERGESORT.java:47)
	at java_programs.MERGESORT.mergesort(MERGESORT.java:47)
	at java_programs.MERGESORT.mergesort(MERGESORT.java:47)
	at java_programs.MERGESORT.mergesort(MERGESORT.java:47)
	at java_programs.MERGESORT.mergesort(MERGESORT.java:47)
	at java_programs.MERGESORT.mergesort(MERGESORT.java:47)
	at java_programs.MERGESORT.mergesort(MERGESORT.java:47)
	at java_programs.MERGESORT.mergesort(MERGESORT.java:47)
	at java_programs.MERGESORT.mergesort(MERGESORT.java:47)
	at java_programs.MERGESORT.mergesort(MERGESORT.java:47)
	at java_programs.MERGESORT.mergesort(MERGESORT.java:47)
	at java_programs.MERGESORT.mergesort(MERGESORT.java:47)
	at java_programs.MERGESORT.mergesort(MERGESORT.java:47)
	at java_programs.MERGESORT.mergesort(MERGESORT.java:47)
	at java_programs.MERGESORT.mergesort(MERGESORT.java:47)
	at java_programs.MERGESORT.mergesort(MERGESORT.java:47)
	at java_programs.MERGESORT.mergesort(MERGESORT.java:47)
	at java_programs.MERGESORT.mergesort(MERGESORT.java:47)
	at java_programs.MERGESORT.mergesort(MERGESORT.java:47)
	at java_programs.MERGESORT.mergesort(MERGESORT.java:47)
	at java_programs.MERGESORT.mergesort(MERGESORT.java:47)
	at java_programs.MERGESORT.mergesort(MERGESORT.java:47)
	at java_programs.MERGESORT.mergesort(MERGESORT.java:47)
	at java_programs.MERGESORT.mergesort(MERGESORT.java:47)
	at java_programs.MERGESORT.mergesort(MERGESORT.java:47)
	at java_programs.MERGESORT.mergesort(MERGESORT.java:47)
	at java_programs.MERGESORT.mergesort(MERGESORT.java:47)
	at java_programs.MERGESORT.mergesort(MERGESORT.java:47)
	at java_programs.MERGESORT.mergesort(MERGESORT.java:47)
	at java_programs.MERGESORT.mergesort(MERGESORT.java:47)
	at java_programs.MERGESORT.mergesort(MERGESORT.java:47)
	at java_programs.MERGESORT.mergesort(MERGESORT.java:47)
	at java_programs.MERGESORT.mergesort(MERGESORT.java:47)
	at java_programs.MERGESORT.mergesort(MERGESORT.java:47)
	at java_programs.MERGESORT.mergesort(MERGESORT.java:47)
	at java_programs.MERGESORT.mergesort(MERGESORT.java:47)
	at java_programs.MERGESORT.mergesort(MERGESORT.java:47)
	at java_programs.MERGESORT.mergesort(MERGESORT.java:47)
	at java_programs.MERGESORT.mergesort(MERGESORT.java:47)
	at java_programs.MERGESORT.mergesort(MERGESORT.java:47)
	at java_programs.MERGESORT.mergesort(MERGESORT.java:47)
	at java_programs.MERGESORT.mergesort(MERGESORT.java:47)
	at java_programs.MERGESORT.mergesort(MERGESORT.java:47)
	at java_programs.MERGESORT.mergesort(MERGESORT.java:47)
	at java_programs.MERGESORT.mergesort(MERGESORT.java:47)
	at java_programs.MERGESORT.mergesort(MERGESORT.java:47)
	at java_programs.MERGESORT.mergesort(MERGESORT.java:47)
	at java_programs.MERGESORT.mergesort(MERGESORT.java:47)
	at java_programs.MERGESORT.mergesort(MERGESORT.java:47)
	at java_programs.MERGESORT.mergesort(MERGESORT.java:47)
	at java_programs.MERGESORT.mergesort(MERGESORT.java:47)
	at java_programs.MERGESORT.mergesort(MERGESORT.java:47)
	at java_programs.MERGESORT.mergesort(MERGESORT.java:47)
	at java_programs.MERGESORT.mergesort(MERGESORT.java:47)
	at java_programs.MERGESORT.mergesort(MERGESORT.java:47)
	at java_programs.MERGESORT.mergesort(MERGESORT.java:47)
	at java_programs.MERGESORT.mergesort(MERGESORT.java:47)
	at java_programs.MERGESORT.mergesort(MERGESORT.java:47)
	at java_programs.MERGESORT.mergesort(MERGESORT.java:47)
	at java_programs.MERGESORT.mergesort(MERGESORT.java:47)
	at java_programs.MERGESORT.mergesort(MERGESORT.java:47)
	at java_programs.MERGESORT.mergesort(MERGESORT.java:47)
	at java_programs.MERGESORT.mergesort(MERGESORT.java:47)
	at java_programs.MERGESORT.mergesort(MERGESORT.java:47)
	at java_programs.MERGESORT.mergesort(MERGESORT.java:47)
	at java_programs.MERGESORT.mergesort(MERGESORT.java:47)
	at java_programs.MERGESORT.mergesort(MERGESORT.java:47)
	at java_programs.MERGESORT.mergesort(MERGESORT.java:47)
	at java_programs.MERGESORT.mergesort(MERGESORT.java:47)
	at java_programs.MERGESORT.mergesort(MERGESORT.java:47)
	at java_programs.MERGESORT.mergesort(MERGESORT.java:47)
	at java_programs.MERGESORT.mergesort(MERGESORT.java:47)
	at java_programs.MERGESORT.mergesort(MERGESORT.java:47)
	at java_programs.MERGESORT.mergesort(MERGESORT.java:47)
	at java_programs.MERGESORT.mergesort(MERGESORT.java:47)
	at java_programs.MERGESORT.mergesort(MERGESORT.java:47)
	at java_programs.MERGESORT.mergesort(MERGESORT.java:47)
	at java_programs.MERGESORT.mergesort(MERGESORT.java:47)
	at java_programs.MERGESORT.mergesort(MERGESORT.java:47)
	at java_programs.MERGESORT.mergesort(MERGESORT.java:47)
	at java_programs.MERGESORT.mergesort(MERGESORT.java:47)
	at java_programs.MERGESORT.mergesort(MERGESORT.java:47)
	at java_programs.MERGESORT.mergesort(MERGESORT.java:47)
	at java_programs.MERGESORT.mergesort(MERGESORT.java:47)
	at java_programs.MERGESORT.mergesort(MERGESORT.java:47)
	at java_programs.MERGESORT.mergesort(MERGESORT.java:47)
	at java_programs.MERGESORT.mergesort(MERGESORT.java:47)
	at java_programs.MERGESORT.mergesort(MERGESORT.java:47)
	at java_programs.MERGESORT.mergesort(MERGESORT.java:47)
	at java_programs.MERGESORT.mergesort(MERGESORT.java:47)
	at java_programs.MERGESORT.mergesort(MERGESORT.java:47)
	at java_programs.MERGESORT.mergesort(MERGESORT.java:47)
	at java_programs.MERGESORT.mergesort(MERGESORT.java:47)
	at java_programs.MERGESORT.mergesort(MERGESORT.java:47)
	at java_programs.MERGESORT.mergesort(MERGESORT.java:47)
	at java_programs.MERGESORT.mergesort(MERGESORT.java:47)
	at java_programs.MERGESORT.mergesort(MERGESORT.java:47)
	at java_programs.MERGESORT.mergesort(MERGESORT.java:47)
	at java_programs.MERGESORT.mergesort(MERGESORT.java:47)
	at java_programs.MERGESORT.mergesort(MERGESORT.java:47)
	at java_programs.MERGESORT.mergesort(MERGESORT.java:47)
	at java_programs.MERGESORT.mergesort(MERGESORT.java:47)
	at java_programs.MERGESORT.mergesort(MERGESORT.java:47)
	at java_programs.MERGESORT.mergesort(MERGESORT.java:47)
	at java_programs.MERGESORT.mergesort(MERGESORT.java:47)
	at java_programs.MERGESORT.mergesort(MERGESORT.java:47)
	at java_programs.MERGESORT.mergesort(MERGESORT.java:47)
	at java_programs.MERGESORT.mergesort(MERGESORT.java:47)
	at java_programs.MERGESORT.mergesort(MERGESORT.java:47)
	at java_programs.MERGESORT.mergesort(MERGESORT.java:47)
	at java_programs.MERGESORT.mergesort(MERGESORT.java:47)
	at java_programs.MERGESORT.mergesort(MERGESORT.java:47)
	at java_programs.MERGESORT.mergesort(MERGESORT.java:47)
	at java_programs.MERGESORT.mergesort(MERGESORT.java:47)
	at java_programs.MERGESORT.mergesort(MERGESORT.java:47)
	at java_programs.MERGESORT.mergesort(MERGESORT.java:47)
	at java_programs.MERGESORT.mergesort(MERGESORT.java:47)
	at java_programs.MERGESORT.mergesort(MERGESORT.java:47)
	at java_programs.MERGESORT.mergesort(MERGESORT.java:47)
	at java_programs.MERGESORT.mergesort(MERGESORT.java:47)
	at java_programs.MERGESORT.mergesort(MERGESORT.java:47)
	at java_programs.MERGESORT.mergesort(MERGESORT.java:47)
	at java_programs.MERGESORT.mergesort(MERGESORT.java:47)
	at java_programs.MERGESORT.mergesort(MERGESORT.java:47)
	at java_programs.MERGESORT.mergesort(MERGESORT.java:47)
	at java_programs.MERGESORT.mergesort(MERGESORT.java:47)
	at java_programs.MERGESORT.mergesort(MERGESORT.java:47)
	at java_programs.MERGESORT.mergesort(MERGESORT.java:47)
	at java_programs.MERGESORT.mergesort(MERGESORT.java:47)
	at java_programs.MERGESORT.mergesort(MERGESORT.java:47)
	at java_programs.MERGESORT.mergesort(MERGESORT.java:47)
	at java_programs.MERGESORT.mergesort(MERGESORT.java:47)
	at java_programs.MERGESORT.mergesort(MERGESORT.java:47)
	at java_programs.MERGESORT.mergesort(MERGESORT.java:47)
	at java_programs.MERGESORT.mergesort(MERGESORT.java:47)
	at java_programs.MERGESORT.mergesort(MERGESORT.java:47)
	at java_programs.MERGESORT.mergesort(MERGESORT.java:47)
	at java_programs.MERGESORT.mergesort(MERGESORT.java:47)
	at java_programs.MERGESORT.mergesort(MERGESORT.java:47)
	at java_programs.MERGESORT.mergesort(MERGESORT.java:47)
	at java_programs.MERGESORT.mergesort(MERGESORT.java:47)
	at java_programs.MERGESORT.mergesort(MERGESORT.java:47)
	at java_programs.MERGESORT.mergesort(MERGESORT.java:47)
	at java_programs.MERGESORT.mergesort(MERGESORT.java:47)
	at java_programs.MERGESORT.mergesort(MERGESORT.java:47)
	at java_programs.MERGESORT.mergesort(MERGESORT.java:47)
	at java_programs.MERGESORT.mergesort(MERGESORT.java:47)
	at java_programs.MERGESORT.mergesort(MERGESORT.java:47)
	at java_programs.MERGESORT.mergesort(MERGESORT.java:47)
	at java_programs.MERGESORT.mergesort(MERGESORT.java:47)
	at java_programs.MERGESORT.mergesort(MERGESORT.java:47)
	at java_programs.MERGESORT.mergesort(MERGESORT.java:47)
	at java_programs.MERGESORT.mergesort(MERGESORT.java:47)
	at java_programs.MERGESORT.mergesort(MERGESORT.java:47)
	at java_programs.MERGESORT.mergesort(MERGESORT.java:47)
	at java_programs.MERGESORT.mergesort(MERGESORT.java:47)
	at java_programs.MERGESORT.mergesort(MERGESORT.java:47)
	at java_programs.MERGESORT.mergesort(MERGESORT.java:47)
	at java_programs.MERGESORT.mergesort(MERGESORT.java:47)
	at java_programs.MERGESORT.mergesort(MERGESORT.java:47)
	at java_programs.MERGESORT.mergesort(MERGESORT.java:47)
	at java_programs.MERGESORT.mergesort(MERGESORT.java:47)
	at java_programs.MERGESORT.mergesort(MERGESORT.java:47)
	at java_programs.MERGESORT.mergesort(MERGESORT.java:47)
	at java_programs.MERGESORT.mergesort(MERGESORT.java:47)
	at java_programs.MERGESORT.mergesort(MERGESORT.java:47)
	at java_programs.MERGESORT.mergesort(MERGESORT.java:47)
	at java_programs.MERGESORT.mergesort(MERGESORT.java:47)
	at java_programs.MERGESORT.mergesort(MERGESORT.java:47)
	at java_programs.MERGESORT.mergesort(MERGESORT.java:47)
	at java_programs.MERGESORT.mergesort(MERGESORT.java:47)
	at java_programs.MERGESORT.mergesort(MERGESORT.java:47)
	at java_programs.MERGESORT.mergesort(MERGESORT.java:47)
	at java_programs.MERGESORT.mergesort(MERGESORT.java:47)
	at java_programs.MERGESORT.mergesort(MERGESORT.java:47)
	at java_programs.MERGESORT.mergesort(MERGESORT.java:47)
	at java_programs.MERGESORT.mergesort(MERGESORT.java:47)
	at java_programs.MERGESORT.mergesort(MERGESORT.java:47)
	at java_programs.MERGESORT.mergesort(MERGESORT.java:47)
	at java_programs.MERGESORT.mergesort(MERGESORT.java:47)
	at java_programs.MERGESORT.mergesort(MERGESORT.java:47)
	at java_programs.MERGESORT.mergesort(MERGESORT.java:47)
	at java_programs.MERGESORT.mergesort(MERGESORT.java:47)
	at java_programs.MERGESORT.mergesort(MERGESORT.java:47)
	at java_programs.MERGESORT.mergesort(MERGESORT.java:47)
	at java_programs.MERGESORT.mergesort(MERGESORT.java:47)
	at java_programs.MERGESORT.mergesort(MERGESORT.java:47)
	at java_programs.MERGESORT.mergesort(MERGESORT.java:47)
	at java_programs.MERGESORT.mergesort(MERGESORT.java:47)
	at java_programs.MERGESORT.mergesort(MERGESORT.java:47)
	at java_programs.MERGESORT.mergesort(MERGESORT.java:47)
	at java_programs.MERGESORT.mergesort(MERGESORT.java:47)
	at java_programs.MERGESORT.mergesort(MERGESORT.java:47)
	at java_programs.MERGESORT.mergesort(MERGESORT.java:47)
	at java_programs.MERGESORT.mergesort(MERGESORT.java:47)
	at java_programs.MERGESORT.mergesort(MERGESORT.java:47)
	at java_programs.MERGESORT.mergesort(MERGESORT.java:47)
	at java_programs.MERGESORT.mergesort(MERGESORT.java:47)
	at java_programs.MERGESORT.mergesort(MERGESORT.java:47)
	at java_programs.MERGESORT.mergesort(MERGESORT.java:47)
	at java_programs.MERGESORT.mergesort(MERGESORT.java:47)
	at java_programs.MERGESORT.mergesort(MERGESORT.java:47)
	at java_programs.MERGESORT.mergesort(MERGESORT.java:47)
	at java_programs.MERGESORT.mergesort(MERGESORT.java:47)
	at java_programs.MERGESORT.mergesort(MERGESORT.java:47)
	at java_programs.MERGESORT.mergesort(MERGESORT.java:47)
	at java_programs.MERGESORT.mergesort(MERGESORT.java:47)
	at java_programs.MERGESORT.mergesort(MERGESORT.java:47)
	at java_programs.MERGESORT.mergesort(MERGESORT.java:47)
	at java_programs.MERGESORT.mergesort(MERGESORT.java:47)
	at java_programs.MERGESORT.mergesort(MERGESORT.java:47)
	at java_programs.MERGESORT.mergesort(MERGESORT.java:47)
	at java_programs.MERGESORT.mergesort(MERGESORT.java:47)
	at java_programs.MERGESORT.mergesort(MERGESORT.java:47)
	at java_programs.MERGESORT.mergesort(MERGESORT.java:47)
	at java_programs.MERGESORT.mergesort(MERGESORT.java:47)
	at java_programs.MERGESORT.mergesort(MERGESORT.java:47)
	at java_programs.MERGESORT.mergesort(MERGESORT.java:47)
	at java_programs.MERGESORT.mergesort(MERGESORT.java:47)
	at java_programs.MERGESORT.mergesort(MERGESORT.java:47)
	at java_programs.MERGESORT.mergesort(MERGESORT.java:47)
	at java_programs.MERGESORT.mergesort(MERGESORT.java:47)
	at java_programs.MERGESORT.mergesort(MERGESORT.java:47)
	at java_programs.MERGESORT.mergesort(MERGESORT.java:47)
	at java_programs.MERGESORT.mergesort(MERGESORT.java:47)
	at java_programs.MERGESORT.mergesort(MERGESORT.java:47)
	at java_programs.MERGESORT.mergesort(MERGESORT.java:47)
	at java_programs.MERGESORT.mergesort(MERGESORT.java:47)
	at java_programs.MERGESORT.mergesort(MERGESORT.java:47)
	at java_programs.MERGESORT.mergesort(MERGESORT.java:47)
	at java_programs.MERGESORT.mergesort(MERGESORT.java:47)
	at java_programs.MERGESORT.mergesort(MERGESORT.java:47)
	at java_programs.MERGESORT.mergesort(MERGESORT.java:47)
	at java_programs.MERGESORT.mergesort(MERGESORT.java:47)
	at java_programs.MERGESORT.mergesort(MERGESORT.java:47)
	at java_programs.MERGESORT.mergesort(MERGESORT.java:47)
	at java_programs.MERGESORT.mergesort(MERGESORT.java:47)
	at java_programs.MERGESORT.mergesort(MERGESORT.java:47)
	at java_programs.MERGESORT.mergesort(MERGESORT.java:47)
	at java_programs.MERGESORT.mergesort(MERGESORT.java:47)
	at java_programs.MERGESORT.mergesort(MERGESORT.java:47)
	at java_programs.MERGESORT.mergesort(MERGESORT.java:47)
	at java_programs.MERGESORT.mergesort(MERGESORT.java:47)
	at java_programs.MERGESORT.mergesort(MERGESORT.java:47)
	at java_programs.MERGESORT.mergesort(MERGESORT.java:47)
	at java_programs.MERGESORT.mergesort(MERGESORT.java:47)
	at java_programs.MERGESORT.mergesort(MERGESORT.java:47)
	at java_programs.MERGESORT.mergesort(MERGESORT.java:47)
	at java_programs.MERGESORT.mergesort(MERGESORT.java:47)
	at java_programs.MERGESORT.mergesort(MERGESORT.java:47)
	at java_programs.MERGESORT.mergesort(MERGESORT.java:47)
	at java_programs.MERGESORT.mergesort(MERGESORT.java:47)
	at java_programs.MERGESORT.mergesort(MERGESORT.java:47)
	at java_programs.MERGESORT.mergesort(MERGESORT.java:47)
	at java_programs.MERGESORT.mergesort(MERGESORT.java:47)
	at java_programs.MERGESORT.mergesort(MERGESORT.java:47)
	at java_programs.MERGESORT.mergesort(MERGESORT.java:47)
	at java_programs.MERGESORT.mergesort(MERGESORT.java:47)
	at java_programs.MERGESORT.mergesort(MERGESORT.java:47)
	at java_programs.MERGESORT.mergesort(MERGESORT.java:47)
	at java_programs.MERGESORT.mergesort(MERGESORT.java:47)
	at java_programs.MERGESORT.mergesort(MERGESORT.java:47)
	at java_programs.MERGESORT.mergesort(MERGESORT.java:47)
	at java_programs.MERGESORT.mergesort(MERGESORT.java:47)
	at java_programs.MERGESORT.mergesort(MERGESORT.java:47)
	at java_programs.MERGESORT.mergesort(MERGESORT.java:47)
	at java_programs.MERGESORT.mergesort(MERGESORT.java:47)
	at java_programs.MERGESORT.mergesort(MERGESORT.java:47)
	at java_programs.MERGESORT.mergesort(MERGESORT.java:47)
	at java_programs.MERGESORT.mergesort(MERGESORT.java:47)
	at java_programs.MERGESORT.mergesort(MERGESORT.java:47)
	at java_programs.MERGESORT.mergesort(MERGESORT.java:47)
	at java_programs.MERGESORT.mergesort(MERGESORT.java:47)
	at java_programs.MERGESORT.mergesort(MERGESORT.java:47)
	at java_programs.MERGESORT.mergesort(MERGESORT.java:47)
	at java_programs.MERGESORT.mergesort(MERGESORT.java:47)
	at java_programs.MERGESORT.mergesort(MERGESORT.java:47)
	at java_programs.MERGESORT.mergesort(MERGESORT.java:47)
	at java_programs.MERGESORT.mergesort(MERGESORT.java:47)
	at java_programs.MERGESORT.mergesort(MERGESORT.java:47)
	at java_programs.MERGESORT.mergesort(MERGESORT.java:47)
	at java_programs.MERGESORT.mergesort(MERGESORT.java:47)
	at java_programs.MERGESORT.mergesort(MERGESORT.java:47)
	at java_programs.MERGESORT.mergesort(MERGESORT.java:47)
	at java_programs.MERGESORT.mergesort(MERGESORT.java:47)
	at java_programs.MERGESORT.mergesort(MERGESORT.java:47)
	at java_programs.MERGESORT.mergesort(MERGESORT.java:47)
	at java_programs.MERGESORT.mergesort(MERGESORT.java:47)
	at java_programs.MERGESORT.mergesort(MERGESORT.java:47)
	at java_programs.MERGESORT.mergesort(MERGESORT.java:47)
	at java_programs.MERGESORT.mergesort(MERGESORT.java:47)
	at java_programs.MERGESORT.mergesort(MERGESORT.java:47)
	at java_programs.MERGESORT.mergesort(MERGESORT.java:47)
	at java_programs.MERGESORT.mergesort(MERGESORT.java:47)
	at java_programs.MERGESORT.mergesort(MERGESORT.java:47)
	at java_programs.MERGESORT.mergesort(MERGESORT.java:47)
	at java_programs.MERGESORT.mergesort(MERGESORT.java:47)
	at java_programs.MERGESORT.mergesort(MERGESORT.java:47)
	at java_programs.MERGESORT.mergesort(MERGESORT.java:47)
	at java_programs.MERGESORT.mergesort(MERGESORT.java:47)
	at java_programs.MERGESORT.mergesort(MERGESORT.java:47)
	at java_programs.MERGESORT.mergesort(MERGESORT.java:47)
	at java_programs.MERGESORT.mergesort(MERGESORT.java:47)
	at java_programs.MERGESORT.mergesort(MERGESORT.java:47)
	at java_programs.MERGESORT.mergesort(MERGESORT.java:47)
	at java_programs.MERGESORT.mergesort(MERGESORT.java:47)
	at java_programs.MERGESORT.mergesort(MERGESORT.java:47)
	at java_programs.MERGESORT.mergesort(MERGESORT.java:47)
	at java_programs.MERGESORT.mergesort(MERGESORT.java:47)
	at java_programs.MERGESORT.mergesort(MERGESORT.java:47)
	at java_programs.MERGESORT.mergesort(MERGESORT.java:47)
	at java_programs.MERGESORT.mergesort(MERGESORT.java:47)
	at java_programs.MERGESORT.mergesort(MERGESORT.java:47)
	at java_programs.MERGESORT.mergesort(MERGESORT.java:47)
	at java_programs.MERGESORT.mergesort(MERGESORT.java:47)
	at java_programs.MERGESORT.mergesort(MERGESORT.java:47)
	at java_programs.MERGESORT.mergesort(MERGESORT.java:47)
	at java_programs.MERGESORT.mergesort(MERGESORT.java:47)
	at java_programs.MERGESORT.mergesort(MERGESORT.java:47)
	at java_programs.MERGESORT.mergesort(MERGESORT.java:47)
	at java_programs.MERGESORT.mergesort(MERGESORT.java:47)
	at java_programs.MERGESORT.mergesort(MERGESORT.java:47)
	at java_programs.MERGESORT.mergesort(MERGESORT.java:47)
	at java_programs.MERGESORT.mergesort(MERGESORT.java:47)
	at java_programs.MERGESORT.mergesort(MERGESORT.java:47)
	at java_programs.MERGESORT.mergesort(MERGESORT.java:47)
	at java_programs.MERGESORT.mergesort(MERGESORT.java:47)
	at java_programs.MERGESORT.mergesort(MERGESORT.java:47)
	at java_programs.MERGESORT.mergesort(MERGESORT.java:47)
	at java_programs.MERGESORT.mergesort(MERGESORT.java:47)
	at java_programs.MERGESORT.mergesort(MERGESORT.java:47)
	at java_programs.MERGESORT.mergesort(MERGESORT.java:47)
	at java_programs.MERGESORT.mergesort(MERGESORT.java:47)
	at java_programs.MERGESORT.mergesort(MERGESORT.java:47)
	at java_programs.MERGESORT.mergesort(MERGESORT.java:47)
	at java_programs.MERGESORT.mergesort(MERGESORT.java:47)
	at java_programs.MERGESORT.mergesort(MERGESORT.java:47)
	at java_programs.MERGESORT.mergesort(MERGESORT.java:47)
	at java_programs.MERGESORT.mergesort(MERGESORT.java:47)
	at java_programs.MERGESORT.mergesort(MERGESORT.java:47)
	at java_programs.MERGESORT.mergesort(MERGESORT.java:47)
	at java_programs.MERGESORT.mergesort(MERGESORT.java:47)
	at java_programs.MERGESORT.mergesort(MERGESORT.java:47)
	at java_programs.MERGESORT.mergesort(MERGESORT.java:47)
	at java_programs.MERGESORT.mergesort(MERGESORT.java:47)
	at java_programs.MERGESORT.mergesort(MERGESORT.java:47)
	at java_programs.MERGESORT.mergesort(MERGESORT.java:47)
	at java_programs.MERGESORT.mergesort(MERGESORT.java:47)
	at java_programs.MERGESORT.mergesort(MERGESORT.java:47)
	at java_programs.MERGESORT.mergesort(MERGESORT.java:47)
	at java_programs.MERGESORT.mergesort(MERGESORT.java:47)
	at java_programs.MERGESORT.mergesort(MERGESORT.java:47)
	at java_programs.MERGESORT.mergesort(MERGESORT.java:47)
	at java_programs.MERGESORT.mergesort(MERGESORT.java:47)
	at java_programs.MERGESORT.mergesort(MERGESORT.java:47)
	at java_programs.MERGESORT.mergesort(MERGESORT.java:47)
	at java_programs.MERGESORT.mergesort(MERGESORT.java:47)
	at java_programs.MERGESORT.mergesort(MERGESORT.java:47)
	at java_programs.MERGESORT.mergesort(MERGESORT.java:47)
	at java_programs.MERGESORT.mergesort(MERGESORT.java:47)
	at java_programs.MERGESORT.mergesort(MERGESORT.java:47)
	at java_programs.MERGESORT.mergesort(MERGESORT.java:47)
	at java_programs.MERGESORT.mergesort(MERGESORT.java:47)
	at java_programs.MERGESORT.mergesort(MERGESORT.java:47)
	at java_programs.MERGESORT.mergesort(MERGESORT.java:47)
	at java_programs.MERGESORT.mergesort(MERGESORT.java:47)
	at java_programs.MERGESORT.mergesort(MERGESORT.java:47)
	at java_programs.MERGESORT.mergesort(MERGESORT.java:47)
	at java_programs.MERGESORT.mergesort(MERGESORT.java:47)
	at java_programs.MERGESORT.mergesort(MERGESORT.java:47)
	at java_programs.MERGESORT.mergesort(MERGESORT.java:47)
	at java_programs.MERGESORT.mergesort(MERGESORT.java:47)
	at java_programs.MERGESORT.mergesort(MERGESORT.java:47)
	at java_programs.MERGESORT.mergesort(MERGESORT.java:47)
	at java_programs.MERGESORT.mergesort(MERGESORT.java:47)
	at java_programs.MERGESORT.mergesort(MERGESORT.java:47)
	at java_programs.MERGESORT.mergesort(MERGESORT.java:47)
	at java_programs.MERGESORT.mergesort(MERGESORT.java:47)
	at java_programs.MERGESORT.mergesort(MERGESORT.java:47)
	at java_programs.MERGESORT.mergesort(MERGESORT.java:47)
	at java_programs.MERGESORT.mergesort(MERGESORT.java:47)
	at java_programs.MERGESORT.mergesort(MERGESORT.java:47)
	at java_programs.MERGESORT.mergesort(MERGESORT.java:47)
	at java_programs.MERGESORT.mergesort(MERGESORT.java:47)
	at java_programs.MERGESORT.mergesort(MERGESORT.java:47)
	at java_programs.MERGESORT.mergesort(MERGESORT.java:47)
	at java_programs.MERGESORT.mergesort(MERGESORT.java:47)
	at java_programs.MERGESORT.mergesort(MERGESORT.java:47)
	at java_programs.MERGESORT.mergesort(MERGESORT.java:47)
	at java_programs.MERGESORT.mergesort(MERGESORT.java:47)
	at java_programs.MERGESORT.mergesort(MERGESORT.java:47)
	at java_programs.MERGESORT.mergesort(MERGESORT.java:47)
	at java_programs.MERGESORT.mergesort(MERGESORT.java:47)
	at java_programs.MERGESORT.mergesort(MERGESORT.java:47)
	at java_programs.MERGESORT.mergesort(MERGESORT.java:47)
	at java_programs.MERGESORT.mergesort(MERGESORT.java:47)
	at java_programs.MERGESORT.mergesort(MERGESORT.java:47)
	at java_programs.MERGESORT.mergesort(MERGESORT.java:47)
	at java_programs.MERGESORT.mergesort(MERGESORT.java:47)
	at java_programs.MERGESORT.mergesort(MERGESORT.java:47)
	at java_programs.MERGESORT.mergesort(MERGESORT.java:47)
	at java_programs.MERGESORT.mergesort(MERGESORT.java:47)
	at java_programs.MERGESORT.mergesort(MERGESORT.java:47)
	at java_programs.MERGESORT.mergesort(MERGESORT.java:47)
	at java_programs.MERGESORT.mergesort(MERGESORT.java:47)
	at java_programs.MERGESORT.mergesort(MERGESORT.java:47)
	at java_programs.MERGESORT.mergesort(MERGESORT.java:47)
	at java_programs.MERGESORT.mergesort(MERGESORT.java:47)
	at java_programs.MERGESORT.mergesort(MERGESORT.java:47)
	at java_programs.MERGESORT.mergesort(MERGESORT.java:47)
	at java_programs.MERGESORT.mergesort(MERGESORT.java:47)
	at java_programs.MERGESORT.mergesort(MERGESORT.java:47)
	at java_programs.MERGESORT.mergesort(MERGESORT.java:47)
	at java_programs.MERGESORT.mergesort(MERGESORT.java:47)
	at java_programs.MERGESORT.mergesort(MERGESORT.java:47)
	at java_programs.MERGESORT.mergesort(MERGESORT.java:47)
	at java_programs.MERGESORT.mergesort(MERGESORT.java:47)
	at java_programs.MERGESORT.mergesort(MERGESORT.java:47)
	at java_programs.MERGESORT.mergesort(MERGESORT.java:47)
	at java_programs.MERGESORT.mergesort(MERGESORT.java:47)
	at java_programs.MERGESORT.mergesort(MERGESORT.java:47)
	at java_programs.MERGESORT.mergesort(MERGESORT.java:47)
	at java_programs.MERGESORT.mergesort(MERGESORT.java:47)
	at java_programs.MERGESORT.mergesort(MERGESORT.java:47)
	at java_programs.MERGESORT.mergesort(MERGESORT.java:47)
	at java_programs.MERGESORT.mergesort(MERGESORT.java:47)
	at java_programs.MERGESORT.mergesort(MERGESORT.java:47)
	at java_programs.MERGESORT.mergesort(MERGESORT.java:47)
	at java_programs.MERGESORT.mergesort(MERGESORT.java:47)
	at java_programs.MERGESORT.mergesort(MERGESORT.java:47)
	at java_programs.MERGESORT.mergesort(MERGESORT.java:47)
	at java_programs.MERGESORT.mergesort(MERGESORT.java:47)
	at java_programs.MERGESORT.mergesort(MERGESORT.java:47)
	at java_programs.MERGESORT.mergesort(MERGESORT.java:47)
	at java_programs.MERGESORT.mergesort(MERGESORT.java:47)
	at java_programs.MERGESORT.mergesort(MERGESORT.java:47)
	at java_programs.MERGESORT.mergesort(MERGESORT.java:47)
	at java_programs.MERGESORT.mergesort(MERGESORT.java:47)
	at java_programs.MERGESORT.mergesort(MERGESORT.java:47)
	at java_programs.MERGESORT.mergesort(MERGESORT.java:47)
	at java_programs.MERGESORT.mergesort(MERGESORT.java:47)
	at java_programs.MERGESORT.mergesort(MERGESORT.java:47)
	at java_programs.MERGESORT.mergesort(MERGESORT.java:47)
	at java_programs.MERGESORT.mergesort(MERGESORT.java:47)
	at java_programs.MERGESORT.mergesort(MERGESORT.java:47)
	at java_programs.MERGESORT.mergesort(MERGESORT.java:47)
	at java_programs.MERGESORT.mergesort(MERGESORT.java:47)
	at java_programs.MERGESORT.mergesort(MERGESORT.java:47)
	at java_programs.MERGESORT.mergesort(MERGESORT.java:47)
	at java_programs.MERGESORT.mergesort(MERGESORT.java:47)
	at java_programs.MERGESORT.mergesort(MERGESORT.java:47)
	at java_programs.MERGESORT.mergesort(MERGESORT.java:47)
	at java_programs.MERGESORT.mergesort(MERGESORT.java:47)
	at java_programs.MERGESORT.mergesort(MERGESORT.java:47)
	at java_programs.MERGESORT.mergesort(MERGESORT.java:47)
	at java_programs.MERGESORT.mergesort(MERGESORT.java:47)
	at java_programs.MERGESORT.mergesort(MERGESORT.java:47)
	at java_programs.MERGESORT.mergesort(MERGESORT.java:47)
	at java_programs.MERGESORT.mergesort(MERGESORT.java:47)
	at java_programs.MERGESORT.mergesort(MERGESORT.java:47)
	at java_programs.MERGESORT.mergesort(MERGESORT.java:47)
	at java_programs.MERGESORT.mergesort(MERGESORT.java:47)
	at java_programs.MERGESORT.mergesort(MERGESORT.java:47)
	at java_programs.MERGESORT.mergesort(MERGESORT.java:47)
	at java_programs.MERGESORT.mergesort(MERGESORT.java:47)
	at java_programs.MERGESORT.mergesort(MERGESORT.java:47)
	at java_programs.MERGESORT.mergesort(MERGESORT.java:47)
	at java_programs.MERGESORT.mergesort(MERGESORT.java:47)
	at java_programs.MERGESORT.mergesort(MERGESORT.java:47)
	at java_programs.MERGESORT.mergesort(MERGESORT.java:47)
	at java_programs.MERGESORT.mergesort(MERGESORT.java:47)
	at java_programs.MERGESORT.mergesort(MERGESORT.java:47)
	at java_programs.MERGESORT.mergesort(MERGESORT.java:47)
	at java_programs.MERGESORT.mergesort(MERGESORT.java:47)
	at java_programs.MERGESORT.mergesort(MERGESORT.java:47)
	at java_programs.MERGESORT.mergesort(MERGESORT.java:47)
	at java_programs.MERGESORT.mergesort(MERGESORT.java:47)
	at java_programs.MERGESORT.mergesort(MERGESORT.java:47)
	at java_programs.MERGESORT.mergesort(MERGESORT.java:47)
	at java_programs.MERGESORT.mergesort(MERGESORT.java:47)
	at java_programs.MERGESORT.mergesort(MERGESORT.java:47)
	at java_programs.MERGESORT.mergesort(MERGESORT.java:47)
	at java_programs.MERGESORT.mergesort(MERGESORT.java:47)
	at java_programs.MERGESORT.mergesort(MERGESORT.java:47)
	at java_programs.MERGESORT.mergesort(MERGESORT.java:47)
	at java_programs.MERGESORT.mergesort(MERGESORT.java:47)
	at java_programs.MERGESORT.mergesort(MERGESORT.java:47)
	at java_programs.MERGESORT.mergesort(MERGESORT.java:47)
	at java_programs.MERGESORT.mergesort(MERGESORT.java:47)
	at java_programs.MERGESORT.mergesort(MERGESORT.java:47)
	at java_programs.MERGESORT.mergesort(MERGESORT.java:47)
	at java_programs.MERGESORT.mergesort(MERGESORT.java:47)
	at java_programs.MERGESORT.mergesort(MERGESORT.java:47)
	at java_programs.MERGESORT.mergesort(MERGESORT.java:47)
	at java_programs.MERGESORT.mergesort(MERGESORT.java:47)
	at java_programs.MERGESORT.mergesort(MERGESORT.java:47)
	at java_programs.MERGESORT.mergesort(MERGESORT.java:47)
	at java_programs.MERGESORT.mergesort(MERGESORT.java:47)
	at java_programs.MERGESORT.mergesort(MERGESORT.java:47)
	at java_programs.MERGESORT.mergesort(MERGESORT.java:47)
	at java_programs.MERGESORT.mergesort(MERGESORT.java:47)
	at java_programs.MERGESORT.mergesort(MERGESORT.java:47)
	at java_programs.MERGESORT.mergesort(MERGESORT.java:47)
	at java_programs.MERGESORT.mergesort(MERGESORT.java:47)
	at java_programs.MERGESORT.mergesort(MERGESORT.java:47)
	at java_programs.MERGESORT.mergesort(MERGESORT.java:47)
	at java_programs.MERGESORT.mergesort(MERGESORT.java:47)
	at java_programs.MERGESORT.mergesort(MERGESORT.java:47)
	at java_programs.MERGESORT.mergesort(MERGESORT.java:47)
	at java_programs.MERGESORT.mergesort(MERGESORT.java:47)
	at java_programs.MERGESORT.mergesort(MERGESORT.java:47)
	at java_programs.MERGESORT.mergesort(MERGESORT.java:47)
	at java_programs.MERGESORT.mergesort(MERGESORT.java:47)
	at java_programs.MERGESORT.mergesort(MERGESORT.java:47)
	at java_programs.MERGESORT.mergesort(MERGESORT.java:47)
	at java_programs.MERGESORT.mergesort(MERGESORT.java:47)
	at java_programs.MERGESORT.mergesort(MERGESORT.java:47)
	at java_programs.MERGESORT.mergesort(MERGESORT.java:47)
	at java_programs.MERGESORT.mergesort(MERGESORT.java:47)
	at java_programs.MERGESORT.mergesort(MERGESORT.java:47)
	at java_programs.MERGESORT.mergesort(MERGESORT.java:47)
	at java_programs.MERGESORT.mergesort(MERGESORT.java:47)
	at java_programs.MERGESORT.mergesort(MERGESORT.java:47)
	at java_programs.MERGESORT.mergesort(MERGESORT.java:47)
	at java_programs.MERGESORT.mergesort(MERGESORT.java:47)
	at java_programs.MERGESORT.mergesort(MERGESORT.java:47)
	at java_programs.MERGESORT.mergesort(MERGESORT.java:47)
	at java_programs.MERGESORT.mergesort(MERGESORT.java:47)
	at java_programs.MERGESORT.mergesort(MERGESORT.java:47)
	at java_programs.MERGESORT.mergesort(MERGESORT.java:47)
	at java_programs.MERGESORT.mergesort(MERGESORT.java:47)
	at java_programs.MERGESORT.mergesort(MERGESORT.java:47)
	at java_programs.MERGESORT.mergesort(MERGESORT.java:47)
	at java_programs.MERGESORT.mergesort(MERGESORT.java:47)
	at java_programs.MERGESORT.mergesort(MERGESORT.java:47)
	at java_programs.MERGESORT.mergesort(MERGESORT.java:47)
	at java_programs.MERGESORT.mergesort(MERGESORT.java:47)
	at java_programs.MERGESORT.mergesort(MERGESORT.java:47)
	at java_programs.MERGESORT.mergesort(MERGESORT.java:47)
	at java_programs.MERGESORT.mergesort(MERGESORT.java:47)
	at java_programs.MERGESORT.mergesort(MERGESORT.java:47)
	at java_programs.MERGESORT.mergesort(MERGESORT.java:47)
	at java_programs.MERGESORT.mergesort(MERGESORT.java:47)
	at java_programs.MERGESORT.mergesort(MERGESORT.java:47)
	at java_programs.MERGESORT.mergesort(MERGESORT.java:47)
	at java_programs.MERGESORT.mergesort(MERGESORT.java:47)
	at java_programs.MERGESORT.mergesort(MERGESORT.java:47)
	at java_programs.MERGESORT.mergesort(MERGESORT.java:47)
	at java_programs.MERGESORT.mergesort(MERGESORT.java:47)
	at java_programs.MERGESORT.mergesort(MERGESORT.java:47)
	at java_programs.MERGESORT.mergesort(MERGESORT.java:47)
	at java_programs.MERGESORT.mergesort(MERGESORT.java:47)
	at java_programs.MERGESORT.mergesort(MERGESORT.java:47)
	at java_programs.MERGESORT.mergesort(MERGESORT.java:47)
	at java_programs.MERGESORT.mergesort(MERGESORT.java:47)
	at java_programs.MERGESORT.mergesort(MERGESORT.java:47)
	at java_programs.MERGESORT.mergesort(MERGESORT.java:47)
	at java_programs.MERGESORT.mergesort(MERGESORT.java:47)
	at java_programs.MERGESORT.mergesort(MERGESORT.java:47)
	at java_programs.MERGESORT.mergesort(MERGESORT.java:47)
	at java_programs.MERGESORT.mergesort(MERGESORT.java:47)
	at java_programs.MERGESORT.mergesort(MERGESORT.java:47)
	at java_programs.MERGESORT.mergesort(MERGESORT.java:47)
	at java_programs.MERGESORT.mergesort(MERGESORT.java:47)
	at java_programs.MERGESORT.mergesort(MERGESORT.java:47)
	at java_programs.MERGESORT.mergesort(MERGESORT.java:47)
	at java_programs.MERGESORT.mergesort(MERGESORT.java:47)
	at java_programs.MERGESORT.mergesort(MERGESORT.java:47)
	at java_programs.MERGESORT.mergesort(MERGESORT.java:47)
	at java_programs.MERGESORT.mergesort(MERGESORT.java:47)
	at java_programs.MERGESORT.mergesort(MERGESORT.java:47)
	at java_programs.MERGESORT.mergesort(MERGESORT.java:47)
	at java_programs.MERGESORT.mergesort(MERGESORT.java:47)
	at java_programs.MERGESORT.mergesort(MERGESORT.java:47)
	at java_programs.MERGESORT.mergesort(MERGESORT.java:47)
	at java_programs.MERGESORT.mergesort(MERGESORT.java:47)
	at java_programs.MERGESORT.mergesort(MERGESORT.java:47)
	at java_programs.MERGESORT.mergesort(MERGESORT.java:47)
	at java_programs.MERGESORT.mergesort(MERGESORT.java:47)
	at java_programs.MERGESORT.mergesort(MERGESORT.java:47)
	at java_programs.MERGESORT.mergesort(MERGESORT.java:47)
	at java_programs.MERGESORT.mergesort(MERGESORT.java:47)
	at java_programs.MERGESORT.mergesort(MERGESORT.java:47)
	at java_programs.MERGESORT.mergesort(MERGESORT.java:47)
	at java_programs.MERGESORT.mergesort(MERGESORT.java:47)
	at java_programs.MERGESORT.mergesort(MERGESORT.java:47)
	at java_programs.MERGESORT.mergesort(MERGESORT.java:47)
	at java_programs.MERGESORT.mergesort(MERGESORT.java:47)
	at java_programs.MERGESORT.mergesort(MERGESORT.java:47)
	at java_programs.MERGESORT.mergesort(MERGESORT.java:47)
	at java_programs.MERGESORT.mergesort(MERGESORT.java:47)
	at java_programs.MERGESORT.mergesort(MERGESORT.java:47)
	at java_programs.MERGESORT.mergesort(MERGESORT.java:47)
	at java_programs.MERGESORT.mergesort(MERGESORT.java:47)
	at java_programs.MERGESORT.mergesort(MERGESORT.java:47)
	at java_programs.MERGESORT.mergesort(MERGESORT.java:47)
	at java_programs.MERGESORT.mergesort(MERGESORT.java:47)
	at java_programs.MERGESORT.mergesort(MERGESORT.java:47)
	at java_programs.MERGESORT.mergesort(MERGESORT.java:47)
	at java_programs.MERGESORT.mergesort(MERGESORT.java:47)
	at java_programs.MERGESORT.mergesort(MERGESORT.java:47)
	at java_programs.MERGESORT.mergesort(MERGESORT.java:47)
	at java_programs.MERGESORT.mergesort(MERGESORT.java:47)
	at java_programs.MERGESORT.mergesort(MERGESORT.java:47)
	at java_programs.MERGESORT.mergesort(MERGESORT.java:47)
	at java_programs.MERGESORT.mergesort(MERGESORT.java:47)
	at java_programs.MERGESORT.mergesort(MERGESORT.java:47)
	at java_programs.MERGESORT.mergesort(MERGESORT.java:47)
	at java_programs.MERGESORT.mergesort(MERGESORT.java:47)
	at java_programs.MERGESORT.mergesort(MERGESORT.java:47)
	at java_programs.MERGESORT.mergesort(MERGESORT.java:47)
	at java_programs.MERGESORT.mergesort(MERGESORT.java:47)
	at java_programs.MERGESORT.mergesort(MERGESORT.java:47)
	at java_programs.MERGESORT.mergesort(MERGESORT.java:47)
	at java_programs.MERGESORT.mergesort(MERGESORT.java:47)
	at java_programs.MERGESORT.mergesort(MERGESORT.java:47)
	at java_programs.MERGESORT.mergesort(MERGESORT.java:47)
	at java_programs.MERGESORT.mergesort(MERGESORT.java:47)
	at java_programs.MERGESORT.mergesort(MERGESORT.java:47)
	at java_programs.MERGESORT.mergesort(MERGESORT.java:47)
	at java_programs.MERGESORT.mergesort(MERGESORT.java:47)
	at java_programs.MERGESORT.mergesort(MERGESORT.java:47)
	at java_programs.MERGESORT.mergesort(MERGESORT.java:47)
	at java_programs.MERGESORT.mergesort(MERGESORT.java:47)
	at java_programs.MERGESORT.mergesort(MERGESORT.java:47)
	at java_programs.MERGESORT.mergesort(MERGESORT.java:47)
	at java_programs.MERGESORT.mergesort(MERGESORT.java:47)
	at java_programs.MERGESORT.mergesort(MERGESORT.java:47)
	at java_programs.MERGESORT.mergesort(MERGESORT.java:47)
	at java_programs.MERGESORT.mergesort(MERGESORT.java:47)
	at java_programs.MERGESORT.mergesort(MERGESORT.java:47)
	at java_programs.MERGESORT.mergesort(MERGESORT.java:47)
</failure>
  </testcase>
  <testcase name="test_5()" classname="test.java.MERGESORT_TEST" time="0.004">
    <failure message="java.lang.StackOverflowError" type="java.lang.StackOverflowError">java.lang.StackOverflowError
	at java.base/java.util.ArrayList.addAll(ArrayList.java:670)
	at java_programs.MERGESORT.mergesort(MERGESORT.java:43)
	at java_programs.MERGESORT.mergesort(MERGESORT.java:47)
	at java_programs.MERGESORT.mergesort(MERGESORT.java:47)
	at java_programs.MERGESORT.mergesort(MERGESORT.java:47)
	at java_programs.MERGESORT.mergesort(MERGESORT.java:47)
	at java_programs.MERGESORT.mergesort(MERGESORT.java:47)
	at java_programs.MERGESORT.mergesort(MERGESORT.java:47)
	at java_programs.MERGESORT.mergesort(MERGESORT.java:47)
	at java_programs.MERGESORT.mergesort(MERGESORT.java:47)
	at java_programs.MERGESORT.mergesort(MERGESORT.java:47)
	at java_programs.MERGESORT.mergesort(MERGESORT.java:47)
	at java_programs.MERGESORT.mergesort(MERGESORT.java:47)
	at java_programs.MERGESORT.mergesort(MERGESORT.java:47)
	at java_programs.MERGESORT.mergesort(MERGESORT.java:47)
	at java_programs.MERGESORT.mergesort(MERGESORT.java:47)
	at java_programs.MERGESORT.mergesort(MERGESORT.java:47)
	at java_programs.MERGESORT.mergesort(MERGESORT.java:47)
	at java_programs.MERGESORT.mergesort(MERGESORT.java:47)
	at java_programs.MERGESORT.mergesort(MERGESORT.java:47)
	at java_programs.MERGESORT.mergesort(MERGESORT.java:47)
	at java_programs.MERGESORT.mergesort(MERGESORT.java:47)
	at java_programs.MERGESORT.mergesort(MERGESORT.java:47)
	at java_programs.MERGESORT.mergesort(MERGESORT.java:47)
	at java_programs.MERGESORT.mergesort(MERGESORT.java:47)
	at java_programs.MERGESORT.mergesort(MERGESORT.java:47)
	at java_programs.MERGESORT.mergesort(MERGESORT.java:47)
	at java_programs.MERGESORT.mergesort(MERGESORT.java:47)
	at java_programs.MERGESORT.mergesort(MERGESORT.java:47)
	at java_programs.MERGESORT.mergesort(MERGESORT.java:47)
	at java_programs.MERGESORT.mergesort(MERGESORT.java:47)
	at java_programs.MERGESORT.mergesort(MERGESORT.java:47)
	at java_programs.MERGESORT.mergesort(MERGESORT.java:47)
	at java_programs.MERGESORT.mergesort(MERGESORT.java:47)
	at java_programs.MERGESORT.mergesort(MERGESORT.java:47)
	at java_programs.MERGESORT.mergesort(MERGESORT.java:47)
	at java_programs.MERGESORT.mergesort(MERGESORT.java:47)
	at java_programs.MERGESORT.mergesort(MERGESORT.java:47)
	at java_programs.MERGESORT.mergesort(MERGESORT.java:47)
	at java_programs.MERGESORT.mergesort(MERGESORT.java:47)
	at java_programs.MERGESORT.mergesort(MERGESORT.java:47)
	at java_programs.MERGESORT.mergesort(MERGESORT.java:47)
	at java_programs.MERGESORT.mergesort(MERGESORT.java:47)
	at java_programs.MERGESORT.mergesort(MERGESORT.java:47)
	at java_programs.MERGESORT.mergesort(MERGESORT.java:47)
	at java_programs.MERGESORT.mergesort(MERGESORT.java:47)
	at java_programs.MERGESORT.mergesort(MERGESORT.java:47)
	at java_programs.MERGESORT.mergesort(MERGESORT.java:47)
	at java_programs.MERGESORT.mergesort(MERGESORT.java:47)
	at java_programs.MERGESORT.mergesort(MERGESORT.java:47)
	at java_programs.MERGESORT.mergesort(MERGESORT.java:47)
	at java_programs.MERGESORT.mergesort(MERGESORT.java:47)
	at java_programs.MERGESORT.mergesort(MERGESORT.java:47)
	at java_programs.MERGESORT.mergesort(MERGESORT.java:47)
	at java_programs.MERGESORT.mergesort(MERGESORT.java:47)
	at java_programs.MERGESORT.mergesort(MERGESORT.java:47)
	at java_programs.MERGESORT.mergesort(MERGESORT.java:47)
	at java_programs.MERGESORT.mergesort(MERGESORT.java:47)
	at java_programs.MERGESORT.mergesort(MERGESORT.java:47)
	at java_programs.MERGESORT.mergesort(MERGESORT.java:47)
	at java_programs.MERGESORT.mergesort(MERGESORT.java:47)
	at java_programs.MERGESORT.mergesort(MERGESORT.java:47)
	at java_programs.MERGESORT.mergesort(MERGESORT.java:47)
	at java_programs.MERGESORT.mergesort(MERGESORT.java:47)
	at java_programs.MERGESORT.mergesort(MERGESORT.java:47)
	at java_programs.MERGESORT.mergesort(MERGESORT.java:47)
	at java_programs.MERGESORT.mergesort(MERGESORT.java:47)
	at java_programs.MERGESORT.mergesort(MERGESORT.java:47)
	at java_programs.MERGESORT.mergesort(MERGESORT.java:47)
	at java_programs.MERGESORT.mergesort(MERGESORT.java:47)
	at java_programs.MERGESORT.mergesort(MERGESORT.java:47)
	at java_programs.MERGESORT.mergesort(MERGESORT.java:47)
	at java_programs.MERGESORT.mergesort(MERGESORT.java:47)
	at java_programs.MERGESORT.mergesort(MERGESORT.java:47)
	at java_programs.MERGESORT.mergesort(MERGESORT.java:47)
	at java_programs.MERGESORT.mergesort(MERGESORT.java:47)
	at java_programs.MERGESORT.mergesort(MERGESORT.java:47)
	at java_programs.MERGESORT.mergesort(MERGESORT.java:47)
	at java_programs.MERGESORT.mergesort(MERGESORT.java:47)
	at java_programs.MERGESORT.mergesort(MERGESORT.java:47)
	at java_programs.MERGESORT.mergesort(MERGESORT.java:47)
	at java_programs.MERGESORT.mergesort(MERGESORT.java:47)
	at java_programs.MERGESORT.mergesort(MERGESORT.java:47)
	at java_programs.MERGESORT.mergesort(MERGESORT.java:47)
	at java_programs.MERGESORT.mergesort(MERGESORT.java:47)
	at java_programs.MERGESORT.mergesort(MERGESORT.java:47)
	at java_programs.MERGESORT.mergesort(MERGESORT.java:47)
	at java_programs.MERGESORT.mergesort(MERGESORT.java:47)
	at java_programs.MERGESORT.mergesort(MERGESORT.java:47)
	at java_programs.MERGESORT.mergesort(MERGESORT.java:47)
	at java_programs.MERGESORT.mergesort(MERGESORT.java:47)
	at java_programs.MERGESORT.mergesort(MERGESORT.java:47)
	at java_programs.MERGESORT.mergesort(MERGESORT.java:47)
	at java_programs.MERGESORT.mergesort(MERGESORT.java:47)
	at java_programs.MERGESORT.mergesort(MERGESORT.java:47)
	at java_programs.MERGESORT.mergesort(MERGESORT.java:47)
	at java_programs.MERGESORT.mergesort(MERGESORT.java:47)
	at java_programs.MERGESORT.mergesort(MERGESORT.java:47)
	at java_programs.MERGESORT.mergesort(MERGESORT.java:47)
	at java_programs.MERGESORT.mergesort(MERGESORT.java:47)
	at java_programs.MERGESORT.mergesort(MERGESORT.java:47)
	at java_programs.MERGESORT.mergesort(MERGESORT.java:47)
	at java_programs.MERGESORT.mergesort(MERGESORT.java:47)
	at java_programs.MERGESORT.mergesort(MERGESORT.java:47)
	at java_programs.MERGESORT.mergesort(MERGESORT.java:47)
	at java_programs.MERGESORT.mergesort(MERGESORT.java:47)
	at java_programs.MERGESORT.mergesort(MERGESORT.java:47)
	at java_programs.MERGESORT.mergesort(MERGESORT.java:47)
	at java_programs.MERGESORT.mergesort(MERGESORT.java:47)
	at java_programs.MERGESORT.mergesort(MERGESORT.java:47)
	at java_programs.MERGESORT.mergesort(MERGESORT.java:47)
	at java_programs.MERGESORT.mergesort(MERGESORT.java:47)
	at java_programs.MERGESORT.mergesort(MERGESORT.java:47)
	at java_programs.MERGESORT.mergesort(MERGESORT.java:47)
	at java_programs.MERGESORT.mergesort(MERGESORT.java:47)
	at java_programs.MERGESORT.mergesort(MERGESORT.java:47)
	at java_programs.MERGESORT.mergesort(MERGESORT.java:47)
	at java_programs.MERGESORT.mergesort(MERGESORT.java:47)
	at java_programs.MERGESORT.mergesort(MERGESORT.java:47)
	at java_programs.MERGESORT.mergesort(MERGESORT.java:47)
	at java_programs.MERGESORT.mergesort(MERGESORT.java:47)
	at java_programs.MERGESORT.mergesort(MERGESORT.java:47)
	at java_programs.MERGESORT.mergesort(MERGESORT.java:47)
	at java_programs.MERGESORT.mergesort(MERGESORT.java:47)
	at java_programs.MERGESORT.mergesort(MERGESORT.java:47)
	at java_programs.MERGESORT.mergesort(MERGESORT.java:47)
	at java_programs.MERGESORT.mergesort(MERGESORT.java:47)
	at java_programs.MERGESORT.mergesort(MERGESORT.java:47)
	at java_programs.MERGESORT.mergesort(MERGESORT.java:47)
	at java_programs.MERGESORT.mergesort(MERGESORT.java:47)
	at java_programs.MERGESORT.mergesort(MERGESORT.java:47)
	at java_programs.MERGESORT.mergesort(MERGESORT.java:47)
	at java_programs.MERGESORT.mergesort(MERGESORT.java:47)
	at java_programs.MERGESORT.mergesort(MERGESORT.java:47)
	at java_programs.MERGESORT.mergesort(MERGESORT.java:47)
	at java_programs.MERGESORT.mergesort(MERGESORT.java:47)
	at java_programs.MERGESORT.mergesort(MERGESORT.java:47)
	at java_programs.MERGESORT.mergesort(MERGESORT.java:47)
	at java_programs.MERGESORT.mergesort(MERGESORT.java:47)
	at java_programs.MERGESORT.mergesort(MERGESORT.java:47)
	at java_programs.MERGESORT.mergesort(MERGESORT.java:47)
	at java_programs.MERGESORT.mergesort(MERGESORT.java:47)
	at java_programs.MERGESORT.mergesort(MERGESORT.java:47)
	at java_programs.MERGESORT.mergesort(MERGESORT.java:47)
	at java_programs.MERGESORT.mergesort(MERGESORT.java:47)
	at java_programs.MERGESORT.mergesort(MERGESORT.java:47)
	at java_programs.MERGESORT.mergesort(MERGESORT.java:47)
	at java_programs.MERGESORT.mergesort(MERGESORT.java:47)
	at java_programs.MERGESORT.mergesort(MERGESORT.java:47)
	at java_programs.MERGESORT.mergesort(MERGESORT.java:47)
	at java_programs.MERGESORT.mergesort(MERGESORT.java:47)
	at java_programs.MERGESORT.mergesort(MERGESORT.java:47)
	at java_programs.MERGESORT.mergesort(MERGESORT.java:47)
	at java_programs.MERGESORT.mergesort(MERGESORT.java:47)
	at java_programs.MERGESORT.mergesort(MERGESORT.java:47)
	at java_programs.MERGESORT.mergesort(MERGESORT.java:47)
	at java_programs.MERGESORT.mergesort(MERGESORT.java:47)
	at java_programs.MERGESORT.mergesort(MERGESORT.java:47)
	at java_programs.MERGESORT.mergesort(MERGESORT.java:47)
	at java_programs.MERGESORT.mergesort(MERGESORT.java:47)
	at java_programs.MERGESORT.mergesort(MERGESORT.java:47)
	at java_programs.MERGESORT.mergesort(MERGESORT.java:47)
	at java_programs.MERGESORT.mergesort(MERGESORT.java:47)
	at java_programs.MERGESORT.mergesort(MERGESORT.java:47)
	at java_programs.MERGESORT.mergesort(MERGESORT.java:47)
	at java_programs.MERGESORT.mergesort(MERGESORT.java:47)
	at java_programs.MERGESORT.mergesort(MERGESORT.java:47)
	at java_programs.MERGESORT.mergesort(MERGESORT.java:47)
	at java_programs.MERGESORT.mergesort(MERGESORT.java:47)
	at java_programs.MERGESORT.mergesort(MERGESORT.java:47)
	at java_programs.MERGESORT.mergesort(MERGESORT.java:47)
	at java_programs.MERGESORT.mergesort(MERGESORT.java:47)
	at java_programs.MERGESORT.mergesort(MERGESORT.java:47)
	at java_programs.MERGESORT.mergesort(MERGESORT.java:47)
	at java_programs.MERGESORT.mergesort(MERGESORT.java:47)
	at java_programs.MERGESORT.mergesort(MERGESORT.java:47)
	at java_programs.MERGESORT.mergesort(MERGESORT.java:47)
	at java_programs.MERGESORT.mergesort(MERGESORT.java:47)
	at java_programs.MERGESORT.mergesort(MERGESORT.java:47)
	at java_programs.MERGESORT.mergesort(MERGESORT.java:47)
	at java_programs.MERGESORT.mergesort(MERGESORT.java:47)
	at java_programs.MERGESORT.mergesort(MERGESORT.java:47)
	at java_programs.MERGESORT.mergesort(MERGESORT.java:47)
	at java_programs.MERGESORT.mergesort(MERGESORT.java:47)
	at java_programs.MERGESORT.mergesort(MERGESORT.java:47)
	at java_programs.MERGESORT.mergesort(MERGESORT.java:47)
	at java_programs.MERGESORT.mergesort(MERGESORT.java:47)
	at java_programs.MERGESORT.mergesort(MERGESORT.java:47)
	at java_programs.MERGESORT.mergesort(MERGESORT.java:47)
	at java_programs.MERGESORT.mergesort(MERGESORT.java:47)
	at java_programs.MERGESORT.mergesort(MERGESORT.java:47)
	at java_programs.MERGESORT.mergesort(MERGESORT.java:47)
	at java_programs.MERGESORT.mergesort(MERGESORT.java:47)
	at java_programs.MERGESORT.mergesort(MERGESORT.java:47)
	at java_programs.MERGESORT.mergesort(MERGESORT.java:47)
	at java_programs.MERGESORT.mergesort(MERGESORT.java:47)
	at java_programs.MERGESORT.mergesort(MERGESORT.java:47)
	at java_programs.MERGESORT.mergesort(MERGESORT.java:47)
	at java_programs.MERGESORT.mergesort(MERGESORT.java:47)
	at java_programs.MERGESORT.mergesort(MERGESORT.java:47)
	at java_programs.MERGESORT.mergesort(MERGESORT.java:47)
	at java_programs.MERGESORT.mergesort(MERGESORT.java:47)
	at java_programs.MERGESORT.mergesort(MERGESORT.java:47)
	at java_programs.MERGESORT.mergesort(MERGESORT.java:47)
	at java_programs.MERGESORT.mergesort(MERGESORT.java:47)
	at java_programs.MERGESORT.mergesort(MERGESORT.java:47)
	at java_programs.MERGESORT.mergesort(MERGESORT.java:47)
	at java_programs.MERGESORT.mergesort(MERGESORT.java:47)
	at java_programs.MERGESORT.mergesort(MERGESORT.java:47)
	at java_programs.MERGESORT.mergesort(MERGESORT.java:47)
	at java_programs.MERGESORT.mergesort(MERGESORT.java:47)
	at java_programs.MERGESORT.mergesort(MERGESORT.java:47)
	at java_programs.MERGESORT.mergesort(MERGESORT.java:47)
	at java_programs.MERGESORT.mergesort(MERGESORT.java:47)
	at java_programs.MERGESORT.mergesort(MERGESORT.java:47)
	at java_programs.MERGESORT.mergesort(MERGESORT.java:47)
	at java_programs.MERGESORT.mergesort(MERGESORT.java:47)
	at java_programs.MERGESORT.mergesort(MERGESORT.java:47)
	at java_programs.MERGESORT.mergesort(MERGESORT.java:47)
	at java_programs.MERGESORT.mergesort(MERGESORT.java:47)
	at java_programs.MERGESORT.mergesort(MERGESORT.java:47)
	at java_programs.MERGESORT.mergesort(MERGESORT.java:47)
	at java_programs.MERGESORT.mergesort(MERGESORT.java:47)
	at java_programs.MERGESORT.mergesort(MERGESORT.java:47)
	at java_programs.MERGESORT.mergesort(MERGESORT.java:47)
	at java_programs.MERGESORT.mergesort(MERGESORT.java:47)
	at java_programs.MERGESORT.mergesort(MERGESORT.java:47)
	at java_programs.MERGESORT.mergesort(MERGESORT.java:47)
	at java_programs.MERGESORT.mergesort(MERGESORT.java:47)
	at java_programs.MERGESORT.mergesort(MERGESORT.java:47)
	at java_programs.MERGESORT.mergesort(MERGESORT.java:47)
	at java_programs.MERGESORT.mergesort(MERGESORT.java:47)
	at java_programs.MERGESORT.mergesort(MERGESORT.java:47)
	at java_programs.MERGESORT.mergesort(MERGESORT.java:47)
	at java_programs.MERGESORT.mergesort(MERGESORT.java:47)
	at java_programs.MERGESORT.mergesort(MERGESORT.java:47)
	at java_programs.MERGESORT.mergesort(MERGESORT.java:47)
	at java_programs.MERGESORT.mergesort(MERGESORT.java:47)
	at java_programs.MERGESORT.mergesort(MERGESORT.java:47)
	at java_programs.MERGESORT.mergesort(MERGESORT.java:47)
	at java_programs.MERGESORT.mergesort(MERGESORT.java:47)
	at java_programs.MERGESORT.mergesort(MERGESORT.java:47)
	at java_programs.MERGESORT.mergesort(MERGESORT.java:47)
	at java_programs.MERGESORT.mergesort(MERGESORT.java:47)
	at java_programs.MERGESORT.mergesort(MERGESORT.java:47)
	at java_programs.MERGESORT.mergesort(MERGESORT.java:47)
	at java_programs.MERGESORT.mergesort(MERGESORT.java:47)
	at java_programs.MERGESORT.mergesort(MERGESORT.java:47)
	at java_programs.MERGESORT.mergesort(MERGESORT.java:47)
	at java_programs.MERGESORT.mergesort(MERGESORT.java:47)
	at java_programs.MERGESORT.mergesort(MERGESORT.java:47)
	at java_programs.MERGESORT.mergesort(MERGESORT.java:47)
	at java_programs.MERGESORT.mergesort(MERGESORT.java:47)
	at java_programs.MERGESORT.mergesort(MERGESORT.java:47)
	at java_programs.MERGESORT.mergesort(MERGESORT.java:47)
	at java_programs.MERGESORT.mergesort(MERGESORT.java:47)
	at java_programs.MERGESORT.mergesort(MERGESORT.java:47)
	at java_programs.MERGESORT.mergesort(MERGESORT.java:47)
	at java_programs.MERGESORT.mergesort(MERGESORT.java:47)
	at java_programs.MERGESORT.mergesort(MERGESORT.java:47)
	at java_programs.MERGESORT.mergesort(MERGESORT.java:47)
	at java_programs.MERGESORT.mergesort(MERGESORT.java:47)
	at java_programs.MERGESORT.mergesort(MERGESORT.java:47)
	at java_programs.MERGESORT.mergesort(MERGESORT.java:47)
	at java_programs.MERGESORT.mergesort(MERGESORT.java:47)
	at java_programs.MERGESORT.mergesort(MERGESORT.java:47)
	at java_programs.MERGESORT.mergesort(MERGESORT.java:47)
	at java_programs.MERGESORT.mergesort(MERGESORT.java:47)
	at java_programs.MERGESORT.mergesort(MERGESORT.java:47)
	at java_programs.MERGESORT.mergesort(MERGESORT.java:47)
	at java_programs.MERGESORT.mergesort(MERGESORT.java:47)
	at java_programs.MERGESORT.mergesort(MERGESORT.java:47)
	at java_programs.MERGESORT.mergesort(MERGESORT.java:47)
	at java_programs.MERGESORT.mergesort(MERGESORT.java:47)
	at java_programs.MERGESORT.mergesort(MERGESORT.java:47)
	at java_programs.MERGESORT.mergesort(MERGESORT.java:47)
	at java_programs.MERGESORT.mergesort(MERGESORT.java:47)
	at java_programs.MERGESORT.mergesort(MERGESORT.java:47)
	at java_programs.MERGESORT.mergesort(MERGESORT.java:47)
	at java_programs.MERGESORT.mergesort(MERGESORT.java:47)
	at java_programs.MERGESORT.mergesort(MERGESORT.java:47)
	at java_programs.MERGESORT.mergesort(MERGESORT.java:47)
	at java_programs.MERGESORT.mergesort(MERGESORT.java:47)
	at java_programs.MERGESORT.mergesort(MERGESORT.java:47)
	at java_programs.MERGESORT.mergesort(MERGESORT.java:47)
	at java_programs.MERGESORT.mergesort(MERGESORT.java:47)
	at java_programs.MERGESORT.mergesort(MERGESORT.java:47)
	at java_programs.MERGESORT.mergesort(MERGESORT.java:47)
	at java_programs.MERGESORT.mergesort(MERGESORT.java:47)
	at java_programs.MERGESORT.mergesort(MERGESORT.java:47)
	at java_programs.MERGESORT.mergesort(MERGESORT.java:47)
	at java_programs.MERGESORT.mergesort(MERGESORT.java:47)
	at java_programs.MERGESORT.mergesort(MERGESORT.java:47)
	at java_programs.MERGESORT.mergesort(MERGESORT.java:47)
	at java_programs.MERGESORT.mergesort(MERGESORT.java:47)
	at java_programs.MERGESORT.mergesort(MERGESORT.java:47)
	at java_programs.MERGESORT.mergesort(MERGESORT.java:47)
	at java_programs.MERGESORT.mergesort(MERGESORT.java:47)
	at java_programs.MERGESORT.mergesort(MERGESORT.java:47)
	at java_programs.MERGESORT.mergesort(MERGESORT.java:47)
	at java_programs.MERGESORT.mergesort(MERGESORT.java:47)
	at java_programs.MERGESORT.mergesort(MERGESORT.java:47)
	at java_programs.MERGESORT.mergesort(MERGESORT.java:47)
	at java_programs.MERGESORT.mergesort(MERGESORT.java:47)
	at java_programs.MERGESORT.mergesort(MERGESORT.java:47)
	at java_programs.MERGESORT.mergesort(MERGESORT.java:47)
	at java_programs.MERGESORT.mergesort(MERGESORT.java:47)
	at java_programs.MERGESORT.mergesort(MERGESORT.java:47)
	at java_programs.MERGESORT.mergesort(MERGESORT.java:47)
	at java_programs.MERGESORT.mergesort(MERGESORT.java:47)
	at java_programs.MERGESORT.mergesort(MERGESORT.java:47)
	at java_programs.MERGESORT.mergesort(MERGESORT.java:47)
	at java_programs.MERGESORT.mergesort(MERGESORT.java:47)
	at java_programs.MERGESORT.mergesort(MERGESORT.java:47)
	at java_programs.MERGESORT.mergesort(MERGESORT.java:47)
	at java_programs.MERGESORT.mergesort(MERGESORT.java:47)
	at java_programs.MERGESORT.mergesort(MERGESORT.java:47)
	at java_programs.MERGESORT.mergesort(MERGESORT.java:47)
	at java_programs.MERGESORT.mergesort(MERGESORT.java:47)
	at java_programs.MERGESORT.mergesort(MERGESORT.java:47)
	at java_programs.MERGESORT.mergesort(MERGESORT.java:47)
	at java_programs.MERGESORT.mergesort(MERGESORT.java:47)
	at java_programs.MERGESORT.mergesort(MERGESORT.java:47)
	at java_programs.MERGESORT.mergesort(MERGESORT.java:47)
	at java_programs.MERGESORT.mergesort(MERGESORT.java:47)
	at java_programs.MERGESORT.mergesort(MERGESORT.java:47)
	at java_programs.MERGESORT.mergesort(MERGESORT.java:47)
	at java_programs.MERGESORT.mergesort(MERGESORT.java:47)
	at java_programs.MERGESORT.mergesort(MERGESORT.java:47)
	at java_programs.MERGESORT.mergesort(MERGESORT.java:47)
	at java_programs.MERGESORT.mergesort(MERGESORT.java:47)
	at java_programs.MERGESORT.mergesort(MERGESORT.java:47)
	at java_programs.MERGESORT.mergesort(MERGESORT.java:47)
	at java_programs.MERGESORT.mergesort(MERGESORT.java:47)
	at java_programs.MERGESORT.mergesort(MERGESORT.java:47)
	at java_programs.MERGESORT.mergesort(MERGESORT.java:47)
	at java_programs.MERGESORT.mergesort(MERGESORT.java:47)
	at java_programs.MERGESORT.mergesort(MERGESORT.java:47)
	at java_programs.MERGESORT.mergesort(MERGESORT.java:47)
	at java_programs.MERGESORT.mergesort(MERGESORT.java:47)
	at java_programs.MERGESORT.mergesort(MERGESORT.java:47)
	at java_programs.MERGESORT.mergesort(MERGESORT.java:47)
	at java_programs.MERGESORT.mergesort(MERGESORT.java:47)
	at java_programs.MERGESORT.mergesort(MERGESORT.java:47)
	at java_programs.MERGESORT.mergesort(MERGESORT.java:47)
	at java_programs.MERGESORT.mergesort(MERGESORT.java:47)
	at java_programs.MERGESORT.mergesort(MERGESORT.java:47)
	at java_programs.MERGESORT.mergesort(MERGESORT.java:47)
	at java_programs.MERGESORT.mergesort(MERGESORT.java:47)
	at java_programs.MERGESORT.mergesort(MERGESORT.java:47)
	at java_programs.MERGESORT.mergesort(MERGESORT.java:47)
	at java_programs.MERGESORT.mergesort(MERGESORT.java:47)
	at java_programs.MERGESORT.mergesort(MERGESORT.java:47)
	at java_programs.MERGESORT.mergesort(MERGESORT.java:47)
	at java_programs.MERGESORT.mergesort(MERGESORT.java:47)
	at java_programs.MERGESORT.mergesort(MERGESORT.java:47)
	at java_programs.MERGESORT.mergesort(MERGESORT.java:47)
	at java_programs.MERGESORT.mergesort(MERGESORT.java:47)
	at java_programs.MERGESORT.mergesort(MERGESORT.java:47)
	at java_programs.MERGESORT.mergesort(MERGESORT.java:47)
	at java_programs.MERGESORT.mergesort(MERGESORT.java:47)
	at java_programs.MERGESORT.mergesort(MERGESORT.java:47)
	at java_programs.MERGESORT.mergesort(MERGESORT.java:47)
	at java_programs.MERGESORT.mergesort(MERGESORT.java:47)
	at java_programs.MERGESORT.mergesort(MERGESORT.java:47)
	at java_programs.MERGESORT.mergesort(MERGESORT.java:47)
	at java_programs.MERGESORT.mergesort(MERGESORT.java:47)
	at java_programs.MERGESORT.mergesort(MERGESORT.java:47)
	at java_programs.MERGESORT.mergesort(MERGESORT.java:47)
	at java_programs.MERGESORT.mergesort(MERGESORT.java:47)
	at java_programs.MERGESORT.mergesort(MERGESORT.java:47)
	at java_programs.MERGESORT.mergesort(MERGESORT.java:47)
	at java_programs.MERGESORT.mergesort(MERGESORT.java:47)
	at java_programs.MERGESORT.mergesort(MERGESORT.java:47)
	at java_programs.MERGESORT.mergesort(MERGESORT.java:47)
	at java_programs.MERGESORT.mergesort(MERGESORT.java:47)
	at java_programs.MERGESORT.mergesort(MERGESORT.java:47)
	at java_programs.MERGESORT.mergesort(MERGESORT.java:47)
	at java_programs.MERGESORT.mergesort(MERGESORT.java:47)
	at java_programs.MERGESORT.mergesort(MERGESORT.java:47)
	at java_programs.MERGESORT.mergesort(MERGESORT.java:47)
	at java_programs.MERGESORT.mergesort(MERGESORT.java:47)
	at java_programs.MERGESORT.mergesort(MERGESORT.java:47)
	at java_programs.MERGESORT.mergesort(MERGESORT.java:47)
	at java_programs.MERGESORT.mergesort(MERGESORT.java:47)
	at java_programs.MERGESORT.mergesort(MERGESORT.java:47)
	at java_programs.MERGESORT.mergesort(MERGESORT.java:47)
	at java_programs.MERGESORT.mergesort(MERGESORT.java:47)
	at java_programs.MERGESORT.mergesort(MERGESORT.java:47)
	at java_programs.MERGESORT.mergesort(MERGESORT.java:47)
	at java_programs.MERGESORT.mergesort(MERGESORT.java:47)
	at java_programs.MERGESORT.mergesort(MERGESORT.java:47)
	at java_programs.MERGESORT.mergesort(MERGESORT.java:47)
	at java_programs.MERGESORT.mergesort(MERGESORT.java:47)
	at java_programs.MERGESORT.mergesort(MERGESORT.java:47)
	at java_programs.MERGESORT.mergesort(MERGESORT.java:47)
	at java_programs.MERGESORT.mergesort(MERGESORT.java:47)
	at java_programs.MERGESORT.mergesort(MERGESORT.java:47)
	at java_programs.MERGESORT.mergesort(MERGESORT.java:47)
	at java_programs.MERGESORT.mergesort(MERGESORT.java:47)
	at java_programs.MERGESORT.mergesort(MERGESORT.java:47)
	at java_programs.MERGESORT.mergesort(MERGESORT.java:47)
	at java_programs.MERGESORT.mergesort(MERGESORT.java:47)
	at java_programs.MERGESORT.mergesort(MERGESORT.java:47)
	at java_programs.MERGESORT.mergesort(MERGESORT.java:47)
	at java_programs.MERGESORT.mergesort(MERGESORT.java:47)
	at java_programs.MERGESORT.mergesort(MERGESORT.java:47)
	at java_programs.MERGESORT.mergesort(MERGESORT.java:47)
	at java_programs.MERGESORT.mergesort(MERGESORT.java:47)
	at java_programs.MERGESORT.mergesort(MERGESORT.java:47)
	at java_programs.MERGESORT.mergesort(MERGESORT.java:47)
	at java_programs.MERGESORT.mergesort(MERGESORT.java:47)
	at java_programs.MERGESORT.mergesort(MERGESORT.java:47)
	at java_programs.MERGESORT.mergesort(MERGESORT.java:47)
	at java_programs.MERGESORT.mergesort(MERGESORT.java:47)
	at java_programs.MERGESORT.mergesort(MERGESORT.java:47)
	at java_programs.MERGESORT.mergesort(MERGESORT.java:47)
	at java_programs.MERGESORT.mergesort(MERGESORT.java:47)
	at java_programs.MERGESORT.mergesort(MERGESORT.java:47)
	at java_programs.MERGESORT.mergesort(MERGESORT.java:47)
	at java_programs.MERGESORT.mergesort(MERGESORT.java:47)
	at java_programs.MERGESORT.mergesort(MERGESORT.java:47)
	at java_programs.MERGESORT.mergesort(MERGESORT.java:47)
	at java_programs.MERGESORT.mergesort(MERGESORT.java:47)
	at java_programs.MERGESORT.mergesort(MERGESORT.java:47)
	at java_programs.MERGESORT.mergesort(MERGESORT.java:47)
	at java_programs.MERGESORT.mergesort(MERGESORT.java:47)
	at java_programs.MERGESORT.mergesort(MERGESORT.java:47)
	at java_programs.MERGESORT.mergesort(MERGESORT.java:47)
	at java_programs.MERGESORT.mergesort(MERGESORT.java:47)
	at java_programs.MERGESORT.mergesort(MERGESORT.java:47)
	at java_programs.MERGESORT.mergesort(MERGESORT.java:47)
	at java_programs.MERGESORT.mergesort(MERGESORT.java:47)
	at java_programs.MERGESORT.mergesort(MERGESORT.java:47)
	at java_programs.MERGESORT.mergesort(MERGESORT.java:47)
	at java_programs.MERGESORT.mergesort(MERGESORT.java:47)
	at java_programs.MERGESORT.mergesort(MERGESORT.java:47)
	at java_programs.MERGESORT.mergesort(MERGESORT.java:47)
	at java_programs.MERGESORT.mergesort(MERGESORT.java:47)
	at java_programs.MERGESORT.mergesort(MERGESORT.java:47)
	at java_programs.MERGESORT.mergesort(MERGESORT.java:47)
	at java_programs.MERGESORT.mergesort(MERGESORT.java:47)
	at java_programs.MERGESORT.mergesort(MERGESORT.java:47)
	at java_programs.MERGESORT.mergesort(MERGESORT.java:47)
	at java_programs.MERGESORT.mergesort(MERGESORT.java:47)
	at java_programs.MERGESORT.mergesort(MERGESORT.java:47)
	at java_programs.MERGESORT.mergesort(MERGESORT.java:47)
	at java_programs.MERGESORT.mergesort(MERGESORT.java:47)
	at java_programs.MERGESORT.mergesort(MERGESORT.java:47)
	at java_programs.MERGESORT.mergesort(MERGESORT.java:47)
	at java_programs.MERGESORT.mergesort(MERGESORT.java:47)
	at java_programs.MERGESORT.mergesort(MERGESORT.java:47)
	at java_programs.MERGESORT.mergesort(MERGESORT.java:47)
	at java_programs.MERGESORT.mergesort(MERGESORT.java:47)
	at java_programs.MERGESORT.mergesort(MERGESORT.java:47)
	at java_programs.MERGESORT.mergesort(MERGESORT.java:47)
	at java_programs.MERGESORT.mergesort(MERGESORT.java:47)
	at java_programs.MERGESORT.mergesort(MERGESORT.java:47)
	at java_programs.MERGESORT.mergesort(MERGESORT.java:47)
	at java_programs.MERGESORT.mergesort(MERGESORT.java:47)
	at java_programs.MERGESORT.mergesort(MERGESORT.java:47)
	at java_programs.MERGESORT.mergesort(MERGESORT.java:47)
	at java_programs.MERGESORT.mergesort(MERGESORT.java:47)
	at java_programs.MERGESORT.mergesort(MERGESORT.java:47)
	at java_programs.MERGESORT.mergesort(MERGESORT.java:47)
	at java_programs.MERGESORT.mergesort(MERGESORT.java:47)
	at java_programs.MERGESORT.mergesort(MERGESORT.java:47)
	at java_programs.MERGESORT.mergesort(MERGESORT.java:47)
	at java_programs.MERGESORT.mergesort(MERGESORT.java:47)
	at java_programs.MERGESORT.mergesort(MERGESORT.java:47)
	at java_programs.MERGESORT.mergesort(MERGESORT.java:47)
	at java_programs.MERGESORT.mergesort(MERGESORT.java:47)
	at java_programs.MERGESORT.mergesort(MERGESORT.java:47)
	at java_programs.MERGESORT.mergesort(MERGESORT.java:47)
	at java_programs.MERGESORT.mergesort(MERGESORT.java:47)
	at java_programs.MERGESORT.mergesort(MERGESORT.java:47)
	at java_programs.MERGESORT.mergesort(MERGESORT.java:47)
	at java_programs.MERGESORT.mergesort(MERGESORT.java:47)
	at java_programs.MERGESORT.mergesort(MERGESORT.java:47)
	at java_programs.MERGESORT.mergesort(MERGESORT.java:47)
	at java_programs.MERGESORT.mergesort(MERGESORT.java:47)
	at java_programs.MERGESORT.mergesort(MERGESORT.java:47)
	at java_programs.MERGESORT.mergesort(MERGESORT.java:47)
	at java_programs.MERGESORT.mergesort(MERGESORT.java:47)
	at java_programs.MERGESORT.mergesort(MERGESORT.java:47)
	at java_programs.MERGESORT.mergesort(MERGESORT.java:47)
	at java_programs.MERGESORT.mergesort(MERGESORT.java:47)
	at java_programs.MERGESORT.mergesort(MERGESORT.java:47)
	at java_programs.MERGESORT.mergesort(MERGESORT.java:47)
	at java_programs.MERGESORT.mergesort(MERGESORT.java:47)
	at java_programs.MERGESORT.mergesort(MERGESORT.java:47)
	at java_programs.MERGESORT.mergesort(MERGESORT.java:47)
	at java_programs.MERGESORT.mergesort(MERGESORT.java:47)
	at java_programs.MERGESORT.mergesort(MERGESORT.java:47)
	at java_programs.MERGESORT.mergesort(MERGESORT.java:47)
	at java_programs.MERGESORT.mergesort(MERGESORT.java:47)
	at java_programs.MERGESORT.mergesort(MERGESORT.java:47)
	at java_programs.MERGESORT.mergesort(MERGESORT.java:47)
	at java_programs.MERGESORT.mergesort(MERGESORT.java:47)
	at java_programs.MERGESORT.mergesort(MERGESORT.java:47)
	at java_programs.MERGESORT.mergesort(MERGESORT.java:47)
	at java_programs.MERGESORT.mergesort(MERGESORT.java:47)
	at java_programs.MERGESORT.mergesort(MERGESORT.java:47)
	at java_programs.MERGESORT.mergesort(MERGESORT.java:47)
	at java_programs.MERGESORT.mergesort(MERGESORT.java:47)
	at java_programs.MERGESORT.mergesort(MERGESORT.java:47)
	at java_programs.MERGESORT.mergesort(MERGESORT.java:47)
	at java_programs.MERGESORT.mergesort(MERGESORT.java:47)
	at java_programs.MERGESORT.mergesort(MERGESORT.java:47)
	at java_programs.MERGESORT.mergesort(MERGESORT.java:47)
	at java_programs.MERGESORT.mergesort(MERGESORT.java:47)
	at java_programs.MERGESORT.mergesort(MERGESORT.java:47)
	at java_programs.MERGESORT.mergesort(MERGESORT.java:47)
	at java_programs.MERGESORT.mergesort(MERGESORT.java:47)
	at java_programs.MERGESORT.mergesort(MERGESORT.java:47)
	at java_programs.MERGESORT.mergesort(MERGESORT.java:47)
	at java_programs.MERGESORT.mergesort(MERGESORT.java:47)
	at java_programs.MERGESORT.mergesort(MERGESORT.java:47)
	at java_programs.MERGESORT.mergesort(MERGESORT.java:47)
	at java_programs.MERGESORT.mergesort(MERGESORT.java:47)
	at java_programs.MERGESORT.mergesort(MERGESORT.java:47)
	at java_programs.MERGESORT.mergesort(MERGESORT.java:47)
	at java_programs.MERGESORT.mergesort(MERGESORT.java:47)
	at java_programs.MERGESORT.mergesort(MERGESORT.java:47)
	at java_programs.MERGESORT.mergesort(MERGESORT.java:47)
	at java_programs.MERGESORT.mergesort(MERGESORT.java:47)
	at java_programs.MERGESORT.mergesort(MERGESORT.java:47)
	at java_programs.MERGESORT.mergesort(MERGESORT.java:47)
	at java_programs.MERGESORT.mergesort(MERGESORT.java:47)
	at java_programs.MERGESORT.mergesort(MERGESORT.java:47)
	at java_programs.MERGESORT.mergesort(MERGESORT.java:47)
	at java_programs.MERGESORT.mergesort(MERGESORT.java:47)
	at java_programs.MERGESORT.mergesort(MERGESORT.java:47)
	at java_programs.MERGESORT.mergesort(MERGESORT.java:47)
	at java_programs.MERGESORT.mergesort(MERGESORT.java:47)
	at java_programs.MERGESORT.mergesort(MERGESORT.java:47)
	at java_programs.MERGESORT.mergesort(MERGESORT.java:47)
	at java_programs.MERGESORT.mergesort(MERGESORT.java:47)
	at java_programs.MERGESORT.mergesort(MERGESORT.java:47)
	at java_programs.MERGESORT.mergesort(MERGESORT.java:47)
	at java_programs.MERGESORT.mergesort(MERGESORT.java:47)
	at java_programs.MERGESORT.mergesort(MERGESORT.java:47)
	at java_programs.MERGESORT.mergesort(MERGESORT.java:47)
	at java_programs.MERGESORT.mergesort(MERGESORT.java:47)
	at java_programs.MERGESORT.mergesort(MERGESORT.java:47)
	at java_programs.MERGESORT.mergesort(MERGESORT.java:47)
	at java_programs.MERGESORT.mergesort(MERGESORT.java:47)
	at java_programs.MERGESORT.mergesort(MERGESORT.java:47)
	at java_programs.MERGESORT.mergesort(MERGESORT.java:47)
	at java_programs.MERGESORT.mergesort(MERGESORT.java:47)
	at java_programs.MERGESORT.mergesort(MERGESORT.java:47)
	at java_programs.MERGESORT.mergesort(MERGESORT.java:47)
	at java_programs.MERGESORT.mergesort(MERGESORT.java:47)
	at java_programs.MERGESORT.mergesort(MERGESORT.java:47)
	at java_programs.MERGESORT.mergesort(MERGESORT.java:47)
	at java_programs.MERGESORT.mergesort(MERGESORT.java:47)
	at java_programs.MERGESORT.mergesort(MERGESORT.java:47)
	at java_programs.MERGESORT.mergesort(MERGESORT.java:47)
	at java_programs.MERGESORT.mergesort(MERGESORT.java:47)
	at java_programs.MERGESORT.mergesort(MERGESORT.java:47)
	at java_programs.MERGESORT.mergesort(MERGESORT.java:47)
	at java_programs.MERGESORT.mergesort(MERGESORT.java:47)
	at java_programs.MERGESORT.mergesort(MERGESORT.java:47)
	at java_programs.MERGESORT.mergesort(MERGESORT.java:47)
	at java_programs.MERGESORT.mergesort(MERGESORT.java:47)
	at java_programs.MERGESORT.mergesort(MERGESORT.java:47)
	at java_programs.MERGESORT.mergesort(MERGESORT.java:47)
	at java_programs.MERGESORT.mergesort(MERGESORT.java:47)
	at java_programs.MERGESORT.mergesort(MERGESORT.java:47)
	at java_programs.MERGESORT.mergesort(MERGESORT.java:47)
	at java_programs.MERGESORT.mergesort(MERGESORT.java:47)
	at java_programs.MERGESORT.mergesort(MERGESORT.java:47)
	at java_programs.MERGESORT.mergesort(MERGESORT.java:47)
	at java_programs.MERGESORT.mergesort(MERGESORT.java:47)
	at java_programs.MERGESORT.mergesort(MERGESORT.java:47)
	at java_programs.MERGESORT.mergesort(MERGESORT.java:47)
	at java_programs.MERGESORT.mergesort(MERGESORT.java:47)
	at java_programs.MERGESORT.mergesort(MERGESORT.java:47)
	at java_programs.MERGESORT.mergesort(MERGESORT.java:47)
	at java_programs.MERGESORT.mergesort(MERGESORT.java:47)
	at java_programs.MERGESORT.mergesort(MERGESORT.java:47)
	at java_programs.MERGESORT.mergesort(MERGESORT.java:47)
	at java_programs.MERGESORT.mergesort(MERGESORT.java:47)
	at java_programs.MERGESORT.mergesort(MERGESORT.java:47)
	at java_programs.MERGESORT.mergesort(MERGESORT.java:47)
	at java_programs.MERGESORT.mergesort(MERGESORT.java:47)
	at java_programs.MERGESORT.mergesort(MERGESORT.java:47)
	at java_programs.MERGESORT.mergesort(MERGESORT.java:47)
	at java_programs.MERGESORT.mergesort(MERGESORT.java:47)
	at java_programs.MERGESORT.mergesort(MERGESORT.java:47)
	at java_programs.MERGESORT.mergesort(MERGESORT.java:47)
	at java_programs.MERGESORT.mergesort(MERGESORT.java:47)
	at java_programs.MERGESORT.mergesort(MERGESORT.java:47)
	at java_programs.MERGESORT.mergesort(MERGESORT.java:47)
	at java_programs.MERGESORT.mergesort(MERGESORT.java:47)
	at java_programs.MERGESORT.mergesort(MERGESORT.java:47)
	at java_programs.MERGESORT.mergesort(MERGESORT.java:47)
	at java_programs.MERGESORT.mergesort(MERGESORT.java:47)
	at java_programs.MERGESORT.mergesort(MERGESORT.java:47)
	at java_programs.MERGESORT.mergesort(MERGESORT.java:47)
	at java_programs.MERGESORT.mergesort(MERGESORT.java:47)
	at java_programs.MERGESORT.mergesort(MERGESORT.java:47)
	at java_programs.MERGESORT.mergesort(MERGESORT.java:47)
	at java_programs.MERGESORT.mergesort(MERGESORT.java:47)
	at java_programs.MERGESORT.mergesort(MERGESORT.java:47)
	at java_programs.MERGESORT.mergesort(MERGESORT.java:47)
	at java_programs.MERGESORT.mergesort(MERGESORT.java:47)
	at java_programs.MERGESORT.mergesort(MERGESORT.java:47)
	at java_programs.MERGESORT.mergesort(MERGESORT.java:47)
	at java_programs.MERGESORT.mergesort(MERGESORT.java:47)
	at java_programs.MERGESORT.mergesort(MERGESORT.java:47)
	at java_programs.MERGESORT.mergesort(MERGESORT.java:47)
	at java_programs.MERGESORT.mergesort(MERGESORT.java:47)
	at java_programs.MERGESORT.mergesort(MERGESORT.java:47)
	at java_programs.MERGESORT.mergesort(MERGESORT.java:47)
	at java_programs.MERGESORT.mergesort(MERGESORT.java:47)
	at java_programs.MERGESORT.mergesort(MERGESORT.java:47)
	at java_programs.MERGESORT.mergesort(MERGESORT.java:47)
	at java_programs.MERGESORT.mergesort(MERGESORT.java:47)
	at java_programs.MERGESORT.mergesort(MERGESORT.java:47)
	at java_programs.MERGESORT.mergesort(MERGESORT.java:47)
	at java_programs.MERGESORT.mergesort(MERGESORT.java:47)
	at java_programs.MERGESORT.mergesort(MERGESORT.java:47)
	at java_programs.MERGESORT.mergesort(MERGESORT.java:47)
	at java_programs.MERGESORT.mergesort(MERGESORT.java:47)
	at java_programs.MERGESORT.mergesort(MERGESORT.java:47)
	at java_programs.MERGESORT.mergesort(MERGESORT.java:47)
	at java_programs.MERGESORT.mergesort(MERGESORT.java:47)
	at java_programs.MERGESORT.mergesort(MERGESORT.java:47)
	at java_programs.MERGESORT.mergesort(MERGESORT.java:47)
	at java_programs.MERGESORT.mergesort(MERGESORT.java:47)
	at java_programs.MERGESORT.mergesort(MERGESORT.java:47)
	at java_programs.MERGESORT.mergesort(MERGESORT.java:47)
	at java_programs.MERGESORT.mergesort(MERGESORT.java:47)
	at java_programs.MERGESORT.mergesort(MERGESORT.java:47)
	at java_programs.MERGESORT.mergesort(MERGESORT.java:47)
	at java_programs.MERGESORT.mergesort(MERGESORT.java:47)
	at java_programs.MERGESORT.mergesort(MERGESORT.java:47)
	at java_programs.MERGESORT.mergesort(MERGESORT.java:47)
	at java_programs.MERGESORT.mergesort(MERGESORT.java:47)
	at java_programs.MERGESORT.mergesort(MERGESORT.java:47)
	at java_programs.MERGESORT.mergesort(MERGESORT.java:47)
	at java_programs.MERGESORT.mergesort(MERGESORT.java:47)
	at java_programs.MERGESORT.mergesort(MERGESORT.java:47)
	at java_programs.MERGESORT.mergesort(MERGESORT.java:47)
	at java_programs.MERGESORT.mergesort(MERGESORT.java:47)
	at java_programs.MERGESORT.mergesort(MERGESORT.java:47)
	at java_programs.MERGESORT.mergesort(MERGESORT.java:47)
	at java_programs.MERGESORT.mergesort(MERGESORT.java:47)
	at java_programs.MERGESORT.mergesort(MERGESORT.java:47)
	at java_programs.MERGESORT.mergesort(MERGESORT.java:47)
	at java_programs.MERGESORT.mergesort(MERGESORT.java:47)
	at java_programs.MERGESORT.mergesort(MERGESORT.java:47)
	at java_programs.MERGESORT.mergesort(MERGESORT.java:47)
	at java_programs.MERGESORT.mergesort(MERGESORT.java:47)
	at java_programs.MERGESORT.mergesort(MERGESORT.java:47)
	at java_programs.MERGESORT.mergesort(MERGESORT.java:47)
	at java_programs.MERGESORT.mergesort(MERGESORT.java:47)
	at java_programs.MERGESORT.mergesort(MERGESORT.java:47)
	at java_programs.MERGESORT.mergesort(MERGESORT.java:47)
	at java_programs.MERGESORT.mergesort(MERGESORT.java:47)
	at java_programs.MERGESORT.mergesort(MERGESORT.java:47)
	at java_programs.MERGESORT.mergesort(MERGESORT.java:47)
	at java_programs.MERGESORT.mergesort(MERGESORT.java:47)
	at java_programs.MERGESORT.mergesort(MERGESORT.java:47)
	at java_programs.MERGESORT.mergesort(MERGESORT.java:47)
	at java_programs.MERGESORT.mergesort(MERGESORT.java:47)
	at java_programs.MERGESORT.mergesort(MERGESORT.java:47)
	at java_programs.MERGESORT.mergesort(MERGESORT.java:47)
	at java_programs.MERGESORT.mergesort(MERGESORT.java:47)
	at java_programs.MERGESORT.mergesort(MERGESORT.java:47)
	at java_programs.MERGESORT.mergesort(MERGESORT.java:47)
	at java_programs.MERGESORT.mergesort(MERGESORT.java:47)
	at java_programs.MERGESORT.mergesort(MERGESORT.java:47)
	at java_programs.MERGESORT.mergesort(MERGESORT.java:47)
	at java_programs.MERGESORT.mergesort(MERGESORT.java:47)
	at java_programs.MERGESORT.mergesort(MERGESORT.java:47)
	at java_programs.MERGESORT.mergesort(MERGESORT.java:47)
	at java_programs.MERGESORT.mergesort(MERGESORT.java:47)
	at java_programs.MERGESORT.mergesort(MERGESORT.java:47)
	at java_programs.MERGESORT.mergesort(MERGESORT.java:47)
	at java_programs.MERGESORT.mergesort(MERGESORT.java:47)
	at java_programs.MERGESORT.mergesort(MERGESORT.java:47)
	at java_programs.MERGESORT.mergesort(MERGESORT.java:47)
	at java_programs.MERGESORT.mergesort(MERGESORT.java:47)
	at java_programs.MERGESORT.mergesort(MERGESORT.java:47)
	at java_programs.MERGESORT.mergesort(MERGESORT.java:47)
	at java_programs.MERGESORT.mergesort(MERGESORT.java:47)
	at java_programs.MERGESORT.mergesort(MERGESORT.java:47)
	at java_programs.MERGESORT.mergesort(MERGESORT.java:47)
	at java_programs.MERGESORT.mergesort(MERGESORT.java:47)
	at java_programs.MERGESORT.mergesort(MERGESORT.java:47)
	at java_programs.MERGESORT.mergesort(MERGESORT.java:47)
	at java_programs.MERGESORT.mergesort(MERGESORT.java:47)
	at java_programs.MERGESORT.mergesort(MERGESORT.java:47)
	at java_programs.MERGESORT.mergesort(MERGESORT.java:47)
	at java_programs.MERGESORT.mergesort(MERGESORT.java:47)
	at java_programs.MERGESORT.mergesort(MERGESORT.java:47)
	at java_programs.MERGESORT.mergesort(MERGESORT.java:47)
	at java_programs.MERGESORT.mergesort(MERGESORT.java:47)
	at java_programs.MERGESORT.mergesort(MERGESORT.java:47)
	at java_programs.MERGESORT.mergesort(MERGESORT.java:47)
	at java_programs.MERGESORT.mergesort(MERGESORT.java:47)
	at java_programs.MERGESORT.mergesort(MERGESORT.java:47)
	at java_programs.MERGESORT.mergesort(MERGESORT.java:47)
	at java_programs.MERGESORT.mergesort(MERGESORT.java:47)
	at java_programs.MERGESORT.mergesort(MERGESORT.java:47)
	at java_programs.MERGESORT.mergesort(MERGESORT.java:47)
	at java_programs.MERGESORT.mergesort(MERGESORT.java:47)
	at java_programs.MERGESORT.mergesort(MERGESORT.java:47)
	at java_programs.MERGESORT.mergesort(MERGESORT.java:47)
	at java_programs.MERGESORT.mergesort(MERGESORT.java:47)
	at java_programs.MERGESORT.mergesort(MERGESORT.java:47)
	at java_programs.MERGESORT.mergesort(MERGESORT.java:47)
	at java_programs.MERGESORT.mergesort(MERGESORT.java:47)
	at java_programs.MERGESORT.mergesort(MERGESORT.java:47)
	at java_programs.MERGESORT.mergesort(MERGESORT.java:47)
	at java_programs.MERGESORT.mergesort(MERGESORT.java:47)
	at java_programs.MERGESORT.mergesort(MERGESORT.java:47)
	at java_programs.MERGESORT.mergesort(MERGESORT.java:47)
	at java_programs.MERGESORT.mergesort(MERGESORT.java:47)
	at java_programs.MERGESORT.mergesort(MERGESORT.java:47)
	at java_programs.MERGESORT.mergesort(MERGESORT.java:47)
	at java_programs.MERGESORT.mergesort(MERGESORT.java:47)
	at java_programs.MERGESORT.mergesort(MERGESORT.java:47)
	at java_programs.MERGESORT.mergesort(MERGESORT.java:47)
	at java_programs.MERGESORT.mergesort(MERGESORT.java:47)
	at java_programs.MERGESORT.mergesort(MERGESORT.java:47)
	at java_programs.MERGESORT.mergesort(MERGESORT.java:47)
	at java_programs.MERGESORT.mergesort(MERGESORT.java:47)
	at java_programs.MERGESORT.mergesort(MERGESORT.java:47)
	at java_programs.MERGESORT.mergesort(MERGESORT.java:47)
	at java_programs.MERGESORT.mergesort(MERGESORT.java:47)
	at java_programs.MERGESORT.mergesort(MERGESORT.java:47)
	at java_programs.MERGESORT.mergesort(MERGESORT.java:47)
	at java_programs.MERGESORT.mergesort(MERGESORT.java:47)
	at java_programs.MERGESORT.mergesort(MERGESORT.java:47)
	at java_programs.MERGESORT.mergesort(MERGESORT.java:47)
	at java_programs.MERGESORT.mergesort(MERGESORT.java:47)
	at java_programs.MERGESORT.mergesort(MERGESORT.java:47)
	at java_programs.MERGESORT.mergesort(MERGESORT.java:47)
	at java_programs.MERGESORT.mergesort(MERGESORT.java:47)
	at java_programs.MERGESORT.mergesort(MERGESORT.java:47)
	at java_programs.MERGESORT.mergesort(MERGESORT.java:47)
	at java_programs.MERGESORT.mergesort(MERGESORT.java:47)
	at java_programs.MERGESORT.mergesort(MERGESORT.java:47)
	at java_programs.MERGESORT.mergesort(MERGESORT.java:47)
	at java_programs.MERGESORT.mergesort(MERGESORT.java:47)
	at java_programs.MERGESORT.mergesort(MERGESORT.java:47)
	at java_programs.MERGESORT.mergesort(MERGESORT.java:47)
	at java_programs.MERGESORT.mergesort(MERGESORT.java:47)
	at java_programs.MERGESORT.mergesort(MERGESORT.java:47)
	at java_programs.MERGESORT.mergesort(MERGESORT.java:47)
	at java_programs.MERGESORT.mergesort(MERGESORT.java:47)
	at java_programs.MERGESORT.mergesort(MERGESORT.java:47)
	at java_programs.MERGESORT.mergesort(MERGESORT.java:47)
	at java_programs.MERGESORT.mergesort(MERGESORT.java:47)
	at java_programs.MERGESORT.mergesort(MERGESORT.java:47)
	at java_programs.MERGESORT.mergesort(MERGESORT.java:47)
	at java_programs.MERGESORT.mergesort(MERGESORT.java:47)
	at java_programs.MERGESORT.mergesort(MERGESORT.java:47)
	at java_programs.MERGESORT.mergesort(MERGESORT.java:47)
	at java_programs.MERGESORT.mergesort(MERGESORT.java:47)
	at java_programs.MERGESORT.mergesort(MERGESORT.java:47)
	at java_programs.MERGESORT.mergesort(MERGESORT.java:47)
	at java_programs.MERGESORT.mergesort(MERGESORT.java:47)
	at java_programs.MERGESORT.mergesort(MERGESORT.java:47)
	at java_programs.MERGESORT.mergesort(MERGESORT.java:47)
	at java_programs.MERGESORT.mergesort(MERGESORT.java:47)
	at java_programs.MERGESORT.mergesort(MERGESORT.java:47)
	at java_programs.MERGESORT.mergesort(MERGESORT.java:47)
	at java_programs.MERGESORT.mergesort(MERGESORT.java:47)
	at java_programs.MERGESORT.mergesort(MERGESORT.java:47)
	at java_programs.MERGESORT.mergesort(MERGESORT.java:47)
	at java_programs.MERGESORT.mergesort(MERGESORT.java:47)
	at java_programs.MERGESORT.mergesort(MERGESORT.java:47)
	at java_programs.MERGESORT.mergesort(MERGESORT.java:47)
	at java_programs.MERGESORT.mergesort(MERGESORT.java:47)
	at java_programs.MERGESORT.mergesort(MERGESORT.java:47)
	at java_programs.MERGESORT.mergesort(MERGESORT.java:47)
	at java_programs.MERGESORT.mergesort(MERGESORT.java:47)
	at java_programs.MERGESORT.mergesort(MERGESORT.java:47)
	at java_programs.MERGESORT.mergesort(MERGESORT.java:47)
	at java_programs.MERGESORT.mergesort(MERGESORT.java:47)
	at java_programs.MERGESORT.mergesort(MERGESORT.java:47)
	at java_programs.MERGESORT.mergesort(MERGESORT.java:47)
	at java_programs.MERGESORT.mergesort(MERGESORT.java:47)
	at java_programs.MERGESORT.mergesort(MERGESORT.java:47)
	at java_programs.MERGESORT.mergesort(MERGESORT.java:47)
	at java_programs.MERGESORT.mergesort(MERGESORT.java:47)
	at java_programs.MERGESORT.mergesort(MERGESORT.java:47)
	at java_programs.MERGESORT.mergesort(MERGESORT.java:47)
	at java_programs.MERGESORT.mergesort(MERGESORT.java:47)
	at java_programs.MERGESORT.mergesort(MERGESORT.java:47)
	at java_programs.MERGESORT.mergesort(MERGESORT.java:47)
	at java_programs.MERGESORT.mergesort(MERGESORT.java:47)
	at java_programs.MERGESORT.mergesort(MERGESORT.java:47)
	at java_programs.MERGESORT.mergesort(MERGESORT.java:47)
	at java_programs.MERGESORT.mergesort(MERGESORT.java:47)
	at java_programs.MERGESORT.mergesort(MERGESORT.java:47)
	at java_programs.MERGESORT.mergesort(MERGESORT.java:47)
	at java_programs.MERGESORT.mergesort(MERGESORT.java:47)
	at java_programs.MERGESORT.mergesort(MERGESORT.java:47)
	at java_programs.MERGESORT.mergesort(MERGESORT.java:47)
	at java_programs.MERGESORT.mergesort(MERGESORT.java:47)
	at java_programs.MERGESORT.mergesort(MERGESORT.java:47)
	at java_programs.MERGESORT.mergesort(MERGESORT.java:47)
	at java_programs.MERGESORT.mergesort(MERGESORT.java:47)
	at java_programs.MERGESORT.mergesort(MERGESORT.java:47)
	at java_programs.MERGESORT.mergesort(MERGESORT.java:47)
	at java_programs.MERGESORT.mergesort(MERGESORT.java:47)
	at java_programs.MERGESORT.mergesort(MERGESORT.java:47)
	at java_programs.MERGESORT.mergesort(MERGESORT.java:47)
	at java_programs.MERGESORT.mergesort(MERGESORT.java:47)
	at java_programs.MERGESORT.mergesort(MERGESORT.java:47)
	at java_programs.MERGESORT.mergesort(MERGESORT.java:47)
	at java_programs.MERGESORT.mergesort(MERGESORT.java:47)
	at java_programs.MERGESORT.mergesort(MERGESORT.java:47)
	at java_programs.MERGESORT.mergesort(MERGESORT.java:47)
	at java_programs.MERGESORT.mergesort(MERGESORT.java:47)
	at java_programs.MERGESORT.mergesort(MERGESORT.java:47)
	at java_programs.MERGESORT.mergesort(MERGESORT.java:47)
	at java_programs.MERGESORT.mergesort(MERGESORT.java:47)
	at java_programs.MERGESORT.mergesort(MERGESORT.java:47)
	at java_programs.MERGESORT.mergesort(MERGESORT.java:47)
	at java_programs.MERGESORT.mergesort(MERGESORT.java:47)
	at java_programs.MERGESORT.mergesort(MERGESORT.java:47)
	at java_programs.MERGESORT.mergesort(MERGESORT.java:47)
	at java_programs.MERGESORT.mergesort(MERGESORT.java:47)
	at java_programs.MERGESORT.mergesort(MERGESORT.java:47)
	at java_programs.MERGESORT.mergesort(MERGESORT.java:47)
	at java_programs.MERGESORT.mergesort(MERGESORT.java:47)
	at java_programs.MERGESORT.mergesort(MERGESORT.java:47)
	at java_programs.MERGESORT.mergesort(MERGESORT.java:47)
	at java_programs.MERGESORT.mergesort(MERGESORT.java:47)
	at java_programs.MERGESORT.mergesort(MERGESORT.java:47)
	at java_programs.MERGESORT.mergesort(MERGESORT.java:47)
	at java_programs.MERGESORT.mergesort(MERGESORT.java:47)
	at java_programs.MERGESORT.mergesort(MERGESORT.java:47)
	at java_programs.MERGESORT.mergesort(MERGESORT.java:47)
	at java_programs.MERGESORT.mergesort(MERGESORT.java:47)
	at java_programs.MERGESORT.mergesort(MERGESORT.java:47)
	at java_programs.MERGESORT.mergesort(MERGESORT.java:47)
	at java_programs.MERGESORT.mergesort(MERGESORT.java:47)
	at java_programs.MERGESORT.mergesort(MERGESORT.java:47)
	at java_programs.MERGESORT.mergesort(MERGESORT.java:47)
	at java_programs.MERGESORT.mergesort(MERGESORT.java:47)
	at java_programs.MERGESORT.mergesort(MERGESORT.java:47)
	at java_programs.MERGESORT.mergesort(MERGESORT.java:47)
	at java_programs.MERGESORT.mergesort(MERGESORT.java:47)
	at java_programs.MERGESORT.mergesort(MERGESORT.java:47)
	at java_programs.MERGESORT.mergesort(MERGESORT.java:47)
	at java_programs.MERGESORT.mergesort(MERGESORT.java:47)
	at java_programs.MERGESORT.mergesort(MERGESORT.java:47)
	at java_programs.MERGESORT.mergesort(MERGESORT.java:47)
	at java_programs.MERGESORT.mergesort(MERGESORT.java:47)
	at java_programs.MERGESORT.mergesort(MERGESORT.java:47)
	at java_programs.MERGESORT.mergesort(MERGESORT.java:47)
	at java_programs.MERGESORT.mergesort(MERGESORT.java:47)
	at java_programs.MERGESORT.mergesort(MERGESORT.java:47)
	at java_programs.MERGESORT.mergesort(MERGESORT.java:47)
	at java_programs.MERGESORT.mergesort(MERGESORT.java:47)
	at java_programs.MERGESORT.mergesort(MERGESORT.java:47)
	at java_programs.MERGESORT.mergesort(MERGESORT.java:47)
	at java_programs.MERGESORT.mergesort(MERGESORT.java:47)
	at java_programs.MERGESORT.mergesort(MERGESORT.java:47)
	at java_programs.MERGESORT.mergesort(MERGESORT.java:47)
	at java_programs.MERGESORT.mergesort(MERGESORT.java:47)
	at java_programs.MERGESORT.mergesort(MERGESORT.java:47)
	at java_programs.MERGESORT.mergesort(MERGESORT.java:47)
	at java_programs.MERGESORT.mergesort(MERGESORT.java:47)
	at java_programs.MERGESORT.mergesort(MERGESORT.java:47)
	at java_programs.MERGESORT.mergesort(MERGESORT.java:47)
	at java_programs.MERGESORT.mergesort(MERGESORT.java:47)
	at java_programs.MERGESORT.mergesort(MERGESORT.java:47)
	at java_programs.MERGESORT.mergesort(MERGESORT.java:47)
	at java_programs.MERGESORT.mergesort(MERGESORT.java:47)
	at java_programs.MERGESORT.mergesort(MERGESORT.java:47)
	at java_programs.MERGESORT.mergesort(MERGESORT.java:47)
	at java_programs.MERGESORT.mergesort(MERGESORT.java:47)
	at java_programs.MERGESORT.mergesort(MERGESORT.java:47)
	at java_programs.MERGESORT.mergesort(MERGESORT.java:47)
	at java_programs.MERGESORT.mergesort(MERGESORT.java:47)
	at java_programs.MERGESORT.mergesort(MERGESORT.java:47)
	at java_programs.MERGESORT.mergesort(MERGESORT.java:47)
	at java_programs.MERGESORT.mergesort(MERGESORT.java:47)
	at java_programs.MERGESORT.mergesort(MERGESORT.java:47)
	at java_programs.MERGESORT.mergesort(MERGESORT.java:47)
	at java_programs.MERGESORT.mergesort(MERGESORT.java:47)
	at java_programs.MERGESORT.mergesort(MERGESORT.java:47)
	at java_programs.MERGESORT.mergesort(MERGESORT.java:47)
	at java_programs.MERGESORT.mergesort(MERGESORT.java:47)
	at java_programs.MERGESORT.mergesort(MERGESORT.java:47)
	at java_programs.MERGESORT.mergesort(MERGESORT.java:47)
	at java_programs.MERGESORT.mergesort(MERGESORT.java:47)
	at java_programs.MERGESORT.mergesort(MERGESORT.java:47)
	at java_programs.MERGESORT.mergesort(MERGESORT.java:47)
	at java_programs.MERGESORT.mergesort(MERGESORT.java:47)
	at java_programs.MERGESORT.mergesort(MERGESORT.java:47)
	at java_programs.MERGESORT.mergesort(MERGESORT.java:47)
	at java_programs.MERGESORT.mergesort(MERGESORT.java:47)
	at java_programs.MERGESORT.mergesort(MERGESORT.java:47)
	at java_programs.MERGESORT.mergesort(MERGESORT.java:47)
	at java_programs.MERGESORT.mergesort(MERGESORT.java:47)
	at java_programs.MERGESORT.mergesort(MERGESORT.java:47)
	at java_programs.MERGESORT.mergesort(MERGESORT.java:47)
	at java_programs.MERGESORT.mergesort(MERGESORT.java:47)
	at java_programs.MERGESORT.mergesort(MERGESORT.java:47)
	at java_programs.MERGESORT.mergesort(MERGESORT.java:47)
	at java_programs.MERGESORT.mergesort(MERGESORT.java:47)
	at java_programs.MERGESORT.mergesort(MERGESORT.java:47)
	at java_programs.MERGESORT.mergesort(MERGESORT.java:47)
	at java_programs.MERGESORT.mergesort(MERGESORT.java:47)
	at java_programs.MERGESORT.mergesort(MERGESORT.java:47)
	at java_programs.MERGESORT.mergesort(MERGESORT.java:47)
	at java_programs.MERGESORT.mergesort(MERGESORT.java:47)
	at java_programs.MERGESORT.mergesort(MERGESORT.java:47)
	at java_programs.MERGESORT.mergesort(MERGESORT.java:47)
	at java_programs.MERGESORT.mergesort(MERGESORT.java:47)
	at java_programs.MERGESORT.mergesort(MERGESORT.java:47)
	at java_programs.MERGESORT.mergesort(MERGESORT.java:47)
	at java_programs.MERGESORT.mergesort(MERGESORT.java:47)
	at java_programs.MERGESORT.mergesort(MERGESORT.java:47)
	at java_programs.MERGESORT.mergesort(MERGESORT.java:47)
	at java_programs.MERGESORT.mergesort(MERGESORT.java:47)
	at java_programs.MERGESORT.mergesort(MERGESORT.java:47)
	at java_programs.MERGESORT.mergesort(MERGESORT.java:47)
	at java_programs.MERGESORT.mergesort(MERGESORT.java:47)
	at java_programs.MERGESORT.mergesort(MERGESORT.java:47)
	at java_programs.MERGESORT.mergesort(MERGESORT.java:47)
	at java_programs.MERGESORT.mergesort(MERGESORT.java:47)
	at java_programs.MERGESORT.mergesort(MERGESORT.java:47)
	at java_programs.MERGESORT.mergesort(MERGESORT.java:47)
	at java_programs.MERGESORT.mergesort(MERGESORT.java:47)
	at java_programs.MERGESORT.mergesort(MERGESORT.java:47)
	at java_programs.MERGESORT.mergesort(MERGESORT.java:47)
	at java_programs.MERGESORT.mergesort(MERGESORT.java:47)
	at java_programs.MERGESORT.mergesort(MERGESORT.java:47)
	at java_programs.MERGESORT.mergesort(MERGESORT.java:47)
	at java_programs.MERGESORT.mergesort(MERGESORT.java:47)
	at java_programs.MERGESORT.mergesort(MERGESORT.java:47)
	at java_programs.MERGESORT.mergesort(MERGESORT.java:47)
	at java_programs.MERGESORT.mergesort(MERGESORT.java:47)
	at java_programs.MERGESORT.mergesort(MERGESORT.java:47)
	at java_programs.MERGESORT.mergesort(MERGESORT.java:47)
	at java_programs.MERGESORT.mergesort(MERGESORT.java:47)
	at java_programs.MERGESORT.mergesort(MERGESORT.java:47)
	at java_programs.MERGESORT.mergesort(MERGESORT.java:47)
	at java_programs.MERGESORT.mergesort(MERGESORT.java:47)
	at java_programs.MERGESORT.mergesort(MERGESORT.java:47)
	at java_programs.MERGESORT.mergesort(MERGESORT.java:47)
	at java_programs.MERGESORT.mergesort(MERGESORT.java:47)
	at java_programs.MERGESORT.mergesort(MERGESORT.java:47)
	at java_programs.MERGESORT.mergesort(MERGESORT.java:47)
	at java_programs.MERGESORT.mergesort(MERGESORT.java:47)
	at java_programs.MERGESORT.mergesort(MERGESORT.java:47)
	at java_programs.MERGESORT.mergesort(MERGESORT.java:47)
	at java_programs.MERGESORT.mergesort(MERGESORT.java:47)
	at java_programs.MERGESORT.mergesort(MERGESORT.java:47)
	at java_programs.MERGESORT.mergesort(MERGESORT.java:47)
	at java_programs.MERGESORT.mergesort(MERGESORT.java:47)
	at java_programs.MERGESORT.mergesort(MERGESORT.java:47)
	at java_programs.MERGESORT.mergesort(MERGESORT.java:47)
	at java_programs.MERGESORT.mergesort(MERGESORT.java:47)
	at java_programs.MERGESORT.mergesort(MERGESORT.java:47)
	at java_programs.MERGESORT.mergesort(MERGESORT.java:47)
	at java_programs.MERGESORT.mergesort(MERGESORT.java:47)
	at java_programs.MERGESORT.mergesort(MERGESORT.java:47)
	at java_programs.MERGESORT.mergesort(MERGESORT.java:47)
	at java_programs.MERGESORT.mergesort(MERGESORT.java:47)
	at java_programs.MERGESORT.mergesort(MERGESORT.java:47)
	at java_programs.MERGESORT.mergesort(MERGESORT.java:47)
	at java_programs.MERGESORT.mergesort(MERGESORT.java:47)
	at java_programs.MERGESORT.mergesort(MERGESORT.java:47)
	at java_programs.MERGESORT.mergesort(MERGESORT.java:47)
	at java_programs.MERGESORT.mergesort(MERGESORT.java:47)
	at java_programs.MERGESORT.mergesort(MERGESORT.java:47)
	at java_programs.MERGESORT.mergesort(MERGESORT.java:47)
	at java_programs.MERGESORT.mergesort(MERGESORT.java:47)
	at java_programs.MERGESORT.mergesort(MERGESORT.java:47)
	at java_programs.MERGESORT.mergesort(MERGESORT.java:47)
	at java_programs.MERGESORT.mergesort(MERGESORT.java:47)
	at java_programs.MERGESORT.mergesort(MERGESORT.java:47)
	at java_programs.MERGESORT.mergesort(MERGESORT.java:47)
	at java_programs.MERGESORT.mergesort(MERGESORT.java:47)
	at java_programs.MERGESORT.mergesort(MERGESORT.java:47)
	at java_programs.MERGESORT.mergesort(MERGESORT.java:47)
	at java_programs.MERGESORT.mergesort(MERGESORT.java:47)
	at java_programs.MERGESORT.mergesort(MERGESORT.java:47)
	at java_programs.MERGESORT.mergesort(MERGESORT.java:47)
	at java_programs.MERGESORT.mergesort(MERGESORT.java:47)
	at java_programs.MERGESORT.mergesort(MERGESORT.java:47)
	at java_programs.MERGESORT.mergesort(MERGESORT.java:47)
	at java_programs.MERGESORT.mergesort(MERGESORT.java:47)
	at java_programs.MERGESORT.mergesort(MERGESORT.java:47)
	at java_programs.MERGESORT.mergesort(MERGESORT.java:47)
	at java_programs.MERGESORT.mergesort(MERGESORT.java:47)
	at java_programs.MERGESORT.mergesort(MERGESORT.java:47)
	at java_programs.MERGESORT.mergesort(MERGESORT.java:47)
	at java_programs.MERGESORT.mergesort(MERGESORT.java:47)
	at java_programs.MERGESORT.mergesort(MERGESORT.java:47)
	at java_programs.MERGESORT.mergesort(MERGESORT.java:47)
	at java_programs.MERGESORT.mergesort(MERGESORT.java:47)
	at java_programs.MERGESORT.mergesort(MERGESORT.java:47)
	at java_programs.MERGESORT.mergesort(MERGESORT.java:47)
	at java_programs.MERGESORT.mergesort(MERGESORT.java:47)
	at java_programs.MERGESORT.mergesort(MERGESORT.java:47)
	at java_programs.MERGESORT.mergesort(MERGESORT.java:47)
	at java_programs.MERGESORT.mergesort(MERGESORT.java:47)
	at java_programs.MERGESORT.mergesort(MERGESORT.java:47)
	at java_programs.MERGESORT.mergesort(MERGESORT.java:47)
	at java_programs.MERGESORT.mergesort(MERGESORT.java:47)
	at java_programs.MERGESORT.mergesort(MERGESORT.java:47)
	at java_programs.MERGESORT.mergesort(MERGESORT.java:47)
	at java_programs.MERGESORT.mergesort(MERGESORT.java:47)
	at java_programs.MERGESORT.mergesort(MERGESORT.java:47)
	at java_programs.MERGESORT.mergesort(MERGESORT.java:47)
	at java_programs.MERGESORT.mergesort(MERGESORT.java:47)
	at java_programs.MERGESORT.mergesort(MERGESORT.java:47)
	at java_programs.MERGESORT.mergesort(MERGESORT.java:47)
	at java_programs.MERGESORT.mergesort(MERGESORT.java:47)
	at java_programs.MERGESORT.mergesort(MERGESORT.java:47)
	at java_programs.MERGESORT.mergesort(MERGESORT.java:47)
	at java_programs.MERGESORT.mergesort(MERGESORT.java:47)
</failure>
  </testcase>
  <testcase name="test_6()" classname="test.java.MERGESORT_TEST" time="0.005">
    <failure message="java.lang.StackOverflowError" type="java.lang.StackOverflowError">java.lang.StackOverflowError
	at java.base/java.util.ArrayList.addAll(ArrayList.java:670)
	at java_programs.MERGESORT.mergesort(MERGESORT.java:43)
	at java_programs.MERGESORT.mergesort(MERGESORT.java:47)
	at java_programs.MERGESORT.mergesort(MERGESORT.java:47)
	at java_programs.MERGESORT.mergesort(MERGESORT.java:47)
	at java_programs.MERGESORT.mergesort(MERGESORT.java:47)
	at java_programs.MERGESORT.mergesort(MERGESORT.java:47)
	at java_programs.MERGESORT.mergesort(MERGESORT.java:47)
	at java_programs.MERGESORT.mergesort(MERGESORT.java:47)
	at java_programs.MERGESORT.mergesort(MERGESORT.java:47)
	at java_programs.MERGESORT.mergesort(MERGESORT.java:47)
	at java_programs.MERGESORT.mergesort(MERGESORT.java:47)
	at java_programs.MERGESORT.mergesort(MERGESORT.java:47)
	at java_programs.MERGESORT.mergesort(MERGESORT.java:47)
	at java_programs.MERGESORT.mergesort(MERGESORT.java:47)
	at java_programs.MERGESORT.mergesort(MERGESORT.java:47)
	at java_programs.MERGESORT.mergesort(MERGESORT.java:47)
	at java_programs.MERGESORT.mergesort(MERGESORT.java:47)
	at java_programs.MERGESORT.mergesort(MERGESORT.java:47)
	at java_programs.MERGESORT.mergesort(MERGESORT.java:47)
	at java_programs.MERGESORT.mergesort(MERGESORT.java:47)
	at java_programs.MERGESORT.mergesort(MERGESORT.java:47)
	at java_programs.MERGESORT.mergesort(MERGESORT.java:47)
	at java_programs.MERGESORT.mergesort(MERGESORT.java:47)
	at java_programs.MERGESORT.mergesort(MERGESORT.java:47)
	at java_programs.MERGESORT.mergesort(MERGESORT.java:47)
	at java_programs.MERGESORT.mergesort(MERGESORT.java:47)
	at java_programs.MERGESORT.mergesort(MERGESORT.java:47)
	at java_programs.MERGESORT.mergesort(MERGESORT.java:47)
	at java_programs.MERGESORT.mergesort(MERGESORT.java:47)
	at java_programs.MERGESORT.mergesort(MERGESORT.java:47)
	at java_programs.MERGESORT.mergesort(MERGESORT.java:47)
	at java_programs.MERGESORT.mergesort(MERGESORT.java:47)
	at java_programs.MERGESORT.mergesort(MERGESORT.java:47)
	at java_programs.MERGESORT.mergesort(MERGESORT.java:47)
	at java_programs.MERGESORT.mergesort(MERGESORT.java:47)
	at java_programs.MERGESORT.mergesort(MERGESORT.java:47)
	at java_programs.MERGESORT.mergesort(MERGESORT.java:47)
	at java_programs.MERGESORT.mergesort(MERGESORT.java:47)
	at java_programs.MERGESORT.mergesort(MERGESORT.java:47)
	at java_programs.MERGESORT.mergesort(MERGESORT.java:47)
	at java_programs.MERGESORT.mergesort(MERGESORT.java:47)
	at java_programs.MERGESORT.mergesort(MERGESORT.java:47)
	at java_programs.MERGESORT.mergesort(MERGESORT.java:47)
	at java_programs.MERGESORT.mergesort(MERGESORT.java:47)
	at java_programs.MERGESORT.mergesort(MERGESORT.java:47)
	at java_programs.MERGESORT.mergesort(MERGESORT.java:47)
	at java_programs.MERGESORT.mergesort(MERGESORT.java:47)
	at java_programs.MERGESORT.mergesort(MERGESORT.java:47)
	at java_programs.MERGESORT.mergesort(MERGESORT.java:47)
	at java_programs.MERGESORT.mergesort(MERGESORT.java:47)
	at java_programs.MERGESORT.mergesort(MERGESORT.java:47)
	at java_programs.MERGESORT.mergesort(MERGESORT.java:47)
	at java_programs.MERGESORT.mergesort(MERGESORT.java:47)
	at java_programs.MERGESORT.mergesort(MERGESORT.java:47)
	at java_programs.MERGESORT.mergesort(MERGESORT.java:47)
	at java_programs.MERGESORT.mergesort(MERGESORT.java:47)
	at java_programs.MERGESORT.mergesort(MERGESORT.java:47)
	at java_programs.MERGESORT.mergesort(MERGESORT.java:47)
	at java_programs.MERGESORT.mergesort(MERGESORT.java:47)
	at java_programs.MERGESORT.mergesort(MERGESORT.java:47)
	at java_programs.MERGESORT.mergesort(MERGESORT.java:47)
	at java_programs.MERGESORT.mergesort(MERGESORT.java:47)
	at java_programs.MERGESORT.mergesort(MERGESORT.java:47)
	at java_programs.MERGESORT.mergesort(MERGESORT.java:47)
	at java_programs.MERGESORT.mergesort(MERGESORT.java:47)
	at java_programs.MERGESORT.mergesort(MERGESORT.java:47)
	at java_programs.MERGESORT.mergesort(MERGESORT.java:47)
	at java_programs.MERGESORT.mergesort(MERGESORT.java:47)
	at java_programs.MERGESORT.mergesort(MERGESORT.java:47)
	at java_programs.MERGESORT.mergesort(MERGESORT.java:47)
	at java_programs.MERGESORT.mergesort(MERGESORT.java:47)
	at java_programs.MERGESORT.mergesort(MERGESORT.java:47)
	at java_programs.MERGESORT.mergesort(MERGESORT.java:47)
	at java_programs.MERGESORT.mergesort(MERGESORT.java:47)
	at java_programs.MERGESORT.mergesort(MERGESORT.java:47)
	at java_programs.MERGESORT.mergesort(MERGESORT.java:47)
	at java_programs.MERGESORT.mergesort(MERGESORT.java:47)
	at java_programs.MERGESORT.mergesort(MERGESORT.java:47)
	at java_programs.MERGESORT.mergesort(MERGESORT.java:47)
	at java_programs.MERGESORT.mergesort(MERGESORT.java:47)
	at java_programs.MERGESORT.mergesort(MERGESORT.java:47)
	at java_programs.MERGESORT.mergesort(MERGESORT.java:47)
	at java_programs.MERGESORT.mergesort(MERGESORT.java:47)
	at java_programs.MERGESORT.mergesort(MERGESORT.java:47)
	at java_programs.MERGESORT.mergesort(MERGESORT.java:47)
	at java_programs.MERGESORT.mergesort(MERGESORT.java:47)
	at java_programs.MERGESORT.mergesort(MERGESORT.java:47)
	at java_programs.MERGESORT.mergesort(MERGESORT.java:47)
	at java_programs.MERGESORT.mergesort(MERGESORT.java:47)
	at java_programs.MERGESORT.mergesort(MERGESORT.java:47)
	at java_programs.MERGESORT.mergesort(MERGESORT.java:47)
	at java_programs.MERGESORT.mergesort(MERGESORT.java:47)
	at java_programs.MERGESORT.mergesort(MERGESORT.java:47)
	at java_programs.MERGESORT.mergesort(MERGESORT.java:47)
	at java_programs.MERGESORT.mergesort(MERGESORT.java:47)
	at java_programs.MERGESORT.mergesort(MERGESORT.java:47)
	at java_programs.MERGESORT.mergesort(MERGESORT.java:47)
	at java_programs.MERGESORT.mergesort(MERGESORT.java:47)
	at java_programs.MERGESORT.mergesort(MERGESORT.java:47)
	at java_programs.MERGESORT.mergesort(MERGESORT.java:47)
	at java_programs.MERGESORT.mergesort(MERGESORT.java:47)
	at java_programs.MERGESORT.mergesort(MERGESORT.java:47)
	at java_programs.MERGESORT.mergesort(MERGESORT.java:47)
	at java_programs.MERGESORT.mergesort(MERGESORT.java:47)
	at java_programs.MERGESORT.mergesort(MERGESORT.java:47)
	at java_programs.MERGESORT.mergesort(MERGESORT.java:47)
	at java_programs.MERGESORT.mergesort(MERGESORT.java:47)
	at java_programs.MERGESORT.mergesort(MERGESORT.java:47)
	at java_programs.MERGESORT.mergesort(MERGESORT.java:47)
	at java_programs.MERGESORT.mergesort(MERGESORT.java:47)
	at java_programs.MERGESORT.mergesort(MERGESORT.java:47)
	at java_programs.MERGESORT.mergesort(MERGESORT.java:47)
	at java_programs.MERGESORT.mergesort(MERGESORT.java:47)
	at java_programs.MERGESORT.mergesort(MERGESORT.java:47)
	at java_programs.MERGESORT.mergesort(MERGESORT.java:47)
	at java_programs.MERGESORT.mergesort(MERGESORT.java:47)
	at java_programs.MERGESORT.mergesort(MERGESORT.java:47)
	at java_programs.MERGESORT.mergesort(MERGESORT.java:47)
	at java_programs.MERGESORT.mergesort(MERGESORT.java:47)
	at java_programs.MERGESORT.mergesort(MERGESORT.java:47)
	at java_programs.MERGESORT.mergesort(MERGESORT.java:47)
	at java_programs.MERGESORT.mergesort(MERGESORT.java:47)
	at java_programs.MERGESORT.mergesort(MERGESORT.java:47)
	at java_programs.MERGESORT.mergesort(MERGESORT.java:47)
	at java_programs.MERGESORT.mergesort(MERGESORT.java:47)
	at java_programs.MERGESORT.mergesort(MERGESORT.java:47)
	at java_programs.MERGESORT.mergesort(MERGESORT.java:47)
	at java_programs.MERGESORT.mergesort(MERGESORT.java:47)
	at java_programs.MERGESORT.mergesort(MERGESORT.java:47)
	at java_programs.MERGESORT.mergesort(MERGESORT.java:47)
	at java_programs.MERGESORT.mergesort(MERGESORT.java:47)
	at java_programs.MERGESORT.mergesort(MERGESORT.java:47)
	at java_programs.MERGESORT.mergesort(MERGESORT.java:47)
	at java_programs.MERGESORT.mergesort(MERGESORT.java:47)
	at java_programs.MERGESORT.mergesort(MERGESORT.java:47)
	at java_programs.MERGESORT.mergesort(MERGESORT.java:47)
	at java_programs.MERGESORT.mergesort(MERGESORT.java:47)
	at java_programs.MERGESORT.mergesort(MERGESORT.java:47)
	at java_programs.MERGESORT.mergesort(MERGESORT.java:47)
	at java_programs.MERGESORT.mergesort(MERGESORT.java:47)
	at java_programs.MERGESORT.mergesort(MERGESORT.java:47)
	at java_programs.MERGESORT.mergesort(MERGESORT.java:47)
	at java_programs.MERGESORT.mergesort(MERGESORT.java:47)
	at java_programs.MERGESORT.mergesort(MERGESORT.java:47)
	at java_programs.MERGESORT.mergesort(MERGESORT.java:47)
	at java_programs.MERGESORT.mergesort(MERGESORT.java:47)
	at java_programs.MERGESORT.mergesort(MERGESORT.java:47)
	at java_programs.MERGESORT.mergesort(MERGESORT.java:47)
	at java_programs.MERGESORT.mergesort(MERGESORT.java:47)
	at java_programs.MERGESORT.mergesort(MERGESORT.java:47)
	at java_programs.MERGESORT.mergesort(MERGESORT.java:47)
	at java_programs.MERGESORT.mergesort(MERGESORT.java:47)
	at java_programs.MERGESORT.mergesort(MERGESORT.java:47)
	at java_programs.MERGESORT.mergesort(MERGESORT.java:47)
	at java_programs.MERGESORT.mergesort(MERGESORT.java:47)
	at java_programs.MERGESORT.mergesort(MERGESORT.java:47)
	at java_programs.MERGESORT.mergesort(MERGESORT.java:47)
	at java_programs.MERGESORT.mergesort(MERGESORT.java:47)
	at java_programs.MERGESORT.mergesort(MERGESORT.java:47)
	at java_programs.MERGESORT.mergesort(MERGESORT.java:47)
	at java_programs.MERGESORT.mergesort(MERGESORT.java:47)
	at java_programs.MERGESORT.mergesort(MERGESORT.java:47)
	at java_programs.MERGESORT.mergesort(MERGESORT.java:47)
	at java_programs.MERGESORT.mergesort(MERGESORT.java:47)
	at java_programs.MERGESORT.mergesort(MERGESORT.java:47)
	at java_programs.MERGESORT.mergesort(MERGESORT.java:47)
	at java_programs.MERGESORT.mergesort(MERGESORT.java:47)
	at java_programs.MERGESORT.mergesort(MERGESORT.java:47)
	at java_programs.MERGESORT.mergesort(MERGESORT.java:47)
	at java_programs.MERGESORT.mergesort(MERGESORT.java:47)
	at java_programs.MERGESORT.mergesort(MERGESORT.java:47)
	at java_programs.MERGESORT.mergesort(MERGESORT.java:47)
	at java_programs.MERGESORT.mergesort(MERGESORT.java:47)
	at java_programs.MERGESORT.mergesort(MERGESORT.java:47)
	at java_programs.MERGESORT.mergesort(MERGESORT.java:47)
	at java_programs.MERGESORT.mergesort(MERGESORT.java:47)
	at java_programs.MERGESORT.mergesort(MERGESORT.java:47)
	at java_programs.MERGESORT.mergesort(MERGESORT.java:47)
	at java_programs.MERGESORT.mergesort(MERGESORT.java:47)
	at java_programs.MERGESORT.mergesort(MERGESORT.java:47)
	at java_programs.MERGESORT.mergesort(MERGESORT.java:47)
	at java_programs.MERGESORT.mergesort(MERGESORT.java:47)
	at java_programs.MERGESORT.mergesort(MERGESORT.java:47)
	at java_programs.MERGESORT.mergesort(MERGESORT.java:47)
	at java_programs.MERGESORT.mergesort(MERGESORT.java:47)
	at java_programs.MERGESORT.mergesort(MERGESORT.java:47)
	at java_programs.MERGESORT.mergesort(MERGESORT.java:47)
	at java_programs.MERGESORT.mergesort(MERGESORT.java:47)
	at java_programs.MERGESORT.mergesort(MERGESORT.java:47)
	at java_programs.MERGESORT.mergesort(MERGESORT.java:47)
	at java_programs.MERGESORT.mergesort(MERGESORT.java:47)
	at java_programs.MERGESORT.mergesort(MERGESORT.java:47)
	at java_programs.MERGESORT.mergesort(MERGESORT.java:47)
	at java_programs.MERGESORT.mergesort(MERGESORT.java:47)
	at java_programs.MERGESORT.mergesort(MERGESORT.java:47)
	at java_programs.MERGESORT.mergesort(MERGESORT.java:47)
	at java_programs.MERGESORT.mergesort(MERGESORT.java:47)
	at java_programs.MERGESORT.mergesort(MERGESORT.java:47)
	at java_programs.MERGESORT.mergesort(MERGESORT.java:47)
	at java_programs.MERGESORT.mergesort(MERGESORT.java:47)
	at java_programs.MERGESORT.mergesort(MERGESORT.java:47)
	at java_programs.MERGESORT.mergesort(MERGESORT.java:47)
	at java_programs.MERGESORT.mergesort(MERGESORT.java:47)
	at java_programs.MERGESORT.mergesort(MERGESORT.java:47)
	at java_programs.MERGESORT.mergesort(MERGESORT.java:47)
	at java_programs.MERGESORT.mergesort(MERGESORT.java:47)
	at java_programs.MERGESORT.mergesort(MERGESORT.java:47)
	at java_programs.MERGESORT.mergesort(MERGESORT.java:47)
	at java_programs.MERGESORT.mergesort(MERGESORT.java:47)
	at java_programs.MERGESORT.mergesort(MERGESORT.java:47)
	at java_programs.MERGESORT.mergesort(MERGESORT.java:47)
	at java_programs.MERGESORT.mergesort(MERGESORT.java:47)
	at java_programs.MERGESORT.mergesort(MERGESORT.java:47)
	at java_programs.MERGESORT.mergesort(MERGESORT.java:47)
	at java_programs.MERGESORT.mergesort(MERGESORT.java:47)
	at java_programs.MERGESORT.mergesort(MERGESORT.java:47)
	at java_programs.MERGESORT.mergesort(MERGESORT.java:47)
	at java_programs.MERGESORT.mergesort(MERGESORT.java:47)
	at java_programs.MERGESORT.mergesort(MERGESORT.java:47)
	at java_programs.MERGESORT.mergesort(MERGESORT.java:47)
	at java_programs.MERGESORT.mergesort(MERGESORT.java:47)
	at java_programs.MERGESORT.mergesort(MERGESORT.java:47)
	at java_programs.MERGESORT.mergesort(MERGESORT.java:47)
	at java_programs.MERGESORT.mergesort(MERGESORT.java:47)
	at java_programs.MERGESORT.mergesort(MERGESORT.java:47)
	at java_programs.MERGESORT.mergesort(MERGESORT.java:47)
	at java_programs.MERGESORT.mergesort(MERGESORT.java:47)
	at java_programs.MERGESORT.mergesort(MERGESORT.java:47)
	at java_programs.MERGESORT.mergesort(MERGESORT.java:47)
	at java_programs.MERGESORT.mergesort(MERGESORT.java:47)
	at java_programs.MERGESORT.mergesort(MERGESORT.java:47)
	at java_programs.MERGESORT.mergesort(MERGESORT.java:47)
	at java_programs.MERGESORT.mergesort(MERGESORT.java:47)
	at java_programs.MERGESORT.mergesort(MERGESORT.java:47)
	at java_programs.MERGESORT.mergesort(MERGESORT.java:47)
	at java_programs.MERGESORT.mergesort(MERGESORT.java:47)
	at java_programs.MERGESORT.mergesort(MERGESORT.java:47)
	at java_programs.MERGESORT.mergesort(MERGESORT.java:47)
	at java_programs.MERGESORT.mergesort(MERGESORT.java:47)
	at java_programs.MERGESORT.mergesort(MERGESORT.java:47)
	at java_programs.MERGESORT.mergesort(MERGESORT.java:47)
	at java_programs.MERGESORT.mergesort(MERGESORT.java:47)
	at java_programs.MERGESORT.mergesort(MERGESORT.java:47)
	at java_programs.MERGESORT.mergesort(MERGESORT.java:47)
	at java_programs.MERGESORT.mergesort(MERGESORT.java:47)
	at java_programs.MERGESORT.mergesort(MERGESORT.java:47)
	at java_programs.MERGESORT.mergesort(MERGESORT.java:47)
	at java_programs.MERGESORT.mergesort(MERGESORT.java:47)
	at java_programs.MERGESORT.mergesort(MERGESORT.java:47)
	at java_programs.MERGESORT.mergesort(MERGESORT.java:47)
	at java_programs.MERGESORT.mergesort(MERGESORT.java:47)
	at java_programs.MERGESORT.mergesort(MERGESORT.java:47)
	at java_programs.MERGESORT.mergesort(MERGESORT.java:47)
	at java_programs.MERGESORT.mergesort(MERGESORT.java:47)
	at java_programs.MERGESORT.mergesort(MERGESORT.java:47)
	at java_programs.MERGESORT.mergesort(MERGESORT.java:47)
	at java_programs.MERGESORT.mergesort(MERGESORT.java:47)
	at java_programs.MERGESORT.mergesort(MERGESORT.java:47)
	at java_programs.MERGESORT.mergesort(MERGESORT.java:47)
	at java_programs.MERGESORT.mergesort(MERGESORT.java:47)
	at java_programs.MERGESORT.mergesort(MERGESORT.java:47)
	at java_programs.MERGESORT.mergesort(MERGESORT.java:47)
	at java_programs.MERGESORT.mergesort(MERGESORT.java:47)
	at java_programs.MERGESORT.mergesort(MERGESORT.java:47)
	at java_programs.MERGESORT.mergesort(MERGESORT.java:47)
	at java_programs.MERGESORT.mergesort(MERGESORT.java:47)
	at java_programs.MERGESORT.mergesort(MERGESORT.java:47)
	at java_programs.MERGESORT.mergesort(MERGESORT.java:47)
	at java_programs.MERGESORT.mergesort(MERGESORT.java:47)
	at java_programs.MERGESORT.mergesort(MERGESORT.java:47)
	at java_programs.MERGESORT.mergesort(MERGESORT.java:47)
	at java_programs.MERGESORT.mergesort(MERGESORT.java:47)
	at java_programs.MERGESORT.mergesort(MERGESORT.java:47)
	at java_programs.MERGESORT.mergesort(MERGESORT.java:47)
	at java_programs.MERGESORT.mergesort(MERGESORT.java:47)
	at java_programs.MERGESORT.mergesort(MERGESORT.java:47)
	at java_programs.MERGESORT.mergesort(MERGESORT.java:47)
	at java_programs.MERGESORT.mergesort(MERGESORT.java:47)
	at java_programs.MERGESORT.mergesort(MERGESORT.java:47)
	at java_programs.MERGESORT.mergesort(MERGESORT.java:47)
	at java_programs.MERGESORT.mergesort(MERGESORT.java:47)
	at java_programs.MERGESORT.mergesort(MERGESORT.java:47)
	at java_programs.MERGESORT.mergesort(MERGESORT.java:47)
	at java_programs.MERGESORT.mergesort(MERGESORT.java:47)
	at java_programs.MERGESORT.mergesort(MERGESORT.java:47)
	at java_programs.MERGESORT.mergesort(MERGESORT.java:47)
	at java_programs.MERGESORT.mergesort(MERGESORT.java:47)
	at java_programs.MERGESORT.mergesort(MERGESORT.java:47)
	at java_programs.MERGESORT.mergesort(MERGESORT.java:47)
	at java_programs.MERGESORT.mergesort(MERGESORT.java:47)
	at java_programs.MERGESORT.mergesort(MERGESORT.java:47)
	at java_programs.MERGESORT.mergesort(MERGESORT.java:47)
	at java_programs.MERGESORT.mergesort(MERGESORT.java:47)
	at java_programs.MERGESORT.mergesort(MERGESORT.java:47)
	at java_programs.MERGESORT.mergesort(MERGESORT.java:47)
	at java_programs.MERGESORT.mergesort(MERGESORT.java:47)
	at java_programs.MERGESORT.mergesort(MERGESORT.java:47)
	at java_programs.MERGESORT.mergesort(MERGESORT.java:47)
	at java_programs.MERGESORT.mergesort(MERGESORT.java:47)
	at java_programs.MERGESORT.mergesort(MERGESORT.java:47)
	at java_programs.MERGESORT.mergesort(MERGESORT.java:47)
	at java_programs.MERGESORT.mergesort(MERGESORT.java:47)
	at java_programs.MERGESORT.mergesort(MERGESORT.java:47)
	at java_programs.MERGESORT.mergesort(MERGESORT.java:47)
	at java_programs.MERGESORT.mergesort(MERGESORT.java:47)
	at java_programs.MERGESORT.mergesort(MERGESORT.java:47)
	at java_programs.MERGESORT.mergesort(MERGESORT.java:47)
	at java_programs.MERGESORT.mergesort(MERGESORT.java:47)
	at java_programs.MERGESORT.mergesort(MERGESORT.java:47)
	at java_programs.MERGESORT.mergesort(MERGESORT.java:47)
	at java_programs.MERGESORT.mergesort(MERGESORT.java:47)
	at java_programs.MERGESORT.mergesort(MERGESORT.java:47)
	at java_programs.MERGESORT.mergesort(MERGESORT.java:47)
	at java_programs.MERGESORT.mergesort(MERGESORT.java:47)
	at java_programs.MERGESORT.mergesort(MERGESORT.java:47)
	at java_programs.MERGESORT.mergesort(MERGESORT.java:47)
	at java_programs.MERGESORT.mergesort(MERGESORT.java:47)
	at java_programs.MERGESORT.mergesort(MERGESORT.java:47)
	at java_programs.MERGESORT.mergesort(MERGESORT.java:47)
	at java_programs.MERGESORT.mergesort(MERGESORT.java:47)
	at java_programs.MERGESORT.mergesort(MERGESORT.java:47)
	at java_programs.MERGESORT.mergesort(MERGESORT.java:47)
	at java_programs.MERGESORT.mergesort(MERGESORT.java:47)
	at java_programs.MERGESORT.mergesort(MERGESORT.java:47)
	at java_programs.MERGESORT.mergesort(MERGESORT.java:47)
	at java_programs.MERGESORT.mergesort(MERGESORT.java:47)
	at java_programs.MERGESORT.mergesort(MERGESORT.java:47)
	at java_programs.MERGESORT.mergesort(MERGESORT.java:47)
	at java_programs.MERGESORT.mergesort(MERGESORT.java:47)
	at java_programs.MERGESORT.mergesort(MERGESORT.java:47)
	at java_programs.MERGESORT.mergesort(MERGESORT.java:47)
	at java_programs.MERGESORT.mergesort(MERGESORT.java:47)
	at java_programs.MERGESORT.mergesort(MERGESORT.java:47)
	at java_programs.MERGESORT.mergesort(MERGESORT.java:47)
	at java_programs.MERGESORT.mergesort(MERGESORT.java:47)
	at java_programs.MERGESORT.mergesort(MERGESORT.java:47)
	at java_programs.MERGESORT.mergesort(MERGESORT.java:47)
	at java_programs.MERGESORT.mergesort(MERGESORT.java:47)
	at java_programs.MERGESORT.mergesort(MERGESORT.java:47)
	at java_programs.MERGESORT.mergesort(MERGESORT.java:47)
	at java_programs.MERGESORT.mergesort(MERGESORT.java:47)
	at java_programs.MERGESORT.mergesort(MERGESORT.java:47)
	at java_programs.MERGESORT.mergesort(MERGESORT.java:47)
	at java_programs.MERGESORT.mergesort(MERGESORT.java:47)
	at java_programs.MERGESORT.mergesort(MERGESORT.java:47)
	at java_programs.MERGESORT.mergesort(MERGESORT.java:47)
	at java_programs.MERGESORT.mergesort(MERGESORT.java:47)
	at java_programs.MERGESORT.mergesort(MERGESORT.java:47)
	at java_programs.MERGESORT.mergesort(MERGESORT.java:47)
	at java_programs.MERGESORT.mergesort(MERGESORT.java:47)
	at java_programs.MERGESORT.mergesort(MERGESORT.java:47)
	at java_programs.MERGESORT.mergesort(MERGESORT.java:47)
	at java_programs.MERGESORT.mergesort(MERGESORT.java:47)
	at java_programs.MERGESORT.mergesort(MERGESORT.java:47)
	at java_programs.MERGESORT.mergesort(MERGESORT.java:47)
	at java_programs.MERGESORT.mergesort(MERGESORT.java:47)
	at java_programs.MERGESORT.mergesort(MERGESORT.java:47)
	at java_programs.MERGESORT.mergesort(MERGESORT.java:47)
	at java_programs.MERGESORT.mergesort(MERGESORT.java:47)
	at java_programs.MERGESORT.mergesort(MERGESORT.java:47)
	at java_programs.MERGESORT.mergesort(MERGESORT.java:47)
	at java_programs.MERGESORT.mergesort(MERGESORT.java:47)
	at java_programs.MERGESORT.mergesort(MERGESORT.java:47)
	at java_programs.MERGESORT.mergesort(MERGESORT.java:47)
	at java_programs.MERGESORT.mergesort(MERGESORT.java:47)
	at java_programs.MERGESORT.mergesort(MERGESORT.java:47)
	at java_programs.MERGESORT.mergesort(MERGESORT.java:47)
	at java_programs.MERGESORT.mergesort(MERGESORT.java:47)
	at java_programs.MERGESORT.mergesort(MERGESORT.java:47)
	at java_programs.MERGESORT.mergesort(MERGESORT.java:47)
	at java_programs.MERGESORT.mergesort(MERGESORT.java:47)
	at java_programs.MERGESORT.mergesort(MERGESORT.java:47)
	at java_programs.MERGESORT.mergesort(MERGESORT.java:47)
	at java_programs.MERGESORT.mergesort(MERGESORT.java:47)
	at java_programs.MERGESORT.mergesort(MERGESORT.java:47)
	at java_programs.MERGESORT.mergesort(MERGESORT.java:47)
	at java_programs.MERGESORT.mergesort(MERGESORT.java:47)
	at java_programs.MERGESORT.mergesort(MERGESORT.java:47)
	at java_programs.MERGESORT.mergesort(MERGESORT.java:47)
	at java_programs.MERGESORT.mergesort(MERGESORT.java:47)
	at java_programs.MERGESORT.mergesort(MERGESORT.java:47)
	at java_programs.MERGESORT.mergesort(MERGESORT.java:47)
	at java_programs.MERGESORT.mergesort(MERGESORT.java:47)
	at java_programs.MERGESORT.mergesort(MERGESORT.java:47)
	at java_programs.MERGESORT.mergesort(MERGESORT.java:47)
	at java_programs.MERGESORT.mergesort(MERGESORT.java:47)
	at java_programs.MERGESORT.mergesort(MERGESORT.java:47)
	at java_programs.MERGESORT.mergesort(MERGESORT.java:47)
	at java_programs.MERGESORT.mergesort(MERGESORT.java:47)
	at java_programs.MERGESORT.mergesort(MERGESORT.java:47)
	at java_programs.MERGESORT.mergesort(MERGESORT.java:47)
	at java_programs.MERGESORT.mergesort(MERGESORT.java:47)
	at java_programs.MERGESORT.mergesort(MERGESORT.java:47)
	at java_programs.MERGESORT.mergesort(MERGESORT.java:47)
	at java_programs.MERGESORT.mergesort(MERGESORT.java:47)
	at java_programs.MERGESORT.mergesort(MERGESORT.java:47)
	at java_programs.MERGESORT.mergesort(MERGESORT.java:47)
	at java_programs.MERGESORT.mergesort(MERGESORT.java:47)
	at java_programs.MERGESORT.mergesort(MERGESORT.java:47)
	at java_programs.MERGESORT.mergesort(MERGESORT.java:47)
	at java_programs.MERGESORT.mergesort(MERGESORT.java:47)
	at java_programs.MERGESORT.mergesort(MERGESORT.java:47)
	at java_programs.MERGESORT.mergesort(MERGESORT.java:47)
	at java_programs.MERGESORT.mergesort(MERGESORT.java:47)
	at java_programs.MERGESORT.mergesort(MERGESORT.java:47)
	at java_programs.MERGESORT.mergesort(MERGESORT.java:47)
	at java_programs.MERGESORT.mergesort(MERGESORT.java:47)
	at java_programs.MERGESORT.mergesort(MERGESORT.java:47)
	at java_programs.MERGESORT.mergesort(MERGESORT.java:47)
	at java_programs.MERGESORT.mergesort(MERGESORT.java:47)
	at java_programs.MERGESORT.mergesort(MERGESORT.java:47)
	at java_programs.MERGESORT.mergesort(MERGESORT.java:47)
	at java_programs.MERGESORT.mergesort(MERGESORT.java:47)
	at java_programs.MERGESORT.mergesort(MERGESORT.java:47)
	at java_programs.MERGESORT.mergesort(MERGESORT.java:47)
	at java_programs.MERGESORT.mergesort(MERGESORT.java:47)
	at java_programs.MERGESORT.mergesort(MERGESORT.java:47)
	at java_programs.MERGESORT.mergesort(MERGESORT.java:47)
	at java_programs.MERGESORT.mergesort(MERGESORT.java:47)
	at java_programs.MERGESORT.mergesort(MERGESORT.java:47)
	at java_programs.MERGESORT.mergesort(MERGESORT.java:47)
	at java_programs.MERGESORT.mergesort(MERGESORT.java:47)
	at java_programs.MERGESORT.mergesort(MERGESORT.java:47)
	at java_programs.MERGESORT.mergesort(MERGESORT.java:47)
	at java_programs.MERGESORT.mergesort(MERGESORT.java:47)
	at java_programs.MERGESORT.mergesort(MERGESORT.java:47)
	at java_programs.MERGESORT.mergesort(MERGESORT.java:47)
	at java_programs.MERGESORT.mergesort(MERGESORT.java:47)
	at java_programs.MERGESORT.mergesort(MERGESORT.java:47)
	at java_programs.MERGESORT.mergesort(MERGESORT.java:47)
	at java_programs.MERGESORT.mergesort(MERGESORT.java:47)
	at java_programs.MERGESORT.mergesort(MERGESORT.java:47)
	at java_programs.MERGESORT.mergesort(MERGESORT.java:47)
	at java_programs.MERGESORT.mergesort(MERGESORT.java:47)
	at java_programs.MERGESORT.mergesort(MERGESORT.java:47)
	at java_programs.MERGESORT.mergesort(MERGESORT.java:47)
	at java_programs.MERGESORT.mergesort(MERGESORT.java:47)
	at java_programs.MERGESORT.mergesort(MERGESORT.java:47)
	at java_programs.MERGESORT.mergesort(MERGESORT.java:47)
	at java_programs.MERGESORT.mergesort(MERGESORT.java:47)
	at java_programs.MERGESORT.mergesort(MERGESORT.java:47)
	at java_programs.MERGESORT.mergesort(MERGESORT.java:47)
	at java_programs.MERGESORT.mergesort(MERGESORT.java:47)
	at java_programs.MERGESORT.mergesort(MERGESORT.java:47)
	at java_programs.MERGESORT.mergesort(MERGESORT.java:47)
	at java_programs.MERGESORT.mergesort(MERGESORT.java:47)
	at java_programs.MERGESORT.mergesort(MERGESORT.java:47)
	at java_programs.MERGESORT.mergesort(MERGESORT.java:47)
	at java_programs.MERGESORT.mergesort(MERGESORT.java:47)
	at java_programs.MERGESORT.mergesort(MERGESORT.java:47)
	at java_programs.MERGESORT.mergesort(MERGESORT.java:47)
	at java_programs.MERGESORT.mergesort(MERGESORT.java:47)
	at java_programs.MERGESORT.mergesort(MERGESORT.java:47)
	at java_programs.MERGESORT.mergesort(MERGESORT.java:47)
	at java_programs.MERGESORT.mergesort(MERGESORT.java:47)
	at java_programs.MERGESORT.mergesort(MERGESORT.java:47)
	at java_programs.MERGESORT.mergesort(MERGESORT.java:47)
	at java_programs.MERGESORT.mergesort(MERGESORT.java:47)
	at java_programs.MERGESORT.mergesort(MERGESORT.java:47)
	at java_programs.MERGESORT.mergesort(MERGESORT.java:47)
	at java_programs.MERGESORT.mergesort(MERGESORT.java:47)
	at java_programs.MERGESORT.mergesort(MERGESORT.java:47)
	at java_programs.MERGESORT.mergesort(MERGESORT.java:47)
	at java_programs.MERGESORT.mergesort(MERGESORT.java:47)
	at java_programs.MERGESORT.mergesort(MERGESORT.java:47)
	at java_programs.MERGESORT.mergesort(MERGESORT.java:47)
	at java_programs.MERGESORT.mergesort(MERGESORT.java:47)
	at java_programs.MERGESORT.mergesort(MERGESORT.java:47)
	at java_programs.MERGESORT.mergesort(MERGESORT.java:47)
	at java_programs.MERGESORT.mergesort(MERGESORT.java:47)
	at java_programs.MERGESORT.mergesort(MERGESORT.java:47)
	at java_programs.MERGESORT.mergesort(MERGESORT.java:47)
	at java_programs.MERGESORT.mergesort(MERGESORT.java:47)
	at java_programs.MERGESORT.mergesort(MERGESORT.java:47)
	at java_programs.MERGESORT.mergesort(MERGESORT.java:47)
	at java_programs.MERGESORT.mergesort(MERGESORT.java:47)
	at java_programs.MERGESORT.mergesort(MERGESORT.java:47)
	at java_programs.MERGESORT.mergesort(MERGESORT.java:47)
	at java_programs.MERGESORT.mergesort(MERGESORT.java:47)
	at java_programs.MERGESORT.mergesort(MERGESORT.java:47)
	at java_programs.MERGESORT.mergesort(MERGESORT.java:47)
	at java_programs.MERGESORT.mergesort(MERGESORT.java:47)
	at java_programs.MERGESORT.mergesort(MERGESORT.java:47)
	at java_programs.MERGESORT.mergesort(MERGESORT.java:47)
	at java_programs.MERGESORT.mergesort(MERGESORT.java:47)
	at java_programs.MERGESORT.mergesort(MERGESORT.java:47)
	at java_programs.MERGESORT.mergesort(MERGESORT.java:47)
	at java_programs.MERGESORT.mergesort(MERGESORT.java:47)
	at java_programs.MERGESORT.mergesort(MERGESORT.java:47)
	at java_programs.MERGESORT.mergesort(MERGESORT.java:47)
	at java_programs.MERGESORT.mergesort(MERGESORT.java:47)
	at java_programs.MERGESORT.mergesort(MERGESORT.java:47)
	at java_programs.MERGESORT.mergesort(MERGESORT.java:47)
	at java_programs.MERGESORT.mergesort(MERGESORT.java:47)
	at java_programs.MERGESORT.mergesort(MERGESORT.java:47)
	at java_programs.MERGESORT.mergesort(MERGESORT.java:47)
	at java_programs.MERGESORT.mergesort(MERGESORT.java:47)
	at java_programs.MERGESORT.mergesort(MERGESORT.java:47)
	at java_programs.MERGESORT.mergesort(MERGESORT.java:47)
	at java_programs.MERGESORT.mergesort(MERGESORT.java:47)
	at java_programs.MERGESORT.mergesort(MERGESORT.java:47)
	at java_programs.MERGESORT.mergesort(MERGESORT.java:47)
	at java_programs.MERGESORT.mergesort(MERGESORT.java:47)
	at java_programs.MERGESORT.mergesort(MERGESORT.java:47)
	at java_programs.MERGESORT.mergesort(MERGESORT.java:47)
	at java_programs.MERGESORT.mergesort(MERGESORT.java:47)
	at java_programs.MERGESORT.mergesort(MERGESORT.java:47)
	at java_programs.MERGESORT.mergesort(MERGESORT.java:47)
	at java_programs.MERGESORT.mergesort(MERGESORT.java:47)
	at java_programs.MERGESORT.mergesort(MERGESORT.java:47)
	at java_programs.MERGESORT.mergesort(MERGESORT.java:47)
	at java_programs.MERGESORT.mergesort(MERGESORT.java:47)
	at java_programs.MERGESORT.mergesort(MERGESORT.java:47)
	at java_programs.MERGESORT.mergesort(MERGESORT.java:47)
	at java_programs.MERGESORT.mergesort(MERGESORT.java:47)
	at java_programs.MERGESORT.mergesort(MERGESORT.java:47)
	at java_programs.MERGESORT.mergesort(MERGESORT.java:47)
	at java_programs.MERGESORT.mergesort(MERGESORT.java:47)
	at java_programs.MERGESORT.mergesort(MERGESORT.java:47)
	at java_programs.MERGESORT.mergesort(MERGESORT.java:47)
	at java_programs.MERGESORT.mergesort(MERGESORT.java:47)
	at java_programs.MERGESORT.mergesort(MERGESORT.java:47)
	at java_programs.MERGESORT.mergesort(MERGESORT.java:47)
	at java_programs.MERGESORT.mergesort(MERGESORT.java:47)
	at java_programs.MERGESORT.mergesort(MERGESORT.java:47)
	at java_programs.MERGESORT.mergesort(MERGESORT.java:47)
	at java_programs.MERGESORT.mergesort(MERGESORT.java:47)
	at java_programs.MERGESORT.mergesort(MERGESORT.java:47)
	at java_programs.MERGESORT.mergesort(MERGESORT.java:47)
	at java_programs.MERGESORT.mergesort(MERGESORT.java:47)
	at java_programs.MERGESORT.mergesort(MERGESORT.java:47)
	at java_programs.MERGESORT.mergesort(MERGESORT.java:47)
	at java_programs.MERGESORT.mergesort(MERGESORT.java:47)
	at java_programs.MERGESORT.mergesort(MERGESORT.java:47)
	at java_programs.MERGESORT.mergesort(MERGESORT.java:47)
	at java_programs.MERGESORT.mergesort(MERGESORT.java:47)
	at java_programs.MERGESORT.mergesort(MERGESORT.java:47)
	at java_programs.MERGESORT.mergesort(MERGESORT.java:47)
	at java_programs.MERGESORT.mergesort(MERGESORT.java:47)
	at java_programs.MERGESORT.mergesort(MERGESORT.java:47)
	at java_programs.MERGESORT.mergesort(MERGESORT.java:47)
	at java_programs.MERGESORT.mergesort(MERGESORT.java:47)
	at java_programs.MERGESORT.mergesort(MERGESORT.java:47)
	at java_programs.MERGESORT.mergesort(MERGESORT.java:47)
	at java_programs.MERGESORT.mergesort(MERGESORT.java:47)
	at java_programs.MERGESORT.mergesort(MERGESORT.java:47)
	at java_programs.MERGESORT.mergesort(MERGESORT.java:47)
	at java_programs.MERGESORT.mergesort(MERGESORT.java:47)
	at java_programs.MERGESORT.mergesort(MERGESORT.java:47)
	at java_programs.MERGESORT.mergesort(MERGESORT.java:47)
	at java_programs.MERGESORT.mergesort(MERGESORT.java:47)
	at java_programs.MERGESORT.mergesort(MERGESORT.java:47)
	at java_programs.MERGESORT.mergesort(MERGESORT.java:47)
	at java_programs.MERGESORT.mergesort(MERGESORT.java:47)
	at java_programs.MERGESORT.mergesort(MERGESORT.java:47)
	at java_programs.MERGESORT.mergesort(MERGESORT.java:47)
	at java_programs.MERGESORT.mergesort(MERGESORT.java:47)
	at java_programs.MERGESORT.mergesort(MERGESORT.java:47)
	at java_programs.MERGESORT.mergesort(MERGESORT.java:47)
	at java_programs.MERGESORT.mergesort(MERGESORT.java:47)
	at java_programs.MERGESORT.mergesort(MERGESORT.java:47)
	at java_programs.MERGESORT.mergesort(MERGESORT.java:47)
	at java_programs.MERGESORT.mergesort(MERGESORT.java:47)
	at java_programs.MERGESORT.mergesort(MERGESORT.java:47)
	at java_programs.MERGESORT.mergesort(MERGESORT.java:47)
	at java_programs.MERGESORT.mergesort(MERGESORT.java:47)
	at java_programs.MERGESORT.mergesort(MERGESORT.java:47)
	at java_programs.MERGESORT.mergesort(MERGESORT.java:47)
	at java_programs.MERGESORT.mergesort(MERGESORT.java:47)
	at java_programs.MERGESORT.mergesort(MERGESORT.java:47)
	at java_programs.MERGESORT.mergesort(MERGESORT.java:47)
	at java_programs.MERGESORT.mergesort(MERGESORT.java:47)
	at java_programs.MERGESORT.mergesort(MERGESORT.java:47)
	at java_programs.MERGESORT.mergesort(MERGESORT.java:47)
	at java_programs.MERGESORT.mergesort(MERGESORT.java:47)
	at java_programs.MERGESORT.mergesort(MERGESORT.java:47)
	at java_programs.MERGESORT.mergesort(MERGESORT.java:47)
	at java_programs.MERGESORT.mergesort(MERGESORT.java:47)
	at java_programs.MERGESORT.mergesort(MERGESORT.java:47)
	at java_programs.MERGESORT.mergesort(MERGESORT.java:47)
	at java_programs.MERGESORT.mergesort(MERGESORT.java:47)
	at java_programs.MERGESORT.mergesort(MERGESORT.java:47)
	at java_programs.MERGESORT.mergesort(MERGESORT.java:47)
	at java_programs.MERGESORT.mergesort(MERGESORT.java:47)
	at java_programs.MERGESORT.mergesort(MERGESORT.java:47)
	at java_programs.MERGESORT.mergesort(MERGESORT.java:47)
	at java_programs.MERGESORT.mergesort(MERGESORT.java:47)
	at java_programs.MERGESORT.mergesort(MERGESORT.java:47)
	at java_programs.MERGESORT.mergesort(MERGESORT.java:47)
	at java_programs.MERGESORT.mergesort(MERGESORT.java:47)
	at java_programs.MERGESORT.mergesort(MERGESORT.java:47)
	at java_programs.MERGESORT.mergesort(MERGESORT.java:47)
	at java_programs.MERGESORT.mergesort(MERGESORT.java:47)
	at java_programs.MERGESORT.mergesort(MERGESORT.java:47)
	at java_programs.MERGESORT.mergesort(MERGESORT.java:47)
	at java_programs.MERGESORT.mergesort(MERGESORT.java:47)
	at java_programs.MERGESORT.mergesort(MERGESORT.java:47)
	at java_programs.MERGESORT.mergesort(MERGESORT.java:47)
	at java_programs.MERGESORT.mergesort(MERGESORT.java:47)
	at java_programs.MERGESORT.mergesort(MERGESORT.java:47)
	at java_programs.MERGESORT.mergesort(MERGESORT.java:47)
	at java_programs.MERGESORT.mergesort(MERGESORT.java:47)
	at java_programs.MERGESORT.mergesort(MERGESORT.java:47)
	at java_programs.MERGESORT.mergesort(MERGESORT.java:47)
	at java_programs.MERGESORT.mergesort(MERGESORT.java:47)
	at java_programs.MERGESORT.mergesort(MERGESORT.java:47)
	at java_programs.MERGESORT.mergesort(MERGESORT.java:47)
	at java_programs.MERGESORT.mergesort(MERGESORT.java:47)
	at java_programs.MERGESORT.mergesort(MERGESORT.java:47)
	at java_programs.MERGESORT.mergesort(MERGESORT.java:47)
	at java_programs.MERGESORT.mergesort(MERGESORT.java:47)
	at java_programs.MERGESORT.mergesort(MERGESORT.java:47)
	at java_programs.MERGESORT.mergesort(MERGESORT.java:47)
	at java_programs.MERGESORT.mergesort(MERGESORT.java:47)
	at java_programs.MERGESORT.mergesort(MERGESORT.java:47)
	at java_programs.MERGESORT.mergesort(MERGESORT.java:47)
	at java_programs.MERGESORT.mergesort(MERGESORT.java:47)
	at java_programs.MERGESORT.mergesort(MERGESORT.java:47)
	at java_programs.MERGESORT.mergesort(MERGESORT.java:47)
	at java_programs.MERGESORT.mergesort(MERGESORT.java:47)
	at java_programs.MERGESORT.mergesort(MERGESORT.java:47)
	at java_programs.MERGESORT.mergesort(MERGESORT.java:47)
	at java_programs.MERGESORT.mergesort(MERGESORT.java:47)
	at java_programs.MERGESORT.mergesort(MERGESORT.java:47)
	at java_programs.MERGESORT.mergesort(MERGESORT.java:47)
	at java_programs.MERGESORT.mergesort(MERGESORT.java:47)
	at java_programs.MERGESORT.mergesort(MERGESORT.java:47)
	at java_programs.MERGESORT.mergesort(MERGESORT.java:47)
	at java_programs.MERGESORT.mergesort(MERGESORT.java:47)
	at java_programs.MERGESORT.mergesort(MERGESORT.java:47)
	at java_programs.MERGESORT.mergesort(MERGESORT.java:47)
	at java_programs.MERGESORT.mergesort(MERGESORT.java:47)
	at java_programs.MERGESORT.mergesort(MERGESORT.java:47)
	at java_programs.MERGESORT.mergesort(MERGESORT.java:47)
	at java_programs.MERGESORT.mergesort(MERGESORT.java:47)
	at java_programs.MERGESORT.mergesort(MERGESORT.java:47)
	at java_programs.MERGESORT.mergesort(MERGESORT.java:47)
	at java_programs.MERGESORT.mergesort(MERGESORT.java:47)
	at java_programs.MERGESORT.mergesort(MERGESORT.java:47)
	at java_programs.MERGESORT.mergesort(MERGESORT.java:47)
	at java_programs.MERGESORT.mergesort(MERGESORT.java:47)
	at java_programs.MERGESORT.mergesort(MERGESORT.java:47)
	at java_programs.MERGESORT.mergesort(MERGESORT.java:47)
	at java_programs.MERGESORT.mergesort(MERGESORT.java:47)
	at java_programs.MERGESORT.mergesort(MERGESORT.java:47)
	at java_programs.MERGESORT.mergesort(MERGESORT.java:47)
	at java_programs.MERGESORT.mergesort(MERGESORT.java:47)
	at java_programs.MERGESORT.mergesort(MERGESORT.java:47)
	at java_programs.MERGESORT.mergesort(MERGESORT.java:47)
	at java_programs.MERGESORT.mergesort(MERGESORT.java:47)
	at java_programs.MERGESORT.mergesort(MERGESORT.java:47)
	at java_programs.MERGESORT.mergesort(MERGESORT.java:47)
	at java_programs.MERGESORT.mergesort(MERGESORT.java:47)
	at java_programs.MERGESORT.mergesort(MERGESORT.java:47)
	at java_programs.MERGESORT.mergesort(MERGESORT.java:47)
	at java_programs.MERGESORT.mergesort(MERGESORT.java:47)
	at java_programs.MERGESORT.mergesort(MERGESORT.java:47)
	at java_programs.MERGESORT.mergesort(MERGESORT.java:47)
	at java_programs.MERGESORT.mergesort(MERGESORT.java:47)
	at java_programs.MERGESORT.mergesort(MERGESORT.java:47)
	at java_programs.MERGESORT.mergesort(MERGESORT.java:47)
	at java_programs.MERGESORT.mergesort(MERGESORT.java:47)
	at java_programs.MERGESORT.mergesort(MERGESORT.java:47)
	at java_programs.MERGESORT.mergesort(MERGESORT.java:47)
	at java_programs.MERGESORT.mergesort(MERGESORT.java:47)
	at java_programs.MERGESORT.mergesort(MERGESORT.java:47)
	at java_programs.MERGESORT.mergesort(MERGESORT.java:47)
	at java_programs.MERGESORT.mergesort(MERGESORT.java:47)
	at java_programs.MERGESORT.mergesort(MERGESORT.java:47)
	at java_programs.MERGESORT.mergesort(MERGESORT.java:47)
	at java_programs.MERGESORT.mergesort(MERGESORT.java:47)
	at java_programs.MERGESORT.mergesort(MERGESORT.java:47)
	at java_programs.MERGESORT.mergesort(MERGESORT.java:47)
	at java_programs.MERGESORT.mergesort(MERGESORT.java:47)
	at java_programs.MERGESORT.mergesort(MERGESORT.java:47)
	at java_programs.MERGESORT.mergesort(MERGESORT.java:47)
	at java_programs.MERGESORT.mergesort(MERGESORT.java:47)
	at java_programs.MERGESORT.mergesort(MERGESORT.java:47)
	at java_programs.MERGESORT.mergesort(MERGESORT.java:47)
	at java_programs.MERGESORT.mergesort(MERGESORT.java:47)
	at java_programs.MERGESORT.mergesort(MERGESORT.java:47)
	at java_programs.MERGESORT.mergesort(MERGESORT.java:47)
	at java_programs.MERGESORT.mergesort(MERGESORT.java:47)
	at java_programs.MERGESORT.mergesort(MERGESORT.java:47)
	at java_programs.MERGESORT.mergesort(MERGESORT.java:47)
	at java_programs.MERGESORT.mergesort(MERGESORT.java:47)
	at java_programs.MERGESORT.mergesort(MERGESORT.java:47)
	at java_programs.MERGESORT.mergesort(MERGESORT.java:47)
	at java_programs.MERGESORT.mergesort(MERGESORT.java:47)
	at java_programs.MERGESORT.mergesort(MERGESORT.java:47)
	at java_programs.MERGESORT.mergesort(MERGESORT.java:47)
	at java_programs.MERGESORT.mergesort(MERGESORT.java:47)
	at java_programs.MERGESORT.mergesort(MERGESORT.java:47)
	at java_programs.MERGESORT.mergesort(MERGESORT.java:47)
	at java_programs.MERGESORT.mergesort(MERGESORT.java:47)
	at java_programs.MERGESORT.mergesort(MERGESORT.java:47)
	at java_programs.MERGESORT.mergesort(MERGESORT.java:47)
	at java_programs.MERGESORT.mergesort(MERGESORT.java:47)
	at java_programs.MERGESORT.mergesort(MERGESORT.java:47)
	at java_programs.MERGESORT.mergesort(MERGESORT.java:47)
	at java_programs.MERGESORT.mergesort(MERGESORT.java:47)
	at java_programs.MERGESORT.mergesort(MERGESORT.java:47)
	at java_programs.MERGESORT.mergesort(MERGESORT.java:47)
	at java_programs.MERGESORT.mergesort(MERGESORT.java:47)
	at java_programs.MERGESORT.mergesort(MERGESORT.java:47)
	at java_programs.MERGESORT.mergesort(MERGESORT.java:47)
	at java_programs.MERGESORT.mergesort(MERGESORT.java:47)
	at java_programs.MERGESORT.mergesort(MERGESORT.java:47)
	at java_programs.MERGESORT.mergesort(MERGESORT.java:47)
	at java_programs.MERGESORT.mergesort(MERGESORT.java:47)
	at java_programs.MERGESORT.mergesort(MERGESORT.java:47)
	at java_programs.MERGESORT.mergesort(MERGESORT.java:47)
	at java_programs.MERGESORT.mergesort(MERGESORT.java:47)
	at java_programs.MERGESORT.mergesort(MERGESORT.java:47)
	at java_programs.MERGESORT.mergesort(MERGESORT.java:47)
	at java_programs.MERGESORT.mergesort(MERGESORT.java:47)
	at java_programs.MERGESORT.mergesort(MERGESORT.java:47)
	at java_programs.MERGESORT.mergesort(MERGESORT.java:47)
	at java_programs.MERGESORT.mergesort(MERGESORT.java:47)
	at java_programs.MERGESORT.mergesort(MERGESORT.java:47)
	at java_programs.MERGESORT.mergesort(MERGESORT.java:47)
	at java_programs.MERGESORT.mergesort(MERGESORT.java:47)
	at java_programs.MERGESORT.mergesort(MERGESORT.java:47)
	at java_programs.MERGESORT.mergesort(MERGESORT.java:47)
	at java_programs.MERGESORT.mergesort(MERGESORT.java:47)
	at java_programs.MERGESORT.mergesort(MERGESORT.java:47)
	at java_programs.MERGESORT.mergesort(MERGESORT.java:47)
	at java_programs.MERGESORT.mergesort(MERGESORT.java:47)
	at java_programs.MERGESORT.mergesort(MERGESORT.java:47)
	at java_programs.MERGESORT.mergesort(MERGESORT.java:47)
	at java_programs.MERGESORT.mergesort(MERGESORT.java:47)
	at java_programs.MERGESORT.mergesort(MERGESORT.java:47)
	at java_programs.MERGESORT.mergesort(MERGESORT.java:47)
	at java_programs.MERGESORT.mergesort(MERGESORT.java:47)
	at java_programs.MERGESORT.mergesort(MERGESORT.java:47)
	at java_programs.MERGESORT.mergesort(MERGESORT.java:47)
	at java_programs.MERGESORT.mergesort(MERGESORT.java:47)
	at java_programs.MERGESORT.mergesort(MERGESORT.java:47)
	at java_programs.MERGESORT.mergesort(MERGESORT.java:47)
	at java_programs.MERGESORT.mergesort(MERGESORT.java:47)
	at java_programs.MERGESORT.mergesort(MERGESORT.java:47)
	at java_programs.MERGESORT.mergesort(MERGESORT.java:47)
	at java_programs.MERGESORT.mergesort(MERGESORT.java:47)
	at java_programs.MERGESORT.mergesort(MERGESORT.java:47)
	at java_programs.MERGESORT.mergesort(MERGESORT.java:47)
	at java_programs.MERGESORT.mergesort(MERGESORT.java:47)
	at java_programs.MERGESORT.mergesort(MERGESORT.java:47)
	at java_programs.MERGESORT.mergesort(MERGESORT.java:47)
	at java_programs.MERGESORT.mergesort(MERGESORT.java:47)
	at java_programs.MERGESORT.mergesort(MERGESORT.java:47)
	at java_programs.MERGESORT.mergesort(MERGESORT.java:47)
	at java_programs.MERGESORT.mergesort(MERGESORT.java:47)
	at java_programs.MERGESORT.mergesort(MERGESORT.java:47)
	at java_programs.MERGESORT.mergesort(MERGESORT.java:47)
	at java_programs.MERGESORT.mergesort(MERGESORT.java:47)
	at java_programs.MERGESORT.mergesort(MERGESORT.java:47)
	at java_programs.MERGESORT.mergesort(MERGESORT.java:47)
	at java_programs.MERGESORT.mergesort(MERGESORT.java:47)
	at java_programs.MERGESORT.mergesort(MERGESORT.java:47)
	at java_programs.MERGESORT.mergesort(MERGESORT.java:47)
	at java_programs.MERGESORT.mergesort(MERGESORT.java:47)
	at java_programs.MERGESORT.mergesort(MERGESORT.java:47)
	at java_programs.MERGESORT.mergesort(MERGESORT.java:47)
	at java_programs.MERGESORT.mergesort(MERGESORT.java:47)
	at java_programs.MERGESORT.mergesort(MERGESORT.java:47)
	at java_programs.MERGESORT.mergesort(MERGESORT.java:47)
	at java_programs.MERGESORT.mergesort(MERGESORT.java:47)
	at java_programs.MERGESORT.mergesort(MERGESORT.java:47)
	at java_programs.MERGESORT.mergesort(MERGESORT.java:47)
	at java_programs.MERGESORT.mergesort(MERGESORT.java:47)
	at java_programs.MERGESORT.mergesort(MERGESORT.java:47)
	at java_programs.MERGESORT.mergesort(MERGESORT.java:47)
	at java_programs.MERGESORT.mergesort(MERGESORT.java:47)
	at java_programs.MERGESORT.mergesort(MERGESORT.java:47)
	at java_programs.MERGESORT.mergesort(MERGESORT.java:47)
	at java_programs.MERGESORT.mergesort(MERGESORT.java:47)
	at java_programs.MERGESORT.mergesort(MERGESORT.java:47)
	at java_programs.MERGESORT.mergesort(MERGESORT.java:47)
	at java_programs.MERGESORT.mergesort(MERGESORT.java:47)
	at java_programs.MERGESORT.mergesort(MERGESORT.java:47)
	at java_programs.MERGESORT.mergesort(MERGESORT.java:47)
	at java_programs.MERGESORT.mergesort(MERGESORT.java:47)
	at java_programs.MERGESORT.mergesort(MERGESORT.java:47)
	at java_programs.MERGESORT.mergesort(MERGESORT.java:47)
	at java_programs.MERGESORT.mergesort(MERGESORT.java:47)
	at java_programs.MERGESORT.mergesort(MERGESORT.java:47)
	at java_programs.MERGESORT.mergesort(MERGESORT.java:47)
	at java_programs.MERGESORT.mergesort(MERGESORT.java:47)
	at java_programs.MERGESORT.mergesort(MERGESORT.java:47)
	at java_programs.MERGESORT.mergesort(MERGESORT.java:47)
	at java_programs.MERGESORT.mergesort(MERGESORT.java:47)
	at java_programs.MERGESORT.mergesort(MERGESORT.java:47)
	at java_programs.MERGESORT.mergesort(MERGESORT.java:47)
	at java_programs.MERGESORT.mergesort(MERGESORT.java:47)
	at java_programs.MERGESORT.mergesort(MERGESORT.java:47)
	at java_programs.MERGESORT.mergesort(MERGESORT.java:47)
	at java_programs.MERGESORT.mergesort(MERGESORT.java:47)
	at java_programs.MERGESORT.mergesort(MERGESORT.java:47)
	at java_programs.MERGESORT.mergesort(MERGESORT.java:47)
	at java_programs.MERGESORT.mergesort(MERGESORT.java:47)
	at java_programs.MERGESORT.mergesort(MERGESORT.java:47)
	at java_programs.MERGESORT.mergesort(MERGESORT.java:47)
	at java_programs.MERGESORT.mergesort(MERGESORT.java:47)
	at java_programs.MERGESORT.mergesort(MERGESORT.java:47)
	at java_programs.MERGESORT.mergesort(MERGESORT.java:47)
	at java_programs.MERGESORT.mergesort(MERGESORT.java:47)
	at java_programs.MERGESORT.mergesort(MERGESORT.java:47)
	at java_programs.MERGESORT.mergesort(MERGESORT.java:47)
	at java_programs.MERGESORT.mergesort(MERGESORT.java:47)
	at java_programs.MERGESORT.mergesort(MERGESORT.java:47)
	at java_programs.MERGESORT.mergesort(MERGESORT.java:47)
	at java_programs.MERGESORT.mergesort(MERGESORT.java:47)
	at java_programs.MERGESORT.mergesort(MERGESORT.java:47)
	at java_programs.MERGESORT.mergesort(MERGESORT.java:47)
	at java_programs.MERGESORT.mergesort(MERGESORT.java:47)
	at java_programs.MERGESORT.mergesort(MERGESORT.java:47)
	at java_programs.MERGESORT.mergesort(MERGESORT.java:47)
	at java_programs.MERGESORT.mergesort(MERGESORT.java:47)
	at java_programs.MERGESORT.mergesort(MERGESORT.java:47)
	at java_programs.MERGESORT.mergesort(MERGESORT.java:47)
	at java_programs.MERGESORT.mergesort(MERGESORT.java:47)
	at java_programs.MERGESORT.mergesort(MERGESORT.java:47)
	at java_programs.MERGESORT.mergesort(MERGESORT.java:47)
	at java_programs.MERGESORT.mergesort(MERGESORT.java:47)
	at java_programs.MERGESORT.mergesort(MERGESORT.java:47)
	at java_programs.MERGESORT.mergesort(MERGESORT.java:47)
	at java_programs.MERGESORT.mergesort(MERGESORT.java:47)
	at java_programs.MERGESORT.mergesort(MERGESORT.java:47)
	at java_programs.MERGESORT.mergesort(MERGESORT.java:47)
	at java_programs.MERGESORT.mergesort(MERGESORT.java:47)
	at java_programs.MERGESORT.mergesort(MERGESORT.java:47)
	at java_programs.MERGESORT.mergesort(MERGESORT.java:47)
	at java_programs.MERGESORT.mergesort(MERGESORT.java:47)
	at java_programs.MERGESORT.mergesort(MERGESORT.java:47)
	at java_programs.MERGESORT.mergesort(MERGESORT.java:47)
	at java_programs.MERGESORT.mergesort(MERGESORT.java:47)
	at java_programs.MERGESORT.mergesort(MERGESORT.java:47)
	at java_programs.MERGESORT.mergesort(MERGESORT.java:47)
	at java_programs.MERGESORT.mergesort(MERGESORT.java:47)
	at java_programs.MERGESORT.mergesort(MERGESORT.java:47)
	at java_programs.MERGESORT.mergesort(MERGESORT.java:47)
	at java_programs.MERGESORT.mergesort(MERGESORT.java:47)
	at java_programs.MERGESORT.mergesort(MERGESORT.java:47)
	at java_programs.MERGESORT.mergesort(MERGESORT.java:47)
	at java_programs.MERGESORT.mergesort(MERGESORT.java:47)
	at java_programs.MERGESORT.mergesort(MERGESORT.java:47)
	at java_programs.MERGESORT.mergesort(MERGESORT.java:47)
	at java_programs.MERGESORT.mergesort(MERGESORT.java:47)
	at java_programs.MERGESORT.mergesort(MERGESORT.java:47)
	at java_programs.MERGESORT.mergesort(MERGESORT.java:47)
	at java_programs.MERGESORT.mergesort(MERGESORT.java:47)
	at java_programs.MERGESORT.mergesort(MERGESORT.java:47)
	at java_programs.MERGESORT.mergesort(MERGESORT.java:47)
	at java_programs.MERGESORT.mergesort(MERGESORT.java:47)
	at java_programs.MERGESORT.mergesort(MERGESORT.java:47)
	at java_programs.MERGESORT.mergesort(MERGESORT.java:47)
	at java_programs.MERGESORT.mergesort(MERGESORT.java:47)
	at java_programs.MERGESORT.mergesort(MERGESORT.java:47)
	at java_programs.MERGESORT.mergesort(MERGESORT.java:47)
	at java_programs.MERGESORT.mergesort(MERGESORT.java:47)
	at java_programs.MERGESORT.mergesort(MERGESORT.java:47)
	at java_programs.MERGESORT.mergesort(MERGESORT.java:47)
	at java_programs.MERGESORT.mergesort(MERGESORT.java:47)
	at java_programs.MERGESORT.mergesort(MERGESORT.java:47)
	at java_programs.MERGESORT.mergesort(MERGESORT.java:47)
	at java_programs.MERGESORT.mergesort(MERGESORT.java:47)
	at java_programs.MERGESORT.mergesort(MERGESORT.java:47)
	at java_programs.MERGESORT.mergesort(MERGESORT.java:47)
	at java_programs.MERGESORT.mergesort(MERGESORT.java:47)
	at java_programs.MERGESORT.mergesort(MERGESORT.java:47)
	at java_programs.MERGESORT.mergesort(MERGESORT.java:47)
	at java_programs.MERGESORT.mergesort(MERGESORT.java:47)
	at java_programs.MERGESORT.mergesort(MERGESORT.java:47)
	at java_programs.MERGESORT.mergesort(MERGESORT.java:47)
	at java_programs.MERGESORT.mergesort(MERGESORT.java:47)
	at java_programs.MERGESORT.mergesort(MERGESORT.java:47)
	at java_programs.MERGESORT.mergesort(MERGESORT.java:47)
	at java_programs.MERGESORT.mergesort(MERGESORT.java:47)
	at java_programs.MERGESORT.mergesort(MERGESORT.java:47)
	at java_programs.MERGESORT.mergesort(MERGESORT.java:47)
	at java_programs.MERGESORT.mergesort(MERGESORT.java:47)
	at java_programs.MERGESORT.mergesort(MERGESORT.java:47)
	at java_programs.MERGESORT.mergesort(MERGESORT.java:47)
	at java_programs.MERGESORT.mergesort(MERGESORT.java:47)
	at java_programs.MERGESORT.mergesort(MERGESORT.java:47)
	at java_programs.MERGESORT.mergesort(MERGESORT.java:47)
	at java_programs.MERGESORT.mergesort(MERGESORT.java:47)
	at java_programs.MERGESORT.mergesort(MERGESORT.java:47)
	at java_programs.MERGESORT.mergesort(MERGESORT.java:47)
	at java_programs.MERGESORT.mergesort(MERGESORT.java:47)
	at java_programs.MERGESORT.mergesort(MERGESORT.java:47)
	at java_programs.MERGESORT.mergesort(MERGESORT.java:47)
	at java_programs.MERGESORT.mergesort(MERGESORT.java:47)
	at java_programs.MERGESORT.mergesort(MERGESORT.java:47)
	at java_programs.MERGESORT.mergesort(MERGESORT.java:47)
	at java_programs.MERGESORT.mergesort(MERGESORT.java:47)
	at java_programs.MERGESORT.mergesort(MERGESORT.java:47)
	at java_programs.MERGESORT.mergesort(MERGESORT.java:47)
	at java_programs.MERGESORT.mergesort(MERGESORT.java:47)
	at java_programs.MERGESORT.mergesort(MERGESORT.java:47)
	at java_programs.MERGESORT.mergesort(MERGESORT.java:47)
	at java_programs.MERGESORT.mergesort(MERGESORT.java:47)
	at java_programs.MERGESORT.mergesort(MERGESORT.java:47)
	at java_programs.MERGESORT.mergesort(MERGESORT.java:47)
	at java_programs.MERGESORT.mergesort(MERGESORT.java:47)
	at java_programs.MERGESORT.mergesort(MERGESORT.java:47)
	at java_programs.MERGESORT.mergesort(MERGESORT.java:47)
	at java_programs.MERGESORT.mergesort(MERGESORT.java:47)
	at java_programs.MERGESORT.mergesort(MERGESORT.java:47)
	at java_programs.MERGESORT.mergesort(MERGESORT.java:47)
	at java_programs.MERGESORT.mergesort(MERGESORT.java:47)
	at java_programs.MERGESORT.mergesort(MERGESORT.java:47)
	at java_programs.MERGESORT.mergesort(MERGESORT.java:47)
	at java_programs.MERGESORT.mergesort(MERGESORT.java:47)
	at java_programs.MERGESORT.mergesort(MERGESORT.java:47)
	at java_programs.MERGESORT.mergesort(MERGESORT.java:47)
	at java_programs.MERGESORT.mergesort(MERGESORT.java:47)
	at java_programs.MERGESORT.mergesort(MERGESORT.java:47)
	at java_programs.MERGESORT.mergesort(MERGESORT.java:47)
	at java_programs.MERGESORT.mergesort(MERGESORT.java:47)
	at java_programs.MERGESORT.mergesort(MERGESORT.java:47)
	at java_programs.MERGESORT.mergesort(MERGESORT.java:47)
	at java_programs.MERGESORT.mergesort(MERGESORT.java:47)
	at java_programs.MERGESORT.mergesort(MERGESORT.java:47)
	at java_programs.MERGESORT.mergesort(MERGESORT.java:47)
	at java_programs.MERGESORT.mergesort(MERGESORT.java:47)
	at java_programs.MERGESORT.mergesort(MERGESORT.java:47)
	at java_programs.MERGESORT.mergesort(MERGESORT.java:47)
	at java_programs.MERGESORT.mergesort(MERGESORT.java:47)
	at java_programs.MERGESORT.mergesort(MERGESORT.java:47)
	at java_programs.MERGESORT.mergesort(MERGESORT.java:47)
	at java_programs.MERGESORT.mergesort(MERGESORT.java:47)
	at java_programs.MERGESORT.mergesort(MERGESORT.java:47)
	at java_programs.MERGESORT.mergesort(MERGESORT.java:47)
	at java_programs.MERGESORT.mergesort(MERGESORT.java:47)
	at java_programs.MERGESORT.mergesort(MERGESORT.java:47)
	at java_programs.MERGESORT.mergesort(MERGESORT.java:47)
	at java_programs.MERGESORT.mergesort(MERGESORT.java:47)
	at java_programs.MERGESORT.mergesort(MERGESORT.java:47)
	at java_programs.MERGESORT.mergesort(MERGESORT.java:47)
	at java_programs.MERGESORT.mergesort(MERGESORT.java:47)
	at java_programs.MERGESORT.mergesort(MERGESORT.java:47)
	at java_programs.MERGESORT.mergesort(MERGESORT.java:47)
	at java_programs.MERGESORT.mergesort(MERGESORT.java:47)
	at java_programs.MERGESORT.mergesort(MERGESORT.java:47)
	at java_programs.MERGESORT.mergesort(MERGESORT.java:47)
	at java_programs.MERGESORT.mergesort(MERGESORT.java:47)
	at java_programs.MERGESORT.mergesort(MERGESORT.java:47)
	at java_programs.MERGESORT.mergesort(MERGESORT.java:47)
	at java_programs.MERGESORT.mergesort(MERGESORT.java:47)
	at java_programs.MERGESORT.mergesort(MERGESORT.java:47)
	at java_programs.MERGESORT.mergesort(MERGESORT.java:47)
	at java_programs.MERGESORT.mergesort(MERGESORT.java:47)
	at java_programs.MERGESORT.mergesort(MERGESORT.java:47)
	at java_programs.MERGESORT.mergesort(MERGESORT.java:47)
	at java_programs.MERGESORT.mergesort(MERGESORT.java:47)
	at java_programs.MERGESORT.mergesort(MERGESORT.java:47)
	at java_programs.MERGESORT.mergesort(MERGESORT.java:47)
	at java_programs.MERGESORT.mergesort(MERGESORT.java:47)
	at java_programs.MERGESORT.mergesort(MERGESORT.java:47)
	at java_programs.MERGESORT.mergesort(MERGESORT.java:47)
	at java_programs.MERGESORT.mergesort(MERGESORT.java:47)
	at java_programs.MERGESORT.mergesort(MERGESORT.java:47)
	at java_programs.MERGESORT.mergesort(MERGESORT.java:47)
	at java_programs.MERGESORT.mergesort(MERGESORT.java:47)
	at java_programs.MERGESORT.mergesort(MERGESORT.java:47)
	at java_programs.MERGESORT.mergesort(MERGESORT.java:47)
	at java_programs.MERGESORT.mergesort(MERGESORT.java:47)
	at java_programs.MERGESORT.mergesort(MERGESORT.java:47)
	at java_programs.MERGESORT.mergesort(MERGESORT.java:47)
	at java_programs.MERGESORT.mergesort(MERGESORT.java:47)
	at java_programs.MERGESORT.mergesort(MERGESORT.java:47)
	at java_programs.MERGESORT.mergesort(MERGESORT.java:47)
	at java_programs.MERGESORT.mergesort(MERGESORT.java:47)
	at java_programs.MERGESORT.mergesort(MERGESORT.java:47)
	at java_programs.MERGESORT.mergesort(MERGESORT.java:47)
	at java_programs.MERGESORT.mergesort(MERGESORT.java:47)
	at java_programs.MERGESORT.mergesort(MERGESORT.java:47)
	at java_programs.MERGESORT.mergesort(MERGESORT.java:47)
	at java_programs.MERGESORT.mergesort(MERGESORT.java:47)
	at java_programs.MERGESORT.mergesort(MERGESORT.java:47)
	at java_programs.MERGESORT.mergesort(MERGESORT.java:47)
	at java_programs.MERGESORT.mergesort(MERGESORT.java:47)
	at java_programs.MERGESORT.mergesort(MERGESORT.java:47)
	at java_programs.MERGESORT.mergesort(MERGESORT.java:47)
	at java_programs.MERGESORT.mergesort(MERGESORT.java:47)
	at java_programs.MERGESORT.mergesort(MERGESORT.java:47)
	at java_programs.MERGESORT.mergesort(MERGESORT.java:47)
	at java_programs.MERGESORT.mergesort(MERGESORT.java:47)
	at java_programs.MERGESORT.mergesort(MERGESORT.java:47)
	at java_programs.MERGESORT.mergesort(MERGESORT.java:47)
	at java_programs.MERGESORT.mergesort(MERGESORT.java:47)
	at java_programs.MERGESORT.mergesort(MERGESORT.java:47)
	at java_programs.MERGESORT.mergesort(MERGESORT.java:47)
	at java_programs.MERGESORT.mergesort(MERGESORT.java:47)
	at java_programs.MERGESORT.mergesort(MERGESORT.java:47)
	at java_programs.MERGESORT.mergesort(MERGESORT.java:47)
	at java_programs.MERGESORT.mergesort(MERGESORT.java:47)
	at java_programs.MERGESORT.mergesort(MERGESORT.java:47)
	at java_programs.MERGESORT.mergesort(MERGESORT.java:47)
	at java_programs.MERGESORT.mergesort(MERGESORT.java:47)
	at java_programs.MERGESORT.mergesort(MERGESORT.java:47)
	at java_programs.MERGESORT.mergesort(MERGESORT.java:47)
	at java_programs.MERGESORT.mergesort(MERGESORT.java:47)
	at java_programs.MERGESORT.mergesort(MERGESORT.java:47)
	at java_programs.MERGESORT.mergesort(MERGESORT.java:47)
	at java_programs.MERGESORT.mergesort(MERGESORT.java:47)
	at java_programs.MERGESORT.mergesort(MERGESORT.java:47)
	at java_programs.MERGESORT.mergesort(MERGESORT.java:47)
	at java_programs.MERGESORT.mergesort(MERGESORT.java:47)
	at java_programs.MERGESORT.mergesort(MERGESORT.java:47)
	at java_programs.MERGESORT.mergesort(MERGESORT.java:47)
	at java_programs.MERGESORT.mergesort(MERGESORT.java:47)
	at java_programs.MERGESORT.mergesort(MERGESORT.java:47)
	at java_programs.MERGESORT.mergesort(MERGESORT.java:47)
	at java_programs.MERGESORT.mergesort(MERGESORT.java:47)
	at java_programs.MERGESORT.mergesort(MERGESORT.java:47)
	at java_programs.MERGESORT.mergesort(MERGESORT.java:47)
	at java_programs.MERGESORT.mergesort(MERGESORT.java:47)
	at java_programs.MERGESORT.mergesort(MERGESORT.java:47)
	at java_programs.MERGESORT.mergesort(MERGESORT.java:47)
	at java_programs.MERGESORT.mergesort(MERGESORT.java:47)
	at java_programs.MERGESORT.mergesort(MERGESORT.java:47)
</failure>
  </testcase>
  <testcase name="test_7()" classname="test.java.MERGESORT_TEST" time="0.004">
    <failure message="java.lang.StackOverflowError" type="java.lang.StackOverflowError">java.lang.StackOverflowError
	at java.base/java.util.ArrayList.addAll(ArrayList.java:670)
	at java_programs.MERGESORT.mergesort(MERGESORT.java:43)
	at java_programs.MERGESORT.mergesort(MERGESORT.java:47)
	at java_programs.MERGESORT.mergesort(MERGESORT.java:47)
	at java_programs.MERGESORT.mergesort(MERGESORT.java:47)
	at java_programs.MERGESORT.mergesort(MERGESORT.java:47)
	at java_programs.MERGESORT.mergesort(MERGESORT.java:47)
	at java_programs.MERGESORT.mergesort(MERGESORT.java:47)
	at java_programs.MERGESORT.mergesort(MERGESORT.java:47)
	at java_programs.MERGESORT.mergesort(MERGESORT.java:47)
	at java_programs.MERGESORT.mergesort(MERGESORT.java:47)
	at java_programs.MERGESORT.mergesort(MERGESORT.java:47)
	at java_programs.MERGESORT.mergesort(MERGESORT.java:47)
	at java_programs.MERGESORT.mergesort(MERGESORT.java:47)
	at java_programs.MERGESORT.mergesort(MERGESORT.java:47)
	at java_programs.MERGESORT.mergesort(MERGESORT.java:47)
	at java_programs.MERGESORT.mergesort(MERGESORT.java:47)
	at java_programs.MERGESORT.mergesort(MERGESORT.java:47)
	at java_programs.MERGESORT.mergesort(MERGESORT.java:47)
	at java_programs.MERGESORT.mergesort(MERGESORT.java:47)
	at java_programs.MERGESORT.mergesort(MERGESORT.java:47)
	at java_programs.MERGESORT.mergesort(MERGESORT.java:47)
	at java_programs.MERGESORT.mergesort(MERGESORT.java:47)
	at java_programs.MERGESORT.mergesort(MERGESORT.java:47)
	at java_programs.MERGESORT.mergesort(MERGESORT.java:47)
	at java_programs.MERGESORT.mergesort(MERGESORT.java:47)
	at java_programs.MERGESORT.mergesort(MERGESORT.java:47)
	at java_programs.MERGESORT.mergesort(MERGESORT.java:47)
	at java_programs.MERGESORT.mergesort(MERGESORT.java:47)
	at java_programs.MERGESORT.mergesort(MERGESORT.java:47)
	at java_programs.MERGESORT.mergesort(MERGESORT.java:47)
	at java_programs.MERGESORT.mergesort(MERGESORT.java:47)
	at java_programs.MERGESORT.mergesort(MERGESORT.java:47)
	at java_programs.MERGESORT.mergesort(MERGESORT.java:47)
	at java_programs.MERGESORT.mergesort(MERGESORT.java:47)
	at java_programs.MERGESORT.mergesort(MERGESORT.java:47)
	at java_programs.MERGESORT.mergesort(MERGESORT.java:47)
	at java_programs.MERGESORT.mergesort(MERGESORT.java:47)
	at java_programs.MERGESORT.mergesort(MERGESORT.java:47)
	at java_programs.MERGESORT.mergesort(MERGESORT.java:47)
	at java_programs.MERGESORT.mergesort(MERGESORT.java:47)
	at java_programs.MERGESORT.mergesort(MERGESORT.java:47)
	at java_programs.MERGESORT.mergesort(MERGESORT.java:47)
	at java_programs.MERGESORT.mergesort(MERGESORT.java:47)
	at java_programs.MERGESORT.mergesort(MERGESORT.java:47)
	at java_programs.MERGESORT.mergesort(MERGESORT.java:47)
	at java_programs.MERGESORT.mergesort(MERGESORT.java:47)
	at java_programs.MERGESORT.mergesort(MERGESORT.java:47)
	at java_programs.MERGESORT.mergesort(MERGESORT.java:47)
	at java_programs.MERGESORT.mergesort(MERGESORT.java:47)
	at java_programs.MERGESORT.mergesort(MERGESORT.java:47)
	at java_programs.MERGESORT.mergesort(MERGESORT.java:47)
	at java_programs.MERGESORT.mergesort(MERGESORT.java:47)
	at java_programs.MERGESORT.mergesort(MERGESORT.java:47)
	at java_programs.MERGESORT.mergesort(MERGESORT.java:47)
	at java_programs.MERGESORT.mergesort(MERGESORT.java:47)
	at java_programs.MERGESORT.mergesort(MERGESORT.java:47)
	at java_programs.MERGESORT.mergesort(MERGESORT.java:47)
	at java_programs.MERGESORT.mergesort(MERGESORT.java:47)
	at java_programs.MERGESORT.mergesort(MERGESORT.java:47)
	at java_programs.MERGESORT.mergesort(MERGESORT.java:47)
	at java_programs.MERGESORT.mergesort(MERGESORT.java:47)
	at java_programs.MERGESORT.mergesort(MERGESORT.java:47)
	at java_programs.MERGESORT.mergesort(MERGESORT.java:47)
	at java_programs.MERGESORT.mergesort(MERGESORT.java:47)
	at java_programs.MERGESORT.mergesort(MERGESORT.java:47)
	at java_programs.MERGESORT.mergesort(MERGESORT.java:47)
	at java_programs.MERGESORT.mergesort(MERGESORT.java:47)
	at java_programs.MERGESORT.mergesort(MERGESORT.java:47)
	at java_programs.MERGESORT.mergesort(MERGESORT.java:47)
	at java_programs.MERGESORT.mergesort(MERGESORT.java:47)
	at java_programs.MERGESORT.mergesort(MERGESORT.java:47)
	at java_programs.MERGESORT.mergesort(MERGESORT.java:47)
	at java_programs.MERGESORT.mergesort(MERGESORT.java:47)
	at java_programs.MERGESORT.mergesort(MERGESORT.java:47)
	at java_programs.MERGESORT.mergesort(MERGESORT.java:47)
	at java_programs.MERGESORT.mergesort(MERGESORT.java:47)
	at java_programs.MERGESORT.mergesort(MERGESORT.java:47)
	at java_programs.MERGESORT.mergesort(MERGESORT.java:47)
	at java_programs.MERGESORT.mergesort(MERGESORT.java:47)
	at java_programs.MERGESORT.mergesort(MERGESORT.java:47)
	at java_programs.MERGESORT.mergesort(MERGESORT.java:47)
	at java_programs.MERGESORT.mergesort(MERGESORT.java:47)
	at java_programs.MERGESORT.mergesort(MERGESORT.java:47)
	at java_programs.MERGESORT.mergesort(MERGESORT.java:47)
	at java_programs.MERGESORT.mergesort(MERGESORT.java:47)
	at java_programs.MERGESORT.mergesort(MERGESORT.java:47)
	at java_programs.MERGESORT.mergesort(MERGESORT.java:47)
	at java_programs.MERGESORT.mergesort(MERGESORT.java:47)
	at java_programs.MERGESORT.mergesort(MERGESORT.java:47)
	at java_programs.MERGESORT.mergesort(MERGESORT.java:47)
	at java_programs.MERGESORT.mergesort(MERGESORT.java:47)
	at java_programs.MERGESORT.mergesort(MERGESORT.java:47)
	at java_programs.MERGESORT.mergesort(MERGESORT.java:47)
	at java_programs.MERGESORT.mergesort(MERGESORT.java:47)
	at java_programs.MERGESORT.mergesort(MERGESORT.java:47)
	at java_programs.MERGESORT.mergesort(MERGESORT.java:47)
	at java_programs.MERGESORT.mergesort(MERGESORT.java:47)
	at java_programs.MERGESORT.mergesort(MERGESORT.java:47)
	at java_programs.MERGESORT.mergesort(MERGESORT.java:47)
	at java_programs.MERGESORT.mergesort(MERGESORT.java:47)
	at java_programs.MERGESORT.mergesort(MERGESORT.java:47)
	at java_programs.MERGESORT.mergesort(MERGESORT.java:47)
	at java_programs.MERGESORT.mergesort(MERGESORT.java:47)
	at java_programs.MERGESORT.mergesort(MERGESORT.java:47)
	at java_programs.MERGESORT.mergesort(MERGESORT.java:47)
	at java_programs.MERGESORT.mergesort(MERGESORT.java:47)
	at java_programs.MERGESORT.mergesort(MERGESORT.java:47)
	at java_programs.MERGESORT.mergesort(MERGESORT.java:47)
	at java_programs.MERGESORT.mergesort(MERGESORT.java:47)
	at java_programs.MERGESORT.mergesort(MERGESORT.java:47)
	at java_programs.MERGESORT.mergesort(MERGESORT.java:47)
	at java_programs.MERGESORT.mergesort(MERGESORT.java:47)
	at java_programs.MERGESORT.mergesort(MERGESORT.java:47)
	at java_programs.MERGESORT.mergesort(MERGESORT.java:47)
	at java_programs.MERGESORT.mergesort(MERGESORT.java:47)
	at java_programs.MERGESORT.mergesort(MERGESORT.java:47)
	at java_programs.MERGESORT.mergesort(MERGESORT.java:47)
	at java_programs.MERGESORT.mergesort(MERGESORT.java:47)
	at java_programs.MERGESORT.mergesort(MERGESORT.java:47)
	at java_programs.MERGESORT.mergesort(MERGESORT.java:47)
	at java_programs.MERGESORT.mergesort(MERGESORT.java:47)
	at java_programs.MERGESORT.mergesort(MERGESORT.java:47)
	at java_programs.MERGESORT.mergesort(MERGESORT.java:47)
	at java_programs.MERGESORT.mergesort(MERGESORT.java:47)
	at java_programs.MERGESORT.mergesort(MERGESORT.java:47)
	at java_programs.MERGESORT.mergesort(MERGESORT.java:47)
	at java_programs.MERGESORT.mergesort(MERGESORT.java:47)
	at java_programs.MERGESORT.mergesort(MERGESORT.java:47)
	at java_programs.MERGESORT.mergesort(MERGESORT.java:47)
	at java_programs.MERGESORT.mergesort(MERGESORT.java:47)
	at java_programs.MERGESORT.mergesort(MERGESORT.java:47)
	at java_programs.MERGESORT.mergesort(MERGESORT.java:47)
	at java_programs.MERGESORT.mergesort(MERGESORT.java:47)
	at java_programs.MERGESORT.mergesort(MERGESORT.java:47)
	at java_programs.MERGESORT.mergesort(MERGESORT.java:47)
	at java_programs.MERGESORT.mergesort(MERGESORT.java:47)
	at java_programs.MERGESORT.mergesort(MERGESORT.java:47)
	at java_programs.MERGESORT.mergesort(MERGESORT.java:47)
	at java_programs.MERGESORT.mergesort(MERGESORT.java:47)
	at java_programs.MERGESORT.mergesort(MERGESORT.java:47)
	at java_programs.MERGESORT.mergesort(MERGESORT.java:47)
	at java_programs.MERGESORT.mergesort(MERGESORT.java:47)
	at java_programs.MERGESORT.mergesort(MERGESORT.java:47)
	at java_programs.MERGESORT.mergesort(MERGESORT.java:47)
	at java_programs.MERGESORT.mergesort(MERGESORT.java:47)
	at java_programs.MERGESORT.mergesort(MERGESORT.java:47)
	at java_programs.MERGESORT.mergesort(MERGESORT.java:47)
	at java_programs.MERGESORT.mergesort(MERGESORT.java:47)
	at java_programs.MERGESORT.mergesort(MERGESORT.java:47)
	at java_programs.MERGESORT.mergesort(MERGESORT.java:47)
	at java_programs.MERGESORT.mergesort(MERGESORT.java:47)
	at java_programs.MERGESORT.mergesort(MERGESORT.java:47)
	at java_programs.MERGESORT.mergesort(MERGESORT.java:47)
	at java_programs.MERGESORT.mergesort(MERGESORT.java:47)
	at java_programs.MERGESORT.mergesort(MERGESORT.java:47)
	at java_programs.MERGESORT.mergesort(MERGESORT.java:47)
	at java_programs.MERGESORT.mergesort(MERGESORT.java:47)
	at java_programs.MERGESORT.mergesort(MERGESORT.java:47)
	at java_programs.MERGESORT.mergesort(MERGESORT.java:47)
	at java_programs.MERGESORT.mergesort(MERGESORT.java:47)
	at java_programs.MERGESORT.mergesort(MERGESORT.java:47)
	at java_programs.MERGESORT.mergesort(MERGESORT.java:47)
	at java_programs.MERGESORT.mergesort(MERGESORT.java:47)
	at java_programs.MERGESORT.mergesort(MERGESORT.java:47)
	at java_programs.MERGESORT.mergesort(MERGESORT.java:47)
	at java_programs.MERGESORT.mergesort(MERGESORT.java:47)
	at java_programs.MERGESORT.mergesort(MERGESORT.java:47)
	at java_programs.MERGESORT.mergesort(MERGESORT.java:47)
	at java_programs.MERGESORT.mergesort(MERGESORT.java:47)
	at java_programs.MERGESORT.mergesort(MERGESORT.java:47)
	at java_programs.MERGESORT.mergesort(MERGESORT.java:47)
	at java_programs.MERGESORT.mergesort(MERGESORT.java:47)
	at java_programs.MERGESORT.mergesort(MERGESORT.java:47)
	at java_programs.MERGESORT.mergesort(MERGESORT.java:47)
	at java_programs.MERGESORT.mergesort(MERGESORT.java:47)
	at java_programs.MERGESORT.mergesort(MERGESORT.java:47)
	at java_programs.MERGESORT.mergesort(MERGESORT.java:47)
	at java_programs.MERGESORT.mergesort(MERGESORT.java:47)
	at java_programs.MERGESORT.mergesort(MERGESORT.java:47)
	at java_programs.MERGESORT.mergesort(MERGESORT.java:47)
	at java_programs.MERGESORT.mergesort(MERGESORT.java:47)
	at java_programs.MERGESORT.mergesort(MERGESORT.java:47)
	at java_programs.MERGESORT.mergesort(MERGESORT.java:47)
	at java_programs.MERGESORT.mergesort(MERGESORT.java:47)
	at java_programs.MERGESORT.mergesort(MERGESORT.java:47)
	at java_programs.MERGESORT.mergesort(MERGESORT.java:47)
	at java_programs.MERGESORT.mergesort(MERGESORT.java:47)
	at java_programs.MERGESORT.mergesort(MERGESORT.java:47)
	at java_programs.MERGESORT.mergesort(MERGESORT.java:47)
	at java_programs.MERGESORT.mergesort(MERGESORT.java:47)
	at java_programs.MERGESORT.mergesort(MERGESORT.java:47)
	at java_programs.MERGESORT.mergesort(MERGESORT.java:47)
	at java_programs.MERGESORT.mergesort(MERGESORT.java:47)
	at java_programs.MERGESORT.mergesort(MERGESORT.java:47)
	at java_programs.MERGESORT.mergesort(MERGESORT.java:47)
	at java_programs.MERGESORT.mergesort(MERGESORT.java:47)
	at java_programs.MERGESORT.mergesort(MERGESORT.java:47)
	at java_programs.MERGESORT.mergesort(MERGESORT.java:47)
	at java_programs.MERGESORT.mergesort(MERGESORT.java:47)
	at java_programs.MERGESORT.mergesort(MERGESORT.java:47)
	at java_programs.MERGESORT.mergesort(MERGESORT.java:47)
	at java_programs.MERGESORT.mergesort(MERGESORT.java:47)
	at java_programs.MERGESORT.mergesort(MERGESORT.java:47)
	at java_programs.MERGESORT.mergesort(MERGESORT.java:47)
	at java_programs.MERGESORT.mergesort(MERGESORT.java:47)
	at java_programs.MERGESORT.mergesort(MERGESORT.java:47)
	at java_programs.MERGESORT.mergesort(MERGESORT.java:47)
	at java_programs.MERGESORT.mergesort(MERGESORT.java:47)
	at java_programs.MERGESORT.mergesort(MERGESORT.java:47)
	at java_programs.MERGESORT.mergesort(MERGESORT.java:47)
	at java_programs.MERGESORT.mergesort(MERGESORT.java:47)
	at java_programs.MERGESORT.mergesort(MERGESORT.java:47)
	at java_programs.MERGESORT.mergesort(MERGESORT.java:47)
	at java_programs.MERGESORT.mergesort(MERGESORT.java:47)
	at java_programs.MERGESORT.mergesort(MERGESORT.java:47)
	at java_programs.MERGESORT.mergesort(MERGESORT.java:47)
	at java_programs.MERGESORT.mergesort(MERGESORT.java:47)
	at java_programs.MERGESORT.mergesort(MERGESORT.java:47)
	at java_programs.MERGESORT.mergesort(MERGESORT.java:47)
	at java_programs.MERGESORT.mergesort(MERGESORT.java:47)
	at java_programs.MERGESORT.mergesort(MERGESORT.java:47)
	at java_programs.MERGESORT.mergesort(MERGESORT.java:47)
	at java_programs.MERGESORT.mergesort(MERGESORT.java:47)
	at java_programs.MERGESORT.mergesort(MERGESORT.java:47)
	at java_programs.MERGESORT.mergesort(MERGESORT.java:47)
	at java_programs.MERGESORT.mergesort(MERGESORT.java:47)
	at java_programs.MERGESORT.mergesort(MERGESORT.java:47)
	at java_programs.MERGESORT.mergesort(MERGESORT.java:47)
	at java_programs.MERGESORT.mergesort(MERGESORT.java:47)
	at java_programs.MERGESORT.mergesort(MERGESORT.java:47)
	at java_programs.MERGESORT.mergesort(MERGESORT.java:47)
	at java_programs.MERGESORT.mergesort(MERGESORT.java:47)
	at java_programs.MERGESORT.mergesort(MERGESORT.java:47)
	at java_programs.MERGESORT.mergesort(MERGESORT.java:47)
	at java_programs.MERGESORT.mergesort(MERGESORT.java:47)
	at java_programs.MERGESORT.mergesort(MERGESORT.java:47)
	at java_programs.MERGESORT.mergesort(MERGESORT.java:47)
	at java_programs.MERGESORT.mergesort(MERGESORT.java:47)
	at java_programs.MERGESORT.mergesort(MERGESORT.java:47)
	at java_programs.MERGESORT.mergesort(MERGESORT.java:47)
	at java_programs.MERGESORT.mergesort(MERGESORT.java:47)
	at java_programs.MERGESORT.mergesort(MERGESORT.java:47)
	at java_programs.MERGESORT.mergesort(MERGESORT.java:47)
	at java_programs.MERGESORT.mergesort(MERGESORT.java:47)
	at java_programs.MERGESORT.mergesort(MERGESORT.java:47)
	at java_programs.MERGESORT.mergesort(MERGESORT.java:47)
	at java_programs.MERGESORT.mergesort(MERGESORT.java:47)
	at java_programs.MERGESORT.mergesort(MERGESORT.java:47)
	at java_programs.MERGESORT.mergesort(MERGESORT.java:47)
	at java_programs.MERGESORT.mergesort(MERGESORT.java:47)
	at java_programs.MERGESORT.mergesort(MERGESORT.java:47)
	at java_programs.MERGESORT.mergesort(MERGESORT.java:47)
	at java_programs.MERGESORT.mergesort(MERGESORT.java:47)
	at java_programs.MERGESORT.mergesort(MERGESORT.java:47)
	at java_programs.MERGESORT.mergesort(MERGESORT.java:47)
	at java_programs.MERGESORT.mergesort(MERGESORT.java:47)
	at java_programs.MERGESORT.mergesort(MERGESORT.java:47)
	at java_programs.MERGESORT.mergesort(MERGESORT.java:47)
	at java_programs.MERGESORT.mergesort(MERGESORT.java:47)
	at java_programs.MERGESORT.mergesort(MERGESORT.java:47)
	at java_programs.MERGESORT.mergesort(MERGESORT.java:47)
	at java_programs.MERGESORT.mergesort(MERGESORT.java:47)
	at java_programs.MERGESORT.mergesort(MERGESORT.java:47)
	at java_programs.MERGESORT.mergesort(MERGESORT.java:47)
	at java_programs.MERGESORT.mergesort(MERGESORT.java:47)
	at java_programs.MERGESORT.mergesort(MERGESORT.java:47)
	at java_programs.MERGESORT.mergesort(MERGESORT.java:47)
	at java_programs.MERGESORT.mergesort(MERGESORT.java:47)
	at java_programs.MERGESORT.mergesort(MERGESORT.java:47)
	at java_programs.MERGESORT.mergesort(MERGESORT.java:47)
	at java_programs.MERGESORT.mergesort(MERGESORT.java:47)
	at java_programs.MERGESORT.mergesort(MERGESORT.java:47)
	at java_programs.MERGESORT.mergesort(MERGESORT.java:47)
	at java_programs.MERGESORT.mergesort(MERGESORT.java:47)
	at java_programs.MERGESORT.mergesort(MERGESORT.java:47)
	at java_programs.MERGESORT.mergesort(MERGESORT.java:47)
	at java_programs.MERGESORT.mergesort(MERGESORT.java:47)
	at java_programs.MERGESORT.mergesort(MERGESORT.java:47)
	at java_programs.MERGESORT.mergesort(MERGESORT.java:47)
	at java_programs.MERGESORT.mergesort(MERGESORT.java:47)
	at java_programs.MERGESORT.mergesort(MERGESORT.java:47)
	at java_programs.MERGESORT.mergesort(MERGESORT.java:47)
	at java_programs.MERGESORT.mergesort(MERGESORT.java:47)
	at java_programs.MERGESORT.mergesort(MERGESORT.java:47)
	at java_programs.MERGESORT.mergesort(MERGESORT.java:47)
	at java_programs.MERGESORT.mergesort(MERGESORT.java:47)
	at java_programs.MERGESORT.mergesort(MERGESORT.java:47)
	at java_programs.MERGESORT.mergesort(MERGESORT.java:47)
	at java_programs.MERGESORT.mergesort(MERGESORT.java:47)
	at java_programs.MERGESORT.mergesort(MERGESORT.java:47)
	at java_programs.MERGESORT.mergesort(MERGESORT.java:47)
	at java_programs.MERGESORT.mergesort(MERGESORT.java:47)
	at java_programs.MERGESORT.mergesort(MERGESORT.java:47)
	at java_programs.MERGESORT.mergesort(MERGESORT.java:47)
	at java_programs.MERGESORT.mergesort(MERGESORT.java:47)
	at java_programs.MERGESORT.mergesort(MERGESORT.java:47)
	at java_programs.MERGESORT.mergesort(MERGESORT.java:47)
	at java_programs.MERGESORT.mergesort(MERGESORT.java:47)
	at java_programs.MERGESORT.mergesort(MERGESORT.java:47)
	at java_programs.MERGESORT.mergesort(MERGESORT.java:47)
	at java_programs.MERGESORT.mergesort(MERGESORT.java:47)
	at java_programs.MERGESORT.mergesort(MERGESORT.java:47)
	at java_programs.MERGESORT.mergesort(MERGESORT.java:47)
	at java_programs.MERGESORT.mergesort(MERGESORT.java:47)
	at java_programs.MERGESORT.mergesort(MERGESORT.java:47)
	at java_programs.MERGESORT.mergesort(MERGESORT.java:47)
	at java_programs.MERGESORT.mergesort(MERGESORT.java:47)
	at java_programs.MERGESORT.mergesort(MERGESORT.java:47)
	at java_programs.MERGESORT.mergesort(MERGESORT.java:47)
	at java_programs.MERGESORT.mergesort(MERGESORT.java:47)
	at java_programs.MERGESORT.mergesort(MERGESORT.java:47)
	at java_programs.MERGESORT.mergesort(MERGESORT.java:47)
	at java_programs.MERGESORT.mergesort(MERGESORT.java:47)
	at java_programs.MERGESORT.mergesort(MERGESORT.java:47)
	at java_programs.MERGESORT.mergesort(MERGESORT.java:47)
	at java_programs.MERGESORT.mergesort(MERGESORT.java:47)
	at java_programs.MERGESORT.mergesort(MERGESORT.java:47)
	at java_programs.MERGESORT.mergesort(MERGESORT.java:47)
	at java_programs.MERGESORT.mergesort(MERGESORT.java:47)
	at java_programs.MERGESORT.mergesort(MERGESORT.java:47)
	at java_programs.MERGESORT.mergesort(MERGESORT.java:47)
	at java_programs.MERGESORT.mergesort(MERGESORT.java:47)
	at java_programs.MERGESORT.mergesort(MERGESORT.java:47)
	at java_programs.MERGESORT.mergesort(MERGESORT.java:47)
	at java_programs.MERGESORT.mergesort(MERGESORT.java:47)
	at java_programs.MERGESORT.mergesort(MERGESORT.java:47)
	at java_programs.MERGESORT.mergesort(MERGESORT.java:47)
	at java_programs.MERGESORT.mergesort(MERGESORT.java:47)
	at java_programs.MERGESORT.mergesort(MERGESORT.java:47)
	at java_programs.MERGESORT.mergesort(MERGESORT.java:47)
	at java_programs.MERGESORT.mergesort(MERGESORT.java:47)
	at java_programs.MERGESORT.mergesort(MERGESORT.java:47)
	at java_programs.MERGESORT.mergesort(MERGESORT.java:47)
	at java_programs.MERGESORT.mergesort(MERGESORT.java:47)
	at java_programs.MERGESORT.mergesort(MERGESORT.java:47)
	at java_programs.MERGESORT.mergesort(MERGESORT.java:47)
	at java_programs.MERGESORT.mergesort(MERGESORT.java:47)
	at java_programs.MERGESORT.mergesort(MERGESORT.java:47)
	at java_programs.MERGESORT.mergesort(MERGESORT.java:47)
	at java_programs.MERGESORT.mergesort(MERGESORT.java:47)
	at java_programs.MERGESORT.mergesort(MERGESORT.java:47)
	at java_programs.MERGESORT.mergesort(MERGESORT.java:47)
	at java_programs.MERGESORT.mergesort(MERGESORT.java:47)
	at java_programs.MERGESORT.mergesort(MERGESORT.java:47)
	at java_programs.MERGESORT.mergesort(MERGESORT.java:47)
	at java_programs.MERGESORT.mergesort(MERGESORT.java:47)
	at java_programs.MERGESORT.mergesort(MERGESORT.java:47)
	at java_programs.MERGESORT.mergesort(MERGESORT.java:47)
	at java_programs.MERGESORT.mergesort(MERGESORT.java:47)
	at java_programs.MERGESORT.mergesort(MERGESORT.java:47)
	at java_programs.MERGESORT.mergesort(MERGESORT.java:47)
	at java_programs.MERGESORT.mergesort(MERGESORT.java:47)
	at java_programs.MERGESORT.mergesort(MERGESORT.java:47)
	at java_programs.MERGESORT.mergesort(MERGESORT.java:47)
	at java_programs.MERGESORT.mergesort(MERGESORT.java:47)
	at java_programs.MERGESORT.mergesort(MERGESORT.java:47)
	at java_programs.MERGESORT.mergesort(MERGESORT.java:47)
	at java_programs.MERGESORT.mergesort(MERGESORT.java:47)
	at java_programs.MERGESORT.mergesort(MERGESORT.java:47)
	at java_programs.MERGESORT.mergesort(MERGESORT.java:47)
	at java_programs.MERGESORT.mergesort(MERGESORT.java:47)
	at java_programs.MERGESORT.mergesort(MERGESORT.java:47)
	at java_programs.MERGESORT.mergesort(MERGESORT.java:47)
	at java_programs.MERGESORT.mergesort(MERGESORT.java:47)
	at java_programs.MERGESORT.mergesort(MERGESORT.java:47)
	at java_programs.MERGESORT.mergesort(MERGESORT.java:47)
	at java_programs.MERGESORT.mergesort(MERGESORT.java:47)
	at java_programs.MERGESORT.mergesort(MERGESORT.java:47)
	at java_programs.MERGESORT.mergesort(MERGESORT.java:47)
	at java_programs.MERGESORT.mergesort(MERGESORT.java:47)
	at java_programs.MERGESORT.mergesort(MERGESORT.java:47)
	at java_programs.MERGESORT.mergesort(MERGESORT.java:47)
	at java_programs.MERGESORT.mergesort(MERGESORT.java:47)
	at java_programs.MERGESORT.mergesort(MERGESORT.java:47)
	at java_programs.MERGESORT.mergesort(MERGESORT.java:47)
	at java_programs.MERGESORT.mergesort(MERGESORT.java:47)
	at java_programs.MERGESORT.mergesort(MERGESORT.java:47)
	at java_programs.MERGESORT.mergesort(MERGESORT.java:47)
	at java_programs.MERGESORT.mergesort(MERGESORT.java:47)
	at java_programs.MERGESORT.mergesort(MERGESORT.java:47)
	at java_programs.MERGESORT.mergesort(MERGESORT.java:47)
	at java_programs.MERGESORT.mergesort(MERGESORT.java:47)
	at java_programs.MERGESORT.mergesort(MERGESORT.java:47)
	at java_programs.MERGESORT.mergesort(MERGESORT.java:47)
	at java_programs.MERGESORT.mergesort(MERGESORT.java:47)
	at java_programs.MERGESORT.mergesort(MERGESORT.java:47)
	at java_programs.MERGESORT.mergesort(MERGESORT.java:47)
	at java_programs.MERGESORT.mergesort(MERGESORT.java:47)
	at java_programs.MERGESORT.mergesort(MERGESORT.java:47)
	at java_programs.MERGESORT.mergesort(MERGESORT.java:47)
	at java_programs.MERGESORT.mergesort(MERGESORT.java:47)
	at java_programs.MERGESORT.mergesort(MERGESORT.java:47)
	at java_programs.MERGESORT.mergesort(MERGESORT.java:47)
	at java_programs.MERGESORT.mergesort(MERGESORT.java:47)
	at java_programs.MERGESORT.mergesort(MERGESORT.java:47)
	at java_programs.MERGESORT.mergesort(MERGESORT.java:47)
	at java_programs.MERGESORT.mergesort(MERGESORT.java:47)
	at java_programs.MERGESORT.mergesort(MERGESORT.java:47)
	at java_programs.MERGESORT.mergesort(MERGESORT.java:47)
	at java_programs.MERGESORT.mergesort(MERGESORT.java:47)
	at java_programs.MERGESORT.mergesort(MERGESORT.java:47)
	at java_programs.MERGESORT.mergesort(MERGESORT.java:47)
	at java_programs.MERGESORT.mergesort(MERGESORT.java:47)
	at java_programs.MERGESORT.mergesort(MERGESORT.java:47)
	at java_programs.MERGESORT.mergesort(MERGESORT.java:47)
	at java_programs.MERGESORT.mergesort(MERGESORT.java:47)
	at java_programs.MERGESORT.mergesort(MERGESORT.java:47)
	at java_programs.MERGESORT.mergesort(MERGESORT.java:47)
	at java_programs.MERGESORT.mergesort(MERGESORT.java:47)
	at java_programs.MERGESORT.mergesort(MERGESORT.java:47)
	at java_programs.MERGESORT.mergesort(MERGESORT.java:47)
	at java_programs.MERGESORT.mergesort(MERGESORT.java:47)
	at java_programs.MERGESORT.mergesort(MERGESORT.java:47)
	at java_programs.MERGESORT.mergesort(MERGESORT.java:47)
	at java_programs.MERGESORT.mergesort(MERGESORT.java:47)
	at java_programs.MERGESORT.mergesort(MERGESORT.java:47)
	at java_programs.MERGESORT.mergesort(MERGESORT.java:47)
	at java_programs.MERGESORT.mergesort(MERGESORT.java:47)
	at java_programs.MERGESORT.mergesort(MERGESORT.java:47)
	at java_programs.MERGESORT.mergesort(MERGESORT.java:47)
	at java_programs.MERGESORT.mergesort(MERGESORT.java:47)
	at java_programs.MERGESORT.mergesort(MERGESORT.java:47)
	at java_programs.MERGESORT.mergesort(MERGESORT.java:47)
	at java_programs.MERGESORT.mergesort(MERGESORT.java:47)
	at java_programs.MERGESORT.mergesort(MERGESORT.java:47)
	at java_programs.MERGESORT.mergesort(MERGESORT.java:47)
	at java_programs.MERGESORT.mergesort(MERGESORT.java:47)
	at java_programs.MERGESORT.mergesort(MERGESORT.java:47)
	at java_programs.MERGESORT.mergesort(MERGESORT.java:47)
	at java_programs.MERGESORT.mergesort(MERGESORT.java:47)
	at java_programs.MERGESORT.mergesort(MERGESORT.java:47)
	at java_programs.MERGESORT.mergesort(MERGESORT.java:47)
	at java_programs.MERGESORT.mergesort(MERGESORT.java:47)
	at java_programs.MERGESORT.mergesort(MERGESORT.java:47)
	at java_programs.MERGESORT.mergesort(MERGESORT.java:47)
	at java_programs.MERGESORT.mergesort(MERGESORT.java:47)
	at java_programs.MERGESORT.mergesort(MERGESORT.java:47)
	at java_programs.MERGESORT.mergesort(MERGESORT.java:47)
	at java_programs.MERGESORT.mergesort(MERGESORT.java:47)
	at java_programs.MERGESORT.mergesort(MERGESORT.java:47)
	at java_programs.MERGESORT.mergesort(MERGESORT.java:47)
	at java_programs.MERGESORT.mergesort(MERGESORT.java:47)
	at java_programs.MERGESORT.mergesort(MERGESORT.java:47)
	at java_programs.MERGESORT.mergesort(MERGESORT.java:47)
	at java_programs.MERGESORT.mergesort(MERGESORT.java:47)
	at java_programs.MERGESORT.mergesort(MERGESORT.java:47)
	at java_programs.MERGESORT.mergesort(MERGESORT.java:47)
	at java_programs.MERGESORT.mergesort(MERGESORT.java:47)
	at java_programs.MERGESORT.mergesort(MERGESORT.java:47)
	at java_programs.MERGESORT.mergesort(MERGESORT.java:47)
	at java_programs.MERGESORT.mergesort(MERGESORT.java:47)
	at java_programs.MERGESORT.mergesort(MERGESORT.java:47)
	at java_programs.MERGESORT.mergesort(MERGESORT.java:47)
	at java_programs.MERGESORT.mergesort(MERGESORT.java:47)
	at java_programs.MERGESORT.mergesort(MERGESORT.java:47)
	at java_programs.MERGESORT.mergesort(MERGESORT.java:47)
	at java_programs.MERGESORT.mergesort(MERGESORT.java:47)
	at java_programs.MERGESORT.mergesort(MERGESORT.java:47)
	at java_programs.MERGESORT.mergesort(MERGESORT.java:47)
	at java_programs.MERGESORT.mergesort(MERGESORT.java:47)
	at java_programs.MERGESORT.mergesort(MERGESORT.java:47)
	at java_programs.MERGESORT.mergesort(MERGESORT.java:47)
	at java_programs.MERGESORT.mergesort(MERGESORT.java:47)
	at java_programs.MERGESORT.mergesort(MERGESORT.java:47)
	at java_programs.MERGESORT.mergesort(MERGESORT.java:47)
	at java_programs.MERGESORT.mergesort(MERGESORT.java:47)
	at java_programs.MERGESORT.mergesort(MERGESORT.java:47)
	at java_programs.MERGESORT.mergesort(MERGESORT.java:47)
	at java_programs.MERGESORT.mergesort(MERGESORT.java:47)
	at java_programs.MERGESORT.mergesort(MERGESORT.java:47)
	at java_programs.MERGESORT.mergesort(MERGESORT.java:47)
	at java_programs.MERGESORT.mergesort(MERGESORT.java:47)
	at java_programs.MERGESORT.mergesort(MERGESORT.java:47)
	at java_programs.MERGESORT.mergesort(MERGESORT.java:47)
	at java_programs.MERGESORT.mergesort(MERGESORT.java:47)
	at java_programs.MERGESORT.mergesort(MERGESORT.java:47)
	at java_programs.MERGESORT.mergesort(MERGESORT.java:47)
	at java_programs.MERGESORT.mergesort(MERGESORT.java:47)
	at java_programs.MERGESORT.mergesort(MERGESORT.java:47)
	at java_programs.MERGESORT.mergesort(MERGESORT.java:47)
	at java_programs.MERGESORT.mergesort(MERGESORT.java:47)
	at java_programs.MERGESORT.mergesort(MERGESORT.java:47)
	at java_programs.MERGESORT.mergesort(MERGESORT.java:47)
	at java_programs.MERGESORT.mergesort(MERGESORT.java:47)
	at java_programs.MERGESORT.mergesort(MERGESORT.java:47)
	at java_programs.MERGESORT.mergesort(MERGESORT.java:47)
	at java_programs.MERGESORT.mergesort(MERGESORT.java:47)
	at java_programs.MERGESORT.mergesort(MERGESORT.java:47)
	at java_programs.MERGESORT.mergesort(MERGESORT.java:47)
	at java_programs.MERGESORT.mergesort(MERGESORT.java:47)
	at java_programs.MERGESORT.mergesort(MERGESORT.java:47)
	at java_programs.MERGESORT.mergesort(MERGESORT.java:47)
	at java_programs.MERGESORT.mergesort(MERGESORT.java:47)
	at java_programs.MERGESORT.mergesort(MERGESORT.java:47)
	at java_programs.MERGESORT.mergesort(MERGESORT.java:47)
	at java_programs.MERGESORT.mergesort(MERGESORT.java:47)
	at java_programs.MERGESORT.mergesort(MERGESORT.java:47)
	at java_programs.MERGESORT.mergesort(MERGESORT.java:47)
	at java_programs.MERGESORT.mergesort(MERGESORT.java:47)
	at java_programs.MERGESORT.mergesort(MERGESORT.java:47)
	at java_programs.MERGESORT.mergesort(MERGESORT.java:47)
	at java_programs.MERGESORT.mergesort(MERGESORT.java:47)
	at java_programs.MERGESORT.mergesort(MERGESORT.java:47)
	at java_programs.MERGESORT.mergesort(MERGESORT.java:47)
	at java_programs.MERGESORT.mergesort(MERGESORT.java:47)
	at java_programs.MERGESORT.mergesort(MERGESORT.java:47)
	at java_programs.MERGESORT.mergesort(MERGESORT.java:47)
	at java_programs.MERGESORT.mergesort(MERGESORT.java:47)
	at java_programs.MERGESORT.mergesort(MERGESORT.java:47)
	at java_programs.MERGESORT.mergesort(MERGESORT.java:47)
	at java_programs.MERGESORT.mergesort(MERGESORT.java:47)
	at java_programs.MERGESORT.mergesort(MERGESORT.java:47)
	at java_programs.MERGESORT.mergesort(MERGESORT.java:47)
	at java_programs.MERGESORT.mergesort(MERGESORT.java:47)
	at java_programs.MERGESORT.mergesort(MERGESORT.java:47)
	at java_programs.MERGESORT.mergesort(MERGESORT.java:47)
	at java_programs.MERGESORT.mergesort(MERGESORT.java:47)
	at java_programs.MERGESORT.mergesort(MERGESORT.java:47)
	at java_programs.MERGESORT.mergesort(MERGESORT.java:47)
	at java_programs.MERGESORT.mergesort(MERGESORT.java:47)
	at java_programs.MERGESORT.mergesort(MERGESORT.java:47)
	at java_programs.MERGESORT.mergesort(MERGESORT.java:47)
	at java_programs.MERGESORT.mergesort(MERGESORT.java:47)
	at java_programs.MERGESORT.mergesort(MERGESORT.java:47)
	at java_programs.MERGESORT.mergesort(MERGESORT.java:47)
	at java_programs.MERGESORT.mergesort(MERGESORT.java:47)
	at java_programs.MERGESORT.mergesort(MERGESORT.java:47)
	at java_programs.MERGESORT.mergesort(MERGESORT.java:47)
	at java_programs.MERGESORT.mergesort(MERGESORT.java:47)
	at java_programs.MERGESORT.mergesort(MERGESORT.java:47)
	at java_programs.MERGESORT.mergesort(MERGESORT.java:47)
	at java_programs.MERGESORT.mergesort(MERGESORT.java:47)
	at java_programs.MERGESORT.mergesort(MERGESORT.java:47)
	at java_programs.MERGESORT.mergesort(MERGESORT.java:47)
	at java_programs.MERGESORT.mergesort(MERGESORT.java:47)
	at java_programs.MERGESORT.mergesort(MERGESORT.java:47)
	at java_programs.MERGESORT.mergesort(MERGESORT.java:47)
	at java_programs.MERGESORT.mergesort(MERGESORT.java:47)
	at java_programs.MERGESORT.mergesort(MERGESORT.java:47)
	at java_programs.MERGESORT.mergesort(MERGESORT.java:47)
	at java_programs.MERGESORT.mergesort(MERGESORT.java:47)
	at java_programs.MERGESORT.mergesort(MERGESORT.java:47)
	at java_programs.MERGESORT.mergesort(MERGESORT.java:47)
	at java_programs.MERGESORT.mergesort(MERGESORT.java:47)
	at java_programs.MERGESORT.mergesort(MERGESORT.java:47)
	at java_programs.MERGESORT.mergesort(MERGESORT.java:47)
	at java_programs.MERGESORT.mergesort(MERGESORT.java:47)
	at java_programs.MERGESORT.mergesort(MERGESORT.java:47)
	at java_programs.MERGESORT.mergesort(MERGESORT.java:47)
	at java_programs.MERGESORT.mergesort(MERGESORT.java:47)
	at java_programs.MERGESORT.mergesort(MERGESORT.java:47)
	at java_programs.MERGESORT.mergesort(MERGESORT.java:47)
	at java_programs.MERGESORT.mergesort(MERGESORT.java:47)
	at java_programs.MERGESORT.mergesort(MERGESORT.java:47)
	at java_programs.MERGESORT.mergesort(MERGESORT.java:47)
	at java_programs.MERGESORT.mergesort(MERGESORT.java:47)
	at java_programs.MERGESORT.mergesort(MERGESORT.java:47)
	at java_programs.MERGESORT.mergesort(MERGESORT.java:47)
	at java_programs.MERGESORT.mergesort(MERGESORT.java:47)
	at java_programs.MERGESORT.mergesort(MERGESORT.java:47)
	at java_programs.MERGESORT.mergesort(MERGESORT.java:47)
	at java_programs.MERGESORT.mergesort(MERGESORT.java:47)
	at java_programs.MERGESORT.mergesort(MERGESORT.java:47)
	at java_programs.MERGESORT.mergesort(MERGESORT.java:47)
	at java_programs.MERGESORT.mergesort(MERGESORT.java:47)
	at java_programs.MERGESORT.mergesort(MERGESORT.java:47)
	at java_programs.MERGESORT.mergesort(MERGESORT.java:47)
	at java_programs.MERGESORT.mergesort(MERGESORT.java:47)
	at java_programs.MERGESORT.mergesort(MERGESORT.java:47)
	at java_programs.MERGESORT.mergesort(MERGESORT.java:47)
	at java_programs.MERGESORT.mergesort(MERGESORT.java:47)
	at java_programs.MERGESORT.mergesort(MERGESORT.java:47)
	at java_programs.MERGESORT.mergesort(MERGESORT.java:47)
	at java_programs.MERGESORT.mergesort(MERGESORT.java:47)
	at java_programs.MERGESORT.mergesort(MERGESORT.java:47)
	at java_programs.MERGESORT.mergesort(MERGESORT.java:47)
	at java_programs.MERGESORT.mergesort(MERGESORT.java:47)
	at java_programs.MERGESORT.mergesort(MERGESORT.java:47)
	at java_programs.MERGESORT.mergesort(MERGESORT.java:47)
	at java_programs.MERGESORT.mergesort(MERGESORT.java:47)
	at java_programs.MERGESORT.mergesort(MERGESORT.java:47)
	at java_programs.MERGESORT.mergesort(MERGESORT.java:47)
	at java_programs.MERGESORT.mergesort(MERGESORT.java:47)
	at java_programs.MERGESORT.mergesort(MERGESORT.java:47)
	at java_programs.MERGESORT.mergesort(MERGESORT.java:47)
	at java_programs.MERGESORT.mergesort(MERGESORT.java:47)
	at java_programs.MERGESORT.mergesort(MERGESORT.java:47)
	at java_programs.MERGESORT.mergesort(MERGESORT.java:47)
	at java_programs.MERGESORT.mergesort(MERGESORT.java:47)
	at java_programs.MERGESORT.mergesort(MERGESORT.java:47)
	at java_programs.MERGESORT.mergesort(MERGESORT.java:47)
	at java_programs.MERGESORT.mergesort(MERGESORT.java:47)
	at java_programs.MERGESORT.mergesort(MERGESORT.java:47)
	at java_programs.MERGESORT.mergesort(MERGESORT.java:47)
	at java_programs.MERGESORT.mergesort(MERGESORT.java:47)
	at java_programs.MERGESORT.mergesort(MERGESORT.java:47)
	at java_programs.MERGESORT.mergesort(MERGESORT.java:47)
	at java_programs.MERGESORT.mergesort(MERGESORT.java:47)
	at java_programs.MERGESORT.mergesort(MERGESORT.java:47)
	at java_programs.MERGESORT.mergesort(MERGESORT.java:47)
	at java_programs.MERGESORT.mergesort(MERGESORT.java:47)
	at java_programs.MERGESORT.mergesort(MERGESORT.java:47)
	at java_programs.MERGESORT.mergesort(MERGESORT.java:47)
	at java_programs.MERGESORT.mergesort(MERGESORT.java:47)
	at java_programs.MERGESORT.mergesort(MERGESORT.java:47)
	at java_programs.MERGESORT.mergesort(MERGESORT.java:47)
	at java_programs.MERGESORT.mergesort(MERGESORT.java:47)
	at java_programs.MERGESORT.mergesort(MERGESORT.java:47)
	at java_programs.MERGESORT.mergesort(MERGESORT.java:47)
	at java_programs.MERGESORT.mergesort(MERGESORT.java:47)
	at java_programs.MERGESORT.mergesort(MERGESORT.java:47)
	at java_programs.MERGESORT.mergesort(MERGESORT.java:47)
	at java_programs.MERGESORT.mergesort(MERGESORT.java:47)
	at java_programs.MERGESORT.mergesort(MERGESORT.java:47)
	at java_programs.MERGESORT.mergesort(MERGESORT.java:47)
	at java_programs.MERGESORT.mergesort(MERGESORT.java:47)
	at java_programs.MERGESORT.mergesort(MERGESORT.java:47)
	at java_programs.MERGESORT.mergesort(MERGESORT.java:47)
	at java_programs.MERGESORT.mergesort(MERGESORT.java:47)
	at java_programs.MERGESORT.mergesort(MERGESORT.java:47)
	at java_programs.MERGESORT.mergesort(MERGESORT.java:47)
	at java_programs.MERGESORT.mergesort(MERGESORT.java:47)
	at java_programs.MERGESORT.mergesort(MERGESORT.java:47)
	at java_programs.MERGESORT.mergesort(MERGESORT.java:47)
	at java_programs.MERGESORT.mergesort(MERGESORT.java:47)
	at java_programs.MERGESORT.mergesort(MERGESORT.java:47)
	at java_programs.MERGESORT.mergesort(MERGESORT.java:47)
	at java_programs.MERGESORT.mergesort(MERGESORT.java:47)
	at java_programs.MERGESORT.mergesort(MERGESORT.java:47)
	at java_programs.MERGESORT.mergesort(MERGESORT.java:47)
	at java_programs.MERGESORT.mergesort(MERGESORT.java:47)
	at java_programs.MERGESORT.mergesort(MERGESORT.java:47)
	at java_programs.MERGESORT.mergesort(MERGESORT.java:47)
	at java_programs.MERGESORT.mergesort(MERGESORT.java:47)
	at java_programs.MERGESORT.mergesort(MERGESORT.java:47)
	at java_programs.MERGESORT.mergesort(MERGESORT.java:47)
	at java_programs.MERGESORT.mergesort(MERGESORT.java:47)
	at java_programs.MERGESORT.mergesort(MERGESORT.java:47)
	at java_programs.MERGESORT.mergesort(MERGESORT.java:47)
	at java_programs.MERGESORT.mergesort(MERGESORT.java:47)
	at java_programs.MERGESORT.mergesort(MERGESORT.java:47)
	at java_programs.MERGESORT.mergesort(MERGESORT.java:47)
	at java_programs.MERGESORT.mergesort(MERGESORT.java:47)
	at java_programs.MERGESORT.mergesort(MERGESORT.java:47)
	at java_programs.MERGESORT.mergesort(MERGESORT.java:47)
	at java_programs.MERGESORT.mergesort(MERGESORT.java:47)
	at java_programs.MERGESORT.mergesort(MERGESORT.java:47)
	at java_programs.MERGESORT.mergesort(MERGESORT.java:47)
	at java_programs.MERGESORT.mergesort(MERGESORT.java:47)
	at java_programs.MERGESORT.mergesort(MERGESORT.java:47)
	at java_programs.MERGESORT.mergesort(MERGESORT.java:47)
	at java_programs.MERGESORT.mergesort(MERGESORT.java:47)
	at java_programs.MERGESORT.mergesort(MERGESORT.java:47)
	at java_programs.MERGESORT.mergesort(MERGESORT.java:47)
	at java_programs.MERGESORT.mergesort(MERGESORT.java:47)
	at java_programs.MERGESORT.mergesort(MERGESORT.java:47)
	at java_programs.MERGESORT.mergesort(MERGESORT.java:47)
	at java_programs.MERGESORT.mergesort(MERGESORT.java:47)
	at java_programs.MERGESORT.mergesort(MERGESORT.java:47)
	at java_programs.MERGESORT.mergesort(MERGESORT.java:47)
	at java_programs.MERGESORT.mergesort(MERGESORT.java:47)
	at java_programs.MERGESORT.mergesort(MERGESORT.java:47)
	at java_programs.MERGESORT.mergesort(MERGESORT.java:47)
	at java_programs.MERGESORT.mergesort(MERGESORT.java:47)
	at java_programs.MERGESORT.mergesort(MERGESORT.java:47)
	at java_programs.MERGESORT.mergesort(MERGESORT.java:47)
	at java_programs.MERGESORT.mergesort(MERGESORT.java:47)
	at java_programs.MERGESORT.mergesort(MERGESORT.java:47)
	at java_programs.MERGESORT.mergesort(MERGESORT.java:47)
	at java_programs.MERGESORT.mergesort(MERGESORT.java:47)
	at java_programs.MERGESORT.mergesort(MERGESORT.java:47)
	at java_programs.MERGESORT.mergesort(MERGESORT.java:47)
	at java_programs.MERGESORT.mergesort(MERGESORT.java:47)
	at java_programs.MERGESORT.mergesort(MERGESORT.java:47)
	at java_programs.MERGESORT.mergesort(MERGESORT.java:47)
	at java_programs.MERGESORT.mergesort(MERGESORT.java:47)
	at java_programs.MERGESORT.mergesort(MERGESORT.java:47)
	at java_programs.MERGESORT.mergesort(MERGESORT.java:47)
	at java_programs.MERGESORT.mergesort(MERGESORT.java:47)
	at java_programs.MERGESORT.mergesort(MERGESORT.java:47)
	at java_programs.MERGESORT.mergesort(MERGESORT.java:47)
	at java_programs.MERGESORT.mergesort(MERGESORT.java:47)
	at java_programs.MERGESORT.mergesort(MERGESORT.java:47)
	at java_programs.MERGESORT.mergesort(MERGESORT.java:47)
	at java_programs.MERGESORT.mergesort(MERGESORT.java:47)
	at java_programs.MERGESORT.mergesort(MERGESORT.java:47)
	at java_programs.MERGESORT.mergesort(MERGESORT.java:47)
	at java_programs.MERGESORT.mergesort(MERGESORT.java:47)
	at java_programs.MERGESORT.mergesort(MERGESORT.java:47)
	at java_programs.MERGESORT.mergesort(MERGESORT.java:47)
	at java_programs.MERGESORT.mergesort(MERGESORT.java:47)
	at java_programs.MERGESORT.mergesort(MERGESORT.java:47)
	at java_programs.MERGESORT.mergesort(MERGESORT.java:47)
	at java_programs.MERGESORT.mergesort(MERGESORT.java:47)
	at java_programs.MERGESORT.mergesort(MERGESORT.java:47)
	at java_programs.MERGESORT.mergesort(MERGESORT.java:47)
	at java_programs.MERGESORT.mergesort(MERGESORT.java:47)
	at java_programs.MERGESORT.mergesort(MERGESORT.java:47)
	at java_programs.MERGESORT.mergesort(MERGESORT.java:47)
	at java_programs.MERGESORT.mergesort(MERGESORT.java:47)
	at java_programs.MERGESORT.mergesort(MERGESORT.java:47)
	at java_programs.MERGESORT.mergesort(MERGESORT.java:47)
	at java_programs.MERGESORT.mergesort(MERGESORT.java:47)
	at java_programs.MERGESORT.mergesort(MERGESORT.java:47)
	at java_programs.MERGESORT.mergesort(MERGESORT.java:47)
	at java_programs.MERGESORT.mergesort(MERGESORT.java:47)
	at java_programs.MERGESORT.mergesort(MERGESORT.java:47)
	at java_programs.MERGESORT.mergesort(MERGESORT.java:47)
	at java_programs.MERGESORT.mergesort(MERGESORT.java:47)
	at java_programs.MERGESORT.mergesort(MERGESORT.java:47)
	at java_programs.MERGESORT.mergesort(MERGESORT.java:47)
	at java_programs.MERGESORT.mergesort(MERGESORT.java:47)
	at java_programs.MERGESORT.mergesort(MERGESORT.java:47)
	at java_programs.MERGESORT.mergesort(MERGESORT.java:47)
	at java_programs.MERGESORT.mergesort(MERGESORT.java:47)
	at java_programs.MERGESORT.mergesort(MERGESORT.java:47)
	at java_programs.MERGESORT.mergesort(MERGESORT.java:47)
	at java_programs.MERGESORT.mergesort(MERGESORT.java:47)
	at java_programs.MERGESORT.mergesort(MERGESORT.java:47)
	at java_programs.MERGESORT.mergesort(MERGESORT.java:47)
	at java_programs.MERGESORT.mergesort(MERGESORT.java:47)
	at java_programs.MERGESORT.mergesort(MERGESORT.java:47)
	at java_programs.MERGESORT.mergesort(MERGESORT.java:47)
	at java_programs.MERGESORT.mergesort(MERGESORT.java:47)
	at java_programs.MERGESORT.mergesort(MERGESORT.java:47)
	at java_programs.MERGESORT.mergesort(MERGESORT.java:47)
	at java_programs.MERGESORT.mergesort(MERGESORT.java:47)
	at java_programs.MERGESORT.mergesort(MERGESORT.java:47)
	at java_programs.MERGESORT.mergesort(MERGESORT.java:47)
	at java_programs.MERGESORT.mergesort(MERGESORT.java:47)
	at java_programs.MERGESORT.mergesort(MERGESORT.java:47)
	at java_programs.MERGESORT.mergesort(MERGESORT.java:47)
	at java_programs.MERGESORT.mergesort(MERGESORT.java:47)
	at java_programs.MERGESORT.mergesort(MERGESORT.java:47)
	at java_programs.MERGESORT.mergesort(MERGESORT.java:47)
	at java_programs.MERGESORT.mergesort(MERGESORT.java:47)
	at java_programs.MERGESORT.mergesort(MERGESORT.java:47)
	at java_programs.MERGESORT.mergesort(MERGESORT.java:47)
	at java_programs.MERGESORT.mergesort(MERGESORT.java:47)
	at java_programs.MERGESORT.mergesort(MERGESORT.java:47)
	at java_programs.MERGESORT.mergesort(MERGESORT.java:47)
	at java_programs.MERGESORT.mergesort(MERGESORT.java:47)
	at java_programs.MERGESORT.mergesort(MERGESORT.java:47)
	at java_programs.MERGESORT.mergesort(MERGESORT.java:47)
	at java_programs.MERGESORT.mergesort(MERGESORT.java:47)
	at java_programs.MERGESORT.mergesort(MERGESORT.java:47)
	at java_programs.MERGESORT.mergesort(MERGESORT.java:47)
	at java_programs.MERGESORT.mergesort(MERGESORT.java:47)
	at java_programs.MERGESORT.mergesort(MERGESORT.java:47)
	at java_programs.MERGESORT.mergesort(MERGESORT.java:47)
	at java_programs.MERGESORT.mergesort(MERGESORT.java:47)
	at java_programs.MERGESORT.mergesort(MERGESORT.java:47)
	at java_programs.MERGESORT.mergesort(MERGESORT.java:47)
	at java_programs.MERGESORT.mergesort(MERGESORT.java:47)
	at java_programs.MERGESORT.mergesort(MERGESORT.java:47)
	at java_programs.MERGESORT.mergesort(MERGESORT.java:47)
	at java_programs.MERGESORT.mergesort(MERGESORT.java:47)
	at java_programs.MERGESORT.mergesort(MERGESORT.java:47)
	at java_programs.MERGESORT.mergesort(MERGESORT.java:47)
	at java_programs.MERGESORT.mergesort(MERGESORT.java:47)
	at java_programs.MERGESORT.mergesort(MERGESORT.java:47)
	at java_programs.MERGESORT.mergesort(MERGESORT.java:47)
	at java_programs.MERGESORT.mergesort(MERGESORT.java:47)
	at java_programs.MERGESORT.mergesort(MERGESORT.java:47)
	at java_programs.MERGESORT.mergesort(MERGESORT.java:47)
	at java_programs.MERGESORT.mergesort(MERGESORT.java:47)
	at java_programs.MERGESORT.mergesort(MERGESORT.java:47)
	at java_programs.MERGESORT.mergesort(MERGESORT.java:47)
	at java_programs.MERGESORT.mergesort(MERGESORT.java:47)
	at java_programs.MERGESORT.mergesort(MERGESORT.java:47)
	at java_programs.MERGESORT.mergesort(MERGESORT.java:47)
	at java_programs.MERGESORT.mergesort(MERGESORT.java:47)
	at java_programs.MERGESORT.mergesort(MERGESORT.java:47)
	at java_programs.MERGESORT.mergesort(MERGESORT.java:47)
	at java_programs.MERGESORT.mergesort(MERGESORT.java:47)
	at java_programs.MERGESORT.mergesort(MERGESORT.java:47)
	at java_programs.MERGESORT.mergesort(MERGESORT.java:47)
	at java_programs.MERGESORT.mergesort(MERGESORT.java:47)
	at java_programs.MERGESORT.mergesort(MERGESORT.java:47)
	at java_programs.MERGESORT.mergesort(MERGESORT.java:47)
	at java_programs.MERGESORT.mergesort(MERGESORT.java:47)
	at java_programs.MERGESORT.mergesort(MERGESORT.java:47)
	at java_programs.MERGESORT.mergesort(MERGESORT.java:47)
	at java_programs.MERGESORT.mergesort(MERGESORT.java:47)
	at java_programs.MERGESORT.mergesort(MERGESORT.java:47)
	at java_programs.MERGESORT.mergesort(MERGESORT.java:47)
	at java_programs.MERGESORT.mergesort(MERGESORT.java:47)
	at java_programs.MERGESORT.mergesort(MERGESORT.java:47)
	at java_programs.MERGESORT.mergesort(MERGESORT.java:47)
	at java_programs.MERGESORT.mergesort(MERGESORT.java:47)
	at java_programs.MERGESORT.mergesort(MERGESORT.java:47)
	at java_programs.MERGESORT.mergesort(MERGESORT.java:47)
	at java_programs.MERGESORT.mergesort(MERGESORT.java:47)
	at java_programs.MERGESORT.mergesort(MERGESORT.java:47)
	at java_programs.MERGESORT.mergesort(MERGESORT.java:47)
	at java_programs.MERGESORT.mergesort(MERGESORT.java:47)
	at java_programs.MERGESORT.mergesort(MERGESORT.java:47)
	at java_programs.MERGESORT.mergesort(MERGESORT.java:47)
	at java_programs.MERGESORT.mergesort(MERGESORT.java:47)
	at java_programs.MERGESORT.mergesort(MERGESORT.java:47)
	at java_programs.MERGESORT.mergesort(MERGESORT.java:47)
	at java_programs.MERGESORT.mergesort(MERGESORT.java:47)
	at java_programs.MERGESORT.mergesort(MERGESORT.java:47)
	at java_programs.MERGESORT.mergesort(MERGESORT.java:47)
	at java_programs.MERGESORT.mergesort(MERGESORT.java:47)
	at java_programs.MERGESORT.mergesort(MERGESORT.java:47)
	at java_programs.MERGESORT.mergesort(MERGESORT.java:47)
	at java_programs.MERGESORT.mergesort(MERGESORT.java:47)
	at java_programs.MERGESORT.mergesort(MERGESORT.java:47)
	at java_programs.MERGESORT.mergesort(MERGESORT.java:47)
	at java_programs.MERGESORT.mergesort(MERGESORT.java:47)
	at java_programs.MERGESORT.mergesort(MERGESORT.java:47)
	at java_programs.MERGESORT.mergesort(MERGESORT.java:47)
	at java_programs.MERGESORT.mergesort(MERGESORT.java:47)
	at java_programs.MERGESORT.mergesort(MERGESORT.java:47)
	at java_programs.MERGESORT.mergesort(MERGESORT.java:47)
	at java_programs.MERGESORT.mergesort(MERGESORT.java:47)
	at java_programs.MERGESORT.mergesort(MERGESORT.java:47)
	at java_programs.MERGESORT.mergesort(MERGESORT.java:47)
	at java_programs.MERGESORT.mergesort(MERGESORT.java:47)
	at java_programs.MERGESORT.mergesort(MERGESORT.java:47)
	at java_programs.MERGESORT.mergesort(MERGESORT.java:47)
	at java_programs.MERGESORT.mergesort(MERGESORT.java:47)
	at java_programs.MERGESORT.mergesort(MERGESORT.java:47)
	at java_programs.MERGESORT.mergesort(MERGESORT.java:47)
	at java_programs.MERGESORT.mergesort(MERGESORT.java:47)
	at java_programs.MERGESORT.mergesort(MERGESORT.java:47)
	at java_programs.MERGESORT.mergesort(MERGESORT.java:47)
	at java_programs.MERGESORT.mergesort(MERGESORT.java:47)
	at java_programs.MERGESORT.mergesort(MERGESORT.java:47)
	at java_programs.MERGESORT.mergesort(MERGESORT.java:47)
	at java_programs.MERGESORT.mergesort(MERGESORT.java:47)
	at java_programs.MERGESORT.mergesort(MERGESORT.java:47)
	at java_programs.MERGESORT.mergesort(MERGESORT.java:47)
	at java_programs.MERGESORT.mergesort(MERGESORT.java:47)
	at java_programs.MERGESORT.mergesort(MERGESORT.java:47)
	at java_programs.MERGESORT.mergesort(MERGESORT.java:47)
	at java_programs.MERGESORT.mergesort(MERGESORT.java:47)
	at java_programs.MERGESORT.mergesort(MERGESORT.java:47)
	at java_programs.MERGESORT.mergesort(MERGESORT.java:47)
	at java_programs.MERGESORT.mergesort(MERGESORT.java:47)
	at java_programs.MERGESORT.mergesort(MERGESORT.java:47)
	at java_programs.MERGESORT.mergesort(MERGESORT.java:47)
	at java_programs.MERGESORT.mergesort(MERGESORT.java:47)
	at java_programs.MERGESORT.mergesort(MERGESORT.java:47)
	at java_programs.MERGESORT.mergesort(MERGESORT.java:47)
	at java_programs.MERGESORT.mergesort(MERGESORT.java:47)
	at java_programs.MERGESORT.mergesort(MERGESORT.java:47)
	at java_programs.MERGESORT.mergesort(MERGESORT.java:47)
	at java_programs.MERGESORT.mergesort(MERGESORT.java:47)
	at java_programs.MERGESORT.mergesort(MERGESORT.java:47)
	at java_programs.MERGESORT.mergesort(MERGESORT.java:47)
	at java_programs.MERGESORT.mergesort(MERGESORT.java:47)
	at java_programs.MERGESORT.mergesort(MERGESORT.java:47)
	at java_programs.MERGESORT.mergesort(MERGESORT.java:47)
	at java_programs.MERGESORT.mergesort(MERGESORT.java:47)
	at java_programs.MERGESORT.mergesort(MERGESORT.java:47)
	at java_programs.MERGESORT.mergesort(MERGESORT.java:47)
	at java_programs.MERGESORT.mergesort(MERGESORT.java:47)
	at java_programs.MERGESORT.mergesort(MERGESORT.java:47)
	at java_programs.MERGESORT.mergesort(MERGESORT.java:47)
	at java_programs.MERGESORT.mergesort(MERGESORT.java:47)
	at java_programs.MERGESORT.mergesort(MERGESORT.java:47)
	at java_programs.MERGESORT.mergesort(MERGESORT.java:47)
	at java_programs.MERGESORT.mergesort(MERGESORT.java:47)
	at java_programs.MERGESORT.mergesort(MERGESORT.java:47)
	at java_programs.MERGESORT.mergesort(MERGESORT.java:47)
	at java_programs.MERGESORT.mergesort(MERGESORT.java:47)
	at java_programs.MERGESORT.mergesort(MERGESORT.java:47)
	at java_programs.MERGESORT.mergesort(MERGESORT.java:47)
	at java_programs.MERGESORT.mergesort(MERGESORT.java:47)
	at java_programs.MERGESORT.mergesort(MERGESORT.java:47)
	at java_programs.MERGESORT.mergesort(MERGESORT.java:47)
	at java_programs.MERGESORT.mergesort(MERGESORT.java:47)
	at java_programs.MERGESORT.mergesort(MERGESORT.java:47)
	at java_programs.MERGESORT.mergesort(MERGESORT.java:47)
	at java_programs.MERGESORT.mergesort(MERGESORT.java:47)
	at java_programs.MERGESORT.mergesort(MERGESORT.java:47)
	at java_programs.MERGESORT.mergesort(MERGESORT.java:47)
	at java_programs.MERGESORT.mergesort(MERGESORT.java:47)
	at java_programs.MERGESORT.mergesort(MERGESORT.java:47)
	at java_programs.MERGESORT.mergesort(MERGESORT.java:47)
	at java_programs.MERGESORT.mergesort(MERGESORT.java:47)
	at java_programs.MERGESORT.mergesort(MERGESORT.java:47)
	at java_programs.MERGESORT.mergesort(MERGESORT.java:47)
	at java_programs.MERGESORT.mergesort(MERGESORT.java:47)
	at java_programs.MERGESORT.mergesort(MERGESORT.java:47)
	at java_programs.MERGESORT.mergesort(MERGESORT.java:47)
	at java_programs.MERGESORT.mergesort(MERGESORT.java:47)
	at java_programs.MERGESORT.mergesort(MERGESORT.java:47)
	at java_programs.MERGESORT.mergesort(MERGESORT.java:47)
	at java_programs.MERGESORT.mergesort(MERGESORT.java:47)
	at java_programs.MERGESORT.mergesort(MERGESORT.java:47)
	at java_programs.MERGESORT.mergesort(MERGESORT.java:47)
	at java_programs.MERGESORT.mergesort(MERGESORT.java:47)
	at java_programs.MERGESORT.mergesort(MERGESORT.java:47)
	at java_programs.MERGESORT.mergesort(MERGESORT.java:47)
	at java_programs.MERGESORT.mergesort(MERGESORT.java:47)
	at java_programs.MERGESORT.mergesort(MERGESORT.java:47)
	at java_programs.MERGESORT.mergesort(MERGESORT.java:47)
	at java_programs.MERGESORT.mergesort(MERGESORT.java:47)
	at java_programs.MERGESORT.mergesort(MERGESORT.java:47)
	at java_programs.MERGESORT.mergesort(MERGESORT.java:47)
	at java_programs.MERGESORT.mergesort(MERGESORT.java:47)
	at java_programs.MERGESORT.mergesort(MERGESORT.java:47)
	at java_programs.MERGESORT.mergesort(MERGESORT.java:47)
	at java_programs.MERGESORT.mergesort(MERGESORT.java:47)
	at java_programs.MERGESORT.mergesort(MERGESORT.java:47)
	at java_programs.MERGESORT.mergesort(MERGESORT.java:47)
	at java_programs.MERGESORT.mergesort(MERGESORT.java:47)
	at java_programs.MERGESORT.mergesort(MERGESORT.java:47)
	at java_programs.MERGESORT.mergesort(MERGESORT.java:47)
	at java_programs.MERGESORT.mergesort(MERGESORT.java:47)
	at java_programs.MERGESORT.mergesort(MERGESORT.java:47)
	at java_programs.MERGESORT.mergesort(MERGESORT.java:47)
	at java_programs.MERGESORT.mergesort(MERGESORT.java:47)
	at java_programs.MERGESORT.mergesort(MERGESORT.java:47)
	at java_programs.MERGESORT.mergesort(MERGESORT.java:47)
	at java_programs.MERGESORT.mergesort(MERGESORT.java:47)
	at java_programs.MERGESORT.mergesort(MERGESORT.java:47)
	at java_programs.MERGESORT.mergesort(MERGESORT.java:47)
	at java_programs.MERGESORT.mergesort(MERGESORT.java:47)
	at java_programs.MERGESORT.mergesort(MERGESORT.java:47)
	at java_programs.MERGESORT.mergesort(MERGESORT.java:47)
	at java_programs.MERGESORT.mergesort(MERGESORT.java:47)
	at java_programs.MERGESORT.mergesort(MERGESORT.java:47)
	at java_programs.MERGESORT.mergesort(MERGESORT.java:47)
	at java_programs.MERGESORT.mergesort(MERGESORT.java:47)
	at java_programs.MERGESORT.mergesort(MERGESORT.java:47)
	at java_programs.MERGESORT.mergesort(MERGESORT.java:47)
	at java_programs.MERGESORT.mergesort(MERGESORT.java:47)
	at java_programs.MERGESORT.mergesort(MERGESORT.java:47)
	at java_programs.MERGESORT.mergesort(MERGESORT.java:47)
	at java_programs.MERGESORT.mergesort(MERGESORT.java:47)
	at java_programs.MERGESORT.mergesort(MERGESORT.java:47)
	at java_programs.MERGESORT.mergesort(MERGESORT.java:47)
	at java_programs.MERGESORT.mergesort(MERGESORT.java:47)
	at java_programs.MERGESORT.mergesort(MERGESORT.java:47)
	at java_programs.MERGESORT.mergesort(MERGESORT.java:47)
	at java_programs.MERGESORT.mergesort(MERGESORT.java:47)
	at java_programs.MERGESORT.mergesort(MERGESORT.java:47)
	at java_programs.MERGESORT.mergesort(MERGESORT.java:47)
	at java_programs.MERGESORT.mergesort(MERGESORT.java:47)
	at java_programs.MERGESORT.mergesort(MERGESORT.java:47)
	at java_programs.MERGESORT.mergesort(MERGESORT.java:47)
	at java_programs.MERGESORT.mergesort(MERGESORT.java:47)
	at java_programs.MERGESORT.mergesort(MERGESORT.java:47)
	at java_programs.MERGESORT.mergesort(MERGESORT.java:47)
	at java_programs.MERGESORT.mergesort(MERGESORT.java:47)
	at java_programs.MERGESORT.mergesort(MERGESORT.java:47)
	at java_programs.MERGESORT.mergesort(MERGESORT.java:47)
	at java_programs.MERGESORT.mergesort(MERGESORT.java:47)
	at java_programs.MERGESORT.mergesort(MERGESORT.java:47)
	at java_programs.MERGESORT.mergesort(MERGESORT.java:47)
	at java_programs.MERGESORT.mergesort(MERGESORT.java:47)
	at java_programs.MERGESORT.mergesort(MERGESORT.java:47)
	at java_programs.MERGESORT.mergesort(MERGESORT.java:47)
	at java_programs.MERGESORT.mergesort(MERGESORT.java:47)
	at java_programs.MERGESORT.mergesort(MERGESORT.java:47)
	at java_programs.MERGESORT.mergesort(MERGESORT.java:47)
	at java_programs.MERGESORT.mergesort(MERGESORT.java:47)
	at java_programs.MERGESORT.mergesort(MERGESORT.java:47)
	at java_programs.MERGESORT.mergesort(MERGESORT.java:47)
	at java_programs.MERGESORT.mergesort(MERGESORT.java:47)
	at java_programs.MERGESORT.mergesort(MERGESORT.java:47)
	at java_programs.MERGESORT.mergesort(MERGESORT.java:47)
	at java_programs.MERGESORT.mergesort(MERGESORT.java:47)
	at java_programs.MERGESORT.mergesort(MERGESORT.java:47)
	at java_programs.MERGESORT.mergesort(MERGESORT.java:47)
	at java_programs.MERGESORT.mergesort(MERGESORT.java:47)
	at java_programs.MERGESORT.mergesort(MERGESORT.java:47)
	at java_programs.MERGESORT.mergesort(MERGESORT.java:47)
	at java_programs.MERGESORT.mergesort(MERGESORT.java:47)
	at java_programs.MERGESORT.mergesort(MERGESORT.java:47)
	at java_programs.MERGESORT.mergesort(MERGESORT.java:47)
	at java_programs.MERGESORT.mergesort(MERGESORT.java:47)
	at java_programs.MERGESORT.mergesort(MERGESORT.java:47)
	at java_programs.MERGESORT.mergesort(MERGESORT.java:47)
	at java_programs.MERGESORT.mergesort(MERGESORT.java:47)
	at java_programs.MERGESORT.mergesort(MERGESORT.java:47)
	at java_programs.MERGESORT.mergesort(MERGESORT.java:47)
	at java_programs.MERGESORT.mergesort(MERGESORT.java:47)
	at java_programs.MERGESORT.mergesort(MERGESORT.java:47)
	at java_programs.MERGESORT.mergesort(MERGESORT.java:47)
	at java_programs.MERGESORT.mergesort(MERGESORT.java:47)
	at java_programs.MERGESORT.mergesort(MERGESORT.java:47)
	at java_programs.MERGESORT.mergesort(MERGESORT.java:47)
	at java_programs.MERGESORT.mergesort(MERGESORT.java:47)
	at java_programs.MERGESORT.mergesort(MERGESORT.java:47)
	at java_programs.MERGESORT.mergesort(MERGESORT.java:47)
	at java_programs.MERGESORT.mergesort(MERGESORT.java:47)
	at java_programs.MERGESORT.mergesort(MERGESORT.java:47)
	at java_programs.MERGESORT.mergesort(MERGESORT.java:47)
	at java_programs.MERGESORT.mergesort(MERGESORT.java:47)
	at java_programs.MERGESORT.mergesort(MERGESORT.java:47)
	at java_programs.MERGESORT.mergesort(MERGESORT.java:47)
	at java_programs.MERGESORT.mergesort(MERGESORT.java:47)
	at java_programs.MERGESORT.mergesort(MERGESORT.java:47)
	at java_programs.MERGESORT.mergesort(MERGESORT.java:47)
	at java_programs.MERGESORT.mergesort(MERGESORT.java:47)
	at java_programs.MERGESORT.mergesort(MERGESORT.java:47)
	at java_programs.MERGESORT.mergesort(MERGESORT.java:47)
	at java_programs.MERGESORT.mergesort(MERGESORT.java:47)
	at java_programs.MERGESORT.mergesort(MERGESORT.java:47)
	at java_programs.MERGESORT.mergesort(MERGESORT.java:47)
	at java_programs.MERGESORT.mergesort(MERGESORT.java:47)
	at java_programs.MERGESORT.mergesort(MERGESORT.java:47)
	at java_programs.MERGESORT.mergesort(MERGESORT.java:47)
	at java_programs.MERGESORT.mergesort(MERGESORT.java:47)
	at java_programs.MERGESORT.mergesort(MERGESORT.java:47)
	at java_programs.MERGESORT.mergesort(MERGESORT.java:47)
	at java_programs.MERGESORT.mergesort(MERGESORT.java:47)
	at java_programs.MERGESORT.mergesort(MERGESORT.java:47)
	at java_programs.MERGESORT.mergesort(MERGESORT.java:47)
	at java_programs.MERGESORT.mergesort(MERGESORT.java:47)
	at java_programs.MERGESORT.mergesort(MERGESORT.java:47)
	at java_programs.MERGESORT.mergesort(MERGESORT.java:47)
	at java_programs.MERGESORT.mergesort(MERGESORT.java:47)
	at java_programs.MERGESORT.mergesort(MERGESORT.java:47)
	at java_programs.MERGESORT.mergesort(MERGESORT.java:47)
	at java_programs.MERGESORT.mergesort(MERGESORT.java:47)
	at java_programs.MERGESORT.mergesort(MERGESORT.java:47)
	at java_programs.MERGESORT.mergesort(MERGESORT.java:47)
</failure>
  </testcase>
  <testcase name="test_8()" classname="test.java.MERGESORT_TEST" time="0.004">
    <failure message="java.lang.StackOverflowError" type="java.lang.StackOverflowError">java.lang.StackOverflowError
	at java.base/java.util.ArrayList.addAll(ArrayList.java:670)
	at java_programs.MERGESORT.mergesort(MERGESORT.java:43)
	at java_programs.MERGESORT.mergesort(MERGESORT.java:47)
	at java_programs.MERGESORT.mergesort(MERGESORT.java:47)
	at java_programs.MERGESORT.mergesort(MERGESORT.java:47)
	at java_programs.MERGESORT.mergesort(MERGESORT.java:47)
	at java_programs.MERGESORT.mergesort(MERGESORT.java:47)
	at java_programs.MERGESORT.mergesort(MERGESORT.java:47)
	at java_programs.MERGESORT.mergesort(MERGESORT.java:47)
	at java_programs.MERGESORT.mergesort(MERGESORT.java:47)
	at java_programs.MERGESORT.mergesort(MERGESORT.java:47)
	at java_programs.MERGESORT.mergesort(MERGESORT.java:47)
	at java_programs.MERGESORT.mergesort(MERGESORT.java:47)
	at java_programs.MERGESORT.mergesort(MERGESORT.java:47)
	at java_programs.MERGESORT.mergesort(MERGESORT.java:47)
	at java_programs.MERGESORT.mergesort(MERGESORT.java:47)
	at java_programs.MERGESORT.mergesort(MERGESORT.java:47)
	at java_programs.MERGESORT.mergesort(MERGESORT.java:47)
	at java_programs.MERGESORT.mergesort(MERGESORT.java:47)
	at java_programs.MERGESORT.mergesort(MERGESORT.java:47)
	at java_programs.MERGESORT.mergesort(MERGESORT.java:47)
	at java_programs.MERGESORT.mergesort(MERGESORT.java:47)
	at java_programs.MERGESORT.mergesort(MERGESORT.java:47)
	at java_programs.MERGESORT.mergesort(MERGESORT.java:47)
	at java_programs.MERGESORT.mergesort(MERGESORT.java:47)
	at java_programs.MERGESORT.mergesort(MERGESORT.java:47)
	at java_programs.MERGESORT.mergesort(MERGESORT.java:47)
	at java_programs.MERGESORT.mergesort(MERGESORT.java:47)
	at java_programs.MERGESORT.mergesort(MERGESORT.java:47)
	at java_programs.MERGESORT.mergesort(MERGESORT.java:47)
	at java_programs.MERGESORT.mergesort(MERGESORT.java:47)
	at java_programs.MERGESORT.mergesort(MERGESORT.java:47)
	at java_programs.MERGESORT.mergesort(MERGESORT.java:47)
	at java_programs.MERGESORT.mergesort(MERGESORT.java:47)
	at java_programs.MERGESORT.mergesort(MERGESORT.java:47)
	at java_programs.MERGESORT.mergesort(MERGESORT.java:47)
	at java_programs.MERGESORT.mergesort(MERGESORT.java:47)
	at java_programs.MERGESORT.mergesort(MERGESORT.java:47)
	at java_programs.MERGESORT.mergesort(MERGESORT.java:47)
	at java_programs.MERGESORT.mergesort(MERGESORT.java:47)
	at java_programs.MERGESORT.mergesort(MERGESORT.java:47)
	at java_programs.MERGESORT.mergesort(MERGESORT.java:47)
	at java_programs.MERGESORT.mergesort(MERGESORT.java:47)
	at java_programs.MERGESORT.mergesort(MERGESORT.java:47)
	at java_programs.MERGESORT.mergesort(MERGESORT.java:47)
	at java_programs.MERGESORT.mergesort(MERGESORT.java:47)
	at java_programs.MERGESORT.mergesort(MERGESORT.java:47)
	at java_programs.MERGESORT.mergesort(MERGESORT.java:47)
	at java_programs.MERGESORT.mergesort(MERGESORT.java:47)
	at java_programs.MERGESORT.mergesort(MERGESORT.java:47)
	at java_programs.MERGESORT.mergesort(MERGESORT.java:47)
	at java_programs.MERGESORT.mergesort(MERGESORT.java:47)
	at java_programs.MERGESORT.mergesort(MERGESORT.java:47)
	at java_programs.MERGESORT.mergesort(MERGESORT.java:47)
	at java_programs.MERGESORT.mergesort(MERGESORT.java:47)
	at java_programs.MERGESORT.mergesort(MERGESORT.java:47)
	at java_programs.MERGESORT.mergesort(MERGESORT.java:47)
	at java_programs.MERGESORT.mergesort(MERGESORT.java:47)
	at java_programs.MERGESORT.mergesort(MERGESORT.java:47)
	at java_programs.MERGESORT.mergesort(MERGESORT.java:47)
	at java_programs.MERGESORT.mergesort(MERGESORT.java:47)
	at java_programs.MERGESORT.mergesort(MERGESORT.java:47)
	at java_programs.MERGESORT.mergesort(MERGESORT.java:47)
	at java_programs.MERGESORT.mergesort(MERGESORT.java:47)
	at java_programs.MERGESORT.mergesort(MERGESORT.java:47)
	at java_programs.MERGESORT.mergesort(MERGESORT.java:47)
	at java_programs.MERGESORT.mergesort(MERGESORT.java:47)
	at java_programs.MERGESORT.mergesort(MERGESORT.java:47)
	at java_programs.MERGESORT.mergesort(MERGESORT.java:47)
	at java_programs.MERGESORT.mergesort(MERGESORT.java:47)
	at java_programs.MERGESORT.mergesort(MERGESORT.java:47)
	at java_programs.MERGESORT.mergesort(MERGESORT.java:47)
	at java_programs.MERGESORT.mergesort(MERGESORT.java:47)
	at java_programs.MERGESORT.mergesort(MERGESORT.java:47)
	at java_programs.MERGESORT.mergesort(MERGESORT.java:47)
	at java_programs.MERGESORT.mergesort(MERGESORT.java:47)
	at java_programs.MERGESORT.mergesort(MERGESORT.java:47)
	at java_programs.MERGESORT.mergesort(MERGESORT.java:47)
	at java_programs.MERGESORT.mergesort(MERGESORT.java:47)
	at java_programs.MERGESORT.mergesort(MERGESORT.java:47)
	at java_programs.MERGESORT.mergesort(MERGESORT.java:47)
	at java_programs.MERGESORT.mergesort(MERGESORT.java:47)
	at java_programs.MERGESORT.mergesort(MERGESORT.java:47)
	at java_programs.MERGESORT.mergesort(MERGESORT.java:47)
	at java_programs.MERGESORT.mergesort(MERGESORT.java:47)
	at java_programs.MERGESORT.mergesort(MERGESORT.java:47)
	at java_programs.MERGESORT.mergesort(MERGESORT.java:47)
	at java_programs.MERGESORT.mergesort(MERGESORT.java:47)
	at java_programs.MERGESORT.mergesort(MERGESORT.java:47)
	at java_programs.MERGESORT.mergesort(MERGESORT.java:47)
	at java_programs.MERGESORT.mergesort(MERGESORT.java:47)
	at java_programs.MERGESORT.mergesort(MERGESORT.java:47)
	at java_programs.MERGESORT.mergesort(MERGESORT.java:47)
	at java_programs.MERGESORT.mergesort(MERGESORT.java:47)
	at java_programs.MERGESORT.mergesort(MERGESORT.java:47)
	at java_programs.MERGESORT.mergesort(MERGESORT.java:47)
	at java_programs.MERGESORT.mergesort(MERGESORT.java:47)
	at java_programs.MERGESORT.mergesort(MERGESORT.java:47)
	at java_programs.MERGESORT.mergesort(MERGESORT.java:47)
	at java_programs.MERGESORT.mergesort(MERGESORT.java:47)
	at java_programs.MERGESORT.mergesort(MERGESORT.java:47)
	at java_programs.MERGESORT.mergesort(MERGESORT.java:47)
	at java_programs.MERGESORT.mergesort(MERGESORT.java:47)
	at java_programs.MERGESORT.mergesort(MERGESORT.java:47)
	at java_programs.MERGESORT.mergesort(MERGESORT.java:47)
	at java_programs.MERGESORT.mergesort(MERGESORT.java:47)
	at java_programs.MERGESORT.mergesort(MERGESORT.java:47)
	at java_programs.MERGESORT.mergesort(MERGESORT.java:47)
	at java_programs.MERGESORT.mergesort(MERGESORT.java:47)
	at java_programs.MERGESORT.mergesort(MERGESORT.java:47)
	at java_programs.MERGESORT.mergesort(MERGESORT.java:47)
	at java_programs.MERGESORT.mergesort(MERGESORT.java:47)
	at java_programs.MERGESORT.mergesort(MERGESORT.java:47)
	at java_programs.MERGESORT.mergesort(MERGESORT.java:47)
	at java_programs.MERGESORT.mergesort(MERGESORT.java:47)
	at java_programs.MERGESORT.mergesort(MERGESORT.java:47)
	at java_programs.MERGESORT.mergesort(MERGESORT.java:47)
	at java_programs.MERGESORT.mergesort(MERGESORT.java:47)
	at java_programs.MERGESORT.mergesort(MERGESORT.java:47)
	at java_programs.MERGESORT.mergesort(MERGESORT.java:47)
	at java_programs.MERGESORT.mergesort(MERGESORT.java:47)
	at java_programs.MERGESORT.mergesort(MERGESORT.java:47)
	at java_programs.MERGESORT.mergesort(MERGESORT.java:47)
	at java_programs.MERGESORT.mergesort(MERGESORT.java:47)
	at java_programs.MERGESORT.mergesort(MERGESORT.java:47)
	at java_programs.MERGESORT.mergesort(MERGESORT.java:47)
	at java_programs.MERGESORT.mergesort(MERGESORT.java:47)
	at java_programs.MERGESORT.mergesort(MERGESORT.java:47)
	at java_programs.MERGESORT.mergesort(MERGESORT.java:47)
	at java_programs.MERGESORT.mergesort(MERGESORT.java:47)
	at java_programs.MERGESORT.mergesort(MERGESORT.java:47)
	at java_programs.MERGESORT.mergesort(MERGESORT.java:47)
	at java_programs.MERGESORT.mergesort(MERGESORT.java:47)
	at java_programs.MERGESORT.mergesort(MERGESORT.java:47)
	at java_programs.MERGESORT.mergesort(MERGESORT.java:47)
	at java_programs.MERGESORT.mergesort(MERGESORT.java:47)
	at java_programs.MERGESORT.mergesort(MERGESORT.java:47)
	at java_programs.MERGESORT.mergesort(MERGESORT.java:47)
	at java_programs.MERGESORT.mergesort(MERGESORT.java:47)
	at java_programs.MERGESORT.mergesort(MERGESORT.java:47)
	at java_programs.MERGESORT.mergesort(MERGESORT.java:47)
	at java_programs.MERGESORT.mergesort(MERGESORT.java:47)
	at java_programs.MERGESORT.mergesort(MERGESORT.java:47)
	at java_programs.MERGESORT.mergesort(MERGESORT.java:47)
	at java_programs.MERGESORT.mergesort(MERGESORT.java:47)
	at java_programs.MERGESORT.mergesort(MERGESORT.java:47)
	at java_programs.MERGESORT.mergesort(MERGESORT.java:47)
	at java_programs.MERGESORT.mergesort(MERGESORT.java:47)
	at java_programs.MERGESORT.mergesort(MERGESORT.java:47)
	at java_programs.MERGESORT.mergesort(MERGESORT.java:47)
	at java_programs.MERGESORT.mergesort(MERGESORT.java:47)
	at java_programs.MERGESORT.mergesort(MERGESORT.java:47)
	at java_programs.MERGESORT.mergesort(MERGESORT.java:47)
	at java_programs.MERGESORT.mergesort(MERGESORT.java:47)
	at java_programs.MERGESORT.mergesort(MERGESORT.java:47)
	at java_programs.MERGESORT.mergesort(MERGESORT.java:47)
	at java_programs.MERGESORT.mergesort(MERGESORT.java:47)
	at java_programs.MERGESORT.mergesort(MERGESORT.java:47)
	at java_programs.MERGESORT.mergesort(MERGESORT.java:47)
	at java_programs.MERGESORT.mergesort(MERGESORT.java:47)
	at java_programs.MERGESORT.mergesort(MERGESORT.java:47)
	at java_programs.MERGESORT.mergesort(MERGESORT.java:47)
	at java_programs.MERGESORT.mergesort(MERGESORT.java:47)
	at java_programs.MERGESORT.mergesort(MERGESORT.java:47)
	at java_programs.MERGESORT.mergesort(MERGESORT.java:47)
	at java_programs.MERGESORT.mergesort(MERGESORT.java:47)
	at java_programs.MERGESORT.mergesort(MERGESORT.java:47)
	at java_programs.MERGESORT.mergesort(MERGESORT.java:47)
	at java_programs.MERGESORT.mergesort(MERGESORT.java:47)
	at java_programs.MERGESORT.mergesort(MERGESORT.java:47)
	at java_programs.MERGESORT.mergesort(MERGESORT.java:47)
	at java_programs.MERGESORT.mergesort(MERGESORT.java:47)
	at java_programs.MERGESORT.mergesort(MERGESORT.java:47)
	at java_programs.MERGESORT.mergesort(MERGESORT.java:47)
	at java_programs.MERGESORT.mergesort(MERGESORT.java:47)
	at java_programs.MERGESORT.mergesort(MERGESORT.java:47)
	at java_programs.MERGESORT.mergesort(MERGESORT.java:47)
	at java_programs.MERGESORT.mergesort(MERGESORT.java:47)
	at java_programs.MERGESORT.mergesort(MERGESORT.java:47)
	at java_programs.MERGESORT.mergesort(MERGESORT.java:47)
	at java_programs.MERGESORT.mergesort(MERGESORT.java:47)
	at java_programs.MERGESORT.mergesort(MERGESORT.java:47)
	at java_programs.MERGESORT.mergesort(MERGESORT.java:47)
	at java_programs.MERGESORT.mergesort(MERGESORT.java:47)
	at java_programs.MERGESORT.mergesort(MERGESORT.java:47)
	at java_programs.MERGESORT.mergesort(MERGESORT.java:47)
	at java_programs.MERGESORT.mergesort(MERGESORT.java:47)
	at java_programs.MERGESORT.mergesort(MERGESORT.java:47)
	at java_programs.MERGESORT.mergesort(MERGESORT.java:47)
	at java_programs.MERGESORT.mergesort(MERGESORT.java:47)
	at java_programs.MERGESORT.mergesort(MERGESORT.java:47)
	at java_programs.MERGESORT.mergesort(MERGESORT.java:47)
	at java_programs.MERGESORT.mergesort(MERGESORT.java:47)
	at java_programs.MERGESORT.mergesort(MERGESORT.java:47)
	at java_programs.MERGESORT.mergesort(MERGESORT.java:47)
	at java_programs.MERGESORT.mergesort(MERGESORT.java:47)
	at java_programs.MERGESORT.mergesort(MERGESORT.java:47)
	at java_programs.MERGESORT.mergesort(MERGESORT.java:47)
	at java_programs.MERGESORT.mergesort(MERGESORT.java:47)
	at java_programs.MERGESORT.mergesort(MERGESORT.java:47)
	at java_programs.MERGESORT.mergesort(MERGESORT.java:47)
	at java_programs.MERGESORT.mergesort(MERGESORT.java:47)
	at java_programs.MERGESORT.mergesort(MERGESORT.java:47)
	at java_programs.MERGESORT.mergesort(MERGESORT.java:47)
	at java_programs.MERGESORT.mergesort(MERGESORT.java:47)
	at java_programs.MERGESORT.mergesort(MERGESORT.java:47)
	at java_programs.MERGESORT.mergesort(MERGESORT.java:47)
	at java_programs.MERGESORT.mergesort(MERGESORT.java:47)
	at java_programs.MERGESORT.mergesort(MERGESORT.java:47)
	at java_programs.MERGESORT.mergesort(MERGESORT.java:47)
	at java_programs.MERGESORT.mergesort(MERGESORT.java:47)
	at java_programs.MERGESORT.mergesort(MERGESORT.java:47)
	at java_programs.MERGESORT.mergesort(MERGESORT.java:47)
	at java_programs.MERGESORT.mergesort(MERGESORT.java:47)
	at java_programs.MERGESORT.mergesort(MERGESORT.java:47)
	at java_programs.MERGESORT.mergesort(MERGESORT.java:47)
	at java_programs.MERGESORT.mergesort(MERGESORT.java:47)
	at java_programs.MERGESORT.mergesort(MERGESORT.java:47)
	at java_programs.MERGESORT.mergesort(MERGESORT.java:47)
	at java_programs.MERGESORT.mergesort(MERGESORT.java:47)
	at java_programs.MERGESORT.mergesort(MERGESORT.java:47)
	at java_programs.MERGESORT.mergesort(MERGESORT.java:47)
	at java_programs.MERGESORT.mergesort(MERGESORT.java:47)
	at java_programs.MERGESORT.mergesort(MERGESORT.java:47)
	at java_programs.MERGESORT.mergesort(MERGESORT.java:47)
	at java_programs.MERGESORT.mergesort(MERGESORT.java:47)
	at java_programs.MERGESORT.mergesort(MERGESORT.java:47)
	at java_programs.MERGESORT.mergesort(MERGESORT.java:47)
	at java_programs.MERGESORT.mergesort(MERGESORT.java:47)
	at java_programs.MERGESORT.mergesort(MERGESORT.java:47)
	at java_programs.MERGESORT.mergesort(MERGESORT.java:47)
	at java_programs.MERGESORT.mergesort(MERGESORT.java:47)
	at java_programs.MERGESORT.mergesort(MERGESORT.java:47)
	at java_programs.MERGESORT.mergesort(MERGESORT.java:47)
	at java_programs.MERGESORT.mergesort(MERGESORT.java:47)
	at java_programs.MERGESORT.mergesort(MERGESORT.java:47)
	at java_programs.MERGESORT.mergesort(MERGESORT.java:47)
	at java_programs.MERGESORT.mergesort(MERGESORT.java:47)
	at java_programs.MERGESORT.mergesort(MERGESORT.java:47)
	at java_programs.MERGESORT.mergesort(MERGESORT.java:47)
	at java_programs.MERGESORT.mergesort(MERGESORT.java:47)
	at java_programs.MERGESORT.mergesort(MERGESORT.java:47)
	at java_programs.MERGESORT.mergesort(MERGESORT.java:47)
	at java_programs.MERGESORT.mergesort(MERGESORT.java:47)
	at java_programs.MERGESORT.mergesort(MERGESORT.java:47)
	at java_programs.MERGESORT.mergesort(MERGESORT.java:47)
	at java_programs.MERGESORT.mergesort(MERGESORT.java:47)
	at java_programs.MERGESORT.mergesort(MERGESORT.java:47)
	at java_programs.MERGESORT.mergesort(MERGESORT.java:47)
	at java_programs.MERGESORT.mergesort(MERGESORT.java:47)
	at java_programs.MERGESORT.mergesort(MERGESORT.java:47)
	at java_programs.MERGESORT.mergesort(MERGESORT.java:47)
	at java_programs.MERGESORT.mergesort(MERGESORT.java:47)
	at java_programs.MERGESORT.mergesort(MERGESORT.java:47)
	at java_programs.MERGESORT.mergesort(MERGESORT.java:47)
	at java_programs.MERGESORT.mergesort(MERGESORT.java:47)
	at java_programs.MERGESORT.mergesort(MERGESORT.java:47)
	at java_programs.MERGESORT.mergesort(MERGESORT.java:47)
	at java_programs.MERGESORT.mergesort(MERGESORT.java:47)
	at java_programs.MERGESORT.mergesort(MERGESORT.java:47)
	at java_programs.MERGESORT.mergesort(MERGESORT.java:47)
	at java_programs.MERGESORT.mergesort(MERGESORT.java:47)
	at java_programs.MERGESORT.mergesort(MERGESORT.java:47)
	at java_programs.MERGESORT.mergesort(MERGESORT.java:47)
	at java_programs.MERGESORT.mergesort(MERGESORT.java:47)
	at java_programs.MERGESORT.mergesort(MERGESORT.java:47)
	at java_programs.MERGESORT.mergesort(MERGESORT.java:47)
	at java_programs.MERGESORT.mergesort(MERGESORT.java:47)
	at java_programs.MERGESORT.mergesort(MERGESORT.java:47)
	at java_programs.MERGESORT.mergesort(MERGESORT.java:47)
	at java_programs.MERGESORT.mergesort(MERGESORT.java:47)
	at java_programs.MERGESORT.mergesort(MERGESORT.java:47)
	at java_programs.MERGESORT.mergesort(MERGESORT.java:47)
	at java_programs.MERGESORT.mergesort(MERGESORT.java:47)
	at java_programs.MERGESORT.mergesort(MERGESORT.java:47)
	at java_programs.MERGESORT.mergesort(MERGESORT.java:47)
	at java_programs.MERGESORT.mergesort(MERGESORT.java:47)
	at java_programs.MERGESORT.mergesort(MERGESORT.java:47)
	at java_programs.MERGESORT.mergesort(MERGESORT.java:47)
	at java_programs.MERGESORT.mergesort(MERGESORT.java:47)
	at java_programs.MERGESORT.mergesort(MERGESORT.java:47)
	at java_programs.MERGESORT.mergesort(MERGESORT.java:47)
	at java_programs.MERGESORT.mergesort(MERGESORT.java:47)
	at java_programs.MERGESORT.mergesort(MERGESORT.java:47)
	at java_programs.MERGESORT.mergesort(MERGESORT.java:47)
	at java_programs.MERGESORT.mergesort(MERGESORT.java:47)
	at java_programs.MERGESORT.mergesort(MERGESORT.java:47)
	at java_programs.MERGESORT.mergesort(MERGESORT.java:47)
	at java_programs.MERGESORT.mergesort(MERGESORT.java:47)
	at java_programs.MERGESORT.mergesort(MERGESORT.java:47)
	at java_programs.MERGESORT.mergesort(MERGESORT.java:47)
	at java_programs.MERGESORT.mergesort(MERGESORT.java:47)
	at java_programs.MERGESORT.mergesort(MERGESORT.java:47)
	at java_programs.MERGESORT.mergesort(MERGESORT.java:47)
	at java_programs.MERGESORT.mergesort(MERGESORT.java:47)
	at java_programs.MERGESORT.mergesort(MERGESORT.java:47)
	at java_programs.MERGESORT.mergesort(MERGESORT.java:47)
	at java_programs.MERGESORT.mergesort(MERGESORT.java:47)
	at java_programs.MERGESORT.mergesort(MERGESORT.java:47)
	at java_programs.MERGESORT.mergesort(MERGESORT.java:47)
	at java_programs.MERGESORT.mergesort(MERGESORT.java:47)
	at java_programs.MERGESORT.mergesort(MERGESORT.java:47)
	at java_programs.MERGESORT.mergesort(MERGESORT.java:47)
	at java_programs.MERGESORT.mergesort(MERGESORT.java:47)
	at java_programs.MERGESORT.mergesort(MERGESORT.java:47)
	at java_programs.MERGESORT.mergesort(MERGESORT.java:47)
	at java_programs.MERGESORT.mergesort(MERGESORT.java:47)
	at java_programs.MERGESORT.mergesort(MERGESORT.java:47)
	at java_programs.MERGESORT.mergesort(MERGESORT.java:47)
	at java_programs.MERGESORT.mergesort(MERGESORT.java:47)
	at java_programs.MERGESORT.mergesort(MERGESORT.java:47)
	at java_programs.MERGESORT.mergesort(MERGESORT.java:47)
	at java_programs.MERGESORT.mergesort(MERGESORT.java:47)
	at java_programs.MERGESORT.mergesort(MERGESORT.java:47)
	at java_programs.MERGESORT.mergesort(MERGESORT.java:47)
	at java_programs.MERGESORT.mergesort(MERGESORT.java:47)
	at java_programs.MERGESORT.mergesort(MERGESORT.java:47)
	at java_programs.MERGESORT.mergesort(MERGESORT.java:47)
	at java_programs.MERGESORT.mergesort(MERGESORT.java:47)
	at java_programs.MERGESORT.mergesort(MERGESORT.java:47)
	at java_programs.MERGESORT.mergesort(MERGESORT.java:47)
	at java_programs.MERGESORT.mergesort(MERGESORT.java:47)
	at java_programs.MERGESORT.mergesort(MERGESORT.java:47)
	at java_programs.MERGESORT.mergesort(MERGESORT.java:47)
	at java_programs.MERGESORT.mergesort(MERGESORT.java:47)
	at java_programs.MERGESORT.mergesort(MERGESORT.java:47)
	at java_programs.MERGESORT.mergesort(MERGESORT.java:47)
	at java_programs.MERGESORT.mergesort(MERGESORT.java:47)
	at java_programs.MERGESORT.mergesort(MERGESORT.java:47)
	at java_programs.MERGESORT.mergesort(MERGESORT.java:47)
	at java_programs.MERGESORT.mergesort(MERGESORT.java:47)
	at java_programs.MERGESORT.mergesort(MERGESORT.java:47)
	at java_programs.MERGESORT.mergesort(MERGESORT.java:47)
	at java_programs.MERGESORT.mergesort(MERGESORT.java:47)
	at java_programs.MERGESORT.mergesort(MERGESORT.java:47)
	at java_programs.MERGESORT.mergesort(MERGESORT.java:47)
	at java_programs.MERGESORT.mergesort(MERGESORT.java:47)
	at java_programs.MERGESORT.mergesort(MERGESORT.java:47)
	at java_programs.MERGESORT.mergesort(MERGESORT.java:47)
	at java_programs.MERGESORT.mergesort(MERGESORT.java:47)
	at java_programs.MERGESORT.mergesort(MERGESORT.java:47)
	at java_programs.MERGESORT.mergesort(MERGESORT.java:47)
	at java_programs.MERGESORT.mergesort(MERGESORT.java:47)
	at java_programs.MERGESORT.mergesort(MERGESORT.java:47)
	at java_programs.MERGESORT.mergesort(MERGESORT.java:47)
	at java_programs.MERGESORT.mergesort(MERGESORT.java:47)
	at java_programs.MERGESORT.mergesort(MERGESORT.java:47)
	at java_programs.MERGESORT.mergesort(MERGESORT.java:47)
	at java_programs.MERGESORT.mergesort(MERGESORT.java:47)
	at java_programs.MERGESORT.mergesort(MERGESORT.java:47)
	at java_programs.MERGESORT.mergesort(MERGESORT.java:47)
	at java_programs.MERGESORT.mergesort(MERGESORT.java:47)
	at java_programs.MERGESORT.mergesort(MERGESORT.java:47)
	at java_programs.MERGESORT.mergesort(MERGESORT.java:47)
	at java_programs.MERGESORT.mergesort(MERGESORT.java:47)
	at java_programs.MERGESORT.mergesort(MERGESORT.java:47)
	at java_programs.MERGESORT.mergesort(MERGESORT.java:47)
	at java_programs.MERGESORT.mergesort(MERGESORT.java:47)
	at java_programs.MERGESORT.mergesort(MERGESORT.java:47)
	at java_programs.MERGESORT.mergesort(MERGESORT.java:47)
	at java_programs.MERGESORT.mergesort(MERGESORT.java:47)
	at java_programs.MERGESORT.mergesort(MERGESORT.java:47)
	at java_programs.MERGESORT.mergesort(MERGESORT.java:47)
	at java_programs.MERGESORT.mergesort(MERGESORT.java:47)
	at java_programs.MERGESORT.mergesort(MERGESORT.java:47)
	at java_programs.MERGESORT.mergesort(MERGESORT.java:47)
	at java_programs.MERGESORT.mergesort(MERGESORT.java:47)
	at java_programs.MERGESORT.mergesort(MERGESORT.java:47)
	at java_programs.MERGESORT.mergesort(MERGESORT.java:47)
	at java_programs.MERGESORT.mergesort(MERGESORT.java:47)
	at java_programs.MERGESORT.mergesort(MERGESORT.java:47)
	at java_programs.MERGESORT.mergesort(MERGESORT.java:47)
	at java_programs.MERGESORT.mergesort(MERGESORT.java:47)
	at java_programs.MERGESORT.mergesort(MERGESORT.java:47)
	at java_programs.MERGESORT.mergesort(MERGESORT.java:47)
	at java_programs.MERGESORT.mergesort(MERGESORT.java:47)
	at java_programs.MERGESORT.mergesort(MERGESORT.java:47)
	at java_programs.MERGESORT.mergesort(MERGESORT.java:47)
	at java_programs.MERGESORT.mergesort(MERGESORT.java:47)
	at java_programs.MERGESORT.mergesort(MERGESORT.java:47)
	at java_programs.MERGESORT.mergesort(MERGESORT.java:47)
	at java_programs.MERGESORT.mergesort(MERGESORT.java:47)
	at java_programs.MERGESORT.mergesort(MERGESORT.java:47)
	at java_programs.MERGESORT.mergesort(MERGESORT.java:47)
	at java_programs.MERGESORT.mergesort(MERGESORT.java:47)
	at java_programs.MERGESORT.mergesort(MERGESORT.java:47)
	at java_programs.MERGESORT.mergesort(MERGESORT.java:47)
	at java_programs.MERGESORT.mergesort(MERGESORT.java:47)
	at java_programs.MERGESORT.mergesort(MERGESORT.java:47)
	at java_programs.MERGESORT.mergesort(MERGESORT.java:47)
	at java_programs.MERGESORT.mergesort(MERGESORT.java:47)
	at java_programs.MERGESORT.mergesort(MERGESORT.java:47)
	at java_programs.MERGESORT.mergesort(MERGESORT.java:47)
	at java_programs.MERGESORT.mergesort(MERGESORT.java:47)
	at java_programs.MERGESORT.mergesort(MERGESORT.java:47)
	at java_programs.MERGESORT.mergesort(MERGESORT.java:47)
	at java_programs.MERGESORT.mergesort(MERGESORT.java:47)
	at java_programs.MERGESORT.mergesort(MERGESORT.java:47)
	at java_programs.MERGESORT.mergesort(MERGESORT.java:47)
	at java_programs.MERGESORT.mergesort(MERGESORT.java:47)
	at java_programs.MERGESORT.mergesort(MERGESORT.java:47)
	at java_programs.MERGESORT.mergesort(MERGESORT.java:47)
	at java_programs.MERGESORT.mergesort(MERGESORT.java:47)
	at java_programs.MERGESORT.mergesort(MERGESORT.java:47)
	at java_programs.MERGESORT.mergesort(MERGESORT.java:47)
	at java_programs.MERGESORT.mergesort(MERGESORT.java:47)
	at java_programs.MERGESORT.mergesort(MERGESORT.java:47)
	at java_programs.MERGESORT.mergesort(MERGESORT.java:47)
	at java_programs.MERGESORT.mergesort(MERGESORT.java:47)
	at java_programs.MERGESORT.mergesort(MERGESORT.java:47)
	at java_programs.MERGESORT.mergesort(MERGESORT.java:47)
	at java_programs.MERGESORT.mergesort(MERGESORT.java:47)
	at java_programs.MERGESORT.mergesort(MERGESORT.java:47)
	at java_programs.MERGESORT.mergesort(MERGESORT.java:47)
	at java_programs.MERGESORT.mergesort(MERGESORT.java:47)
	at java_programs.MERGESORT.mergesort(MERGESORT.java:47)
	at java_programs.MERGESORT.mergesort(MERGESORT.java:47)
	at java_programs.MERGESORT.mergesort(MERGESORT.java:47)
	at java_programs.MERGESORT.mergesort(MERGESORT.java:47)
	at java_programs.MERGESORT.mergesort(MERGESORT.java:47)
	at java_programs.MERGESORT.mergesort(MERGESORT.java:47)
	at java_programs.MERGESORT.mergesort(MERGESORT.java:47)
	at java_programs.MERGESORT.mergesort(MERGESORT.java:47)
	at java_programs.MERGESORT.mergesort(MERGESORT.java:47)
	at java_programs.MERGESORT.mergesort(MERGESORT.java:47)
	at java_programs.MERGESORT.mergesort(MERGESORT.java:47)
	at java_programs.MERGESORT.mergesort(MERGESORT.java:47)
	at java_programs.MERGESORT.mergesort(MERGESORT.java:47)
	at java_programs.MERGESORT.mergesort(MERGESORT.java:47)
	at java_programs.MERGESORT.mergesort(MERGESORT.java:47)
	at java_programs.MERGESORT.mergesort(MERGESORT.java:47)
	at java_programs.MERGESORT.mergesort(MERGESORT.java:47)
	at java_programs.MERGESORT.mergesort(MERGESORT.java:47)
	at java_programs.MERGESORT.mergesort(MERGESORT.java:47)
	at java_programs.MERGESORT.mergesort(MERGESORT.java:47)
	at java_programs.MERGESORT.mergesort(MERGESORT.java:47)
	at java_programs.MERGESORT.mergesort(MERGESORT.java:47)
	at java_programs.MERGESORT.mergesort(MERGESORT.java:47)
	at java_programs.MERGESORT.mergesort(MERGESORT.java:47)
	at java_programs.MERGESORT.mergesort(MERGESORT.java:47)
	at java_programs.MERGESORT.mergesort(MERGESORT.java:47)
	at java_programs.MERGESORT.mergesort(MERGESORT.java:47)
	at java_programs.MERGESORT.mergesort(MERGESORT.java:47)
	at java_programs.MERGESORT.mergesort(MERGESORT.java:47)
	at java_programs.MERGESORT.mergesort(MERGESORT.java:47)
	at java_programs.MERGESORT.mergesort(MERGESORT.java:47)
	at java_programs.MERGESORT.mergesort(MERGESORT.java:47)
	at java_programs.MERGESORT.mergesort(MERGESORT.java:47)
	at java_programs.MERGESORT.mergesort(MERGESORT.java:47)
	at java_programs.MERGESORT.mergesort(MERGESORT.java:47)
	at java_programs.MERGESORT.mergesort(MERGESORT.java:47)
	at java_programs.MERGESORT.mergesort(MERGESORT.java:47)
	at java_programs.MERGESORT.mergesort(MERGESORT.java:47)
	at java_programs.MERGESORT.mergesort(MERGESORT.java:47)
	at java_programs.MERGESORT.mergesort(MERGESORT.java:47)
	at java_programs.MERGESORT.mergesort(MERGESORT.java:47)
	at java_programs.MERGESORT.mergesort(MERGESORT.java:47)
	at java_programs.MERGESORT.mergesort(MERGESORT.java:47)
	at java_programs.MERGESORT.mergesort(MERGESORT.java:47)
	at java_programs.MERGESORT.mergesort(MERGESORT.java:47)
	at java_programs.MERGESORT.mergesort(MERGESORT.java:47)
	at java_programs.MERGESORT.mergesort(MERGESORT.java:47)
	at java_programs.MERGESORT.mergesort(MERGESORT.java:47)
	at java_programs.MERGESORT.mergesort(MERGESORT.java:47)
	at java_programs.MERGESORT.mergesort(MERGESORT.java:47)
	at java_programs.MERGESORT.mergesort(MERGESORT.java:47)
	at java_programs.MERGESORT.mergesort(MERGESORT.java:47)
	at java_programs.MERGESORT.mergesort(MERGESORT.java:47)
	at java_programs.MERGESORT.mergesort(MERGESORT.java:47)
	at java_programs.MERGESORT.mergesort(MERGESORT.java:47)
	at java_programs.MERGESORT.mergesort(MERGESORT.java:47)
	at java_programs.MERGESORT.mergesort(MERGESORT.java:47)
	at java_programs.MERGESORT.mergesort(MERGESORT.java:47)
	at java_programs.MERGESORT.mergesort(MERGESORT.java:47)
	at java_programs.MERGESORT.mergesort(MERGESORT.java:47)
	at java_programs.MERGESORT.mergesort(MERGESORT.java:47)
	at java_programs.MERGESORT.mergesort(MERGESORT.java:47)
	at java_programs.MERGESORT.mergesort(MERGESORT.java:47)
	at java_programs.MERGESORT.mergesort(MERGESORT.java:47)
	at java_programs.MERGESORT.mergesort(MERGESORT.java:47)
	at java_programs.MERGESORT.mergesort(MERGESORT.java:47)
	at java_programs.MERGESORT.mergesort(MERGESORT.java:47)
	at java_programs.MERGESORT.mergesort(MERGESORT.java:47)
	at java_programs.MERGESORT.mergesort(MERGESORT.java:47)
	at java_programs.MERGESORT.mergesort(MERGESORT.java:47)
	at java_programs.MERGESORT.mergesort(MERGESORT.java:47)
	at java_programs.MERGESORT.mergesort(MERGESORT.java:47)
	at java_programs.MERGESORT.mergesort(MERGESORT.java:47)
	at java_programs.MERGESORT.mergesort(MERGESORT.java:47)
	at java_programs.MERGESORT.mergesort(MERGESORT.java:47)
	at java_programs.MERGESORT.mergesort(MERGESORT.java:47)
	at java_programs.MERGESORT.mergesort(MERGESORT.java:47)
	at java_programs.MERGESORT.mergesort(MERGESORT.java:47)
	at java_programs.MERGESORT.mergesort(MERGESORT.java:47)
	at java_programs.MERGESORT.mergesort(MERGESORT.java:47)
	at java_programs.MERGESORT.mergesort(MERGESORT.java:47)
	at java_programs.MERGESORT.mergesort(MERGESORT.java:47)
	at java_programs.MERGESORT.mergesort(MERGESORT.java:47)
	at java_programs.MERGESORT.mergesort(MERGESORT.java:47)
	at java_programs.MERGESORT.mergesort(MERGESORT.java:47)
	at java_programs.MERGESORT.mergesort(MERGESORT.java:47)
	at java_programs.MERGESORT.mergesort(MERGESORT.java:47)
	at java_programs.MERGESORT.mergesort(MERGESORT.java:47)
	at java_programs.MERGESORT.mergesort(MERGESORT.java:47)
	at java_programs.MERGESORT.mergesort(MERGESORT.java:47)
	at java_programs.MERGESORT.mergesort(MERGESORT.java:47)
	at java_programs.MERGESORT.mergesort(MERGESORT.java:47)
	at java_programs.MERGESORT.mergesort(MERGESORT.java:47)
	at java_programs.MERGESORT.mergesort(MERGESORT.java:47)
	at java_programs.MERGESORT.mergesort(MERGESORT.java:47)
	at java_programs.MERGESORT.mergesort(MERGESORT.java:47)
	at java_programs.MERGESORT.mergesort(MERGESORT.java:47)
	at java_programs.MERGESORT.mergesort(MERGESORT.java:47)
	at java_programs.MERGESORT.mergesort(MERGESORT.java:47)
	at java_programs.MERGESORT.mergesort(MERGESORT.java:47)
	at java_programs.MERGESORT.mergesort(MERGESORT.java:47)
	at java_programs.MERGESORT.mergesort(MERGESORT.java:47)
	at java_programs.MERGESORT.mergesort(MERGESORT.java:47)
	at java_programs.MERGESORT.mergesort(MERGESORT.java:47)
	at java_programs.MERGESORT.mergesort(MERGESORT.java:47)
	at java_programs.MERGESORT.mergesort(MERGESORT.java:47)
	at java_programs.MERGESORT.mergesort(MERGESORT.java:47)
	at java_programs.MERGESORT.mergesort(MERGESORT.java:47)
	at java_programs.MERGESORT.mergesort(MERGESORT.java:47)
	at java_programs.MERGESORT.mergesort(MERGESORT.java:47)
	at java_programs.MERGESORT.mergesort(MERGESORT.java:47)
	at java_programs.MERGESORT.mergesort(MERGESORT.java:47)
	at java_programs.MERGESORT.mergesort(MERGESORT.java:47)
	at java_programs.MERGESORT.mergesort(MERGESORT.java:47)
	at java_programs.MERGESORT.mergesort(MERGESORT.java:47)
	at java_programs.MERGESORT.mergesort(MERGESORT.java:47)
	at java_programs.MERGESORT.mergesort(MERGESORT.java:47)
	at java_programs.MERGESORT.mergesort(MERGESORT.java:47)
	at java_programs.MERGESORT.mergesort(MERGESORT.java:47)
	at java_programs.MERGESORT.mergesort(MERGESORT.java:47)
	at java_programs.MERGESORT.mergesort(MERGESORT.java:47)
	at java_programs.MERGESORT.mergesort(MERGESORT.java:47)
	at java_programs.MERGESORT.mergesort(MERGESORT.java:47)
	at java_programs.MERGESORT.mergesort(MERGESORT.java:47)
	at java_programs.MERGESORT.mergesort(MERGESORT.java:47)
	at java_programs.MERGESORT.mergesort(MERGESORT.java:47)
	at java_programs.MERGESORT.mergesort(MERGESORT.java:47)
	at java_programs.MERGESORT.mergesort(MERGESORT.java:47)
	at java_programs.MERGESORT.mergesort(MERGESORT.java:47)
	at java_programs.MERGESORT.mergesort(MERGESORT.java:47)
	at java_programs.MERGESORT.mergesort(MERGESORT.java:47)
	at java_programs.MERGESORT.mergesort(MERGESORT.java:47)
	at java_programs.MERGESORT.mergesort(MERGESORT.java:47)
	at java_programs.MERGESORT.mergesort(MERGESORT.java:47)
	at java_programs.MERGESORT.mergesort(MERGESORT.java:47)
	at java_programs.MERGESORT.mergesort(MERGESORT.java:47)
	at java_programs.MERGESORT.mergesort(MERGESORT.java:47)
	at java_programs.MERGESORT.mergesort(MERGESORT.java:47)
	at java_programs.MERGESORT.mergesort(MERGESORT.java:47)
	at java_programs.MERGESORT.mergesort(MERGESORT.java:47)
	at java_programs.MERGESORT.mergesort(MERGESORT.java:47)
	at java_programs.MERGESORT.mergesort(MERGESORT.java:47)
	at java_programs.MERGESORT.mergesort(MERGESORT.java:47)
	at java_programs.MERGESORT.mergesort(MERGESORT.java:47)
	at java_programs.MERGESORT.mergesort(MERGESORT.java:47)
	at java_programs.MERGESORT.mergesort(MERGESORT.java:47)
	at java_programs.MERGESORT.mergesort(MERGESORT.java:47)
	at java_programs.MERGESORT.mergesort(MERGESORT.java:47)
	at java_programs.MERGESORT.mergesort(MERGESORT.java:47)
	at java_programs.MERGESORT.mergesort(MERGESORT.java:47)
	at java_programs.MERGESORT.mergesort(MERGESORT.java:47)
	at java_programs.MERGESORT.mergesort(MERGESORT.java:47)
	at java_programs.MERGESORT.mergesort(MERGESORT.java:47)
	at java_programs.MERGESORT.mergesort(MERGESORT.java:47)
	at java_programs.MERGESORT.mergesort(MERGESORT.java:47)
	at java_programs.MERGESORT.mergesort(MERGESORT.java:47)
	at java_programs.MERGESORT.mergesort(MERGESORT.java:47)
	at java_programs.MERGESORT.mergesort(MERGESORT.java:47)
	at java_programs.MERGESORT.mergesort(MERGESORT.java:47)
	at java_programs.MERGESORT.mergesort(MERGESORT.java:47)
	at java_programs.MERGESORT.mergesort(MERGESORT.java:47)
	at java_programs.MERGESORT.mergesort(MERGESORT.java:47)
	at java_programs.MERGESORT.mergesort(MERGESORT.java:47)
	at java_programs.MERGESORT.mergesort(MERGESORT.java:47)
	at java_programs.MERGESORT.mergesort(MERGESORT.java:47)
	at java_programs.MERGESORT.mergesort(MERGESORT.java:47)
	at java_programs.MERGESORT.mergesort(MERGESORT.java:47)
	at java_programs.MERGESORT.mergesort(MERGESORT.java:47)
	at java_programs.MERGESORT.mergesort(MERGESORT.java:47)
	at java_programs.MERGESORT.mergesort(MERGESORT.java:47)
	at java_programs.MERGESORT.mergesort(MERGESORT.java:47)
	at java_programs.MERGESORT.mergesort(MERGESORT.java:47)
	at java_programs.MERGESORT.mergesort(MERGESORT.java:47)
	at java_programs.MERGESORT.mergesort(MERGESORT.java:47)
	at java_programs.MERGESORT.mergesort(MERGESORT.java:47)
	at java_programs.MERGESORT.mergesort(MERGESORT.java:47)
	at java_programs.MERGESORT.mergesort(MERGESORT.java:47)
	at java_programs.MERGESORT.mergesort(MERGESORT.java:47)
	at java_programs.MERGESORT.mergesort(MERGESORT.java:47)
	at java_programs.MERGESORT.mergesort(MERGESORT.java:47)
	at java_programs.MERGESORT.mergesort(MERGESORT.java:47)
	at java_programs.MERGESORT.mergesort(MERGESORT.java:47)
	at java_programs.MERGESORT.mergesort(MERGESORT.java:47)
	at java_programs.MERGESORT.mergesort(MERGESORT.java:47)
	at java_programs.MERGESORT.mergesort(MERGESORT.java:47)
	at java_programs.MERGESORT.mergesort(MERGESORT.java:47)
	at java_programs.MERGESORT.mergesort(MERGESORT.java:47)
	at java_programs.MERGESORT.mergesort(MERGESORT.java:47)
	at java_programs.MERGESORT.mergesort(MERGESORT.java:47)
	at java_programs.MERGESORT.mergesort(MERGESORT.java:47)
	at java_programs.MERGESORT.mergesort(MERGESORT.java:47)
	at java_programs.MERGESORT.mergesort(MERGESORT.java:47)
	at java_programs.MERGESORT.mergesort(MERGESORT.java:47)
	at java_programs.MERGESORT.mergesort(MERGESORT.java:47)
	at java_programs.MERGESORT.mergesort(MERGESORT.java:47)
	at java_programs.MERGESORT.mergesort(MERGESORT.java:47)
	at java_programs.MERGESORT.mergesort(MERGESORT.java:47)
	at java_programs.MERGESORT.mergesort(MERGESORT.java:47)
	at java_programs.MERGESORT.mergesort(MERGESORT.java:47)
	at java_programs.MERGESORT.mergesort(MERGESORT.java:47)
	at java_programs.MERGESORT.mergesort(MERGESORT.java:47)
	at java_programs.MERGESORT.mergesort(MERGESORT.java:47)
	at java_programs.MERGESORT.mergesort(MERGESORT.java:47)
	at java_programs.MERGESORT.mergesort(MERGESORT.java:47)
	at java_programs.MERGESORT.mergesort(MERGESORT.java:47)
	at java_programs.MERGESORT.mergesort(MERGESORT.java:47)
	at java_programs.MERGESORT.mergesort(MERGESORT.java:47)
	at java_programs.MERGESORT.mergesort(MERGESORT.java:47)
	at java_programs.MERGESORT.mergesort(MERGESORT.java:47)
	at java_programs.MERGESORT.mergesort(MERGESORT.java:47)
	at java_programs.MERGESORT.mergesort(MERGESORT.java:47)
	at java_programs.MERGESORT.mergesort(MERGESORT.java:47)
	at java_programs.MERGESORT.mergesort(MERGESORT.java:47)
	at java_programs.MERGESORT.mergesort(MERGESORT.java:47)
	at java_programs.MERGESORT.mergesort(MERGESORT.java:47)
	at java_programs.MERGESORT.mergesort(MERGESORT.java:47)
	at java_programs.MERGESORT.mergesort(MERGESORT.java:47)
	at java_programs.MERGESORT.mergesort(MERGESORT.java:47)
	at java_programs.MERGESORT.mergesort(MERGESORT.java:47)
	at java_programs.MERGESORT.mergesort(MERGESORT.java:47)
	at java_programs.MERGESORT.mergesort(MERGESORT.java:47)
	at java_programs.MERGESORT.mergesort(MERGESORT.java:47)
	at java_programs.MERGESORT.mergesort(MERGESORT.java:47)
	at java_programs.MERGESORT.mergesort(MERGESORT.java:47)
	at java_programs.MERGESORT.mergesort(MERGESORT.java:47)
	at java_programs.MERGESORT.mergesort(MERGESORT.java:47)
	at java_programs.MERGESORT.mergesort(MERGESORT.java:47)
	at java_programs.MERGESORT.mergesort(MERGESORT.java:47)
	at java_programs.MERGESORT.mergesort(MERGESORT.java:47)
	at java_programs.MERGESORT.mergesort(MERGESORT.java:47)
	at java_programs.MERGESORT.mergesort(MERGESORT.java:47)
	at java_programs.MERGESORT.mergesort(MERGESORT.java:47)
	at java_programs.MERGESORT.mergesort(MERGESORT.java:47)
	at java_programs.MERGESORT.mergesort(MERGESORT.java:47)
	at java_programs.MERGESORT.mergesort(MERGESORT.java:47)
	at java_programs.MERGESORT.mergesort(MERGESORT.java:47)
	at java_programs.MERGESORT.mergesort(MERGESORT.java:47)
	at java_programs.MERGESORT.mergesort(MERGESORT.java:47)
	at java_programs.MERGESORT.mergesort(MERGESORT.java:47)
	at java_programs.MERGESORT.mergesort(MERGESORT.java:47)
	at java_programs.MERGESORT.mergesort(MERGESORT.java:47)
	at java_programs.MERGESORT.mergesort(MERGESORT.java:47)
	at java_programs.MERGESORT.mergesort(MERGESORT.java:47)
	at java_programs.MERGESORT.mergesort(MERGESORT.java:47)
	at java_programs.MERGESORT.mergesort(MERGESORT.java:47)
	at java_programs.MERGESORT.mergesort(MERGESORT.java:47)
	at java_programs.MERGESORT.mergesort(MERGESORT.java:47)
	at java_programs.MERGESORT.mergesort(MERGESORT.java:47)
	at java_programs.MERGESORT.mergesort(MERGESORT.java:47)
	at java_programs.MERGESORT.mergesort(MERGESORT.java:47)
	at java_programs.MERGESORT.mergesort(MERGESORT.java:47)
	at java_programs.MERGESORT.mergesort(MERGESORT.java:47)
	at java_programs.MERGESORT.mergesort(MERGESORT.java:47)
	at java_programs.MERGESORT.mergesort(MERGESORT.java:47)
	at java_programs.MERGESORT.mergesort(MERGESORT.java:47)
	at java_programs.MERGESORT.mergesort(MERGESORT.java:47)
	at java_programs.MERGESORT.mergesort(MERGESORT.java:47)
	at java_programs.MERGESORT.mergesort(MERGESORT.java:47)
	at java_programs.MERGESORT.mergesort(MERGESORT.java:47)
	at java_programs.MERGESORT.mergesort(MERGESORT.java:47)
	at java_programs.MERGESORT.mergesort(MERGESORT.java:47)
	at java_programs.MERGESORT.mergesort(MERGESORT.java:47)
	at java_programs.MERGESORT.mergesort(MERGESORT.java:47)
	at java_programs.MERGESORT.mergesort(MERGESORT.java:47)
	at java_programs.MERGESORT.mergesort(MERGESORT.java:47)
	at java_programs.MERGESORT.mergesort(MERGESORT.java:47)
	at java_programs.MERGESORT.mergesort(MERGESORT.java:47)
	at java_programs.MERGESORT.mergesort(MERGESORT.java:47)
	at java_programs.MERGESORT.mergesort(MERGESORT.java:47)
	at java_programs.MERGESORT.mergesort(MERGESORT.java:47)
	at java_programs.MERGESORT.mergesort(MERGESORT.java:47)
	at java_programs.MERGESORT.mergesort(MERGESORT.java:47)
	at java_programs.MERGESORT.mergesort(MERGESORT.java:47)
	at java_programs.MERGESORT.mergesort(MERGESORT.java:47)
	at java_programs.MERGESORT.mergesort(MERGESORT.java:47)
	at java_programs.MERGESORT.mergesort(MERGESORT.java:47)
	at java_programs.MERGESORT.mergesort(MERGESORT.java:47)
	at java_programs.MERGESORT.mergesort(MERGESORT.java:47)
	at java_programs.MERGESORT.mergesort(MERGESORT.java:47)
	at java_programs.MERGESORT.mergesort(MERGESORT.java:47)
	at java_programs.MERGESORT.mergesort(MERGESORT.java:47)
	at java_programs.MERGESORT.mergesort(MERGESORT.java:47)
	at java_programs.MERGESORT.mergesort(MERGESORT.java:47)
	at java_programs.MERGESORT.mergesort(MERGESORT.java:47)
	at java_programs.MERGESORT.mergesort(MERGESORT.java:47)
	at java_programs.MERGESORT.mergesort(MERGESORT.java:47)
	at java_programs.MERGESORT.mergesort(MERGESORT.java:47)
	at java_programs.MERGESORT.mergesort(MERGESORT.java:47)
	at java_programs.MERGESORT.mergesort(MERGESORT.java:47)
	at java_programs.MERGESORT.mergesort(MERGESORT.java:47)
	at java_programs.MERGESORT.mergesort(MERGESORT.java:47)
	at java_programs.MERGESORT.mergesort(MERGESORT.java:47)
	at java_programs.MERGESORT.mergesort(MERGESORT.java:47)
	at java_programs.MERGESORT.mergesort(MERGESORT.java:47)
	at java_programs.MERGESORT.mergesort(MERGESORT.java:47)
	at java_programs.MERGESORT.mergesort(MERGESORT.java:47)
	at java_programs.MERGESORT.mergesort(MERGESORT.java:47)
	at java_programs.MERGESORT.mergesort(MERGESORT.java:47)
	at java_programs.MERGESORT.mergesort(MERGESORT.java:47)
	at java_programs.MERGESORT.mergesort(MERGESORT.java:47)
	at java_programs.MERGESORT.mergesort(MERGESORT.java:47)
	at java_programs.MERGESORT.mergesort(MERGESORT.java:47)
	at java_programs.MERGESORT.mergesort(MERGESORT.java:47)
	at java_programs.MERGESORT.mergesort(MERGESORT.java:47)
	at java_programs.MERGESORT.mergesort(MERGESORT.java:47)
	at java_programs.MERGESORT.mergesort(MERGESORT.java:47)
	at java_programs.MERGESORT.mergesort(MERGESORT.java:47)
	at java_programs.MERGESORT.mergesort(MERGESORT.java:47)
	at java_programs.MERGESORT.mergesort(MERGESORT.java:47)
	at java_programs.MERGESORT.mergesort(MERGESORT.java:47)
	at java_programs.MERGESORT.mergesort(MERGESORT.java:47)
	at java_programs.MERGESORT.mergesort(MERGESORT.java:47)
	at java_programs.MERGESORT.mergesort(MERGESORT.java:47)
	at java_programs.MERGESORT.mergesort(MERGESORT.java:47)
	at java_programs.MERGESORT.mergesort(MERGESORT.java:47)
	at java_programs.MERGESORT.mergesort(MERGESORT.java:47)
	at java_programs.MERGESORT.mergesort(MERGESORT.java:47)
	at java_programs.MERGESORT.mergesort(MERGESORT.java:47)
	at java_programs.MERGESORT.mergesort(MERGESORT.java:47)
	at java_programs.MERGESORT.mergesort(MERGESORT.java:47)
	at java_programs.MERGESORT.mergesort(MERGESORT.java:47)
	at java_programs.MERGESORT.mergesort(MERGESORT.java:47)
	at java_programs.MERGESORT.mergesort(MERGESORT.java:47)
	at java_programs.MERGESORT.mergesort(MERGESORT.java:47)
	at java_programs.MERGESORT.mergesort(MERGESORT.java:47)
	at java_programs.MERGESORT.mergesort(MERGESORT.java:47)
	at java_programs.MERGESORT.mergesort(MERGESORT.java:47)
	at java_programs.MERGESORT.mergesort(MERGESORT.java:47)
	at java_programs.MERGESORT.mergesort(MERGESORT.java:47)
	at java_programs.MERGESORT.mergesort(MERGESORT.java:47)
	at java_programs.MERGESORT.mergesort(MERGESORT.java:47)
	at java_programs.MERGESORT.mergesort(MERGESORT.java:47)
	at java_programs.MERGESORT.mergesort(MERGESORT.java:47)
	at java_programs.MERGESORT.mergesort(MERGESORT.java:47)
	at java_programs.MERGESORT.mergesort(MERGESORT.java:47)
	at java_programs.MERGESORT.mergesort(MERGESORT.java:47)
	at java_programs.MERGESORT.mergesort(MERGESORT.java:47)
	at java_programs.MERGESORT.mergesort(MERGESORT.java:47)
	at java_programs.MERGESORT.mergesort(MERGESORT.java:47)
	at java_programs.MERGESORT.mergesort(MERGESORT.java:47)
	at java_programs.MERGESORT.mergesort(MERGESORT.java:47)
	at java_programs.MERGESORT.mergesort(MERGESORT.java:47)
	at java_programs.MERGESORT.mergesort(MERGESORT.java:47)
	at java_programs.MERGESORT.mergesort(MERGESORT.java:47)
	at java_programs.MERGESORT.mergesort(MERGESORT.java:47)
	at java_programs.MERGESORT.mergesort(MERGESORT.java:47)
	at java_programs.MERGESORT.mergesort(MERGESORT.java:47)
	at java_programs.MERGESORT.mergesort(MERGESORT.java:47)
	at java_programs.MERGESORT.mergesort(MERGESORT.java:47)
	at java_programs.MERGESORT.mergesort(MERGESORT.java:47)
	at java_programs.MERGESORT.mergesort(MERGESORT.java:47)
	at java_programs.MERGESORT.mergesort(MERGESORT.java:47)
	at java_programs.MERGESORT.mergesort(MERGESORT.java:47)
	at java_programs.MERGESORT.mergesort(MERGESORT.java:47)
	at java_programs.MERGESORT.mergesort(MERGESORT.java:47)
	at java_programs.MERGESORT.mergesort(MERGESORT.java:47)
	at java_programs.MERGESORT.mergesort(MERGESORT.java:47)
	at java_programs.MERGESORT.mergesort(MERGESORT.java:47)
	at java_programs.MERGESORT.mergesort(MERGESORT.java:47)
	at java_programs.MERGESORT.mergesort(MERGESORT.java:47)
	at java_programs.MERGESORT.mergesort(MERGESORT.java:47)
	at java_programs.MERGESORT.mergesort(MERGESORT.java:47)
	at java_programs.MERGESORT.mergesort(MERGESORT.java:47)
	at java_programs.MERGESORT.mergesort(MERGESORT.java:47)
	at java_programs.MERGESORT.mergesort(MERGESORT.java:47)
	at java_programs.MERGESORT.mergesort(MERGESORT.java:47)
	at java_programs.MERGESORT.mergesort(MERGESORT.java:47)
	at java_programs.MERGESORT.mergesort(MERGESORT.java:47)
	at java_programs.MERGESORT.mergesort(MERGESORT.java:47)
	at java_programs.MERGESORT.mergesort(MERGESORT.java:47)
	at java_programs.MERGESORT.mergesort(MERGESORT.java:47)
	at java_programs.MERGESORT.mergesort(MERGESORT.java:47)
	at java_programs.MERGESORT.mergesort(MERGESORT.java:47)
	at java_programs.MERGESORT.mergesort(MERGESORT.java:47)
	at java_programs.MERGESORT.mergesort(MERGESORT.java:47)
	at java_programs.MERGESORT.mergesort(MERGESORT.java:47)
	at java_programs.MERGESORT.mergesort(MERGESORT.java:47)
	at java_programs.MERGESORT.mergesort(MERGESORT.java:47)
	at java_programs.MERGESORT.mergesort(MERGESORT.java:47)
	at java_programs.MERGESORT.mergesort(MERGESORT.java:47)
	at java_programs.MERGESORT.mergesort(MERGESORT.java:47)
	at java_programs.MERGESORT.mergesort(MERGESORT.java:47)
	at java_programs.MERGESORT.mergesort(MERGESORT.java:47)
	at java_programs.MERGESORT.mergesort(MERGESORT.java:47)
	at java_programs.MERGESORT.mergesort(MERGESORT.java:47)
	at java_programs.MERGESORT.mergesort(MERGESORT.java:47)
	at java_programs.MERGESORT.mergesort(MERGESORT.java:47)
	at java_programs.MERGESORT.mergesort(MERGESORT.java:47)
	at java_programs.MERGESORT.mergesort(MERGESORT.java:47)
	at java_programs.MERGESORT.mergesort(MERGESORT.java:47)
	at java_programs.MERGESORT.mergesort(MERGESORT.java:47)
	at java_programs.MERGESORT.mergesort(MERGESORT.java:47)
	at java_programs.MERGESORT.mergesort(MERGESORT.java:47)
	at java_programs.MERGESORT.mergesort(MERGESORT.java:47)
	at java_programs.MERGESORT.mergesort(MERGESORT.java:47)
	at java_programs.MERGESORT.mergesort(MERGESORT.java:47)
	at java_programs.MERGESORT.mergesort(MERGESORT.java:47)
	at java_programs.MERGESORT.mergesort(MERGESORT.java:47)
	at java_programs.MERGESORT.mergesort(MERGESORT.java:47)
	at java_programs.MERGESORT.mergesort(MERGESORT.java:47)
	at java_programs.MERGESORT.mergesort(MERGESORT.java:47)
	at java_programs.MERGESORT.mergesort(MERGESORT.java:47)
	at java_programs.MERGESORT.mergesort(MERGESORT.java:47)
	at java_programs.MERGESORT.mergesort(MERGESORT.java:47)
	at java_programs.MERGESORT.mergesort(MERGESORT.java:47)
	at java_programs.MERGESORT.mergesort(MERGESORT.java:47)
	at java_programs.MERGESORT.mergesort(MERGESORT.java:47)
	at java_programs.MERGESORT.mergesort(MERGESORT.java:47)
	at java_programs.MERGESORT.mergesort(MERGESORT.java:47)
	at java_programs.MERGESORT.mergesort(MERGESORT.java:47)
	at java_programs.MERGESORT.mergesort(MERGESORT.java:47)
	at java_programs.MERGESORT.mergesort(MERGESORT.java:47)
	at java_programs.MERGESORT.mergesort(MERGESORT.java:47)
	at java_programs.MERGESORT.mergesort(MERGESORT.java:47)
	at java_programs.MERGESORT.mergesort(MERGESORT.java:47)
	at java_programs.MERGESORT.mergesort(MERGESORT.java:47)
	at java_programs.MERGESORT.mergesort(MERGESORT.java:47)
	at java_programs.MERGESORT.mergesort(MERGESORT.java:47)
	at java_programs.MERGESORT.mergesort(MERGESORT.java:47)
	at java_programs.MERGESORT.mergesort(MERGESORT.java:47)
	at java_programs.MERGESORT.mergesort(MERGESORT.java:47)
	at java_programs.MERGESORT.mergesort(MERGESORT.java:47)
	at java_programs.MERGESORT.mergesort(MERGESORT.java:47)
	at java_programs.MERGESORT.mergesort(MERGESORT.java:47)
	at java_programs.MERGESORT.mergesort(MERGESORT.java:47)
	at java_programs.MERGESORT.mergesort(MERGESORT.java:47)
	at java_programs.MERGESORT.mergesort(MERGESORT.java:47)
	at java_programs.MERGESORT.mergesort(MERGESORT.java:47)
	at java_programs.MERGESORT.mergesort(MERGESORT.java:47)
	at java_programs.MERGESORT.mergesort(MERGESORT.java:47)
	at java_programs.MERGESORT.mergesort(MERGESORT.java:47)
	at java_programs.MERGESORT.mergesort(MERGESORT.java:47)
	at java_programs.MERGESORT.mergesort(MERGESORT.java:47)
	at java_programs.MERGESORT.mergesort(MERGESORT.java:47)
	at java_programs.MERGESORT.mergesort(MERGESORT.java:47)
	at java_programs.MERGESORT.mergesort(MERGESORT.java:47)
	at java_programs.MERGESORT.mergesort(MERGESORT.java:47)
	at java_programs.MERGESORT.mergesort(MERGESORT.java:47)
	at java_programs.MERGESORT.mergesort(MERGESORT.java:47)
	at java_programs.MERGESORT.mergesort(MERGESORT.java:47)
	at java_programs.MERGESORT.mergesort(MERGESORT.java:47)
	at java_programs.MERGESORT.mergesort(MERGESORT.java:47)
	at java_programs.MERGESORT.mergesort(MERGESORT.java:47)
	at java_programs.MERGESORT.mergesort(MERGESORT.java:47)
	at java_programs.MERGESORT.mergesort(MERGESORT.java:47)
	at java_programs.MERGESORT.mergesort(MERGESORT.java:47)
	at java_programs.MERGESORT.mergesort(MERGESORT.java:47)
	at java_programs.MERGESORT.mergesort(MERGESORT.java:47)
	at java_programs.MERGESORT.mergesort(MERGESORT.java:47)
	at java_programs.MERGESORT.mergesort(MERGESORT.java:47)
	at java_programs.MERGESORT.mergesort(MERGESORT.java:47)
	at java_programs.MERGESORT.mergesort(MERGESORT.java:47)
	at java_programs.MERGESORT.mergesort(MERGESORT.java:47)
	at java_programs.MERGESORT.mergesort(MERGESORT.java:47)
	at java_programs.MERGESORT.mergesort(MERGESORT.java:47)
	at java_programs.MERGESORT.mergesort(MERGESORT.java:47)
	at java_programs.MERGESORT.mergesort(MERGESORT.java:47)
	at java_programs.MERGESORT.mergesort(MERGESORT.java:47)
	at java_programs.MERGESORT.mergesort(MERGESORT.java:47)
	at java_programs.MERGESORT.mergesort(MERGESORT.java:47)
	at java_programs.MERGESORT.mergesort(MERGESORT.java:47)
	at java_programs.MERGESORT.mergesort(MERGESORT.java:47)
	at java_programs.MERGESORT.mergesort(MERGESORT.java:47)
	at java_programs.MERGESORT.mergesort(MERGESORT.java:47)
	at java_programs.MERGESORT.mergesort(MERGESORT.java:47)
	at java_programs.MERGESORT.mergesort(MERGESORT.java:47)
	at java_programs.MERGESORT.mergesort(MERGESORT.java:47)
	at java_programs.MERGESORT.mergesort(MERGESORT.java:47)
	at java_programs.MERGESORT.mergesort(MERGESORT.java:47)
	at java_programs.MERGESORT.mergesort(MERGESORT.java:47)
	at java_programs.MERGESORT.mergesort(MERGESORT.java:47)
	at java_programs.MERGESORT.mergesort(MERGESORT.java:47)
	at java_programs.MERGESORT.mergesort(MERGESORT.java:47)
	at java_programs.MERGESORT.mergesort(MERGESORT.java:47)
	at java_programs.MERGESORT.mergesort(MERGESORT.java:47)
	at java_programs.MERGESORT.mergesort(MERGESORT.java:47)
	at java_programs.MERGESORT.mergesort(MERGESORT.java:47)
	at java_programs.MERGESORT.mergesort(MERGESORT.java:47)
	at java_programs.MERGESORT.mergesort(MERGESORT.java:47)
	at java_programs.MERGESORT.mergesort(MERGESORT.java:47)
	at java_programs.MERGESORT.mergesort(MERGESORT.java:47)
	at java_programs.MERGESORT.mergesort(MERGESORT.java:47)
	at java_programs.MERGESORT.mergesort(MERGESORT.java:47)
	at java_programs.MERGESORT.mergesort(MERGESORT.java:47)
	at java_programs.MERGESORT.mergesort(MERGESORT.java:47)
	at java_programs.MERGESORT.mergesort(MERGESORT.java:47)
	at java_programs.MERGESORT.mergesort(MERGESORT.java:47)
	at java_programs.MERGESORT.mergesort(MERGESORT.java:47)
	at java_programs.MERGESORT.mergesort(MERGESORT.java:47)
	at java_programs.MERGESORT.mergesort(MERGESORT.java:47)
	at java_programs.MERGESORT.mergesort(MERGESORT.java:47)
	at java_programs.MERGESORT.mergesort(MERGESORT.java:47)
	at java_programs.MERGESORT.mergesort(MERGESORT.java:47)
	at java_programs.MERGESORT.mergesort(MERGESORT.java:47)
	at java_programs.MERGESORT.mergesort(MERGESORT.java:47)
	at java_programs.MERGESORT.mergesort(MERGESORT.java:47)
	at java_programs.MERGESORT.mergesort(MERGESORT.java:47)
	at java_programs.MERGESORT.mergesort(MERGESORT.java:47)
	at java_programs.MERGESORT.mergesort(MERGESORT.java:47)
	at java_programs.MERGESORT.mergesort(MERGESORT.java:47)
	at java_programs.MERGESORT.mergesort(MERGESORT.java:47)
	at java_programs.MERGESORT.mergesort(MERGESORT.java:47)
	at java_programs.MERGESORT.mergesort(MERGESORT.java:47)
	at java_programs.MERGESORT.mergesort(MERGESORT.java:47)
	at java_programs.MERGESORT.mergesort(MERGESORT.java:47)
	at java_programs.MERGESORT.mergesort(MERGESORT.java:47)
	at java_programs.MERGESORT.mergesort(MERGESORT.java:47)
	at java_programs.MERGESORT.mergesort(MERGESORT.java:47)
	at java_programs.MERGESORT.mergesort(MERGESORT.java:47)
	at java_programs.MERGESORT.mergesort(MERGESORT.java:47)
	at java_programs.MERGESORT.mergesort(MERGESORT.java:47)
	at java_programs.MERGESORT.mergesort(MERGESORT.java:47)
	at java_programs.MERGESORT.mergesort(MERGESORT.java:47)
	at java_programs.MERGESORT.mergesort(MERGESORT.java:47)
	at java_programs.MERGESORT.mergesort(MERGESORT.java:47)
	at java_programs.MERGESORT.mergesort(MERGESORT.java:47)
	at java_programs.MERGESORT.mergesort(MERGESORT.java:47)
	at java_programs.MERGESORT.mergesort(MERGESORT.java:47)
	at java_programs.MERGESORT.mergesort(MERGESORT.java:47)
	at java_programs.MERGESORT.mergesort(MERGESORT.java:47)
	at java_programs.MERGESORT.mergesort(MERGESORT.java:47)
	at java_programs.MERGESORT.mergesort(MERGESORT.java:47)
	at java_programs.MERGESORT.mergesort(MERGESORT.java:47)
	at java_programs.MERGESORT.mergesort(MERGESORT.java:47)
	at java_programs.MERGESORT.mergesort(MERGESORT.java:47)
	at java_programs.MERGESORT.mergesort(MERGESORT.java:47)
	at java_programs.MERGESORT.mergesort(MERGESORT.java:47)
	at java_programs.MERGESORT.mergesort(MERGESORT.java:47)
	at java_programs.MERGESORT.mergesort(MERGESORT.java:47)
	at java_programs.MERGESORT.mergesort(MERGESORT.java:47)
	at java_programs.MERGESORT.mergesort(MERGESORT.java:47)
	at java_programs.MERGESORT.mergesort(MERGESORT.java:47)
	at java_programs.MERGESORT.mergesort(MERGESORT.java:47)
	at java_programs.MERGESORT.mergesort(MERGESORT.java:47)
	at java_programs.MERGESORT.mergesort(MERGESORT.java:47)
	at java_programs.MERGESORT.mergesort(MERGESORT.java:47)
	at java_programs.MERGESORT.mergesort(MERGESORT.java:47)
	at java_programs.MERGESORT.mergesort(MERGESORT.java:47)
	at java_programs.MERGESORT.mergesort(MERGESORT.java:47)
	at java_programs.MERGESORT.mergesort(MERGESORT.java:47)
	at java_programs.MERGESORT.mergesort(MERGESORT.java:47)
	at java_programs.MERGESORT.mergesort(MERGESORT.java:47)
	at java_programs.MERGESORT.mergesort(MERGESORT.java:47)
	at java_programs.MERGESORT.mergesort(MERGESORT.java:47)
	at java_programs.MERGESORT.mergesort(MERGESORT.java:47)
	at java_programs.MERGESORT.mergesort(MERGESORT.java:47)
	at java_programs.MERGESORT.mergesort(MERGESORT.java:47)
	at java_programs.MERGESORT.mergesort(MERGESORT.java:47)
	at java_programs.MERGESORT.mergesort(MERGESORT.java:47)
	at java_programs.MERGESORT.mergesort(MERGESORT.java:47)
	at java_programs.MERGESORT.mergesort(MERGESORT.java:47)
	at java_programs.MERGESORT.mergesort(MERGESORT.java:47)
	at java_programs.MERGESORT.mergesort(MERGESORT.java:47)
	at java_programs.MERGESORT.mergesort(MERGESORT.java:47)
	at java_programs.MERGESORT.mergesort(MERGESORT.java:47)
	at java_programs.MERGESORT.mergesort(MERGESORT.java:47)
	at java_programs.MERGESORT.mergesort(MERGESORT.java:47)
	at java_programs.MERGESORT.mergesort(MERGESORT.java:47)
	at java_programs.MERGESORT.mergesort(MERGESORT.java:47)
	at java_programs.MERGESORT.mergesort(MERGESORT.java:47)
	at java_programs.MERGESORT.mergesort(MERGESORT.java:47)
	at java_programs.MERGESORT.mergesort(MERGESORT.java:47)
	at java_programs.MERGESORT.mergesort(MERGESORT.java:47)
	at java_programs.MERGESORT.mergesort(MERGESORT.java:47)
	at java_programs.MERGESORT.mergesort(MERGESORT.java:47)
	at java_programs.MERGESORT.mergesort(MERGESORT.java:47)
	at java_programs.MERGESORT.mergesort(MERGESORT.java:47)
	at java_programs.MERGESORT.mergesort(MERGESORT.java:47)
	at java_programs.MERGESORT.mergesort(MERGESORT.java:47)
	at java_programs.MERGESORT.mergesort(MERGESORT.java:47)
	at java_programs.MERGESORT.mergesort(MERGESORT.java:47)
	at java_programs.MERGESORT.mergesort(MERGESORT.java:47)
	at java_programs.MERGESORT.mergesort(MERGESORT.java:47)
	at java_programs.MERGESORT.mergesort(MERGESORT.java:47)
	at java_programs.MERGESORT.mergesort(MERGESORT.java:47)
	at java_programs.MERGESORT.mergesort(MERGESORT.java:47)
	at java_programs.MERGESORT.mergesort(MERGESORT.java:47)
	at java_programs.MERGESORT.mergesort(MERGESORT.java:47)
	at java_programs.MERGESORT.mergesort(MERGESORT.java:47)
	at java_programs.MERGESORT.mergesort(MERGESORT.java:47)
	at java_programs.MERGESORT.mergesort(MERGESORT.java:47)
	at java_programs.MERGESORT.mergesort(MERGESORT.java:47)
	at java_programs.MERGESORT.mergesort(MERGESORT.java:47)
	at java_programs.MERGESORT.mergesort(MERGESORT.java:47)
	at java_programs.MERGESORT.mergesort(MERGESORT.java:47)
	at java_programs.MERGESORT.mergesort(MERGESORT.java:47)
	at java_programs.MERGESORT.mergesort(MERGESORT.java:47)
	at java_programs.MERGESORT.mergesort(MERGESORT.java:47)
	at java_programs.MERGESORT.mergesort(MERGESORT.java:47)
	at java_programs.MERGESORT.mergesort(MERGESORT.java:47)
	at java_programs.MERGESORT.mergesort(MERGESORT.java:47)
	at java_programs.MERGESORT.mergesort(MERGESORT.java:47)
	at java_programs.MERGESORT.mergesort(MERGESORT.java:47)
	at java_programs.MERGESORT.mergesort(MERGESORT.java:47)
	at java_programs.MERGESORT.mergesort(MERGESORT.java:47)
	at java_programs.MERGESORT.mergesort(MERGESORT.java:47)
	at java_programs.MERGESORT.mergesort(MERGESORT.java:47)
	at java_programs.MERGESORT.mergesort(MERGESORT.java:47)
	at java_programs.MERGESORT.mergesort(MERGESORT.java:47)
	at java_programs.MERGESORT.mergesort(MERGESORT.java:47)
	at java_programs.MERGESORT.mergesort(MERGESORT.java:47)
	at java_programs.MERGESORT.mergesort(MERGESORT.java:47)
	at java_programs.MERGESORT.mergesort(MERGESORT.java:47)
	at java_programs.MERGESORT.mergesort(MERGESORT.java:47)
	at java_programs.MERGESORT.mergesort(MERGESORT.java:47)
	at java_programs.MERGESORT.mergesort(MERGESORT.java:47)
	at java_programs.MERGESORT.mergesort(MERGESORT.java:47)
	at java_programs.MERGESORT.mergesort(MERGESORT.java:47)
	at java_programs.MERGESORT.mergesort(MERGESORT.java:47)
</failure>
  </testcase>
  <testcase name="test_9()" classname="test.java.MERGESORT_TEST" time="0.005">
    <failure message="java.lang.StackOverflowError" type="java.lang.StackOverflowError">java.lang.StackOverflowError
	at java.base/java.util.ArrayList.addAll(ArrayList.java:670)
	at java_programs.MERGESORT.mergesort(MERGESORT.java:43)
	at java_programs.MERGESORT.mergesort(MERGESORT.java:47)
	at java_programs.MERGESORT.mergesort(MERGESORT.java:47)
	at java_programs.MERGESORT.mergesort(MERGESORT.java:47)
	at java_programs.MERGESORT.mergesort(MERGESORT.java:47)
	at java_programs.MERGESORT.mergesort(MERGESORT.java:47)
	at java_programs.MERGESORT.mergesort(MERGESORT.java:47)
	at java_programs.MERGESORT.mergesort(MERGESORT.java:47)
	at java_programs.MERGESORT.mergesort(MERGESORT.java:47)
	at java_programs.MERGESORT.mergesort(MERGESORT.java:47)
	at java_programs.MERGESORT.mergesort(MERGESORT.java:47)
	at java_programs.MERGESORT.mergesort(MERGESORT.java:47)
	at java_programs.MERGESORT.mergesort(MERGESORT.java:47)
	at java_programs.MERGESORT.mergesort(MERGESORT.java:47)
	at java_programs.MERGESORT.mergesort(MERGESORT.java:47)
	at java_programs.MERGESORT.mergesort(MERGESORT.java:47)
	at java_programs.MERGESORT.mergesort(MERGESORT.java:47)
	at java_programs.MERGESORT.mergesort(MERGESORT.java:47)
	at java_programs.MERGESORT.mergesort(MERGESORT.java:47)
	at java_programs.MERGESORT.mergesort(MERGESORT.java:47)
	at java_programs.MERGESORT.mergesort(MERGESORT.java:47)
	at java_programs.MERGESORT.mergesort(MERGESORT.java:47)
	at java_programs.MERGESORT.mergesort(MERGESORT.java:47)
	at java_programs.MERGESORT.mergesort(MERGESORT.java:47)
	at java_programs.MERGESORT.mergesort(MERGESORT.java:47)
	at java_programs.MERGESORT.mergesort(MERGESORT.java:47)
	at java_programs.MERGESORT.mergesort(MERGESORT.java:47)
	at java_programs.MERGESORT.mergesort(MERGESORT.java:47)
	at java_programs.MERGESORT.mergesort(MERGESORT.java:47)
	at java_programs.MERGESORT.mergesort(MERGESORT.java:47)
	at java_programs.MERGESORT.mergesort(MERGESORT.java:47)
	at java_programs.MERGESORT.mergesort(MERGESORT.java:47)
	at java_programs.MERGESORT.mergesort(MERGESORT.java:47)
	at java_programs.MERGESORT.mergesort(MERGESORT.java:47)
	at java_programs.MERGESORT.mergesort(MERGESORT.java:47)
	at java_programs.MERGESORT.mergesort(MERGESORT.java:47)
	at java_programs.MERGESORT.mergesort(MERGESORT.java:47)
	at java_programs.MERGESORT.mergesort(MERGESORT.java:47)
	at java_programs.MERGESORT.mergesort(MERGESORT.java:47)
	at java_programs.MERGESORT.mergesort(MERGESORT.java:47)
	at java_programs.MERGESORT.mergesort(MERGESORT.java:47)
	at java_programs.MERGESORT.mergesort(MERGESORT.java:47)
	at java_programs.MERGESORT.mergesort(MERGESORT.java:47)
	at java_programs.MERGESORT.mergesort(MERGESORT.java:47)
	at java_programs.MERGESORT.mergesort(MERGESORT.java:47)
	at java_programs.MERGESORT.mergesort(MERGESORT.java:47)
	at java_programs.MERGESORT.mergesort(MERGESORT.java:47)
	at java_programs.MERGESORT.mergesort(MERGESORT.java:47)
	at java_programs.MERGESORT.mergesort(MERGESORT.java:47)
	at java_programs.MERGESORT.mergesort(MERGESORT.java:47)
	at java_programs.MERGESORT.mergesort(MERGESORT.java:47)
	at java_programs.MERGESORT.mergesort(MERGESORT.java:47)
	at java_programs.MERGESORT.mergesort(MERGESORT.java:47)
	at java_programs.MERGESORT.mergesort(MERGESORT.java:47)
	at java_programs.MERGESORT.mergesort(MERGESORT.java:47)
	at java_programs.MERGESORT.mergesort(MERGESORT.java:47)
	at java_programs.MERGESORT.mergesort(MERGESORT.java:47)
	at java_programs.MERGESORT.mergesort(MERGESORT.java:47)
	at java_programs.MERGESORT.mergesort(MERGESORT.java:47)
	at java_programs.MERGESORT.mergesort(MERGESORT.java:47)
	at java_programs.MERGESORT.mergesort(MERGESORT.java:47)
	at java_programs.MERGESORT.mergesort(MERGESORT.java:47)
	at java_programs.MERGESORT.mergesort(MERGESORT.java:47)
	at java_programs.MERGESORT.mergesort(MERGESORT.java:47)
	at java_programs.MERGESORT.mergesort(MERGESORT.java:47)
	at java_programs.MERGESORT.mergesort(MERGESORT.java:47)
	at java_programs.MERGESORT.mergesort(MERGESORT.java:47)
	at java_programs.MERGESORT.mergesort(MERGESORT.java:47)
	at java_programs.MERGESORT.mergesort(MERGESORT.java:47)
	at java_programs.MERGESORT.mergesort(MERGESORT.java:47)
	at java_programs.MERGESORT.mergesort(MERGESORT.java:47)
	at java_programs.MERGESORT.mergesort(MERGESORT.java:47)
	at java_programs.MERGESORT.mergesort(MERGESORT.java:47)
	at java_programs.MERGESORT.mergesort(MERGESORT.java:47)
	at java_programs.MERGESORT.mergesort(MERGESORT.java:47)
	at java_programs.MERGESORT.mergesort(MERGESORT.java:47)
	at java_programs.MERGESORT.mergesort(MERGESORT.java:47)
	at java_programs.MERGESORT.mergesort(MERGESORT.java:47)
	at java_programs.MERGESORT.mergesort(MERGESORT.java:47)
	at java_programs.MERGESORT.mergesort(MERGESORT.java:47)
	at java_programs.MERGESORT.mergesort(MERGESORT.java:47)
	at java_programs.MERGESORT.mergesort(MERGESORT.java:47)
	at java_programs.MERGESORT.mergesort(MERGESORT.java:47)
	at java_programs.MERGESORT.mergesort(MERGESORT.java:47)
	at java_programs.MERGESORT.mergesort(MERGESORT.java:47)
	at java_programs.MERGESORT.mergesort(MERGESORT.java:47)
	at java_programs.MERGESORT.mergesort(MERGESORT.java:47)
	at java_programs.MERGESORT.mergesort(MERGESORT.java:47)
	at java_programs.MERGESORT.mergesort(MERGESORT.java:47)
	at java_programs.MERGESORT.mergesort(MERGESORT.java:47)
	at java_programs.MERGESORT.mergesort(MERGESORT.java:47)
	at java_programs.MERGESORT.mergesort(MERGESORT.java:47)
	at java_programs.MERGESORT.mergesort(MERGESORT.java:47)
	at java_programs.MERGESORT.mergesort(MERGESORT.java:47)
	at java_programs.MERGESORT.mergesort(MERGESORT.java:47)
	at java_programs.MERGESORT.mergesort(MERGESORT.java:47)
	at java_programs.MERGESORT.mergesort(MERGESORT.java:47)
	at java_programs.MERGESORT.mergesort(MERGESORT.java:47)
	at java_programs.MERGESORT.mergesort(MERGESORT.java:47)
	at java_programs.MERGESORT.mergesort(MERGESORT.java:47)
	at java_programs.MERGESORT.mergesort(MERGESORT.java:47)
	at java_programs.MERGESORT.mergesort(MERGESORT.java:47)
	at java_programs.MERGESORT.mergesort(MERGESORT.java:47)
	at java_programs.MERGESORT.mergesort(MERGESORT.java:47)
	at java_programs.MERGESORT.mergesort(MERGESORT.java:47)
	at java_programs.MERGESORT.mergesort(MERGESORT.java:47)
	at java_programs.MERGESORT.mergesort(MERGESORT.java:47)
	at java_programs.MERGESORT.mergesort(MERGESORT.java:47)
	at java_programs.MERGESORT.mergesort(MERGESORT.java:47)
	at java_programs.MERGESORT.mergesort(MERGESORT.java:47)
	at java_programs.MERGESORT.mergesort(MERGESORT.java:47)
	at java_programs.MERGESORT.mergesort(MERGESORT.java:47)
	at java_programs.MERGESORT.mergesort(MERGESORT.java:47)
	at java_programs.MERGESORT.mergesort(MERGESORT.java:47)
	at java_programs.MERGESORT.mergesort(MERGESORT.java:47)
	at java_programs.MERGESORT.mergesort(MERGESORT.java:47)
	at java_programs.MERGESORT.mergesort(MERGESORT.java:47)
	at java_programs.MERGESORT.mergesort(MERGESORT.java:47)
	at java_programs.MERGESORT.mergesort(MERGESORT.java:47)
	at java_programs.MERGESORT.mergesort(MERGESORT.java:47)
	at java_programs.MERGESORT.mergesort(MERGESORT.java:47)
	at java_programs.MERGESORT.mergesort(MERGESORT.java:47)
	at java_programs.MERGESORT.mergesort(MERGESORT.java:47)
	at java_programs.MERGESORT.mergesort(MERGESORT.java:47)
	at java_programs.MERGESORT.mergesort(MERGESORT.java:47)
	at java_programs.MERGESORT.mergesort(MERGESORT.java:47)
	at java_programs.MERGESORT.mergesort(MERGESORT.java:47)
	at java_programs.MERGESORT.mergesort(MERGESORT.java:47)
	at java_programs.MERGESORT.mergesort(MERGESORT.java:47)
	at java_programs.MERGESORT.mergesort(MERGESORT.java:47)
	at java_programs.MERGESORT.mergesort(MERGESORT.java:47)
	at java_programs.MERGESORT.mergesort(MERGESORT.java:47)
	at java_programs.MERGESORT.mergesort(MERGESORT.java:47)
	at java_programs.MERGESORT.mergesort(MERGESORT.java:47)
	at java_programs.MERGESORT.mergesort(MERGESORT.java:47)
	at java_programs.MERGESORT.mergesort(MERGESORT.java:47)
	at java_programs.MERGESORT.mergesort(MERGESORT.java:47)
	at java_programs.MERGESORT.mergesort(MERGESORT.java:47)
	at java_programs.MERGESORT.mergesort(MERGESORT.java:47)
	at java_programs.MERGESORT.mergesort(MERGESORT.java:47)
	at java_programs.MERGESORT.mergesort(MERGESORT.java:47)
	at java_programs.MERGESORT.mergesort(MERGESORT.java:47)
	at java_programs.MERGESORT.mergesort(MERGESORT.java:47)
	at java_programs.MERGESORT.mergesort(MERGESORT.java:47)
	at java_programs.MERGESORT.mergesort(MERGESORT.java:47)
	at java_programs.MERGESORT.mergesort(MERGESORT.java:47)
	at java_programs.MERGESORT.mergesort(MERGESORT.java:47)
	at java_programs.MERGESORT.mergesort(MERGESORT.java:47)
	at java_programs.MERGESORT.mergesort(MERGESORT.java:47)
	at java_programs.MERGESORT.mergesort(MERGESORT.java:47)
	at java_programs.MERGESORT.mergesort(MERGESORT.java:47)
	at java_programs.MERGESORT.mergesort(MERGESORT.java:47)
	at java_programs.MERGESORT.mergesort(MERGESORT.java:47)
	at java_programs.MERGESORT.mergesort(MERGESORT.java:47)
	at java_programs.MERGESORT.mergesort(MERGESORT.java:47)
	at java_programs.MERGESORT.mergesort(MERGESORT.java:47)
	at java_programs.MERGESORT.mergesort(MERGESORT.java:47)
	at java_programs.MERGESORT.mergesort(MERGESORT.java:47)
	at java_programs.MERGESORT.mergesort(MERGESORT.java:47)
	at java_programs.MERGESORT.mergesort(MERGESORT.java:47)
	at java_programs.MERGESORT.mergesort(MERGESORT.java:47)
	at java_programs.MERGESORT.mergesort(MERGESORT.java:47)
	at java_programs.MERGESORT.mergesort(MERGESORT.java:47)
	at java_programs.MERGESORT.mergesort(MERGESORT.java:47)
	at java_programs.MERGESORT.mergesort(MERGESORT.java:47)
	at java_programs.MERGESORT.mergesort(MERGESORT.java:47)
	at java_programs.MERGESORT.mergesort(MERGESORT.java:47)
	at java_programs.MERGESORT.mergesort(MERGESORT.java:47)
	at java_programs.MERGESORT.mergesort(MERGESORT.java:47)
	at java_programs.MERGESORT.mergesort(MERGESORT.java:47)
	at java_programs.MERGESORT.mergesort(MERGESORT.java:47)
	at java_programs.MERGESORT.mergesort(MERGESORT.java:47)
	at java_programs.MERGESORT.mergesort(MERGESORT.java:47)
	at java_programs.MERGESORT.mergesort(MERGESORT.java:47)
	at java_programs.MERGESORT.mergesort(MERGESORT.java:47)
	at java_programs.MERGESORT.mergesort(MERGESORT.java:47)
	at java_programs.MERGESORT.mergesort(MERGESORT.java:47)
	at java_programs.MERGESORT.mergesort(MERGESORT.java:47)
	at java_programs.MERGESORT.mergesort(MERGESORT.java:47)
	at java_programs.MERGESORT.mergesort(MERGESORT.java:47)
	at java_programs.MERGESORT.mergesort(MERGESORT.java:47)
	at java_programs.MERGESORT.mergesort(MERGESORT.java:47)
	at java_programs.MERGESORT.mergesort(MERGESORT.java:47)
	at java_programs.MERGESORT.mergesort(MERGESORT.java:47)
	at java_programs.MERGESORT.mergesort(MERGESORT.java:47)
	at java_programs.MERGESORT.mergesort(MERGESORT.java:47)
	at java_programs.MERGESORT.mergesort(MERGESORT.java:47)
	at java_programs.MERGESORT.mergesort(MERGESORT.java:47)
	at java_programs.MERGESORT.mergesort(MERGESORT.java:47)
	at java_programs.MERGESORT.mergesort(MERGESORT.java:47)
	at java_programs.MERGESORT.mergesort(MERGESORT.java:47)
	at java_programs.MERGESORT.mergesort(MERGESORT.java:47)
	at java_programs.MERGESORT.mergesort(MERGESORT.java:47)
	at java_programs.MERGESORT.mergesort(MERGESORT.java:47)
	at java_programs.MERGESORT.mergesort(MERGESORT.java:47)
	at java_programs.MERGESORT.mergesort(MERGESORT.java:47)
	at java_programs.MERGESORT.mergesort(MERGESORT.java:47)
	at java_programs.MERGESORT.mergesort(MERGESORT.java:47)
	at java_programs.MERGESORT.mergesort(MERGESORT.java:47)
	at java_programs.MERGESORT.mergesort(MERGESORT.java:47)
	at java_programs.MERGESORT.mergesort(MERGESORT.java:47)
	at java_programs.MERGESORT.mergesort(MERGESORT.java:47)
	at java_programs.MERGESORT.mergesort(MERGESORT.java:47)
	at java_programs.MERGESORT.mergesort(MERGESORT.java:47)
	at java_programs.MERGESORT.mergesort(MERGESORT.java:47)
	at java_programs.MERGESORT.mergesort(MERGESORT.java:47)
	at java_programs.MERGESORT.mergesort(MERGESORT.java:47)
	at java_programs.MERGESORT.mergesort(MERGESORT.java:47)
	at java_programs.MERGESORT.mergesort(MERGESORT.java:47)
	at java_programs.MERGESORT.mergesort(MERGESORT.java:47)
	at java_programs.MERGESORT.mergesort(MERGESORT.java:47)
	at java_programs.MERGESORT.mergesort(MERGESORT.java:47)
	at java_programs.MERGESORT.mergesort(MERGESORT.java:47)
	at java_programs.MERGESORT.mergesort(MERGESORT.java:47)
	at java_programs.MERGESORT.mergesort(MERGESORT.java:47)
	at java_programs.MERGESORT.mergesort(MERGESORT.java:47)
	at java_programs.MERGESORT.mergesort(MERGESORT.java:47)
	at java_programs.MERGESORT.mergesort(MERGESORT.java:47)
	at java_programs.MERGESORT.mergesort(MERGESORT.java:47)
	at java_programs.MERGESORT.mergesort(MERGESORT.java:47)
	at java_programs.MERGESORT.mergesort(MERGESORT.java:47)
	at java_programs.MERGESORT.mergesort(MERGESORT.java:47)
	at java_programs.MERGESORT.mergesort(MERGESORT.java:47)
	at java_programs.MERGESORT.mergesort(MERGESORT.java:47)
	at java_programs.MERGESORT.mergesort(MERGESORT.java:47)
	at java_programs.MERGESORT.mergesort(MERGESORT.java:47)
	at java_programs.MERGESORT.mergesort(MERGESORT.java:47)
	at java_programs.MERGESORT.mergesort(MERGESORT.java:47)
	at java_programs.MERGESORT.mergesort(MERGESORT.java:47)
	at java_programs.MERGESORT.mergesort(MERGESORT.java:47)
	at java_programs.MERGESORT.mergesort(MERGESORT.java:47)
	at java_programs.MERGESORT.mergesort(MERGESORT.java:47)
	at java_programs.MERGESORT.mergesort(MERGESORT.java:47)
	at java_programs.MERGESORT.mergesort(MERGESORT.java:47)
	at java_programs.MERGESORT.mergesort(MERGESORT.java:47)
	at java_programs.MERGESORT.mergesort(MERGESORT.java:47)
	at java_programs.MERGESORT.mergesort(MERGESORT.java:47)
	at java_programs.MERGESORT.mergesort(MERGESORT.java:47)
	at java_programs.MERGESORT.mergesort(MERGESORT.java:47)
	at java_programs.MERGESORT.mergesort(MERGESORT.java:47)
	at java_programs.MERGESORT.mergesort(MERGESORT.java:47)
	at java_programs.MERGESORT.mergesort(MERGESORT.java:47)
	at java_programs.MERGESORT.mergesort(MERGESORT.java:47)
	at java_programs.MERGESORT.mergesort(MERGESORT.java:47)
	at java_programs.MERGESORT.mergesort(MERGESORT.java:47)
	at java_programs.MERGESORT.mergesort(MERGESORT.java:47)
	at java_programs.MERGESORT.mergesort(MERGESORT.java:47)
	at java_programs.MERGESORT.mergesort(MERGESORT.java:47)
	at java_programs.MERGESORT.mergesort(MERGESORT.java:47)
	at java_programs.MERGESORT.mergesort(MERGESORT.java:47)
	at java_programs.MERGESORT.mergesort(MERGESORT.java:47)
	at java_programs.MERGESORT.mergesort(MERGESORT.java:47)
	at java_programs.MERGESORT.mergesort(MERGESORT.java:47)
	at java_programs.MERGESORT.mergesort(MERGESORT.java:47)
	at java_programs.MERGESORT.mergesort(MERGESORT.java:47)
	at java_programs.MERGESORT.mergesort(MERGESORT.java:47)
	at java_programs.MERGESORT.mergesort(MERGESORT.java:47)
	at java_programs.MERGESORT.mergesort(MERGESORT.java:47)
	at java_programs.MERGESORT.mergesort(MERGESORT.java:47)
	at java_programs.MERGESORT.mergesort(MERGESORT.java:47)
	at java_programs.MERGESORT.mergesort(MERGESORT.java:47)
	at java_programs.MERGESORT.mergesort(MERGESORT.java:47)
	at java_programs.MERGESORT.mergesort(MERGESORT.java:47)
	at java_programs.MERGESORT.mergesort(MERGESORT.java:47)
	at java_programs.MERGESORT.mergesort(MERGESORT.java:47)
	at java_programs.MERGESORT.mergesort(MERGESORT.java:47)
	at java_programs.MERGESORT.mergesort(MERGESORT.java:47)
	at java_programs.MERGESORT.mergesort(MERGESORT.java:47)
	at java_programs.MERGESORT.mergesort(MERGESORT.java:47)
	at java_programs.MERGESORT.mergesort(MERGESORT.java:47)
	at java_programs.MERGESORT.mergesort(MERGESORT.java:47)
	at java_programs.MERGESORT.mergesort(MERGESORT.java:47)
	at java_programs.MERGESORT.mergesort(MERGESORT.java:47)
	at java_programs.MERGESORT.mergesort(MERGESORT.java:47)
	at java_programs.MERGESORT.mergesort(MERGESORT.java:47)
	at java_programs.MERGESORT.mergesort(MERGESORT.java:47)
	at java_programs.MERGESORT.mergesort(MERGESORT.java:47)
	at java_programs.MERGESORT.mergesort(MERGESORT.java:47)
	at java_programs.MERGESORT.mergesort(MERGESORT.java:47)
	at java_programs.MERGESORT.mergesort(MERGESORT.java:47)
	at java_programs.MERGESORT.mergesort(MERGESORT.java:47)
	at java_programs.MERGESORT.mergesort(MERGESORT.java:47)
	at java_programs.MERGESORT.mergesort(MERGESORT.java:47)
	at java_programs.MERGESORT.mergesort(MERGESORT.java:47)
	at java_programs.MERGESORT.mergesort(MERGESORT.java:47)
	at java_programs.MERGESORT.mergesort(MERGESORT.java:47)
	at java_programs.MERGESORT.mergesort(MERGESORT.java:47)
	at java_programs.MERGESORT.mergesort(MERGESORT.java:47)
	at java_programs.MERGESORT.mergesort(MERGESORT.java:47)
	at java_programs.MERGESORT.mergesort(MERGESORT.java:47)
	at java_programs.MERGESORT.mergesort(MERGESORT.java:47)
	at java_programs.MERGESORT.mergesort(MERGESORT.java:47)
	at java_programs.MERGESORT.mergesort(MERGESORT.java:47)
	at java_programs.MERGESORT.mergesort(MERGESORT.java:47)
	at java_programs.MERGESORT.mergesort(MERGESORT.java:47)
	at java_programs.MERGESORT.mergesort(MERGESORT.java:47)
	at java_programs.MERGESORT.mergesort(MERGESORT.java:47)
	at java_programs.MERGESORT.mergesort(MERGESORT.java:47)
	at java_programs.MERGESORT.mergesort(MERGESORT.java:47)
	at java_programs.MERGESORT.mergesort(MERGESORT.java:47)
	at java_programs.MERGESORT.mergesort(MERGESORT.java:47)
	at java_programs.MERGESORT.mergesort(MERGESORT.java:47)
	at java_programs.MERGESORT.mergesort(MERGESORT.java:47)
	at java_programs.MERGESORT.mergesort(MERGESORT.java:47)
	at java_programs.MERGESORT.mergesort(MERGESORT.java:47)
	at java_programs.MERGESORT.mergesort(MERGESORT.java:47)
	at java_programs.MERGESORT.mergesort(MERGESORT.java:47)
	at java_programs.MERGESORT.mergesort(MERGESORT.java:47)
	at java_programs.MERGESORT.mergesort(MERGESORT.java:47)
	at java_programs.MERGESORT.mergesort(MERGESORT.java:47)
	at java_programs.MERGESORT.mergesort(MERGESORT.java:47)
	at java_programs.MERGESORT.mergesort(MERGESORT.java:47)
	at java_programs.MERGESORT.mergesort(MERGESORT.java:47)
	at java_programs.MERGESORT.mergesort(MERGESORT.java:47)
	at java_programs.MERGESORT.mergesort(MERGESORT.java:47)
	at java_programs.MERGESORT.mergesort(MERGESORT.java:47)
	at java_programs.MERGESORT.mergesort(MERGESORT.java:47)
	at java_programs.MERGESORT.mergesort(MERGESORT.java:47)
	at java_programs.MERGESORT.mergesort(MERGESORT.java:47)
	at java_programs.MERGESORT.mergesort(MERGESORT.java:47)
	at java_programs.MERGESORT.mergesort(MERGESORT.java:47)
	at java_programs.MERGESORT.mergesort(MERGESORT.java:47)
	at java_programs.MERGESORT.mergesort(MERGESORT.java:47)
	at java_programs.MERGESORT.mergesort(MERGESORT.java:47)
	at java_programs.MERGESORT.mergesort(MERGESORT.java:47)
	at java_programs.MERGESORT.mergesort(MERGESORT.java:47)
	at java_programs.MERGESORT.mergesort(MERGESORT.java:47)
	at java_programs.MERGESORT.mergesort(MERGESORT.java:47)
	at java_programs.MERGESORT.mergesort(MERGESORT.java:47)
	at java_programs.MERGESORT.mergesort(MERGESORT.java:47)
	at java_programs.MERGESORT.mergesort(MERGESORT.java:47)
	at java_programs.MERGESORT.mergesort(MERGESORT.java:47)
	at java_programs.MERGESORT.mergesort(MERGESORT.java:47)
	at java_programs.MERGESORT.mergesort(MERGESORT.java:47)
	at java_programs.MERGESORT.mergesort(MERGESORT.java:47)
	at java_programs.MERGESORT.mergesort(MERGESORT.java:47)
	at java_programs.MERGESORT.mergesort(MERGESORT.java:47)
	at java_programs.MERGESORT.mergesort(MERGESORT.java:47)
	at java_programs.MERGESORT.mergesort(MERGESORT.java:47)
	at java_programs.MERGESORT.mergesort(MERGESORT.java:47)
	at java_programs.MERGESORT.mergesort(MERGESORT.java:47)
	at java_programs.MERGESORT.mergesort(MERGESORT.java:47)
	at java_programs.MERGESORT.mergesort(MERGESORT.java:47)
	at java_programs.MERGESORT.mergesort(MERGESORT.java:47)
	at java_programs.MERGESORT.mergesort(MERGESORT.java:47)
	at java_programs.MERGESORT.mergesort(MERGESORT.java:47)
	at java_programs.MERGESORT.mergesort(MERGESORT.java:47)
	at java_programs.MERGESORT.mergesort(MERGESORT.java:47)
	at java_programs.MERGESORT.mergesort(MERGESORT.java:47)
	at java_programs.MERGESORT.mergesort(MERGESORT.java:47)
	at java_programs.MERGESORT.mergesort(MERGESORT.java:47)
	at java_programs.MERGESORT.mergesort(MERGESORT.java:47)
	at java_programs.MERGESORT.mergesort(MERGESORT.java:47)
	at java_programs.MERGESORT.mergesort(MERGESORT.java:47)
	at java_programs.MERGESORT.mergesort(MERGESORT.java:47)
	at java_programs.MERGESORT.mergesort(MERGESORT.java:47)
	at java_programs.MERGESORT.mergesort(MERGESORT.java:47)
	at java_programs.MERGESORT.mergesort(MERGESORT.java:47)
	at java_programs.MERGESORT.mergesort(MERGESORT.java:47)
	at java_programs.MERGESORT.mergesort(MERGESORT.java:47)
	at java_programs.MERGESORT.mergesort(MERGESORT.java:47)
	at java_programs.MERGESORT.mergesort(MERGESORT.java:47)
	at java_programs.MERGESORT.mergesort(MERGESORT.java:47)
	at java_programs.MERGESORT.mergesort(MERGESORT.java:47)
	at java_programs.MERGESORT.mergesort(MERGESORT.java:47)
	at java_programs.MERGESORT.mergesort(MERGESORT.java:47)
	at java_programs.MERGESORT.mergesort(MERGESORT.java:47)
	at java_programs.MERGESORT.mergesort(MERGESORT.java:47)
	at java_programs.MERGESORT.mergesort(MERGESORT.java:47)
	at java_programs.MERGESORT.mergesort(MERGESORT.java:47)
	at java_programs.MERGESORT.mergesort(MERGESORT.java:47)
	at java_programs.MERGESORT.mergesort(MERGESORT.java:47)
	at java_programs.MERGESORT.mergesort(MERGESORT.java:47)
	at java_programs.MERGESORT.mergesort(MERGESORT.java:47)
	at java_programs.MERGESORT.mergesort(MERGESORT.java:47)
	at java_programs.MERGESORT.mergesort(MERGESORT.java:47)
	at java_programs.MERGESORT.mergesort(MERGESORT.java:47)
	at java_programs.MERGESORT.mergesort(MERGESORT.java:47)
	at java_programs.MERGESORT.mergesort(MERGESORT.java:47)
	at java_programs.MERGESORT.mergesort(MERGESORT.java:47)
	at java_programs.MERGESORT.mergesort(MERGESORT.java:47)
	at java_programs.MERGESORT.mergesort(MERGESORT.java:47)
	at java_programs.MERGESORT.mergesort(MERGESORT.java:47)
	at java_programs.MERGESORT.mergesort(MERGESORT.java:47)
	at java_programs.MERGESORT.mergesort(MERGESORT.java:47)
	at java_programs.MERGESORT.mergesort(MERGESORT.java:47)
	at java_programs.MERGESORT.mergesort(MERGESORT.java:47)
	at java_programs.MERGESORT.mergesort(MERGESORT.java:47)
	at java_programs.MERGESORT.mergesort(MERGESORT.java:47)
	at java_programs.MERGESORT.mergesort(MERGESORT.java:47)
	at java_programs.MERGESORT.mergesort(MERGESORT.java:47)
	at java_programs.MERGESORT.mergesort(MERGESORT.java:47)
	at java_programs.MERGESORT.mergesort(MERGESORT.java:47)
	at java_programs.MERGESORT.mergesort(MERGESORT.java:47)
	at java_programs.MERGESORT.mergesort(MERGESORT.java:47)
	at java_programs.MERGESORT.mergesort(MERGESORT.java:47)
	at java_programs.MERGESORT.mergesort(MERGESORT.java:47)
	at java_programs.MERGESORT.mergesort(MERGESORT.java:47)
	at java_programs.MERGESORT.mergesort(MERGESORT.java:47)
	at java_programs.MERGESORT.mergesort(MERGESORT.java:47)
	at java_programs.MERGESORT.mergesort(MERGESORT.java:47)
	at java_programs.MERGESORT.mergesort(MERGESORT.java:47)
	at java_programs.MERGESORT.mergesort(MERGESORT.java:47)
	at java_programs.MERGESORT.mergesort(MERGESORT.java:47)
	at java_programs.MERGESORT.mergesort(MERGESORT.java:47)
	at java_programs.MERGESORT.mergesort(MERGESORT.java:47)
	at java_programs.MERGESORT.mergesort(MERGESORT.java:47)
	at java_programs.MERGESORT.mergesort(MERGESORT.java:47)
	at java_programs.MERGESORT.mergesort(MERGESORT.java:47)
	at java_programs.MERGESORT.mergesort(MERGESORT.java:47)
	at java_programs.MERGESORT.mergesort(MERGESORT.java:47)
	at java_programs.MERGESORT.mergesort(MERGESORT.java:47)
	at java_programs.MERGESORT.mergesort(MERGESORT.java:47)
	at java_programs.MERGESORT.mergesort(MERGESORT.java:47)
	at java_programs.MERGESORT.mergesort(MERGESORT.java:47)
	at java_programs.MERGESORT.mergesort(MERGESORT.java:47)
	at java_programs.MERGESORT.mergesort(MERGESORT.java:47)
	at java_programs.MERGESORT.mergesort(MERGESORT.java:47)
	at java_programs.MERGESORT.mergesort(MERGESORT.java:47)
	at java_programs.MERGESORT.mergesort(MERGESORT.java:47)
	at java_programs.MERGESORT.mergesort(MERGESORT.java:47)
	at java_programs.MERGESORT.mergesort(MERGESORT.java:47)
	at java_programs.MERGESORT.mergesort(MERGESORT.java:47)
	at java_programs.MERGESORT.mergesort(MERGESORT.java:47)
	at java_programs.MERGESORT.mergesort(MERGESORT.java:47)
	at java_programs.MERGESORT.mergesort(MERGESORT.java:47)
	at java_programs.MERGESORT.mergesort(MERGESORT.java:47)
	at java_programs.MERGESORT.mergesort(MERGESORT.java:47)
	at java_programs.MERGESORT.mergesort(MERGESORT.java:47)
	at java_programs.MERGESORT.mergesort(MERGESORT.java:47)
	at java_programs.MERGESORT.mergesort(MERGESORT.java:47)
	at java_programs.MERGESORT.mergesort(MERGESORT.java:47)
	at java_programs.MERGESORT.mergesort(MERGESORT.java:47)
	at java_programs.MERGESORT.mergesort(MERGESORT.java:47)
	at java_programs.MERGESORT.mergesort(MERGESORT.java:47)
	at java_programs.MERGESORT.mergesort(MERGESORT.java:47)
	at java_programs.MERGESORT.mergesort(MERGESORT.java:47)
	at java_programs.MERGESORT.mergesort(MERGESORT.java:47)
	at java_programs.MERGESORT.mergesort(MERGESORT.java:47)
	at java_programs.MERGESORT.mergesort(MERGESORT.java:47)
	at java_programs.MERGESORT.mergesort(MERGESORT.java:47)
	at java_programs.MERGESORT.mergesort(MERGESORT.java:47)
	at java_programs.MERGESORT.mergesort(MERGESORT.java:47)
	at java_programs.MERGESORT.mergesort(MERGESORT.java:47)
	at java_programs.MERGESORT.mergesort(MERGESORT.java:47)
	at java_programs.MERGESORT.mergesort(MERGESORT.java:47)
	at java_programs.MERGESORT.mergesort(MERGESORT.java:47)
	at java_programs.MERGESORT.mergesort(MERGESORT.java:47)
	at java_programs.MERGESORT.mergesort(MERGESORT.java:47)
	at java_programs.MERGESORT.mergesort(MERGESORT.java:47)
	at java_programs.MERGESORT.mergesort(MERGESORT.java:47)
	at java_programs.MERGESORT.mergesort(MERGESORT.java:47)
	at java_programs.MERGESORT.mergesort(MERGESORT.java:47)
	at java_programs.MERGESORT.mergesort(MERGESORT.java:47)
	at java_programs.MERGESORT.mergesort(MERGESORT.java:47)
	at java_programs.MERGESORT.mergesort(MERGESORT.java:47)
	at java_programs.MERGESORT.mergesort(MERGESORT.java:47)
	at java_programs.MERGESORT.mergesort(MERGESORT.java:47)
	at java_programs.MERGESORT.mergesort(MERGESORT.java:47)
	at java_programs.MERGESORT.mergesort(MERGESORT.java:47)
	at java_programs.MERGESORT.mergesort(MERGESORT.java:47)
	at java_programs.MERGESORT.mergesort(MERGESORT.java:47)
	at java_programs.MERGESORT.mergesort(MERGESORT.java:47)
	at java_programs.MERGESORT.mergesort(MERGESORT.java:47)
	at java_programs.MERGESORT.mergesort(MERGESORT.java:47)
	at java_programs.MERGESORT.mergesort(MERGESORT.java:47)
	at java_programs.MERGESORT.mergesort(MERGESORT.java:47)
	at java_programs.MERGESORT.mergesort(MERGESORT.java:47)
	at java_programs.MERGESORT.mergesort(MERGESORT.java:47)
	at java_programs.MERGESORT.mergesort(MERGESORT.java:47)
	at java_programs.MERGESORT.mergesort(MERGESORT.java:47)
	at java_programs.MERGESORT.mergesort(MERGESORT.java:47)
	at java_programs.MERGESORT.mergesort(MERGESORT.java:47)
	at java_programs.MERGESORT.mergesort(MERGESORT.java:47)
	at java_programs.MERGESORT.mergesort(MERGESORT.java:47)
	at java_programs.MERGESORT.mergesort(MERGESORT.java:47)
	at java_programs.MERGESORT.mergesort(MERGESORT.java:47)
	at java_programs.MERGESORT.mergesort(MERGESORT.java:47)
	at java_programs.MERGESORT.mergesort(MERGESORT.java:47)
	at java_programs.MERGESORT.mergesort(MERGESORT.java:47)
	at java_programs.MERGESORT.mergesort(MERGESORT.java:47)
	at java_programs.MERGESORT.mergesort(MERGESORT.java:47)
	at java_programs.MERGESORT.mergesort(MERGESORT.java:47)
	at java_programs.MERGESORT.mergesort(MERGESORT.java:47)
	at java_programs.MERGESORT.mergesort(MERGESORT.java:47)
	at java_programs.MERGESORT.mergesort(MERGESORT.java:47)
	at java_programs.MERGESORT.mergesort(MERGESORT.java:47)
	at java_programs.MERGESORT.mergesort(MERGESORT.java:47)
	at java_programs.MERGESORT.mergesort(MERGESORT.java:47)
	at java_programs.MERGESORT.mergesort(MERGESORT.java:47)
	at java_programs.MERGESORT.mergesort(MERGESORT.java:47)
	at java_programs.MERGESORT.mergesort(MERGESORT.java:47)
	at java_programs.MERGESORT.mergesort(MERGESORT.java:47)
	at java_programs.MERGESORT.mergesort(MERGESORT.java:47)
	at java_programs.MERGESORT.mergesort(MERGESORT.java:47)
	at java_programs.MERGESORT.mergesort(MERGESORT.java:47)
	at java_programs.MERGESORT.mergesort(MERGESORT.java:47)
	at java_programs.MERGESORT.mergesort(MERGESORT.java:47)
	at java_programs.MERGESORT.mergesort(MERGESORT.java:47)
	at java_programs.MERGESORT.mergesort(MERGESORT.java:47)
	at java_programs.MERGESORT.mergesort(MERGESORT.java:47)
	at java_programs.MERGESORT.mergesort(MERGESORT.java:47)
	at java_programs.MERGESORT.mergesort(MERGESORT.java:47)
	at java_programs.MERGESORT.mergesort(MERGESORT.java:47)
	at java_programs.MERGESORT.mergesort(MERGESORT.java:47)
	at java_programs.MERGESORT.mergesort(MERGESORT.java:47)
	at java_programs.MERGESORT.mergesort(MERGESORT.java:47)
	at java_programs.MERGESORT.mergesort(MERGESORT.java:47)
	at java_programs.MERGESORT.mergesort(MERGESORT.java:47)
	at java_programs.MERGESORT.mergesort(MERGESORT.java:47)
	at java_programs.MERGESORT.mergesort(MERGESORT.java:47)
	at java_programs.MERGESORT.mergesort(MERGESORT.java:47)
	at java_programs.MERGESORT.mergesort(MERGESORT.java:47)
	at java_programs.MERGESORT.mergesort(MERGESORT.java:47)
	at java_programs.MERGESORT.mergesort(MERGESORT.java:47)
	at java_programs.MERGESORT.mergesort(MERGESORT.java:47)
	at java_programs.MERGESORT.mergesort(MERGESORT.java:47)
	at java_programs.MERGESORT.mergesort(MERGESORT.java:47)
	at java_programs.MERGESORT.mergesort(MERGESORT.java:47)
	at java_programs.MERGESORT.mergesort(MERGESORT.java:47)
	at java_programs.MERGESORT.mergesort(MERGESORT.java:47)
	at java_programs.MERGESORT.mergesort(MERGESORT.java:47)
	at java_programs.MERGESORT.mergesort(MERGESORT.java:47)
	at java_programs.MERGESORT.mergesort(MERGESORT.java:47)
	at java_programs.MERGESORT.mergesort(MERGESORT.java:47)
	at java_programs.MERGESORT.mergesort(MERGESORT.java:47)
	at java_programs.MERGESORT.mergesort(MERGESORT.java:47)
	at java_programs.MERGESORT.mergesort(MERGESORT.java:47)
	at java_programs.MERGESORT.mergesort(MERGESORT.java:47)
	at java_programs.MERGESORT.mergesort(MERGESORT.java:47)
	at java_programs.MERGESORT.mergesort(MERGESORT.java:47)
	at java_programs.MERGESORT.mergesort(MERGESORT.java:47)
	at java_programs.MERGESORT.mergesort(MERGESORT.java:47)
	at java_programs.MERGESORT.mergesort(MERGESORT.java:47)
	at java_programs.MERGESORT.mergesort(MERGESORT.java:47)
	at java_programs.MERGESORT.mergesort(MERGESORT.java:47)
	at java_programs.MERGESORT.mergesort(MERGESORT.java:47)
	at java_programs.MERGESORT.mergesort(MERGESORT.java:47)
	at java_programs.MERGESORT.mergesort(MERGESORT.java:47)
	at java_programs.MERGESORT.mergesort(MERGESORT.java:47)
	at java_programs.MERGESORT.mergesort(MERGESORT.java:47)
	at java_programs.MERGESORT.mergesort(MERGESORT.java:47)
	at java_programs.MERGESORT.mergesort(MERGESORT.java:47)
	at java_programs.MERGESORT.mergesort(MERGESORT.java:47)
	at java_programs.MERGESORT.mergesort(MERGESORT.java:47)
	at java_programs.MERGESORT.mergesort(MERGESORT.java:47)
	at java_programs.MERGESORT.mergesort(MERGESORT.java:47)
	at java_programs.MERGESORT.mergesort(MERGESORT.java:47)
	at java_programs.MERGESORT.mergesort(MERGESORT.java:47)
	at java_programs.MERGESORT.mergesort(MERGESORT.java:47)
	at java_programs.MERGESORT.mergesort(MERGESORT.java:47)
	at java_programs.MERGESORT.mergesort(MERGESORT.java:47)
	at java_programs.MERGESORT.mergesort(MERGESORT.java:47)
	at java_programs.MERGESORT.mergesort(MERGESORT.java:47)
	at java_programs.MERGESORT.mergesort(MERGESORT.java:47)
	at java_programs.MERGESORT.mergesort(MERGESORT.java:47)
	at java_programs.MERGESORT.mergesort(MERGESORT.java:47)
	at java_programs.MERGESORT.mergesort(MERGESORT.java:47)
	at java_programs.MERGESORT.mergesort(MERGESORT.java:47)
	at java_programs.MERGESORT.mergesort(MERGESORT.java:47)
	at java_programs.MERGESORT.mergesort(MERGESORT.java:47)
	at java_programs.MERGESORT.mergesort(MERGESORT.java:47)
	at java_programs.MERGESORT.mergesort(MERGESORT.java:47)
	at java_programs.MERGESORT.mergesort(MERGESORT.java:47)
	at java_programs.MERGESORT.mergesort(MERGESORT.java:47)
	at java_programs.MERGESORT.mergesort(MERGESORT.java:47)
	at java_programs.MERGESORT.mergesort(MERGESORT.java:47)
	at java_programs.MERGESORT.mergesort(MERGESORT.java:47)
	at java_programs.MERGESORT.mergesort(MERGESORT.java:47)
	at java_programs.MERGESORT.mergesort(MERGESORT.java:47)
	at java_programs.MERGESORT.mergesort(MERGESORT.java:47)
	at java_programs.MERGESORT.mergesort(MERGESORT.java:47)
	at java_programs.MERGESORT.mergesort(MERGESORT.java:47)
	at java_programs.MERGESORT.mergesort(MERGESORT.java:47)
	at java_programs.MERGESORT.mergesort(MERGESORT.java:47)
	at java_programs.MERGESORT.mergesort(MERGESORT.java:47)
	at java_programs.MERGESORT.mergesort(MERGESORT.java:47)
	at java_programs.MERGESORT.mergesort(MERGESORT.java:47)
	at java_programs.MERGESORT.mergesort(MERGESORT.java:47)
	at java_programs.MERGESORT.mergesort(MERGESORT.java:47)
	at java_programs.MERGESORT.mergesort(MERGESORT.java:47)
	at java_programs.MERGESORT.mergesort(MERGESORT.java:47)
	at java_programs.MERGESORT.mergesort(MERGESORT.java:47)
	at java_programs.MERGESORT.mergesort(MERGESORT.java:47)
	at java_programs.MERGESORT.mergesort(MERGESORT.java:47)
	at java_programs.MERGESORT.mergesort(MERGESORT.java:47)
	at java_programs.MERGESORT.mergesort(MERGESORT.java:47)
	at java_programs.MERGESORT.mergesort(MERGESORT.java:47)
	at java_programs.MERGESORT.mergesort(MERGESORT.java:47)
	at java_programs.MERGESORT.mergesort(MERGESORT.java:47)
	at java_programs.MERGESORT.mergesort(MERGESORT.java:47)
	at java_programs.MERGESORT.mergesort(MERGESORT.java:47)
	at java_programs.MERGESORT.mergesort(MERGESORT.java:47)
	at java_programs.MERGESORT.mergesort(MERGESORT.java:47)
	at java_programs.MERGESORT.mergesort(MERGESORT.java:47)
	at java_programs.MERGESORT.mergesort(MERGESORT.java:47)
	at java_programs.MERGESORT.mergesort(MERGESORT.java:47)
	at java_programs.MERGESORT.mergesort(MERGESORT.java:47)
	at java_programs.MERGESORT.mergesort(MERGESORT.java:47)
	at java_programs.MERGESORT.mergesort(MERGESORT.java:47)
	at java_programs.MERGESORT.mergesort(MERGESORT.java:47)
	at java_programs.MERGESORT.mergesort(MERGESORT.java:47)
	at java_programs.MERGESORT.mergesort(MERGESORT.java:47)
	at java_programs.MERGESORT.mergesort(MERGESORT.java:47)
	at java_programs.MERGESORT.mergesort(MERGESORT.java:47)
	at java_programs.MERGESORT.mergesort(MERGESORT.java:47)
	at java_programs.MERGESORT.mergesort(MERGESORT.java:47)
	at java_programs.MERGESORT.mergesort(MERGESORT.java:47)
	at java_programs.MERGESORT.mergesort(MERGESORT.java:47)
	at java_programs.MERGESORT.mergesort(MERGESORT.java:47)
	at java_programs.MERGESORT.mergesort(MERGESORT.java:47)
	at java_programs.MERGESORT.mergesort(MERGESORT.java:47)
	at java_programs.MERGESORT.mergesort(MERGESORT.java:47)
	at java_programs.MERGESORT.mergesort(MERGESORT.java:47)
	at java_programs.MERGESORT.mergesort(MERGESORT.java:47)
	at java_programs.MERGESORT.mergesort(MERGESORT.java:47)
	at java_programs.MERGESORT.mergesort(MERGESORT.java:47)
	at java_programs.MERGESORT.mergesort(MERGESORT.java:47)
	at java_programs.MERGESORT.mergesort(MERGESORT.java:47)
	at java_programs.MERGESORT.mergesort(MERGESORT.java:47)
	at java_programs.MERGESORT.mergesort(MERGESORT.java:47)
	at java_programs.MERGESORT.mergesort(MERGESORT.java:47)
	at java_programs.MERGESORT.mergesort(MERGESORT.java:47)
	at java_programs.MERGESORT.mergesort(MERGESORT.java:47)
	at java_programs.MERGESORT.mergesort(MERGESORT.java:47)
	at java_programs.MERGESORT.mergesort(MERGESORT.java:47)
	at java_programs.MERGESORT.mergesort(MERGESORT.java:47)
	at java_programs.MERGESORT.mergesort(MERGESORT.java:47)
	at java_programs.MERGESORT.mergesort(MERGESORT.java:47)
	at java_programs.MERGESORT.mergesort(MERGESORT.java:47)
	at java_programs.MERGESORT.mergesort(MERGESORT.java:47)
	at java_programs.MERGESORT.mergesort(MERGESORT.java:47)
	at java_programs.MERGESORT.mergesort(MERGESORT.java:47)
	at java_programs.MERGESORT.mergesort(MERGESORT.java:47)
	at java_programs.MERGESORT.mergesort(MERGESORT.java:47)
	at java_programs.MERGESORT.mergesort(MERGESORT.java:47)
	at java_programs.MERGESORT.mergesort(MERGESORT.java:47)
	at java_programs.MERGESORT.mergesort(MERGESORT.java:47)
	at java_programs.MERGESORT.mergesort(MERGESORT.java:47)
	at java_programs.MERGESORT.mergesort(MERGESORT.java:47)
	at java_programs.MERGESORT.mergesort(MERGESORT.java:47)
	at java_programs.MERGESORT.mergesort(MERGESORT.java:47)
	at java_programs.MERGESORT.mergesort(MERGESORT.java:47)
	at java_programs.MERGESORT.mergesort(MERGESORT.java:47)
	at java_programs.MERGESORT.mergesort(MERGESORT.java:47)
	at java_programs.MERGESORT.mergesort(MERGESORT.java:47)
	at java_programs.MERGESORT.mergesort(MERGESORT.java:47)
	at java_programs.MERGESORT.mergesort(MERGESORT.java:47)
	at java_programs.MERGESORT.mergesort(MERGESORT.java:47)
	at java_programs.MERGESORT.mergesort(MERGESORT.java:47)
	at java_programs.MERGESORT.mergesort(MERGESORT.java:47)
	at java_programs.MERGESORT.mergesort(MERGESORT.java:47)
	at java_programs.MERGESORT.mergesort(MERGESORT.java:47)
	at java_programs.MERGESORT.mergesort(MERGESORT.java:47)
	at java_programs.MERGESORT.mergesort(MERGESORT.java:47)
	at java_programs.MERGESORT.mergesort(MERGESORT.java:47)
	at java_programs.MERGESORT.mergesort(MERGESORT.java:47)
	at java_programs.MERGESORT.mergesort(MERGESORT.java:47)
	at java_programs.MERGESORT.mergesort(MERGESORT.java:47)
	at java_programs.MERGESORT.mergesort(MERGESORT.java:47)
	at java_programs.MERGESORT.mergesort(MERGESORT.java:47)
	at java_programs.MERGESORT.mergesort(MERGESORT.java:47)
	at java_programs.MERGESORT.mergesort(MERGESORT.java:47)
	at java_programs.MERGESORT.mergesort(MERGESORT.java:47)
	at java_programs.MERGESORT.mergesort(MERGESORT.java:47)
	at java_programs.MERGESORT.mergesort(MERGESORT.java:47)
	at java_programs.MERGESORT.mergesort(MERGESORT.java:47)
	at java_programs.MERGESORT.mergesort(MERGESORT.java:47)
	at java_programs.MERGESORT.mergesort(MERGESORT.java:47)
	at java_programs.MERGESORT.mergesort(MERGESORT.java:47)
	at java_programs.MERGESORT.mergesort(MERGESORT.java:47)
	at java_programs.MERGESORT.mergesort(MERGESORT.java:47)
	at java_programs.MERGESORT.mergesort(MERGESORT.java:47)
	at java_programs.MERGESORT.mergesort(MERGESORT.java:47)
	at java_programs.MERGESORT.mergesort(MERGESORT.java:47)
	at java_programs.MERGESORT.mergesort(MERGESORT.java:47)
	at java_programs.MERGESORT.mergesort(MERGESORT.java:47)
	at java_programs.MERGESORT.mergesort(MERGESORT.java:47)
	at java_programs.MERGESORT.mergesort(MERGESORT.java:47)
	at java_programs.MERGESORT.mergesort(MERGESORT.java:47)
	at java_programs.MERGESORT.mergesort(MERGESORT.java:47)
	at java_programs.MERGESORT.mergesort(MERGESORT.java:47)
	at java_programs.MERGESORT.mergesort(MERGESORT.java:47)
	at java_programs.MERGESORT.mergesort(MERGESORT.java:47)
	at java_programs.MERGESORT.mergesort(MERGESORT.java:47)
	at java_programs.MERGESORT.mergesort(MERGESORT.java:47)
	at java_programs.MERGESORT.mergesort(MERGESORT.java:47)
	at java_programs.MERGESORT.mergesort(MERGESORT.java:47)
	at java_programs.MERGESORT.mergesort(MERGESORT.java:47)
	at java_programs.MERGESORT.mergesort(MERGESORT.java:47)
	at java_programs.MERGESORT.mergesort(MERGESORT.java:47)
	at java_programs.MERGESORT.mergesort(MERGESORT.java:47)
	at java_programs.MERGESORT.mergesort(MERGESORT.java:47)
	at java_programs.MERGESORT.mergesort(MERGESORT.java:47)
	at java_programs.MERGESORT.mergesort(MERGESORT.java:47)
	at java_programs.MERGESORT.mergesort(MERGESORT.java:47)
	at java_programs.MERGESORT.mergesort(MERGESORT.java:47)
	at java_programs.MERGESORT.mergesort(MERGESORT.java:47)
	at java_programs.MERGESORT.mergesort(MERGESORT.java:47)
	at java_programs.MERGESORT.mergesort(MERGESORT.java:47)
	at java_programs.MERGESORT.mergesort(MERGESORT.java:47)
	at java_programs.MERGESORT.mergesort(MERGESORT.java:47)
	at java_programs.MERGESORT.mergesort(MERGESORT.java:47)
	at java_programs.MERGESORT.mergesort(MERGESORT.java:47)
	at java_programs.MERGESORT.mergesort(MERGESORT.java:47)
	at java_programs.MERGESORT.mergesort(MERGESORT.java:47)
	at java_programs.MERGESORT.mergesort(MERGESORT.java:47)
	at java_programs.MERGESORT.mergesort(MERGESORT.java:47)
	at java_programs.MERGESORT.mergesort(MERGESORT.java:47)
	at java_programs.MERGESORT.mergesort(MERGESORT.java:47)
	at java_programs.MERGESORT.mergesort(MERGESORT.java:47)
	at java_programs.MERGESORT.mergesort(MERGESORT.java:47)
	at java_programs.MERGESORT.mergesort(MERGESORT.java:47)
	at java_programs.MERGESORT.mergesort(MERGESORT.java:47)
	at java_programs.MERGESORT.mergesort(MERGESORT.java:47)
	at java_programs.MERGESORT.mergesort(MERGESORT.java:47)
	at java_programs.MERGESORT.mergesort(MERGESORT.java:47)
	at java_programs.MERGESORT.mergesort(MERGESORT.java:47)
	at java_programs.MERGESORT.mergesort(MERGESORT.java:47)
	at java_programs.MERGESORT.mergesort(MERGESORT.java:47)
	at java_programs.MERGESORT.mergesort(MERGESORT.java:47)
	at java_programs.MERGESORT.mergesort(MERGESORT.java:47)
	at java_programs.MERGESORT.mergesort(MERGESORT.java:47)
	at java_programs.MERGESORT.mergesort(MERGESORT.java:47)
	at java_programs.MERGESORT.mergesort(MERGESORT.java:47)
	at java_programs.MERGESORT.mergesort(MERGESORT.java:47)
	at java_programs.MERGESORT.mergesort(MERGESORT.java:47)
	at java_programs.MERGESORT.mergesort(MERGESORT.java:47)
	at java_programs.MERGESORT.mergesort(MERGESORT.java:47)
	at java_programs.MERGESORT.mergesort(MERGESORT.java:47)
	at java_programs.MERGESORT.mergesort(MERGESORT.java:47)
	at java_programs.MERGESORT.mergesort(MERGESORT.java:47)
	at java_programs.MERGESORT.mergesort(MERGESORT.java:47)
	at java_programs.MERGESORT.mergesort(MERGESORT.java:47)
	at java_programs.MERGESORT.mergesort(MERGESORT.java:47)
	at java_programs.MERGESORT.mergesort(MERGESORT.java:47)
	at java_programs.MERGESORT.mergesort(MERGESORT.java:47)
	at java_programs.MERGESORT.mergesort(MERGESORT.java:47)
	at java_programs.MERGESORT.mergesort(MERGESORT.java:47)
	at java_programs.MERGESORT.mergesort(MERGESORT.java:47)
	at java_programs.MERGESORT.mergesort(MERGESORT.java:47)
	at java_programs.MERGESORT.mergesort(MERGESORT.java:47)
	at java_programs.MERGESORT.mergesort(MERGESORT.java:47)
	at java_programs.MERGESORT.mergesort(MERGESORT.java:47)
	at java_programs.MERGESORT.mergesort(MERGESORT.java:47)
	at java_programs.MERGESORT.mergesort(MERGESORT.java:47)
	at java_programs.MERGESORT.mergesort(MERGESORT.java:47)
	at java_programs.MERGESORT.mergesort(MERGESORT.java:47)
	at java_programs.MERGESORT.mergesort(MERGESORT.java:47)
	at java_programs.MERGESORT.mergesort(MERGESORT.java:47)
	at java_programs.MERGESORT.mergesort(MERGESORT.java:47)
	at java_programs.MERGESORT.mergesort(MERGESORT.java:47)
	at java_programs.MERGESORT.mergesort(MERGESORT.java:47)
	at java_programs.MERGESORT.mergesort(MERGESORT.java:47)
	at java_programs.MERGESORT.mergesort(MERGESORT.java:47)
	at java_programs.MERGESORT.mergesort(MERGESORT.java:47)
	at java_programs.MERGESORT.mergesort(MERGESORT.java:47)
	at java_programs.MERGESORT.mergesort(MERGESORT.java:47)
	at java_programs.MERGESORT.mergesort(MERGESORT.java:47)
	at java_programs.MERGESORT.mergesort(MERGESORT.java:47)
	at java_programs.MERGESORT.mergesort(MERGESORT.java:47)
	at java_programs.MERGESORT.mergesort(MERGESORT.java:47)
	at java_programs.MERGESORT.mergesort(MERGESORT.java:47)
	at java_programs.MERGESORT.mergesort(MERGESORT.java:47)
	at java_programs.MERGESORT.mergesort(MERGESORT.java:47)
	at java_programs.MERGESORT.mergesort(MERGESORT.java:47)
	at java_programs.MERGESORT.mergesort(MERGESORT.java:47)
	at java_programs.MERGESORT.mergesort(MERGESORT.java:47)
	at java_programs.MERGESORT.mergesort(MERGESORT.java:47)
	at java_programs.MERGESORT.mergesort(MERGESORT.java:47)
	at java_programs.MERGESORT.mergesort(MERGESORT.java:47)
	at java_programs.MERGESORT.mergesort(MERGESORT.java:47)
	at java_programs.MERGESORT.mergesort(MERGESORT.java:47)
	at java_programs.MERGESORT.mergesort(MERGESORT.java:47)
	at java_programs.MERGESORT.mergesort(MERGESORT.java:47)
	at java_programs.MERGESORT.mergesort(MERGESORT.java:47)
	at java_programs.MERGESORT.mergesort(MERGESORT.java:47)
	at java_programs.MERGESORT.mergesort(MERGESORT.java:47)
	at java_programs.MERGESORT.mergesort(MERGESORT.java:47)
	at java_programs.MERGESORT.mergesort(MERGESORT.java:47)
	at java_programs.MERGESORT.mergesort(MERGESORT.java:47)
	at java_programs.MERGESORT.mergesort(MERGESORT.java:47)
	at java_programs.MERGESORT.mergesort(MERGESORT.java:47)
	at java_programs.MERGESORT.mergesort(MERGESORT.java:47)
	at java_programs.MERGESORT.mergesort(MERGESORT.java:47)
	at java_programs.MERGESORT.mergesort(MERGESORT.java:47)
	at java_programs.MERGESORT.mergesort(MERGESORT.java:47)
	at java_programs.MERGESORT.mergesort(MERGESORT.java:47)
	at java_programs.MERGESORT.mergesort(MERGESORT.java:47)
	at java_programs.MERGESORT.mergesort(MERGESORT.java:47)
	at java_programs.MERGESORT.mergesort(MERGESORT.java:47)
	at java_programs.MERGESORT.mergesort(MERGESORT.java:47)
	at java_programs.MERGESORT.mergesort(MERGESORT.java:47)
	at java_programs.MERGESORT.mergesort(MERGESORT.java:47)
	at java_programs.MERGESORT.mergesort(MERGESORT.java:47)
	at java_programs.MERGESORT.mergesort(MERGESORT.java:47)
	at java_programs.MERGESORT.mergesort(MERGESORT.java:47)
	at java_programs.MERGESORT.mergesort(MERGESORT.java:47)
	at java_programs.MERGESORT.mergesort(MERGESORT.java:47)
	at java_programs.MERGESORT.mergesort(MERGESORT.java:47)
	at java_programs.MERGESORT.mergesort(MERGESORT.java:47)
	at java_programs.MERGESORT.mergesort(MERGESORT.java:47)
	at java_programs.MERGESORT.mergesort(MERGESORT.java:47)
	at java_programs.MERGESORT.mergesort(MERGESORT.java:47)
	at java_programs.MERGESORT.mergesort(MERGESORT.java:47)
	at java_programs.MERGESORT.mergesort(MERGESORT.java:47)
	at java_programs.MERGESORT.mergesort(MERGESORT.java:47)
	at java_programs.MERGESORT.mergesort(MERGESORT.java:47)
	at java_programs.MERGESORT.mergesort(MERGESORT.java:47)
	at java_programs.MERGESORT.mergesort(MERGESORT.java:47)
	at java_programs.MERGESORT.mergesort(MERGESORT.java:47)
	at java_programs.MERGESORT.mergesort(MERGESORT.java:47)
	at java_programs.MERGESORT.mergesort(MERGESORT.java:47)
	at java_programs.MERGESORT.mergesort(MERGESORT.java:47)
	at java_programs.MERGESORT.mergesort(MERGESORT.java:47)
	at java_programs.MERGESORT.mergesort(MERGESORT.java:47)
	at java_programs.MERGESORT.mergesort(MERGESORT.java:47)
	at java_programs.MERGESORT.mergesort(MERGESORT.java:47)
	at java_programs.MERGESORT.mergesort(MERGESORT.java:47)
	at java_programs.MERGESORT.mergesort(MERGESORT.java:47)
	at java_programs.MERGESORT.mergesort(MERGESORT.java:47)
	at java_programs.MERGESORT.mergesort(MERGESORT.java:47)
	at java_programs.MERGESORT.mergesort(MERGESORT.java:47)
	at java_programs.MERGESORT.mergesort(MERGESORT.java:47)
	at java_programs.MERGESORT.mergesort(MERGESORT.java:47)
	at java_programs.MERGESORT.mergesort(MERGESORT.java:47)
	at java_programs.MERGESORT.mergesort(MERGESORT.java:47)
	at java_programs.MERGESORT.mergesort(MERGESORT.java:47)
	at java_programs.MERGESORT.mergesort(MERGESORT.java:47)
	at java_programs.MERGESORT.mergesort(MERGESORT.java:47)
	at java_programs.MERGESORT.mergesort(MERGESORT.java:47)
	at java_programs.MERGESORT.mergesort(MERGESORT.java:47)
	at java_programs.MERGESORT.mergesort(MERGESORT.java:47)
	at java_programs.MERGESORT.mergesort(MERGESORT.java:47)
	at java_programs.MERGESORT.mergesort(MERGESORT.java:47)
	at java_programs.MERGESORT.mergesort(MERGESORT.java:47)
	at java_programs.MERGESORT.mergesort(MERGESORT.java:47)
	at java_programs.MERGESORT.mergesort(MERGESORT.java:47)
	at java_programs.MERGESORT.mergesort(MERGESORT.java:47)
	at java_programs.MERGESORT.mergesort(MERGESORT.java:47)
	at java_programs.MERGESORT.mergesort(MERGESORT.java:47)
	at java_programs.MERGESORT.mergesort(MERGESORT.java:47)
	at java_programs.MERGESORT.mergesort(MERGESORT.java:47)
	at java_programs.MERGESORT.mergesort(MERGESORT.java:47)
	at java_programs.MERGESORT.mergesort(MERGESORT.java:47)
	at java_programs.MERGESORT.mergesort(MERGESORT.java:47)
	at java_programs.MERGESORT.mergesort(MERGESORT.java:47)
	at java_programs.MERGESORT.mergesort(MERGESORT.java:47)
	at java_programs.MERGESORT.mergesort(MERGESORT.java:47)
	at java_programs.MERGESORT.mergesort(MERGESORT.java:47)
	at java_programs.MERGESORT.mergesort(MERGESORT.java:47)
	at java_programs.MERGESORT.mergesort(MERGESORT.java:47)
	at java_programs.MERGESORT.mergesort(MERGESORT.java:47)
	at java_programs.MERGESORT.mergesort(MERGESORT.java:47)
	at java_programs.MERGESORT.mergesort(MERGESORT.java:47)
	at java_programs.MERGESORT.mergesort(MERGESORT.java:47)
	at java_programs.MERGESORT.mergesort(MERGESORT.java:47)
	at java_programs.MERGESORT.mergesort(MERGESORT.java:47)
	at java_programs.MERGESORT.mergesort(MERGESORT.java:47)
	at java_programs.MERGESORT.mergesort(MERGESORT.java:47)
	at java_programs.MERGESORT.mergesort(MERGESORT.java:47)
	at java_programs.MERGESORT.mergesort(MERGESORT.java:47)
	at java_programs.MERGESORT.mergesort(MERGESORT.java:47)
	at java_programs.MERGESORT.mergesort(MERGESORT.java:47)
	at java_programs.MERGESORT.mergesort(MERGESORT.java:47)
	at java_programs.MERGESORT.mergesort(MERGESORT.java:47)
	at java_programs.MERGESORT.mergesort(MERGESORT.java:47)
	at java_programs.MERGESORT.mergesort(MERGESORT.java:47)
	at java_programs.MERGESORT.mergesort(MERGESORT.java:47)
	at java_programs.MERGESORT.mergesort(MERGESORT.java:47)
	at java_programs.MERGESORT.mergesort(MERGESORT.java:47)
	at java_programs.MERGESORT.mergesort(MERGESORT.java:47)
	at java_programs.MERGESORT.mergesort(MERGESORT.java:47)
	at java_programs.MERGESORT.mergesort(MERGESORT.java:47)
	at java_programs.MERGESORT.mergesort(MERGESORT.java:47)
	at java_programs.MERGESORT.mergesort(MERGESORT.java:47)
	at java_programs.MERGESORT.mergesort(MERGESORT.java:47)
	at java_programs.MERGESORT.mergesort(MERGESORT.java:47)
	at java_programs.MERGESORT.mergesort(MERGESORT.java:47)
	at java_programs.MERGESORT.mergesort(MERGESORT.java:47)
	at java_programs.MERGESORT.mergesort(MERGESORT.java:47)
	at java_programs.MERGESORT.mergesort(MERGESORT.java:47)
	at java_programs.MERGESORT.mergesort(MERGESORT.java:47)
	at java_programs.MERGESORT.mergesort(MERGESORT.java:47)
	at java_programs.MERGESORT.mergesort(MERGESORT.java:47)
	at java_programs.MERGESORT.mergesort(MERGESORT.java:47)
	at java_programs.MERGESORT.mergesort(MERGESORT.java:47)
	at java_programs.MERGESORT.mergesort(MERGESORT.java:47)
	at java_programs.MERGESORT.mergesort(MERGESORT.java:47)
	at java_programs.MERGESORT.mergesort(MERGESORT.java:47)
	at java_programs.MERGESORT.mergesort(MERGESORT.java:47)
	at java_programs.MERGESORT.mergesort(MERGESORT.java:47)
	at java_programs.MERGESORT.mergesort(MERGESORT.java:47)
	at java_programs.MERGESORT.mergesort(MERGESORT.java:47)
	at java_programs.MERGESORT.mergesort(MERGESORT.java:47)
	at java_programs.MERGESORT.mergesort(MERGESORT.java:47)
	at java_programs.MERGESORT.mergesort(MERGESORT.java:47)
	at java_programs.MERGESORT.mergesort(MERGESORT.java:47)
	at java_programs.MERGESORT.mergesort(MERGESORT.java:47)
	at java_programs.MERGESORT.mergesort(MERGESORT.java:47)
	at java_programs.MERGESORT.mergesort(MERGESORT.java:47)
	at java_programs.MERGESORT.mergesort(MERGESORT.java:47)
	at java_programs.MERGESORT.mergesort(MERGESORT.java:47)
	at java_programs.MERGESORT.mergesort(MERGESORT.java:47)
	at java_programs.MERGESORT.mergesort(MERGESORT.java:47)
	at java_programs.MERGESORT.mergesort(MERGESORT.java:47)
	at java_programs.MERGESORT.mergesort(MERGESORT.java:47)
	at java_programs.MERGESORT.mergesort(MERGESORT.java:47)
	at java_programs.MERGESORT.mergesort(MERGESORT.java:47)
	at java_programs.MERGESORT.mergesort(MERGESORT.java:47)
	at java_programs.MERGESORT.mergesort(MERGESORT.java:47)
	at java_programs.MERGESORT.mergesort(MERGESORT.java:47)
	at java_programs.MERGESORT.mergesort(MERGESORT.java:47)
	at java_programs.MERGESORT.mergesort(MERGESORT.java:47)
	at java_programs.MERGESORT.mergesort(MERGESORT.java:47)
	at java_programs.MERGESORT.mergesort(MERGESORT.java:47)
	at java_programs.MERGESORT.mergesort(MERGESORT.java:47)
	at java_programs.MERGESORT.mergesort(MERGESORT.java:47)
	at java_programs.MERGESORT.mergesort(MERGESORT.java:47)
	at java_programs.MERGESORT.mergesort(MERGESORT.java:47)
	at java_programs.MERGESORT.mergesort(MERGESORT.java:47)
	at java_programs.MERGESORT.mergesort(MERGESORT.java:47)
	at java_programs.MERGESORT.mergesort(MERGESORT.java:47)
	at java_programs.MERGESORT.mergesort(MERGESORT.java:47)
	at java_programs.MERGESORT.mergesort(MERGESORT.java:47)
	at java_programs.MERGESORT.mergesort(MERGESORT.java:47)
	at java_programs.MERGESORT.mergesort(MERGESORT.java:47)
	at java_programs.MERGESORT.mergesort(MERGESORT.java:47)
	at java_programs.MERGESORT.mergesort(MERGESORT.java:47)
	at java_programs.MERGESORT.mergesort(MERGESORT.java:47)
	at java_programs.MERGESORT.mergesort(MERGESORT.java:47)
	at java_programs.MERGESORT.mergesort(MERGESORT.java:47)
	at java_programs.MERGESORT.mergesort(MERGESORT.java:47)
	at java_programs.MERGESORT.mergesort(MERGESORT.java:47)
	at java_programs.MERGESORT.mergesort(MERGESORT.java:47)
	at java_programs.MERGESORT.mergesort(MERGESORT.java:47)
	at java_programs.MERGESORT.mergesort(MERGESORT.java:47)
	at java_programs.MERGESORT.mergesort(MERGESORT.java:47)
	at java_programs.MERGESORT.mergesort(MERGESORT.java:47)
	at java_programs.MERGESORT.mergesort(MERGESORT.java:47)
	at java_programs.MERGESORT.mergesort(MERGESORT.java:47)
	at java_programs.MERGESORT.mergesort(MERGESORT.java:47)
	at java_programs.MERGESORT.mergesort(MERGESORT.java:47)
	at java_programs.MERGESORT.mergesort(MERGESORT.java:47)
	at java_programs.MERGESORT.mergesort(MERGESORT.java:47)
	at java_programs.MERGESORT.mergesort(MERGESORT.java:47)
	at java_programs.MERGESORT.mergesort(MERGESORT.java:47)
	at java_programs.MERGESORT.mergesort(MERGESORT.java:47)
	at java_programs.MERGESORT.mergesort(MERGESORT.java:47)
	at java_programs.MERGESORT.mergesort(MERGESORT.java:47)
	at java_programs.MERGESORT.mergesort(MERGESORT.java:47)
	at java_programs.MERGESORT.mergesort(MERGESORT.java:47)
	at java_programs.MERGESORT.mergesort(MERGESORT.java:47)
	at java_programs.MERGESORT.mergesort(MERGESORT.java:47)
	at java_programs.MERGESORT.mergesort(MERGESORT.java:47)
	at java_programs.MERGESORT.mergesort(MERGESORT.java:47)
	at java_programs.MERGESORT.mergesort(MERGESORT.java:47)
	at java_programs.MERGESORT.mergesort(MERGESORT.java:47)
	at java_programs.MERGESORT.mergesort(MERGESORT.java:47)
	at java_programs.MERGESORT.mergesort(MERGESORT.java:47)
	at java_programs.MERGESORT.mergesort(MERGESORT.java:47)
	at java_programs.MERGESORT.mergesort(MERGESORT.java:47)
	at java_programs.MERGESORT.mergesort(MERGESORT.java:47)
	at java_programs.MERGESORT.mergesort(MERGESORT.java:47)
	at java_programs.MERGESORT.mergesort(MERGESORT.java:47)
	at java_programs.MERGESORT.mergesort(MERGESORT.java:47)
	at java_programs.MERGESORT.mergesort(MERGESORT.java:47)
	at java_programs.MERGESORT.mergesort(MERGESORT.java:47)
	at java_programs.MERGESORT.mergesort(MERGESORT.java:47)
	at java_programs.MERGESORT.mergesort(MERGESORT.java:47)
	at java_programs.MERGESORT.mergesort(MERGESORT.java:47)
	at java_programs.MERGESORT.mergesort(MERGESORT.java:47)
	at java_programs.MERGESORT.mergesort(MERGESORT.java:47)
	at java_programs.MERGESORT.mergesort(MERGESORT.java:47)
	at java_programs.MERGESORT.mergesort(MERGESORT.java:47)
	at java_programs.MERGESORT.mergesort(MERGESORT.java:47)
	at java_programs.MERGESORT.mergesort(MERGESORT.java:47)
	at java_programs.MERGESORT.mergesort(MERGESORT.java:47)
	at java_programs.MERGESORT.mergesort(MERGESORT.java:47)
	at java_programs.MERGESORT.mergesort(MERGESORT.java:47)
	at java_programs.MERGESORT.mergesort(MERGESORT.java:47)
	at java_programs.MERGESORT.mergesort(MERGESORT.java:47)
	at java_programs.MERGESORT.mergesort(MERGESORT.java:47)
	at java_programs.MERGESORT.mergesort(MERGESORT.java:47)
	at java_programs.MERGESORT.mergesort(MERGESORT.java:47)
	at java_programs.MERGESORT.mergesort(MERGESORT.java:47)
	at java_programs.MERGESORT.mergesort(MERGESORT.java:47)
	at java_programs.MERGESORT.mergesort(MERGESORT.java:47)
	at java_programs.MERGESORT.mergesort(MERGESORT.java:47)
	at java_programs.MERGESORT.mergesort(MERGESORT.java:47)
	at java_programs.MERGESORT.mergesort(MERGESORT.java:47)
	at java_programs.MERGESORT.mergesort(MERGESORT.java:47)
	at java_programs.MERGESORT.mergesort(MERGESORT.java:47)
	at java_programs.MERGESORT.mergesort(MERGESORT.java:47)
	at java_programs.MERGESORT.mergesort(MERGESORT.java:47)
	at java_programs.MERGESORT.mergesort(MERGESORT.java:47)
	at java_programs.MERGESORT.mergesort(MERGESORT.java:47)
	at java_programs.MERGESORT.mergesort(MERGESORT.java:47)
	at java_programs.MERGESORT.mergesort(MERGESORT.java:47)
	at java_programs.MERGESORT.mergesort(MERGESORT.java:47)
	at java_programs.MERGESORT.mergesort(MERGESORT.java:47)
	at java_programs.MERGESORT.mergesort(MERGESORT.java:47)
	at java_programs.MERGESORT.mergesort(MERGESORT.java:47)
	at java_programs.MERGESORT.mergesort(MERGESORT.java:47)
	at java_programs.MERGESORT.mergesort(MERGESORT.java:47)
	at java_programs.MERGESORT.mergesort(MERGESORT.java:47)
	at java_programs.MERGESORT.mergesort(MERGESORT.java:47)
	at java_programs.MERGESORT.mergesort(MERGESORT.java:47)
	at java_programs.MERGESORT.mergesort(MERGESORT.java:47)
	at java_programs.MERGESORT.mergesort(MERGESORT.java:47)
	at java_programs.MERGESORT.mergesort(MERGESORT.java:47)
	at java_programs.MERGESORT.mergesort(MERGESORT.java:47)
	at java_programs.MERGESORT.mergesort(MERGESORT.java:47)
	at java_programs.MERGESORT.mergesort(MERGESORT.java:47)
	at java_programs.MERGESORT.mergesort(MERGESORT.java:47)
	at java_programs.MERGESORT.mergesort(MERGESORT.java:47)
	at java_programs.MERGESORT.mergesort(MERGESORT.java:47)
	at java_programs.MERGESORT.mergesort(MERGESORT.java:47)
	at java_programs.MERGESORT.mergesort(MERGESORT.java:47)
	at java_programs.MERGESORT.mergesort(MERGESORT.java:47)
	at java_programs.MERGESORT.mergesort(MERGESORT.java:47)
	at java_programs.MERGESORT.mergesort(MERGESORT.java:47)
	at java_programs.MERGESORT.mergesort(MERGESORT.java:47)
</failure>
  </testcase>
  <system-out><![CDATA[]]></system-out>
  <system-err><![CDATA[]]></system-err>
</testsuite>
