<?xml version="1.0" encoding="UTF-8"?>
<testsuite name="test.java.FLATTEN_TEST" tests="7" skipped="0" failures="6" errors="0" timestamp="2023-09-07T12:50:53" hostname="DESKTOP-UU3TFIR" time="0.026">
  <properties/>
  <testcase name="test_0()" classname="test.java.FLATTEN_TEST" time="0.005">
    <failure message="java.lang.StackOverflowError" type="java.lang.StackOverflowError">java.lang.StackOverflowError
	at java_programs.FLATTEN.flatten(FLATTEN.java:14)
	at java_programs.FLATTEN.flatten(FLATTEN.java:26)
	at java_programs.FLATTEN.flatten(FLATTEN.java:26)
	at java_programs.FLATTEN.flatten(FLATTEN.java:26)
	at java_programs.FLATTEN.flatten(FLATTEN.java:26)
	at java_programs.FLATTEN.flatten(FLATTEN.java:26)
	at java_programs.FLATTEN.flatten(FLATTEN.java:26)
	at java_programs.FLATTEN.flatten(FLATTEN.java:26)
	at java_programs.FLATTEN.flatten(FLATTEN.java:26)
	at java_programs.FLATTEN.flatten(FLATTEN.java:26)
	at java_programs.FLATTEN.flatten(FLATTEN.java:26)
	at java_programs.FLATTEN.flatten(FLATTEN.java:26)
	at java_programs.FLATTEN.flatten(FLATTEN.java:26)
	at java_programs.FLATTEN.flatten(FLATTEN.java:26)
	at java_programs.FLATTEN.flatten(FLATTEN.java:26)
	at java_programs.FLATTEN.flatten(FLATTEN.java:26)
	at java_programs.FLATTEN.flatten(FLATTEN.java:26)
	at java_programs.FLATTEN.flatten(FLATTEN.java:26)
	at java_programs.FLATTEN.flatten(FLATTEN.java:26)
	at java_programs.FLATTEN.flatten(FLATTEN.java:26)
	at java_programs.FLATTEN.flatten(FLATTEN.java:26)
	at java_programs.FLATTEN.flatten(FLATTEN.java:26)
	at java_programs.FLATTEN.flatten(FLATTEN.java:26)
	at java_programs.FLATTEN.flatten(FLATTEN.java:26)
	at java_programs.FLATTEN.flatten(FLATTEN.java:26)
	at java_programs.FLATTEN.flatten(FLATTEN.java:26)
	at java_programs.FLATTEN.flatten(FLATTEN.java:26)
	at java_programs.FLATTEN.flatten(FLATTEN.java:26)
	at java_programs.FLATTEN.flatten(FLATTEN.java:26)
	at java_programs.FLATTEN.flatten(FLATTEN.java:26)
	at java_programs.FLATTEN.flatten(FLATTEN.java:26)
	at java_programs.FLATTEN.flatten(FLATTEN.java:26)
	at java_programs.FLATTEN.flatten(FLATTEN.java:26)
	at java_programs.FLATTEN.flatten(FLATTEN.java:26)
	at java_programs.FLATTEN.flatten(FLATTEN.java:26)
	at java_programs.FLATTEN.flatten(FLATTEN.java:26)
	at java_programs.FLATTEN.flatten(FLATTEN.java:26)
	at java_programs.FLATTEN.flatten(FLATTEN.java:26)
	at java_programs.FLATTEN.flatten(FLATTEN.java:26)
	at java_programs.FLATTEN.flatten(FLATTEN.java:26)
	at java_programs.FLATTEN.flatten(FLATTEN.java:26)
	at java_programs.FLATTEN.flatten(FLATTEN.java:26)
	at java_programs.FLATTEN.flatten(FLATTEN.java:26)
	at java_programs.FLATTEN.flatten(FLATTEN.java:26)
	at java_programs.FLATTEN.flatten(FLATTEN.java:26)
	at java_programs.FLATTEN.flatten(FLATTEN.java:26)
	at java_programs.FLATTEN.flatten(FLATTEN.java:26)
	at java_programs.FLATTEN.flatten(FLATTEN.java:26)
	at java_programs.FLATTEN.flatten(FLATTEN.java:26)
	at java_programs.FLATTEN.flatten(FLATTEN.java:26)
	at java_programs.FLATTEN.flatten(FLATTEN.java:26)
	at java_programs.FLATTEN.flatten(FLATTEN.java:26)
	at java_programs.FLATTEN.flatten(FLATTEN.java:26)
	at java_programs.FLATTEN.flatten(FLATTEN.java:26)
	at java_programs.FLATTEN.flatten(FLATTEN.java:26)
	at java_programs.FLATTEN.flatten(FLATTEN.java:26)
	at java_programs.FLATTEN.flatten(FLATTEN.java:26)
	at java_programs.FLATTEN.flatten(FLATTEN.java:26)
	at java_programs.FLATTEN.flatten(FLATTEN.java:26)
	at java_programs.FLATTEN.flatten(FLATTEN.java:26)
	at java_programs.FLATTEN.flatten(FLATTEN.java:26)
	at java_programs.FLATTEN.flatten(FLATTEN.java:26)
	at java_programs.FLATTEN.flatten(FLATTEN.java:26)
	at java_programs.FLATTEN.flatten(FLATTEN.java:26)
	at java_programs.FLATTEN.flatten(FLATTEN.java:26)
	at java_programs.FLATTEN.flatten(FLATTEN.java:26)
	at java_programs.FLATTEN.flatten(FLATTEN.java:26)
	at java_programs.FLATTEN.flatten(FLATTEN.java:26)
	at java_programs.FLATTEN.flatten(FLATTEN.java:26)
	at java_programs.FLATTEN.flatten(FLATTEN.java:26)
	at java_programs.FLATTEN.flatten(FLATTEN.java:26)
	at java_programs.FLATTEN.flatten(FLATTEN.java:26)
	at java_programs.FLATTEN.flatten(FLATTEN.java:26)
	at java_programs.FLATTEN.flatten(FLATTEN.java:26)
	at java_programs.FLATTEN.flatten(FLATTEN.java:26)
	at java_programs.FLATTEN.flatten(FLATTEN.java:26)
	at java_programs.FLATTEN.flatten(FLATTEN.java:26)
	at java_programs.FLATTEN.flatten(FLATTEN.java:26)
	at java_programs.FLATTEN.flatten(FLATTEN.java:26)
	at java_programs.FLATTEN.flatten(FLATTEN.java:26)
	at java_programs.FLATTEN.flatten(FLATTEN.java:26)
	at java_programs.FLATTEN.flatten(FLATTEN.java:26)
	at java_programs.FLATTEN.flatten(FLATTEN.java:26)
	at java_programs.FLATTEN.flatten(FLATTEN.java:26)
	at java_programs.FLATTEN.flatten(FLATTEN.java:26)
	at java_programs.FLATTEN.flatten(FLATTEN.java:26)
	at java_programs.FLATTEN.flatten(FLATTEN.java:26)
	at java_programs.FLATTEN.flatten(FLATTEN.java:26)
	at java_programs.FLATTEN.flatten(FLATTEN.java:26)
	at java_programs.FLATTEN.flatten(FLATTEN.java:26)
	at java_programs.FLATTEN.flatten(FLATTEN.java:26)
	at java_programs.FLATTEN.flatten(FLATTEN.java:26)
	at java_programs.FLATTEN.flatten(FLATTEN.java:26)
	at java_programs.FLATTEN.flatten(FLATTEN.java:26)
	at java_programs.FLATTEN.flatten(FLATTEN.java:26)
	at java_programs.FLATTEN.flatten(FLATTEN.java:26)
	at java_programs.FLATTEN.flatten(FLATTEN.java:26)
	at java_programs.FLATTEN.flatten(FLATTEN.java:26)
	at java_programs.FLATTEN.flatten(FLATTEN.java:26)
	at java_programs.FLATTEN.flatten(FLATTEN.java:26)
	at java_programs.FLATTEN.flatten(FLATTEN.java:26)
	at java_programs.FLATTEN.flatten(FLATTEN.java:26)
	at java_programs.FLATTEN.flatten(FLATTEN.java:26)
	at java_programs.FLATTEN.flatten(FLATTEN.java:26)
	at java_programs.FLATTEN.flatten(FLATTEN.java:26)
	at java_programs.FLATTEN.flatten(FLATTEN.java:26)
	at java_programs.FLATTEN.flatten(FLATTEN.java:26)
	at java_programs.FLATTEN.flatten(FLATTEN.java:26)
	at java_programs.FLATTEN.flatten(FLATTEN.java:26)
	at java_programs.FLATTEN.flatten(FLATTEN.java:26)
	at java_programs.FLATTEN.flatten(FLATTEN.java:26)
	at java_programs.FLATTEN.flatten(FLATTEN.java:26)
	at java_programs.FLATTEN.flatten(FLATTEN.java:26)
	at java_programs.FLATTEN.flatten(FLATTEN.java:26)
	at java_programs.FLATTEN.flatten(FLATTEN.java:26)
	at java_programs.FLATTEN.flatten(FLATTEN.java:26)
	at java_programs.FLATTEN.flatten(FLATTEN.java:26)
	at java_programs.FLATTEN.flatten(FLATTEN.java:26)
	at java_programs.FLATTEN.flatten(FLATTEN.java:26)
	at java_programs.FLATTEN.flatten(FLATTEN.java:26)
	at java_programs.FLATTEN.flatten(FLATTEN.java:26)
	at java_programs.FLATTEN.flatten(FLATTEN.java:26)
	at java_programs.FLATTEN.flatten(FLATTEN.java:26)
	at java_programs.FLATTEN.flatten(FLATTEN.java:26)
	at java_programs.FLATTEN.flatten(FLATTEN.java:26)
	at java_programs.FLATTEN.flatten(FLATTEN.java:26)
	at java_programs.FLATTEN.flatten(FLATTEN.java:26)
	at java_programs.FLATTEN.flatten(FLATTEN.java:26)
	at java_programs.FLATTEN.flatten(FLATTEN.java:26)
	at java_programs.FLATTEN.flatten(FLATTEN.java:26)
	at java_programs.FLATTEN.flatten(FLATTEN.java:26)
	at java_programs.FLATTEN.flatten(FLATTEN.java:26)
	at java_programs.FLATTEN.flatten(FLATTEN.java:26)
	at java_programs.FLATTEN.flatten(FLATTEN.java:26)
	at java_programs.FLATTEN.flatten(FLATTEN.java:26)
	at java_programs.FLATTEN.flatten(FLATTEN.java:26)
	at java_programs.FLATTEN.flatten(FLATTEN.java:26)
	at java_programs.FLATTEN.flatten(FLATTEN.java:26)
	at java_programs.FLATTEN.flatten(FLATTEN.java:26)
	at java_programs.FLATTEN.flatten(FLATTEN.java:26)
	at java_programs.FLATTEN.flatten(FLATTEN.java:26)
	at java_programs.FLATTEN.flatten(FLATTEN.java:26)
	at java_programs.FLATTEN.flatten(FLATTEN.java:26)
	at java_programs.FLATTEN.flatten(FLATTEN.java:26)
	at java_programs.FLATTEN.flatten(FLATTEN.java:26)
	at java_programs.FLATTEN.flatten(FLATTEN.java:26)
	at java_programs.FLATTEN.flatten(FLATTEN.java:26)
	at java_programs.FLATTEN.flatten(FLATTEN.java:26)
	at java_programs.FLATTEN.flatten(FLATTEN.java:26)
	at java_programs.FLATTEN.flatten(FLATTEN.java:26)
	at java_programs.FLATTEN.flatten(FLATTEN.java:26)
	at java_programs.FLATTEN.flatten(FLATTEN.java:26)
	at java_programs.FLATTEN.flatten(FLATTEN.java:26)
	at java_programs.FLATTEN.flatten(FLATTEN.java:26)
	at java_programs.FLATTEN.flatten(FLATTEN.java:26)
	at java_programs.FLATTEN.flatten(FLATTEN.java:26)
	at java_programs.FLATTEN.flatten(FLATTEN.java:26)
	at java_programs.FLATTEN.flatten(FLATTEN.java:26)
	at java_programs.FLATTEN.flatten(FLATTEN.java:26)
	at java_programs.FLATTEN.flatten(FLATTEN.java:26)
	at java_programs.FLATTEN.flatten(FLATTEN.java:26)
	at java_programs.FLATTEN.flatten(FLATTEN.java:26)
	at java_programs.FLATTEN.flatten(FLATTEN.java:26)
	at java_programs.FLATTEN.flatten(FLATTEN.java:26)
	at java_programs.FLATTEN.flatten(FLATTEN.java:26)
	at java_programs.FLATTEN.flatten(FLATTEN.java:26)
	at java_programs.FLATTEN.flatten(FLATTEN.java:26)
	at java_programs.FLATTEN.flatten(FLATTEN.java:26)
	at java_programs.FLATTEN.flatten(FLATTEN.java:26)
	at java_programs.FLATTEN.flatten(FLATTEN.java:26)
	at java_programs.FLATTEN.flatten(FLATTEN.java:26)
	at java_programs.FLATTEN.flatten(FLATTEN.java:26)
	at java_programs.FLATTEN.flatten(FLATTEN.java:26)
	at java_programs.FLATTEN.flatten(FLATTEN.java:26)
	at java_programs.FLATTEN.flatten(FLATTEN.java:26)
	at java_programs.FLATTEN.flatten(FLATTEN.java:26)
	at java_programs.FLATTEN.flatten(FLATTEN.java:26)
	at java_programs.FLATTEN.flatten(FLATTEN.java:26)
	at java_programs.FLATTEN.flatten(FLATTEN.java:26)
	at java_programs.FLATTEN.flatten(FLATTEN.java:26)
	at java_programs.FLATTEN.flatten(FLATTEN.java:26)
	at java_programs.FLATTEN.flatten(FLATTEN.java:26)
	at java_programs.FLATTEN.flatten(FLATTEN.java:26)
	at java_programs.FLATTEN.flatten(FLATTEN.java:26)
	at java_programs.FLATTEN.flatten(FLATTEN.java:26)
	at java_programs.FLATTEN.flatten(FLATTEN.java:26)
	at java_programs.FLATTEN.flatten(FLATTEN.java:26)
	at java_programs.FLATTEN.flatten(FLATTEN.java:26)
	at java_programs.FLATTEN.flatten(FLATTEN.java:26)
	at java_programs.FLATTEN.flatten(FLATTEN.java:26)
	at java_programs.FLATTEN.flatten(FLATTEN.java:26)
	at java_programs.FLATTEN.flatten(FLATTEN.java:26)
	at java_programs.FLATTEN.flatten(FLATTEN.java:26)
	at java_programs.FLATTEN.flatten(FLATTEN.java:26)
	at java_programs.FLATTEN.flatten(FLATTEN.java:26)
	at java_programs.FLATTEN.flatten(FLATTEN.java:26)
	at java_programs.FLATTEN.flatten(FLATTEN.java:26)
	at java_programs.FLATTEN.flatten(FLATTEN.java:26)
	at java_programs.FLATTEN.flatten(FLATTEN.java:26)
	at java_programs.FLATTEN.flatten(FLATTEN.java:26)
	at java_programs.FLATTEN.flatten(FLATTEN.java:26)
	at java_programs.FLATTEN.flatten(FLATTEN.java:26)
	at java_programs.FLATTEN.flatten(FLATTEN.java:26)
	at java_programs.FLATTEN.flatten(FLATTEN.java:26)
	at java_programs.FLATTEN.flatten(FLATTEN.java:26)
	at java_programs.FLATTEN.flatten(FLATTEN.java:26)
	at java_programs.FLATTEN.flatten(FLATTEN.java:26)
	at java_programs.FLATTEN.flatten(FLATTEN.java:26)
	at java_programs.FLATTEN.flatten(FLATTEN.java:26)
	at java_programs.FLATTEN.flatten(FLATTEN.java:26)
	at java_programs.FLATTEN.flatten(FLATTEN.java:26)
	at java_programs.FLATTEN.flatten(FLATTEN.java:26)
	at java_programs.FLATTEN.flatten(FLATTEN.java:26)
	at java_programs.FLATTEN.flatten(FLATTEN.java:26)
	at java_programs.FLATTEN.flatten(FLATTEN.java:26)
	at java_programs.FLATTEN.flatten(FLATTEN.java:26)
	at java_programs.FLATTEN.flatten(FLATTEN.java:26)
	at java_programs.FLATTEN.flatten(FLATTEN.java:26)
	at java_programs.FLATTEN.flatten(FLATTEN.java:26)
	at java_programs.FLATTEN.flatten(FLATTEN.java:26)
	at java_programs.FLATTEN.flatten(FLATTEN.java:26)
	at java_programs.FLATTEN.flatten(FLATTEN.java:26)
	at java_programs.FLATTEN.flatten(FLATTEN.java:26)
	at java_programs.FLATTEN.flatten(FLATTEN.java:26)
	at java_programs.FLATTEN.flatten(FLATTEN.java:26)
	at java_programs.FLATTEN.flatten(FLATTEN.java:26)
	at java_programs.FLATTEN.flatten(FLATTEN.java:26)
	at java_programs.FLATTEN.flatten(FLATTEN.java:26)
	at java_programs.FLATTEN.flatten(FLATTEN.java:26)
	at java_programs.FLATTEN.flatten(FLATTEN.java:26)
	at java_programs.FLATTEN.flatten(FLATTEN.java:26)
	at java_programs.FLATTEN.flatten(FLATTEN.java:26)
	at java_programs.FLATTEN.flatten(FLATTEN.java:26)
	at java_programs.FLATTEN.flatten(FLATTEN.java:26)
	at java_programs.FLATTEN.flatten(FLATTEN.java:26)
	at java_programs.FLATTEN.flatten(FLATTEN.java:26)
	at java_programs.FLATTEN.flatten(FLATTEN.java:26)
	at java_programs.FLATTEN.flatten(FLATTEN.java:26)
	at java_programs.FLATTEN.flatten(FLATTEN.java:26)
	at java_programs.FLATTEN.flatten(FLATTEN.java:26)
	at java_programs.FLATTEN.flatten(FLATTEN.java:26)
	at java_programs.FLATTEN.flatten(FLATTEN.java:26)
	at java_programs.FLATTEN.flatten(FLATTEN.java:26)
	at java_programs.FLATTEN.flatten(FLATTEN.java:26)
	at java_programs.FLATTEN.flatten(FLATTEN.java:26)
	at java_programs.FLATTEN.flatten(FLATTEN.java:26)
	at java_programs.FLATTEN.flatten(FLATTEN.java:26)
	at java_programs.FLATTEN.flatten(FLATTEN.java:26)
	at java_programs.FLATTEN.flatten(FLATTEN.java:26)
	at java_programs.FLATTEN.flatten(FLATTEN.java:26)
	at java_programs.FLATTEN.flatten(FLATTEN.java:26)
	at java_programs.FLATTEN.flatten(FLATTEN.java:26)
	at java_programs.FLATTEN.flatten(FLATTEN.java:26)
	at java_programs.FLATTEN.flatten(FLATTEN.java:26)
	at java_programs.FLATTEN.flatten(FLATTEN.java:26)
	at java_programs.FLATTEN.flatten(FLATTEN.java:26)
	at java_programs.FLATTEN.flatten(FLATTEN.java:26)
	at java_programs.FLATTEN.flatten(FLATTEN.java:26)
	at java_programs.FLATTEN.flatten(FLATTEN.java:26)
	at java_programs.FLATTEN.flatten(FLATTEN.java:26)
	at java_programs.FLATTEN.flatten(FLATTEN.java:26)
	at java_programs.FLATTEN.flatten(FLATTEN.java:26)
	at java_programs.FLATTEN.flatten(FLATTEN.java:26)
	at java_programs.FLATTEN.flatten(FLATTEN.java:26)
	at java_programs.FLATTEN.flatten(FLATTEN.java:26)
	at java_programs.FLATTEN.flatten(FLATTEN.java:26)
	at java_programs.FLATTEN.flatten(FLATTEN.java:26)
	at java_programs.FLATTEN.flatten(FLATTEN.java:26)
	at java_programs.FLATTEN.flatten(FLATTEN.java:26)
	at java_programs.FLATTEN.flatten(FLATTEN.java:26)
	at java_programs.FLATTEN.flatten(FLATTEN.java:26)
	at java_programs.FLATTEN.flatten(FLATTEN.java:26)
	at java_programs.FLATTEN.flatten(FLATTEN.java:26)
	at java_programs.FLATTEN.flatten(FLATTEN.java:26)
	at java_programs.FLATTEN.flatten(FLATTEN.java:26)
	at java_programs.FLATTEN.flatten(FLATTEN.java:26)
	at java_programs.FLATTEN.flatten(FLATTEN.java:26)
	at java_programs.FLATTEN.flatten(FLATTEN.java:26)
	at java_programs.FLATTEN.flatten(FLATTEN.java:26)
	at java_programs.FLATTEN.flatten(FLATTEN.java:26)
	at java_programs.FLATTEN.flatten(FLATTEN.java:26)
	at java_programs.FLATTEN.flatten(FLATTEN.java:26)
	at java_programs.FLATTEN.flatten(FLATTEN.java:26)
	at java_programs.FLATTEN.flatten(FLATTEN.java:26)
	at java_programs.FLATTEN.flatten(FLATTEN.java:26)
	at java_programs.FLATTEN.flatten(FLATTEN.java:26)
	at java_programs.FLATTEN.flatten(FLATTEN.java:26)
	at java_programs.FLATTEN.flatten(FLATTEN.java:26)
	at java_programs.FLATTEN.flatten(FLATTEN.java:26)
	at java_programs.FLATTEN.flatten(FLATTEN.java:26)
	at java_programs.FLATTEN.flatten(FLATTEN.java:26)
	at java_programs.FLATTEN.flatten(FLATTEN.java:26)
	at java_programs.FLATTEN.flatten(FLATTEN.java:26)
	at java_programs.FLATTEN.flatten(FLATTEN.java:26)
	at java_programs.FLATTEN.flatten(FLATTEN.java:26)
	at java_programs.FLATTEN.flatten(FLATTEN.java:26)
	at java_programs.FLATTEN.flatten(FLATTEN.java:26)
	at java_programs.FLATTEN.flatten(FLATTEN.java:26)
	at java_programs.FLATTEN.flatten(FLATTEN.java:26)
	at java_programs.FLATTEN.flatten(FLATTEN.java:26)
	at java_programs.FLATTEN.flatten(FLATTEN.java:26)
	at java_programs.FLATTEN.flatten(FLATTEN.java:26)
	at java_programs.FLATTEN.flatten(FLATTEN.java:26)
	at java_programs.FLATTEN.flatten(FLATTEN.java:26)
	at java_programs.FLATTEN.flatten(FLATTEN.java:26)
	at java_programs.FLATTEN.flatten(FLATTEN.java:26)
	at java_programs.FLATTEN.flatten(FLATTEN.java:26)
	at java_programs.FLATTEN.flatten(FLATTEN.java:26)
	at java_programs.FLATTEN.flatten(FLATTEN.java:26)
	at java_programs.FLATTEN.flatten(FLATTEN.java:26)
	at java_programs.FLATTEN.flatten(FLATTEN.java:26)
	at java_programs.FLATTEN.flatten(FLATTEN.java:26)
	at java_programs.FLATTEN.flatten(FLATTEN.java:26)
	at java_programs.FLATTEN.flatten(FLATTEN.java:26)
	at java_programs.FLATTEN.flatten(FLATTEN.java:26)
	at java_programs.FLATTEN.flatten(FLATTEN.java:26)
	at java_programs.FLATTEN.flatten(FLATTEN.java:26)
	at java_programs.FLATTEN.flatten(FLATTEN.java:26)
	at java_programs.FLATTEN.flatten(FLATTEN.java:26)
	at java_programs.FLATTEN.flatten(FLATTEN.java:26)
	at java_programs.FLATTEN.flatten(FLATTEN.java:26)
	at java_programs.FLATTEN.flatten(FLATTEN.java:26)
	at java_programs.FLATTEN.flatten(FLATTEN.java:26)
	at java_programs.FLATTEN.flatten(FLATTEN.java:26)
	at java_programs.FLATTEN.flatten(FLATTEN.java:26)
	at java_programs.FLATTEN.flatten(FLATTEN.java:26)
	at java_programs.FLATTEN.flatten(FLATTEN.java:26)
	at java_programs.FLATTEN.flatten(FLATTEN.java:26)
	at java_programs.FLATTEN.flatten(FLATTEN.java:26)
	at java_programs.FLATTEN.flatten(FLATTEN.java:26)
	at java_programs.FLATTEN.flatten(FLATTEN.java:26)
	at java_programs.FLATTEN.flatten(FLATTEN.java:26)
	at java_programs.FLATTEN.flatten(FLATTEN.java:26)
	at java_programs.FLATTEN.flatten(FLATTEN.java:26)
	at java_programs.FLATTEN.flatten(FLATTEN.java:26)
	at java_programs.FLATTEN.flatten(FLATTEN.java:26)
	at java_programs.FLATTEN.flatten(FLATTEN.java:26)
	at java_programs.FLATTEN.flatten(FLATTEN.java:26)
	at java_programs.FLATTEN.flatten(FLATTEN.java:26)
	at java_programs.FLATTEN.flatten(FLATTEN.java:26)
	at java_programs.FLATTEN.flatten(FLATTEN.java:26)
	at java_programs.FLATTEN.flatten(FLATTEN.java:26)
	at java_programs.FLATTEN.flatten(FLATTEN.java:26)
	at java_programs.FLATTEN.flatten(FLATTEN.java:26)
	at java_programs.FLATTEN.flatten(FLATTEN.java:26)
	at java_programs.FLATTEN.flatten(FLATTEN.java:26)
	at java_programs.FLATTEN.flatten(FLATTEN.java:26)
	at java_programs.FLATTEN.flatten(FLATTEN.java:26)
	at java_programs.FLATTEN.flatten(FLATTEN.java:26)
	at java_programs.FLATTEN.flatten(FLATTEN.java:26)
	at java_programs.FLATTEN.flatten(FLATTEN.java:26)
	at java_programs.FLATTEN.flatten(FLATTEN.java:26)
	at java_programs.FLATTEN.flatten(FLATTEN.java:26)
	at java_programs.FLATTEN.flatten(FLATTEN.java:26)
	at java_programs.FLATTEN.flatten(FLATTEN.java:26)
	at java_programs.FLATTEN.flatten(FLATTEN.java:26)
	at java_programs.FLATTEN.flatten(FLATTEN.java:26)
	at java_programs.FLATTEN.flatten(FLATTEN.java:26)
	at java_programs.FLATTEN.flatten(FLATTEN.java:26)
	at java_programs.FLATTEN.flatten(FLATTEN.java:26)
	at java_programs.FLATTEN.flatten(FLATTEN.java:26)
	at java_programs.FLATTEN.flatten(FLATTEN.java:26)
	at java_programs.FLATTEN.flatten(FLATTEN.java:26)
	at java_programs.FLATTEN.flatten(FLATTEN.java:26)
	at java_programs.FLATTEN.flatten(FLATTEN.java:26)
	at java_programs.FLATTEN.flatten(FLATTEN.java:26)
	at java_programs.FLATTEN.flatten(FLATTEN.java:26)
	at java_programs.FLATTEN.flatten(FLATTEN.java:26)
	at java_programs.FLATTEN.flatten(FLATTEN.java:26)
	at java_programs.FLATTEN.flatten(FLATTEN.java:26)
	at java_programs.FLATTEN.flatten(FLATTEN.java:26)
	at java_programs.FLATTEN.flatten(FLATTEN.java:26)
	at java_programs.FLATTEN.flatten(FLATTEN.java:26)
	at java_programs.FLATTEN.flatten(FLATTEN.java:26)
	at java_programs.FLATTEN.flatten(FLATTEN.java:26)
	at java_programs.FLATTEN.flatten(FLATTEN.java:26)
	at java_programs.FLATTEN.flatten(FLATTEN.java:26)
	at java_programs.FLATTEN.flatten(FLATTEN.java:26)
	at java_programs.FLATTEN.flatten(FLATTEN.java:26)
	at java_programs.FLATTEN.flatten(FLATTEN.java:26)
	at java_programs.FLATTEN.flatten(FLATTEN.java:26)
	at java_programs.FLATTEN.flatten(FLATTEN.java:26)
	at java_programs.FLATTEN.flatten(FLATTEN.java:26)
	at java_programs.FLATTEN.flatten(FLATTEN.java:26)
	at java_programs.FLATTEN.flatten(FLATTEN.java:26)
	at java_programs.FLATTEN.flatten(FLATTEN.java:26)
	at java_programs.FLATTEN.flatten(FLATTEN.java:26)
	at java_programs.FLATTEN.flatten(FLATTEN.java:26)
	at java_programs.FLATTEN.flatten(FLATTEN.java:26)
	at java_programs.FLATTEN.flatten(FLATTEN.java:26)
	at java_programs.FLATTEN.flatten(FLATTEN.java:26)
	at java_programs.FLATTEN.flatten(FLATTEN.java:26)
	at java_programs.FLATTEN.flatten(FLATTEN.java:26)
	at java_programs.FLATTEN.flatten(FLATTEN.java:26)
	at java_programs.FLATTEN.flatten(FLATTEN.java:26)
	at java_programs.FLATTEN.flatten(FLATTEN.java:26)
	at java_programs.FLATTEN.flatten(FLATTEN.java:26)
	at java_programs.FLATTEN.flatten(FLATTEN.java:26)
	at java_programs.FLATTEN.flatten(FLATTEN.java:26)
	at java_programs.FLATTEN.flatten(FLATTEN.java:26)
	at java_programs.FLATTEN.flatten(FLATTEN.java:26)
	at java_programs.FLATTEN.flatten(FLATTEN.java:26)
	at java_programs.FLATTEN.flatten(FLATTEN.java:26)
	at java_programs.FLATTEN.flatten(FLATTEN.java:26)
	at java_programs.FLATTEN.flatten(FLATTEN.java:26)
	at java_programs.FLATTEN.flatten(FLATTEN.java:26)
	at java_programs.FLATTEN.flatten(FLATTEN.java:26)
	at java_programs.FLATTEN.flatten(FLATTEN.java:26)
	at java_programs.FLATTEN.flatten(FLATTEN.java:26)
	at java_programs.FLATTEN.flatten(FLATTEN.java:26)
	at java_programs.FLATTEN.flatten(FLATTEN.java:26)
	at java_programs.FLATTEN.flatten(FLATTEN.java:26)
	at java_programs.FLATTEN.flatten(FLATTEN.java:26)
	at java_programs.FLATTEN.flatten(FLATTEN.java:26)
	at java_programs.FLATTEN.flatten(FLATTEN.java:26)
	at java_programs.FLATTEN.flatten(FLATTEN.java:26)
	at java_programs.FLATTEN.flatten(FLATTEN.java:26)
	at java_programs.FLATTEN.flatten(FLATTEN.java:26)
	at java_programs.FLATTEN.flatten(FLATTEN.java:26)
	at java_programs.FLATTEN.flatten(FLATTEN.java:26)
	at java_programs.FLATTEN.flatten(FLATTEN.java:26)
	at java_programs.FLATTEN.flatten(FLATTEN.java:26)
	at java_programs.FLATTEN.flatten(FLATTEN.java:26)
	at java_programs.FLATTEN.flatten(FLATTEN.java:26)
	at java_programs.FLATTEN.flatten(FLATTEN.java:26)
	at java_programs.FLATTEN.flatten(FLATTEN.java:26)
	at java_programs.FLATTEN.flatten(FLATTEN.java:26)
	at java_programs.FLATTEN.flatten(FLATTEN.java:26)
	at java_programs.FLATTEN.flatten(FLATTEN.java:26)
	at java_programs.FLATTEN.flatten(FLATTEN.java:26)
	at java_programs.FLATTEN.flatten(FLATTEN.java:26)
	at java_programs.FLATTEN.flatten(FLATTEN.java:26)
	at java_programs.FLATTEN.flatten(FLATTEN.java:26)
	at java_programs.FLATTEN.flatten(FLATTEN.java:26)
	at java_programs.FLATTEN.flatten(FLATTEN.java:26)
	at java_programs.FLATTEN.flatten(FLATTEN.java:26)
	at java_programs.FLATTEN.flatten(FLATTEN.java:26)
	at java_programs.FLATTEN.flatten(FLATTEN.java:26)
	at java_programs.FLATTEN.flatten(FLATTEN.java:26)
	at java_programs.FLATTEN.flatten(FLATTEN.java:26)
	at java_programs.FLATTEN.flatten(FLATTEN.java:26)
	at java_programs.FLATTEN.flatten(FLATTEN.java:26)
	at java_programs.FLATTEN.flatten(FLATTEN.java:26)
	at java_programs.FLATTEN.flatten(FLATTEN.java:26)
	at java_programs.FLATTEN.flatten(FLATTEN.java:26)
	at java_programs.FLATTEN.flatten(FLATTEN.java:26)
	at java_programs.FLATTEN.flatten(FLATTEN.java:26)
	at java_programs.FLATTEN.flatten(FLATTEN.java:26)
	at java_programs.FLATTEN.flatten(FLATTEN.java:26)
	at java_programs.FLATTEN.flatten(FLATTEN.java:26)
	at java_programs.FLATTEN.flatten(FLATTEN.java:26)
	at java_programs.FLATTEN.flatten(FLATTEN.java:26)
	at java_programs.FLATTEN.flatten(FLATTEN.java:26)
	at java_programs.FLATTEN.flatten(FLATTEN.java:26)
	at java_programs.FLATTEN.flatten(FLATTEN.java:26)
	at java_programs.FLATTEN.flatten(FLATTEN.java:26)
	at java_programs.FLATTEN.flatten(FLATTEN.java:26)
	at java_programs.FLATTEN.flatten(FLATTEN.java:26)
	at java_programs.FLATTEN.flatten(FLATTEN.java:26)
	at java_programs.FLATTEN.flatten(FLATTEN.java:26)
	at java_programs.FLATTEN.flatten(FLATTEN.java:26)
	at java_programs.FLATTEN.flatten(FLATTEN.java:26)
	at java_programs.FLATTEN.flatten(FLATTEN.java:26)
	at java_programs.FLATTEN.flatten(FLATTEN.java:26)
	at java_programs.FLATTEN.flatten(FLATTEN.java:26)
	at java_programs.FLATTEN.flatten(FLATTEN.java:26)
	at java_programs.FLATTEN.flatten(FLATTEN.java:26)
	at java_programs.FLATTEN.flatten(FLATTEN.java:26)
	at java_programs.FLATTEN.flatten(FLATTEN.java:26)
	at java_programs.FLATTEN.flatten(FLATTEN.java:26)
	at java_programs.FLATTEN.flatten(FLATTEN.java:26)
	at java_programs.FLATTEN.flatten(FLATTEN.java:26)
	at java_programs.FLATTEN.flatten(FLATTEN.java:26)
	at java_programs.FLATTEN.flatten(FLATTEN.java:26)
	at java_programs.FLATTEN.flatten(FLATTEN.java:26)
	at java_programs.FLATTEN.flatten(FLATTEN.java:26)
	at java_programs.FLATTEN.flatten(FLATTEN.java:26)
	at java_programs.FLATTEN.flatten(FLATTEN.java:26)
	at java_programs.FLATTEN.flatten(FLATTEN.java:26)
	at java_programs.FLATTEN.flatten(FLATTEN.java:26)
	at java_programs.FLATTEN.flatten(FLATTEN.java:26)
	at java_programs.FLATTEN.flatten(FLATTEN.java:26)
	at java_programs.FLATTEN.flatten(FLATTEN.java:26)
	at java_programs.FLATTEN.flatten(FLATTEN.java:26)
	at java_programs.FLATTEN.flatten(FLATTEN.java:26)
	at java_programs.FLATTEN.flatten(FLATTEN.java:26)
	at java_programs.FLATTEN.flatten(FLATTEN.java:26)
	at java_programs.FLATTEN.flatten(FLATTEN.java:26)
	at java_programs.FLATTEN.flatten(FLATTEN.java:26)
	at java_programs.FLATTEN.flatten(FLATTEN.java:26)
	at java_programs.FLATTEN.flatten(FLATTEN.java:26)
	at java_programs.FLATTEN.flatten(FLATTEN.java:26)
	at java_programs.FLATTEN.flatten(FLATTEN.java:26)
	at java_programs.FLATTEN.flatten(FLATTEN.java:26)
	at java_programs.FLATTEN.flatten(FLATTEN.java:26)
	at java_programs.FLATTEN.flatten(FLATTEN.java:26)
	at java_programs.FLATTEN.flatten(FLATTEN.java:26)
	at java_programs.FLATTEN.flatten(FLATTEN.java:26)
	at java_programs.FLATTEN.flatten(FLATTEN.java:26)
	at java_programs.FLATTEN.flatten(FLATTEN.java:26)
	at java_programs.FLATTEN.flatten(FLATTEN.java:26)
	at java_programs.FLATTEN.flatten(FLATTEN.java:26)
	at java_programs.FLATTEN.flatten(FLATTEN.java:26)
	at java_programs.FLATTEN.flatten(FLATTEN.java:26)
	at java_programs.FLATTEN.flatten(FLATTEN.java:26)
	at java_programs.FLATTEN.flatten(FLATTEN.java:26)
	at java_programs.FLATTEN.flatten(FLATTEN.java:26)
	at java_programs.FLATTEN.flatten(FLATTEN.java:26)
	at java_programs.FLATTEN.flatten(FLATTEN.java:26)
	at java_programs.FLATTEN.flatten(FLATTEN.java:26)
	at java_programs.FLATTEN.flatten(FLATTEN.java:26)
	at java_programs.FLATTEN.flatten(FLATTEN.java:26)
	at java_programs.FLATTEN.flatten(FLATTEN.java:26)
	at java_programs.FLATTEN.flatten(FLATTEN.java:26)
	at java_programs.FLATTEN.flatten(FLATTEN.java:26)
	at java_programs.FLATTEN.flatten(FLATTEN.java:26)
	at java_programs.FLATTEN.flatten(FLATTEN.java:26)
	at java_programs.FLATTEN.flatten(FLATTEN.java:26)
	at java_programs.FLATTEN.flatten(FLATTEN.java:26)
	at java_programs.FLATTEN.flatten(FLATTEN.java:26)
	at java_programs.FLATTEN.flatten(FLATTEN.java:26)
	at java_programs.FLATTEN.flatten(FLATTEN.java:26)
	at java_programs.FLATTEN.flatten(FLATTEN.java:26)
	at java_programs.FLATTEN.flatten(FLATTEN.java:26)
	at java_programs.FLATTEN.flatten(FLATTEN.java:26)
	at java_programs.FLATTEN.flatten(FLATTEN.java:26)
	at java_programs.FLATTEN.flatten(FLATTEN.java:26)
	at java_programs.FLATTEN.flatten(FLATTEN.java:26)
	at java_programs.FLATTEN.flatten(FLATTEN.java:26)
	at java_programs.FLATTEN.flatten(FLATTEN.java:26)
	at java_programs.FLATTEN.flatten(FLATTEN.java:26)
	at java_programs.FLATTEN.flatten(FLATTEN.java:26)
	at java_programs.FLATTEN.flatten(FLATTEN.java:26)
	at java_programs.FLATTEN.flatten(FLATTEN.java:26)
	at java_programs.FLATTEN.flatten(FLATTEN.java:26)
	at java_programs.FLATTEN.flatten(FLATTEN.java:26)
	at java_programs.FLATTEN.flatten(FLATTEN.java:26)
	at java_programs.FLATTEN.flatten(FLATTEN.java:26)
	at java_programs.FLATTEN.flatten(FLATTEN.java:26)
	at java_programs.FLATTEN.flatten(FLATTEN.java:26)
	at java_programs.FLATTEN.flatten(FLATTEN.java:26)
	at java_programs.FLATTEN.flatten(FLATTEN.java:26)
	at java_programs.FLATTEN.flatten(FLATTEN.java:26)
	at java_programs.FLATTEN.flatten(FLATTEN.java:26)
	at java_programs.FLATTEN.flatten(FLATTEN.java:26)
	at java_programs.FLATTEN.flatten(FLATTEN.java:26)
	at java_programs.FLATTEN.flatten(FLATTEN.java:26)
	at java_programs.FLATTEN.flatten(FLATTEN.java:26)
	at java_programs.FLATTEN.flatten(FLATTEN.java:26)
	at java_programs.FLATTEN.flatten(FLATTEN.java:26)
	at java_programs.FLATTEN.flatten(FLATTEN.java:26)
	at java_programs.FLATTEN.flatten(FLATTEN.java:26)
	at java_programs.FLATTEN.flatten(FLATTEN.java:26)
	at java_programs.FLATTEN.flatten(FLATTEN.java:26)
	at java_programs.FLATTEN.flatten(FLATTEN.java:26)
	at java_programs.FLATTEN.flatten(FLATTEN.java:26)
	at java_programs.FLATTEN.flatten(FLATTEN.java:26)
	at java_programs.FLATTEN.flatten(FLATTEN.java:26)
	at java_programs.FLATTEN.flatten(FLATTEN.java:26)
	at java_programs.FLATTEN.flatten(FLATTEN.java:26)
	at java_programs.FLATTEN.flatten(FLATTEN.java:26)
	at java_programs.FLATTEN.flatten(FLATTEN.java:26)
	at java_programs.FLATTEN.flatten(FLATTEN.java:26)
	at java_programs.FLATTEN.flatten(FLATTEN.java:26)
	at java_programs.FLATTEN.flatten(FLATTEN.java:26)
	at java_programs.FLATTEN.flatten(FLATTEN.java:26)
	at java_programs.FLATTEN.flatten(FLATTEN.java:26)
	at java_programs.FLATTEN.flatten(FLATTEN.java:26)
	at java_programs.FLATTEN.flatten(FLATTEN.java:26)
	at java_programs.FLATTEN.flatten(FLATTEN.java:26)
	at java_programs.FLATTEN.flatten(FLATTEN.java:26)
	at java_programs.FLATTEN.flatten(FLATTEN.java:26)
	at java_programs.FLATTEN.flatten(FLATTEN.java:26)
	at java_programs.FLATTEN.flatten(FLATTEN.java:26)
	at java_programs.FLATTEN.flatten(FLATTEN.java:26)
	at java_programs.FLATTEN.flatten(FLATTEN.java:26)
	at java_programs.FLATTEN.flatten(FLATTEN.java:26)
	at java_programs.FLATTEN.flatten(FLATTEN.java:26)
	at java_programs.FLATTEN.flatten(FLATTEN.java:26)
	at java_programs.FLATTEN.flatten(FLATTEN.java:26)
	at java_programs.FLATTEN.flatten(FLATTEN.java:26)
	at java_programs.FLATTEN.flatten(FLATTEN.java:26)
	at java_programs.FLATTEN.flatten(FLATTEN.java:26)
	at java_programs.FLATTEN.flatten(FLATTEN.java:26)
	at java_programs.FLATTEN.flatten(FLATTEN.java:26)
	at java_programs.FLATTEN.flatten(FLATTEN.java:26)
	at java_programs.FLATTEN.flatten(FLATTEN.java:26)
	at java_programs.FLATTEN.flatten(FLATTEN.java:26)
	at java_programs.FLATTEN.flatten(FLATTEN.java:26)
	at java_programs.FLATTEN.flatten(FLATTEN.java:26)
	at java_programs.FLATTEN.flatten(FLATTEN.java:26)
	at java_programs.FLATTEN.flatten(FLATTEN.java:26)
	at java_programs.FLATTEN.flatten(FLATTEN.java:26)
	at java_programs.FLATTEN.flatten(FLATTEN.java:26)
	at java_programs.FLATTEN.flatten(FLATTEN.java:26)
	at java_programs.FLATTEN.flatten(FLATTEN.java:26)
	at java_programs.FLATTEN.flatten(FLATTEN.java:26)
	at java_programs.FLATTEN.flatten(FLATTEN.java:26)
	at java_programs.FLATTEN.flatten(FLATTEN.java:26)
	at java_programs.FLATTEN.flatten(FLATTEN.java:26)
	at java_programs.FLATTEN.flatten(FLATTEN.java:26)
	at java_programs.FLATTEN.flatten(FLATTEN.java:26)
	at java_programs.FLATTEN.flatten(FLATTEN.java:26)
	at java_programs.FLATTEN.flatten(FLATTEN.java:26)
	at java_programs.FLATTEN.flatten(FLATTEN.java:26)
	at java_programs.FLATTEN.flatten(FLATTEN.java:26)
	at java_programs.FLATTEN.flatten(FLATTEN.java:26)
	at java_programs.FLATTEN.flatten(FLATTEN.java:26)
	at java_programs.FLATTEN.flatten(FLATTEN.java:26)
	at java_programs.FLATTEN.flatten(FLATTEN.java:26)
	at java_programs.FLATTEN.flatten(FLATTEN.java:26)
	at java_programs.FLATTEN.flatten(FLATTEN.java:26)
	at java_programs.FLATTEN.flatten(FLATTEN.java:26)
	at java_programs.FLATTEN.flatten(FLATTEN.java:26)
	at java_programs.FLATTEN.flatten(FLATTEN.java:26)
	at java_programs.FLATTEN.flatten(FLATTEN.java:26)
	at java_programs.FLATTEN.flatten(FLATTEN.java:26)
	at java_programs.FLATTEN.flatten(FLATTEN.java:26)
	at java_programs.FLATTEN.flatten(FLATTEN.java:26)
	at java_programs.FLATTEN.flatten(FLATTEN.java:26)
	at java_programs.FLATTEN.flatten(FLATTEN.java:26)
	at java_programs.FLATTEN.flatten(FLATTEN.java:26)
	at java_programs.FLATTEN.flatten(FLATTEN.java:26)
	at java_programs.FLATTEN.flatten(FLATTEN.java:26)
	at java_programs.FLATTEN.flatten(FLATTEN.java:26)
	at java_programs.FLATTEN.flatten(FLATTEN.java:26)
	at java_programs.FLATTEN.flatten(FLATTEN.java:26)
	at java_programs.FLATTEN.flatten(FLATTEN.java:26)
	at java_programs.FLATTEN.flatten(FLATTEN.java:26)
	at java_programs.FLATTEN.flatten(FLATTEN.java:26)
	at java_programs.FLATTEN.flatten(FLATTEN.java:26)
	at java_programs.FLATTEN.flatten(FLATTEN.java:26)
	at java_programs.FLATTEN.flatten(FLATTEN.java:26)
	at java_programs.FLATTEN.flatten(FLATTEN.java:26)
	at java_programs.FLATTEN.flatten(FLATTEN.java:26)
	at java_programs.FLATTEN.flatten(FLATTEN.java:26)
	at java_programs.FLATTEN.flatten(FLATTEN.java:26)
	at java_programs.FLATTEN.flatten(FLATTEN.java:26)
	at java_programs.FLATTEN.flatten(FLATTEN.java:26)
	at java_programs.FLATTEN.flatten(FLATTEN.java:26)
	at java_programs.FLATTEN.flatten(FLATTEN.java:26)
	at java_programs.FLATTEN.flatten(FLATTEN.java:26)
	at java_programs.FLATTEN.flatten(FLATTEN.java:26)
	at java_programs.FLATTEN.flatten(FLATTEN.java:26)
	at java_programs.FLATTEN.flatten(FLATTEN.java:26)
	at java_programs.FLATTEN.flatten(FLATTEN.java:26)
	at java_programs.FLATTEN.flatten(FLATTEN.java:26)
	at java_programs.FLATTEN.flatten(FLATTEN.java:26)
	at java_programs.FLATTEN.flatten(FLATTEN.java:26)
	at java_programs.FLATTEN.flatten(FLATTEN.java:26)
	at java_programs.FLATTEN.flatten(FLATTEN.java:26)
	at java_programs.FLATTEN.flatten(FLATTEN.java:26)
	at java_programs.FLATTEN.flatten(FLATTEN.java:26)
	at java_programs.FLATTEN.flatten(FLATTEN.java:26)
	at java_programs.FLATTEN.flatten(FLATTEN.java:26)
	at java_programs.FLATTEN.flatten(FLATTEN.java:26)
	at java_programs.FLATTEN.flatten(FLATTEN.java:26)
	at java_programs.FLATTEN.flatten(FLATTEN.java:26)
	at java_programs.FLATTEN.flatten(FLATTEN.java:26)
	at java_programs.FLATTEN.flatten(FLATTEN.java:26)
	at java_programs.FLATTEN.flatten(FLATTEN.java:26)
	at java_programs.FLATTEN.flatten(FLATTEN.java:26)
	at java_programs.FLATTEN.flatten(FLATTEN.java:26)
	at java_programs.FLATTEN.flatten(FLATTEN.java:26)
	at java_programs.FLATTEN.flatten(FLATTEN.java:26)
	at java_programs.FLATTEN.flatten(FLATTEN.java:26)
	at java_programs.FLATTEN.flatten(FLATTEN.java:26)
	at java_programs.FLATTEN.flatten(FLATTEN.java:26)
	at java_programs.FLATTEN.flatten(FLATTEN.java:26)
	at java_programs.FLATTEN.flatten(FLATTEN.java:26)
	at java_programs.FLATTEN.flatten(FLATTEN.java:26)
	at java_programs.FLATTEN.flatten(FLATTEN.java:26)
	at java_programs.FLATTEN.flatten(FLATTEN.java:26)
	at java_programs.FLATTEN.flatten(FLATTEN.java:26)
	at java_programs.FLATTEN.flatten(FLATTEN.java:26)
	at java_programs.FLATTEN.flatten(FLATTEN.java:26)
	at java_programs.FLATTEN.flatten(FLATTEN.java:26)
	at java_programs.FLATTEN.flatten(FLATTEN.java:26)
	at java_programs.FLATTEN.flatten(FLATTEN.java:26)
	at java_programs.FLATTEN.flatten(FLATTEN.java:26)
	at java_programs.FLATTEN.flatten(FLATTEN.java:26)
	at java_programs.FLATTEN.flatten(FLATTEN.java:26)
	at java_programs.FLATTEN.flatten(FLATTEN.java:26)
	at java_programs.FLATTEN.flatten(FLATTEN.java:26)
	at java_programs.FLATTEN.flatten(FLATTEN.java:26)
	at java_programs.FLATTEN.flatten(FLATTEN.java:26)
	at java_programs.FLATTEN.flatten(FLATTEN.java:26)
	at java_programs.FLATTEN.flatten(FLATTEN.java:26)
	at java_programs.FLATTEN.flatten(FLATTEN.java:26)
	at java_programs.FLATTEN.flatten(FLATTEN.java:26)
	at java_programs.FLATTEN.flatten(FLATTEN.java:26)
	at java_programs.FLATTEN.flatten(FLATTEN.java:26)
	at java_programs.FLATTEN.flatten(FLATTEN.java:26)
	at java_programs.FLATTEN.flatten(FLATTEN.java:26)
	at java_programs.FLATTEN.flatten(FLATTEN.java:26)
	at java_programs.FLATTEN.flatten(FLATTEN.java:26)
	at java_programs.FLATTEN.flatten(FLATTEN.java:26)
	at java_programs.FLATTEN.flatten(FLATTEN.java:26)
	at java_programs.FLATTEN.flatten(FLATTEN.java:26)
	at java_programs.FLATTEN.flatten(FLATTEN.java:26)
	at java_programs.FLATTEN.flatten(FLATTEN.java:26)
	at java_programs.FLATTEN.flatten(FLATTEN.java:26)
	at java_programs.FLATTEN.flatten(FLATTEN.java:26)
	at java_programs.FLATTEN.flatten(FLATTEN.java:26)
	at java_programs.FLATTEN.flatten(FLATTEN.java:26)
	at java_programs.FLATTEN.flatten(FLATTEN.java:26)
	at java_programs.FLATTEN.flatten(FLATTEN.java:26)
	at java_programs.FLATTEN.flatten(FLATTEN.java:26)
	at java_programs.FLATTEN.flatten(FLATTEN.java:26)
	at java_programs.FLATTEN.flatten(FLATTEN.java:26)
	at java_programs.FLATTEN.flatten(FLATTEN.java:26)
	at java_programs.FLATTEN.flatten(FLATTEN.java:26)
	at java_programs.FLATTEN.flatten(FLATTEN.java:26)
	at java_programs.FLATTEN.flatten(FLATTEN.java:26)
	at java_programs.FLATTEN.flatten(FLATTEN.java:26)
	at java_programs.FLATTEN.flatten(FLATTEN.java:26)
	at java_programs.FLATTEN.flatten(FLATTEN.java:26)
	at java_programs.FLATTEN.flatten(FLATTEN.java:26)
	at java_programs.FLATTEN.flatten(FLATTEN.java:26)
	at java_programs.FLATTEN.flatten(FLATTEN.java:26)
	at java_programs.FLATTEN.flatten(FLATTEN.java:26)
	at java_programs.FLATTEN.flatten(FLATTEN.java:26)
	at java_programs.FLATTEN.flatten(FLATTEN.java:26)
	at java_programs.FLATTEN.flatten(FLATTEN.java:26)
	at java_programs.FLATTEN.flatten(FLATTEN.java:26)
	at java_programs.FLATTEN.flatten(FLATTEN.java:26)
	at java_programs.FLATTEN.flatten(FLATTEN.java:26)
	at java_programs.FLATTEN.flatten(FLATTEN.java:26)
	at java_programs.FLATTEN.flatten(FLATTEN.java:26)
	at java_programs.FLATTEN.flatten(FLATTEN.java:26)
	at java_programs.FLATTEN.flatten(FLATTEN.java:26)
	at java_programs.FLATTEN.flatten(FLATTEN.java:26)
	at java_programs.FLATTEN.flatten(FLATTEN.java:26)
	at java_programs.FLATTEN.flatten(FLATTEN.java:26)
	at java_programs.FLATTEN.flatten(FLATTEN.java:26)
	at java_programs.FLATTEN.flatten(FLATTEN.java:26)
	at java_programs.FLATTEN.flatten(FLATTEN.java:26)
	at java_programs.FLATTEN.flatten(FLATTEN.java:26)
	at java_programs.FLATTEN.flatten(FLATTEN.java:26)
	at java_programs.FLATTEN.flatten(FLATTEN.java:26)
	at java_programs.FLATTEN.flatten(FLATTEN.java:26)
	at java_programs.FLATTEN.flatten(FLATTEN.java:26)
	at java_programs.FLATTEN.flatten(FLATTEN.java:26)
	at java_programs.FLATTEN.flatten(FLATTEN.java:26)
	at java_programs.FLATTEN.flatten(FLATTEN.java:26)
	at java_programs.FLATTEN.flatten(FLATTEN.java:26)
	at java_programs.FLATTEN.flatten(FLATTEN.java:26)
	at java_programs.FLATTEN.flatten(FLATTEN.java:26)
	at java_programs.FLATTEN.flatten(FLATTEN.java:26)
	at java_programs.FLATTEN.flatten(FLATTEN.java:26)
	at java_programs.FLATTEN.flatten(FLATTEN.java:26)
	at java_programs.FLATTEN.flatten(FLATTEN.java:26)
	at java_programs.FLATTEN.flatten(FLATTEN.java:26)
	at java_programs.FLATTEN.flatten(FLATTEN.java:26)
	at java_programs.FLATTEN.flatten(FLATTEN.java:26)
	at java_programs.FLATTEN.flatten(FLATTEN.java:26)
	at java_programs.FLATTEN.flatten(FLATTEN.java:26)
	at java_programs.FLATTEN.flatten(FLATTEN.java:26)
	at java_programs.FLATTEN.flatten(FLATTEN.java:26)
	at java_programs.FLATTEN.flatten(FLATTEN.java:26)
	at java_programs.FLATTEN.flatten(FLATTEN.java:26)
	at java_programs.FLATTEN.flatten(FLATTEN.java:26)
	at java_programs.FLATTEN.flatten(FLATTEN.java:26)
	at java_programs.FLATTEN.flatten(FLATTEN.java:26)
	at java_programs.FLATTEN.flatten(FLATTEN.java:26)
	at java_programs.FLATTEN.flatten(FLATTEN.java:26)
	at java_programs.FLATTEN.flatten(FLATTEN.java:26)
	at java_programs.FLATTEN.flatten(FLATTEN.java:26)
	at java_programs.FLATTEN.flatten(FLATTEN.java:26)
	at java_programs.FLATTEN.flatten(FLATTEN.java:26)
	at java_programs.FLATTEN.flatten(FLATTEN.java:26)
	at java_programs.FLATTEN.flatten(FLATTEN.java:26)
	at java_programs.FLATTEN.flatten(FLATTEN.java:26)
	at java_programs.FLATTEN.flatten(FLATTEN.java:26)
	at java_programs.FLATTEN.flatten(FLATTEN.java:26)
	at java_programs.FLATTEN.flatten(FLATTEN.java:26)
	at java_programs.FLATTEN.flatten(FLATTEN.java:26)
	at java_programs.FLATTEN.flatten(FLATTEN.java:26)
	at java_programs.FLATTEN.flatten(FLATTEN.java:26)
	at java_programs.FLATTEN.flatten(FLATTEN.java:26)
	at java_programs.FLATTEN.flatten(FLATTEN.java:26)
	at java_programs.FLATTEN.flatten(FLATTEN.java:26)
	at java_programs.FLATTEN.flatten(FLATTEN.java:26)
	at java_programs.FLATTEN.flatten(FLATTEN.java:26)
	at java_programs.FLATTEN.flatten(FLATTEN.java:26)
	at java_programs.FLATTEN.flatten(FLATTEN.java:26)
	at java_programs.FLATTEN.flatten(FLATTEN.java:26)
	at java_programs.FLATTEN.flatten(FLATTEN.java:26)
	at java_programs.FLATTEN.flatten(FLATTEN.java:26)
	at java_programs.FLATTEN.flatten(FLATTEN.java:26)
	at java_programs.FLATTEN.flatten(FLATTEN.java:26)
	at java_programs.FLATTEN.flatten(FLATTEN.java:26)
	at java_programs.FLATTEN.flatten(FLATTEN.java:26)
	at java_programs.FLATTEN.flatten(FLATTEN.java:26)
	at java_programs.FLATTEN.flatten(FLATTEN.java:26)
	at java_programs.FLATTEN.flatten(FLATTEN.java:26)
	at java_programs.FLATTEN.flatten(FLATTEN.java:26)
	at java_programs.FLATTEN.flatten(FLATTEN.java:26)
	at java_programs.FLATTEN.flatten(FLATTEN.java:26)
	at java_programs.FLATTEN.flatten(FLATTEN.java:26)
	at java_programs.FLATTEN.flatten(FLATTEN.java:26)
	at java_programs.FLATTEN.flatten(FLATTEN.java:26)
	at java_programs.FLATTEN.flatten(FLATTEN.java:26)
	at java_programs.FLATTEN.flatten(FLATTEN.java:26)
	at java_programs.FLATTEN.flatten(FLATTEN.java:26)
	at java_programs.FLATTEN.flatten(FLATTEN.java:26)
	at java_programs.FLATTEN.flatten(FLATTEN.java:26)
	at java_programs.FLATTEN.flatten(FLATTEN.java:26)
	at java_programs.FLATTEN.flatten(FLATTEN.java:26)
	at java_programs.FLATTEN.flatten(FLATTEN.java:26)
	at java_programs.FLATTEN.flatten(FLATTEN.java:26)
	at java_programs.FLATTEN.flatten(FLATTEN.java:26)
	at java_programs.FLATTEN.flatten(FLATTEN.java:26)
	at java_programs.FLATTEN.flatten(FLATTEN.java:26)
	at java_programs.FLATTEN.flatten(FLATTEN.java:26)
	at java_programs.FLATTEN.flatten(FLATTEN.java:26)
	at java_programs.FLATTEN.flatten(FLATTEN.java:26)
	at java_programs.FLATTEN.flatten(FLATTEN.java:26)
	at java_programs.FLATTEN.flatten(FLATTEN.java:26)
	at java_programs.FLATTEN.flatten(FLATTEN.java:26)
	at java_programs.FLATTEN.flatten(FLATTEN.java:26)
	at java_programs.FLATTEN.flatten(FLATTEN.java:26)
	at java_programs.FLATTEN.flatten(FLATTEN.java:26)
	at java_programs.FLATTEN.flatten(FLATTEN.java:26)
	at java_programs.FLATTEN.flatten(FLATTEN.java:26)
	at java_programs.FLATTEN.flatten(FLATTEN.java:26)
	at java_programs.FLATTEN.flatten(FLATTEN.java:26)
	at java_programs.FLATTEN.flatten(FLATTEN.java:26)
	at java_programs.FLATTEN.flatten(FLATTEN.java:26)
	at java_programs.FLATTEN.flatten(FLATTEN.java:26)
	at java_programs.FLATTEN.flatten(FLATTEN.java:26)
	at java_programs.FLATTEN.flatten(FLATTEN.java:26)
	at java_programs.FLATTEN.flatten(FLATTEN.java:26)
	at java_programs.FLATTEN.flatten(FLATTEN.java:26)
	at java_programs.FLATTEN.flatten(FLATTEN.java:26)
	at java_programs.FLATTEN.flatten(FLATTEN.java:26)
	at java_programs.FLATTEN.flatten(FLATTEN.java:26)
	at java_programs.FLATTEN.flatten(FLATTEN.java:26)
	at java_programs.FLATTEN.flatten(FLATTEN.java:26)
	at java_programs.FLATTEN.flatten(FLATTEN.java:26)
	at java_programs.FLATTEN.flatten(FLATTEN.java:26)
	at java_programs.FLATTEN.flatten(FLATTEN.java:26)
	at java_programs.FLATTEN.flatten(FLATTEN.java:26)
	at java_programs.FLATTEN.flatten(FLATTEN.java:26)
	at java_programs.FLATTEN.flatten(FLATTEN.java:26)
	at java_programs.FLATTEN.flatten(FLATTEN.java:26)
	at java_programs.FLATTEN.flatten(FLATTEN.java:26)
	at java_programs.FLATTEN.flatten(FLATTEN.java:26)
	at java_programs.FLATTEN.flatten(FLATTEN.java:26)
	at java_programs.FLATTEN.flatten(FLATTEN.java:26)
	at java_programs.FLATTEN.flatten(FLATTEN.java:26)
	at java_programs.FLATTEN.flatten(FLATTEN.java:26)
	at java_programs.FLATTEN.flatten(FLATTEN.java:26)
	at java_programs.FLATTEN.flatten(FLATTEN.java:26)
	at java_programs.FLATTEN.flatten(FLATTEN.java:26)
	at java_programs.FLATTEN.flatten(FLATTEN.java:26)
	at java_programs.FLATTEN.flatten(FLATTEN.java:26)
	at java_programs.FLATTEN.flatten(FLATTEN.java:26)
	at java_programs.FLATTEN.flatten(FLATTEN.java:26)
	at java_programs.FLATTEN.flatten(FLATTEN.java:26)
	at java_programs.FLATTEN.flatten(FLATTEN.java:26)
	at java_programs.FLATTEN.flatten(FLATTEN.java:26)
	at java_programs.FLATTEN.flatten(FLATTEN.java:26)
	at java_programs.FLATTEN.flatten(FLATTEN.java:26)
	at java_programs.FLATTEN.flatten(FLATTEN.java:26)
	at java_programs.FLATTEN.flatten(FLATTEN.java:26)
	at java_programs.FLATTEN.flatten(FLATTEN.java:26)
	at java_programs.FLATTEN.flatten(FLATTEN.java:26)
	at java_programs.FLATTEN.flatten(FLATTEN.java:26)
	at java_programs.FLATTEN.flatten(FLATTEN.java:26)
	at java_programs.FLATTEN.flatten(FLATTEN.java:26)
	at java_programs.FLATTEN.flatten(FLATTEN.java:26)
	at java_programs.FLATTEN.flatten(FLATTEN.java:26)
	at java_programs.FLATTEN.flatten(FLATTEN.java:26)
	at java_programs.FLATTEN.flatten(FLATTEN.java:26)
	at java_programs.FLATTEN.flatten(FLATTEN.java:26)
	at java_programs.FLATTEN.flatten(FLATTEN.java:26)
	at java_programs.FLATTEN.flatten(FLATTEN.java:26)
	at java_programs.FLATTEN.flatten(FLATTEN.java:26)
	at java_programs.FLATTEN.flatten(FLATTEN.java:26)
	at java_programs.FLATTEN.flatten(FLATTEN.java:26)
	at java_programs.FLATTEN.flatten(FLATTEN.java:26)
	at java_programs.FLATTEN.flatten(FLATTEN.java:26)
	at java_programs.FLATTEN.flatten(FLATTEN.java:26)
	at java_programs.FLATTEN.flatten(FLATTEN.java:26)
	at java_programs.FLATTEN.flatten(FLATTEN.java:26)
	at java_programs.FLATTEN.flatten(FLATTEN.java:26)
	at java_programs.FLATTEN.flatten(FLATTEN.java:26)
	at java_programs.FLATTEN.flatten(FLATTEN.java:26)
	at java_programs.FLATTEN.flatten(FLATTEN.java:26)
	at java_programs.FLATTEN.flatten(FLATTEN.java:26)
	at java_programs.FLATTEN.flatten(FLATTEN.java:26)
	at java_programs.FLATTEN.flatten(FLATTEN.java:26)
	at java_programs.FLATTEN.flatten(FLATTEN.java:26)
	at java_programs.FLATTEN.flatten(FLATTEN.java:26)
	at java_programs.FLATTEN.flatten(FLATTEN.java:26)
	at java_programs.FLATTEN.flatten(FLATTEN.java:26)
	at java_programs.FLATTEN.flatten(FLATTEN.java:26)
	at java_programs.FLATTEN.flatten(FLATTEN.java:26)
	at java_programs.FLATTEN.flatten(FLATTEN.java:26)
	at java_programs.FLATTEN.flatten(FLATTEN.java:26)
	at java_programs.FLATTEN.flatten(FLATTEN.java:26)
	at java_programs.FLATTEN.flatten(FLATTEN.java:26)
	at java_programs.FLATTEN.flatten(FLATTEN.java:26)
	at java_programs.FLATTEN.flatten(FLATTEN.java:26)
	at java_programs.FLATTEN.flatten(FLATTEN.java:26)
	at java_programs.FLATTEN.flatten(FLATTEN.java:26)
	at java_programs.FLATTEN.flatten(FLATTEN.java:26)
	at java_programs.FLATTEN.flatten(FLATTEN.java:26)
	at java_programs.FLATTEN.flatten(FLATTEN.java:26)
	at java_programs.FLATTEN.flatten(FLATTEN.java:26)
	at java_programs.FLATTEN.flatten(FLATTEN.java:26)
	at java_programs.FLATTEN.flatten(FLATTEN.java:26)
	at java_programs.FLATTEN.flatten(FLATTEN.java:26)
	at java_programs.FLATTEN.flatten(FLATTEN.java:26)
	at java_programs.FLATTEN.flatten(FLATTEN.java:26)
	at java_programs.FLATTEN.flatten(FLATTEN.java:26)
	at java_programs.FLATTEN.flatten(FLATTEN.java:26)
	at java_programs.FLATTEN.flatten(FLATTEN.java:26)
	at java_programs.FLATTEN.flatten(FLATTEN.java:26)
	at java_programs.FLATTEN.flatten(FLATTEN.java:26)
	at java_programs.FLATTEN.flatten(FLATTEN.java:26)
	at java_programs.FLATTEN.flatten(FLATTEN.java:26)
	at java_programs.FLATTEN.flatten(FLATTEN.java:26)
	at java_programs.FLATTEN.flatten(FLATTEN.java:26)
	at java_programs.FLATTEN.flatten(FLATTEN.java:26)
	at java_programs.FLATTEN.flatten(FLATTEN.java:26)
	at java_programs.FLATTEN.flatten(FLATTEN.java:26)
	at java_programs.FLATTEN.flatten(FLATTEN.java:26)
	at java_programs.FLATTEN.flatten(FLATTEN.java:26)
	at java_programs.FLATTEN.flatten(FLATTEN.java:26)
	at java_programs.FLATTEN.flatten(FLATTEN.java:26)
	at java_programs.FLATTEN.flatten(FLATTEN.java:26)
	at java_programs.FLATTEN.flatten(FLATTEN.java:26)
	at java_programs.FLATTEN.flatten(FLATTEN.java:26)
	at java_programs.FLATTEN.flatten(FLATTEN.java:26)
	at java_programs.FLATTEN.flatten(FLATTEN.java:26)
	at java_programs.FLATTEN.flatten(FLATTEN.java:26)
	at java_programs.FLATTEN.flatten(FLATTEN.java:26)
	at java_programs.FLATTEN.flatten(FLATTEN.java:26)
	at java_programs.FLATTEN.flatten(FLATTEN.java:26)
	at java_programs.FLATTEN.flatten(FLATTEN.java:26)
	at java_programs.FLATTEN.flatten(FLATTEN.java:26)
	at java_programs.FLATTEN.flatten(FLATTEN.java:26)
	at java_programs.FLATTEN.flatten(FLATTEN.java:26)
	at java_programs.FLATTEN.flatten(FLATTEN.java:26)
	at java_programs.FLATTEN.flatten(FLATTEN.java:26)
	at java_programs.FLATTEN.flatten(FLATTEN.java:26)
	at java_programs.FLATTEN.flatten(FLATTEN.java:26)
	at java_programs.FLATTEN.flatten(FLATTEN.java:26)
	at java_programs.FLATTEN.flatten(FLATTEN.java:26)
	at java_programs.FLATTEN.flatten(FLATTEN.java:26)
	at java_programs.FLATTEN.flatten(FLATTEN.java:26)
	at java_programs.FLATTEN.flatten(FLATTEN.java:26)
	at java_programs.FLATTEN.flatten(FLATTEN.java:26)
	at java_programs.FLATTEN.flatten(FLATTEN.java:26)
	at java_programs.FLATTEN.flatten(FLATTEN.java:26)
	at java_programs.FLATTEN.flatten(FLATTEN.java:26)
	at java_programs.FLATTEN.flatten(FLATTEN.java:26)
	at java_programs.FLATTEN.flatten(FLATTEN.java:26)
	at java_programs.FLATTEN.flatten(FLATTEN.java:26)
	at java_programs.FLATTEN.flatten(FLATTEN.java:26)
	at java_programs.FLATTEN.flatten(FLATTEN.java:26)
	at java_programs.FLATTEN.flatten(FLATTEN.java:26)
	at java_programs.FLATTEN.flatten(FLATTEN.java:26)
	at java_programs.FLATTEN.flatten(FLATTEN.java:26)
	at java_programs.FLATTEN.flatten(FLATTEN.java:26)
	at java_programs.FLATTEN.flatten(FLATTEN.java:26)
	at java_programs.FLATTEN.flatten(FLATTEN.java:26)
	at java_programs.FLATTEN.flatten(FLATTEN.java:26)
	at java_programs.FLATTEN.flatten(FLATTEN.java:26)
	at java_programs.FLATTEN.flatten(FLATTEN.java:26)
	at java_programs.FLATTEN.flatten(FLATTEN.java:26)
	at java_programs.FLATTEN.flatten(FLATTEN.java:26)
	at java_programs.FLATTEN.flatten(FLATTEN.java:26)
	at java_programs.FLATTEN.flatten(FLATTEN.java:26)
	at java_programs.FLATTEN.flatten(FLATTEN.java:26)
	at java_programs.FLATTEN.flatten(FLATTEN.java:26)
	at java_programs.FLATTEN.flatten(FLATTEN.java:26)
	at java_programs.FLATTEN.flatten(FLATTEN.java:26)
	at java_programs.FLATTEN.flatten(FLATTEN.java:26)
	at java_programs.FLATTEN.flatten(FLATTEN.java:26)
	at java_programs.FLATTEN.flatten(FLATTEN.java:26)
	at java_programs.FLATTEN.flatten(FLATTEN.java:26)
	at java_programs.FLATTEN.flatten(FLATTEN.java:26)
	at java_programs.FLATTEN.flatten(FLATTEN.java:26)
	at java_programs.FLATTEN.flatten(FLATTEN.java:26)
	at java_programs.FLATTEN.flatten(FLATTEN.java:26)
	at java_programs.FLATTEN.flatten(FLATTEN.java:26)
	at java_programs.FLATTEN.flatten(FLATTEN.java:26)
	at java_programs.FLATTEN.flatten(FLATTEN.java:26)
	at java_programs.FLATTEN.flatten(FLATTEN.java:26)
	at java_programs.FLATTEN.flatten(FLATTEN.java:26)
	at java_programs.FLATTEN.flatten(FLATTEN.java:26)
	at java_programs.FLATTEN.flatten(FLATTEN.java:26)
	at java_programs.FLATTEN.flatten(FLATTEN.java:26)
	at java_programs.FLATTEN.flatten(FLATTEN.java:26)
	at java_programs.FLATTEN.flatten(FLATTEN.java:26)
	at java_programs.FLATTEN.flatten(FLATTEN.java:26)
	at java_programs.FLATTEN.flatten(FLATTEN.java:26)
	at java_programs.FLATTEN.flatten(FLATTEN.java:26)
	at java_programs.FLATTEN.flatten(FLATTEN.java:26)
	at java_programs.FLATTEN.flatten(FLATTEN.java:26)
	at java_programs.FLATTEN.flatten(FLATTEN.java:26)
	at java_programs.FLATTEN.flatten(FLATTEN.java:26)
	at java_programs.FLATTEN.flatten(FLATTEN.java:26)
	at java_programs.FLATTEN.flatten(FLATTEN.java:26)
	at java_programs.FLATTEN.flatten(FLATTEN.java:26)
	at java_programs.FLATTEN.flatten(FLATTEN.java:26)
	at java_programs.FLATTEN.flatten(FLATTEN.java:26)
	at java_programs.FLATTEN.flatten(FLATTEN.java:26)
	at java_programs.FLATTEN.flatten(FLATTEN.java:26)
	at java_programs.FLATTEN.flatten(FLATTEN.java:26)
	at java_programs.FLATTEN.flatten(FLATTEN.java:26)
	at java_programs.FLATTEN.flatten(FLATTEN.java:26)
	at java_programs.FLATTEN.flatten(FLATTEN.java:26)
	at java_programs.FLATTEN.flatten(FLATTEN.java:26)
	at java_programs.FLATTEN.flatten(FLATTEN.java:26)
	at java_programs.FLATTEN.flatten(FLATTEN.java:26)
	at java_programs.FLATTEN.flatten(FLATTEN.java:26)
	at java_programs.FLATTEN.flatten(FLATTEN.java:26)
	at java_programs.FLATTEN.flatten(FLATTEN.java:26)
	at java_programs.FLATTEN.flatten(FLATTEN.java:26)
	at java_programs.FLATTEN.flatten(FLATTEN.java:26)
</failure>
  </testcase>
  <testcase name="test_1()" classname="test.java.FLATTEN_TEST" time="0.001"/>
  <testcase name="test_2()" classname="test.java.FLATTEN_TEST" time="0.002">
    <failure message="java.lang.StackOverflowError" type="java.lang.StackOverflowError">java.lang.StackOverflowError
	at java_programs.FLATTEN.flatten(FLATTEN.java:14)
	at java_programs.FLATTEN.flatten(FLATTEN.java:26)
	at java_programs.FLATTEN.flatten(FLATTEN.java:26)
	at java_programs.FLATTEN.flatten(FLATTEN.java:26)
	at java_programs.FLATTEN.flatten(FLATTEN.java:26)
	at java_programs.FLATTEN.flatten(FLATTEN.java:26)
	at java_programs.FLATTEN.flatten(FLATTEN.java:26)
	at java_programs.FLATTEN.flatten(FLATTEN.java:26)
	at java_programs.FLATTEN.flatten(FLATTEN.java:26)
	at java_programs.FLATTEN.flatten(FLATTEN.java:26)
	at java_programs.FLATTEN.flatten(FLATTEN.java:26)
	at java_programs.FLATTEN.flatten(FLATTEN.java:26)
	at java_programs.FLATTEN.flatten(FLATTEN.java:26)
	at java_programs.FLATTEN.flatten(FLATTEN.java:26)
	at java_programs.FLATTEN.flatten(FLATTEN.java:26)
	at java_programs.FLATTEN.flatten(FLATTEN.java:26)
	at java_programs.FLATTEN.flatten(FLATTEN.java:26)
	at java_programs.FLATTEN.flatten(FLATTEN.java:26)
	at java_programs.FLATTEN.flatten(FLATTEN.java:26)
	at java_programs.FLATTEN.flatten(FLATTEN.java:26)
	at java_programs.FLATTEN.flatten(FLATTEN.java:26)
	at java_programs.FLATTEN.flatten(FLATTEN.java:26)
	at java_programs.FLATTEN.flatten(FLATTEN.java:26)
	at java_programs.FLATTEN.flatten(FLATTEN.java:26)
	at java_programs.FLATTEN.flatten(FLATTEN.java:26)
	at java_programs.FLATTEN.flatten(FLATTEN.java:26)
	at java_programs.FLATTEN.flatten(FLATTEN.java:26)
	at java_programs.FLATTEN.flatten(FLATTEN.java:26)
	at java_programs.FLATTEN.flatten(FLATTEN.java:26)
	at java_programs.FLATTEN.flatten(FLATTEN.java:26)
	at java_programs.FLATTEN.flatten(FLATTEN.java:26)
	at java_programs.FLATTEN.flatten(FLATTEN.java:26)
	at java_programs.FLATTEN.flatten(FLATTEN.java:26)
	at java_programs.FLATTEN.flatten(FLATTEN.java:26)
	at java_programs.FLATTEN.flatten(FLATTEN.java:26)
	at java_programs.FLATTEN.flatten(FLATTEN.java:26)
	at java_programs.FLATTEN.flatten(FLATTEN.java:26)
	at java_programs.FLATTEN.flatten(FLATTEN.java:26)
	at java_programs.FLATTEN.flatten(FLATTEN.java:26)
	at java_programs.FLATTEN.flatten(FLATTEN.java:26)
	at java_programs.FLATTEN.flatten(FLATTEN.java:26)
	at java_programs.FLATTEN.flatten(FLATTEN.java:26)
	at java_programs.FLATTEN.flatten(FLATTEN.java:26)
	at java_programs.FLATTEN.flatten(FLATTEN.java:26)
	at java_programs.FLATTEN.flatten(FLATTEN.java:26)
	at java_programs.FLATTEN.flatten(FLATTEN.java:26)
	at java_programs.FLATTEN.flatten(FLATTEN.java:26)
	at java_programs.FLATTEN.flatten(FLATTEN.java:26)
	at java_programs.FLATTEN.flatten(FLATTEN.java:26)
	at java_programs.FLATTEN.flatten(FLATTEN.java:26)
	at java_programs.FLATTEN.flatten(FLATTEN.java:26)
	at java_programs.FLATTEN.flatten(FLATTEN.java:26)
	at java_programs.FLATTEN.flatten(FLATTEN.java:26)
	at java_programs.FLATTEN.flatten(FLATTEN.java:26)
	at java_programs.FLATTEN.flatten(FLATTEN.java:26)
	at java_programs.FLATTEN.flatten(FLATTEN.java:26)
	at java_programs.FLATTEN.flatten(FLATTEN.java:26)
	at java_programs.FLATTEN.flatten(FLATTEN.java:26)
	at java_programs.FLATTEN.flatten(FLATTEN.java:26)
	at java_programs.FLATTEN.flatten(FLATTEN.java:26)
	at java_programs.FLATTEN.flatten(FLATTEN.java:26)
	at java_programs.FLATTEN.flatten(FLATTEN.java:26)
	at java_programs.FLATTEN.flatten(FLATTEN.java:26)
	at java_programs.FLATTEN.flatten(FLATTEN.java:26)
	at java_programs.FLATTEN.flatten(FLATTEN.java:26)
	at java_programs.FLATTEN.flatten(FLATTEN.java:26)
	at java_programs.FLATTEN.flatten(FLATTEN.java:26)
	at java_programs.FLATTEN.flatten(FLATTEN.java:26)
	at java_programs.FLATTEN.flatten(FLATTEN.java:26)
	at java_programs.FLATTEN.flatten(FLATTEN.java:26)
	at java_programs.FLATTEN.flatten(FLATTEN.java:26)
	at java_programs.FLATTEN.flatten(FLATTEN.java:26)
	at java_programs.FLATTEN.flatten(FLATTEN.java:26)
	at java_programs.FLATTEN.flatten(FLATTEN.java:26)
	at java_programs.FLATTEN.flatten(FLATTEN.java:26)
	at java_programs.FLATTEN.flatten(FLATTEN.java:26)
	at java_programs.FLATTEN.flatten(FLATTEN.java:26)
	at java_programs.FLATTEN.flatten(FLATTEN.java:26)
	at java_programs.FLATTEN.flatten(FLATTEN.java:26)
	at java_programs.FLATTEN.flatten(FLATTEN.java:26)
	at java_programs.FLATTEN.flatten(FLATTEN.java:26)
	at java_programs.FLATTEN.flatten(FLATTEN.java:26)
	at java_programs.FLATTEN.flatten(FLATTEN.java:26)
	at java_programs.FLATTEN.flatten(FLATTEN.java:26)
	at java_programs.FLATTEN.flatten(FLATTEN.java:26)
	at java_programs.FLATTEN.flatten(FLATTEN.java:26)
	at java_programs.FLATTEN.flatten(FLATTEN.java:26)
	at java_programs.FLATTEN.flatten(FLATTEN.java:26)
	at java_programs.FLATTEN.flatten(FLATTEN.java:26)
	at java_programs.FLATTEN.flatten(FLATTEN.java:26)
	at java_programs.FLATTEN.flatten(FLATTEN.java:26)
	at java_programs.FLATTEN.flatten(FLATTEN.java:26)
	at java_programs.FLATTEN.flatten(FLATTEN.java:26)
	at java_programs.FLATTEN.flatten(FLATTEN.java:26)
	at java_programs.FLATTEN.flatten(FLATTEN.java:26)
	at java_programs.FLATTEN.flatten(FLATTEN.java:26)
	at java_programs.FLATTEN.flatten(FLATTEN.java:26)
	at java_programs.FLATTEN.flatten(FLATTEN.java:26)
	at java_programs.FLATTEN.flatten(FLATTEN.java:26)
	at java_programs.FLATTEN.flatten(FLATTEN.java:26)
	at java_programs.FLATTEN.flatten(FLATTEN.java:26)
	at java_programs.FLATTEN.flatten(FLATTEN.java:26)
	at java_programs.FLATTEN.flatten(FLATTEN.java:26)
	at java_programs.FLATTEN.flatten(FLATTEN.java:26)
	at java_programs.FLATTEN.flatten(FLATTEN.java:26)
	at java_programs.FLATTEN.flatten(FLATTEN.java:26)
	at java_programs.FLATTEN.flatten(FLATTEN.java:26)
	at java_programs.FLATTEN.flatten(FLATTEN.java:26)
	at java_programs.FLATTEN.flatten(FLATTEN.java:26)
	at java_programs.FLATTEN.flatten(FLATTEN.java:26)
	at java_programs.FLATTEN.flatten(FLATTEN.java:26)
	at java_programs.FLATTEN.flatten(FLATTEN.java:26)
	at java_programs.FLATTEN.flatten(FLATTEN.java:26)
	at java_programs.FLATTEN.flatten(FLATTEN.java:26)
	at java_programs.FLATTEN.flatten(FLATTEN.java:26)
	at java_programs.FLATTEN.flatten(FLATTEN.java:26)
	at java_programs.FLATTEN.flatten(FLATTEN.java:26)
	at java_programs.FLATTEN.flatten(FLATTEN.java:26)
	at java_programs.FLATTEN.flatten(FLATTEN.java:26)
	at java_programs.FLATTEN.flatten(FLATTEN.java:26)
	at java_programs.FLATTEN.flatten(FLATTEN.java:26)
	at java_programs.FLATTEN.flatten(FLATTEN.java:26)
	at java_programs.FLATTEN.flatten(FLATTEN.java:26)
	at java_programs.FLATTEN.flatten(FLATTEN.java:26)
	at java_programs.FLATTEN.flatten(FLATTEN.java:26)
	at java_programs.FLATTEN.flatten(FLATTEN.java:26)
	at java_programs.FLATTEN.flatten(FLATTEN.java:26)
	at java_programs.FLATTEN.flatten(FLATTEN.java:26)
	at java_programs.FLATTEN.flatten(FLATTEN.java:26)
	at java_programs.FLATTEN.flatten(FLATTEN.java:26)
	at java_programs.FLATTEN.flatten(FLATTEN.java:26)
	at java_programs.FLATTEN.flatten(FLATTEN.java:26)
	at java_programs.FLATTEN.flatten(FLATTEN.java:26)
	at java_programs.FLATTEN.flatten(FLATTEN.java:26)
	at java_programs.FLATTEN.flatten(FLATTEN.java:26)
	at java_programs.FLATTEN.flatten(FLATTEN.java:26)
	at java_programs.FLATTEN.flatten(FLATTEN.java:26)
	at java_programs.FLATTEN.flatten(FLATTEN.java:26)
	at java_programs.FLATTEN.flatten(FLATTEN.java:26)
	at java_programs.FLATTEN.flatten(FLATTEN.java:26)
	at java_programs.FLATTEN.flatten(FLATTEN.java:26)
	at java_programs.FLATTEN.flatten(FLATTEN.java:26)
	at java_programs.FLATTEN.flatten(FLATTEN.java:26)
	at java_programs.FLATTEN.flatten(FLATTEN.java:26)
	at java_programs.FLATTEN.flatten(FLATTEN.java:26)
	at java_programs.FLATTEN.flatten(FLATTEN.java:26)
	at java_programs.FLATTEN.flatten(FLATTEN.java:26)
	at java_programs.FLATTEN.flatten(FLATTEN.java:26)
	at java_programs.FLATTEN.flatten(FLATTEN.java:26)
	at java_programs.FLATTEN.flatten(FLATTEN.java:26)
	at java_programs.FLATTEN.flatten(FLATTEN.java:26)
	at java_programs.FLATTEN.flatten(FLATTEN.java:26)
	at java_programs.FLATTEN.flatten(FLATTEN.java:26)
	at java_programs.FLATTEN.flatten(FLATTEN.java:26)
	at java_programs.FLATTEN.flatten(FLATTEN.java:26)
	at java_programs.FLATTEN.flatten(FLATTEN.java:26)
	at java_programs.FLATTEN.flatten(FLATTEN.java:26)
	at java_programs.FLATTEN.flatten(FLATTEN.java:26)
	at java_programs.FLATTEN.flatten(FLATTEN.java:26)
	at java_programs.FLATTEN.flatten(FLATTEN.java:26)
	at java_programs.FLATTEN.flatten(FLATTEN.java:26)
	at java_programs.FLATTEN.flatten(FLATTEN.java:26)
	at java_programs.FLATTEN.flatten(FLATTEN.java:26)
	at java_programs.FLATTEN.flatten(FLATTEN.java:26)
	at java_programs.FLATTEN.flatten(FLATTEN.java:26)
	at java_programs.FLATTEN.flatten(FLATTEN.java:26)
	at java_programs.FLATTEN.flatten(FLATTEN.java:26)
	at java_programs.FLATTEN.flatten(FLATTEN.java:26)
	at java_programs.FLATTEN.flatten(FLATTEN.java:26)
	at java_programs.FLATTEN.flatten(FLATTEN.java:26)
	at java_programs.FLATTEN.flatten(FLATTEN.java:26)
	at java_programs.FLATTEN.flatten(FLATTEN.java:26)
	at java_programs.FLATTEN.flatten(FLATTEN.java:26)
	at java_programs.FLATTEN.flatten(FLATTEN.java:26)
	at java_programs.FLATTEN.flatten(FLATTEN.java:26)
	at java_programs.FLATTEN.flatten(FLATTEN.java:26)
	at java_programs.FLATTEN.flatten(FLATTEN.java:26)
	at java_programs.FLATTEN.flatten(FLATTEN.java:26)
	at java_programs.FLATTEN.flatten(FLATTEN.java:26)
	at java_programs.FLATTEN.flatten(FLATTEN.java:26)
	at java_programs.FLATTEN.flatten(FLATTEN.java:26)
	at java_programs.FLATTEN.flatten(FLATTEN.java:26)
	at java_programs.FLATTEN.flatten(FLATTEN.java:26)
	at java_programs.FLATTEN.flatten(FLATTEN.java:26)
	at java_programs.FLATTEN.flatten(FLATTEN.java:26)
	at java_programs.FLATTEN.flatten(FLATTEN.java:26)
	at java_programs.FLATTEN.flatten(FLATTEN.java:26)
	at java_programs.FLATTEN.flatten(FLATTEN.java:26)
	at java_programs.FLATTEN.flatten(FLATTEN.java:26)
	at java_programs.FLATTEN.flatten(FLATTEN.java:26)
	at java_programs.FLATTEN.flatten(FLATTEN.java:26)
	at java_programs.FLATTEN.flatten(FLATTEN.java:26)
	at java_programs.FLATTEN.flatten(FLATTEN.java:26)
	at java_programs.FLATTEN.flatten(FLATTEN.java:26)
	at java_programs.FLATTEN.flatten(FLATTEN.java:26)
	at java_programs.FLATTEN.flatten(FLATTEN.java:26)
	at java_programs.FLATTEN.flatten(FLATTEN.java:26)
	at java_programs.FLATTEN.flatten(FLATTEN.java:26)
	at java_programs.FLATTEN.flatten(FLATTEN.java:26)
	at java_programs.FLATTEN.flatten(FLATTEN.java:26)
	at java_programs.FLATTEN.flatten(FLATTEN.java:26)
	at java_programs.FLATTEN.flatten(FLATTEN.java:26)
	at java_programs.FLATTEN.flatten(FLATTEN.java:26)
	at java_programs.FLATTEN.flatten(FLATTEN.java:26)
	at java_programs.FLATTEN.flatten(FLATTEN.java:26)
	at java_programs.FLATTEN.flatten(FLATTEN.java:26)
	at java_programs.FLATTEN.flatten(FLATTEN.java:26)
	at java_programs.FLATTEN.flatten(FLATTEN.java:26)
	at java_programs.FLATTEN.flatten(FLATTEN.java:26)
	at java_programs.FLATTEN.flatten(FLATTEN.java:26)
	at java_programs.FLATTEN.flatten(FLATTEN.java:26)
	at java_programs.FLATTEN.flatten(FLATTEN.java:26)
	at java_programs.FLATTEN.flatten(FLATTEN.java:26)
	at java_programs.FLATTEN.flatten(FLATTEN.java:26)
	at java_programs.FLATTEN.flatten(FLATTEN.java:26)
	at java_programs.FLATTEN.flatten(FLATTEN.java:26)
	at java_programs.FLATTEN.flatten(FLATTEN.java:26)
	at java_programs.FLATTEN.flatten(FLATTEN.java:26)
	at java_programs.FLATTEN.flatten(FLATTEN.java:26)
	at java_programs.FLATTEN.flatten(FLATTEN.java:26)
	at java_programs.FLATTEN.flatten(FLATTEN.java:26)
	at java_programs.FLATTEN.flatten(FLATTEN.java:26)
	at java_programs.FLATTEN.flatten(FLATTEN.java:26)
	at java_programs.FLATTEN.flatten(FLATTEN.java:26)
	at java_programs.FLATTEN.flatten(FLATTEN.java:26)
	at java_programs.FLATTEN.flatten(FLATTEN.java:26)
	at java_programs.FLATTEN.flatten(FLATTEN.java:26)
	at java_programs.FLATTEN.flatten(FLATTEN.java:26)
	at java_programs.FLATTEN.flatten(FLATTEN.java:26)
	at java_programs.FLATTEN.flatten(FLATTEN.java:26)
	at java_programs.FLATTEN.flatten(FLATTEN.java:26)
	at java_programs.FLATTEN.flatten(FLATTEN.java:26)
	at java_programs.FLATTEN.flatten(FLATTEN.java:26)
	at java_programs.FLATTEN.flatten(FLATTEN.java:26)
	at java_programs.FLATTEN.flatten(FLATTEN.java:26)
	at java_programs.FLATTEN.flatten(FLATTEN.java:26)
	at java_programs.FLATTEN.flatten(FLATTEN.java:26)
	at java_programs.FLATTEN.flatten(FLATTEN.java:26)
	at java_programs.FLATTEN.flatten(FLATTEN.java:26)
	at java_programs.FLATTEN.flatten(FLATTEN.java:26)
	at java_programs.FLATTEN.flatten(FLATTEN.java:26)
	at java_programs.FLATTEN.flatten(FLATTEN.java:26)
	at java_programs.FLATTEN.flatten(FLATTEN.java:26)
	at java_programs.FLATTEN.flatten(FLATTEN.java:26)
	at java_programs.FLATTEN.flatten(FLATTEN.java:26)
	at java_programs.FLATTEN.flatten(FLATTEN.java:26)
	at java_programs.FLATTEN.flatten(FLATTEN.java:26)
	at java_programs.FLATTEN.flatten(FLATTEN.java:26)
	at java_programs.FLATTEN.flatten(FLATTEN.java:26)
	at java_programs.FLATTEN.flatten(FLATTEN.java:26)
	at java_programs.FLATTEN.flatten(FLATTEN.java:26)
	at java_programs.FLATTEN.flatten(FLATTEN.java:26)
	at java_programs.FLATTEN.flatten(FLATTEN.java:26)
	at java_programs.FLATTEN.flatten(FLATTEN.java:26)
	at java_programs.FLATTEN.flatten(FLATTEN.java:26)
	at java_programs.FLATTEN.flatten(FLATTEN.java:26)
	at java_programs.FLATTEN.flatten(FLATTEN.java:26)
	at java_programs.FLATTEN.flatten(FLATTEN.java:26)
	at java_programs.FLATTEN.flatten(FLATTEN.java:26)
	at java_programs.FLATTEN.flatten(FLATTEN.java:26)
	at java_programs.FLATTEN.flatten(FLATTEN.java:26)
	at java_programs.FLATTEN.flatten(FLATTEN.java:26)
	at java_programs.FLATTEN.flatten(FLATTEN.java:26)
	at java_programs.FLATTEN.flatten(FLATTEN.java:26)
	at java_programs.FLATTEN.flatten(FLATTEN.java:26)
	at java_programs.FLATTEN.flatten(FLATTEN.java:26)
	at java_programs.FLATTEN.flatten(FLATTEN.java:26)
	at java_programs.FLATTEN.flatten(FLATTEN.java:26)
	at java_programs.FLATTEN.flatten(FLATTEN.java:26)
	at java_programs.FLATTEN.flatten(FLATTEN.java:26)
	at java_programs.FLATTEN.flatten(FLATTEN.java:26)
	at java_programs.FLATTEN.flatten(FLATTEN.java:26)
	at java_programs.FLATTEN.flatten(FLATTEN.java:26)
	at java_programs.FLATTEN.flatten(FLATTEN.java:26)
	at java_programs.FLATTEN.flatten(FLATTEN.java:26)
	at java_programs.FLATTEN.flatten(FLATTEN.java:26)
	at java_programs.FLATTEN.flatten(FLATTEN.java:26)
	at java_programs.FLATTEN.flatten(FLATTEN.java:26)
	at java_programs.FLATTEN.flatten(FLATTEN.java:26)
	at java_programs.FLATTEN.flatten(FLATTEN.java:26)
	at java_programs.FLATTEN.flatten(FLATTEN.java:26)
	at java_programs.FLATTEN.flatten(FLATTEN.java:26)
	at java_programs.FLATTEN.flatten(FLATTEN.java:26)
	at java_programs.FLATTEN.flatten(FLATTEN.java:26)
	at java_programs.FLATTEN.flatten(FLATTEN.java:26)
	at java_programs.FLATTEN.flatten(FLATTEN.java:26)
	at java_programs.FLATTEN.flatten(FLATTEN.java:26)
	at java_programs.FLATTEN.flatten(FLATTEN.java:26)
	at java_programs.FLATTEN.flatten(FLATTEN.java:26)
	at java_programs.FLATTEN.flatten(FLATTEN.java:26)
	at java_programs.FLATTEN.flatten(FLATTEN.java:26)
	at java_programs.FLATTEN.flatten(FLATTEN.java:26)
	at java_programs.FLATTEN.flatten(FLATTEN.java:26)
	at java_programs.FLATTEN.flatten(FLATTEN.java:26)
	at java_programs.FLATTEN.flatten(FLATTEN.java:26)
	at java_programs.FLATTEN.flatten(FLATTEN.java:26)
	at java_programs.FLATTEN.flatten(FLATTEN.java:26)
	at java_programs.FLATTEN.flatten(FLATTEN.java:26)
	at java_programs.FLATTEN.flatten(FLATTEN.java:26)
	at java_programs.FLATTEN.flatten(FLATTEN.java:26)
	at java_programs.FLATTEN.flatten(FLATTEN.java:26)
	at java_programs.FLATTEN.flatten(FLATTEN.java:26)
	at java_programs.FLATTEN.flatten(FLATTEN.java:26)
	at java_programs.FLATTEN.flatten(FLATTEN.java:26)
	at java_programs.FLATTEN.flatten(FLATTEN.java:26)
	at java_programs.FLATTEN.flatten(FLATTEN.java:26)
	at java_programs.FLATTEN.flatten(FLATTEN.java:26)
	at java_programs.FLATTEN.flatten(FLATTEN.java:26)
	at java_programs.FLATTEN.flatten(FLATTEN.java:26)
	at java_programs.FLATTEN.flatten(FLATTEN.java:26)
	at java_programs.FLATTEN.flatten(FLATTEN.java:26)
	at java_programs.FLATTEN.flatten(FLATTEN.java:26)
	at java_programs.FLATTEN.flatten(FLATTEN.java:26)
	at java_programs.FLATTEN.flatten(FLATTEN.java:26)
	at java_programs.FLATTEN.flatten(FLATTEN.java:26)
	at java_programs.FLATTEN.flatten(FLATTEN.java:26)
	at java_programs.FLATTEN.flatten(FLATTEN.java:26)
	at java_programs.FLATTEN.flatten(FLATTEN.java:26)
	at java_programs.FLATTEN.flatten(FLATTEN.java:26)
	at java_programs.FLATTEN.flatten(FLATTEN.java:26)
	at java_programs.FLATTEN.flatten(FLATTEN.java:26)
	at java_programs.FLATTEN.flatten(FLATTEN.java:26)
	at java_programs.FLATTEN.flatten(FLATTEN.java:26)
	at java_programs.FLATTEN.flatten(FLATTEN.java:26)
	at java_programs.FLATTEN.flatten(FLATTEN.java:26)
	at java_programs.FLATTEN.flatten(FLATTEN.java:26)
	at java_programs.FLATTEN.flatten(FLATTEN.java:26)
	at java_programs.FLATTEN.flatten(FLATTEN.java:26)
	at java_programs.FLATTEN.flatten(FLATTEN.java:26)
	at java_programs.FLATTEN.flatten(FLATTEN.java:26)
	at java_programs.FLATTEN.flatten(FLATTEN.java:26)
	at java_programs.FLATTEN.flatten(FLATTEN.java:26)
	at java_programs.FLATTEN.flatten(FLATTEN.java:26)
	at java_programs.FLATTEN.flatten(FLATTEN.java:26)
	at java_programs.FLATTEN.flatten(FLATTEN.java:26)
	at java_programs.FLATTEN.flatten(FLATTEN.java:26)
	at java_programs.FLATTEN.flatten(FLATTEN.java:26)
	at java_programs.FLATTEN.flatten(FLATTEN.java:26)
	at java_programs.FLATTEN.flatten(FLATTEN.java:26)
	at java_programs.FLATTEN.flatten(FLATTEN.java:26)
	at java_programs.FLATTEN.flatten(FLATTEN.java:26)
	at java_programs.FLATTEN.flatten(FLATTEN.java:26)
	at java_programs.FLATTEN.flatten(FLATTEN.java:26)
	at java_programs.FLATTEN.flatten(FLATTEN.java:26)
	at java_programs.FLATTEN.flatten(FLATTEN.java:26)
	at java_programs.FLATTEN.flatten(FLATTEN.java:26)
	at java_programs.FLATTEN.flatten(FLATTEN.java:26)
	at java_programs.FLATTEN.flatten(FLATTEN.java:26)
	at java_programs.FLATTEN.flatten(FLATTEN.java:26)
	at java_programs.FLATTEN.flatten(FLATTEN.java:26)
	at java_programs.FLATTEN.flatten(FLATTEN.java:26)
	at java_programs.FLATTEN.flatten(FLATTEN.java:26)
	at java_programs.FLATTEN.flatten(FLATTEN.java:26)
	at java_programs.FLATTEN.flatten(FLATTEN.java:26)
	at java_programs.FLATTEN.flatten(FLATTEN.java:26)
	at java_programs.FLATTEN.flatten(FLATTEN.java:26)
	at java_programs.FLATTEN.flatten(FLATTEN.java:26)
	at java_programs.FLATTEN.flatten(FLATTEN.java:26)
	at java_programs.FLATTEN.flatten(FLATTEN.java:26)
	at java_programs.FLATTEN.flatten(FLATTEN.java:26)
	at java_programs.FLATTEN.flatten(FLATTEN.java:26)
	at java_programs.FLATTEN.flatten(FLATTEN.java:26)
	at java_programs.FLATTEN.flatten(FLATTEN.java:26)
	at java_programs.FLATTEN.flatten(FLATTEN.java:26)
	at java_programs.FLATTEN.flatten(FLATTEN.java:26)
	at java_programs.FLATTEN.flatten(FLATTEN.java:26)
	at java_programs.FLATTEN.flatten(FLATTEN.java:26)
	at java_programs.FLATTEN.flatten(FLATTEN.java:26)
	at java_programs.FLATTEN.flatten(FLATTEN.java:26)
	at java_programs.FLATTEN.flatten(FLATTEN.java:26)
	at java_programs.FLATTEN.flatten(FLATTEN.java:26)
	at java_programs.FLATTEN.flatten(FLATTEN.java:26)
	at java_programs.FLATTEN.flatten(FLATTEN.java:26)
	at java_programs.FLATTEN.flatten(FLATTEN.java:26)
	at java_programs.FLATTEN.flatten(FLATTEN.java:26)
	at java_programs.FLATTEN.flatten(FLATTEN.java:26)
	at java_programs.FLATTEN.flatten(FLATTEN.java:26)
	at java_programs.FLATTEN.flatten(FLATTEN.java:26)
	at java_programs.FLATTEN.flatten(FLATTEN.java:26)
	at java_programs.FLATTEN.flatten(FLATTEN.java:26)
	at java_programs.FLATTEN.flatten(FLATTEN.java:26)
	at java_programs.FLATTEN.flatten(FLATTEN.java:26)
	at java_programs.FLATTEN.flatten(FLATTEN.java:26)
	at java_programs.FLATTEN.flatten(FLATTEN.java:26)
	at java_programs.FLATTEN.flatten(FLATTEN.java:26)
	at java_programs.FLATTEN.flatten(FLATTEN.java:26)
	at java_programs.FLATTEN.flatten(FLATTEN.java:26)
	at java_programs.FLATTEN.flatten(FLATTEN.java:26)
	at java_programs.FLATTEN.flatten(FLATTEN.java:26)
	at java_programs.FLATTEN.flatten(FLATTEN.java:26)
	at java_programs.FLATTEN.flatten(FLATTEN.java:26)
	at java_programs.FLATTEN.flatten(FLATTEN.java:26)
	at java_programs.FLATTEN.flatten(FLATTEN.java:26)
	at java_programs.FLATTEN.flatten(FLATTEN.java:26)
	at java_programs.FLATTEN.flatten(FLATTEN.java:26)
	at java_programs.FLATTEN.flatten(FLATTEN.java:26)
	at java_programs.FLATTEN.flatten(FLATTEN.java:26)
	at java_programs.FLATTEN.flatten(FLATTEN.java:26)
	at java_programs.FLATTEN.flatten(FLATTEN.java:26)
	at java_programs.FLATTEN.flatten(FLATTEN.java:26)
	at java_programs.FLATTEN.flatten(FLATTEN.java:26)
	at java_programs.FLATTEN.flatten(FLATTEN.java:26)
	at java_programs.FLATTEN.flatten(FLATTEN.java:26)
	at java_programs.FLATTEN.flatten(FLATTEN.java:26)
	at java_programs.FLATTEN.flatten(FLATTEN.java:26)
	at java_programs.FLATTEN.flatten(FLATTEN.java:26)
	at java_programs.FLATTEN.flatten(FLATTEN.java:26)
	at java_programs.FLATTEN.flatten(FLATTEN.java:26)
	at java_programs.FLATTEN.flatten(FLATTEN.java:26)
	at java_programs.FLATTEN.flatten(FLATTEN.java:26)
	at java_programs.FLATTEN.flatten(FLATTEN.java:26)
	at java_programs.FLATTEN.flatten(FLATTEN.java:26)
	at java_programs.FLATTEN.flatten(FLATTEN.java:26)
	at java_programs.FLATTEN.flatten(FLATTEN.java:26)
	at java_programs.FLATTEN.flatten(FLATTEN.java:26)
	at java_programs.FLATTEN.flatten(FLATTEN.java:26)
	at java_programs.FLATTEN.flatten(FLATTEN.java:26)
	at java_programs.FLATTEN.flatten(FLATTEN.java:26)
	at java_programs.FLATTEN.flatten(FLATTEN.java:26)
	at java_programs.FLATTEN.flatten(FLATTEN.java:26)
	at java_programs.FLATTEN.flatten(FLATTEN.java:26)
	at java_programs.FLATTEN.flatten(FLATTEN.java:26)
	at java_programs.FLATTEN.flatten(FLATTEN.java:26)
	at java_programs.FLATTEN.flatten(FLATTEN.java:26)
	at java_programs.FLATTEN.flatten(FLATTEN.java:26)
	at java_programs.FLATTEN.flatten(FLATTEN.java:26)
	at java_programs.FLATTEN.flatten(FLATTEN.java:26)
	at java_programs.FLATTEN.flatten(FLATTEN.java:26)
	at java_programs.FLATTEN.flatten(FLATTEN.java:26)
	at java_programs.FLATTEN.flatten(FLATTEN.java:26)
	at java_programs.FLATTEN.flatten(FLATTEN.java:26)
	at java_programs.FLATTEN.flatten(FLATTEN.java:26)
	at java_programs.FLATTEN.flatten(FLATTEN.java:26)
	at java_programs.FLATTEN.flatten(FLATTEN.java:26)
	at java_programs.FLATTEN.flatten(FLATTEN.java:26)
	at java_programs.FLATTEN.flatten(FLATTEN.java:26)
	at java_programs.FLATTEN.flatten(FLATTEN.java:26)
	at java_programs.FLATTEN.flatten(FLATTEN.java:26)
	at java_programs.FLATTEN.flatten(FLATTEN.java:26)
	at java_programs.FLATTEN.flatten(FLATTEN.java:26)
	at java_programs.FLATTEN.flatten(FLATTEN.java:26)
	at java_programs.FLATTEN.flatten(FLATTEN.java:26)
	at java_programs.FLATTEN.flatten(FLATTEN.java:26)
	at java_programs.FLATTEN.flatten(FLATTEN.java:26)
	at java_programs.FLATTEN.flatten(FLATTEN.java:26)
	at java_programs.FLATTEN.flatten(FLATTEN.java:26)
	at java_programs.FLATTEN.flatten(FLATTEN.java:26)
	at java_programs.FLATTEN.flatten(FLATTEN.java:26)
	at java_programs.FLATTEN.flatten(FLATTEN.java:26)
	at java_programs.FLATTEN.flatten(FLATTEN.java:26)
	at java_programs.FLATTEN.flatten(FLATTEN.java:26)
	at java_programs.FLATTEN.flatten(FLATTEN.java:26)
	at java_programs.FLATTEN.flatten(FLATTEN.java:26)
	at java_programs.FLATTEN.flatten(FLATTEN.java:26)
	at java_programs.FLATTEN.flatten(FLATTEN.java:26)
	at java_programs.FLATTEN.flatten(FLATTEN.java:26)
	at java_programs.FLATTEN.flatten(FLATTEN.java:26)
	at java_programs.FLATTEN.flatten(FLATTEN.java:26)
	at java_programs.FLATTEN.flatten(FLATTEN.java:26)
	at java_programs.FLATTEN.flatten(FLATTEN.java:26)
	at java_programs.FLATTEN.flatten(FLATTEN.java:26)
	at java_programs.FLATTEN.flatten(FLATTEN.java:26)
	at java_programs.FLATTEN.flatten(FLATTEN.java:26)
	at java_programs.FLATTEN.flatten(FLATTEN.java:26)
	at java_programs.FLATTEN.flatten(FLATTEN.java:26)
	at java_programs.FLATTEN.flatten(FLATTEN.java:26)
	at java_programs.FLATTEN.flatten(FLATTEN.java:26)
	at java_programs.FLATTEN.flatten(FLATTEN.java:26)
	at java_programs.FLATTEN.flatten(FLATTEN.java:26)
	at java_programs.FLATTEN.flatten(FLATTEN.java:26)
	at java_programs.FLATTEN.flatten(FLATTEN.java:26)
	at java_programs.FLATTEN.flatten(FLATTEN.java:26)
	at java_programs.FLATTEN.flatten(FLATTEN.java:26)
	at java_programs.FLATTEN.flatten(FLATTEN.java:26)
	at java_programs.FLATTEN.flatten(FLATTEN.java:26)
	at java_programs.FLATTEN.flatten(FLATTEN.java:26)
	at java_programs.FLATTEN.flatten(FLATTEN.java:26)
	at java_programs.FLATTEN.flatten(FLATTEN.java:26)
	at java_programs.FLATTEN.flatten(FLATTEN.java:26)
	at java_programs.FLATTEN.flatten(FLATTEN.java:26)
	at java_programs.FLATTEN.flatten(FLATTEN.java:26)
	at java_programs.FLATTEN.flatten(FLATTEN.java:26)
	at java_programs.FLATTEN.flatten(FLATTEN.java:26)
	at java_programs.FLATTEN.flatten(FLATTEN.java:26)
	at java_programs.FLATTEN.flatten(FLATTEN.java:26)
	at java_programs.FLATTEN.flatten(FLATTEN.java:26)
	at java_programs.FLATTEN.flatten(FLATTEN.java:26)
	at java_programs.FLATTEN.flatten(FLATTEN.java:26)
	at java_programs.FLATTEN.flatten(FLATTEN.java:26)
	at java_programs.FLATTEN.flatten(FLATTEN.java:26)
	at java_programs.FLATTEN.flatten(FLATTEN.java:26)
	at java_programs.FLATTEN.flatten(FLATTEN.java:26)
	at java_programs.FLATTEN.flatten(FLATTEN.java:26)
	at java_programs.FLATTEN.flatten(FLATTEN.java:26)
	at java_programs.FLATTEN.flatten(FLATTEN.java:26)
	at java_programs.FLATTEN.flatten(FLATTEN.java:26)
	at java_programs.FLATTEN.flatten(FLATTEN.java:26)
	at java_programs.FLATTEN.flatten(FLATTEN.java:26)
	at java_programs.FLATTEN.flatten(FLATTEN.java:26)
	at java_programs.FLATTEN.flatten(FLATTEN.java:26)
	at java_programs.FLATTEN.flatten(FLATTEN.java:26)
	at java_programs.FLATTEN.flatten(FLATTEN.java:26)
	at java_programs.FLATTEN.flatten(FLATTEN.java:26)
	at java_programs.FLATTEN.flatten(FLATTEN.java:26)
	at java_programs.FLATTEN.flatten(FLATTEN.java:26)
	at java_programs.FLATTEN.flatten(FLATTEN.java:26)
	at java_programs.FLATTEN.flatten(FLATTEN.java:26)
	at java_programs.FLATTEN.flatten(FLATTEN.java:26)
	at java_programs.FLATTEN.flatten(FLATTEN.java:26)
	at java_programs.FLATTEN.flatten(FLATTEN.java:26)
	at java_programs.FLATTEN.flatten(FLATTEN.java:26)
	at java_programs.FLATTEN.flatten(FLATTEN.java:26)
	at java_programs.FLATTEN.flatten(FLATTEN.java:26)
	at java_programs.FLATTEN.flatten(FLATTEN.java:26)
	at java_programs.FLATTEN.flatten(FLATTEN.java:26)
	at java_programs.FLATTEN.flatten(FLATTEN.java:26)
	at java_programs.FLATTEN.flatten(FLATTEN.java:26)
	at java_programs.FLATTEN.flatten(FLATTEN.java:26)
	at java_programs.FLATTEN.flatten(FLATTEN.java:26)
	at java_programs.FLATTEN.flatten(FLATTEN.java:26)
	at java_programs.FLATTEN.flatten(FLATTEN.java:26)
	at java_programs.FLATTEN.flatten(FLATTEN.java:26)
	at java_programs.FLATTEN.flatten(FLATTEN.java:26)
	at java_programs.FLATTEN.flatten(FLATTEN.java:26)
	at java_programs.FLATTEN.flatten(FLATTEN.java:26)
	at java_programs.FLATTEN.flatten(FLATTEN.java:26)
	at java_programs.FLATTEN.flatten(FLATTEN.java:26)
	at java_programs.FLATTEN.flatten(FLATTEN.java:26)
	at java_programs.FLATTEN.flatten(FLATTEN.java:26)
	at java_programs.FLATTEN.flatten(FLATTEN.java:26)
	at java_programs.FLATTEN.flatten(FLATTEN.java:26)
	at java_programs.FLATTEN.flatten(FLATTEN.java:26)
	at java_programs.FLATTEN.flatten(FLATTEN.java:26)
	at java_programs.FLATTEN.flatten(FLATTEN.java:26)
	at java_programs.FLATTEN.flatten(FLATTEN.java:26)
	at java_programs.FLATTEN.flatten(FLATTEN.java:26)
	at java_programs.FLATTEN.flatten(FLATTEN.java:26)
	at java_programs.FLATTEN.flatten(FLATTEN.java:26)
	at java_programs.FLATTEN.flatten(FLATTEN.java:26)
	at java_programs.FLATTEN.flatten(FLATTEN.java:26)
	at java_programs.FLATTEN.flatten(FLATTEN.java:26)
	at java_programs.FLATTEN.flatten(FLATTEN.java:26)
	at java_programs.FLATTEN.flatten(FLATTEN.java:26)
	at java_programs.FLATTEN.flatten(FLATTEN.java:26)
	at java_programs.FLATTEN.flatten(FLATTEN.java:26)
	at java_programs.FLATTEN.flatten(FLATTEN.java:26)
	at java_programs.FLATTEN.flatten(FLATTEN.java:26)
	at java_programs.FLATTEN.flatten(FLATTEN.java:26)
	at java_programs.FLATTEN.flatten(FLATTEN.java:26)
	at java_programs.FLATTEN.flatten(FLATTEN.java:26)
	at java_programs.FLATTEN.flatten(FLATTEN.java:26)
	at java_programs.FLATTEN.flatten(FLATTEN.java:26)
	at java_programs.FLATTEN.flatten(FLATTEN.java:26)
	at java_programs.FLATTEN.flatten(FLATTEN.java:26)
	at java_programs.FLATTEN.flatten(FLATTEN.java:26)
	at java_programs.FLATTEN.flatten(FLATTEN.java:26)
	at java_programs.FLATTEN.flatten(FLATTEN.java:26)
	at java_programs.FLATTEN.flatten(FLATTEN.java:26)
	at java_programs.FLATTEN.flatten(FLATTEN.java:26)
	at java_programs.FLATTEN.flatten(FLATTEN.java:26)
	at java_programs.FLATTEN.flatten(FLATTEN.java:26)
	at java_programs.FLATTEN.flatten(FLATTEN.java:26)
	at java_programs.FLATTEN.flatten(FLATTEN.java:26)
	at java_programs.FLATTEN.flatten(FLATTEN.java:26)
	at java_programs.FLATTEN.flatten(FLATTEN.java:26)
	at java_programs.FLATTEN.flatten(FLATTEN.java:26)
	at java_programs.FLATTEN.flatten(FLATTEN.java:26)
	at java_programs.FLATTEN.flatten(FLATTEN.java:26)
	at java_programs.FLATTEN.flatten(FLATTEN.java:26)
	at java_programs.FLATTEN.flatten(FLATTEN.java:26)
	at java_programs.FLATTEN.flatten(FLATTEN.java:26)
	at java_programs.FLATTEN.flatten(FLATTEN.java:26)
	at java_programs.FLATTEN.flatten(FLATTEN.java:26)
	at java_programs.FLATTEN.flatten(FLATTEN.java:26)
	at java_programs.FLATTEN.flatten(FLATTEN.java:26)
	at java_programs.FLATTEN.flatten(FLATTEN.java:26)
	at java_programs.FLATTEN.flatten(FLATTEN.java:26)
	at java_programs.FLATTEN.flatten(FLATTEN.java:26)
	at java_programs.FLATTEN.flatten(FLATTEN.java:26)
	at java_programs.FLATTEN.flatten(FLATTEN.java:26)
	at java_programs.FLATTEN.flatten(FLATTEN.java:26)
	at java_programs.FLATTEN.flatten(FLATTEN.java:26)
	at java_programs.FLATTEN.flatten(FLATTEN.java:26)
	at java_programs.FLATTEN.flatten(FLATTEN.java:26)
	at java_programs.FLATTEN.flatten(FLATTEN.java:26)
	at java_programs.FLATTEN.flatten(FLATTEN.java:26)
	at java_programs.FLATTEN.flatten(FLATTEN.java:26)
	at java_programs.FLATTEN.flatten(FLATTEN.java:26)
	at java_programs.FLATTEN.flatten(FLATTEN.java:26)
	at java_programs.FLATTEN.flatten(FLATTEN.java:26)
	at java_programs.FLATTEN.flatten(FLATTEN.java:26)
	at java_programs.FLATTEN.flatten(FLATTEN.java:26)
	at java_programs.FLATTEN.flatten(FLATTEN.java:26)
	at java_programs.FLATTEN.flatten(FLATTEN.java:26)
	at java_programs.FLATTEN.flatten(FLATTEN.java:26)
	at java_programs.FLATTEN.flatten(FLATTEN.java:26)
	at java_programs.FLATTEN.flatten(FLATTEN.java:26)
	at java_programs.FLATTEN.flatten(FLATTEN.java:26)
	at java_programs.FLATTEN.flatten(FLATTEN.java:26)
	at java_programs.FLATTEN.flatten(FLATTEN.java:26)
	at java_programs.FLATTEN.flatten(FLATTEN.java:26)
	at java_programs.FLATTEN.flatten(FLATTEN.java:26)
	at java_programs.FLATTEN.flatten(FLATTEN.java:26)
	at java_programs.FLATTEN.flatten(FLATTEN.java:26)
	at java_programs.FLATTEN.flatten(FLATTEN.java:26)
	at java_programs.FLATTEN.flatten(FLATTEN.java:26)
	at java_programs.FLATTEN.flatten(FLATTEN.java:26)
	at java_programs.FLATTEN.flatten(FLATTEN.java:26)
	at java_programs.FLATTEN.flatten(FLATTEN.java:26)
	at java_programs.FLATTEN.flatten(FLATTEN.java:26)
	at java_programs.FLATTEN.flatten(FLATTEN.java:26)
	at java_programs.FLATTEN.flatten(FLATTEN.java:26)
	at java_programs.FLATTEN.flatten(FLATTEN.java:26)
	at java_programs.FLATTEN.flatten(FLATTEN.java:26)
	at java_programs.FLATTEN.flatten(FLATTEN.java:26)
	at java_programs.FLATTEN.flatten(FLATTEN.java:26)
	at java_programs.FLATTEN.flatten(FLATTEN.java:26)
	at java_programs.FLATTEN.flatten(FLATTEN.java:26)
	at java_programs.FLATTEN.flatten(FLATTEN.java:26)
	at java_programs.FLATTEN.flatten(FLATTEN.java:26)
	at java_programs.FLATTEN.flatten(FLATTEN.java:26)
	at java_programs.FLATTEN.flatten(FLATTEN.java:26)
	at java_programs.FLATTEN.flatten(FLATTEN.java:26)
	at java_programs.FLATTEN.flatten(FLATTEN.java:26)
	at java_programs.FLATTEN.flatten(FLATTEN.java:26)
	at java_programs.FLATTEN.flatten(FLATTEN.java:26)
	at java_programs.FLATTEN.flatten(FLATTEN.java:26)
	at java_programs.FLATTEN.flatten(FLATTEN.java:26)
	at java_programs.FLATTEN.flatten(FLATTEN.java:26)
	at java_programs.FLATTEN.flatten(FLATTEN.java:26)
	at java_programs.FLATTEN.flatten(FLATTEN.java:26)
	at java_programs.FLATTEN.flatten(FLATTEN.java:26)
	at java_programs.FLATTEN.flatten(FLATTEN.java:26)
	at java_programs.FLATTEN.flatten(FLATTEN.java:26)
	at java_programs.FLATTEN.flatten(FLATTEN.java:26)
	at java_programs.FLATTEN.flatten(FLATTEN.java:26)
	at java_programs.FLATTEN.flatten(FLATTEN.java:26)
	at java_programs.FLATTEN.flatten(FLATTEN.java:26)
	at java_programs.FLATTEN.flatten(FLATTEN.java:26)
	at java_programs.FLATTEN.flatten(FLATTEN.java:26)
	at java_programs.FLATTEN.flatten(FLATTEN.java:26)
	at java_programs.FLATTEN.flatten(FLATTEN.java:26)
	at java_programs.FLATTEN.flatten(FLATTEN.java:26)
	at java_programs.FLATTEN.flatten(FLATTEN.java:26)
	at java_programs.FLATTEN.flatten(FLATTEN.java:26)
	at java_programs.FLATTEN.flatten(FLATTEN.java:26)
	at java_programs.FLATTEN.flatten(FLATTEN.java:26)
	at java_programs.FLATTEN.flatten(FLATTEN.java:26)
	at java_programs.FLATTEN.flatten(FLATTEN.java:26)
	at java_programs.FLATTEN.flatten(FLATTEN.java:26)
	at java_programs.FLATTEN.flatten(FLATTEN.java:26)
	at java_programs.FLATTEN.flatten(FLATTEN.java:26)
	at java_programs.FLATTEN.flatten(FLATTEN.java:26)
	at java_programs.FLATTEN.flatten(FLATTEN.java:26)
	at java_programs.FLATTEN.flatten(FLATTEN.java:26)
	at java_programs.FLATTEN.flatten(FLATTEN.java:26)
	at java_programs.FLATTEN.flatten(FLATTEN.java:26)
	at java_programs.FLATTEN.flatten(FLATTEN.java:26)
	at java_programs.FLATTEN.flatten(FLATTEN.java:26)
	at java_programs.FLATTEN.flatten(FLATTEN.java:26)
	at java_programs.FLATTEN.flatten(FLATTEN.java:26)
	at java_programs.FLATTEN.flatten(FLATTEN.java:26)
	at java_programs.FLATTEN.flatten(FLATTEN.java:26)
	at java_programs.FLATTEN.flatten(FLATTEN.java:26)
	at java_programs.FLATTEN.flatten(FLATTEN.java:26)
	at java_programs.FLATTEN.flatten(FLATTEN.java:26)
	at java_programs.FLATTEN.flatten(FLATTEN.java:26)
	at java_programs.FLATTEN.flatten(FLATTEN.java:26)
	at java_programs.FLATTEN.flatten(FLATTEN.java:26)
	at java_programs.FLATTEN.flatten(FLATTEN.java:26)
	at java_programs.FLATTEN.flatten(FLATTEN.java:26)
	at java_programs.FLATTEN.flatten(FLATTEN.java:26)
	at java_programs.FLATTEN.flatten(FLATTEN.java:26)
	at java_programs.FLATTEN.flatten(FLATTEN.java:26)
	at java_programs.FLATTEN.flatten(FLATTEN.java:26)
	at java_programs.FLATTEN.flatten(FLATTEN.java:26)
	at java_programs.FLATTEN.flatten(FLATTEN.java:26)
	at java_programs.FLATTEN.flatten(FLATTEN.java:26)
	at java_programs.FLATTEN.flatten(FLATTEN.java:26)
	at java_programs.FLATTEN.flatten(FLATTEN.java:26)
	at java_programs.FLATTEN.flatten(FLATTEN.java:26)
	at java_programs.FLATTEN.flatten(FLATTEN.java:26)
	at java_programs.FLATTEN.flatten(FLATTEN.java:26)
	at java_programs.FLATTEN.flatten(FLATTEN.java:26)
	at java_programs.FLATTEN.flatten(FLATTEN.java:26)
	at java_programs.FLATTEN.flatten(FLATTEN.java:26)
	at java_programs.FLATTEN.flatten(FLATTEN.java:26)
	at java_programs.FLATTEN.flatten(FLATTEN.java:26)
	at java_programs.FLATTEN.flatten(FLATTEN.java:26)
	at java_programs.FLATTEN.flatten(FLATTEN.java:26)
	at java_programs.FLATTEN.flatten(FLATTEN.java:26)
	at java_programs.FLATTEN.flatten(FLATTEN.java:26)
	at java_programs.FLATTEN.flatten(FLATTEN.java:26)
	at java_programs.FLATTEN.flatten(FLATTEN.java:26)
	at java_programs.FLATTEN.flatten(FLATTEN.java:26)
	at java_programs.FLATTEN.flatten(FLATTEN.java:26)
	at java_programs.FLATTEN.flatten(FLATTEN.java:26)
	at java_programs.FLATTEN.flatten(FLATTEN.java:26)
	at java_programs.FLATTEN.flatten(FLATTEN.java:26)
	at java_programs.FLATTEN.flatten(FLATTEN.java:26)
	at java_programs.FLATTEN.flatten(FLATTEN.java:26)
	at java_programs.FLATTEN.flatten(FLATTEN.java:26)
	at java_programs.FLATTEN.flatten(FLATTEN.java:26)
	at java_programs.FLATTEN.flatten(FLATTEN.java:26)
	at java_programs.FLATTEN.flatten(FLATTEN.java:26)
	at java_programs.FLATTEN.flatten(FLATTEN.java:26)
	at java_programs.FLATTEN.flatten(FLATTEN.java:26)
	at java_programs.FLATTEN.flatten(FLATTEN.java:26)
	at java_programs.FLATTEN.flatten(FLATTEN.java:26)
	at java_programs.FLATTEN.flatten(FLATTEN.java:26)
	at java_programs.FLATTEN.flatten(FLATTEN.java:26)
	at java_programs.FLATTEN.flatten(FLATTEN.java:26)
	at java_programs.FLATTEN.flatten(FLATTEN.java:26)
	at java_programs.FLATTEN.flatten(FLATTEN.java:26)
	at java_programs.FLATTEN.flatten(FLATTEN.java:26)
	at java_programs.FLATTEN.flatten(FLATTEN.java:26)
	at java_programs.FLATTEN.flatten(FLATTEN.java:26)
	at java_programs.FLATTEN.flatten(FLATTEN.java:26)
	at java_programs.FLATTEN.flatten(FLATTEN.java:26)
	at java_programs.FLATTEN.flatten(FLATTEN.java:26)
	at java_programs.FLATTEN.flatten(FLATTEN.java:26)
	at java_programs.FLATTEN.flatten(FLATTEN.java:26)
	at java_programs.FLATTEN.flatten(FLATTEN.java:26)
	at java_programs.FLATTEN.flatten(FLATTEN.java:26)
	at java_programs.FLATTEN.flatten(FLATTEN.java:26)
	at java_programs.FLATTEN.flatten(FLATTEN.java:26)
	at java_programs.FLATTEN.flatten(FLATTEN.java:26)
	at java_programs.FLATTEN.flatten(FLATTEN.java:26)
	at java_programs.FLATTEN.flatten(FLATTEN.java:26)
	at java_programs.FLATTEN.flatten(FLATTEN.java:26)
	at java_programs.FLATTEN.flatten(FLATTEN.java:26)
	at java_programs.FLATTEN.flatten(FLATTEN.java:26)
	at java_programs.FLATTEN.flatten(FLATTEN.java:26)
	at java_programs.FLATTEN.flatten(FLATTEN.java:26)
	at java_programs.FLATTEN.flatten(FLATTEN.java:26)
	at java_programs.FLATTEN.flatten(FLATTEN.java:26)
	at java_programs.FLATTEN.flatten(FLATTEN.java:26)
	at java_programs.FLATTEN.flatten(FLATTEN.java:26)
	at java_programs.FLATTEN.flatten(FLATTEN.java:26)
	at java_programs.FLATTEN.flatten(FLATTEN.java:26)
	at java_programs.FLATTEN.flatten(FLATTEN.java:26)
	at java_programs.FLATTEN.flatten(FLATTEN.java:26)
	at java_programs.FLATTEN.flatten(FLATTEN.java:26)
	at java_programs.FLATTEN.flatten(FLATTEN.java:26)
	at java_programs.FLATTEN.flatten(FLATTEN.java:26)
	at java_programs.FLATTEN.flatten(FLATTEN.java:26)
	at java_programs.FLATTEN.flatten(FLATTEN.java:26)
	at java_programs.FLATTEN.flatten(FLATTEN.java:26)
	at java_programs.FLATTEN.flatten(FLATTEN.java:26)
	at java_programs.FLATTEN.flatten(FLATTEN.java:26)
	at java_programs.FLATTEN.flatten(FLATTEN.java:26)
	at java_programs.FLATTEN.flatten(FLATTEN.java:26)
	at java_programs.FLATTEN.flatten(FLATTEN.java:26)
	at java_programs.FLATTEN.flatten(FLATTEN.java:26)
	at java_programs.FLATTEN.flatten(FLATTEN.java:26)
	at java_programs.FLATTEN.flatten(FLATTEN.java:26)
	at java_programs.FLATTEN.flatten(FLATTEN.java:26)
	at java_programs.FLATTEN.flatten(FLATTEN.java:26)
	at java_programs.FLATTEN.flatten(FLATTEN.java:26)
	at java_programs.FLATTEN.flatten(FLATTEN.java:26)
	at java_programs.FLATTEN.flatten(FLATTEN.java:26)
	at java_programs.FLATTEN.flatten(FLATTEN.java:26)
	at java_programs.FLATTEN.flatten(FLATTEN.java:26)
	at java_programs.FLATTEN.flatten(FLATTEN.java:26)
	at java_programs.FLATTEN.flatten(FLATTEN.java:26)
	at java_programs.FLATTEN.flatten(FLATTEN.java:26)
	at java_programs.FLATTEN.flatten(FLATTEN.java:26)
	at java_programs.FLATTEN.flatten(FLATTEN.java:26)
	at java_programs.FLATTEN.flatten(FLATTEN.java:26)
	at java_programs.FLATTEN.flatten(FLATTEN.java:26)
	at java_programs.FLATTEN.flatten(FLATTEN.java:26)
	at java_programs.FLATTEN.flatten(FLATTEN.java:26)
	at java_programs.FLATTEN.flatten(FLATTEN.java:26)
	at java_programs.FLATTEN.flatten(FLATTEN.java:26)
	at java_programs.FLATTEN.flatten(FLATTEN.java:26)
	at java_programs.FLATTEN.flatten(FLATTEN.java:26)
	at java_programs.FLATTEN.flatten(FLATTEN.java:26)
	at java_programs.FLATTEN.flatten(FLATTEN.java:26)
	at java_programs.FLATTEN.flatten(FLATTEN.java:26)
	at java_programs.FLATTEN.flatten(FLATTEN.java:26)
	at java_programs.FLATTEN.flatten(FLATTEN.java:26)
	at java_programs.FLATTEN.flatten(FLATTEN.java:26)
	at java_programs.FLATTEN.flatten(FLATTEN.java:26)
	at java_programs.FLATTEN.flatten(FLATTEN.java:26)
	at java_programs.FLATTEN.flatten(FLATTEN.java:26)
	at java_programs.FLATTEN.flatten(FLATTEN.java:26)
	at java_programs.FLATTEN.flatten(FLATTEN.java:26)
	at java_programs.FLATTEN.flatten(FLATTEN.java:26)
	at java_programs.FLATTEN.flatten(FLATTEN.java:26)
	at java_programs.FLATTEN.flatten(FLATTEN.java:26)
	at java_programs.FLATTEN.flatten(FLATTEN.java:26)
	at java_programs.FLATTEN.flatten(FLATTEN.java:26)
	at java_programs.FLATTEN.flatten(FLATTEN.java:26)
	at java_programs.FLATTEN.flatten(FLATTEN.java:26)
	at java_programs.FLATTEN.flatten(FLATTEN.java:26)
	at java_programs.FLATTEN.flatten(FLATTEN.java:26)
	at java_programs.FLATTEN.flatten(FLATTEN.java:26)
	at java_programs.FLATTEN.flatten(FLATTEN.java:26)
	at java_programs.FLATTEN.flatten(FLATTEN.java:26)
	at java_programs.FLATTEN.flatten(FLATTEN.java:26)
	at java_programs.FLATTEN.flatten(FLATTEN.java:26)
	at java_programs.FLATTEN.flatten(FLATTEN.java:26)
	at java_programs.FLATTEN.flatten(FLATTEN.java:26)
	at java_programs.FLATTEN.flatten(FLATTEN.java:26)
	at java_programs.FLATTEN.flatten(FLATTEN.java:26)
	at java_programs.FLATTEN.flatten(FLATTEN.java:26)
	at java_programs.FLATTEN.flatten(FLATTEN.java:26)
	at java_programs.FLATTEN.flatten(FLATTEN.java:26)
	at java_programs.FLATTEN.flatten(FLATTEN.java:26)
	at java_programs.FLATTEN.flatten(FLATTEN.java:26)
	at java_programs.FLATTEN.flatten(FLATTEN.java:26)
	at java_programs.FLATTEN.flatten(FLATTEN.java:26)
	at java_programs.FLATTEN.flatten(FLATTEN.java:26)
	at java_programs.FLATTEN.flatten(FLATTEN.java:26)
	at java_programs.FLATTEN.flatten(FLATTEN.java:26)
	at java_programs.FLATTEN.flatten(FLATTEN.java:26)
	at java_programs.FLATTEN.flatten(FLATTEN.java:26)
	at java_programs.FLATTEN.flatten(FLATTEN.java:26)
	at java_programs.FLATTEN.flatten(FLATTEN.java:26)
	at java_programs.FLATTEN.flatten(FLATTEN.java:26)
	at java_programs.FLATTEN.flatten(FLATTEN.java:26)
	at java_programs.FLATTEN.flatten(FLATTEN.java:26)
	at java_programs.FLATTEN.flatten(FLATTEN.java:26)
	at java_programs.FLATTEN.flatten(FLATTEN.java:26)
	at java_programs.FLATTEN.flatten(FLATTEN.java:26)
	at java_programs.FLATTEN.flatten(FLATTEN.java:26)
	at java_programs.FLATTEN.flatten(FLATTEN.java:26)
	at java_programs.FLATTEN.flatten(FLATTEN.java:26)
	at java_programs.FLATTEN.flatten(FLATTEN.java:26)
	at java_programs.FLATTEN.flatten(FLATTEN.java:26)
	at java_programs.FLATTEN.flatten(FLATTEN.java:26)
	at java_programs.FLATTEN.flatten(FLATTEN.java:26)
	at java_programs.FLATTEN.flatten(FLATTEN.java:26)
	at java_programs.FLATTEN.flatten(FLATTEN.java:26)
	at java_programs.FLATTEN.flatten(FLATTEN.java:26)
	at java_programs.FLATTEN.flatten(FLATTEN.java:26)
	at java_programs.FLATTEN.flatten(FLATTEN.java:26)
	at java_programs.FLATTEN.flatten(FLATTEN.java:26)
	at java_programs.FLATTEN.flatten(FLATTEN.java:26)
	at java_programs.FLATTEN.flatten(FLATTEN.java:26)
	at java_programs.FLATTEN.flatten(FLATTEN.java:26)
	at java_programs.FLATTEN.flatten(FLATTEN.java:26)
	at java_programs.FLATTEN.flatten(FLATTEN.java:26)
	at java_programs.FLATTEN.flatten(FLATTEN.java:26)
	at java_programs.FLATTEN.flatten(FLATTEN.java:26)
	at java_programs.FLATTEN.flatten(FLATTEN.java:26)
	at java_programs.FLATTEN.flatten(FLATTEN.java:26)
	at java_programs.FLATTEN.flatten(FLATTEN.java:26)
	at java_programs.FLATTEN.flatten(FLATTEN.java:26)
	at java_programs.FLATTEN.flatten(FLATTEN.java:26)
	at java_programs.FLATTEN.flatten(FLATTEN.java:26)
	at java_programs.FLATTEN.flatten(FLATTEN.java:26)
	at java_programs.FLATTEN.flatten(FLATTEN.java:26)
	at java_programs.FLATTEN.flatten(FLATTEN.java:26)
	at java_programs.FLATTEN.flatten(FLATTEN.java:26)
	at java_programs.FLATTEN.flatten(FLATTEN.java:26)
	at java_programs.FLATTEN.flatten(FLATTEN.java:26)
	at java_programs.FLATTEN.flatten(FLATTEN.java:26)
	at java_programs.FLATTEN.flatten(FLATTEN.java:26)
	at java_programs.FLATTEN.flatten(FLATTEN.java:26)
	at java_programs.FLATTEN.flatten(FLATTEN.java:26)
	at java_programs.FLATTEN.flatten(FLATTEN.java:26)
	at java_programs.FLATTEN.flatten(FLATTEN.java:26)
	at java_programs.FLATTEN.flatten(FLATTEN.java:26)
	at java_programs.FLATTEN.flatten(FLATTEN.java:26)
	at java_programs.FLATTEN.flatten(FLATTEN.java:26)
	at java_programs.FLATTEN.flatten(FLATTEN.java:26)
	at java_programs.FLATTEN.flatten(FLATTEN.java:26)
	at java_programs.FLATTEN.flatten(FLATTEN.java:26)
	at java_programs.FLATTEN.flatten(FLATTEN.java:26)
	at java_programs.FLATTEN.flatten(FLATTEN.java:26)
	at java_programs.FLATTEN.flatten(FLATTEN.java:26)
	at java_programs.FLATTEN.flatten(FLATTEN.java:26)
	at java_programs.FLATTEN.flatten(FLATTEN.java:26)
	at java_programs.FLATTEN.flatten(FLATTEN.java:26)
	at java_programs.FLATTEN.flatten(FLATTEN.java:26)
	at java_programs.FLATTEN.flatten(FLATTEN.java:26)
	at java_programs.FLATTEN.flatten(FLATTEN.java:26)
	at java_programs.FLATTEN.flatten(FLATTEN.java:26)
	at java_programs.FLATTEN.flatten(FLATTEN.java:26)
	at java_programs.FLATTEN.flatten(FLATTEN.java:26)
	at java_programs.FLATTEN.flatten(FLATTEN.java:26)
	at java_programs.FLATTEN.flatten(FLATTEN.java:26)
	at java_programs.FLATTEN.flatten(FLATTEN.java:26)
	at java_programs.FLATTEN.flatten(FLATTEN.java:26)
	at java_programs.FLATTEN.flatten(FLATTEN.java:26)
	at java_programs.FLATTEN.flatten(FLATTEN.java:26)
	at java_programs.FLATTEN.flatten(FLATTEN.java:26)
	at java_programs.FLATTEN.flatten(FLATTEN.java:26)
	at java_programs.FLATTEN.flatten(FLATTEN.java:26)
	at java_programs.FLATTEN.flatten(FLATTEN.java:26)
	at java_programs.FLATTEN.flatten(FLATTEN.java:26)
	at java_programs.FLATTEN.flatten(FLATTEN.java:26)
	at java_programs.FLATTEN.flatten(FLATTEN.java:26)
	at java_programs.FLATTEN.flatten(FLATTEN.java:26)
	at java_programs.FLATTEN.flatten(FLATTEN.java:26)
	at java_programs.FLATTEN.flatten(FLATTEN.java:26)
	at java_programs.FLATTEN.flatten(FLATTEN.java:26)
	at java_programs.FLATTEN.flatten(FLATTEN.java:26)
	at java_programs.FLATTEN.flatten(FLATTEN.java:26)
	at java_programs.FLATTEN.flatten(FLATTEN.java:26)
	at java_programs.FLATTEN.flatten(FLATTEN.java:26)
	at java_programs.FLATTEN.flatten(FLATTEN.java:26)
	at java_programs.FLATTEN.flatten(FLATTEN.java:26)
	at java_programs.FLATTEN.flatten(FLATTEN.java:26)
	at java_programs.FLATTEN.flatten(FLATTEN.java:26)
	at java_programs.FLATTEN.flatten(FLATTEN.java:26)
	at java_programs.FLATTEN.flatten(FLATTEN.java:26)
	at java_programs.FLATTEN.flatten(FLATTEN.java:26)
	at java_programs.FLATTEN.flatten(FLATTEN.java:26)
	at java_programs.FLATTEN.flatten(FLATTEN.java:26)
	at java_programs.FLATTEN.flatten(FLATTEN.java:26)
	at java_programs.FLATTEN.flatten(FLATTEN.java:26)
	at java_programs.FLATTEN.flatten(FLATTEN.java:26)
	at java_programs.FLATTEN.flatten(FLATTEN.java:26)
	at java_programs.FLATTEN.flatten(FLATTEN.java:26)
	at java_programs.FLATTEN.flatten(FLATTEN.java:26)
	at java_programs.FLATTEN.flatten(FLATTEN.java:26)
	at java_programs.FLATTEN.flatten(FLATTEN.java:26)
	at java_programs.FLATTEN.flatten(FLATTEN.java:26)
	at java_programs.FLATTEN.flatten(FLATTEN.java:26)
	at java_programs.FLATTEN.flatten(FLATTEN.java:26)
	at java_programs.FLATTEN.flatten(FLATTEN.java:26)
	at java_programs.FLATTEN.flatten(FLATTEN.java:26)
	at java_programs.FLATTEN.flatten(FLATTEN.java:26)
	at java_programs.FLATTEN.flatten(FLATTEN.java:26)
	at java_programs.FLATTEN.flatten(FLATTEN.java:26)
	at java_programs.FLATTEN.flatten(FLATTEN.java:26)
	at java_programs.FLATTEN.flatten(FLATTEN.java:26)
	at java_programs.FLATTEN.flatten(FLATTEN.java:26)
	at java_programs.FLATTEN.flatten(FLATTEN.java:26)
	at java_programs.FLATTEN.flatten(FLATTEN.java:26)
	at java_programs.FLATTEN.flatten(FLATTEN.java:26)
	at java_programs.FLATTEN.flatten(FLATTEN.java:26)
	at java_programs.FLATTEN.flatten(FLATTEN.java:26)
	at java_programs.FLATTEN.flatten(FLATTEN.java:26)
	at java_programs.FLATTEN.flatten(FLATTEN.java:26)
	at java_programs.FLATTEN.flatten(FLATTEN.java:26)
	at java_programs.FLATTEN.flatten(FLATTEN.java:26)
	at java_programs.FLATTEN.flatten(FLATTEN.java:26)
	at java_programs.FLATTEN.flatten(FLATTEN.java:26)
	at java_programs.FLATTEN.flatten(FLATTEN.java:26)
	at java_programs.FLATTEN.flatten(FLATTEN.java:26)
	at java_programs.FLATTEN.flatten(FLATTEN.java:26)
	at java_programs.FLATTEN.flatten(FLATTEN.java:26)
	at java_programs.FLATTEN.flatten(FLATTEN.java:26)
	at java_programs.FLATTEN.flatten(FLATTEN.java:26)
	at java_programs.FLATTEN.flatten(FLATTEN.java:26)
	at java_programs.FLATTEN.flatten(FLATTEN.java:26)
	at java_programs.FLATTEN.flatten(FLATTEN.java:26)
	at java_programs.FLATTEN.flatten(FLATTEN.java:26)
	at java_programs.FLATTEN.flatten(FLATTEN.java:26)
	at java_programs.FLATTEN.flatten(FLATTEN.java:26)
	at java_programs.FLATTEN.flatten(FLATTEN.java:26)
	at java_programs.FLATTEN.flatten(FLATTEN.java:26)
	at java_programs.FLATTEN.flatten(FLATTEN.java:26)
	at java_programs.FLATTEN.flatten(FLATTEN.java:26)
	at java_programs.FLATTEN.flatten(FLATTEN.java:26)
	at java_programs.FLATTEN.flatten(FLATTEN.java:26)
	at java_programs.FLATTEN.flatten(FLATTEN.java:26)
	at java_programs.FLATTEN.flatten(FLATTEN.java:26)
	at java_programs.FLATTEN.flatten(FLATTEN.java:26)
	at java_programs.FLATTEN.flatten(FLATTEN.java:26)
	at java_programs.FLATTEN.flatten(FLATTEN.java:26)
	at java_programs.FLATTEN.flatten(FLATTEN.java:26)
	at java_programs.FLATTEN.flatten(FLATTEN.java:26)
	at java_programs.FLATTEN.flatten(FLATTEN.java:26)
	at java_programs.FLATTEN.flatten(FLATTEN.java:26)
	at java_programs.FLATTEN.flatten(FLATTEN.java:26)
	at java_programs.FLATTEN.flatten(FLATTEN.java:26)
	at java_programs.FLATTEN.flatten(FLATTEN.java:26)
	at java_programs.FLATTEN.flatten(FLATTEN.java:26)
	at java_programs.FLATTEN.flatten(FLATTEN.java:26)
	at java_programs.FLATTEN.flatten(FLATTEN.java:26)
	at java_programs.FLATTEN.flatten(FLATTEN.java:26)
	at java_programs.FLATTEN.flatten(FLATTEN.java:26)
	at java_programs.FLATTEN.flatten(FLATTEN.java:26)
	at java_programs.FLATTEN.flatten(FLATTEN.java:26)
	at java_programs.FLATTEN.flatten(FLATTEN.java:26)
	at java_programs.FLATTEN.flatten(FLATTEN.java:26)
	at java_programs.FLATTEN.flatten(FLATTEN.java:26)
	at java_programs.FLATTEN.flatten(FLATTEN.java:26)
	at java_programs.FLATTEN.flatten(FLATTEN.java:26)
	at java_programs.FLATTEN.flatten(FLATTEN.java:26)
	at java_programs.FLATTEN.flatten(FLATTEN.java:26)
	at java_programs.FLATTEN.flatten(FLATTEN.java:26)
	at java_programs.FLATTEN.flatten(FLATTEN.java:26)
	at java_programs.FLATTEN.flatten(FLATTEN.java:26)
	at java_programs.FLATTEN.flatten(FLATTEN.java:26)
	at java_programs.FLATTEN.flatten(FLATTEN.java:26)
	at java_programs.FLATTEN.flatten(FLATTEN.java:26)
	at java_programs.FLATTEN.flatten(FLATTEN.java:26)
	at java_programs.FLATTEN.flatten(FLATTEN.java:26)
	at java_programs.FLATTEN.flatten(FLATTEN.java:26)
	at java_programs.FLATTEN.flatten(FLATTEN.java:26)
	at java_programs.FLATTEN.flatten(FLATTEN.java:26)
	at java_programs.FLATTEN.flatten(FLATTEN.java:26)
	at java_programs.FLATTEN.flatten(FLATTEN.java:26)
	at java_programs.FLATTEN.flatten(FLATTEN.java:26)
	at java_programs.FLATTEN.flatten(FLATTEN.java:26)
	at java_programs.FLATTEN.flatten(FLATTEN.java:26)
	at java_programs.FLATTEN.flatten(FLATTEN.java:26)
	at java_programs.FLATTEN.flatten(FLATTEN.java:26)
	at java_programs.FLATTEN.flatten(FLATTEN.java:26)
	at java_programs.FLATTEN.flatten(FLATTEN.java:26)
	at java_programs.FLATTEN.flatten(FLATTEN.java:26)
	at java_programs.FLATTEN.flatten(FLATTEN.java:26)
	at java_programs.FLATTEN.flatten(FLATTEN.java:26)
	at java_programs.FLATTEN.flatten(FLATTEN.java:26)
	at java_programs.FLATTEN.flatten(FLATTEN.java:26)
	at java_programs.FLATTEN.flatten(FLATTEN.java:26)
	at java_programs.FLATTEN.flatten(FLATTEN.java:26)
	at java_programs.FLATTEN.flatten(FLATTEN.java:26)
	at java_programs.FLATTEN.flatten(FLATTEN.java:26)
	at java_programs.FLATTEN.flatten(FLATTEN.java:26)
	at java_programs.FLATTEN.flatten(FLATTEN.java:26)
	at java_programs.FLATTEN.flatten(FLATTEN.java:26)
	at java_programs.FLATTEN.flatten(FLATTEN.java:26)
	at java_programs.FLATTEN.flatten(FLATTEN.java:26)
	at java_programs.FLATTEN.flatten(FLATTEN.java:26)
	at java_programs.FLATTEN.flatten(FLATTEN.java:26)
	at java_programs.FLATTEN.flatten(FLATTEN.java:26)
	at java_programs.FLATTEN.flatten(FLATTEN.java:26)
	at java_programs.FLATTEN.flatten(FLATTEN.java:26)
</failure>
  </testcase>
  <testcase name="test_3()" classname="test.java.FLATTEN_TEST" time="0.004">
    <failure message="java.lang.StackOverflowError" type="java.lang.StackOverflowError">java.lang.StackOverflowError
	at java_programs.FLATTEN.flatten(FLATTEN.java:26)
	at java_programs.FLATTEN.flatten(FLATTEN.java:26)
	at java_programs.FLATTEN.flatten(FLATTEN.java:26)
	at java_programs.FLATTEN.flatten(FLATTEN.java:26)
	at java_programs.FLATTEN.flatten(FLATTEN.java:26)
	at java_programs.FLATTEN.flatten(FLATTEN.java:26)
	at java_programs.FLATTEN.flatten(FLATTEN.java:26)
	at java_programs.FLATTEN.flatten(FLATTEN.java:26)
	at java_programs.FLATTEN.flatten(FLATTEN.java:26)
	at java_programs.FLATTEN.flatten(FLATTEN.java:26)
	at java_programs.FLATTEN.flatten(FLATTEN.java:26)
	at java_programs.FLATTEN.flatten(FLATTEN.java:26)
	at java_programs.FLATTEN.flatten(FLATTEN.java:26)
	at java_programs.FLATTEN.flatten(FLATTEN.java:26)
	at java_programs.FLATTEN.flatten(FLATTEN.java:26)
	at java_programs.FLATTEN.flatten(FLATTEN.java:26)
	at java_programs.FLATTEN.flatten(FLATTEN.java:26)
	at java_programs.FLATTEN.flatten(FLATTEN.java:26)
	at java_programs.FLATTEN.flatten(FLATTEN.java:26)
	at java_programs.FLATTEN.flatten(FLATTEN.java:26)
	at java_programs.FLATTEN.flatten(FLATTEN.java:26)
	at java_programs.FLATTEN.flatten(FLATTEN.java:26)
	at java_programs.FLATTEN.flatten(FLATTEN.java:26)
	at java_programs.FLATTEN.flatten(FLATTEN.java:26)
	at java_programs.FLATTEN.flatten(FLATTEN.java:26)
	at java_programs.FLATTEN.flatten(FLATTEN.java:26)
	at java_programs.FLATTEN.flatten(FLATTEN.java:26)
	at java_programs.FLATTEN.flatten(FLATTEN.java:26)
	at java_programs.FLATTEN.flatten(FLATTEN.java:26)
	at java_programs.FLATTEN.flatten(FLATTEN.java:26)
	at java_programs.FLATTEN.flatten(FLATTEN.java:26)
	at java_programs.FLATTEN.flatten(FLATTEN.java:26)
	at java_programs.FLATTEN.flatten(FLATTEN.java:26)
	at java_programs.FLATTEN.flatten(FLATTEN.java:26)
	at java_programs.FLATTEN.flatten(FLATTEN.java:26)
	at java_programs.FLATTEN.flatten(FLATTEN.java:26)
	at java_programs.FLATTEN.flatten(FLATTEN.java:26)
	at java_programs.FLATTEN.flatten(FLATTEN.java:26)
	at java_programs.FLATTEN.flatten(FLATTEN.java:26)
	at java_programs.FLATTEN.flatten(FLATTEN.java:26)
	at java_programs.FLATTEN.flatten(FLATTEN.java:26)
	at java_programs.FLATTEN.flatten(FLATTEN.java:26)
	at java_programs.FLATTEN.flatten(FLATTEN.java:26)
	at java_programs.FLATTEN.flatten(FLATTEN.java:26)
	at java_programs.FLATTEN.flatten(FLATTEN.java:26)
	at java_programs.FLATTEN.flatten(FLATTEN.java:26)
	at java_programs.FLATTEN.flatten(FLATTEN.java:26)
	at java_programs.FLATTEN.flatten(FLATTEN.java:26)
	at java_programs.FLATTEN.flatten(FLATTEN.java:26)
	at java_programs.FLATTEN.flatten(FLATTEN.java:26)
	at java_programs.FLATTEN.flatten(FLATTEN.java:26)
	at java_programs.FLATTEN.flatten(FLATTEN.java:26)
	at java_programs.FLATTEN.flatten(FLATTEN.java:26)
	at java_programs.FLATTEN.flatten(FLATTEN.java:26)
	at java_programs.FLATTEN.flatten(FLATTEN.java:26)
	at java_programs.FLATTEN.flatten(FLATTEN.java:26)
	at java_programs.FLATTEN.flatten(FLATTEN.java:26)
	at java_programs.FLATTEN.flatten(FLATTEN.java:26)
	at java_programs.FLATTEN.flatten(FLATTEN.java:26)
	at java_programs.FLATTEN.flatten(FLATTEN.java:26)
	at java_programs.FLATTEN.flatten(FLATTEN.java:26)
	at java_programs.FLATTEN.flatten(FLATTEN.java:26)
	at java_programs.FLATTEN.flatten(FLATTEN.java:26)
	at java_programs.FLATTEN.flatten(FLATTEN.java:26)
	at java_programs.FLATTEN.flatten(FLATTEN.java:26)
	at java_programs.FLATTEN.flatten(FLATTEN.java:26)
	at java_programs.FLATTEN.flatten(FLATTEN.java:26)
	at java_programs.FLATTEN.flatten(FLATTEN.java:26)
	at java_programs.FLATTEN.flatten(FLATTEN.java:26)
	at java_programs.FLATTEN.flatten(FLATTEN.java:26)
	at java_programs.FLATTEN.flatten(FLATTEN.java:26)
	at java_programs.FLATTEN.flatten(FLATTEN.java:26)
	at java_programs.FLATTEN.flatten(FLATTEN.java:26)
	at java_programs.FLATTEN.flatten(FLATTEN.java:26)
	at java_programs.FLATTEN.flatten(FLATTEN.java:26)
	at java_programs.FLATTEN.flatten(FLATTEN.java:26)
	at java_programs.FLATTEN.flatten(FLATTEN.java:26)
	at java_programs.FLATTEN.flatten(FLATTEN.java:26)
	at java_programs.FLATTEN.flatten(FLATTEN.java:26)
	at java_programs.FLATTEN.flatten(FLATTEN.java:26)
	at java_programs.FLATTEN.flatten(FLATTEN.java:26)
	at java_programs.FLATTEN.flatten(FLATTEN.java:26)
	at java_programs.FLATTEN.flatten(FLATTEN.java:26)
	at java_programs.FLATTEN.flatten(FLATTEN.java:26)
	at java_programs.FLATTEN.flatten(FLATTEN.java:26)
	at java_programs.FLATTEN.flatten(FLATTEN.java:26)
	at java_programs.FLATTEN.flatten(FLATTEN.java:26)
	at java_programs.FLATTEN.flatten(FLATTEN.java:26)
	at java_programs.FLATTEN.flatten(FLATTEN.java:26)
	at java_programs.FLATTEN.flatten(FLATTEN.java:26)
	at java_programs.FLATTEN.flatten(FLATTEN.java:26)
	at java_programs.FLATTEN.flatten(FLATTEN.java:26)
	at java_programs.FLATTEN.flatten(FLATTEN.java:26)
	at java_programs.FLATTEN.flatten(FLATTEN.java:26)
	at java_programs.FLATTEN.flatten(FLATTEN.java:26)
	at java_programs.FLATTEN.flatten(FLATTEN.java:26)
	at java_programs.FLATTEN.flatten(FLATTEN.java:26)
	at java_programs.FLATTEN.flatten(FLATTEN.java:26)
	at java_programs.FLATTEN.flatten(FLATTEN.java:26)
	at java_programs.FLATTEN.flatten(FLATTEN.java:26)
	at java_programs.FLATTEN.flatten(FLATTEN.java:26)
	at java_programs.FLATTEN.flatten(FLATTEN.java:26)
	at java_programs.FLATTEN.flatten(FLATTEN.java:26)
	at java_programs.FLATTEN.flatten(FLATTEN.java:26)
	at java_programs.FLATTEN.flatten(FLATTEN.java:26)
	at java_programs.FLATTEN.flatten(FLATTEN.java:26)
	at java_programs.FLATTEN.flatten(FLATTEN.java:26)
	at java_programs.FLATTEN.flatten(FLATTEN.java:26)
	at java_programs.FLATTEN.flatten(FLATTEN.java:26)
	at java_programs.FLATTEN.flatten(FLATTEN.java:26)
	at java_programs.FLATTEN.flatten(FLATTEN.java:26)
	at java_programs.FLATTEN.flatten(FLATTEN.java:26)
	at java_programs.FLATTEN.flatten(FLATTEN.java:26)
	at java_programs.FLATTEN.flatten(FLATTEN.java:26)
	at java_programs.FLATTEN.flatten(FLATTEN.java:26)
	at java_programs.FLATTEN.flatten(FLATTEN.java:26)
	at java_programs.FLATTEN.flatten(FLATTEN.java:26)
	at java_programs.FLATTEN.flatten(FLATTEN.java:26)
	at java_programs.FLATTEN.flatten(FLATTEN.java:26)
	at java_programs.FLATTEN.flatten(FLATTEN.java:26)
	at java_programs.FLATTEN.flatten(FLATTEN.java:26)
	at java_programs.FLATTEN.flatten(FLATTEN.java:26)
	at java_programs.FLATTEN.flatten(FLATTEN.java:26)
	at java_programs.FLATTEN.flatten(FLATTEN.java:26)
	at java_programs.FLATTEN.flatten(FLATTEN.java:26)
	at java_programs.FLATTEN.flatten(FLATTEN.java:26)
	at java_programs.FLATTEN.flatten(FLATTEN.java:26)
	at java_programs.FLATTEN.flatten(FLATTEN.java:26)
	at java_programs.FLATTEN.flatten(FLATTEN.java:26)
	at java_programs.FLATTEN.flatten(FLATTEN.java:26)
	at java_programs.FLATTEN.flatten(FLATTEN.java:26)
	at java_programs.FLATTEN.flatten(FLATTEN.java:26)
	at java_programs.FLATTEN.flatten(FLATTEN.java:26)
	at java_programs.FLATTEN.flatten(FLATTEN.java:26)
	at java_programs.FLATTEN.flatten(FLATTEN.java:26)
	at java_programs.FLATTEN.flatten(FLATTEN.java:26)
	at java_programs.FLATTEN.flatten(FLATTEN.java:26)
	at java_programs.FLATTEN.flatten(FLATTEN.java:26)
	at java_programs.FLATTEN.flatten(FLATTEN.java:26)
	at java_programs.FLATTEN.flatten(FLATTEN.java:26)
	at java_programs.FLATTEN.flatten(FLATTEN.java:26)
	at java_programs.FLATTEN.flatten(FLATTEN.java:26)
	at java_programs.FLATTEN.flatten(FLATTEN.java:26)
	at java_programs.FLATTEN.flatten(FLATTEN.java:26)
	at java_programs.FLATTEN.flatten(FLATTEN.java:26)
	at java_programs.FLATTEN.flatten(FLATTEN.java:26)
	at java_programs.FLATTEN.flatten(FLATTEN.java:26)
	at java_programs.FLATTEN.flatten(FLATTEN.java:26)
	at java_programs.FLATTEN.flatten(FLATTEN.java:26)
	at java_programs.FLATTEN.flatten(FLATTEN.java:26)
	at java_programs.FLATTEN.flatten(FLATTEN.java:26)
	at java_programs.FLATTEN.flatten(FLATTEN.java:26)
	at java_programs.FLATTEN.flatten(FLATTEN.java:26)
	at java_programs.FLATTEN.flatten(FLATTEN.java:26)
	at java_programs.FLATTEN.flatten(FLATTEN.java:26)
	at java_programs.FLATTEN.flatten(FLATTEN.java:26)
	at java_programs.FLATTEN.flatten(FLATTEN.java:26)
	at java_programs.FLATTEN.flatten(FLATTEN.java:26)
	at java_programs.FLATTEN.flatten(FLATTEN.java:26)
	at java_programs.FLATTEN.flatten(FLATTEN.java:26)
	at java_programs.FLATTEN.flatten(FLATTEN.java:26)
	at java_programs.FLATTEN.flatten(FLATTEN.java:26)
	at java_programs.FLATTEN.flatten(FLATTEN.java:26)
	at java_programs.FLATTEN.flatten(FLATTEN.java:26)
	at java_programs.FLATTEN.flatten(FLATTEN.java:26)
	at java_programs.FLATTEN.flatten(FLATTEN.java:26)
	at java_programs.FLATTEN.flatten(FLATTEN.java:26)
	at java_programs.FLATTEN.flatten(FLATTEN.java:26)
	at java_programs.FLATTEN.flatten(FLATTEN.java:26)
	at java_programs.FLATTEN.flatten(FLATTEN.java:26)
	at java_programs.FLATTEN.flatten(FLATTEN.java:26)
	at java_programs.FLATTEN.flatten(FLATTEN.java:26)
	at java_programs.FLATTEN.flatten(FLATTEN.java:26)
	at java_programs.FLATTEN.flatten(FLATTEN.java:26)
	at java_programs.FLATTEN.flatten(FLATTEN.java:26)
	at java_programs.FLATTEN.flatten(FLATTEN.java:26)
	at java_programs.FLATTEN.flatten(FLATTEN.java:26)
	at java_programs.FLATTEN.flatten(FLATTEN.java:26)
	at java_programs.FLATTEN.flatten(FLATTEN.java:26)
	at java_programs.FLATTEN.flatten(FLATTEN.java:26)
	at java_programs.FLATTEN.flatten(FLATTEN.java:26)
	at java_programs.FLATTEN.flatten(FLATTEN.java:26)
	at java_programs.FLATTEN.flatten(FLATTEN.java:26)
	at java_programs.FLATTEN.flatten(FLATTEN.java:26)
	at java_programs.FLATTEN.flatten(FLATTEN.java:26)
	at java_programs.FLATTEN.flatten(FLATTEN.java:26)
	at java_programs.FLATTEN.flatten(FLATTEN.java:26)
	at java_programs.FLATTEN.flatten(FLATTEN.java:26)
	at java_programs.FLATTEN.flatten(FLATTEN.java:26)
	at java_programs.FLATTEN.flatten(FLATTEN.java:26)
	at java_programs.FLATTEN.flatten(FLATTEN.java:26)
	at java_programs.FLATTEN.flatten(FLATTEN.java:26)
	at java_programs.FLATTEN.flatten(FLATTEN.java:26)
	at java_programs.FLATTEN.flatten(FLATTEN.java:26)
	at java_programs.FLATTEN.flatten(FLATTEN.java:26)
	at java_programs.FLATTEN.flatten(FLATTEN.java:26)
	at java_programs.FLATTEN.flatten(FLATTEN.java:26)
	at java_programs.FLATTEN.flatten(FLATTEN.java:26)
	at java_programs.FLATTEN.flatten(FLATTEN.java:26)
	at java_programs.FLATTEN.flatten(FLATTEN.java:26)
	at java_programs.FLATTEN.flatten(FLATTEN.java:26)
	at java_programs.FLATTEN.flatten(FLATTEN.java:26)
	at java_programs.FLATTEN.flatten(FLATTEN.java:26)
	at java_programs.FLATTEN.flatten(FLATTEN.java:26)
	at java_programs.FLATTEN.flatten(FLATTEN.java:26)
	at java_programs.FLATTEN.flatten(FLATTEN.java:26)
	at java_programs.FLATTEN.flatten(FLATTEN.java:26)
	at java_programs.FLATTEN.flatten(FLATTEN.java:26)
	at java_programs.FLATTEN.flatten(FLATTEN.java:26)
	at java_programs.FLATTEN.flatten(FLATTEN.java:26)
	at java_programs.FLATTEN.flatten(FLATTEN.java:26)
	at java_programs.FLATTEN.flatten(FLATTEN.java:26)
	at java_programs.FLATTEN.flatten(FLATTEN.java:26)
	at java_programs.FLATTEN.flatten(FLATTEN.java:26)
	at java_programs.FLATTEN.flatten(FLATTEN.java:26)
	at java_programs.FLATTEN.flatten(FLATTEN.java:26)
	at java_programs.FLATTEN.flatten(FLATTEN.java:26)
	at java_programs.FLATTEN.flatten(FLATTEN.java:26)
	at java_programs.FLATTEN.flatten(FLATTEN.java:26)
	at java_programs.FLATTEN.flatten(FLATTEN.java:26)
	at java_programs.FLATTEN.flatten(FLATTEN.java:26)
	at java_programs.FLATTEN.flatten(FLATTEN.java:26)
	at java_programs.FLATTEN.flatten(FLATTEN.java:26)
	at java_programs.FLATTEN.flatten(FLATTEN.java:26)
	at java_programs.FLATTEN.flatten(FLATTEN.java:26)
	at java_programs.FLATTEN.flatten(FLATTEN.java:26)
	at java_programs.FLATTEN.flatten(FLATTEN.java:26)
	at java_programs.FLATTEN.flatten(FLATTEN.java:26)
	at java_programs.FLATTEN.flatten(FLATTEN.java:26)
	at java_programs.FLATTEN.flatten(FLATTEN.java:26)
	at java_programs.FLATTEN.flatten(FLATTEN.java:26)
	at java_programs.FLATTEN.flatten(FLATTEN.java:26)
	at java_programs.FLATTEN.flatten(FLATTEN.java:26)
	at java_programs.FLATTEN.flatten(FLATTEN.java:26)
	at java_programs.FLATTEN.flatten(FLATTEN.java:26)
	at java_programs.FLATTEN.flatten(FLATTEN.java:26)
	at java_programs.FLATTEN.flatten(FLATTEN.java:26)
	at java_programs.FLATTEN.flatten(FLATTEN.java:26)
	at java_programs.FLATTEN.flatten(FLATTEN.java:26)
	at java_programs.FLATTEN.flatten(FLATTEN.java:26)
	at java_programs.FLATTEN.flatten(FLATTEN.java:26)
	at java_programs.FLATTEN.flatten(FLATTEN.java:26)
	at java_programs.FLATTEN.flatten(FLATTEN.java:26)
	at java_programs.FLATTEN.flatten(FLATTEN.java:26)
	at java_programs.FLATTEN.flatten(FLATTEN.java:26)
	at java_programs.FLATTEN.flatten(FLATTEN.java:26)
	at java_programs.FLATTEN.flatten(FLATTEN.java:26)
	at java_programs.FLATTEN.flatten(FLATTEN.java:26)
	at java_programs.FLATTEN.flatten(FLATTEN.java:26)
	at java_programs.FLATTEN.flatten(FLATTEN.java:26)
	at java_programs.FLATTEN.flatten(FLATTEN.java:26)
	at java_programs.FLATTEN.flatten(FLATTEN.java:26)
	at java_programs.FLATTEN.flatten(FLATTEN.java:26)
	at java_programs.FLATTEN.flatten(FLATTEN.java:26)
	at java_programs.FLATTEN.flatten(FLATTEN.java:26)
	at java_programs.FLATTEN.flatten(FLATTEN.java:26)
	at java_programs.FLATTEN.flatten(FLATTEN.java:26)
	at java_programs.FLATTEN.flatten(FLATTEN.java:26)
	at java_programs.FLATTEN.flatten(FLATTEN.java:26)
	at java_programs.FLATTEN.flatten(FLATTEN.java:26)
	at java_programs.FLATTEN.flatten(FLATTEN.java:26)
	at java_programs.FLATTEN.flatten(FLATTEN.java:26)
	at java_programs.FLATTEN.flatten(FLATTEN.java:26)
	at java_programs.FLATTEN.flatten(FLATTEN.java:26)
	at java_programs.FLATTEN.flatten(FLATTEN.java:26)
	at java_programs.FLATTEN.flatten(FLATTEN.java:26)
	at java_programs.FLATTEN.flatten(FLATTEN.java:26)
	at java_programs.FLATTEN.flatten(FLATTEN.java:26)
	at java_programs.FLATTEN.flatten(FLATTEN.java:26)
	at java_programs.FLATTEN.flatten(FLATTEN.java:26)
	at java_programs.FLATTEN.flatten(FLATTEN.java:26)
	at java_programs.FLATTEN.flatten(FLATTEN.java:26)
	at java_programs.FLATTEN.flatten(FLATTEN.java:26)
	at java_programs.FLATTEN.flatten(FLATTEN.java:26)
	at java_programs.FLATTEN.flatten(FLATTEN.java:26)
	at java_programs.FLATTEN.flatten(FLATTEN.java:26)
	at java_programs.FLATTEN.flatten(FLATTEN.java:26)
	at java_programs.FLATTEN.flatten(FLATTEN.java:26)
	at java_programs.FLATTEN.flatten(FLATTEN.java:26)
	at java_programs.FLATTEN.flatten(FLATTEN.java:26)
	at java_programs.FLATTEN.flatten(FLATTEN.java:26)
	at java_programs.FLATTEN.flatten(FLATTEN.java:26)
	at java_programs.FLATTEN.flatten(FLATTEN.java:26)
	at java_programs.FLATTEN.flatten(FLATTEN.java:26)
	at java_programs.FLATTEN.flatten(FLATTEN.java:26)
	at java_programs.FLATTEN.flatten(FLATTEN.java:26)
	at java_programs.FLATTEN.flatten(FLATTEN.java:26)
	at java_programs.FLATTEN.flatten(FLATTEN.java:26)
	at java_programs.FLATTEN.flatten(FLATTEN.java:26)
	at java_programs.FLATTEN.flatten(FLATTEN.java:26)
	at java_programs.FLATTEN.flatten(FLATTEN.java:26)
	at java_programs.FLATTEN.flatten(FLATTEN.java:26)
	at java_programs.FLATTEN.flatten(FLATTEN.java:26)
	at java_programs.FLATTEN.flatten(FLATTEN.java:26)
	at java_programs.FLATTEN.flatten(FLATTEN.java:26)
	at java_programs.FLATTEN.flatten(FLATTEN.java:26)
	at java_programs.FLATTEN.flatten(FLATTEN.java:26)
	at java_programs.FLATTEN.flatten(FLATTEN.java:26)
	at java_programs.FLATTEN.flatten(FLATTEN.java:26)
	at java_programs.FLATTEN.flatten(FLATTEN.java:26)
	at java_programs.FLATTEN.flatten(FLATTEN.java:26)
	at java_programs.FLATTEN.flatten(FLATTEN.java:26)
	at java_programs.FLATTEN.flatten(FLATTEN.java:26)
	at java_programs.FLATTEN.flatten(FLATTEN.java:26)
	at java_programs.FLATTEN.flatten(FLATTEN.java:26)
	at java_programs.FLATTEN.flatten(FLATTEN.java:26)
	at java_programs.FLATTEN.flatten(FLATTEN.java:26)
	at java_programs.FLATTEN.flatten(FLATTEN.java:26)
	at java_programs.FLATTEN.flatten(FLATTEN.java:26)
	at java_programs.FLATTEN.flatten(FLATTEN.java:26)
	at java_programs.FLATTEN.flatten(FLATTEN.java:26)
	at java_programs.FLATTEN.flatten(FLATTEN.java:26)
	at java_programs.FLATTEN.flatten(FLATTEN.java:26)
	at java_programs.FLATTEN.flatten(FLATTEN.java:26)
	at java_programs.FLATTEN.flatten(FLATTEN.java:26)
	at java_programs.FLATTEN.flatten(FLATTEN.java:26)
	at java_programs.FLATTEN.flatten(FLATTEN.java:26)
	at java_programs.FLATTEN.flatten(FLATTEN.java:26)
	at java_programs.FLATTEN.flatten(FLATTEN.java:26)
	at java_programs.FLATTEN.flatten(FLATTEN.java:26)
	at java_programs.FLATTEN.flatten(FLATTEN.java:26)
	at java_programs.FLATTEN.flatten(FLATTEN.java:26)
	at java_programs.FLATTEN.flatten(FLATTEN.java:26)
	at java_programs.FLATTEN.flatten(FLATTEN.java:26)
	at java_programs.FLATTEN.flatten(FLATTEN.java:26)
	at java_programs.FLATTEN.flatten(FLATTEN.java:26)
	at java_programs.FLATTEN.flatten(FLATTEN.java:26)
	at java_programs.FLATTEN.flatten(FLATTEN.java:26)
	at java_programs.FLATTEN.flatten(FLATTEN.java:26)
	at java_programs.FLATTEN.flatten(FLATTEN.java:26)
	at java_programs.FLATTEN.flatten(FLATTEN.java:26)
	at java_programs.FLATTEN.flatten(FLATTEN.java:26)
	at java_programs.FLATTEN.flatten(FLATTEN.java:26)
	at java_programs.FLATTEN.flatten(FLATTEN.java:26)
	at java_programs.FLATTEN.flatten(FLATTEN.java:26)
	at java_programs.FLATTEN.flatten(FLATTEN.java:26)
	at java_programs.FLATTEN.flatten(FLATTEN.java:26)
	at java_programs.FLATTEN.flatten(FLATTEN.java:26)
	at java_programs.FLATTEN.flatten(FLATTEN.java:26)
	at java_programs.FLATTEN.flatten(FLATTEN.java:26)
	at java_programs.FLATTEN.flatten(FLATTEN.java:26)
	at java_programs.FLATTEN.flatten(FLATTEN.java:26)
	at java_programs.FLATTEN.flatten(FLATTEN.java:26)
	at java_programs.FLATTEN.flatten(FLATTEN.java:26)
	at java_programs.FLATTEN.flatten(FLATTEN.java:26)
	at java_programs.FLATTEN.flatten(FLATTEN.java:26)
	at java_programs.FLATTEN.flatten(FLATTEN.java:26)
	at java_programs.FLATTEN.flatten(FLATTEN.java:26)
	at java_programs.FLATTEN.flatten(FLATTEN.java:26)
	at java_programs.FLATTEN.flatten(FLATTEN.java:26)
	at java_programs.FLATTEN.flatten(FLATTEN.java:26)
	at java_programs.FLATTEN.flatten(FLATTEN.java:26)
	at java_programs.FLATTEN.flatten(FLATTEN.java:26)
	at java_programs.FLATTEN.flatten(FLATTEN.java:26)
	at java_programs.FLATTEN.flatten(FLATTEN.java:26)
	at java_programs.FLATTEN.flatten(FLATTEN.java:26)
	at java_programs.FLATTEN.flatten(FLATTEN.java:26)
	at java_programs.FLATTEN.flatten(FLATTEN.java:26)
	at java_programs.FLATTEN.flatten(FLATTEN.java:26)
	at java_programs.FLATTEN.flatten(FLATTEN.java:26)
	at java_programs.FLATTEN.flatten(FLATTEN.java:26)
	at java_programs.FLATTEN.flatten(FLATTEN.java:26)
	at java_programs.FLATTEN.flatten(FLATTEN.java:26)
	at java_programs.FLATTEN.flatten(FLATTEN.java:26)
	at java_programs.FLATTEN.flatten(FLATTEN.java:26)
	at java_programs.FLATTEN.flatten(FLATTEN.java:26)
	at java_programs.FLATTEN.flatten(FLATTEN.java:26)
	at java_programs.FLATTEN.flatten(FLATTEN.java:26)
	at java_programs.FLATTEN.flatten(FLATTEN.java:26)
	at java_programs.FLATTEN.flatten(FLATTEN.java:26)
	at java_programs.FLATTEN.flatten(FLATTEN.java:26)
	at java_programs.FLATTEN.flatten(FLATTEN.java:26)
	at java_programs.FLATTEN.flatten(FLATTEN.java:26)
	at java_programs.FLATTEN.flatten(FLATTEN.java:26)
	at java_programs.FLATTEN.flatten(FLATTEN.java:26)
	at java_programs.FLATTEN.flatten(FLATTEN.java:26)
	at java_programs.FLATTEN.flatten(FLATTEN.java:26)
	at java_programs.FLATTEN.flatten(FLATTEN.java:26)
	at java_programs.FLATTEN.flatten(FLATTEN.java:26)
	at java_programs.FLATTEN.flatten(FLATTEN.java:26)
	at java_programs.FLATTEN.flatten(FLATTEN.java:26)
	at java_programs.FLATTEN.flatten(FLATTEN.java:26)
	at java_programs.FLATTEN.flatten(FLATTEN.java:26)
	at java_programs.FLATTEN.flatten(FLATTEN.java:26)
	at java_programs.FLATTEN.flatten(FLATTEN.java:26)
	at java_programs.FLATTEN.flatten(FLATTEN.java:26)
	at java_programs.FLATTEN.flatten(FLATTEN.java:26)
	at java_programs.FLATTEN.flatten(FLATTEN.java:26)
	at java_programs.FLATTEN.flatten(FLATTEN.java:26)
	at java_programs.FLATTEN.flatten(FLATTEN.java:26)
	at java_programs.FLATTEN.flatten(FLATTEN.java:26)
	at java_programs.FLATTEN.flatten(FLATTEN.java:26)
	at java_programs.FLATTEN.flatten(FLATTEN.java:26)
	at java_programs.FLATTEN.flatten(FLATTEN.java:26)
	at java_programs.FLATTEN.flatten(FLATTEN.java:26)
	at java_programs.FLATTEN.flatten(FLATTEN.java:26)
	at java_programs.FLATTEN.flatten(FLATTEN.java:26)
	at java_programs.FLATTEN.flatten(FLATTEN.java:26)
	at java_programs.FLATTEN.flatten(FLATTEN.java:26)
	at java_programs.FLATTEN.flatten(FLATTEN.java:26)
	at java_programs.FLATTEN.flatten(FLATTEN.java:26)
	at java_programs.FLATTEN.flatten(FLATTEN.java:26)
	at java_programs.FLATTEN.flatten(FLATTEN.java:26)
	at java_programs.FLATTEN.flatten(FLATTEN.java:26)
	at java_programs.FLATTEN.flatten(FLATTEN.java:26)
	at java_programs.FLATTEN.flatten(FLATTEN.java:26)
	at java_programs.FLATTEN.flatten(FLATTEN.java:26)
	at java_programs.FLATTEN.flatten(FLATTEN.java:26)
	at java_programs.FLATTEN.flatten(FLATTEN.java:26)
	at java_programs.FLATTEN.flatten(FLATTEN.java:26)
	at java_programs.FLATTEN.flatten(FLATTEN.java:26)
	at java_programs.FLATTEN.flatten(FLATTEN.java:26)
	at java_programs.FLATTEN.flatten(FLATTEN.java:26)
	at java_programs.FLATTEN.flatten(FLATTEN.java:26)
	at java_programs.FLATTEN.flatten(FLATTEN.java:26)
	at java_programs.FLATTEN.flatten(FLATTEN.java:26)
	at java_programs.FLATTEN.flatten(FLATTEN.java:26)
	at java_programs.FLATTEN.flatten(FLATTEN.java:26)
	at java_programs.FLATTEN.flatten(FLATTEN.java:26)
	at java_programs.FLATTEN.flatten(FLATTEN.java:26)
	at java_programs.FLATTEN.flatten(FLATTEN.java:26)
	at java_programs.FLATTEN.flatten(FLATTEN.java:26)
	at java_programs.FLATTEN.flatten(FLATTEN.java:26)
	at java_programs.FLATTEN.flatten(FLATTEN.java:26)
	at java_programs.FLATTEN.flatten(FLATTEN.java:26)
	at java_programs.FLATTEN.flatten(FLATTEN.java:26)
	at java_programs.FLATTEN.flatten(FLATTEN.java:26)
	at java_programs.FLATTEN.flatten(FLATTEN.java:26)
	at java_programs.FLATTEN.flatten(FLATTEN.java:26)
	at java_programs.FLATTEN.flatten(FLATTEN.java:26)
	at java_programs.FLATTEN.flatten(FLATTEN.java:26)
	at java_programs.FLATTEN.flatten(FLATTEN.java:26)
	at java_programs.FLATTEN.flatten(FLATTEN.java:26)
	at java_programs.FLATTEN.flatten(FLATTEN.java:26)
	at java_programs.FLATTEN.flatten(FLATTEN.java:26)
	at java_programs.FLATTEN.flatten(FLATTEN.java:26)
	at java_programs.FLATTEN.flatten(FLATTEN.java:26)
	at java_programs.FLATTEN.flatten(FLATTEN.java:26)
	at java_programs.FLATTEN.flatten(FLATTEN.java:26)
	at java_programs.FLATTEN.flatten(FLATTEN.java:26)
	at java_programs.FLATTEN.flatten(FLATTEN.java:26)
	at java_programs.FLATTEN.flatten(FLATTEN.java:26)
	at java_programs.FLATTEN.flatten(FLATTEN.java:26)
	at java_programs.FLATTEN.flatten(FLATTEN.java:26)
	at java_programs.FLATTEN.flatten(FLATTEN.java:26)
	at java_programs.FLATTEN.flatten(FLATTEN.java:26)
	at java_programs.FLATTEN.flatten(FLATTEN.java:26)
	at java_programs.FLATTEN.flatten(FLATTEN.java:26)
	at java_programs.FLATTEN.flatten(FLATTEN.java:26)
	at java_programs.FLATTEN.flatten(FLATTEN.java:26)
	at java_programs.FLATTEN.flatten(FLATTEN.java:26)
	at java_programs.FLATTEN.flatten(FLATTEN.java:26)
	at java_programs.FLATTEN.flatten(FLATTEN.java:26)
	at java_programs.FLATTEN.flatten(FLATTEN.java:26)
	at java_programs.FLATTEN.flatten(FLATTEN.java:26)
	at java_programs.FLATTEN.flatten(FLATTEN.java:26)
	at java_programs.FLATTEN.flatten(FLATTEN.java:26)
	at java_programs.FLATTEN.flatten(FLATTEN.java:26)
	at java_programs.FLATTEN.flatten(FLATTEN.java:26)
	at java_programs.FLATTEN.flatten(FLATTEN.java:26)
	at java_programs.FLATTEN.flatten(FLATTEN.java:26)
	at java_programs.FLATTEN.flatten(FLATTEN.java:26)
	at java_programs.FLATTEN.flatten(FLATTEN.java:26)
	at java_programs.FLATTEN.flatten(FLATTEN.java:26)
	at java_programs.FLATTEN.flatten(FLATTEN.java:26)
	at java_programs.FLATTEN.flatten(FLATTEN.java:26)
	at java_programs.FLATTEN.flatten(FLATTEN.java:26)
	at java_programs.FLATTEN.flatten(FLATTEN.java:26)
	at java_programs.FLATTEN.flatten(FLATTEN.java:26)
	at java_programs.FLATTEN.flatten(FLATTEN.java:26)
	at java_programs.FLATTEN.flatten(FLATTEN.java:26)
	at java_programs.FLATTEN.flatten(FLATTEN.java:26)
	at java_programs.FLATTEN.flatten(FLATTEN.java:26)
	at java_programs.FLATTEN.flatten(FLATTEN.java:26)
	at java_programs.FLATTEN.flatten(FLATTEN.java:26)
	at java_programs.FLATTEN.flatten(FLATTEN.java:26)
	at java_programs.FLATTEN.flatten(FLATTEN.java:26)
	at java_programs.FLATTEN.flatten(FLATTEN.java:26)
	at java_programs.FLATTEN.flatten(FLATTEN.java:26)
	at java_programs.FLATTEN.flatten(FLATTEN.java:26)
	at java_programs.FLATTEN.flatten(FLATTEN.java:26)
	at java_programs.FLATTEN.flatten(FLATTEN.java:26)
	at java_programs.FLATTEN.flatten(FLATTEN.java:26)
	at java_programs.FLATTEN.flatten(FLATTEN.java:26)
	at java_programs.FLATTEN.flatten(FLATTEN.java:26)
	at java_programs.FLATTEN.flatten(FLATTEN.java:26)
	at java_programs.FLATTEN.flatten(FLATTEN.java:26)
	at java_programs.FLATTEN.flatten(FLATTEN.java:26)
	at java_programs.FLATTEN.flatten(FLATTEN.java:26)
	at java_programs.FLATTEN.flatten(FLATTEN.java:26)
	at java_programs.FLATTEN.flatten(FLATTEN.java:26)
	at java_programs.FLATTEN.flatten(FLATTEN.java:26)
	at java_programs.FLATTEN.flatten(FLATTEN.java:26)
	at java_programs.FLATTEN.flatten(FLATTEN.java:26)
	at java_programs.FLATTEN.flatten(FLATTEN.java:26)
	at java_programs.FLATTEN.flatten(FLATTEN.java:26)
	at java_programs.FLATTEN.flatten(FLATTEN.java:26)
	at java_programs.FLATTEN.flatten(FLATTEN.java:26)
	at java_programs.FLATTEN.flatten(FLATTEN.java:26)
	at java_programs.FLATTEN.flatten(FLATTEN.java:26)
	at java_programs.FLATTEN.flatten(FLATTEN.java:26)
	at java_programs.FLATTEN.flatten(FLATTEN.java:26)
	at java_programs.FLATTEN.flatten(FLATTEN.java:26)
	at java_programs.FLATTEN.flatten(FLATTEN.java:26)
	at java_programs.FLATTEN.flatten(FLATTEN.java:26)
	at java_programs.FLATTEN.flatten(FLATTEN.java:26)
	at java_programs.FLATTEN.flatten(FLATTEN.java:26)
	at java_programs.FLATTEN.flatten(FLATTEN.java:26)
	at java_programs.FLATTEN.flatten(FLATTEN.java:26)
	at java_programs.FLATTEN.flatten(FLATTEN.java:26)
	at java_programs.FLATTEN.flatten(FLATTEN.java:26)
	at java_programs.FLATTEN.flatten(FLATTEN.java:26)
	at java_programs.FLATTEN.flatten(FLATTEN.java:26)
	at java_programs.FLATTEN.flatten(FLATTEN.java:26)
	at java_programs.FLATTEN.flatten(FLATTEN.java:26)
	at java_programs.FLATTEN.flatten(FLATTEN.java:26)
	at java_programs.FLATTEN.flatten(FLATTEN.java:26)
	at java_programs.FLATTEN.flatten(FLATTEN.java:26)
	at java_programs.FLATTEN.flatten(FLATTEN.java:26)
	at java_programs.FLATTEN.flatten(FLATTEN.java:26)
	at java_programs.FLATTEN.flatten(FLATTEN.java:26)
	at java_programs.FLATTEN.flatten(FLATTEN.java:26)
	at java_programs.FLATTEN.flatten(FLATTEN.java:26)
	at java_programs.FLATTEN.flatten(FLATTEN.java:26)
	at java_programs.FLATTEN.flatten(FLATTEN.java:26)
	at java_programs.FLATTEN.flatten(FLATTEN.java:26)
	at java_programs.FLATTEN.flatten(FLATTEN.java:26)
	at java_programs.FLATTEN.flatten(FLATTEN.java:26)
	at java_programs.FLATTEN.flatten(FLATTEN.java:26)
	at java_programs.FLATTEN.flatten(FLATTEN.java:26)
	at java_programs.FLATTEN.flatten(FLATTEN.java:26)
	at java_programs.FLATTEN.flatten(FLATTEN.java:26)
	at java_programs.FLATTEN.flatten(FLATTEN.java:26)
	at java_programs.FLATTEN.flatten(FLATTEN.java:26)
	at java_programs.FLATTEN.flatten(FLATTEN.java:26)
	at java_programs.FLATTEN.flatten(FLATTEN.java:26)
	at java_programs.FLATTEN.flatten(FLATTEN.java:26)
	at java_programs.FLATTEN.flatten(FLATTEN.java:26)
	at java_programs.FLATTEN.flatten(FLATTEN.java:26)
	at java_programs.FLATTEN.flatten(FLATTEN.java:26)
	at java_programs.FLATTEN.flatten(FLATTEN.java:26)
	at java_programs.FLATTEN.flatten(FLATTEN.java:26)
	at java_programs.FLATTEN.flatten(FLATTEN.java:26)
	at java_programs.FLATTEN.flatten(FLATTEN.java:26)
	at java_programs.FLATTEN.flatten(FLATTEN.java:26)
	at java_programs.FLATTEN.flatten(FLATTEN.java:26)
	at java_programs.FLATTEN.flatten(FLATTEN.java:26)
	at java_programs.FLATTEN.flatten(FLATTEN.java:26)
	at java_programs.FLATTEN.flatten(FLATTEN.java:26)
	at java_programs.FLATTEN.flatten(FLATTEN.java:26)
	at java_programs.FLATTEN.flatten(FLATTEN.java:26)
	at java_programs.FLATTEN.flatten(FLATTEN.java:26)
	at java_programs.FLATTEN.flatten(FLATTEN.java:26)
	at java_programs.FLATTEN.flatten(FLATTEN.java:26)
	at java_programs.FLATTEN.flatten(FLATTEN.java:26)
	at java_programs.FLATTEN.flatten(FLATTEN.java:26)
	at java_programs.FLATTEN.flatten(FLATTEN.java:26)
	at java_programs.FLATTEN.flatten(FLATTEN.java:26)
	at java_programs.FLATTEN.flatten(FLATTEN.java:26)
	at java_programs.FLATTEN.flatten(FLATTEN.java:26)
	at java_programs.FLATTEN.flatten(FLATTEN.java:26)
	at java_programs.FLATTEN.flatten(FLATTEN.java:26)
	at java_programs.FLATTEN.flatten(FLATTEN.java:26)
	at java_programs.FLATTEN.flatten(FLATTEN.java:26)
	at java_programs.FLATTEN.flatten(FLATTEN.java:26)
	at java_programs.FLATTEN.flatten(FLATTEN.java:26)
	at java_programs.FLATTEN.flatten(FLATTEN.java:26)
	at java_programs.FLATTEN.flatten(FLATTEN.java:26)
	at java_programs.FLATTEN.flatten(FLATTEN.java:26)
	at java_programs.FLATTEN.flatten(FLATTEN.java:26)
	at java_programs.FLATTEN.flatten(FLATTEN.java:26)
	at java_programs.FLATTEN.flatten(FLATTEN.java:26)
	at java_programs.FLATTEN.flatten(FLATTEN.java:26)
	at java_programs.FLATTEN.flatten(FLATTEN.java:26)
	at java_programs.FLATTEN.flatten(FLATTEN.java:26)
	at java_programs.FLATTEN.flatten(FLATTEN.java:26)
	at java_programs.FLATTEN.flatten(FLATTEN.java:26)
	at java_programs.FLATTEN.flatten(FLATTEN.java:26)
	at java_programs.FLATTEN.flatten(FLATTEN.java:26)
	at java_programs.FLATTEN.flatten(FLATTEN.java:26)
	at java_programs.FLATTEN.flatten(FLATTEN.java:26)
	at java_programs.FLATTEN.flatten(FLATTEN.java:26)
	at java_programs.FLATTEN.flatten(FLATTEN.java:26)
	at java_programs.FLATTEN.flatten(FLATTEN.java:26)
	at java_programs.FLATTEN.flatten(FLATTEN.java:26)
	at java_programs.FLATTEN.flatten(FLATTEN.java:26)
	at java_programs.FLATTEN.flatten(FLATTEN.java:26)
	at java_programs.FLATTEN.flatten(FLATTEN.java:26)
	at java_programs.FLATTEN.flatten(FLATTEN.java:26)
	at java_programs.FLATTEN.flatten(FLATTEN.java:26)
	at java_programs.FLATTEN.flatten(FLATTEN.java:26)
	at java_programs.FLATTEN.flatten(FLATTEN.java:26)
	at java_programs.FLATTEN.flatten(FLATTEN.java:26)
	at java_programs.FLATTEN.flatten(FLATTEN.java:26)
	at java_programs.FLATTEN.flatten(FLATTEN.java:26)
	at java_programs.FLATTEN.flatten(FLATTEN.java:26)
	at java_programs.FLATTEN.flatten(FLATTEN.java:26)
	at java_programs.FLATTEN.flatten(FLATTEN.java:26)
	at java_programs.FLATTEN.flatten(FLATTEN.java:26)
	at java_programs.FLATTEN.flatten(FLATTEN.java:26)
	at java_programs.FLATTEN.flatten(FLATTEN.java:26)
	at java_programs.FLATTEN.flatten(FLATTEN.java:26)
	at java_programs.FLATTEN.flatten(FLATTEN.java:26)
	at java_programs.FLATTEN.flatten(FLATTEN.java:26)
	at java_programs.FLATTEN.flatten(FLATTEN.java:26)
	at java_programs.FLATTEN.flatten(FLATTEN.java:26)
	at java_programs.FLATTEN.flatten(FLATTEN.java:26)
	at java_programs.FLATTEN.flatten(FLATTEN.java:26)
	at java_programs.FLATTEN.flatten(FLATTEN.java:26)
	at java_programs.FLATTEN.flatten(FLATTEN.java:26)
	at java_programs.FLATTEN.flatten(FLATTEN.java:26)
	at java_programs.FLATTEN.flatten(FLATTEN.java:26)
	at java_programs.FLATTEN.flatten(FLATTEN.java:26)
	at java_programs.FLATTEN.flatten(FLATTEN.java:26)
	at java_programs.FLATTEN.flatten(FLATTEN.java:26)
	at java_programs.FLATTEN.flatten(FLATTEN.java:26)
	at java_programs.FLATTEN.flatten(FLATTEN.java:26)
	at java_programs.FLATTEN.flatten(FLATTEN.java:26)
	at java_programs.FLATTEN.flatten(FLATTEN.java:26)
	at java_programs.FLATTEN.flatten(FLATTEN.java:26)
	at java_programs.FLATTEN.flatten(FLATTEN.java:26)
	at java_programs.FLATTEN.flatten(FLATTEN.java:26)
	at java_programs.FLATTEN.flatten(FLATTEN.java:26)
	at java_programs.FLATTEN.flatten(FLATTEN.java:26)
	at java_programs.FLATTEN.flatten(FLATTEN.java:26)
	at java_programs.FLATTEN.flatten(FLATTEN.java:26)
	at java_programs.FLATTEN.flatten(FLATTEN.java:26)
	at java_programs.FLATTEN.flatten(FLATTEN.java:26)
	at java_programs.FLATTEN.flatten(FLATTEN.java:26)
	at java_programs.FLATTEN.flatten(FLATTEN.java:26)
	at java_programs.FLATTEN.flatten(FLATTEN.java:26)
	at java_programs.FLATTEN.flatten(FLATTEN.java:26)
	at java_programs.FLATTEN.flatten(FLATTEN.java:26)
	at java_programs.FLATTEN.flatten(FLATTEN.java:26)
	at java_programs.FLATTEN.flatten(FLATTEN.java:26)
	at java_programs.FLATTEN.flatten(FLATTEN.java:26)
	at java_programs.FLATTEN.flatten(FLATTEN.java:26)
	at java_programs.FLATTEN.flatten(FLATTEN.java:26)
	at java_programs.FLATTEN.flatten(FLATTEN.java:26)
	at java_programs.FLATTEN.flatten(FLATTEN.java:26)
	at java_programs.FLATTEN.flatten(FLATTEN.java:26)
	at java_programs.FLATTEN.flatten(FLATTEN.java:26)
	at java_programs.FLATTEN.flatten(FLATTEN.java:26)
	at java_programs.FLATTEN.flatten(FLATTEN.java:26)
	at java_programs.FLATTEN.flatten(FLATTEN.java:26)
	at java_programs.FLATTEN.flatten(FLATTEN.java:26)
	at java_programs.FLATTEN.flatten(FLATTEN.java:26)
	at java_programs.FLATTEN.flatten(FLATTEN.java:26)
	at java_programs.FLATTEN.flatten(FLATTEN.java:26)
	at java_programs.FLATTEN.flatten(FLATTEN.java:26)
	at java_programs.FLATTEN.flatten(FLATTEN.java:26)
	at java_programs.FLATTEN.flatten(FLATTEN.java:26)
	at java_programs.FLATTEN.flatten(FLATTEN.java:26)
	at java_programs.FLATTEN.flatten(FLATTEN.java:26)
	at java_programs.FLATTEN.flatten(FLATTEN.java:26)
	at java_programs.FLATTEN.flatten(FLATTEN.java:26)
	at java_programs.FLATTEN.flatten(FLATTEN.java:26)
	at java_programs.FLATTEN.flatten(FLATTEN.java:26)
	at java_programs.FLATTEN.flatten(FLATTEN.java:26)
	at java_programs.FLATTEN.flatten(FLATTEN.java:26)
	at java_programs.FLATTEN.flatten(FLATTEN.java:26)
	at java_programs.FLATTEN.flatten(FLATTEN.java:26)
	at java_programs.FLATTEN.flatten(FLATTEN.java:26)
	at java_programs.FLATTEN.flatten(FLATTEN.java:26)
	at java_programs.FLATTEN.flatten(FLATTEN.java:26)
	at java_programs.FLATTEN.flatten(FLATTEN.java:26)
	at java_programs.FLATTEN.flatten(FLATTEN.java:26)
	at java_programs.FLATTEN.flatten(FLATTEN.java:26)
	at java_programs.FLATTEN.flatten(FLATTEN.java:26)
	at java_programs.FLATTEN.flatten(FLATTEN.java:26)
	at java_programs.FLATTEN.flatten(FLATTEN.java:26)
	at java_programs.FLATTEN.flatten(FLATTEN.java:26)
	at java_programs.FLATTEN.flatten(FLATTEN.java:26)
	at java_programs.FLATTEN.flatten(FLATTEN.java:26)
	at java_programs.FLATTEN.flatten(FLATTEN.java:26)
	at java_programs.FLATTEN.flatten(FLATTEN.java:26)
	at java_programs.FLATTEN.flatten(FLATTEN.java:26)
	at java_programs.FLATTEN.flatten(FLATTEN.java:26)
	at java_programs.FLATTEN.flatten(FLATTEN.java:26)
	at java_programs.FLATTEN.flatten(FLATTEN.java:26)
	at java_programs.FLATTEN.flatten(FLATTEN.java:26)
	at java_programs.FLATTEN.flatten(FLATTEN.java:26)
	at java_programs.FLATTEN.flatten(FLATTEN.java:26)
	at java_programs.FLATTEN.flatten(FLATTEN.java:26)
	at java_programs.FLATTEN.flatten(FLATTEN.java:26)
	at java_programs.FLATTEN.flatten(FLATTEN.java:26)
	at java_programs.FLATTEN.flatten(FLATTEN.java:26)
	at java_programs.FLATTEN.flatten(FLATTEN.java:26)
	at java_programs.FLATTEN.flatten(FLATTEN.java:26)
	at java_programs.FLATTEN.flatten(FLATTEN.java:26)
	at java_programs.FLATTEN.flatten(FLATTEN.java:26)
	at java_programs.FLATTEN.flatten(FLATTEN.java:26)
	at java_programs.FLATTEN.flatten(FLATTEN.java:26)
	at java_programs.FLATTEN.flatten(FLATTEN.java:26)
	at java_programs.FLATTEN.flatten(FLATTEN.java:26)
	at java_programs.FLATTEN.flatten(FLATTEN.java:26)
	at java_programs.FLATTEN.flatten(FLATTEN.java:26)
	at java_programs.FLATTEN.flatten(FLATTEN.java:26)
	at java_programs.FLATTEN.flatten(FLATTEN.java:26)
	at java_programs.FLATTEN.flatten(FLATTEN.java:26)
	at java_programs.FLATTEN.flatten(FLATTEN.java:26)
	at java_programs.FLATTEN.flatten(FLATTEN.java:26)
	at java_programs.FLATTEN.flatten(FLATTEN.java:26)
	at java_programs.FLATTEN.flatten(FLATTEN.java:26)
	at java_programs.FLATTEN.flatten(FLATTEN.java:26)
	at java_programs.FLATTEN.flatten(FLATTEN.java:26)
	at java_programs.FLATTEN.flatten(FLATTEN.java:26)
	at java_programs.FLATTEN.flatten(FLATTEN.java:26)
	at java_programs.FLATTEN.flatten(FLATTEN.java:26)
	at java_programs.FLATTEN.flatten(FLATTEN.java:26)
	at java_programs.FLATTEN.flatten(FLATTEN.java:26)
	at java_programs.FLATTEN.flatten(FLATTEN.java:26)
	at java_programs.FLATTEN.flatten(FLATTEN.java:26)
	at java_programs.FLATTEN.flatten(FLATTEN.java:26)
	at java_programs.FLATTEN.flatten(FLATTEN.java:26)
	at java_programs.FLATTEN.flatten(FLATTEN.java:26)
	at java_programs.FLATTEN.flatten(FLATTEN.java:26)
	at java_programs.FLATTEN.flatten(FLATTEN.java:26)
	at java_programs.FLATTEN.flatten(FLATTEN.java:26)
	at java_programs.FLATTEN.flatten(FLATTEN.java:26)
	at java_programs.FLATTEN.flatten(FLATTEN.java:26)
	at java_programs.FLATTEN.flatten(FLATTEN.java:26)
	at java_programs.FLATTEN.flatten(FLATTEN.java:26)
	at java_programs.FLATTEN.flatten(FLATTEN.java:26)
	at java_programs.FLATTEN.flatten(FLATTEN.java:26)
	at java_programs.FLATTEN.flatten(FLATTEN.java:26)
	at java_programs.FLATTEN.flatten(FLATTEN.java:26)
	at java_programs.FLATTEN.flatten(FLATTEN.java:26)
	at java_programs.FLATTEN.flatten(FLATTEN.java:26)
	at java_programs.FLATTEN.flatten(FLATTEN.java:26)
	at java_programs.FLATTEN.flatten(FLATTEN.java:26)
	at java_programs.FLATTEN.flatten(FLATTEN.java:26)
	at java_programs.FLATTEN.flatten(FLATTEN.java:26)
	at java_programs.FLATTEN.flatten(FLATTEN.java:26)
	at java_programs.FLATTEN.flatten(FLATTEN.java:26)
	at java_programs.FLATTEN.flatten(FLATTEN.java:26)
	at java_programs.FLATTEN.flatten(FLATTEN.java:26)
	at java_programs.FLATTEN.flatten(FLATTEN.java:26)
	at java_programs.FLATTEN.flatten(FLATTEN.java:26)
	at java_programs.FLATTEN.flatten(FLATTEN.java:26)
	at java_programs.FLATTEN.flatten(FLATTEN.java:26)
	at java_programs.FLATTEN.flatten(FLATTEN.java:26)
	at java_programs.FLATTEN.flatten(FLATTEN.java:26)
	at java_programs.FLATTEN.flatten(FLATTEN.java:26)
	at java_programs.FLATTEN.flatten(FLATTEN.java:26)
	at java_programs.FLATTEN.flatten(FLATTEN.java:26)
	at java_programs.FLATTEN.flatten(FLATTEN.java:26)
	at java_programs.FLATTEN.flatten(FLATTEN.java:26)
	at java_programs.FLATTEN.flatten(FLATTEN.java:26)
	at java_programs.FLATTEN.flatten(FLATTEN.java:26)
	at java_programs.FLATTEN.flatten(FLATTEN.java:26)
	at java_programs.FLATTEN.flatten(FLATTEN.java:26)
	at java_programs.FLATTEN.flatten(FLATTEN.java:26)
	at java_programs.FLATTEN.flatten(FLATTEN.java:26)
	at java_programs.FLATTEN.flatten(FLATTEN.java:26)
	at java_programs.FLATTEN.flatten(FLATTEN.java:26)
	at java_programs.FLATTEN.flatten(FLATTEN.java:26)
	at java_programs.FLATTEN.flatten(FLATTEN.java:26)
	at java_programs.FLATTEN.flatten(FLATTEN.java:26)
	at java_programs.FLATTEN.flatten(FLATTEN.java:26)
	at java_programs.FLATTEN.flatten(FLATTEN.java:26)
	at java_programs.FLATTEN.flatten(FLATTEN.java:26)
	at java_programs.FLATTEN.flatten(FLATTEN.java:26)
	at java_programs.FLATTEN.flatten(FLATTEN.java:26)
	at java_programs.FLATTEN.flatten(FLATTEN.java:26)
	at java_programs.FLATTEN.flatten(FLATTEN.java:26)
	at java_programs.FLATTEN.flatten(FLATTEN.java:26)
	at java_programs.FLATTEN.flatten(FLATTEN.java:26)
	at java_programs.FLATTEN.flatten(FLATTEN.java:26)
	at java_programs.FLATTEN.flatten(FLATTEN.java:26)
	at java_programs.FLATTEN.flatten(FLATTEN.java:26)
	at java_programs.FLATTEN.flatten(FLATTEN.java:26)
	at java_programs.FLATTEN.flatten(FLATTEN.java:26)
	at java_programs.FLATTEN.flatten(FLATTEN.java:26)
	at java_programs.FLATTEN.flatten(FLATTEN.java:26)
	at java_programs.FLATTEN.flatten(FLATTEN.java:26)
	at java_programs.FLATTEN.flatten(FLATTEN.java:26)
	at java_programs.FLATTEN.flatten(FLATTEN.java:26)
	at java_programs.FLATTEN.flatten(FLATTEN.java:26)
	at java_programs.FLATTEN.flatten(FLATTEN.java:26)
	at java_programs.FLATTEN.flatten(FLATTEN.java:26)
	at java_programs.FLATTEN.flatten(FLATTEN.java:26)
	at java_programs.FLATTEN.flatten(FLATTEN.java:26)
	at java_programs.FLATTEN.flatten(FLATTEN.java:26)
	at java_programs.FLATTEN.flatten(FLATTEN.java:26)
	at java_programs.FLATTEN.flatten(FLATTEN.java:26)
	at java_programs.FLATTEN.flatten(FLATTEN.java:26)
	at java_programs.FLATTEN.flatten(FLATTEN.java:26)
	at java_programs.FLATTEN.flatten(FLATTEN.java:26)
	at java_programs.FLATTEN.flatten(FLATTEN.java:26)
	at java_programs.FLATTEN.flatten(FLATTEN.java:26)
	at java_programs.FLATTEN.flatten(FLATTEN.java:26)
	at java_programs.FLATTEN.flatten(FLATTEN.java:26)
	at java_programs.FLATTEN.flatten(FLATTEN.java:26)
	at java_programs.FLATTEN.flatten(FLATTEN.java:26)
	at java_programs.FLATTEN.flatten(FLATTEN.java:26)
	at java_programs.FLATTEN.flatten(FLATTEN.java:26)
	at java_programs.FLATTEN.flatten(FLATTEN.java:26)
	at java_programs.FLATTEN.flatten(FLATTEN.java:26)
	at java_programs.FLATTEN.flatten(FLATTEN.java:26)
	at java_programs.FLATTEN.flatten(FLATTEN.java:26)
	at java_programs.FLATTEN.flatten(FLATTEN.java:26)
	at java_programs.FLATTEN.flatten(FLATTEN.java:26)
	at java_programs.FLATTEN.flatten(FLATTEN.java:26)
	at java_programs.FLATTEN.flatten(FLATTEN.java:26)
	at java_programs.FLATTEN.flatten(FLATTEN.java:26)
	at java_programs.FLATTEN.flatten(FLATTEN.java:26)
	at java_programs.FLATTEN.flatten(FLATTEN.java:26)
	at java_programs.FLATTEN.flatten(FLATTEN.java:26)
	at java_programs.FLATTEN.flatten(FLATTEN.java:26)
	at java_programs.FLATTEN.flatten(FLATTEN.java:26)
	at java_programs.FLATTEN.flatten(FLATTEN.java:26)
	at java_programs.FLATTEN.flatten(FLATTEN.java:26)
	at java_programs.FLATTEN.flatten(FLATTEN.java:26)
	at java_programs.FLATTEN.flatten(FLATTEN.java:26)
	at java_programs.FLATTEN.flatten(FLATTEN.java:26)
	at java_programs.FLATTEN.flatten(FLATTEN.java:26)
	at java_programs.FLATTEN.flatten(FLATTEN.java:26)
	at java_programs.FLATTEN.flatten(FLATTEN.java:26)
	at java_programs.FLATTEN.flatten(FLATTEN.java:26)
	at java_programs.FLATTEN.flatten(FLATTEN.java:26)
	at java_programs.FLATTEN.flatten(FLATTEN.java:26)
	at java_programs.FLATTEN.flatten(FLATTEN.java:26)
	at java_programs.FLATTEN.flatten(FLATTEN.java:26)
	at java_programs.FLATTEN.flatten(FLATTEN.java:26)
	at java_programs.FLATTEN.flatten(FLATTEN.java:26)
	at java_programs.FLATTEN.flatten(FLATTEN.java:26)
	at java_programs.FLATTEN.flatten(FLATTEN.java:26)
	at java_programs.FLATTEN.flatten(FLATTEN.java:26)
	at java_programs.FLATTEN.flatten(FLATTEN.java:26)
	at java_programs.FLATTEN.flatten(FLATTEN.java:26)
	at java_programs.FLATTEN.flatten(FLATTEN.java:26)
	at java_programs.FLATTEN.flatten(FLATTEN.java:26)
	at java_programs.FLATTEN.flatten(FLATTEN.java:26)
	at java_programs.FLATTEN.flatten(FLATTEN.java:26)
	at java_programs.FLATTEN.flatten(FLATTEN.java:26)
	at java_programs.FLATTEN.flatten(FLATTEN.java:26)
	at java_programs.FLATTEN.flatten(FLATTEN.java:26)
	at java_programs.FLATTEN.flatten(FLATTEN.java:26)
	at java_programs.FLATTEN.flatten(FLATTEN.java:26)
	at java_programs.FLATTEN.flatten(FLATTEN.java:26)
	at java_programs.FLATTEN.flatten(FLATTEN.java:26)
	at java_programs.FLATTEN.flatten(FLATTEN.java:26)
	at java_programs.FLATTEN.flatten(FLATTEN.java:26)
	at java_programs.FLATTEN.flatten(FLATTEN.java:26)
	at java_programs.FLATTEN.flatten(FLATTEN.java:26)
	at java_programs.FLATTEN.flatten(FLATTEN.java:26)
	at java_programs.FLATTEN.flatten(FLATTEN.java:26)
	at java_programs.FLATTEN.flatten(FLATTEN.java:26)
	at java_programs.FLATTEN.flatten(FLATTEN.java:26)
	at java_programs.FLATTEN.flatten(FLATTEN.java:26)
	at java_programs.FLATTEN.flatten(FLATTEN.java:26)
	at java_programs.FLATTEN.flatten(FLATTEN.java:26)
	at java_programs.FLATTEN.flatten(FLATTEN.java:26)
	at java_programs.FLATTEN.flatten(FLATTEN.java:26)
	at java_programs.FLATTEN.flatten(FLATTEN.java:26)
	at java_programs.FLATTEN.flatten(FLATTEN.java:26)
	at java_programs.FLATTEN.flatten(FLATTEN.java:26)
	at java_programs.FLATTEN.flatten(FLATTEN.java:26)
	at java_programs.FLATTEN.flatten(FLATTEN.java:26)
	at java_programs.FLATTEN.flatten(FLATTEN.java:26)
	at java_programs.FLATTEN.flatten(FLATTEN.java:26)
	at java_programs.FLATTEN.flatten(FLATTEN.java:26)
	at java_programs.FLATTEN.flatten(FLATTEN.java:26)
	at java_programs.FLATTEN.flatten(FLATTEN.java:26)
	at java_programs.FLATTEN.flatten(FLATTEN.java:26)
	at java_programs.FLATTEN.flatten(FLATTEN.java:26)
	at java_programs.FLATTEN.flatten(FLATTEN.java:26)
	at java_programs.FLATTEN.flatten(FLATTEN.java:26)
	at java_programs.FLATTEN.flatten(FLATTEN.java:26)
	at java_programs.FLATTEN.flatten(FLATTEN.java:26)
	at java_programs.FLATTEN.flatten(FLATTEN.java:26)
	at java_programs.FLATTEN.flatten(FLATTEN.java:26)
	at java_programs.FLATTEN.flatten(FLATTEN.java:26)
	at java_programs.FLATTEN.flatten(FLATTEN.java:26)
	at java_programs.FLATTEN.flatten(FLATTEN.java:26)
	at java_programs.FLATTEN.flatten(FLATTEN.java:26)
	at java_programs.FLATTEN.flatten(FLATTEN.java:26)
	at java_programs.FLATTEN.flatten(FLATTEN.java:26)
	at java_programs.FLATTEN.flatten(FLATTEN.java:26)
	at java_programs.FLATTEN.flatten(FLATTEN.java:26)
	at java_programs.FLATTEN.flatten(FLATTEN.java:26)
	at java_programs.FLATTEN.flatten(FLATTEN.java:26)
	at java_programs.FLATTEN.flatten(FLATTEN.java:26)
	at java_programs.FLATTEN.flatten(FLATTEN.java:26)
	at java_programs.FLATTEN.flatten(FLATTEN.java:26)
	at java_programs.FLATTEN.flatten(FLATTEN.java:26)
	at java_programs.FLATTEN.flatten(FLATTEN.java:26)
	at java_programs.FLATTEN.flatten(FLATTEN.java:26)
	at java_programs.FLATTEN.flatten(FLATTEN.java:26)
	at java_programs.FLATTEN.flatten(FLATTEN.java:26)
	at java_programs.FLATTEN.flatten(FLATTEN.java:26)
	at java_programs.FLATTEN.flatten(FLATTEN.java:26)
	at java_programs.FLATTEN.flatten(FLATTEN.java:26)
	at java_programs.FLATTEN.flatten(FLATTEN.java:26)
	at java_programs.FLATTEN.flatten(FLATTEN.java:26)
	at java_programs.FLATTEN.flatten(FLATTEN.java:26)
	at java_programs.FLATTEN.flatten(FLATTEN.java:26)
	at java_programs.FLATTEN.flatten(FLATTEN.java:26)
	at java_programs.FLATTEN.flatten(FLATTEN.java:26)
	at java_programs.FLATTEN.flatten(FLATTEN.java:26)
	at java_programs.FLATTEN.flatten(FLATTEN.java:26)
	at java_programs.FLATTEN.flatten(FLATTEN.java:26)
	at java_programs.FLATTEN.flatten(FLATTEN.java:26)
	at java_programs.FLATTEN.flatten(FLATTEN.java:26)
	at java_programs.FLATTEN.flatten(FLATTEN.java:26)
	at java_programs.FLATTEN.flatten(FLATTEN.java:26)
	at java_programs.FLATTEN.flatten(FLATTEN.java:26)
	at java_programs.FLATTEN.flatten(FLATTEN.java:26)
	at java_programs.FLATTEN.flatten(FLATTEN.java:26)
	at java_programs.FLATTEN.flatten(FLATTEN.java:26)
	at java_programs.FLATTEN.flatten(FLATTEN.java:26)
	at java_programs.FLATTEN.flatten(FLATTEN.java:26)
	at java_programs.FLATTEN.flatten(FLATTEN.java:26)
	at java_programs.FLATTEN.flatten(FLATTEN.java:26)
	at java_programs.FLATTEN.flatten(FLATTEN.java:26)
	at java_programs.FLATTEN.flatten(FLATTEN.java:26)
	at java_programs.FLATTEN.flatten(FLATTEN.java:26)
	at java_programs.FLATTEN.flatten(FLATTEN.java:26)
	at java_programs.FLATTEN.flatten(FLATTEN.java:26)
	at java_programs.FLATTEN.flatten(FLATTEN.java:26)
	at java_programs.FLATTEN.flatten(FLATTEN.java:26)
	at java_programs.FLATTEN.flatten(FLATTEN.java:26)
	at java_programs.FLATTEN.flatten(FLATTEN.java:26)
	at java_programs.FLATTEN.flatten(FLATTEN.java:26)
	at java_programs.FLATTEN.flatten(FLATTEN.java:26)
	at java_programs.FLATTEN.flatten(FLATTEN.java:26)
	at java_programs.FLATTEN.flatten(FLATTEN.java:26)
	at java_programs.FLATTEN.flatten(FLATTEN.java:26)
	at java_programs.FLATTEN.flatten(FLATTEN.java:26)
	at java_programs.FLATTEN.flatten(FLATTEN.java:26)
	at java_programs.FLATTEN.flatten(FLATTEN.java:26)
	at java_programs.FLATTEN.flatten(FLATTEN.java:26)
	at java_programs.FLATTEN.flatten(FLATTEN.java:26)
	at java_programs.FLATTEN.flatten(FLATTEN.java:26)
	at java_programs.FLATTEN.flatten(FLATTEN.java:26)
	at java_programs.FLATTEN.flatten(FLATTEN.java:26)
	at java_programs.FLATTEN.flatten(FLATTEN.java:26)
	at java_programs.FLATTEN.flatten(FLATTEN.java:26)
	at java_programs.FLATTEN.flatten(FLATTEN.java:26)
	at java_programs.FLATTEN.flatten(FLATTEN.java:26)
	at java_programs.FLATTEN.flatten(FLATTEN.java:26)
	at java_programs.FLATTEN.flatten(FLATTEN.java:26)
	at java_programs.FLATTEN.flatten(FLATTEN.java:26)
	at java_programs.FLATTEN.flatten(FLATTEN.java:26)
	at java_programs.FLATTEN.flatten(FLATTEN.java:26)
	at java_programs.FLATTEN.flatten(FLATTEN.java:26)
	at java_programs.FLATTEN.flatten(FLATTEN.java:26)
	at java_programs.FLATTEN.flatten(FLATTEN.java:26)
	at java_programs.FLATTEN.flatten(FLATTEN.java:26)
	at java_programs.FLATTEN.flatten(FLATTEN.java:26)
	at java_programs.FLATTEN.flatten(FLATTEN.java:26)
	at java_programs.FLATTEN.flatten(FLATTEN.java:26)
	at java_programs.FLATTEN.flatten(FLATTEN.java:26)
	at java_programs.FLATTEN.flatten(FLATTEN.java:26)
	at java_programs.FLATTEN.flatten(FLATTEN.java:26)
	at java_programs.FLATTEN.flatten(FLATTEN.java:26)
	at java_programs.FLATTEN.flatten(FLATTEN.java:26)
	at java_programs.FLATTEN.flatten(FLATTEN.java:26)
	at java_programs.FLATTEN.flatten(FLATTEN.java:26)
	at java_programs.FLATTEN.flatten(FLATTEN.java:26)
	at java_programs.FLATTEN.flatten(FLATTEN.java:26)
	at java_programs.FLATTEN.flatten(FLATTEN.java:26)
	at java_programs.FLATTEN.flatten(FLATTEN.java:26)
	at java_programs.FLATTEN.flatten(FLATTEN.java:26)
	at java_programs.FLATTEN.flatten(FLATTEN.java:26)
	at java_programs.FLATTEN.flatten(FLATTEN.java:26)
	at java_programs.FLATTEN.flatten(FLATTEN.java:26)
	at java_programs.FLATTEN.flatten(FLATTEN.java:26)
	at java_programs.FLATTEN.flatten(FLATTEN.java:26)
	at java_programs.FLATTEN.flatten(FLATTEN.java:26)
	at java_programs.FLATTEN.flatten(FLATTEN.java:26)
	at java_programs.FLATTEN.flatten(FLATTEN.java:26)
	at java_programs.FLATTEN.flatten(FLATTEN.java:26)
	at java_programs.FLATTEN.flatten(FLATTEN.java:26)
	at java_programs.FLATTEN.flatten(FLATTEN.java:26)
	at java_programs.FLATTEN.flatten(FLATTEN.java:26)
	at java_programs.FLATTEN.flatten(FLATTEN.java:26)
	at java_programs.FLATTEN.flatten(FLATTEN.java:26)
	at java_programs.FLATTEN.flatten(FLATTEN.java:26)
	at java_programs.FLATTEN.flatten(FLATTEN.java:26)
	at java_programs.FLATTEN.flatten(FLATTEN.java:26)
	at java_programs.FLATTEN.flatten(FLATTEN.java:26)
	at java_programs.FLATTEN.flatten(FLATTEN.java:26)
	at java_programs.FLATTEN.flatten(FLATTEN.java:26)
	at java_programs.FLATTEN.flatten(FLATTEN.java:26)
	at java_programs.FLATTEN.flatten(FLATTEN.java:26)
	at java_programs.FLATTEN.flatten(FLATTEN.java:26)
	at java_programs.FLATTEN.flatten(FLATTEN.java:26)
	at java_programs.FLATTEN.flatten(FLATTEN.java:26)
	at java_programs.FLATTEN.flatten(FLATTEN.java:26)
	at java_programs.FLATTEN.flatten(FLATTEN.java:26)
	at java_programs.FLATTEN.flatten(FLATTEN.java:26)
	at java_programs.FLATTEN.flatten(FLATTEN.java:26)
	at java_programs.FLATTEN.flatten(FLATTEN.java:26)
	at java_programs.FLATTEN.flatten(FLATTEN.java:26)
	at java_programs.FLATTEN.flatten(FLATTEN.java:26)
	at java_programs.FLATTEN.flatten(FLATTEN.java:26)
	at java_programs.FLATTEN.flatten(FLATTEN.java:26)
	at java_programs.FLATTEN.flatten(FLATTEN.java:26)
	at java_programs.FLATTEN.flatten(FLATTEN.java:26)
	at java_programs.FLATTEN.flatten(FLATTEN.java:26)
	at java_programs.FLATTEN.flatten(FLATTEN.java:26)
	at java_programs.FLATTEN.flatten(FLATTEN.java:26)
	at java_programs.FLATTEN.flatten(FLATTEN.java:26)
	at java_programs.FLATTEN.flatten(FLATTEN.java:26)
	at java_programs.FLATTEN.flatten(FLATTEN.java:26)
	at java_programs.FLATTEN.flatten(FLATTEN.java:26)
	at java_programs.FLATTEN.flatten(FLATTEN.java:26)
	at java_programs.FLATTEN.flatten(FLATTEN.java:26)
	at java_programs.FLATTEN.flatten(FLATTEN.java:26)
	at java_programs.FLATTEN.flatten(FLATTEN.java:26)
	at java_programs.FLATTEN.flatten(FLATTEN.java:26)
	at java_programs.FLATTEN.flatten(FLATTEN.java:26)
	at java_programs.FLATTEN.flatten(FLATTEN.java:26)
	at java_programs.FLATTEN.flatten(FLATTEN.java:26)
	at java_programs.FLATTEN.flatten(FLATTEN.java:26)
	at java_programs.FLATTEN.flatten(FLATTEN.java:26)
	at java_programs.FLATTEN.flatten(FLATTEN.java:26)
	at java_programs.FLATTEN.flatten(FLATTEN.java:26)
	at java_programs.FLATTEN.flatten(FLATTEN.java:26)
	at java_programs.FLATTEN.flatten(FLATTEN.java:26)
	at java_programs.FLATTEN.flatten(FLATTEN.java:26)
	at java_programs.FLATTEN.flatten(FLATTEN.java:26)
</failure>
  </testcase>
  <testcase name="test_4()" classname="test.java.FLATTEN_TEST" time="0.004">
    <failure message="java.lang.StackOverflowError" type="java.lang.StackOverflowError">java.lang.StackOverflowError
	at java_programs.FLATTEN.flatten(FLATTEN.java:26)
	at java_programs.FLATTEN.flatten(FLATTEN.java:26)
	at java_programs.FLATTEN.flatten(FLATTEN.java:26)
	at java_programs.FLATTEN.flatten(FLATTEN.java:26)
	at java_programs.FLATTEN.flatten(FLATTEN.java:26)
	at java_programs.FLATTEN.flatten(FLATTEN.java:26)
	at java_programs.FLATTEN.flatten(FLATTEN.java:26)
	at java_programs.FLATTEN.flatten(FLATTEN.java:26)
	at java_programs.FLATTEN.flatten(FLATTEN.java:26)
	at java_programs.FLATTEN.flatten(FLATTEN.java:26)
	at java_programs.FLATTEN.flatten(FLATTEN.java:26)
	at java_programs.FLATTEN.flatten(FLATTEN.java:26)
	at java_programs.FLATTEN.flatten(FLATTEN.java:26)
	at java_programs.FLATTEN.flatten(FLATTEN.java:26)
	at java_programs.FLATTEN.flatten(FLATTEN.java:26)
	at java_programs.FLATTEN.flatten(FLATTEN.java:26)
	at java_programs.FLATTEN.flatten(FLATTEN.java:26)
	at java_programs.FLATTEN.flatten(FLATTEN.java:26)
	at java_programs.FLATTEN.flatten(FLATTEN.java:26)
	at java_programs.FLATTEN.flatten(FLATTEN.java:26)
	at java_programs.FLATTEN.flatten(FLATTEN.java:26)
	at java_programs.FLATTEN.flatten(FLATTEN.java:26)
	at java_programs.FLATTEN.flatten(FLATTEN.java:26)
	at java_programs.FLATTEN.flatten(FLATTEN.java:26)
	at java_programs.FLATTEN.flatten(FLATTEN.java:26)
	at java_programs.FLATTEN.flatten(FLATTEN.java:26)
	at java_programs.FLATTEN.flatten(FLATTEN.java:26)
	at java_programs.FLATTEN.flatten(FLATTEN.java:26)
	at java_programs.FLATTEN.flatten(FLATTEN.java:26)
	at java_programs.FLATTEN.flatten(FLATTEN.java:26)
	at java_programs.FLATTEN.flatten(FLATTEN.java:26)
	at java_programs.FLATTEN.flatten(FLATTEN.java:26)
	at java_programs.FLATTEN.flatten(FLATTEN.java:26)
	at java_programs.FLATTEN.flatten(FLATTEN.java:26)
	at java_programs.FLATTEN.flatten(FLATTEN.java:26)
	at java_programs.FLATTEN.flatten(FLATTEN.java:26)
	at java_programs.FLATTEN.flatten(FLATTEN.java:26)
	at java_programs.FLATTEN.flatten(FLATTEN.java:26)
	at java_programs.FLATTEN.flatten(FLATTEN.java:26)
	at java_programs.FLATTEN.flatten(FLATTEN.java:26)
	at java_programs.FLATTEN.flatten(FLATTEN.java:26)
	at java_programs.FLATTEN.flatten(FLATTEN.java:26)
	at java_programs.FLATTEN.flatten(FLATTEN.java:26)
	at java_programs.FLATTEN.flatten(FLATTEN.java:26)
	at java_programs.FLATTEN.flatten(FLATTEN.java:26)
	at java_programs.FLATTEN.flatten(FLATTEN.java:26)
	at java_programs.FLATTEN.flatten(FLATTEN.java:26)
	at java_programs.FLATTEN.flatten(FLATTEN.java:26)
	at java_programs.FLATTEN.flatten(FLATTEN.java:26)
	at java_programs.FLATTEN.flatten(FLATTEN.java:26)
	at java_programs.FLATTEN.flatten(FLATTEN.java:26)
	at java_programs.FLATTEN.flatten(FLATTEN.java:26)
	at java_programs.FLATTEN.flatten(FLATTEN.java:26)
	at java_programs.FLATTEN.flatten(FLATTEN.java:26)
	at java_programs.FLATTEN.flatten(FLATTEN.java:26)
	at java_programs.FLATTEN.flatten(FLATTEN.java:26)
	at java_programs.FLATTEN.flatten(FLATTEN.java:26)
	at java_programs.FLATTEN.flatten(FLATTEN.java:26)
	at java_programs.FLATTEN.flatten(FLATTEN.java:26)
	at java_programs.FLATTEN.flatten(FLATTEN.java:26)
	at java_programs.FLATTEN.flatten(FLATTEN.java:26)
	at java_programs.FLATTEN.flatten(FLATTEN.java:26)
	at java_programs.FLATTEN.flatten(FLATTEN.java:26)
	at java_programs.FLATTEN.flatten(FLATTEN.java:26)
	at java_programs.FLATTEN.flatten(FLATTEN.java:26)
	at java_programs.FLATTEN.flatten(FLATTEN.java:26)
	at java_programs.FLATTEN.flatten(FLATTEN.java:26)
	at java_programs.FLATTEN.flatten(FLATTEN.java:26)
	at java_programs.FLATTEN.flatten(FLATTEN.java:26)
	at java_programs.FLATTEN.flatten(FLATTEN.java:26)
	at java_programs.FLATTEN.flatten(FLATTEN.java:26)
	at java_programs.FLATTEN.flatten(FLATTEN.java:26)
	at java_programs.FLATTEN.flatten(FLATTEN.java:26)
	at java_programs.FLATTEN.flatten(FLATTEN.java:26)
	at java_programs.FLATTEN.flatten(FLATTEN.java:26)
	at java_programs.FLATTEN.flatten(FLATTEN.java:26)
	at java_programs.FLATTEN.flatten(FLATTEN.java:26)
	at java_programs.FLATTEN.flatten(FLATTEN.java:26)
	at java_programs.FLATTEN.flatten(FLATTEN.java:26)
	at java_programs.FLATTEN.flatten(FLATTEN.java:26)
	at java_programs.FLATTEN.flatten(FLATTEN.java:26)
	at java_programs.FLATTEN.flatten(FLATTEN.java:26)
	at java_programs.FLATTEN.flatten(FLATTEN.java:26)
	at java_programs.FLATTEN.flatten(FLATTEN.java:26)
	at java_programs.FLATTEN.flatten(FLATTEN.java:26)
	at java_programs.FLATTEN.flatten(FLATTEN.java:26)
	at java_programs.FLATTEN.flatten(FLATTEN.java:26)
	at java_programs.FLATTEN.flatten(FLATTEN.java:26)
	at java_programs.FLATTEN.flatten(FLATTEN.java:26)
	at java_programs.FLATTEN.flatten(FLATTEN.java:26)
	at java_programs.FLATTEN.flatten(FLATTEN.java:26)
	at java_programs.FLATTEN.flatten(FLATTEN.java:26)
	at java_programs.FLATTEN.flatten(FLATTEN.java:26)
	at java_programs.FLATTEN.flatten(FLATTEN.java:26)
	at java_programs.FLATTEN.flatten(FLATTEN.java:26)
	at java_programs.FLATTEN.flatten(FLATTEN.java:26)
	at java_programs.FLATTEN.flatten(FLATTEN.java:26)
	at java_programs.FLATTEN.flatten(FLATTEN.java:26)
	at java_programs.FLATTEN.flatten(FLATTEN.java:26)
	at java_programs.FLATTEN.flatten(FLATTEN.java:26)
	at java_programs.FLATTEN.flatten(FLATTEN.java:26)
	at java_programs.FLATTEN.flatten(FLATTEN.java:26)
	at java_programs.FLATTEN.flatten(FLATTEN.java:26)
	at java_programs.FLATTEN.flatten(FLATTEN.java:26)
	at java_programs.FLATTEN.flatten(FLATTEN.java:26)
	at java_programs.FLATTEN.flatten(FLATTEN.java:26)
	at java_programs.FLATTEN.flatten(FLATTEN.java:26)
	at java_programs.FLATTEN.flatten(FLATTEN.java:26)
	at java_programs.FLATTEN.flatten(FLATTEN.java:26)
	at java_programs.FLATTEN.flatten(FLATTEN.java:26)
	at java_programs.FLATTEN.flatten(FLATTEN.java:26)
	at java_programs.FLATTEN.flatten(FLATTEN.java:26)
	at java_programs.FLATTEN.flatten(FLATTEN.java:26)
	at java_programs.FLATTEN.flatten(FLATTEN.java:26)
	at java_programs.FLATTEN.flatten(FLATTEN.java:26)
	at java_programs.FLATTEN.flatten(FLATTEN.java:26)
	at java_programs.FLATTEN.flatten(FLATTEN.java:26)
	at java_programs.FLATTEN.flatten(FLATTEN.java:26)
	at java_programs.FLATTEN.flatten(FLATTEN.java:26)
	at java_programs.FLATTEN.flatten(FLATTEN.java:26)
	at java_programs.FLATTEN.flatten(FLATTEN.java:26)
	at java_programs.FLATTEN.flatten(FLATTEN.java:26)
	at java_programs.FLATTEN.flatten(FLATTEN.java:26)
	at java_programs.FLATTEN.flatten(FLATTEN.java:26)
	at java_programs.FLATTEN.flatten(FLATTEN.java:26)
	at java_programs.FLATTEN.flatten(FLATTEN.java:26)
	at java_programs.FLATTEN.flatten(FLATTEN.java:26)
	at java_programs.FLATTEN.flatten(FLATTEN.java:26)
	at java_programs.FLATTEN.flatten(FLATTEN.java:26)
	at java_programs.FLATTEN.flatten(FLATTEN.java:26)
	at java_programs.FLATTEN.flatten(FLATTEN.java:26)
	at java_programs.FLATTEN.flatten(FLATTEN.java:26)
	at java_programs.FLATTEN.flatten(FLATTEN.java:26)
	at java_programs.FLATTEN.flatten(FLATTEN.java:26)
	at java_programs.FLATTEN.flatten(FLATTEN.java:26)
	at java_programs.FLATTEN.flatten(FLATTEN.java:26)
	at java_programs.FLATTEN.flatten(FLATTEN.java:26)
	at java_programs.FLATTEN.flatten(FLATTEN.java:26)
	at java_programs.FLATTEN.flatten(FLATTEN.java:26)
	at java_programs.FLATTEN.flatten(FLATTEN.java:26)
	at java_programs.FLATTEN.flatten(FLATTEN.java:26)
	at java_programs.FLATTEN.flatten(FLATTEN.java:26)
	at java_programs.FLATTEN.flatten(FLATTEN.java:26)
	at java_programs.FLATTEN.flatten(FLATTEN.java:26)
	at java_programs.FLATTEN.flatten(FLATTEN.java:26)
	at java_programs.FLATTEN.flatten(FLATTEN.java:26)
	at java_programs.FLATTEN.flatten(FLATTEN.java:26)
	at java_programs.FLATTEN.flatten(FLATTEN.java:26)
	at java_programs.FLATTEN.flatten(FLATTEN.java:26)
	at java_programs.FLATTEN.flatten(FLATTEN.java:26)
	at java_programs.FLATTEN.flatten(FLATTEN.java:26)
	at java_programs.FLATTEN.flatten(FLATTEN.java:26)
	at java_programs.FLATTEN.flatten(FLATTEN.java:26)
	at java_programs.FLATTEN.flatten(FLATTEN.java:26)
	at java_programs.FLATTEN.flatten(FLATTEN.java:26)
	at java_programs.FLATTEN.flatten(FLATTEN.java:26)
	at java_programs.FLATTEN.flatten(FLATTEN.java:26)
	at java_programs.FLATTEN.flatten(FLATTEN.java:26)
	at java_programs.FLATTEN.flatten(FLATTEN.java:26)
	at java_programs.FLATTEN.flatten(FLATTEN.java:26)
	at java_programs.FLATTEN.flatten(FLATTEN.java:26)
	at java_programs.FLATTEN.flatten(FLATTEN.java:26)
	at java_programs.FLATTEN.flatten(FLATTEN.java:26)
	at java_programs.FLATTEN.flatten(FLATTEN.java:26)
	at java_programs.FLATTEN.flatten(FLATTEN.java:26)
	at java_programs.FLATTEN.flatten(FLATTEN.java:26)
	at java_programs.FLATTEN.flatten(FLATTEN.java:26)
	at java_programs.FLATTEN.flatten(FLATTEN.java:26)
	at java_programs.FLATTEN.flatten(FLATTEN.java:26)
	at java_programs.FLATTEN.flatten(FLATTEN.java:26)
	at java_programs.FLATTEN.flatten(FLATTEN.java:26)
	at java_programs.FLATTEN.flatten(FLATTEN.java:26)
	at java_programs.FLATTEN.flatten(FLATTEN.java:26)
	at java_programs.FLATTEN.flatten(FLATTEN.java:26)
	at java_programs.FLATTEN.flatten(FLATTEN.java:26)
	at java_programs.FLATTEN.flatten(FLATTEN.java:26)
	at java_programs.FLATTEN.flatten(FLATTEN.java:26)
	at java_programs.FLATTEN.flatten(FLATTEN.java:26)
	at java_programs.FLATTEN.flatten(FLATTEN.java:26)
	at java_programs.FLATTEN.flatten(FLATTEN.java:26)
	at java_programs.FLATTEN.flatten(FLATTEN.java:26)
	at java_programs.FLATTEN.flatten(FLATTEN.java:26)
	at java_programs.FLATTEN.flatten(FLATTEN.java:26)
	at java_programs.FLATTEN.flatten(FLATTEN.java:26)
	at java_programs.FLATTEN.flatten(FLATTEN.java:26)
	at java_programs.FLATTEN.flatten(FLATTEN.java:26)
	at java_programs.FLATTEN.flatten(FLATTEN.java:26)
	at java_programs.FLATTEN.flatten(FLATTEN.java:26)
	at java_programs.FLATTEN.flatten(FLATTEN.java:26)
	at java_programs.FLATTEN.flatten(FLATTEN.java:26)
	at java_programs.FLATTEN.flatten(FLATTEN.java:26)
	at java_programs.FLATTEN.flatten(FLATTEN.java:26)
	at java_programs.FLATTEN.flatten(FLATTEN.java:26)
	at java_programs.FLATTEN.flatten(FLATTEN.java:26)
	at java_programs.FLATTEN.flatten(FLATTEN.java:26)
	at java_programs.FLATTEN.flatten(FLATTEN.java:26)
	at java_programs.FLATTEN.flatten(FLATTEN.java:26)
	at java_programs.FLATTEN.flatten(FLATTEN.java:26)
	at java_programs.FLATTEN.flatten(FLATTEN.java:26)
	at java_programs.FLATTEN.flatten(FLATTEN.java:26)
	at java_programs.FLATTEN.flatten(FLATTEN.java:26)
	at java_programs.FLATTEN.flatten(FLATTEN.java:26)
	at java_programs.FLATTEN.flatten(FLATTEN.java:26)
	at java_programs.FLATTEN.flatten(FLATTEN.java:26)
	at java_programs.FLATTEN.flatten(FLATTEN.java:26)
	at java_programs.FLATTEN.flatten(FLATTEN.java:26)
	at java_programs.FLATTEN.flatten(FLATTEN.java:26)
	at java_programs.FLATTEN.flatten(FLATTEN.java:26)
	at java_programs.FLATTEN.flatten(FLATTEN.java:26)
	at java_programs.FLATTEN.flatten(FLATTEN.java:26)
	at java_programs.FLATTEN.flatten(FLATTEN.java:26)
	at java_programs.FLATTEN.flatten(FLATTEN.java:26)
	at java_programs.FLATTEN.flatten(FLATTEN.java:26)
	at java_programs.FLATTEN.flatten(FLATTEN.java:26)
	at java_programs.FLATTEN.flatten(FLATTEN.java:26)
	at java_programs.FLATTEN.flatten(FLATTEN.java:26)
	at java_programs.FLATTEN.flatten(FLATTEN.java:26)
	at java_programs.FLATTEN.flatten(FLATTEN.java:26)
	at java_programs.FLATTEN.flatten(FLATTEN.java:26)
	at java_programs.FLATTEN.flatten(FLATTEN.java:26)
	at java_programs.FLATTEN.flatten(FLATTEN.java:26)
	at java_programs.FLATTEN.flatten(FLATTEN.java:26)
	at java_programs.FLATTEN.flatten(FLATTEN.java:26)
	at java_programs.FLATTEN.flatten(FLATTEN.java:26)
	at java_programs.FLATTEN.flatten(FLATTEN.java:26)
	at java_programs.FLATTEN.flatten(FLATTEN.java:26)
	at java_programs.FLATTEN.flatten(FLATTEN.java:26)
	at java_programs.FLATTEN.flatten(FLATTEN.java:26)
	at java_programs.FLATTEN.flatten(FLATTEN.java:26)
	at java_programs.FLATTEN.flatten(FLATTEN.java:26)
	at java_programs.FLATTEN.flatten(FLATTEN.java:26)
	at java_programs.FLATTEN.flatten(FLATTEN.java:26)
	at java_programs.FLATTEN.flatten(FLATTEN.java:26)
	at java_programs.FLATTEN.flatten(FLATTEN.java:26)
	at java_programs.FLATTEN.flatten(FLATTEN.java:26)
	at java_programs.FLATTEN.flatten(FLATTEN.java:26)
	at java_programs.FLATTEN.flatten(FLATTEN.java:26)
	at java_programs.FLATTEN.flatten(FLATTEN.java:26)
	at java_programs.FLATTEN.flatten(FLATTEN.java:26)
	at java_programs.FLATTEN.flatten(FLATTEN.java:26)
	at java_programs.FLATTEN.flatten(FLATTEN.java:26)
	at java_programs.FLATTEN.flatten(FLATTEN.java:26)
	at java_programs.FLATTEN.flatten(FLATTEN.java:26)
	at java_programs.FLATTEN.flatten(FLATTEN.java:26)
	at java_programs.FLATTEN.flatten(FLATTEN.java:26)
	at java_programs.FLATTEN.flatten(FLATTEN.java:26)
	at java_programs.FLATTEN.flatten(FLATTEN.java:26)
	at java_programs.FLATTEN.flatten(FLATTEN.java:26)
	at java_programs.FLATTEN.flatten(FLATTEN.java:26)
	at java_programs.FLATTEN.flatten(FLATTEN.java:26)
	at java_programs.FLATTEN.flatten(FLATTEN.java:26)
	at java_programs.FLATTEN.flatten(FLATTEN.java:26)
	at java_programs.FLATTEN.flatten(FLATTEN.java:26)
	at java_programs.FLATTEN.flatten(FLATTEN.java:26)
	at java_programs.FLATTEN.flatten(FLATTEN.java:26)
	at java_programs.FLATTEN.flatten(FLATTEN.java:26)
	at java_programs.FLATTEN.flatten(FLATTEN.java:26)
	at java_programs.FLATTEN.flatten(FLATTEN.java:26)
	at java_programs.FLATTEN.flatten(FLATTEN.java:26)
	at java_programs.FLATTEN.flatten(FLATTEN.java:26)
	at java_programs.FLATTEN.flatten(FLATTEN.java:26)
	at java_programs.FLATTEN.flatten(FLATTEN.java:26)
	at java_programs.FLATTEN.flatten(FLATTEN.java:26)
	at java_programs.FLATTEN.flatten(FLATTEN.java:26)
	at java_programs.FLATTEN.flatten(FLATTEN.java:26)
	at java_programs.FLATTEN.flatten(FLATTEN.java:26)
	at java_programs.FLATTEN.flatten(FLATTEN.java:26)
	at java_programs.FLATTEN.flatten(FLATTEN.java:26)
	at java_programs.FLATTEN.flatten(FLATTEN.java:26)
	at java_programs.FLATTEN.flatten(FLATTEN.java:26)
	at java_programs.FLATTEN.flatten(FLATTEN.java:26)
	at java_programs.FLATTEN.flatten(FLATTEN.java:26)
	at java_programs.FLATTEN.flatten(FLATTEN.java:26)
	at java_programs.FLATTEN.flatten(FLATTEN.java:26)
	at java_programs.FLATTEN.flatten(FLATTEN.java:26)
	at java_programs.FLATTEN.flatten(FLATTEN.java:26)
	at java_programs.FLATTEN.flatten(FLATTEN.java:26)
	at java_programs.FLATTEN.flatten(FLATTEN.java:26)
	at java_programs.FLATTEN.flatten(FLATTEN.java:26)
	at java_programs.FLATTEN.flatten(FLATTEN.java:26)
	at java_programs.FLATTEN.flatten(FLATTEN.java:26)
	at java_programs.FLATTEN.flatten(FLATTEN.java:26)
	at java_programs.FLATTEN.flatten(FLATTEN.java:26)
	at java_programs.FLATTEN.flatten(FLATTEN.java:26)
	at java_programs.FLATTEN.flatten(FLATTEN.java:26)
	at java_programs.FLATTEN.flatten(FLATTEN.java:26)
	at java_programs.FLATTEN.flatten(FLATTEN.java:26)
	at java_programs.FLATTEN.flatten(FLATTEN.java:26)
	at java_programs.FLATTEN.flatten(FLATTEN.java:26)
	at java_programs.FLATTEN.flatten(FLATTEN.java:26)
	at java_programs.FLATTEN.flatten(FLATTEN.java:26)
	at java_programs.FLATTEN.flatten(FLATTEN.java:26)
	at java_programs.FLATTEN.flatten(FLATTEN.java:26)
	at java_programs.FLATTEN.flatten(FLATTEN.java:26)
	at java_programs.FLATTEN.flatten(FLATTEN.java:26)
	at java_programs.FLATTEN.flatten(FLATTEN.java:26)
	at java_programs.FLATTEN.flatten(FLATTEN.java:26)
	at java_programs.FLATTEN.flatten(FLATTEN.java:26)
	at java_programs.FLATTEN.flatten(FLATTEN.java:26)
	at java_programs.FLATTEN.flatten(FLATTEN.java:26)
	at java_programs.FLATTEN.flatten(FLATTEN.java:26)
	at java_programs.FLATTEN.flatten(FLATTEN.java:26)
	at java_programs.FLATTEN.flatten(FLATTEN.java:26)
	at java_programs.FLATTEN.flatten(FLATTEN.java:26)
	at java_programs.FLATTEN.flatten(FLATTEN.java:26)
	at java_programs.FLATTEN.flatten(FLATTEN.java:26)
	at java_programs.FLATTEN.flatten(FLATTEN.java:26)
	at java_programs.FLATTEN.flatten(FLATTEN.java:26)
	at java_programs.FLATTEN.flatten(FLATTEN.java:26)
	at java_programs.FLATTEN.flatten(FLATTEN.java:26)
	at java_programs.FLATTEN.flatten(FLATTEN.java:26)
	at java_programs.FLATTEN.flatten(FLATTEN.java:26)
	at java_programs.FLATTEN.flatten(FLATTEN.java:26)
	at java_programs.FLATTEN.flatten(FLATTEN.java:26)
	at java_programs.FLATTEN.flatten(FLATTEN.java:26)
	at java_programs.FLATTEN.flatten(FLATTEN.java:26)
	at java_programs.FLATTEN.flatten(FLATTEN.java:26)
	at java_programs.FLATTEN.flatten(FLATTEN.java:26)
	at java_programs.FLATTEN.flatten(FLATTEN.java:26)
	at java_programs.FLATTEN.flatten(FLATTEN.java:26)
	at java_programs.FLATTEN.flatten(FLATTEN.java:26)
	at java_programs.FLATTEN.flatten(FLATTEN.java:26)
	at java_programs.FLATTEN.flatten(FLATTEN.java:26)
	at java_programs.FLATTEN.flatten(FLATTEN.java:26)
	at java_programs.FLATTEN.flatten(FLATTEN.java:26)
	at java_programs.FLATTEN.flatten(FLATTEN.java:26)
	at java_programs.FLATTEN.flatten(FLATTEN.java:26)
	at java_programs.FLATTEN.flatten(FLATTEN.java:26)
	at java_programs.FLATTEN.flatten(FLATTEN.java:26)
	at java_programs.FLATTEN.flatten(FLATTEN.java:26)
	at java_programs.FLATTEN.flatten(FLATTEN.java:26)
	at java_programs.FLATTEN.flatten(FLATTEN.java:26)
	at java_programs.FLATTEN.flatten(FLATTEN.java:26)
	at java_programs.FLATTEN.flatten(FLATTEN.java:26)
	at java_programs.FLATTEN.flatten(FLATTEN.java:26)
	at java_programs.FLATTEN.flatten(FLATTEN.java:26)
	at java_programs.FLATTEN.flatten(FLATTEN.java:26)
	at java_programs.FLATTEN.flatten(FLATTEN.java:26)
	at java_programs.FLATTEN.flatten(FLATTEN.java:26)
	at java_programs.FLATTEN.flatten(FLATTEN.java:26)
	at java_programs.FLATTEN.flatten(FLATTEN.java:26)
	at java_programs.FLATTEN.flatten(FLATTEN.java:26)
	at java_programs.FLATTEN.flatten(FLATTEN.java:26)
	at java_programs.FLATTEN.flatten(FLATTEN.java:26)
	at java_programs.FLATTEN.flatten(FLATTEN.java:26)
	at java_programs.FLATTEN.flatten(FLATTEN.java:26)
	at java_programs.FLATTEN.flatten(FLATTEN.java:26)
	at java_programs.FLATTEN.flatten(FLATTEN.java:26)
	at java_programs.FLATTEN.flatten(FLATTEN.java:26)
	at java_programs.FLATTEN.flatten(FLATTEN.java:26)
	at java_programs.FLATTEN.flatten(FLATTEN.java:26)
	at java_programs.FLATTEN.flatten(FLATTEN.java:26)
	at java_programs.FLATTEN.flatten(FLATTEN.java:26)
	at java_programs.FLATTEN.flatten(FLATTEN.java:26)
	at java_programs.FLATTEN.flatten(FLATTEN.java:26)
	at java_programs.FLATTEN.flatten(FLATTEN.java:26)
	at java_programs.FLATTEN.flatten(FLATTEN.java:26)
	at java_programs.FLATTEN.flatten(FLATTEN.java:26)
	at java_programs.FLATTEN.flatten(FLATTEN.java:26)
	at java_programs.FLATTEN.flatten(FLATTEN.java:26)
	at java_programs.FLATTEN.flatten(FLATTEN.java:26)
	at java_programs.FLATTEN.flatten(FLATTEN.java:26)
	at java_programs.FLATTEN.flatten(FLATTEN.java:26)
	at java_programs.FLATTEN.flatten(FLATTEN.java:26)
	at java_programs.FLATTEN.flatten(FLATTEN.java:26)
	at java_programs.FLATTEN.flatten(FLATTEN.java:26)
	at java_programs.FLATTEN.flatten(FLATTEN.java:26)
	at java_programs.FLATTEN.flatten(FLATTEN.java:26)
	at java_programs.FLATTEN.flatten(FLATTEN.java:26)
	at java_programs.FLATTEN.flatten(FLATTEN.java:26)
	at java_programs.FLATTEN.flatten(FLATTEN.java:26)
	at java_programs.FLATTEN.flatten(FLATTEN.java:26)
	at java_programs.FLATTEN.flatten(FLATTEN.java:26)
	at java_programs.FLATTEN.flatten(FLATTEN.java:26)
	at java_programs.FLATTEN.flatten(FLATTEN.java:26)
	at java_programs.FLATTEN.flatten(FLATTEN.java:26)
	at java_programs.FLATTEN.flatten(FLATTEN.java:26)
	at java_programs.FLATTEN.flatten(FLATTEN.java:26)
	at java_programs.FLATTEN.flatten(FLATTEN.java:26)
	at java_programs.FLATTEN.flatten(FLATTEN.java:26)
	at java_programs.FLATTEN.flatten(FLATTEN.java:26)
	at java_programs.FLATTEN.flatten(FLATTEN.java:26)
	at java_programs.FLATTEN.flatten(FLATTEN.java:26)
	at java_programs.FLATTEN.flatten(FLATTEN.java:26)
	at java_programs.FLATTEN.flatten(FLATTEN.java:26)
	at java_programs.FLATTEN.flatten(FLATTEN.java:26)
	at java_programs.FLATTEN.flatten(FLATTEN.java:26)
	at java_programs.FLATTEN.flatten(FLATTEN.java:26)
	at java_programs.FLATTEN.flatten(FLATTEN.java:26)
	at java_programs.FLATTEN.flatten(FLATTEN.java:26)
	at java_programs.FLATTEN.flatten(FLATTEN.java:26)
	at java_programs.FLATTEN.flatten(FLATTEN.java:26)
	at java_programs.FLATTEN.flatten(FLATTEN.java:26)
	at java_programs.FLATTEN.flatten(FLATTEN.java:26)
	at java_programs.FLATTEN.flatten(FLATTEN.java:26)
	at java_programs.FLATTEN.flatten(FLATTEN.java:26)
	at java_programs.FLATTEN.flatten(FLATTEN.java:26)
	at java_programs.FLATTEN.flatten(FLATTEN.java:26)
	at java_programs.FLATTEN.flatten(FLATTEN.java:26)
	at java_programs.FLATTEN.flatten(FLATTEN.java:26)
	at java_programs.FLATTEN.flatten(FLATTEN.java:26)
	at java_programs.FLATTEN.flatten(FLATTEN.java:26)
	at java_programs.FLATTEN.flatten(FLATTEN.java:26)
	at java_programs.FLATTEN.flatten(FLATTEN.java:26)
	at java_programs.FLATTEN.flatten(FLATTEN.java:26)
	at java_programs.FLATTEN.flatten(FLATTEN.java:26)
	at java_programs.FLATTEN.flatten(FLATTEN.java:26)
	at java_programs.FLATTEN.flatten(FLATTEN.java:26)
	at java_programs.FLATTEN.flatten(FLATTEN.java:26)
	at java_programs.FLATTEN.flatten(FLATTEN.java:26)
	at java_programs.FLATTEN.flatten(FLATTEN.java:26)
	at java_programs.FLATTEN.flatten(FLATTEN.java:26)
	at java_programs.FLATTEN.flatten(FLATTEN.java:26)
	at java_programs.FLATTEN.flatten(FLATTEN.java:26)
	at java_programs.FLATTEN.flatten(FLATTEN.java:26)
	at java_programs.FLATTEN.flatten(FLATTEN.java:26)
	at java_programs.FLATTEN.flatten(FLATTEN.java:26)
	at java_programs.FLATTEN.flatten(FLATTEN.java:26)
	at java_programs.FLATTEN.flatten(FLATTEN.java:26)
	at java_programs.FLATTEN.flatten(FLATTEN.java:26)
	at java_programs.FLATTEN.flatten(FLATTEN.java:26)
	at java_programs.FLATTEN.flatten(FLATTEN.java:26)
	at java_programs.FLATTEN.flatten(FLATTEN.java:26)
	at java_programs.FLATTEN.flatten(FLATTEN.java:26)
	at java_programs.FLATTEN.flatten(FLATTEN.java:26)
	at java_programs.FLATTEN.flatten(FLATTEN.java:26)
	at java_programs.FLATTEN.flatten(FLATTEN.java:26)
	at java_programs.FLATTEN.flatten(FLATTEN.java:26)
	at java_programs.FLATTEN.flatten(FLATTEN.java:26)
	at java_programs.FLATTEN.flatten(FLATTEN.java:26)
	at java_programs.FLATTEN.flatten(FLATTEN.java:26)
	at java_programs.FLATTEN.flatten(FLATTEN.java:26)
	at java_programs.FLATTEN.flatten(FLATTEN.java:26)
	at java_programs.FLATTEN.flatten(FLATTEN.java:26)
	at java_programs.FLATTEN.flatten(FLATTEN.java:26)
	at java_programs.FLATTEN.flatten(FLATTEN.java:26)
	at java_programs.FLATTEN.flatten(FLATTEN.java:26)
	at java_programs.FLATTEN.flatten(FLATTEN.java:26)
	at java_programs.FLATTEN.flatten(FLATTEN.java:26)
	at java_programs.FLATTEN.flatten(FLATTEN.java:26)
	at java_programs.FLATTEN.flatten(FLATTEN.java:26)
	at java_programs.FLATTEN.flatten(FLATTEN.java:26)
	at java_programs.FLATTEN.flatten(FLATTEN.java:26)
	at java_programs.FLATTEN.flatten(FLATTEN.java:26)
	at java_programs.FLATTEN.flatten(FLATTEN.java:26)
	at java_programs.FLATTEN.flatten(FLATTEN.java:26)
	at java_programs.FLATTEN.flatten(FLATTEN.java:26)
	at java_programs.FLATTEN.flatten(FLATTEN.java:26)
	at java_programs.FLATTEN.flatten(FLATTEN.java:26)
	at java_programs.FLATTEN.flatten(FLATTEN.java:26)
	at java_programs.FLATTEN.flatten(FLATTEN.java:26)
	at java_programs.FLATTEN.flatten(FLATTEN.java:26)
	at java_programs.FLATTEN.flatten(FLATTEN.java:26)
	at java_programs.FLATTEN.flatten(FLATTEN.java:26)
	at java_programs.FLATTEN.flatten(FLATTEN.java:26)
	at java_programs.FLATTEN.flatten(FLATTEN.java:26)
	at java_programs.FLATTEN.flatten(FLATTEN.java:26)
	at java_programs.FLATTEN.flatten(FLATTEN.java:26)
	at java_programs.FLATTEN.flatten(FLATTEN.java:26)
	at java_programs.FLATTEN.flatten(FLATTEN.java:26)
	at java_programs.FLATTEN.flatten(FLATTEN.java:26)
	at java_programs.FLATTEN.flatten(FLATTEN.java:26)
	at java_programs.FLATTEN.flatten(FLATTEN.java:26)
	at java_programs.FLATTEN.flatten(FLATTEN.java:26)
	at java_programs.FLATTEN.flatten(FLATTEN.java:26)
	at java_programs.FLATTEN.flatten(FLATTEN.java:26)
	at java_programs.FLATTEN.flatten(FLATTEN.java:26)
	at java_programs.FLATTEN.flatten(FLATTEN.java:26)
	at java_programs.FLATTEN.flatten(FLATTEN.java:26)
	at java_programs.FLATTEN.flatten(FLATTEN.java:26)
	at java_programs.FLATTEN.flatten(FLATTEN.java:26)
	at java_programs.FLATTEN.flatten(FLATTEN.java:26)
	at java_programs.FLATTEN.flatten(FLATTEN.java:26)
	at java_programs.FLATTEN.flatten(FLATTEN.java:26)
	at java_programs.FLATTEN.flatten(FLATTEN.java:26)
	at java_programs.FLATTEN.flatten(FLATTEN.java:26)
	at java_programs.FLATTEN.flatten(FLATTEN.java:26)
	at java_programs.FLATTEN.flatten(FLATTEN.java:26)
	at java_programs.FLATTEN.flatten(FLATTEN.java:26)
	at java_programs.FLATTEN.flatten(FLATTEN.java:26)
	at java_programs.FLATTEN.flatten(FLATTEN.java:26)
	at java_programs.FLATTEN.flatten(FLATTEN.java:26)
	at java_programs.FLATTEN.flatten(FLATTEN.java:26)
	at java_programs.FLATTEN.flatten(FLATTEN.java:26)
	at java_programs.FLATTEN.flatten(FLATTEN.java:26)
	at java_programs.FLATTEN.flatten(FLATTEN.java:26)
	at java_programs.FLATTEN.flatten(FLATTEN.java:26)
	at java_programs.FLATTEN.flatten(FLATTEN.java:26)
	at java_programs.FLATTEN.flatten(FLATTEN.java:26)
	at java_programs.FLATTEN.flatten(FLATTEN.java:26)
	at java_programs.FLATTEN.flatten(FLATTEN.java:26)
	at java_programs.FLATTEN.flatten(FLATTEN.java:26)
	at java_programs.FLATTEN.flatten(FLATTEN.java:26)
	at java_programs.FLATTEN.flatten(FLATTEN.java:26)
	at java_programs.FLATTEN.flatten(FLATTEN.java:26)
	at java_programs.FLATTEN.flatten(FLATTEN.java:26)
	at java_programs.FLATTEN.flatten(FLATTEN.java:26)
	at java_programs.FLATTEN.flatten(FLATTEN.java:26)
	at java_programs.FLATTEN.flatten(FLATTEN.java:26)
	at java_programs.FLATTEN.flatten(FLATTEN.java:26)
	at java_programs.FLATTEN.flatten(FLATTEN.java:26)
	at java_programs.FLATTEN.flatten(FLATTEN.java:26)
	at java_programs.FLATTEN.flatten(FLATTEN.java:26)
	at java_programs.FLATTEN.flatten(FLATTEN.java:26)
	at java_programs.FLATTEN.flatten(FLATTEN.java:26)
	at java_programs.FLATTEN.flatten(FLATTEN.java:26)
	at java_programs.FLATTEN.flatten(FLATTEN.java:26)
	at java_programs.FLATTEN.flatten(FLATTEN.java:26)
	at java_programs.FLATTEN.flatten(FLATTEN.java:26)
	at java_programs.FLATTEN.flatten(FLATTEN.java:26)
	at java_programs.FLATTEN.flatten(FLATTEN.java:26)
	at java_programs.FLATTEN.flatten(FLATTEN.java:26)
	at java_programs.FLATTEN.flatten(FLATTEN.java:26)
	at java_programs.FLATTEN.flatten(FLATTEN.java:26)
	at java_programs.FLATTEN.flatten(FLATTEN.java:26)
	at java_programs.FLATTEN.flatten(FLATTEN.java:26)
	at java_programs.FLATTEN.flatten(FLATTEN.java:26)
	at java_programs.FLATTEN.flatten(FLATTEN.java:26)
	at java_programs.FLATTEN.flatten(FLATTEN.java:26)
	at java_programs.FLATTEN.flatten(FLATTEN.java:26)
	at java_programs.FLATTEN.flatten(FLATTEN.java:26)
	at java_programs.FLATTEN.flatten(FLATTEN.java:26)
	at java_programs.FLATTEN.flatten(FLATTEN.java:26)
	at java_programs.FLATTEN.flatten(FLATTEN.java:26)
	at java_programs.FLATTEN.flatten(FLATTEN.java:26)
	at java_programs.FLATTEN.flatten(FLATTEN.java:26)
	at java_programs.FLATTEN.flatten(FLATTEN.java:26)
	at java_programs.FLATTEN.flatten(FLATTEN.java:26)
	at java_programs.FLATTEN.flatten(FLATTEN.java:26)
	at java_programs.FLATTEN.flatten(FLATTEN.java:26)
	at java_programs.FLATTEN.flatten(FLATTEN.java:26)
	at java_programs.FLATTEN.flatten(FLATTEN.java:26)
	at java_programs.FLATTEN.flatten(FLATTEN.java:26)
	at java_programs.FLATTEN.flatten(FLATTEN.java:26)
	at java_programs.FLATTEN.flatten(FLATTEN.java:26)
	at java_programs.FLATTEN.flatten(FLATTEN.java:26)
	at java_programs.FLATTEN.flatten(FLATTEN.java:26)
	at java_programs.FLATTEN.flatten(FLATTEN.java:26)
	at java_programs.FLATTEN.flatten(FLATTEN.java:26)
	at java_programs.FLATTEN.flatten(FLATTEN.java:26)
	at java_programs.FLATTEN.flatten(FLATTEN.java:26)
	at java_programs.FLATTEN.flatten(FLATTEN.java:26)
	at java_programs.FLATTEN.flatten(FLATTEN.java:26)
	at java_programs.FLATTEN.flatten(FLATTEN.java:26)
	at java_programs.FLATTEN.flatten(FLATTEN.java:26)
	at java_programs.FLATTEN.flatten(FLATTEN.java:26)
	at java_programs.FLATTEN.flatten(FLATTEN.java:26)
	at java_programs.FLATTEN.flatten(FLATTEN.java:26)
	at java_programs.FLATTEN.flatten(FLATTEN.java:26)
	at java_programs.FLATTEN.flatten(FLATTEN.java:26)
	at java_programs.FLATTEN.flatten(FLATTEN.java:26)
	at java_programs.FLATTEN.flatten(FLATTEN.java:26)
	at java_programs.FLATTEN.flatten(FLATTEN.java:26)
	at java_programs.FLATTEN.flatten(FLATTEN.java:26)
	at java_programs.FLATTEN.flatten(FLATTEN.java:26)
	at java_programs.FLATTEN.flatten(FLATTEN.java:26)
	at java_programs.FLATTEN.flatten(FLATTEN.java:26)
	at java_programs.FLATTEN.flatten(FLATTEN.java:26)
	at java_programs.FLATTEN.flatten(FLATTEN.java:26)
	at java_programs.FLATTEN.flatten(FLATTEN.java:26)
	at java_programs.FLATTEN.flatten(FLATTEN.java:26)
	at java_programs.FLATTEN.flatten(FLATTEN.java:26)
	at java_programs.FLATTEN.flatten(FLATTEN.java:26)
	at java_programs.FLATTEN.flatten(FLATTEN.java:26)
	at java_programs.FLATTEN.flatten(FLATTEN.java:26)
	at java_programs.FLATTEN.flatten(FLATTEN.java:26)
	at java_programs.FLATTEN.flatten(FLATTEN.java:26)
	at java_programs.FLATTEN.flatten(FLATTEN.java:26)
	at java_programs.FLATTEN.flatten(FLATTEN.java:26)
	at java_programs.FLATTEN.flatten(FLATTEN.java:26)
	at java_programs.FLATTEN.flatten(FLATTEN.java:26)
	at java_programs.FLATTEN.flatten(FLATTEN.java:26)
	at java_programs.FLATTEN.flatten(FLATTEN.java:26)
	at java_programs.FLATTEN.flatten(FLATTEN.java:26)
	at java_programs.FLATTEN.flatten(FLATTEN.java:26)
	at java_programs.FLATTEN.flatten(FLATTEN.java:26)
	at java_programs.FLATTEN.flatten(FLATTEN.java:26)
	at java_programs.FLATTEN.flatten(FLATTEN.java:26)
	at java_programs.FLATTEN.flatten(FLATTEN.java:26)
	at java_programs.FLATTEN.flatten(FLATTEN.java:26)
	at java_programs.FLATTEN.flatten(FLATTEN.java:26)
	at java_programs.FLATTEN.flatten(FLATTEN.java:26)
	at java_programs.FLATTEN.flatten(FLATTEN.java:26)
	at java_programs.FLATTEN.flatten(FLATTEN.java:26)
	at java_programs.FLATTEN.flatten(FLATTEN.java:26)
	at java_programs.FLATTEN.flatten(FLATTEN.java:26)
	at java_programs.FLATTEN.flatten(FLATTEN.java:26)
	at java_programs.FLATTEN.flatten(FLATTEN.java:26)
	at java_programs.FLATTEN.flatten(FLATTEN.java:26)
	at java_programs.FLATTEN.flatten(FLATTEN.java:26)
	at java_programs.FLATTEN.flatten(FLATTEN.java:26)
	at java_programs.FLATTEN.flatten(FLATTEN.java:26)
	at java_programs.FLATTEN.flatten(FLATTEN.java:26)
	at java_programs.FLATTEN.flatten(FLATTEN.java:26)
	at java_programs.FLATTEN.flatten(FLATTEN.java:26)
	at java_programs.FLATTEN.flatten(FLATTEN.java:26)
	at java_programs.FLATTEN.flatten(FLATTEN.java:26)
	at java_programs.FLATTEN.flatten(FLATTEN.java:26)
	at java_programs.FLATTEN.flatten(FLATTEN.java:26)
	at java_programs.FLATTEN.flatten(FLATTEN.java:26)
	at java_programs.FLATTEN.flatten(FLATTEN.java:26)
	at java_programs.FLATTEN.flatten(FLATTEN.java:26)
	at java_programs.FLATTEN.flatten(FLATTEN.java:26)
	at java_programs.FLATTEN.flatten(FLATTEN.java:26)
	at java_programs.FLATTEN.flatten(FLATTEN.java:26)
	at java_programs.FLATTEN.flatten(FLATTEN.java:26)
	at java_programs.FLATTEN.flatten(FLATTEN.java:26)
	at java_programs.FLATTEN.flatten(FLATTEN.java:26)
	at java_programs.FLATTEN.flatten(FLATTEN.java:26)
	at java_programs.FLATTEN.flatten(FLATTEN.java:26)
	at java_programs.FLATTEN.flatten(FLATTEN.java:26)
	at java_programs.FLATTEN.flatten(FLATTEN.java:26)
	at java_programs.FLATTEN.flatten(FLATTEN.java:26)
	at java_programs.FLATTEN.flatten(FLATTEN.java:26)
	at java_programs.FLATTEN.flatten(FLATTEN.java:26)
	at java_programs.FLATTEN.flatten(FLATTEN.java:26)
	at java_programs.FLATTEN.flatten(FLATTEN.java:26)
	at java_programs.FLATTEN.flatten(FLATTEN.java:26)
	at java_programs.FLATTEN.flatten(FLATTEN.java:26)
	at java_programs.FLATTEN.flatten(FLATTEN.java:26)
	at java_programs.FLATTEN.flatten(FLATTEN.java:26)
	at java_programs.FLATTEN.flatten(FLATTEN.java:26)
	at java_programs.FLATTEN.flatten(FLATTEN.java:26)
	at java_programs.FLATTEN.flatten(FLATTEN.java:26)
	at java_programs.FLATTEN.flatten(FLATTEN.java:26)
	at java_programs.FLATTEN.flatten(FLATTEN.java:26)
	at java_programs.FLATTEN.flatten(FLATTEN.java:26)
	at java_programs.FLATTEN.flatten(FLATTEN.java:26)
	at java_programs.FLATTEN.flatten(FLATTEN.java:26)
	at java_programs.FLATTEN.flatten(FLATTEN.java:26)
	at java_programs.FLATTEN.flatten(FLATTEN.java:26)
	at java_programs.FLATTEN.flatten(FLATTEN.java:26)
	at java_programs.FLATTEN.flatten(FLATTEN.java:26)
	at java_programs.FLATTEN.flatten(FLATTEN.java:26)
	at java_programs.FLATTEN.flatten(FLATTEN.java:26)
	at java_programs.FLATTEN.flatten(FLATTEN.java:26)
	at java_programs.FLATTEN.flatten(FLATTEN.java:26)
	at java_programs.FLATTEN.flatten(FLATTEN.java:26)
	at java_programs.FLATTEN.flatten(FLATTEN.java:26)
	at java_programs.FLATTEN.flatten(FLATTEN.java:26)
	at java_programs.FLATTEN.flatten(FLATTEN.java:26)
	at java_programs.FLATTEN.flatten(FLATTEN.java:26)
	at java_programs.FLATTEN.flatten(FLATTEN.java:26)
	at java_programs.FLATTEN.flatten(FLATTEN.java:26)
	at java_programs.FLATTEN.flatten(FLATTEN.java:26)
	at java_programs.FLATTEN.flatten(FLATTEN.java:26)
	at java_programs.FLATTEN.flatten(FLATTEN.java:26)
	at java_programs.FLATTEN.flatten(FLATTEN.java:26)
	at java_programs.FLATTEN.flatten(FLATTEN.java:26)
	at java_programs.FLATTEN.flatten(FLATTEN.java:26)
	at java_programs.FLATTEN.flatten(FLATTEN.java:26)
	at java_programs.FLATTEN.flatten(FLATTEN.java:26)
	at java_programs.FLATTEN.flatten(FLATTEN.java:26)
	at java_programs.FLATTEN.flatten(FLATTEN.java:26)
	at java_programs.FLATTEN.flatten(FLATTEN.java:26)
	at java_programs.FLATTEN.flatten(FLATTEN.java:26)
	at java_programs.FLATTEN.flatten(FLATTEN.java:26)
	at java_programs.FLATTEN.flatten(FLATTEN.java:26)
	at java_programs.FLATTEN.flatten(FLATTEN.java:26)
	at java_programs.FLATTEN.flatten(FLATTEN.java:26)
	at java_programs.FLATTEN.flatten(FLATTEN.java:26)
	at java_programs.FLATTEN.flatten(FLATTEN.java:26)
	at java_programs.FLATTEN.flatten(FLATTEN.java:26)
	at java_programs.FLATTEN.flatten(FLATTEN.java:26)
	at java_programs.FLATTEN.flatten(FLATTEN.java:26)
	at java_programs.FLATTEN.flatten(FLATTEN.java:26)
	at java_programs.FLATTEN.flatten(FLATTEN.java:26)
	at java_programs.FLATTEN.flatten(FLATTEN.java:26)
	at java_programs.FLATTEN.flatten(FLATTEN.java:26)
	at java_programs.FLATTEN.flatten(FLATTEN.java:26)
	at java_programs.FLATTEN.flatten(FLATTEN.java:26)
	at java_programs.FLATTEN.flatten(FLATTEN.java:26)
	at java_programs.FLATTEN.flatten(FLATTEN.java:26)
	at java_programs.FLATTEN.flatten(FLATTEN.java:26)
	at java_programs.FLATTEN.flatten(FLATTEN.java:26)
	at java_programs.FLATTEN.flatten(FLATTEN.java:26)
	at java_programs.FLATTEN.flatten(FLATTEN.java:26)
	at java_programs.FLATTEN.flatten(FLATTEN.java:26)
	at java_programs.FLATTEN.flatten(FLATTEN.java:26)
	at java_programs.FLATTEN.flatten(FLATTEN.java:26)
	at java_programs.FLATTEN.flatten(FLATTEN.java:26)
	at java_programs.FLATTEN.flatten(FLATTEN.java:26)
	at java_programs.FLATTEN.flatten(FLATTEN.java:26)
	at java_programs.FLATTEN.flatten(FLATTEN.java:26)
	at java_programs.FLATTEN.flatten(FLATTEN.java:26)
	at java_programs.FLATTEN.flatten(FLATTEN.java:26)
	at java_programs.FLATTEN.flatten(FLATTEN.java:26)
	at java_programs.FLATTEN.flatten(FLATTEN.java:26)
	at java_programs.FLATTEN.flatten(FLATTEN.java:26)
	at java_programs.FLATTEN.flatten(FLATTEN.java:26)
	at java_programs.FLATTEN.flatten(FLATTEN.java:26)
	at java_programs.FLATTEN.flatten(FLATTEN.java:26)
	at java_programs.FLATTEN.flatten(FLATTEN.java:26)
	at java_programs.FLATTEN.flatten(FLATTEN.java:26)
	at java_programs.FLATTEN.flatten(FLATTEN.java:26)
	at java_programs.FLATTEN.flatten(FLATTEN.java:26)
	at java_programs.FLATTEN.flatten(FLATTEN.java:26)
	at java_programs.FLATTEN.flatten(FLATTEN.java:26)
	at java_programs.FLATTEN.flatten(FLATTEN.java:26)
	at java_programs.FLATTEN.flatten(FLATTEN.java:26)
	at java_programs.FLATTEN.flatten(FLATTEN.java:26)
	at java_programs.FLATTEN.flatten(FLATTEN.java:26)
	at java_programs.FLATTEN.flatten(FLATTEN.java:26)
	at java_programs.FLATTEN.flatten(FLATTEN.java:26)
	at java_programs.FLATTEN.flatten(FLATTEN.java:26)
	at java_programs.FLATTEN.flatten(FLATTEN.java:26)
	at java_programs.FLATTEN.flatten(FLATTEN.java:26)
	at java_programs.FLATTEN.flatten(FLATTEN.java:26)
	at java_programs.FLATTEN.flatten(FLATTEN.java:26)
	at java_programs.FLATTEN.flatten(FLATTEN.java:26)
	at java_programs.FLATTEN.flatten(FLATTEN.java:26)
	at java_programs.FLATTEN.flatten(FLATTEN.java:26)
	at java_programs.FLATTEN.flatten(FLATTEN.java:26)
	at java_programs.FLATTEN.flatten(FLATTEN.java:26)
	at java_programs.FLATTEN.flatten(FLATTEN.java:26)
	at java_programs.FLATTEN.flatten(FLATTEN.java:26)
	at java_programs.FLATTEN.flatten(FLATTEN.java:26)
	at java_programs.FLATTEN.flatten(FLATTEN.java:26)
	at java_programs.FLATTEN.flatten(FLATTEN.java:26)
	at java_programs.FLATTEN.flatten(FLATTEN.java:26)
	at java_programs.FLATTEN.flatten(FLATTEN.java:26)
	at java_programs.FLATTEN.flatten(FLATTEN.java:26)
	at java_programs.FLATTEN.flatten(FLATTEN.java:26)
	at java_programs.FLATTEN.flatten(FLATTEN.java:26)
	at java_programs.FLATTEN.flatten(FLATTEN.java:26)
	at java_programs.FLATTEN.flatten(FLATTEN.java:26)
	at java_programs.FLATTEN.flatten(FLATTEN.java:26)
	at java_programs.FLATTEN.flatten(FLATTEN.java:26)
	at java_programs.FLATTEN.flatten(FLATTEN.java:26)
	at java_programs.FLATTEN.flatten(FLATTEN.java:26)
	at java_programs.FLATTEN.flatten(FLATTEN.java:26)
	at java_programs.FLATTEN.flatten(FLATTEN.java:26)
	at java_programs.FLATTEN.flatten(FLATTEN.java:26)
	at java_programs.FLATTEN.flatten(FLATTEN.java:26)
	at java_programs.FLATTEN.flatten(FLATTEN.java:26)
	at java_programs.FLATTEN.flatten(FLATTEN.java:26)
	at java_programs.FLATTEN.flatten(FLATTEN.java:26)
	at java_programs.FLATTEN.flatten(FLATTEN.java:26)
	at java_programs.FLATTEN.flatten(FLATTEN.java:26)
	at java_programs.FLATTEN.flatten(FLATTEN.java:26)
	at java_programs.FLATTEN.flatten(FLATTEN.java:26)
	at java_programs.FLATTEN.flatten(FLATTEN.java:26)
	at java_programs.FLATTEN.flatten(FLATTEN.java:26)
	at java_programs.FLATTEN.flatten(FLATTEN.java:26)
	at java_programs.FLATTEN.flatten(FLATTEN.java:26)
	at java_programs.FLATTEN.flatten(FLATTEN.java:26)
	at java_programs.FLATTEN.flatten(FLATTEN.java:26)
	at java_programs.FLATTEN.flatten(FLATTEN.java:26)
	at java_programs.FLATTEN.flatten(FLATTEN.java:26)
	at java_programs.FLATTEN.flatten(FLATTEN.java:26)
	at java_programs.FLATTEN.flatten(FLATTEN.java:26)
	at java_programs.FLATTEN.flatten(FLATTEN.java:26)
	at java_programs.FLATTEN.flatten(FLATTEN.java:26)
	at java_programs.FLATTEN.flatten(FLATTEN.java:26)
	at java_programs.FLATTEN.flatten(FLATTEN.java:26)
	at java_programs.FLATTEN.flatten(FLATTEN.java:26)
	at java_programs.FLATTEN.flatten(FLATTEN.java:26)
	at java_programs.FLATTEN.flatten(FLATTEN.java:26)
	at java_programs.FLATTEN.flatten(FLATTEN.java:26)
	at java_programs.FLATTEN.flatten(FLATTEN.java:26)
	at java_programs.FLATTEN.flatten(FLATTEN.java:26)
	at java_programs.FLATTEN.flatten(FLATTEN.java:26)
	at java_programs.FLATTEN.flatten(FLATTEN.java:26)
	at java_programs.FLATTEN.flatten(FLATTEN.java:26)
	at java_programs.FLATTEN.flatten(FLATTEN.java:26)
	at java_programs.FLATTEN.flatten(FLATTEN.java:26)
	at java_programs.FLATTEN.flatten(FLATTEN.java:26)
	at java_programs.FLATTEN.flatten(FLATTEN.java:26)
	at java_programs.FLATTEN.flatten(FLATTEN.java:26)
	at java_programs.FLATTEN.flatten(FLATTEN.java:26)
	at java_programs.FLATTEN.flatten(FLATTEN.java:26)
	at java_programs.FLATTEN.flatten(FLATTEN.java:26)
	at java_programs.FLATTEN.flatten(FLATTEN.java:26)
	at java_programs.FLATTEN.flatten(FLATTEN.java:26)
	at java_programs.FLATTEN.flatten(FLATTEN.java:26)
	at java_programs.FLATTEN.flatten(FLATTEN.java:26)
	at java_programs.FLATTEN.flatten(FLATTEN.java:26)
	at java_programs.FLATTEN.flatten(FLATTEN.java:26)
	at java_programs.FLATTEN.flatten(FLATTEN.java:26)
	at java_programs.FLATTEN.flatten(FLATTEN.java:26)
	at java_programs.FLATTEN.flatten(FLATTEN.java:26)
	at java_programs.FLATTEN.flatten(FLATTEN.java:26)
	at java_programs.FLATTEN.flatten(FLATTEN.java:26)
	at java_programs.FLATTEN.flatten(FLATTEN.java:26)
	at java_programs.FLATTEN.flatten(FLATTEN.java:26)
	at java_programs.FLATTEN.flatten(FLATTEN.java:26)
	at java_programs.FLATTEN.flatten(FLATTEN.java:26)
	at java_programs.FLATTEN.flatten(FLATTEN.java:26)
	at java_programs.FLATTEN.flatten(FLATTEN.java:26)
	at java_programs.FLATTEN.flatten(FLATTEN.java:26)
	at java_programs.FLATTEN.flatten(FLATTEN.java:26)
	at java_programs.FLATTEN.flatten(FLATTEN.java:26)
	at java_programs.FLATTEN.flatten(FLATTEN.java:26)
	at java_programs.FLATTEN.flatten(FLATTEN.java:26)
	at java_programs.FLATTEN.flatten(FLATTEN.java:26)
	at java_programs.FLATTEN.flatten(FLATTEN.java:26)
	at java_programs.FLATTEN.flatten(FLATTEN.java:26)
	at java_programs.FLATTEN.flatten(FLATTEN.java:26)
	at java_programs.FLATTEN.flatten(FLATTEN.java:26)
	at java_programs.FLATTEN.flatten(FLATTEN.java:26)
	at java_programs.FLATTEN.flatten(FLATTEN.java:26)
	at java_programs.FLATTEN.flatten(FLATTEN.java:26)
	at java_programs.FLATTEN.flatten(FLATTEN.java:26)
	at java_programs.FLATTEN.flatten(FLATTEN.java:26)
	at java_programs.FLATTEN.flatten(FLATTEN.java:26)
	at java_programs.FLATTEN.flatten(FLATTEN.java:26)
	at java_programs.FLATTEN.flatten(FLATTEN.java:26)
	at java_programs.FLATTEN.flatten(FLATTEN.java:26)
	at java_programs.FLATTEN.flatten(FLATTEN.java:26)
	at java_programs.FLATTEN.flatten(FLATTEN.java:26)
	at java_programs.FLATTEN.flatten(FLATTEN.java:26)
	at java_programs.FLATTEN.flatten(FLATTEN.java:26)
	at java_programs.FLATTEN.flatten(FLATTEN.java:26)
	at java_programs.FLATTEN.flatten(FLATTEN.java:26)
	at java_programs.FLATTEN.flatten(FLATTEN.java:26)
	at java_programs.FLATTEN.flatten(FLATTEN.java:26)
	at java_programs.FLATTEN.flatten(FLATTEN.java:26)
	at java_programs.FLATTEN.flatten(FLATTEN.java:26)
	at java_programs.FLATTEN.flatten(FLATTEN.java:26)
	at java_programs.FLATTEN.flatten(FLATTEN.java:26)
	at java_programs.FLATTEN.flatten(FLATTEN.java:26)
	at java_programs.FLATTEN.flatten(FLATTEN.java:26)
	at java_programs.FLATTEN.flatten(FLATTEN.java:26)
	at java_programs.FLATTEN.flatten(FLATTEN.java:26)
	at java_programs.FLATTEN.flatten(FLATTEN.java:26)
	at java_programs.FLATTEN.flatten(FLATTEN.java:26)
	at java_programs.FLATTEN.flatten(FLATTEN.java:26)
	at java_programs.FLATTEN.flatten(FLATTEN.java:26)
	at java_programs.FLATTEN.flatten(FLATTEN.java:26)
	at java_programs.FLATTEN.flatten(FLATTEN.java:26)
	at java_programs.FLATTEN.flatten(FLATTEN.java:26)
	at java_programs.FLATTEN.flatten(FLATTEN.java:26)
	at java_programs.FLATTEN.flatten(FLATTEN.java:26)
	at java_programs.FLATTEN.flatten(FLATTEN.java:26)
	at java_programs.FLATTEN.flatten(FLATTEN.java:26)
	at java_programs.FLATTEN.flatten(FLATTEN.java:26)
	at java_programs.FLATTEN.flatten(FLATTEN.java:26)
	at java_programs.FLATTEN.flatten(FLATTEN.java:26)
	at java_programs.FLATTEN.flatten(FLATTEN.java:26)
	at java_programs.FLATTEN.flatten(FLATTEN.java:26)
	at java_programs.FLATTEN.flatten(FLATTEN.java:26)
	at java_programs.FLATTEN.flatten(FLATTEN.java:26)
	at java_programs.FLATTEN.flatten(FLATTEN.java:26)
	at java_programs.FLATTEN.flatten(FLATTEN.java:26)
	at java_programs.FLATTEN.flatten(FLATTEN.java:26)
	at java_programs.FLATTEN.flatten(FLATTEN.java:26)
	at java_programs.FLATTEN.flatten(FLATTEN.java:26)
	at java_programs.FLATTEN.flatten(FLATTEN.java:26)
	at java_programs.FLATTEN.flatten(FLATTEN.java:26)
	at java_programs.FLATTEN.flatten(FLATTEN.java:26)
	at java_programs.FLATTEN.flatten(FLATTEN.java:26)
	at java_programs.FLATTEN.flatten(FLATTEN.java:26)
	at java_programs.FLATTEN.flatten(FLATTEN.java:26)
	at java_programs.FLATTEN.flatten(FLATTEN.java:26)
	at java_programs.FLATTEN.flatten(FLATTEN.java:26)
	at java_programs.FLATTEN.flatten(FLATTEN.java:26)
	at java_programs.FLATTEN.flatten(FLATTEN.java:26)
	at java_programs.FLATTEN.flatten(FLATTEN.java:26)
	at java_programs.FLATTEN.flatten(FLATTEN.java:26)
	at java_programs.FLATTEN.flatten(FLATTEN.java:26)
	at java_programs.FLATTEN.flatten(FLATTEN.java:26)
	at java_programs.FLATTEN.flatten(FLATTEN.java:26)
	at java_programs.FLATTEN.flatten(FLATTEN.java:26)
	at java_programs.FLATTEN.flatten(FLATTEN.java:26)
	at java_programs.FLATTEN.flatten(FLATTEN.java:26)
	at java_programs.FLATTEN.flatten(FLATTEN.java:26)
	at java_programs.FLATTEN.flatten(FLATTEN.java:26)
	at java_programs.FLATTEN.flatten(FLATTEN.java:26)
	at java_programs.FLATTEN.flatten(FLATTEN.java:26)
	at java_programs.FLATTEN.flatten(FLATTEN.java:26)
	at java_programs.FLATTEN.flatten(FLATTEN.java:26)
	at java_programs.FLATTEN.flatten(FLATTEN.java:26)
	at java_programs.FLATTEN.flatten(FLATTEN.java:26)
	at java_programs.FLATTEN.flatten(FLATTEN.java:26)
	at java_programs.FLATTEN.flatten(FLATTEN.java:26)
	at java_programs.FLATTEN.flatten(FLATTEN.java:26)
	at java_programs.FLATTEN.flatten(FLATTEN.java:26)
	at java_programs.FLATTEN.flatten(FLATTEN.java:26)
	at java_programs.FLATTEN.flatten(FLATTEN.java:26)
	at java_programs.FLATTEN.flatten(FLATTEN.java:26)
	at java_programs.FLATTEN.flatten(FLATTEN.java:26)
	at java_programs.FLATTEN.flatten(FLATTEN.java:26)
	at java_programs.FLATTEN.flatten(FLATTEN.java:26)
	at java_programs.FLATTEN.flatten(FLATTEN.java:26)
	at java_programs.FLATTEN.flatten(FLATTEN.java:26)
	at java_programs.FLATTEN.flatten(FLATTEN.java:26)
	at java_programs.FLATTEN.flatten(FLATTEN.java:26)
	at java_programs.FLATTEN.flatten(FLATTEN.java:26)
	at java_programs.FLATTEN.flatten(FLATTEN.java:26)
	at java_programs.FLATTEN.flatten(FLATTEN.java:26)
	at java_programs.FLATTEN.flatten(FLATTEN.java:26)
	at java_programs.FLATTEN.flatten(FLATTEN.java:26)
	at java_programs.FLATTEN.flatten(FLATTEN.java:26)
	at java_programs.FLATTEN.flatten(FLATTEN.java:26)
	at java_programs.FLATTEN.flatten(FLATTEN.java:26)
	at java_programs.FLATTEN.flatten(FLATTEN.java:26)
	at java_programs.FLATTEN.flatten(FLATTEN.java:26)
	at java_programs.FLATTEN.flatten(FLATTEN.java:26)
	at java_programs.FLATTEN.flatten(FLATTEN.java:26)
	at java_programs.FLATTEN.flatten(FLATTEN.java:26)
	at java_programs.FLATTEN.flatten(FLATTEN.java:26)
	at java_programs.FLATTEN.flatten(FLATTEN.java:26)
	at java_programs.FLATTEN.flatten(FLATTEN.java:26)
	at java_programs.FLATTEN.flatten(FLATTEN.java:26)
	at java_programs.FLATTEN.flatten(FLATTEN.java:26)
	at java_programs.FLATTEN.flatten(FLATTEN.java:26)
	at java_programs.FLATTEN.flatten(FLATTEN.java:26)
	at java_programs.FLATTEN.flatten(FLATTEN.java:26)
	at java_programs.FLATTEN.flatten(FLATTEN.java:26)
	at java_programs.FLATTEN.flatten(FLATTEN.java:26)
	at java_programs.FLATTEN.flatten(FLATTEN.java:26)
	at java_programs.FLATTEN.flatten(FLATTEN.java:26)
	at java_programs.FLATTEN.flatten(FLATTEN.java:26)
	at java_programs.FLATTEN.flatten(FLATTEN.java:26)
	at java_programs.FLATTEN.flatten(FLATTEN.java:26)
	at java_programs.FLATTEN.flatten(FLATTEN.java:26)
	at java_programs.FLATTEN.flatten(FLATTEN.java:26)
	at java_programs.FLATTEN.flatten(FLATTEN.java:26)
	at java_programs.FLATTEN.flatten(FLATTEN.java:26)
	at java_programs.FLATTEN.flatten(FLATTEN.java:26)
	at java_programs.FLATTEN.flatten(FLATTEN.java:26)
	at java_programs.FLATTEN.flatten(FLATTEN.java:26)
	at java_programs.FLATTEN.flatten(FLATTEN.java:26)
	at java_programs.FLATTEN.flatten(FLATTEN.java:26)
	at java_programs.FLATTEN.flatten(FLATTEN.java:26)
	at java_programs.FLATTEN.flatten(FLATTEN.java:26)
	at java_programs.FLATTEN.flatten(FLATTEN.java:26)
	at java_programs.FLATTEN.flatten(FLATTEN.java:26)
	at java_programs.FLATTEN.flatten(FLATTEN.java:26)
	at java_programs.FLATTEN.flatten(FLATTEN.java:26)
	at java_programs.FLATTEN.flatten(FLATTEN.java:26)
	at java_programs.FLATTEN.flatten(FLATTEN.java:26)
	at java_programs.FLATTEN.flatten(FLATTEN.java:26)
	at java_programs.FLATTEN.flatten(FLATTEN.java:26)
	at java_programs.FLATTEN.flatten(FLATTEN.java:26)
	at java_programs.FLATTEN.flatten(FLATTEN.java:26)
	at java_programs.FLATTEN.flatten(FLATTEN.java:26)
	at java_programs.FLATTEN.flatten(FLATTEN.java:26)
	at java_programs.FLATTEN.flatten(FLATTEN.java:26)
	at java_programs.FLATTEN.flatten(FLATTEN.java:26)
	at java_programs.FLATTEN.flatten(FLATTEN.java:26)
	at java_programs.FLATTEN.flatten(FLATTEN.java:26)
	at java_programs.FLATTEN.flatten(FLATTEN.java:26)
	at java_programs.FLATTEN.flatten(FLATTEN.java:26)
	at java_programs.FLATTEN.flatten(FLATTEN.java:26)
	at java_programs.FLATTEN.flatten(FLATTEN.java:26)
	at java_programs.FLATTEN.flatten(FLATTEN.java:26)
	at java_programs.FLATTEN.flatten(FLATTEN.java:26)
	at java_programs.FLATTEN.flatten(FLATTEN.java:26)
	at java_programs.FLATTEN.flatten(FLATTEN.java:26)
	at java_programs.FLATTEN.flatten(FLATTEN.java:26)
	at java_programs.FLATTEN.flatten(FLATTEN.java:26)
	at java_programs.FLATTEN.flatten(FLATTEN.java:26)
	at java_programs.FLATTEN.flatten(FLATTEN.java:26)
	at java_programs.FLATTEN.flatten(FLATTEN.java:26)
	at java_programs.FLATTEN.flatten(FLATTEN.java:26)
	at java_programs.FLATTEN.flatten(FLATTEN.java:26)
	at java_programs.FLATTEN.flatten(FLATTEN.java:26)
	at java_programs.FLATTEN.flatten(FLATTEN.java:26)
	at java_programs.FLATTEN.flatten(FLATTEN.java:26)
	at java_programs.FLATTEN.flatten(FLATTEN.java:26)
	at java_programs.FLATTEN.flatten(FLATTEN.java:26)
	at java_programs.FLATTEN.flatten(FLATTEN.java:26)
	at java_programs.FLATTEN.flatten(FLATTEN.java:26)
	at java_programs.FLATTEN.flatten(FLATTEN.java:26)
	at java_programs.FLATTEN.flatten(FLATTEN.java:26)
	at java_programs.FLATTEN.flatten(FLATTEN.java:26)
	at java_programs.FLATTEN.flatten(FLATTEN.java:26)
	at java_programs.FLATTEN.flatten(FLATTEN.java:26)
	at java_programs.FLATTEN.flatten(FLATTEN.java:26)
	at java_programs.FLATTEN.flatten(FLATTEN.java:26)
	at java_programs.FLATTEN.flatten(FLATTEN.java:26)
	at java_programs.FLATTEN.flatten(FLATTEN.java:26)
	at java_programs.FLATTEN.flatten(FLATTEN.java:26)
	at java_programs.FLATTEN.flatten(FLATTEN.java:26)
	at java_programs.FLATTEN.flatten(FLATTEN.java:26)
	at java_programs.FLATTEN.flatten(FLATTEN.java:26)
	at java_programs.FLATTEN.flatten(FLATTEN.java:26)
	at java_programs.FLATTEN.flatten(FLATTEN.java:26)
	at java_programs.FLATTEN.flatten(FLATTEN.java:26)
	at java_programs.FLATTEN.flatten(FLATTEN.java:26)
	at java_programs.FLATTEN.flatten(FLATTEN.java:26)
	at java_programs.FLATTEN.flatten(FLATTEN.java:26)
	at java_programs.FLATTEN.flatten(FLATTEN.java:26)
	at java_programs.FLATTEN.flatten(FLATTEN.java:26)
	at java_programs.FLATTEN.flatten(FLATTEN.java:26)
	at java_programs.FLATTEN.flatten(FLATTEN.java:26)
	at java_programs.FLATTEN.flatten(FLATTEN.java:26)
	at java_programs.FLATTEN.flatten(FLATTEN.java:26)
	at java_programs.FLATTEN.flatten(FLATTEN.java:26)
	at java_programs.FLATTEN.flatten(FLATTEN.java:26)
	at java_programs.FLATTEN.flatten(FLATTEN.java:26)
	at java_programs.FLATTEN.flatten(FLATTEN.java:26)
	at java_programs.FLATTEN.flatten(FLATTEN.java:26)
	at java_programs.FLATTEN.flatten(FLATTEN.java:26)
	at java_programs.FLATTEN.flatten(FLATTEN.java:26)
	at java_programs.FLATTEN.flatten(FLATTEN.java:26)
	at java_programs.FLATTEN.flatten(FLATTEN.java:26)
	at java_programs.FLATTEN.flatten(FLATTEN.java:26)
	at java_programs.FLATTEN.flatten(FLATTEN.java:26)
	at java_programs.FLATTEN.flatten(FLATTEN.java:26)
	at java_programs.FLATTEN.flatten(FLATTEN.java:26)
	at java_programs.FLATTEN.flatten(FLATTEN.java:26)
	at java_programs.FLATTEN.flatten(FLATTEN.java:26)
	at java_programs.FLATTEN.flatten(FLATTEN.java:26)
	at java_programs.FLATTEN.flatten(FLATTEN.java:26)
	at java_programs.FLATTEN.flatten(FLATTEN.java:26)
	at java_programs.FLATTEN.flatten(FLATTEN.java:26)
	at java_programs.FLATTEN.flatten(FLATTEN.java:26)
	at java_programs.FLATTEN.flatten(FLATTEN.java:26)
	at java_programs.FLATTEN.flatten(FLATTEN.java:26)
	at java_programs.FLATTEN.flatten(FLATTEN.java:26)
	at java_programs.FLATTEN.flatten(FLATTEN.java:26)
	at java_programs.FLATTEN.flatten(FLATTEN.java:26)
	at java_programs.FLATTEN.flatten(FLATTEN.java:26)
	at java_programs.FLATTEN.flatten(FLATTEN.java:26)
	at java_programs.FLATTEN.flatten(FLATTEN.java:26)
	at java_programs.FLATTEN.flatten(FLATTEN.java:26)
	at java_programs.FLATTEN.flatten(FLATTEN.java:26)
	at java_programs.FLATTEN.flatten(FLATTEN.java:26)
	at java_programs.FLATTEN.flatten(FLATTEN.java:26)
	at java_programs.FLATTEN.flatten(FLATTEN.java:26)
	at java_programs.FLATTEN.flatten(FLATTEN.java:26)
	at java_programs.FLATTEN.flatten(FLATTEN.java:26)
</failure>
  </testcase>
  <testcase name="test_5()" classname="test.java.FLATTEN_TEST" time="0.004">
    <failure message="java.lang.StackOverflowError" type="java.lang.StackOverflowError">java.lang.StackOverflowError
	at java_programs.FLATTEN.flatten(FLATTEN.java:26)
	at java_programs.FLATTEN.flatten(FLATTEN.java:26)
	at java_programs.FLATTEN.flatten(FLATTEN.java:26)
	at java_programs.FLATTEN.flatten(FLATTEN.java:26)
	at java_programs.FLATTEN.flatten(FLATTEN.java:26)
	at java_programs.FLATTEN.flatten(FLATTEN.java:26)
	at java_programs.FLATTEN.flatten(FLATTEN.java:26)
	at java_programs.FLATTEN.flatten(FLATTEN.java:26)
	at java_programs.FLATTEN.flatten(FLATTEN.java:26)
	at java_programs.FLATTEN.flatten(FLATTEN.java:26)
	at java_programs.FLATTEN.flatten(FLATTEN.java:26)
	at java_programs.FLATTEN.flatten(FLATTEN.java:26)
	at java_programs.FLATTEN.flatten(FLATTEN.java:26)
	at java_programs.FLATTEN.flatten(FLATTEN.java:26)
	at java_programs.FLATTEN.flatten(FLATTEN.java:26)
	at java_programs.FLATTEN.flatten(FLATTEN.java:26)
	at java_programs.FLATTEN.flatten(FLATTEN.java:26)
	at java_programs.FLATTEN.flatten(FLATTEN.java:26)
	at java_programs.FLATTEN.flatten(FLATTEN.java:26)
	at java_programs.FLATTEN.flatten(FLATTEN.java:26)
	at java_programs.FLATTEN.flatten(FLATTEN.java:26)
	at java_programs.FLATTEN.flatten(FLATTEN.java:26)
	at java_programs.FLATTEN.flatten(FLATTEN.java:26)
	at java_programs.FLATTEN.flatten(FLATTEN.java:26)
	at java_programs.FLATTEN.flatten(FLATTEN.java:26)
	at java_programs.FLATTEN.flatten(FLATTEN.java:26)
	at java_programs.FLATTEN.flatten(FLATTEN.java:26)
	at java_programs.FLATTEN.flatten(FLATTEN.java:26)
	at java_programs.FLATTEN.flatten(FLATTEN.java:26)
	at java_programs.FLATTEN.flatten(FLATTEN.java:26)
	at java_programs.FLATTEN.flatten(FLATTEN.java:26)
	at java_programs.FLATTEN.flatten(FLATTEN.java:26)
	at java_programs.FLATTEN.flatten(FLATTEN.java:26)
	at java_programs.FLATTEN.flatten(FLATTEN.java:26)
	at java_programs.FLATTEN.flatten(FLATTEN.java:26)
	at java_programs.FLATTEN.flatten(FLATTEN.java:26)
	at java_programs.FLATTEN.flatten(FLATTEN.java:26)
	at java_programs.FLATTEN.flatten(FLATTEN.java:26)
	at java_programs.FLATTEN.flatten(FLATTEN.java:26)
	at java_programs.FLATTEN.flatten(FLATTEN.java:26)
	at java_programs.FLATTEN.flatten(FLATTEN.java:26)
	at java_programs.FLATTEN.flatten(FLATTEN.java:26)
	at java_programs.FLATTEN.flatten(FLATTEN.java:26)
	at java_programs.FLATTEN.flatten(FLATTEN.java:26)
	at java_programs.FLATTEN.flatten(FLATTEN.java:26)
	at java_programs.FLATTEN.flatten(FLATTEN.java:26)
	at java_programs.FLATTEN.flatten(FLATTEN.java:26)
	at java_programs.FLATTEN.flatten(FLATTEN.java:26)
	at java_programs.FLATTEN.flatten(FLATTEN.java:26)
	at java_programs.FLATTEN.flatten(FLATTEN.java:26)
	at java_programs.FLATTEN.flatten(FLATTEN.java:26)
	at java_programs.FLATTEN.flatten(FLATTEN.java:26)
	at java_programs.FLATTEN.flatten(FLATTEN.java:26)
	at java_programs.FLATTEN.flatten(FLATTEN.java:26)
	at java_programs.FLATTEN.flatten(FLATTEN.java:26)
	at java_programs.FLATTEN.flatten(FLATTEN.java:26)
	at java_programs.FLATTEN.flatten(FLATTEN.java:26)
	at java_programs.FLATTEN.flatten(FLATTEN.java:26)
	at java_programs.FLATTEN.flatten(FLATTEN.java:26)
	at java_programs.FLATTEN.flatten(FLATTEN.java:26)
	at java_programs.FLATTEN.flatten(FLATTEN.java:26)
	at java_programs.FLATTEN.flatten(FLATTEN.java:26)
	at java_programs.FLATTEN.flatten(FLATTEN.java:26)
	at java_programs.FLATTEN.flatten(FLATTEN.java:26)
	at java_programs.FLATTEN.flatten(FLATTEN.java:26)
	at java_programs.FLATTEN.flatten(FLATTEN.java:26)
	at java_programs.FLATTEN.flatten(FLATTEN.java:26)
	at java_programs.FLATTEN.flatten(FLATTEN.java:26)
	at java_programs.FLATTEN.flatten(FLATTEN.java:26)
	at java_programs.FLATTEN.flatten(FLATTEN.java:26)
	at java_programs.FLATTEN.flatten(FLATTEN.java:26)
	at java_programs.FLATTEN.flatten(FLATTEN.java:26)
	at java_programs.FLATTEN.flatten(FLATTEN.java:26)
	at java_programs.FLATTEN.flatten(FLATTEN.java:26)
	at java_programs.FLATTEN.flatten(FLATTEN.java:26)
	at java_programs.FLATTEN.flatten(FLATTEN.java:26)
	at java_programs.FLATTEN.flatten(FLATTEN.java:26)
	at java_programs.FLATTEN.flatten(FLATTEN.java:26)
	at java_programs.FLATTEN.flatten(FLATTEN.java:26)
	at java_programs.FLATTEN.flatten(FLATTEN.java:26)
	at java_programs.FLATTEN.flatten(FLATTEN.java:26)
	at java_programs.FLATTEN.flatten(FLATTEN.java:26)
	at java_programs.FLATTEN.flatten(FLATTEN.java:26)
	at java_programs.FLATTEN.flatten(FLATTEN.java:26)
	at java_programs.FLATTEN.flatten(FLATTEN.java:26)
	at java_programs.FLATTEN.flatten(FLATTEN.java:26)
	at java_programs.FLATTEN.flatten(FLATTEN.java:26)
	at java_programs.FLATTEN.flatten(FLATTEN.java:26)
	at java_programs.FLATTEN.flatten(FLATTEN.java:26)
	at java_programs.FLATTEN.flatten(FLATTEN.java:26)
	at java_programs.FLATTEN.flatten(FLATTEN.java:26)
	at java_programs.FLATTEN.flatten(FLATTEN.java:26)
	at java_programs.FLATTEN.flatten(FLATTEN.java:26)
	at java_programs.FLATTEN.flatten(FLATTEN.java:26)
	at java_programs.FLATTEN.flatten(FLATTEN.java:26)
	at java_programs.FLATTEN.flatten(FLATTEN.java:26)
	at java_programs.FLATTEN.flatten(FLATTEN.java:26)
	at java_programs.FLATTEN.flatten(FLATTEN.java:26)
	at java_programs.FLATTEN.flatten(FLATTEN.java:26)
	at java_programs.FLATTEN.flatten(FLATTEN.java:26)
	at java_programs.FLATTEN.flatten(FLATTEN.java:26)
	at java_programs.FLATTEN.flatten(FLATTEN.java:26)
	at java_programs.FLATTEN.flatten(FLATTEN.java:26)
	at java_programs.FLATTEN.flatten(FLATTEN.java:26)
	at java_programs.FLATTEN.flatten(FLATTEN.java:26)
	at java_programs.FLATTEN.flatten(FLATTEN.java:26)
	at java_programs.FLATTEN.flatten(FLATTEN.java:26)
	at java_programs.FLATTEN.flatten(FLATTEN.java:26)
	at java_programs.FLATTEN.flatten(FLATTEN.java:26)
	at java_programs.FLATTEN.flatten(FLATTEN.java:26)
	at java_programs.FLATTEN.flatten(FLATTEN.java:26)
	at java_programs.FLATTEN.flatten(FLATTEN.java:26)
	at java_programs.FLATTEN.flatten(FLATTEN.java:26)
	at java_programs.FLATTEN.flatten(FLATTEN.java:26)
	at java_programs.FLATTEN.flatten(FLATTEN.java:26)
	at java_programs.FLATTEN.flatten(FLATTEN.java:26)
	at java_programs.FLATTEN.flatten(FLATTEN.java:26)
	at java_programs.FLATTEN.flatten(FLATTEN.java:26)
	at java_programs.FLATTEN.flatten(FLATTEN.java:26)
	at java_programs.FLATTEN.flatten(FLATTEN.java:26)
	at java_programs.FLATTEN.flatten(FLATTEN.java:26)
	at java_programs.FLATTEN.flatten(FLATTEN.java:26)
	at java_programs.FLATTEN.flatten(FLATTEN.java:26)
	at java_programs.FLATTEN.flatten(FLATTEN.java:26)
	at java_programs.FLATTEN.flatten(FLATTEN.java:26)
	at java_programs.FLATTEN.flatten(FLATTEN.java:26)
	at java_programs.FLATTEN.flatten(FLATTEN.java:26)
	at java_programs.FLATTEN.flatten(FLATTEN.java:26)
	at java_programs.FLATTEN.flatten(FLATTEN.java:26)
	at java_programs.FLATTEN.flatten(FLATTEN.java:26)
	at java_programs.FLATTEN.flatten(FLATTEN.java:26)
	at java_programs.FLATTEN.flatten(FLATTEN.java:26)
	at java_programs.FLATTEN.flatten(FLATTEN.java:26)
	at java_programs.FLATTEN.flatten(FLATTEN.java:26)
	at java_programs.FLATTEN.flatten(FLATTEN.java:26)
	at java_programs.FLATTEN.flatten(FLATTEN.java:26)
	at java_programs.FLATTEN.flatten(FLATTEN.java:26)
	at java_programs.FLATTEN.flatten(FLATTEN.java:26)
	at java_programs.FLATTEN.flatten(FLATTEN.java:26)
	at java_programs.FLATTEN.flatten(FLATTEN.java:26)
	at java_programs.FLATTEN.flatten(FLATTEN.java:26)
	at java_programs.FLATTEN.flatten(FLATTEN.java:26)
	at java_programs.FLATTEN.flatten(FLATTEN.java:26)
	at java_programs.FLATTEN.flatten(FLATTEN.java:26)
	at java_programs.FLATTEN.flatten(FLATTEN.java:26)
	at java_programs.FLATTEN.flatten(FLATTEN.java:26)
	at java_programs.FLATTEN.flatten(FLATTEN.java:26)
	at java_programs.FLATTEN.flatten(FLATTEN.java:26)
	at java_programs.FLATTEN.flatten(FLATTEN.java:26)
	at java_programs.FLATTEN.flatten(FLATTEN.java:26)
	at java_programs.FLATTEN.flatten(FLATTEN.java:26)
	at java_programs.FLATTEN.flatten(FLATTEN.java:26)
	at java_programs.FLATTEN.flatten(FLATTEN.java:26)
	at java_programs.FLATTEN.flatten(FLATTEN.java:26)
	at java_programs.FLATTEN.flatten(FLATTEN.java:26)
	at java_programs.FLATTEN.flatten(FLATTEN.java:26)
	at java_programs.FLATTEN.flatten(FLATTEN.java:26)
	at java_programs.FLATTEN.flatten(FLATTEN.java:26)
	at java_programs.FLATTEN.flatten(FLATTEN.java:26)
	at java_programs.FLATTEN.flatten(FLATTEN.java:26)
	at java_programs.FLATTEN.flatten(FLATTEN.java:26)
	at java_programs.FLATTEN.flatten(FLATTEN.java:26)
	at java_programs.FLATTEN.flatten(FLATTEN.java:26)
	at java_programs.FLATTEN.flatten(FLATTEN.java:26)
	at java_programs.FLATTEN.flatten(FLATTEN.java:26)
	at java_programs.FLATTEN.flatten(FLATTEN.java:26)
	at java_programs.FLATTEN.flatten(FLATTEN.java:26)
	at java_programs.FLATTEN.flatten(FLATTEN.java:26)
	at java_programs.FLATTEN.flatten(FLATTEN.java:26)
	at java_programs.FLATTEN.flatten(FLATTEN.java:26)
	at java_programs.FLATTEN.flatten(FLATTEN.java:26)
	at java_programs.FLATTEN.flatten(FLATTEN.java:26)
	at java_programs.FLATTEN.flatten(FLATTEN.java:26)
	at java_programs.FLATTEN.flatten(FLATTEN.java:26)
	at java_programs.FLATTEN.flatten(FLATTEN.java:26)
	at java_programs.FLATTEN.flatten(FLATTEN.java:26)
	at java_programs.FLATTEN.flatten(FLATTEN.java:26)
	at java_programs.FLATTEN.flatten(FLATTEN.java:26)
	at java_programs.FLATTEN.flatten(FLATTEN.java:26)
	at java_programs.FLATTEN.flatten(FLATTEN.java:26)
	at java_programs.FLATTEN.flatten(FLATTEN.java:26)
	at java_programs.FLATTEN.flatten(FLATTEN.java:26)
	at java_programs.FLATTEN.flatten(FLATTEN.java:26)
	at java_programs.FLATTEN.flatten(FLATTEN.java:26)
	at java_programs.FLATTEN.flatten(FLATTEN.java:26)
	at java_programs.FLATTEN.flatten(FLATTEN.java:26)
	at java_programs.FLATTEN.flatten(FLATTEN.java:26)
	at java_programs.FLATTEN.flatten(FLATTEN.java:26)
	at java_programs.FLATTEN.flatten(FLATTEN.java:26)
	at java_programs.FLATTEN.flatten(FLATTEN.java:26)
	at java_programs.FLATTEN.flatten(FLATTEN.java:26)
	at java_programs.FLATTEN.flatten(FLATTEN.java:26)
	at java_programs.FLATTEN.flatten(FLATTEN.java:26)
	at java_programs.FLATTEN.flatten(FLATTEN.java:26)
	at java_programs.FLATTEN.flatten(FLATTEN.java:26)
	at java_programs.FLATTEN.flatten(FLATTEN.java:26)
	at java_programs.FLATTEN.flatten(FLATTEN.java:26)
	at java_programs.FLATTEN.flatten(FLATTEN.java:26)
	at java_programs.FLATTEN.flatten(FLATTEN.java:26)
	at java_programs.FLATTEN.flatten(FLATTEN.java:26)
	at java_programs.FLATTEN.flatten(FLATTEN.java:26)
	at java_programs.FLATTEN.flatten(FLATTEN.java:26)
	at java_programs.FLATTEN.flatten(FLATTEN.java:26)
	at java_programs.FLATTEN.flatten(FLATTEN.java:26)
	at java_programs.FLATTEN.flatten(FLATTEN.java:26)
	at java_programs.FLATTEN.flatten(FLATTEN.java:26)
	at java_programs.FLATTEN.flatten(FLATTEN.java:26)
	at java_programs.FLATTEN.flatten(FLATTEN.java:26)
	at java_programs.FLATTEN.flatten(FLATTEN.java:26)
	at java_programs.FLATTEN.flatten(FLATTEN.java:26)
	at java_programs.FLATTEN.flatten(FLATTEN.java:26)
	at java_programs.FLATTEN.flatten(FLATTEN.java:26)
	at java_programs.FLATTEN.flatten(FLATTEN.java:26)
	at java_programs.FLATTEN.flatten(FLATTEN.java:26)
	at java_programs.FLATTEN.flatten(FLATTEN.java:26)
	at java_programs.FLATTEN.flatten(FLATTEN.java:26)
	at java_programs.FLATTEN.flatten(FLATTEN.java:26)
	at java_programs.FLATTEN.flatten(FLATTEN.java:26)
	at java_programs.FLATTEN.flatten(FLATTEN.java:26)
	at java_programs.FLATTEN.flatten(FLATTEN.java:26)
	at java_programs.FLATTEN.flatten(FLATTEN.java:26)
	at java_programs.FLATTEN.flatten(FLATTEN.java:26)
	at java_programs.FLATTEN.flatten(FLATTEN.java:26)
	at java_programs.FLATTEN.flatten(FLATTEN.java:26)
	at java_programs.FLATTEN.flatten(FLATTEN.java:26)
	at java_programs.FLATTEN.flatten(FLATTEN.java:26)
	at java_programs.FLATTEN.flatten(FLATTEN.java:26)
	at java_programs.FLATTEN.flatten(FLATTEN.java:26)
	at java_programs.FLATTEN.flatten(FLATTEN.java:26)
	at java_programs.FLATTEN.flatten(FLATTEN.java:26)
	at java_programs.FLATTEN.flatten(FLATTEN.java:26)
	at java_programs.FLATTEN.flatten(FLATTEN.java:26)
	at java_programs.FLATTEN.flatten(FLATTEN.java:26)
	at java_programs.FLATTEN.flatten(FLATTEN.java:26)
	at java_programs.FLATTEN.flatten(FLATTEN.java:26)
	at java_programs.FLATTEN.flatten(FLATTEN.java:26)
	at java_programs.FLATTEN.flatten(FLATTEN.java:26)
	at java_programs.FLATTEN.flatten(FLATTEN.java:26)
	at java_programs.FLATTEN.flatten(FLATTEN.java:26)
	at java_programs.FLATTEN.flatten(FLATTEN.java:26)
	at java_programs.FLATTEN.flatten(FLATTEN.java:26)
	at java_programs.FLATTEN.flatten(FLATTEN.java:26)
	at java_programs.FLATTEN.flatten(FLATTEN.java:26)
	at java_programs.FLATTEN.flatten(FLATTEN.java:26)
	at java_programs.FLATTEN.flatten(FLATTEN.java:26)
	at java_programs.FLATTEN.flatten(FLATTEN.java:26)
	at java_programs.FLATTEN.flatten(FLATTEN.java:26)
	at java_programs.FLATTEN.flatten(FLATTEN.java:26)
	at java_programs.FLATTEN.flatten(FLATTEN.java:26)
	at java_programs.FLATTEN.flatten(FLATTEN.java:26)
	at java_programs.FLATTEN.flatten(FLATTEN.java:26)
	at java_programs.FLATTEN.flatten(FLATTEN.java:26)
	at java_programs.FLATTEN.flatten(FLATTEN.java:26)
	at java_programs.FLATTEN.flatten(FLATTEN.java:26)
	at java_programs.FLATTEN.flatten(FLATTEN.java:26)
	at java_programs.FLATTEN.flatten(FLATTEN.java:26)
	at java_programs.FLATTEN.flatten(FLATTEN.java:26)
	at java_programs.FLATTEN.flatten(FLATTEN.java:26)
	at java_programs.FLATTEN.flatten(FLATTEN.java:26)
	at java_programs.FLATTEN.flatten(FLATTEN.java:26)
	at java_programs.FLATTEN.flatten(FLATTEN.java:26)
	at java_programs.FLATTEN.flatten(FLATTEN.java:26)
	at java_programs.FLATTEN.flatten(FLATTEN.java:26)
	at java_programs.FLATTEN.flatten(FLATTEN.java:26)
	at java_programs.FLATTEN.flatten(FLATTEN.java:26)
	at java_programs.FLATTEN.flatten(FLATTEN.java:26)
	at java_programs.FLATTEN.flatten(FLATTEN.java:26)
	at java_programs.FLATTEN.flatten(FLATTEN.java:26)
	at java_programs.FLATTEN.flatten(FLATTEN.java:26)
	at java_programs.FLATTEN.flatten(FLATTEN.java:26)
	at java_programs.FLATTEN.flatten(FLATTEN.java:26)
	at java_programs.FLATTEN.flatten(FLATTEN.java:26)
	at java_programs.FLATTEN.flatten(FLATTEN.java:26)
	at java_programs.FLATTEN.flatten(FLATTEN.java:26)
	at java_programs.FLATTEN.flatten(FLATTEN.java:26)
	at java_programs.FLATTEN.flatten(FLATTEN.java:26)
	at java_programs.FLATTEN.flatten(FLATTEN.java:26)
	at java_programs.FLATTEN.flatten(FLATTEN.java:26)
	at java_programs.FLATTEN.flatten(FLATTEN.java:26)
	at java_programs.FLATTEN.flatten(FLATTEN.java:26)
	at java_programs.FLATTEN.flatten(FLATTEN.java:26)
	at java_programs.FLATTEN.flatten(FLATTEN.java:26)
	at java_programs.FLATTEN.flatten(FLATTEN.java:26)
	at java_programs.FLATTEN.flatten(FLATTEN.java:26)
	at java_programs.FLATTEN.flatten(FLATTEN.java:26)
	at java_programs.FLATTEN.flatten(FLATTEN.java:26)
	at java_programs.FLATTEN.flatten(FLATTEN.java:26)
	at java_programs.FLATTEN.flatten(FLATTEN.java:26)
	at java_programs.FLATTEN.flatten(FLATTEN.java:26)
	at java_programs.FLATTEN.flatten(FLATTEN.java:26)
	at java_programs.FLATTEN.flatten(FLATTEN.java:26)
	at java_programs.FLATTEN.flatten(FLATTEN.java:26)
	at java_programs.FLATTEN.flatten(FLATTEN.java:26)
	at java_programs.FLATTEN.flatten(FLATTEN.java:26)
	at java_programs.FLATTEN.flatten(FLATTEN.java:26)
	at java_programs.FLATTEN.flatten(FLATTEN.java:26)
	at java_programs.FLATTEN.flatten(FLATTEN.java:26)
	at java_programs.FLATTEN.flatten(FLATTEN.java:26)
	at java_programs.FLATTEN.flatten(FLATTEN.java:26)
	at java_programs.FLATTEN.flatten(FLATTEN.java:26)
	at java_programs.FLATTEN.flatten(FLATTEN.java:26)
	at java_programs.FLATTEN.flatten(FLATTEN.java:26)
	at java_programs.FLATTEN.flatten(FLATTEN.java:26)
	at java_programs.FLATTEN.flatten(FLATTEN.java:26)
	at java_programs.FLATTEN.flatten(FLATTEN.java:26)
	at java_programs.FLATTEN.flatten(FLATTEN.java:26)
	at java_programs.FLATTEN.flatten(FLATTEN.java:26)
	at java_programs.FLATTEN.flatten(FLATTEN.java:26)
	at java_programs.FLATTEN.flatten(FLATTEN.java:26)
	at java_programs.FLATTEN.flatten(FLATTEN.java:26)
	at java_programs.FLATTEN.flatten(FLATTEN.java:26)
	at java_programs.FLATTEN.flatten(FLATTEN.java:26)
	at java_programs.FLATTEN.flatten(FLATTEN.java:26)
	at java_programs.FLATTEN.flatten(FLATTEN.java:26)
	at java_programs.FLATTEN.flatten(FLATTEN.java:26)
	at java_programs.FLATTEN.flatten(FLATTEN.java:26)
	at java_programs.FLATTEN.flatten(FLATTEN.java:26)
	at java_programs.FLATTEN.flatten(FLATTEN.java:26)
	at java_programs.FLATTEN.flatten(FLATTEN.java:26)
	at java_programs.FLATTEN.flatten(FLATTEN.java:26)
	at java_programs.FLATTEN.flatten(FLATTEN.java:26)
	at java_programs.FLATTEN.flatten(FLATTEN.java:26)
	at java_programs.FLATTEN.flatten(FLATTEN.java:26)
	at java_programs.FLATTEN.flatten(FLATTEN.java:26)
	at java_programs.FLATTEN.flatten(FLATTEN.java:26)
	at java_programs.FLATTEN.flatten(FLATTEN.java:26)
	at java_programs.FLATTEN.flatten(FLATTEN.java:26)
	at java_programs.FLATTEN.flatten(FLATTEN.java:26)
	at java_programs.FLATTEN.flatten(FLATTEN.java:26)
	at java_programs.FLATTEN.flatten(FLATTEN.java:26)
	at java_programs.FLATTEN.flatten(FLATTEN.java:26)
	at java_programs.FLATTEN.flatten(FLATTEN.java:26)
	at java_programs.FLATTEN.flatten(FLATTEN.java:26)
	at java_programs.FLATTEN.flatten(FLATTEN.java:26)
	at java_programs.FLATTEN.flatten(FLATTEN.java:26)
	at java_programs.FLATTEN.flatten(FLATTEN.java:26)
	at java_programs.FLATTEN.flatten(FLATTEN.java:26)
	at java_programs.FLATTEN.flatten(FLATTEN.java:26)
	at java_programs.FLATTEN.flatten(FLATTEN.java:26)
	at java_programs.FLATTEN.flatten(FLATTEN.java:26)
	at java_programs.FLATTEN.flatten(FLATTEN.java:26)
	at java_programs.FLATTEN.flatten(FLATTEN.java:26)
	at java_programs.FLATTEN.flatten(FLATTEN.java:26)
	at java_programs.FLATTEN.flatten(FLATTEN.java:26)
	at java_programs.FLATTEN.flatten(FLATTEN.java:26)
	at java_programs.FLATTEN.flatten(FLATTEN.java:26)
	at java_programs.FLATTEN.flatten(FLATTEN.java:26)
	at java_programs.FLATTEN.flatten(FLATTEN.java:26)
	at java_programs.FLATTEN.flatten(FLATTEN.java:26)
	at java_programs.FLATTEN.flatten(FLATTEN.java:26)
	at java_programs.FLATTEN.flatten(FLATTEN.java:26)
	at java_programs.FLATTEN.flatten(FLATTEN.java:26)
	at java_programs.FLATTEN.flatten(FLATTEN.java:26)
	at java_programs.FLATTEN.flatten(FLATTEN.java:26)
	at java_programs.FLATTEN.flatten(FLATTEN.java:26)
	at java_programs.FLATTEN.flatten(FLATTEN.java:26)
	at java_programs.FLATTEN.flatten(FLATTEN.java:26)
	at java_programs.FLATTEN.flatten(FLATTEN.java:26)
	at java_programs.FLATTEN.flatten(FLATTEN.java:26)
	at java_programs.FLATTEN.flatten(FLATTEN.java:26)
	at java_programs.FLATTEN.flatten(FLATTEN.java:26)
	at java_programs.FLATTEN.flatten(FLATTEN.java:26)
	at java_programs.FLATTEN.flatten(FLATTEN.java:26)
	at java_programs.FLATTEN.flatten(FLATTEN.java:26)
	at java_programs.FLATTEN.flatten(FLATTEN.java:26)
	at java_programs.FLATTEN.flatten(FLATTEN.java:26)
	at java_programs.FLATTEN.flatten(FLATTEN.java:26)
	at java_programs.FLATTEN.flatten(FLATTEN.java:26)
	at java_programs.FLATTEN.flatten(FLATTEN.java:26)
	at java_programs.FLATTEN.flatten(FLATTEN.java:26)
	at java_programs.FLATTEN.flatten(FLATTEN.java:26)
	at java_programs.FLATTEN.flatten(FLATTEN.java:26)
	at java_programs.FLATTEN.flatten(FLATTEN.java:26)
	at java_programs.FLATTEN.flatten(FLATTEN.java:26)
	at java_programs.FLATTEN.flatten(FLATTEN.java:26)
	at java_programs.FLATTEN.flatten(FLATTEN.java:26)
	at java_programs.FLATTEN.flatten(FLATTEN.java:26)
	at java_programs.FLATTEN.flatten(FLATTEN.java:26)
	at java_programs.FLATTEN.flatten(FLATTEN.java:26)
	at java_programs.FLATTEN.flatten(FLATTEN.java:26)
	at java_programs.FLATTEN.flatten(FLATTEN.java:26)
	at java_programs.FLATTEN.flatten(FLATTEN.java:26)
	at java_programs.FLATTEN.flatten(FLATTEN.java:26)
	at java_programs.FLATTEN.flatten(FLATTEN.java:26)
	at java_programs.FLATTEN.flatten(FLATTEN.java:26)
	at java_programs.FLATTEN.flatten(FLATTEN.java:26)
	at java_programs.FLATTEN.flatten(FLATTEN.java:26)
	at java_programs.FLATTEN.flatten(FLATTEN.java:26)
	at java_programs.FLATTEN.flatten(FLATTEN.java:26)
	at java_programs.FLATTEN.flatten(FLATTEN.java:26)
	at java_programs.FLATTEN.flatten(FLATTEN.java:26)
	at java_programs.FLATTEN.flatten(FLATTEN.java:26)
	at java_programs.FLATTEN.flatten(FLATTEN.java:26)
	at java_programs.FLATTEN.flatten(FLATTEN.java:26)
	at java_programs.FLATTEN.flatten(FLATTEN.java:26)
	at java_programs.FLATTEN.flatten(FLATTEN.java:26)
	at java_programs.FLATTEN.flatten(FLATTEN.java:26)
	at java_programs.FLATTEN.flatten(FLATTEN.java:26)
	at java_programs.FLATTEN.flatten(FLATTEN.java:26)
	at java_programs.FLATTEN.flatten(FLATTEN.java:26)
	at java_programs.FLATTEN.flatten(FLATTEN.java:26)
	at java_programs.FLATTEN.flatten(FLATTEN.java:26)
	at java_programs.FLATTEN.flatten(FLATTEN.java:26)
	at java_programs.FLATTEN.flatten(FLATTEN.java:26)
	at java_programs.FLATTEN.flatten(FLATTEN.java:26)
	at java_programs.FLATTEN.flatten(FLATTEN.java:26)
	at java_programs.FLATTEN.flatten(FLATTEN.java:26)
	at java_programs.FLATTEN.flatten(FLATTEN.java:26)
	at java_programs.FLATTEN.flatten(FLATTEN.java:26)
	at java_programs.FLATTEN.flatten(FLATTEN.java:26)
	at java_programs.FLATTEN.flatten(FLATTEN.java:26)
	at java_programs.FLATTEN.flatten(FLATTEN.java:26)
	at java_programs.FLATTEN.flatten(FLATTEN.java:26)
	at java_programs.FLATTEN.flatten(FLATTEN.java:26)
	at java_programs.FLATTEN.flatten(FLATTEN.java:26)
	at java_programs.FLATTEN.flatten(FLATTEN.java:26)
	at java_programs.FLATTEN.flatten(FLATTEN.java:26)
	at java_programs.FLATTEN.flatten(FLATTEN.java:26)
	at java_programs.FLATTEN.flatten(FLATTEN.java:26)
	at java_programs.FLATTEN.flatten(FLATTEN.java:26)
	at java_programs.FLATTEN.flatten(FLATTEN.java:26)
	at java_programs.FLATTEN.flatten(FLATTEN.java:26)
	at java_programs.FLATTEN.flatten(FLATTEN.java:26)
	at java_programs.FLATTEN.flatten(FLATTEN.java:26)
	at java_programs.FLATTEN.flatten(FLATTEN.java:26)
	at java_programs.FLATTEN.flatten(FLATTEN.java:26)
	at java_programs.FLATTEN.flatten(FLATTEN.java:26)
	at java_programs.FLATTEN.flatten(FLATTEN.java:26)
	at java_programs.FLATTEN.flatten(FLATTEN.java:26)
	at java_programs.FLATTEN.flatten(FLATTEN.java:26)
	at java_programs.FLATTEN.flatten(FLATTEN.java:26)
	at java_programs.FLATTEN.flatten(FLATTEN.java:26)
	at java_programs.FLATTEN.flatten(FLATTEN.java:26)
	at java_programs.FLATTEN.flatten(FLATTEN.java:26)
	at java_programs.FLATTEN.flatten(FLATTEN.java:26)
	at java_programs.FLATTEN.flatten(FLATTEN.java:26)
	at java_programs.FLATTEN.flatten(FLATTEN.java:26)
	at java_programs.FLATTEN.flatten(FLATTEN.java:26)
	at java_programs.FLATTEN.flatten(FLATTEN.java:26)
	at java_programs.FLATTEN.flatten(FLATTEN.java:26)
	at java_programs.FLATTEN.flatten(FLATTEN.java:26)
	at java_programs.FLATTEN.flatten(FLATTEN.java:26)
	at java_programs.FLATTEN.flatten(FLATTEN.java:26)
	at java_programs.FLATTEN.flatten(FLATTEN.java:26)
	at java_programs.FLATTEN.flatten(FLATTEN.java:26)
	at java_programs.FLATTEN.flatten(FLATTEN.java:26)
	at java_programs.FLATTEN.flatten(FLATTEN.java:26)
	at java_programs.FLATTEN.flatten(FLATTEN.java:26)
	at java_programs.FLATTEN.flatten(FLATTEN.java:26)
	at java_programs.FLATTEN.flatten(FLATTEN.java:26)
	at java_programs.FLATTEN.flatten(FLATTEN.java:26)
	at java_programs.FLATTEN.flatten(FLATTEN.java:26)
	at java_programs.FLATTEN.flatten(FLATTEN.java:26)
	at java_programs.FLATTEN.flatten(FLATTEN.java:26)
	at java_programs.FLATTEN.flatten(FLATTEN.java:26)
	at java_programs.FLATTEN.flatten(FLATTEN.java:26)
	at java_programs.FLATTEN.flatten(FLATTEN.java:26)
	at java_programs.FLATTEN.flatten(FLATTEN.java:26)
	at java_programs.FLATTEN.flatten(FLATTEN.java:26)
	at java_programs.FLATTEN.flatten(FLATTEN.java:26)
	at java_programs.FLATTEN.flatten(FLATTEN.java:26)
	at java_programs.FLATTEN.flatten(FLATTEN.java:26)
	at java_programs.FLATTEN.flatten(FLATTEN.java:26)
	at java_programs.FLATTEN.flatten(FLATTEN.java:26)
	at java_programs.FLATTEN.flatten(FLATTEN.java:26)
	at java_programs.FLATTEN.flatten(FLATTEN.java:26)
	at java_programs.FLATTEN.flatten(FLATTEN.java:26)
	at java_programs.FLATTEN.flatten(FLATTEN.java:26)
	at java_programs.FLATTEN.flatten(FLATTEN.java:26)
	at java_programs.FLATTEN.flatten(FLATTEN.java:26)
	at java_programs.FLATTEN.flatten(FLATTEN.java:26)
	at java_programs.FLATTEN.flatten(FLATTEN.java:26)
	at java_programs.FLATTEN.flatten(FLATTEN.java:26)
	at java_programs.FLATTEN.flatten(FLATTEN.java:26)
	at java_programs.FLATTEN.flatten(FLATTEN.java:26)
	at java_programs.FLATTEN.flatten(FLATTEN.java:26)
	at java_programs.FLATTEN.flatten(FLATTEN.java:26)
	at java_programs.FLATTEN.flatten(FLATTEN.java:26)
	at java_programs.FLATTEN.flatten(FLATTEN.java:26)
	at java_programs.FLATTEN.flatten(FLATTEN.java:26)
	at java_programs.FLATTEN.flatten(FLATTEN.java:26)
	at java_programs.FLATTEN.flatten(FLATTEN.java:26)
	at java_programs.FLATTEN.flatten(FLATTEN.java:26)
	at java_programs.FLATTEN.flatten(FLATTEN.java:26)
	at java_programs.FLATTEN.flatten(FLATTEN.java:26)
	at java_programs.FLATTEN.flatten(FLATTEN.java:26)
	at java_programs.FLATTEN.flatten(FLATTEN.java:26)
	at java_programs.FLATTEN.flatten(FLATTEN.java:26)
	at java_programs.FLATTEN.flatten(FLATTEN.java:26)
	at java_programs.FLATTEN.flatten(FLATTEN.java:26)
	at java_programs.FLATTEN.flatten(FLATTEN.java:26)
	at java_programs.FLATTEN.flatten(FLATTEN.java:26)
	at java_programs.FLATTEN.flatten(FLATTEN.java:26)
	at java_programs.FLATTEN.flatten(FLATTEN.java:26)
	at java_programs.FLATTEN.flatten(FLATTEN.java:26)
	at java_programs.FLATTEN.flatten(FLATTEN.java:26)
	at java_programs.FLATTEN.flatten(FLATTEN.java:26)
	at java_programs.FLATTEN.flatten(FLATTEN.java:26)
	at java_programs.FLATTEN.flatten(FLATTEN.java:26)
	at java_programs.FLATTEN.flatten(FLATTEN.java:26)
	at java_programs.FLATTEN.flatten(FLATTEN.java:26)
	at java_programs.FLATTEN.flatten(FLATTEN.java:26)
	at java_programs.FLATTEN.flatten(FLATTEN.java:26)
	at java_programs.FLATTEN.flatten(FLATTEN.java:26)
	at java_programs.FLATTEN.flatten(FLATTEN.java:26)
	at java_programs.FLATTEN.flatten(FLATTEN.java:26)
	at java_programs.FLATTEN.flatten(FLATTEN.java:26)
	at java_programs.FLATTEN.flatten(FLATTEN.java:26)
	at java_programs.FLATTEN.flatten(FLATTEN.java:26)
	at java_programs.FLATTEN.flatten(FLATTEN.java:26)
	at java_programs.FLATTEN.flatten(FLATTEN.java:26)
	at java_programs.FLATTEN.flatten(FLATTEN.java:26)
	at java_programs.FLATTEN.flatten(FLATTEN.java:26)
	at java_programs.FLATTEN.flatten(FLATTEN.java:26)
	at java_programs.FLATTEN.flatten(FLATTEN.java:26)
	at java_programs.FLATTEN.flatten(FLATTEN.java:26)
	at java_programs.FLATTEN.flatten(FLATTEN.java:26)
	at java_programs.FLATTEN.flatten(FLATTEN.java:26)
	at java_programs.FLATTEN.flatten(FLATTEN.java:26)
	at java_programs.FLATTEN.flatten(FLATTEN.java:26)
	at java_programs.FLATTEN.flatten(FLATTEN.java:26)
	at java_programs.FLATTEN.flatten(FLATTEN.java:26)
	at java_programs.FLATTEN.flatten(FLATTEN.java:26)
	at java_programs.FLATTEN.flatten(FLATTEN.java:26)
	at java_programs.FLATTEN.flatten(FLATTEN.java:26)
	at java_programs.FLATTEN.flatten(FLATTEN.java:26)
	at java_programs.FLATTEN.flatten(FLATTEN.java:26)
	at java_programs.FLATTEN.flatten(FLATTEN.java:26)
	at java_programs.FLATTEN.flatten(FLATTEN.java:26)
	at java_programs.FLATTEN.flatten(FLATTEN.java:26)
	at java_programs.FLATTEN.flatten(FLATTEN.java:26)
	at java_programs.FLATTEN.flatten(FLATTEN.java:26)
	at java_programs.FLATTEN.flatten(FLATTEN.java:26)
	at java_programs.FLATTEN.flatten(FLATTEN.java:26)
	at java_programs.FLATTEN.flatten(FLATTEN.java:26)
	at java_programs.FLATTEN.flatten(FLATTEN.java:26)
	at java_programs.FLATTEN.flatten(FLATTEN.java:26)
	at java_programs.FLATTEN.flatten(FLATTEN.java:26)
	at java_programs.FLATTEN.flatten(FLATTEN.java:26)
	at java_programs.FLATTEN.flatten(FLATTEN.java:26)
	at java_programs.FLATTEN.flatten(FLATTEN.java:26)
	at java_programs.FLATTEN.flatten(FLATTEN.java:26)
	at java_programs.FLATTEN.flatten(FLATTEN.java:26)
	at java_programs.FLATTEN.flatten(FLATTEN.java:26)
	at java_programs.FLATTEN.flatten(FLATTEN.java:26)
	at java_programs.FLATTEN.flatten(FLATTEN.java:26)
	at java_programs.FLATTEN.flatten(FLATTEN.java:26)
	at java_programs.FLATTEN.flatten(FLATTEN.java:26)
	at java_programs.FLATTEN.flatten(FLATTEN.java:26)
	at java_programs.FLATTEN.flatten(FLATTEN.java:26)
	at java_programs.FLATTEN.flatten(FLATTEN.java:26)
	at java_programs.FLATTEN.flatten(FLATTEN.java:26)
	at java_programs.FLATTEN.flatten(FLATTEN.java:26)
	at java_programs.FLATTEN.flatten(FLATTEN.java:26)
	at java_programs.FLATTEN.flatten(FLATTEN.java:26)
	at java_programs.FLATTEN.flatten(FLATTEN.java:26)
	at java_programs.FLATTEN.flatten(FLATTEN.java:26)
	at java_programs.FLATTEN.flatten(FLATTEN.java:26)
	at java_programs.FLATTEN.flatten(FLATTEN.java:26)
	at java_programs.FLATTEN.flatten(FLATTEN.java:26)
	at java_programs.FLATTEN.flatten(FLATTEN.java:26)
	at java_programs.FLATTEN.flatten(FLATTEN.java:26)
	at java_programs.FLATTEN.flatten(FLATTEN.java:26)
	at java_programs.FLATTEN.flatten(FLATTEN.java:26)
	at java_programs.FLATTEN.flatten(FLATTEN.java:26)
	at java_programs.FLATTEN.flatten(FLATTEN.java:26)
	at java_programs.FLATTEN.flatten(FLATTEN.java:26)
	at java_programs.FLATTEN.flatten(FLATTEN.java:26)
	at java_programs.FLATTEN.flatten(FLATTEN.java:26)
	at java_programs.FLATTEN.flatten(FLATTEN.java:26)
	at java_programs.FLATTEN.flatten(FLATTEN.java:26)
	at java_programs.FLATTEN.flatten(FLATTEN.java:26)
	at java_programs.FLATTEN.flatten(FLATTEN.java:26)
	at java_programs.FLATTEN.flatten(FLATTEN.java:26)
	at java_programs.FLATTEN.flatten(FLATTEN.java:26)
	at java_programs.FLATTEN.flatten(FLATTEN.java:26)
	at java_programs.FLATTEN.flatten(FLATTEN.java:26)
	at java_programs.FLATTEN.flatten(FLATTEN.java:26)
	at java_programs.FLATTEN.flatten(FLATTEN.java:26)
	at java_programs.FLATTEN.flatten(FLATTEN.java:26)
	at java_programs.FLATTEN.flatten(FLATTEN.java:26)
	at java_programs.FLATTEN.flatten(FLATTEN.java:26)
	at java_programs.FLATTEN.flatten(FLATTEN.java:26)
	at java_programs.FLATTEN.flatten(FLATTEN.java:26)
	at java_programs.FLATTEN.flatten(FLATTEN.java:26)
	at java_programs.FLATTEN.flatten(FLATTEN.java:26)
	at java_programs.FLATTEN.flatten(FLATTEN.java:26)
	at java_programs.FLATTEN.flatten(FLATTEN.java:26)
	at java_programs.FLATTEN.flatten(FLATTEN.java:26)
	at java_programs.FLATTEN.flatten(FLATTEN.java:26)
	at java_programs.FLATTEN.flatten(FLATTEN.java:26)
	at java_programs.FLATTEN.flatten(FLATTEN.java:26)
	at java_programs.FLATTEN.flatten(FLATTEN.java:26)
	at java_programs.FLATTEN.flatten(FLATTEN.java:26)
	at java_programs.FLATTEN.flatten(FLATTEN.java:26)
	at java_programs.FLATTEN.flatten(FLATTEN.java:26)
	at java_programs.FLATTEN.flatten(FLATTEN.java:26)
	at java_programs.FLATTEN.flatten(FLATTEN.java:26)
	at java_programs.FLATTEN.flatten(FLATTEN.java:26)
	at java_programs.FLATTEN.flatten(FLATTEN.java:26)
	at java_programs.FLATTEN.flatten(FLATTEN.java:26)
	at java_programs.FLATTEN.flatten(FLATTEN.java:26)
	at java_programs.FLATTEN.flatten(FLATTEN.java:26)
	at java_programs.FLATTEN.flatten(FLATTEN.java:26)
	at java_programs.FLATTEN.flatten(FLATTEN.java:26)
	at java_programs.FLATTEN.flatten(FLATTEN.java:26)
	at java_programs.FLATTEN.flatten(FLATTEN.java:26)
	at java_programs.FLATTEN.flatten(FLATTEN.java:26)
	at java_programs.FLATTEN.flatten(FLATTEN.java:26)
	at java_programs.FLATTEN.flatten(FLATTEN.java:26)
	at java_programs.FLATTEN.flatten(FLATTEN.java:26)
	at java_programs.FLATTEN.flatten(FLATTEN.java:26)
	at java_programs.FLATTEN.flatten(FLATTEN.java:26)
	at java_programs.FLATTEN.flatten(FLATTEN.java:26)
	at java_programs.FLATTEN.flatten(FLATTEN.java:26)
	at java_programs.FLATTEN.flatten(FLATTEN.java:26)
	at java_programs.FLATTEN.flatten(FLATTEN.java:26)
	at java_programs.FLATTEN.flatten(FLATTEN.java:26)
	at java_programs.FLATTEN.flatten(FLATTEN.java:26)
	at java_programs.FLATTEN.flatten(FLATTEN.java:26)
	at java_programs.FLATTEN.flatten(FLATTEN.java:26)
	at java_programs.FLATTEN.flatten(FLATTEN.java:26)
	at java_programs.FLATTEN.flatten(FLATTEN.java:26)
	at java_programs.FLATTEN.flatten(FLATTEN.java:26)
	at java_programs.FLATTEN.flatten(FLATTEN.java:26)
	at java_programs.FLATTEN.flatten(FLATTEN.java:26)
	at java_programs.FLATTEN.flatten(FLATTEN.java:26)
	at java_programs.FLATTEN.flatten(FLATTEN.java:26)
	at java_programs.FLATTEN.flatten(FLATTEN.java:26)
	at java_programs.FLATTEN.flatten(FLATTEN.java:26)
	at java_programs.FLATTEN.flatten(FLATTEN.java:26)
	at java_programs.FLATTEN.flatten(FLATTEN.java:26)
	at java_programs.FLATTEN.flatten(FLATTEN.java:26)
	at java_programs.FLATTEN.flatten(FLATTEN.java:26)
	at java_programs.FLATTEN.flatten(FLATTEN.java:26)
	at java_programs.FLATTEN.flatten(FLATTEN.java:26)
	at java_programs.FLATTEN.flatten(FLATTEN.java:26)
	at java_programs.FLATTEN.flatten(FLATTEN.java:26)
	at java_programs.FLATTEN.flatten(FLATTEN.java:26)
	at java_programs.FLATTEN.flatten(FLATTEN.java:26)
	at java_programs.FLATTEN.flatten(FLATTEN.java:26)
	at java_programs.FLATTEN.flatten(FLATTEN.java:26)
	at java_programs.FLATTEN.flatten(FLATTEN.java:26)
	at java_programs.FLATTEN.flatten(FLATTEN.java:26)
	at java_programs.FLATTEN.flatten(FLATTEN.java:26)
	at java_programs.FLATTEN.flatten(FLATTEN.java:26)
	at java_programs.FLATTEN.flatten(FLATTEN.java:26)
	at java_programs.FLATTEN.flatten(FLATTEN.java:26)
	at java_programs.FLATTEN.flatten(FLATTEN.java:26)
	at java_programs.FLATTEN.flatten(FLATTEN.java:26)
	at java_programs.FLATTEN.flatten(FLATTEN.java:26)
	at java_programs.FLATTEN.flatten(FLATTEN.java:26)
	at java_programs.FLATTEN.flatten(FLATTEN.java:26)
	at java_programs.FLATTEN.flatten(FLATTEN.java:26)
	at java_programs.FLATTEN.flatten(FLATTEN.java:26)
	at java_programs.FLATTEN.flatten(FLATTEN.java:26)
	at java_programs.FLATTEN.flatten(FLATTEN.java:26)
	at java_programs.FLATTEN.flatten(FLATTEN.java:26)
	at java_programs.FLATTEN.flatten(FLATTEN.java:26)
	at java_programs.FLATTEN.flatten(FLATTEN.java:26)
	at java_programs.FLATTEN.flatten(FLATTEN.java:26)
	at java_programs.FLATTEN.flatten(FLATTEN.java:26)
	at java_programs.FLATTEN.flatten(FLATTEN.java:26)
	at java_programs.FLATTEN.flatten(FLATTEN.java:26)
	at java_programs.FLATTEN.flatten(FLATTEN.java:26)
	at java_programs.FLATTEN.flatten(FLATTEN.java:26)
	at java_programs.FLATTEN.flatten(FLATTEN.java:26)
	at java_programs.FLATTEN.flatten(FLATTEN.java:26)
	at java_programs.FLATTEN.flatten(FLATTEN.java:26)
	at java_programs.FLATTEN.flatten(FLATTEN.java:26)
	at java_programs.FLATTEN.flatten(FLATTEN.java:26)
	at java_programs.FLATTEN.flatten(FLATTEN.java:26)
	at java_programs.FLATTEN.flatten(FLATTEN.java:26)
	at java_programs.FLATTEN.flatten(FLATTEN.java:26)
	at java_programs.FLATTEN.flatten(FLATTEN.java:26)
	at java_programs.FLATTEN.flatten(FLATTEN.java:26)
	at java_programs.FLATTEN.flatten(FLATTEN.java:26)
	at java_programs.FLATTEN.flatten(FLATTEN.java:26)
	at java_programs.FLATTEN.flatten(FLATTEN.java:26)
	at java_programs.FLATTEN.flatten(FLATTEN.java:26)
	at java_programs.FLATTEN.flatten(FLATTEN.java:26)
	at java_programs.FLATTEN.flatten(FLATTEN.java:26)
	at java_programs.FLATTEN.flatten(FLATTEN.java:26)
	at java_programs.FLATTEN.flatten(FLATTEN.java:26)
	at java_programs.FLATTEN.flatten(FLATTEN.java:26)
	at java_programs.FLATTEN.flatten(FLATTEN.java:26)
	at java_programs.FLATTEN.flatten(FLATTEN.java:26)
	at java_programs.FLATTEN.flatten(FLATTEN.java:26)
	at java_programs.FLATTEN.flatten(FLATTEN.java:26)
	at java_programs.FLATTEN.flatten(FLATTEN.java:26)
	at java_programs.FLATTEN.flatten(FLATTEN.java:26)
	at java_programs.FLATTEN.flatten(FLATTEN.java:26)
	at java_programs.FLATTEN.flatten(FLATTEN.java:26)
	at java_programs.FLATTEN.flatten(FLATTEN.java:26)
	at java_programs.FLATTEN.flatten(FLATTEN.java:26)
	at java_programs.FLATTEN.flatten(FLATTEN.java:26)
	at java_programs.FLATTEN.flatten(FLATTEN.java:26)
	at java_programs.FLATTEN.flatten(FLATTEN.java:26)
	at java_programs.FLATTEN.flatten(FLATTEN.java:26)
	at java_programs.FLATTEN.flatten(FLATTEN.java:26)
	at java_programs.FLATTEN.flatten(FLATTEN.java:26)
	at java_programs.FLATTEN.flatten(FLATTEN.java:26)
	at java_programs.FLATTEN.flatten(FLATTEN.java:26)
	at java_programs.FLATTEN.flatten(FLATTEN.java:26)
	at java_programs.FLATTEN.flatten(FLATTEN.java:26)
	at java_programs.FLATTEN.flatten(FLATTEN.java:26)
	at java_programs.FLATTEN.flatten(FLATTEN.java:26)
	at java_programs.FLATTEN.flatten(FLATTEN.java:26)
	at java_programs.FLATTEN.flatten(FLATTEN.java:26)
	at java_programs.FLATTEN.flatten(FLATTEN.java:26)
	at java_programs.FLATTEN.flatten(FLATTEN.java:26)
	at java_programs.FLATTEN.flatten(FLATTEN.java:26)
	at java_programs.FLATTEN.flatten(FLATTEN.java:26)
	at java_programs.FLATTEN.flatten(FLATTEN.java:26)
	at java_programs.FLATTEN.flatten(FLATTEN.java:26)
	at java_programs.FLATTEN.flatten(FLATTEN.java:26)
	at java_programs.FLATTEN.flatten(FLATTEN.java:26)
	at java_programs.FLATTEN.flatten(FLATTEN.java:26)
	at java_programs.FLATTEN.flatten(FLATTEN.java:26)
	at java_programs.FLATTEN.flatten(FLATTEN.java:26)
	at java_programs.FLATTEN.flatten(FLATTEN.java:26)
	at java_programs.FLATTEN.flatten(FLATTEN.java:26)
	at java_programs.FLATTEN.flatten(FLATTEN.java:26)
	at java_programs.FLATTEN.flatten(FLATTEN.java:26)
	at java_programs.FLATTEN.flatten(FLATTEN.java:26)
	at java_programs.FLATTEN.flatten(FLATTEN.java:26)
	at java_programs.FLATTEN.flatten(FLATTEN.java:26)
	at java_programs.FLATTEN.flatten(FLATTEN.java:26)
	at java_programs.FLATTEN.flatten(FLATTEN.java:26)
	at java_programs.FLATTEN.flatten(FLATTEN.java:26)
	at java_programs.FLATTEN.flatten(FLATTEN.java:26)
	at java_programs.FLATTEN.flatten(FLATTEN.java:26)
	at java_programs.FLATTEN.flatten(FLATTEN.java:26)
	at java_programs.FLATTEN.flatten(FLATTEN.java:26)
	at java_programs.FLATTEN.flatten(FLATTEN.java:26)
	at java_programs.FLATTEN.flatten(FLATTEN.java:26)
	at java_programs.FLATTEN.flatten(FLATTEN.java:26)
	at java_programs.FLATTEN.flatten(FLATTEN.java:26)
	at java_programs.FLATTEN.flatten(FLATTEN.java:26)
	at java_programs.FLATTEN.flatten(FLATTEN.java:26)
	at java_programs.FLATTEN.flatten(FLATTEN.java:26)
	at java_programs.FLATTEN.flatten(FLATTEN.java:26)
	at java_programs.FLATTEN.flatten(FLATTEN.java:26)
	at java_programs.FLATTEN.flatten(FLATTEN.java:26)
	at java_programs.FLATTEN.flatten(FLATTEN.java:26)
	at java_programs.FLATTEN.flatten(FLATTEN.java:26)
	at java_programs.FLATTEN.flatten(FLATTEN.java:26)
	at java_programs.FLATTEN.flatten(FLATTEN.java:26)
	at java_programs.FLATTEN.flatten(FLATTEN.java:26)
	at java_programs.FLATTEN.flatten(FLATTEN.java:26)
	at java_programs.FLATTEN.flatten(FLATTEN.java:26)
	at java_programs.FLATTEN.flatten(FLATTEN.java:26)
	at java_programs.FLATTEN.flatten(FLATTEN.java:26)
	at java_programs.FLATTEN.flatten(FLATTEN.java:26)
	at java_programs.FLATTEN.flatten(FLATTEN.java:26)
	at java_programs.FLATTEN.flatten(FLATTEN.java:26)
	at java_programs.FLATTEN.flatten(FLATTEN.java:26)
	at java_programs.FLATTEN.flatten(FLATTEN.java:26)
	at java_programs.FLATTEN.flatten(FLATTEN.java:26)
	at java_programs.FLATTEN.flatten(FLATTEN.java:26)
	at java_programs.FLATTEN.flatten(FLATTEN.java:26)
	at java_programs.FLATTEN.flatten(FLATTEN.java:26)
	at java_programs.FLATTEN.flatten(FLATTEN.java:26)
	at java_programs.FLATTEN.flatten(FLATTEN.java:26)
	at java_programs.FLATTEN.flatten(FLATTEN.java:26)
	at java_programs.FLATTEN.flatten(FLATTEN.java:26)
	at java_programs.FLATTEN.flatten(FLATTEN.java:26)
	at java_programs.FLATTEN.flatten(FLATTEN.java:26)
	at java_programs.FLATTEN.flatten(FLATTEN.java:26)
	at java_programs.FLATTEN.flatten(FLATTEN.java:26)
	at java_programs.FLATTEN.flatten(FLATTEN.java:26)
	at java_programs.FLATTEN.flatten(FLATTEN.java:26)
	at java_programs.FLATTEN.flatten(FLATTEN.java:26)
	at java_programs.FLATTEN.flatten(FLATTEN.java:26)
	at java_programs.FLATTEN.flatten(FLATTEN.java:26)
	at java_programs.FLATTEN.flatten(FLATTEN.java:26)
	at java_programs.FLATTEN.flatten(FLATTEN.java:26)
	at java_programs.FLATTEN.flatten(FLATTEN.java:26)
	at java_programs.FLATTEN.flatten(FLATTEN.java:26)
	at java_programs.FLATTEN.flatten(FLATTEN.java:26)
	at java_programs.FLATTEN.flatten(FLATTEN.java:26)
	at java_programs.FLATTEN.flatten(FLATTEN.java:26)
	at java_programs.FLATTEN.flatten(FLATTEN.java:26)
	at java_programs.FLATTEN.flatten(FLATTEN.java:26)
	at java_programs.FLATTEN.flatten(FLATTEN.java:26)
	at java_programs.FLATTEN.flatten(FLATTEN.java:26)
	at java_programs.FLATTEN.flatten(FLATTEN.java:26)
	at java_programs.FLATTEN.flatten(FLATTEN.java:26)
	at java_programs.FLATTEN.flatten(FLATTEN.java:26)
	at java_programs.FLATTEN.flatten(FLATTEN.java:26)
	at java_programs.FLATTEN.flatten(FLATTEN.java:26)
	at java_programs.FLATTEN.flatten(FLATTEN.java:26)
	at java_programs.FLATTEN.flatten(FLATTEN.java:26)
	at java_programs.FLATTEN.flatten(FLATTEN.java:26)
	at java_programs.FLATTEN.flatten(FLATTEN.java:26)
	at java_programs.FLATTEN.flatten(FLATTEN.java:26)
	at java_programs.FLATTEN.flatten(FLATTEN.java:26)
	at java_programs.FLATTEN.flatten(FLATTEN.java:26)
	at java_programs.FLATTEN.flatten(FLATTEN.java:26)
	at java_programs.FLATTEN.flatten(FLATTEN.java:26)
	at java_programs.FLATTEN.flatten(FLATTEN.java:26)
	at java_programs.FLATTEN.flatten(FLATTEN.java:26)
	at java_programs.FLATTEN.flatten(FLATTEN.java:26)
	at java_programs.FLATTEN.flatten(FLATTEN.java:26)
	at java_programs.FLATTEN.flatten(FLATTEN.java:26)
	at java_programs.FLATTEN.flatten(FLATTEN.java:26)
	at java_programs.FLATTEN.flatten(FLATTEN.java:26)
	at java_programs.FLATTEN.flatten(FLATTEN.java:26)
	at java_programs.FLATTEN.flatten(FLATTEN.java:26)
	at java_programs.FLATTEN.flatten(FLATTEN.java:26)
	at java_programs.FLATTEN.flatten(FLATTEN.java:26)
	at java_programs.FLATTEN.flatten(FLATTEN.java:26)
	at java_programs.FLATTEN.flatten(FLATTEN.java:26)
	at java_programs.FLATTEN.flatten(FLATTEN.java:26)
	at java_programs.FLATTEN.flatten(FLATTEN.java:26)
	at java_programs.FLATTEN.flatten(FLATTEN.java:26)
	at java_programs.FLATTEN.flatten(FLATTEN.java:26)
	at java_programs.FLATTEN.flatten(FLATTEN.java:26)
	at java_programs.FLATTEN.flatten(FLATTEN.java:26)
	at java_programs.FLATTEN.flatten(FLATTEN.java:26)
	at java_programs.FLATTEN.flatten(FLATTEN.java:26)
	at java_programs.FLATTEN.flatten(FLATTEN.java:26)
	at java_programs.FLATTEN.flatten(FLATTEN.java:26)
	at java_programs.FLATTEN.flatten(FLATTEN.java:26)
	at java_programs.FLATTEN.flatten(FLATTEN.java:26)
	at java_programs.FLATTEN.flatten(FLATTEN.java:26)
	at java_programs.FLATTEN.flatten(FLATTEN.java:26)
	at java_programs.FLATTEN.flatten(FLATTEN.java:26)
	at java_programs.FLATTEN.flatten(FLATTEN.java:26)
	at java_programs.FLATTEN.flatten(FLATTEN.java:26)
	at java_programs.FLATTEN.flatten(FLATTEN.java:26)
	at java_programs.FLATTEN.flatten(FLATTEN.java:26)
	at java_programs.FLATTEN.flatten(FLATTEN.java:26)
	at java_programs.FLATTEN.flatten(FLATTEN.java:26)
	at java_programs.FLATTEN.flatten(FLATTEN.java:26)
	at java_programs.FLATTEN.flatten(FLATTEN.java:26)
	at java_programs.FLATTEN.flatten(FLATTEN.java:26)
	at java_programs.FLATTEN.flatten(FLATTEN.java:26)
	at java_programs.FLATTEN.flatten(FLATTEN.java:26)
	at java_programs.FLATTEN.flatten(FLATTEN.java:26)
	at java_programs.FLATTEN.flatten(FLATTEN.java:26)
	at java_programs.FLATTEN.flatten(FLATTEN.java:26)
	at java_programs.FLATTEN.flatten(FLATTEN.java:26)
	at java_programs.FLATTEN.flatten(FLATTEN.java:26)
	at java_programs.FLATTEN.flatten(FLATTEN.java:26)
	at java_programs.FLATTEN.flatten(FLATTEN.java:26)
	at java_programs.FLATTEN.flatten(FLATTEN.java:26)
	at java_programs.FLATTEN.flatten(FLATTEN.java:26)
	at java_programs.FLATTEN.flatten(FLATTEN.java:26)
	at java_programs.FLATTEN.flatten(FLATTEN.java:26)
	at java_programs.FLATTEN.flatten(FLATTEN.java:26)
	at java_programs.FLATTEN.flatten(FLATTEN.java:26)
	at java_programs.FLATTEN.flatten(FLATTEN.java:26)
	at java_programs.FLATTEN.flatten(FLATTEN.java:26)
	at java_programs.FLATTEN.flatten(FLATTEN.java:26)
	at java_programs.FLATTEN.flatten(FLATTEN.java:26)
	at java_programs.FLATTEN.flatten(FLATTEN.java:26)
	at java_programs.FLATTEN.flatten(FLATTEN.java:26)
	at java_programs.FLATTEN.flatten(FLATTEN.java:26)
	at java_programs.FLATTEN.flatten(FLATTEN.java:26)
	at java_programs.FLATTEN.flatten(FLATTEN.java:26)
	at java_programs.FLATTEN.flatten(FLATTEN.java:26)
	at java_programs.FLATTEN.flatten(FLATTEN.java:26)
	at java_programs.FLATTEN.flatten(FLATTEN.java:26)
	at java_programs.FLATTEN.flatten(FLATTEN.java:26)
	at java_programs.FLATTEN.flatten(FLATTEN.java:26)
	at java_programs.FLATTEN.flatten(FLATTEN.java:26)
	at java_programs.FLATTEN.flatten(FLATTEN.java:26)
	at java_programs.FLATTEN.flatten(FLATTEN.java:26)
	at java_programs.FLATTEN.flatten(FLATTEN.java:26)
	at java_programs.FLATTEN.flatten(FLATTEN.java:26)
	at java_programs.FLATTEN.flatten(FLATTEN.java:26)
	at java_programs.FLATTEN.flatten(FLATTEN.java:26)
	at java_programs.FLATTEN.flatten(FLATTEN.java:26)
	at java_programs.FLATTEN.flatten(FLATTEN.java:26)
	at java_programs.FLATTEN.flatten(FLATTEN.java:26)
	at java_programs.FLATTEN.flatten(FLATTEN.java:26)
	at java_programs.FLATTEN.flatten(FLATTEN.java:26)
	at java_programs.FLATTEN.flatten(FLATTEN.java:26)
	at java_programs.FLATTEN.flatten(FLATTEN.java:26)
	at java_programs.FLATTEN.flatten(FLATTEN.java:26)
	at java_programs.FLATTEN.flatten(FLATTEN.java:26)
	at java_programs.FLATTEN.flatten(FLATTEN.java:26)
	at java_programs.FLATTEN.flatten(FLATTEN.java:26)
	at java_programs.FLATTEN.flatten(FLATTEN.java:26)
	at java_programs.FLATTEN.flatten(FLATTEN.java:26)
	at java_programs.FLATTEN.flatten(FLATTEN.java:26)
	at java_programs.FLATTEN.flatten(FLATTEN.java:26)
	at java_programs.FLATTEN.flatten(FLATTEN.java:26)
	at java_programs.FLATTEN.flatten(FLATTEN.java:26)
	at java_programs.FLATTEN.flatten(FLATTEN.java:26)
	at java_programs.FLATTEN.flatten(FLATTEN.java:26)
	at java_programs.FLATTEN.flatten(FLATTEN.java:26)
	at java_programs.FLATTEN.flatten(FLATTEN.java:26)
	at java_programs.FLATTEN.flatten(FLATTEN.java:26)
	at java_programs.FLATTEN.flatten(FLATTEN.java:26)
	at java_programs.FLATTEN.flatten(FLATTEN.java:26)
	at java_programs.FLATTEN.flatten(FLATTEN.java:26)
	at java_programs.FLATTEN.flatten(FLATTEN.java:26)
	at java_programs.FLATTEN.flatten(FLATTEN.java:26)
	at java_programs.FLATTEN.flatten(FLATTEN.java:26)
	at java_programs.FLATTEN.flatten(FLATTEN.java:26)
	at java_programs.FLATTEN.flatten(FLATTEN.java:26)
	at java_programs.FLATTEN.flatten(FLATTEN.java:26)
	at java_programs.FLATTEN.flatten(FLATTEN.java:26)
	at java_programs.FLATTEN.flatten(FLATTEN.java:26)
	at java_programs.FLATTEN.flatten(FLATTEN.java:26)
	at java_programs.FLATTEN.flatten(FLATTEN.java:26)
	at java_programs.FLATTEN.flatten(FLATTEN.java:26)
	at java_programs.FLATTEN.flatten(FLATTEN.java:26)
	at java_programs.FLATTEN.flatten(FLATTEN.java:26)
	at java_programs.FLATTEN.flatten(FLATTEN.java:26)
	at java_programs.FLATTEN.flatten(FLATTEN.java:26)
	at java_programs.FLATTEN.flatten(FLATTEN.java:26)
	at java_programs.FLATTEN.flatten(FLATTEN.java:26)
	at java_programs.FLATTEN.flatten(FLATTEN.java:26)
	at java_programs.FLATTEN.flatten(FLATTEN.java:26)
	at java_programs.FLATTEN.flatten(FLATTEN.java:26)
	at java_programs.FLATTEN.flatten(FLATTEN.java:26)
	at java_programs.FLATTEN.flatten(FLATTEN.java:26)
	at java_programs.FLATTEN.flatten(FLATTEN.java:26)
	at java_programs.FLATTEN.flatten(FLATTEN.java:26)
	at java_programs.FLATTEN.flatten(FLATTEN.java:26)
	at java_programs.FLATTEN.flatten(FLATTEN.java:26)
	at java_programs.FLATTEN.flatten(FLATTEN.java:26)
	at java_programs.FLATTEN.flatten(FLATTEN.java:26)
	at java_programs.FLATTEN.flatten(FLATTEN.java:26)
	at java_programs.FLATTEN.flatten(FLATTEN.java:26)
	at java_programs.FLATTEN.flatten(FLATTEN.java:26)
	at java_programs.FLATTEN.flatten(FLATTEN.java:26)
	at java_programs.FLATTEN.flatten(FLATTEN.java:26)
	at java_programs.FLATTEN.flatten(FLATTEN.java:26)
	at java_programs.FLATTEN.flatten(FLATTEN.java:26)
	at java_programs.FLATTEN.flatten(FLATTEN.java:26)
	at java_programs.FLATTEN.flatten(FLATTEN.java:26)
	at java_programs.FLATTEN.flatten(FLATTEN.java:26)
	at java_programs.FLATTEN.flatten(FLATTEN.java:26)
	at java_programs.FLATTEN.flatten(FLATTEN.java:26)
	at java_programs.FLATTEN.flatten(FLATTEN.java:26)
	at java_programs.FLATTEN.flatten(FLATTEN.java:26)
	at java_programs.FLATTEN.flatten(FLATTEN.java:26)
	at java_programs.FLATTEN.flatten(FLATTEN.java:26)
	at java_programs.FLATTEN.flatten(FLATTEN.java:26)
	at java_programs.FLATTEN.flatten(FLATTEN.java:26)
	at java_programs.FLATTEN.flatten(FLATTEN.java:26)
	at java_programs.FLATTEN.flatten(FLATTEN.java:26)
	at java_programs.FLATTEN.flatten(FLATTEN.java:26)
	at java_programs.FLATTEN.flatten(FLATTEN.java:26)
	at java_programs.FLATTEN.flatten(FLATTEN.java:26)
	at java_programs.FLATTEN.flatten(FLATTEN.java:26)
	at java_programs.FLATTEN.flatten(FLATTEN.java:26)
	at java_programs.FLATTEN.flatten(FLATTEN.java:26)
	at java_programs.FLATTEN.flatten(FLATTEN.java:26)
	at java_programs.FLATTEN.flatten(FLATTEN.java:26)
	at java_programs.FLATTEN.flatten(FLATTEN.java:26)
	at java_programs.FLATTEN.flatten(FLATTEN.java:26)
	at java_programs.FLATTEN.flatten(FLATTEN.java:26)
	at java_programs.FLATTEN.flatten(FLATTEN.java:26)
	at java_programs.FLATTEN.flatten(FLATTEN.java:26)
	at java_programs.FLATTEN.flatten(FLATTEN.java:26)
	at java_programs.FLATTEN.flatten(FLATTEN.java:26)
	at java_programs.FLATTEN.flatten(FLATTEN.java:26)
	at java_programs.FLATTEN.flatten(FLATTEN.java:26)
	at java_programs.FLATTEN.flatten(FLATTEN.java:26)
	at java_programs.FLATTEN.flatten(FLATTEN.java:26)
	at java_programs.FLATTEN.flatten(FLATTEN.java:26)
	at java_programs.FLATTEN.flatten(FLATTEN.java:26)
	at java_programs.FLATTEN.flatten(FLATTEN.java:26)
	at java_programs.FLATTEN.flatten(FLATTEN.java:26)
	at java_programs.FLATTEN.flatten(FLATTEN.java:26)
	at java_programs.FLATTEN.flatten(FLATTEN.java:26)
	at java_programs.FLATTEN.flatten(FLATTEN.java:26)
	at java_programs.FLATTEN.flatten(FLATTEN.java:26)
	at java_programs.FLATTEN.flatten(FLATTEN.java:26)
	at java_programs.FLATTEN.flatten(FLATTEN.java:26)
	at java_programs.FLATTEN.flatten(FLATTEN.java:26)
	at java_programs.FLATTEN.flatten(FLATTEN.java:26)
	at java_programs.FLATTEN.flatten(FLATTEN.java:26)
	at java_programs.FLATTEN.flatten(FLATTEN.java:26)
	at java_programs.FLATTEN.flatten(FLATTEN.java:26)
	at java_programs.FLATTEN.flatten(FLATTEN.java:26)
	at java_programs.FLATTEN.flatten(FLATTEN.java:26)
	at java_programs.FLATTEN.flatten(FLATTEN.java:26)
	at java_programs.FLATTEN.flatten(FLATTEN.java:26)
	at java_programs.FLATTEN.flatten(FLATTEN.java:26)
	at java_programs.FLATTEN.flatten(FLATTEN.java:26)
	at java_programs.FLATTEN.flatten(FLATTEN.java:26)
	at java_programs.FLATTEN.flatten(FLATTEN.java:26)
	at java_programs.FLATTEN.flatten(FLATTEN.java:26)
	at java_programs.FLATTEN.flatten(FLATTEN.java:26)
	at java_programs.FLATTEN.flatten(FLATTEN.java:26)
	at java_programs.FLATTEN.flatten(FLATTEN.java:26)
	at java_programs.FLATTEN.flatten(FLATTEN.java:26)
	at java_programs.FLATTEN.flatten(FLATTEN.java:26)
	at java_programs.FLATTEN.flatten(FLATTEN.java:26)
	at java_programs.FLATTEN.flatten(FLATTEN.java:26)
	at java_programs.FLATTEN.flatten(FLATTEN.java:26)
	at java_programs.FLATTEN.flatten(FLATTEN.java:26)
	at java_programs.FLATTEN.flatten(FLATTEN.java:26)
	at java_programs.FLATTEN.flatten(FLATTEN.java:26)
	at java_programs.FLATTEN.flatten(FLATTEN.java:26)
	at java_programs.FLATTEN.flatten(FLATTEN.java:26)
	at java_programs.FLATTEN.flatten(FLATTEN.java:26)
	at java_programs.FLATTEN.flatten(FLATTEN.java:26)
	at java_programs.FLATTEN.flatten(FLATTEN.java:26)
	at java_programs.FLATTEN.flatten(FLATTEN.java:26)
	at java_programs.FLATTEN.flatten(FLATTEN.java:26)
	at java_programs.FLATTEN.flatten(FLATTEN.java:26)
	at java_programs.FLATTEN.flatten(FLATTEN.java:26)
	at java_programs.FLATTEN.flatten(FLATTEN.java:26)
	at java_programs.FLATTEN.flatten(FLATTEN.java:26)
	at java_programs.FLATTEN.flatten(FLATTEN.java:26)
	at java_programs.FLATTEN.flatten(FLATTEN.java:26)
	at java_programs.FLATTEN.flatten(FLATTEN.java:26)
	at java_programs.FLATTEN.flatten(FLATTEN.java:26)
	at java_programs.FLATTEN.flatten(FLATTEN.java:26)
	at java_programs.FLATTEN.flatten(FLATTEN.java:26)
	at java_programs.FLATTEN.flatten(FLATTEN.java:26)
	at java_programs.FLATTEN.flatten(FLATTEN.java:26)
	at java_programs.FLATTEN.flatten(FLATTEN.java:26)
	at java_programs.FLATTEN.flatten(FLATTEN.java:26)
	at java_programs.FLATTEN.flatten(FLATTEN.java:26)
	at java_programs.FLATTEN.flatten(FLATTEN.java:26)
	at java_programs.FLATTEN.flatten(FLATTEN.java:26)
</failure>
  </testcase>
  <testcase name="test_6()" classname="test.java.FLATTEN_TEST" time="0.002">
    <failure message="java.lang.StackOverflowError" type="java.lang.StackOverflowError">java.lang.StackOverflowError
	at java_programs.FLATTEN.flatten(FLATTEN.java:26)
	at java_programs.FLATTEN.flatten(FLATTEN.java:26)
	at java_programs.FLATTEN.flatten(FLATTEN.java:26)
	at java_programs.FLATTEN.flatten(FLATTEN.java:26)
	at java_programs.FLATTEN.flatten(FLATTEN.java:26)
	at java_programs.FLATTEN.flatten(FLATTEN.java:26)
	at java_programs.FLATTEN.flatten(FLATTEN.java:26)
	at java_programs.FLATTEN.flatten(FLATTEN.java:26)
	at java_programs.FLATTEN.flatten(FLATTEN.java:26)
	at java_programs.FLATTEN.flatten(FLATTEN.java:26)
	at java_programs.FLATTEN.flatten(FLATTEN.java:26)
	at java_programs.FLATTEN.flatten(FLATTEN.java:26)
	at java_programs.FLATTEN.flatten(FLATTEN.java:26)
	at java_programs.FLATTEN.flatten(FLATTEN.java:26)
	at java_programs.FLATTEN.flatten(FLATTEN.java:26)
	at java_programs.FLATTEN.flatten(FLATTEN.java:26)
	at java_programs.FLATTEN.flatten(FLATTEN.java:26)
	at java_programs.FLATTEN.flatten(FLATTEN.java:26)
	at java_programs.FLATTEN.flatten(FLATTEN.java:26)
	at java_programs.FLATTEN.flatten(FLATTEN.java:26)
	at java_programs.FLATTEN.flatten(FLATTEN.java:26)
	at java_programs.FLATTEN.flatten(FLATTEN.java:26)
	at java_programs.FLATTEN.flatten(FLATTEN.java:26)
	at java_programs.FLATTEN.flatten(FLATTEN.java:26)
	at java_programs.FLATTEN.flatten(FLATTEN.java:26)
	at java_programs.FLATTEN.flatten(FLATTEN.java:26)
	at java_programs.FLATTEN.flatten(FLATTEN.java:26)
	at java_programs.FLATTEN.flatten(FLATTEN.java:26)
	at java_programs.FLATTEN.flatten(FLATTEN.java:26)
	at java_programs.FLATTEN.flatten(FLATTEN.java:26)
	at java_programs.FLATTEN.flatten(FLATTEN.java:26)
	at java_programs.FLATTEN.flatten(FLATTEN.java:26)
	at java_programs.FLATTEN.flatten(FLATTEN.java:26)
	at java_programs.FLATTEN.flatten(FLATTEN.java:26)
	at java_programs.FLATTEN.flatten(FLATTEN.java:26)
	at java_programs.FLATTEN.flatten(FLATTEN.java:26)
	at java_programs.FLATTEN.flatten(FLATTEN.java:26)
	at java_programs.FLATTEN.flatten(FLATTEN.java:26)
	at java_programs.FLATTEN.flatten(FLATTEN.java:26)
	at java_programs.FLATTEN.flatten(FLATTEN.java:26)
	at java_programs.FLATTEN.flatten(FLATTEN.java:26)
	at java_programs.FLATTEN.flatten(FLATTEN.java:26)
	at java_programs.FLATTEN.flatten(FLATTEN.java:26)
	at java_programs.FLATTEN.flatten(FLATTEN.java:26)
	at java_programs.FLATTEN.flatten(FLATTEN.java:26)
	at java_programs.FLATTEN.flatten(FLATTEN.java:26)
	at java_programs.FLATTEN.flatten(FLATTEN.java:26)
	at java_programs.FLATTEN.flatten(FLATTEN.java:26)
	at java_programs.FLATTEN.flatten(FLATTEN.java:26)
	at java_programs.FLATTEN.flatten(FLATTEN.java:26)
	at java_programs.FLATTEN.flatten(FLATTEN.java:26)
	at java_programs.FLATTEN.flatten(FLATTEN.java:26)
	at java_programs.FLATTEN.flatten(FLATTEN.java:26)
	at java_programs.FLATTEN.flatten(FLATTEN.java:26)
	at java_programs.FLATTEN.flatten(FLATTEN.java:26)
	at java_programs.FLATTEN.flatten(FLATTEN.java:26)
	at java_programs.FLATTEN.flatten(FLATTEN.java:26)
	at java_programs.FLATTEN.flatten(FLATTEN.java:26)
	at java_programs.FLATTEN.flatten(FLATTEN.java:26)
	at java_programs.FLATTEN.flatten(FLATTEN.java:26)
	at java_programs.FLATTEN.flatten(FLATTEN.java:26)
	at java_programs.FLATTEN.flatten(FLATTEN.java:26)
	at java_programs.FLATTEN.flatten(FLATTEN.java:26)
	at java_programs.FLATTEN.flatten(FLATTEN.java:26)
	at java_programs.FLATTEN.flatten(FLATTEN.java:26)
	at java_programs.FLATTEN.flatten(FLATTEN.java:26)
	at java_programs.FLATTEN.flatten(FLATTEN.java:26)
	at java_programs.FLATTEN.flatten(FLATTEN.java:26)
	at java_programs.FLATTEN.flatten(FLATTEN.java:26)
	at java_programs.FLATTEN.flatten(FLATTEN.java:26)
	at java_programs.FLATTEN.flatten(FLATTEN.java:26)
	at java_programs.FLATTEN.flatten(FLATTEN.java:26)
	at java_programs.FLATTEN.flatten(FLATTEN.java:26)
	at java_programs.FLATTEN.flatten(FLATTEN.java:26)
	at java_programs.FLATTEN.flatten(FLATTEN.java:26)
	at java_programs.FLATTEN.flatten(FLATTEN.java:26)
	at java_programs.FLATTEN.flatten(FLATTEN.java:26)
	at java_programs.FLATTEN.flatten(FLATTEN.java:26)
	at java_programs.FLATTEN.flatten(FLATTEN.java:26)
	at java_programs.FLATTEN.flatten(FLATTEN.java:26)
	at java_programs.FLATTEN.flatten(FLATTEN.java:26)
	at java_programs.FLATTEN.flatten(FLATTEN.java:26)
	at java_programs.FLATTEN.flatten(FLATTEN.java:26)
	at java_programs.FLATTEN.flatten(FLATTEN.java:26)
	at java_programs.FLATTEN.flatten(FLATTEN.java:26)
	at java_programs.FLATTEN.flatten(FLATTEN.java:26)
	at java_programs.FLATTEN.flatten(FLATTEN.java:26)
	at java_programs.FLATTEN.flatten(FLATTEN.java:26)
	at java_programs.FLATTEN.flatten(FLATTEN.java:26)
	at java_programs.FLATTEN.flatten(FLATTEN.java:26)
	at java_programs.FLATTEN.flatten(FLATTEN.java:26)
	at java_programs.FLATTEN.flatten(FLATTEN.java:26)
	at java_programs.FLATTEN.flatten(FLATTEN.java:26)
	at java_programs.FLATTEN.flatten(FLATTEN.java:26)
	at java_programs.FLATTEN.flatten(FLATTEN.java:26)
	at java_programs.FLATTEN.flatten(FLATTEN.java:26)
	at java_programs.FLATTEN.flatten(FLATTEN.java:26)
	at java_programs.FLATTEN.flatten(FLATTEN.java:26)
	at java_programs.FLATTEN.flatten(FLATTEN.java:26)
	at java_programs.FLATTEN.flatten(FLATTEN.java:26)
	at java_programs.FLATTEN.flatten(FLATTEN.java:26)
	at java_programs.FLATTEN.flatten(FLATTEN.java:26)
	at java_programs.FLATTEN.flatten(FLATTEN.java:26)
	at java_programs.FLATTEN.flatten(FLATTEN.java:26)
	at java_programs.FLATTEN.flatten(FLATTEN.java:26)
	at java_programs.FLATTEN.flatten(FLATTEN.java:26)
	at java_programs.FLATTEN.flatten(FLATTEN.java:26)
	at java_programs.FLATTEN.flatten(FLATTEN.java:26)
	at java_programs.FLATTEN.flatten(FLATTEN.java:26)
	at java_programs.FLATTEN.flatten(FLATTEN.java:26)
	at java_programs.FLATTEN.flatten(FLATTEN.java:26)
	at java_programs.FLATTEN.flatten(FLATTEN.java:26)
	at java_programs.FLATTEN.flatten(FLATTEN.java:26)
	at java_programs.FLATTEN.flatten(FLATTEN.java:26)
	at java_programs.FLATTEN.flatten(FLATTEN.java:26)
	at java_programs.FLATTEN.flatten(FLATTEN.java:26)
	at java_programs.FLATTEN.flatten(FLATTEN.java:26)
	at java_programs.FLATTEN.flatten(FLATTEN.java:26)
	at java_programs.FLATTEN.flatten(FLATTEN.java:26)
	at java_programs.FLATTEN.flatten(FLATTEN.java:26)
	at java_programs.FLATTEN.flatten(FLATTEN.java:26)
	at java_programs.FLATTEN.flatten(FLATTEN.java:26)
	at java_programs.FLATTEN.flatten(FLATTEN.java:26)
	at java_programs.FLATTEN.flatten(FLATTEN.java:26)
	at java_programs.FLATTEN.flatten(FLATTEN.java:26)
	at java_programs.FLATTEN.flatten(FLATTEN.java:26)
	at java_programs.FLATTEN.flatten(FLATTEN.java:26)
	at java_programs.FLATTEN.flatten(FLATTEN.java:26)
	at java_programs.FLATTEN.flatten(FLATTEN.java:26)
	at java_programs.FLATTEN.flatten(FLATTEN.java:26)
	at java_programs.FLATTEN.flatten(FLATTEN.java:26)
	at java_programs.FLATTEN.flatten(FLATTEN.java:26)
	at java_programs.FLATTEN.flatten(FLATTEN.java:26)
	at java_programs.FLATTEN.flatten(FLATTEN.java:26)
	at java_programs.FLATTEN.flatten(FLATTEN.java:26)
	at java_programs.FLATTEN.flatten(FLATTEN.java:26)
	at java_programs.FLATTEN.flatten(FLATTEN.java:26)
	at java_programs.FLATTEN.flatten(FLATTEN.java:26)
	at java_programs.FLATTEN.flatten(FLATTEN.java:26)
	at java_programs.FLATTEN.flatten(FLATTEN.java:26)
	at java_programs.FLATTEN.flatten(FLATTEN.java:26)
	at java_programs.FLATTEN.flatten(FLATTEN.java:26)
	at java_programs.FLATTEN.flatten(FLATTEN.java:26)
	at java_programs.FLATTEN.flatten(FLATTEN.java:26)
	at java_programs.FLATTEN.flatten(FLATTEN.java:26)
	at java_programs.FLATTEN.flatten(FLATTEN.java:26)
	at java_programs.FLATTEN.flatten(FLATTEN.java:26)
	at java_programs.FLATTEN.flatten(FLATTEN.java:26)
	at java_programs.FLATTEN.flatten(FLATTEN.java:26)
	at java_programs.FLATTEN.flatten(FLATTEN.java:26)
	at java_programs.FLATTEN.flatten(FLATTEN.java:26)
	at java_programs.FLATTEN.flatten(FLATTEN.java:26)
	at java_programs.FLATTEN.flatten(FLATTEN.java:26)
	at java_programs.FLATTEN.flatten(FLATTEN.java:26)
	at java_programs.FLATTEN.flatten(FLATTEN.java:26)
	at java_programs.FLATTEN.flatten(FLATTEN.java:26)
	at java_programs.FLATTEN.flatten(FLATTEN.java:26)
	at java_programs.FLATTEN.flatten(FLATTEN.java:26)
	at java_programs.FLATTEN.flatten(FLATTEN.java:26)
	at java_programs.FLATTEN.flatten(FLATTEN.java:26)
	at java_programs.FLATTEN.flatten(FLATTEN.java:26)
	at java_programs.FLATTEN.flatten(FLATTEN.java:26)
	at java_programs.FLATTEN.flatten(FLATTEN.java:26)
	at java_programs.FLATTEN.flatten(FLATTEN.java:26)
	at java_programs.FLATTEN.flatten(FLATTEN.java:26)
	at java_programs.FLATTEN.flatten(FLATTEN.java:26)
	at java_programs.FLATTEN.flatten(FLATTEN.java:26)
	at java_programs.FLATTEN.flatten(FLATTEN.java:26)
	at java_programs.FLATTEN.flatten(FLATTEN.java:26)
	at java_programs.FLATTEN.flatten(FLATTEN.java:26)
	at java_programs.FLATTEN.flatten(FLATTEN.java:26)
	at java_programs.FLATTEN.flatten(FLATTEN.java:26)
	at java_programs.FLATTEN.flatten(FLATTEN.java:26)
	at java_programs.FLATTEN.flatten(FLATTEN.java:26)
	at java_programs.FLATTEN.flatten(FLATTEN.java:26)
	at java_programs.FLATTEN.flatten(FLATTEN.java:26)
	at java_programs.FLATTEN.flatten(FLATTEN.java:26)
	at java_programs.FLATTEN.flatten(FLATTEN.java:26)
	at java_programs.FLATTEN.flatten(FLATTEN.java:26)
	at java_programs.FLATTEN.flatten(FLATTEN.java:26)
	at java_programs.FLATTEN.flatten(FLATTEN.java:26)
	at java_programs.FLATTEN.flatten(FLATTEN.java:26)
	at java_programs.FLATTEN.flatten(FLATTEN.java:26)
	at java_programs.FLATTEN.flatten(FLATTEN.java:26)
	at java_programs.FLATTEN.flatten(FLATTEN.java:26)
	at java_programs.FLATTEN.flatten(FLATTEN.java:26)
	at java_programs.FLATTEN.flatten(FLATTEN.java:26)
	at java_programs.FLATTEN.flatten(FLATTEN.java:26)
	at java_programs.FLATTEN.flatten(FLATTEN.java:26)
	at java_programs.FLATTEN.flatten(FLATTEN.java:26)
	at java_programs.FLATTEN.flatten(FLATTEN.java:26)
	at java_programs.FLATTEN.flatten(FLATTEN.java:26)
	at java_programs.FLATTEN.flatten(FLATTEN.java:26)
	at java_programs.FLATTEN.flatten(FLATTEN.java:26)
	at java_programs.FLATTEN.flatten(FLATTEN.java:26)
	at java_programs.FLATTEN.flatten(FLATTEN.java:26)
	at java_programs.FLATTEN.flatten(FLATTEN.java:26)
	at java_programs.FLATTEN.flatten(FLATTEN.java:26)
	at java_programs.FLATTEN.flatten(FLATTEN.java:26)
	at java_programs.FLATTEN.flatten(FLATTEN.java:26)
	at java_programs.FLATTEN.flatten(FLATTEN.java:26)
	at java_programs.FLATTEN.flatten(FLATTEN.java:26)
	at java_programs.FLATTEN.flatten(FLATTEN.java:26)
	at java_programs.FLATTEN.flatten(FLATTEN.java:26)
	at java_programs.FLATTEN.flatten(FLATTEN.java:26)
	at java_programs.FLATTEN.flatten(FLATTEN.java:26)
	at java_programs.FLATTEN.flatten(FLATTEN.java:26)
	at java_programs.FLATTEN.flatten(FLATTEN.java:26)
	at java_programs.FLATTEN.flatten(FLATTEN.java:26)
	at java_programs.FLATTEN.flatten(FLATTEN.java:26)
	at java_programs.FLATTEN.flatten(FLATTEN.java:26)
	at java_programs.FLATTEN.flatten(FLATTEN.java:26)
	at java_programs.FLATTEN.flatten(FLATTEN.java:26)
	at java_programs.FLATTEN.flatten(FLATTEN.java:26)
	at java_programs.FLATTEN.flatten(FLATTEN.java:26)
	at java_programs.FLATTEN.flatten(FLATTEN.java:26)
	at java_programs.FLATTEN.flatten(FLATTEN.java:26)
	at java_programs.FLATTEN.flatten(FLATTEN.java:26)
	at java_programs.FLATTEN.flatten(FLATTEN.java:26)
	at java_programs.FLATTEN.flatten(FLATTEN.java:26)
	at java_programs.FLATTEN.flatten(FLATTEN.java:26)
	at java_programs.FLATTEN.flatten(FLATTEN.java:26)
	at java_programs.FLATTEN.flatten(FLATTEN.java:26)
	at java_programs.FLATTEN.flatten(FLATTEN.java:26)
	at java_programs.FLATTEN.flatten(FLATTEN.java:26)
	at java_programs.FLATTEN.flatten(FLATTEN.java:26)
	at java_programs.FLATTEN.flatten(FLATTEN.java:26)
	at java_programs.FLATTEN.flatten(FLATTEN.java:26)
	at java_programs.FLATTEN.flatten(FLATTEN.java:26)
	at java_programs.FLATTEN.flatten(FLATTEN.java:26)
	at java_programs.FLATTEN.flatten(FLATTEN.java:26)
	at java_programs.FLATTEN.flatten(FLATTEN.java:26)
	at java_programs.FLATTEN.flatten(FLATTEN.java:26)
	at java_programs.FLATTEN.flatten(FLATTEN.java:26)
	at java_programs.FLATTEN.flatten(FLATTEN.java:26)
	at java_programs.FLATTEN.flatten(FLATTEN.java:26)
	at java_programs.FLATTEN.flatten(FLATTEN.java:26)
	at java_programs.FLATTEN.flatten(FLATTEN.java:26)
	at java_programs.FLATTEN.flatten(FLATTEN.java:26)
	at java_programs.FLATTEN.flatten(FLATTEN.java:26)
	at java_programs.FLATTEN.flatten(FLATTEN.java:26)
	at java_programs.FLATTEN.flatten(FLATTEN.java:26)
	at java_programs.FLATTEN.flatten(FLATTEN.java:26)
	at java_programs.FLATTEN.flatten(FLATTEN.java:26)
	at java_programs.FLATTEN.flatten(FLATTEN.java:26)
	at java_programs.FLATTEN.flatten(FLATTEN.java:26)
	at java_programs.FLATTEN.flatten(FLATTEN.java:26)
	at java_programs.FLATTEN.flatten(FLATTEN.java:26)
	at java_programs.FLATTEN.flatten(FLATTEN.java:26)
	at java_programs.FLATTEN.flatten(FLATTEN.java:26)
	at java_programs.FLATTEN.flatten(FLATTEN.java:26)
	at java_programs.FLATTEN.flatten(FLATTEN.java:26)
	at java_programs.FLATTEN.flatten(FLATTEN.java:26)
	at java_programs.FLATTEN.flatten(FLATTEN.java:26)
	at java_programs.FLATTEN.flatten(FLATTEN.java:26)
	at java_programs.FLATTEN.flatten(FLATTEN.java:26)
	at java_programs.FLATTEN.flatten(FLATTEN.java:26)
	at java_programs.FLATTEN.flatten(FLATTEN.java:26)
	at java_programs.FLATTEN.flatten(FLATTEN.java:26)
	at java_programs.FLATTEN.flatten(FLATTEN.java:26)
	at java_programs.FLATTEN.flatten(FLATTEN.java:26)
	at java_programs.FLATTEN.flatten(FLATTEN.java:26)
	at java_programs.FLATTEN.flatten(FLATTEN.java:26)
	at java_programs.FLATTEN.flatten(FLATTEN.java:26)
	at java_programs.FLATTEN.flatten(FLATTEN.java:26)
	at java_programs.FLATTEN.flatten(FLATTEN.java:26)
	at java_programs.FLATTEN.flatten(FLATTEN.java:26)
	at java_programs.FLATTEN.flatten(FLATTEN.java:26)
	at java_programs.FLATTEN.flatten(FLATTEN.java:26)
	at java_programs.FLATTEN.flatten(FLATTEN.java:26)
	at java_programs.FLATTEN.flatten(FLATTEN.java:26)
	at java_programs.FLATTEN.flatten(FLATTEN.java:26)
	at java_programs.FLATTEN.flatten(FLATTEN.java:26)
	at java_programs.FLATTEN.flatten(FLATTEN.java:26)
	at java_programs.FLATTEN.flatten(FLATTEN.java:26)
	at java_programs.FLATTEN.flatten(FLATTEN.java:26)
	at java_programs.FLATTEN.flatten(FLATTEN.java:26)
	at java_programs.FLATTEN.flatten(FLATTEN.java:26)
	at java_programs.FLATTEN.flatten(FLATTEN.java:26)
	at java_programs.FLATTEN.flatten(FLATTEN.java:26)
	at java_programs.FLATTEN.flatten(FLATTEN.java:26)
	at java_programs.FLATTEN.flatten(FLATTEN.java:26)
	at java_programs.FLATTEN.flatten(FLATTEN.java:26)
	at java_programs.FLATTEN.flatten(FLATTEN.java:26)
	at java_programs.FLATTEN.flatten(FLATTEN.java:26)
	at java_programs.FLATTEN.flatten(FLATTEN.java:26)
	at java_programs.FLATTEN.flatten(FLATTEN.java:26)
	at java_programs.FLATTEN.flatten(FLATTEN.java:26)
	at java_programs.FLATTEN.flatten(FLATTEN.java:26)
	at java_programs.FLATTEN.flatten(FLATTEN.java:26)
	at java_programs.FLATTEN.flatten(FLATTEN.java:26)
	at java_programs.FLATTEN.flatten(FLATTEN.java:26)
	at java_programs.FLATTEN.flatten(FLATTEN.java:26)
	at java_programs.FLATTEN.flatten(FLATTEN.java:26)
	at java_programs.FLATTEN.flatten(FLATTEN.java:26)
	at java_programs.FLATTEN.flatten(FLATTEN.java:26)
	at java_programs.FLATTEN.flatten(FLATTEN.java:26)
	at java_programs.FLATTEN.flatten(FLATTEN.java:26)
	at java_programs.FLATTEN.flatten(FLATTEN.java:26)
	at java_programs.FLATTEN.flatten(FLATTEN.java:26)
	at java_programs.FLATTEN.flatten(FLATTEN.java:26)
	at java_programs.FLATTEN.flatten(FLATTEN.java:26)
	at java_programs.FLATTEN.flatten(FLATTEN.java:26)
	at java_programs.FLATTEN.flatten(FLATTEN.java:26)
	at java_programs.FLATTEN.flatten(FLATTEN.java:26)
	at java_programs.FLATTEN.flatten(FLATTEN.java:26)
	at java_programs.FLATTEN.flatten(FLATTEN.java:26)
	at java_programs.FLATTEN.flatten(FLATTEN.java:26)
	at java_programs.FLATTEN.flatten(FLATTEN.java:26)
	at java_programs.FLATTEN.flatten(FLATTEN.java:26)
	at java_programs.FLATTEN.flatten(FLATTEN.java:26)
	at java_programs.FLATTEN.flatten(FLATTEN.java:26)
	at java_programs.FLATTEN.flatten(FLATTEN.java:26)
	at java_programs.FLATTEN.flatten(FLATTEN.java:26)
	at java_programs.FLATTEN.flatten(FLATTEN.java:26)
	at java_programs.FLATTEN.flatten(FLATTEN.java:26)
	at java_programs.FLATTEN.flatten(FLATTEN.java:26)
	at java_programs.FLATTEN.flatten(FLATTEN.java:26)
	at java_programs.FLATTEN.flatten(FLATTEN.java:26)
	at java_programs.FLATTEN.flatten(FLATTEN.java:26)
	at java_programs.FLATTEN.flatten(FLATTEN.java:26)
	at java_programs.FLATTEN.flatten(FLATTEN.java:26)
	at java_programs.FLATTEN.flatten(FLATTEN.java:26)
	at java_programs.FLATTEN.flatten(FLATTEN.java:26)
	at java_programs.FLATTEN.flatten(FLATTEN.java:26)
	at java_programs.FLATTEN.flatten(FLATTEN.java:26)
	at java_programs.FLATTEN.flatten(FLATTEN.java:26)
	at java_programs.FLATTEN.flatten(FLATTEN.java:26)
	at java_programs.FLATTEN.flatten(FLATTEN.java:26)
	at java_programs.FLATTEN.flatten(FLATTEN.java:26)
	at java_programs.FLATTEN.flatten(FLATTEN.java:26)
	at java_programs.FLATTEN.flatten(FLATTEN.java:26)
	at java_programs.FLATTEN.flatten(FLATTEN.java:26)
	at java_programs.FLATTEN.flatten(FLATTEN.java:26)
	at java_programs.FLATTEN.flatten(FLATTEN.java:26)
	at java_programs.FLATTEN.flatten(FLATTEN.java:26)
	at java_programs.FLATTEN.flatten(FLATTEN.java:26)
	at java_programs.FLATTEN.flatten(FLATTEN.java:26)
	at java_programs.FLATTEN.flatten(FLATTEN.java:26)
	at java_programs.FLATTEN.flatten(FLATTEN.java:26)
	at java_programs.FLATTEN.flatten(FLATTEN.java:26)
	at java_programs.FLATTEN.flatten(FLATTEN.java:26)
	at java_programs.FLATTEN.flatten(FLATTEN.java:26)
	at java_programs.FLATTEN.flatten(FLATTEN.java:26)
	at java_programs.FLATTEN.flatten(FLATTEN.java:26)
	at java_programs.FLATTEN.flatten(FLATTEN.java:26)
	at java_programs.FLATTEN.flatten(FLATTEN.java:26)
	at java_programs.FLATTEN.flatten(FLATTEN.java:26)
	at java_programs.FLATTEN.flatten(FLATTEN.java:26)
	at java_programs.FLATTEN.flatten(FLATTEN.java:26)
	at java_programs.FLATTEN.flatten(FLATTEN.java:26)
	at java_programs.FLATTEN.flatten(FLATTEN.java:26)
	at java_programs.FLATTEN.flatten(FLATTEN.java:26)
	at java_programs.FLATTEN.flatten(FLATTEN.java:26)
	at java_programs.FLATTEN.flatten(FLATTEN.java:26)
	at java_programs.FLATTEN.flatten(FLATTEN.java:26)
	at java_programs.FLATTEN.flatten(FLATTEN.java:26)
	at java_programs.FLATTEN.flatten(FLATTEN.java:26)
	at java_programs.FLATTEN.flatten(FLATTEN.java:26)
	at java_programs.FLATTEN.flatten(FLATTEN.java:26)
	at java_programs.FLATTEN.flatten(FLATTEN.java:26)
	at java_programs.FLATTEN.flatten(FLATTEN.java:26)
	at java_programs.FLATTEN.flatten(FLATTEN.java:26)
	at java_programs.FLATTEN.flatten(FLATTEN.java:26)
	at java_programs.FLATTEN.flatten(FLATTEN.java:26)
	at java_programs.FLATTEN.flatten(FLATTEN.java:26)
	at java_programs.FLATTEN.flatten(FLATTEN.java:26)
	at java_programs.FLATTEN.flatten(FLATTEN.java:26)
	at java_programs.FLATTEN.flatten(FLATTEN.java:26)
	at java_programs.FLATTEN.flatten(FLATTEN.java:26)
	at java_programs.FLATTEN.flatten(FLATTEN.java:26)
	at java_programs.FLATTEN.flatten(FLATTEN.java:26)
	at java_programs.FLATTEN.flatten(FLATTEN.java:26)
	at java_programs.FLATTEN.flatten(FLATTEN.java:26)
	at java_programs.FLATTEN.flatten(FLATTEN.java:26)
	at java_programs.FLATTEN.flatten(FLATTEN.java:26)
	at java_programs.FLATTEN.flatten(FLATTEN.java:26)
	at java_programs.FLATTEN.flatten(FLATTEN.java:26)
	at java_programs.FLATTEN.flatten(FLATTEN.java:26)
	at java_programs.FLATTEN.flatten(FLATTEN.java:26)
	at java_programs.FLATTEN.flatten(FLATTEN.java:26)
	at java_programs.FLATTEN.flatten(FLATTEN.java:26)
	at java_programs.FLATTEN.flatten(FLATTEN.java:26)
	at java_programs.FLATTEN.flatten(FLATTEN.java:26)
	at java_programs.FLATTEN.flatten(FLATTEN.java:26)
	at java_programs.FLATTEN.flatten(FLATTEN.java:26)
	at java_programs.FLATTEN.flatten(FLATTEN.java:26)
	at java_programs.FLATTEN.flatten(FLATTEN.java:26)
	at java_programs.FLATTEN.flatten(FLATTEN.java:26)
	at java_programs.FLATTEN.flatten(FLATTEN.java:26)
	at java_programs.FLATTEN.flatten(FLATTEN.java:26)
	at java_programs.FLATTEN.flatten(FLATTEN.java:26)
	at java_programs.FLATTEN.flatten(FLATTEN.java:26)
	at java_programs.FLATTEN.flatten(FLATTEN.java:26)
	at java_programs.FLATTEN.flatten(FLATTEN.java:26)
	at java_programs.FLATTEN.flatten(FLATTEN.java:26)
	at java_programs.FLATTEN.flatten(FLATTEN.java:26)
	at java_programs.FLATTEN.flatten(FLATTEN.java:26)
	at java_programs.FLATTEN.flatten(FLATTEN.java:26)
	at java_programs.FLATTEN.flatten(FLATTEN.java:26)
	at java_programs.FLATTEN.flatten(FLATTEN.java:26)
	at java_programs.FLATTEN.flatten(FLATTEN.java:26)
	at java_programs.FLATTEN.flatten(FLATTEN.java:26)
	at java_programs.FLATTEN.flatten(FLATTEN.java:26)
	at java_programs.FLATTEN.flatten(FLATTEN.java:26)
	at java_programs.FLATTEN.flatten(FLATTEN.java:26)
	at java_programs.FLATTEN.flatten(FLATTEN.java:26)
	at java_programs.FLATTEN.flatten(FLATTEN.java:26)
	at java_programs.FLATTEN.flatten(FLATTEN.java:26)
	at java_programs.FLATTEN.flatten(FLATTEN.java:26)
	at java_programs.FLATTEN.flatten(FLATTEN.java:26)
	at java_programs.FLATTEN.flatten(FLATTEN.java:26)
	at java_programs.FLATTEN.flatten(FLATTEN.java:26)
	at java_programs.FLATTEN.flatten(FLATTEN.java:26)
	at java_programs.FLATTEN.flatten(FLATTEN.java:26)
	at java_programs.FLATTEN.flatten(FLATTEN.java:26)
	at java_programs.FLATTEN.flatten(FLATTEN.java:26)
	at java_programs.FLATTEN.flatten(FLATTEN.java:26)
	at java_programs.FLATTEN.flatten(FLATTEN.java:26)
	at java_programs.FLATTEN.flatten(FLATTEN.java:26)
	at java_programs.FLATTEN.flatten(FLATTEN.java:26)
	at java_programs.FLATTEN.flatten(FLATTEN.java:26)
	at java_programs.FLATTEN.flatten(FLATTEN.java:26)
	at java_programs.FLATTEN.flatten(FLATTEN.java:26)
	at java_programs.FLATTEN.flatten(FLATTEN.java:26)
	at java_programs.FLATTEN.flatten(FLATTEN.java:26)
	at java_programs.FLATTEN.flatten(FLATTEN.java:26)
	at java_programs.FLATTEN.flatten(FLATTEN.java:26)
	at java_programs.FLATTEN.flatten(FLATTEN.java:26)
	at java_programs.FLATTEN.flatten(FLATTEN.java:26)
	at java_programs.FLATTEN.flatten(FLATTEN.java:26)
	at java_programs.FLATTEN.flatten(FLATTEN.java:26)
	at java_programs.FLATTEN.flatten(FLATTEN.java:26)
	at java_programs.FLATTEN.flatten(FLATTEN.java:26)
	at java_programs.FLATTEN.flatten(FLATTEN.java:26)
	at java_programs.FLATTEN.flatten(FLATTEN.java:26)
	at java_programs.FLATTEN.flatten(FLATTEN.java:26)
	at java_programs.FLATTEN.flatten(FLATTEN.java:26)
	at java_programs.FLATTEN.flatten(FLATTEN.java:26)
	at java_programs.FLATTEN.flatten(FLATTEN.java:26)
	at java_programs.FLATTEN.flatten(FLATTEN.java:26)
	at java_programs.FLATTEN.flatten(FLATTEN.java:26)
	at java_programs.FLATTEN.flatten(FLATTEN.java:26)
	at java_programs.FLATTEN.flatten(FLATTEN.java:26)
	at java_programs.FLATTEN.flatten(FLATTEN.java:26)
	at java_programs.FLATTEN.flatten(FLATTEN.java:26)
	at java_programs.FLATTEN.flatten(FLATTEN.java:26)
	at java_programs.FLATTEN.flatten(FLATTEN.java:26)
	at java_programs.FLATTEN.flatten(FLATTEN.java:26)
	at java_programs.FLATTEN.flatten(FLATTEN.java:26)
	at java_programs.FLATTEN.flatten(FLATTEN.java:26)
	at java_programs.FLATTEN.flatten(FLATTEN.java:26)
	at java_programs.FLATTEN.flatten(FLATTEN.java:26)
	at java_programs.FLATTEN.flatten(FLATTEN.java:26)
	at java_programs.FLATTEN.flatten(FLATTEN.java:26)
	at java_programs.FLATTEN.flatten(FLATTEN.java:26)
	at java_programs.FLATTEN.flatten(FLATTEN.java:26)
	at java_programs.FLATTEN.flatten(FLATTEN.java:26)
	at java_programs.FLATTEN.flatten(FLATTEN.java:26)
	at java_programs.FLATTEN.flatten(FLATTEN.java:26)
	at java_programs.FLATTEN.flatten(FLATTEN.java:26)
	at java_programs.FLATTEN.flatten(FLATTEN.java:26)
	at java_programs.FLATTEN.flatten(FLATTEN.java:26)
	at java_programs.FLATTEN.flatten(FLATTEN.java:26)
	at java_programs.FLATTEN.flatten(FLATTEN.java:26)
	at java_programs.FLATTEN.flatten(FLATTEN.java:26)
	at java_programs.FLATTEN.flatten(FLATTEN.java:26)
	at java_programs.FLATTEN.flatten(FLATTEN.java:26)
	at java_programs.FLATTEN.flatten(FLATTEN.java:26)
	at java_programs.FLATTEN.flatten(FLATTEN.java:26)
	at java_programs.FLATTEN.flatten(FLATTEN.java:26)
	at java_programs.FLATTEN.flatten(FLATTEN.java:26)
	at java_programs.FLATTEN.flatten(FLATTEN.java:26)
	at java_programs.FLATTEN.flatten(FLATTEN.java:26)
	at java_programs.FLATTEN.flatten(FLATTEN.java:26)
	at java_programs.FLATTEN.flatten(FLATTEN.java:26)
	at java_programs.FLATTEN.flatten(FLATTEN.java:26)
	at java_programs.FLATTEN.flatten(FLATTEN.java:26)
	at java_programs.FLATTEN.flatten(FLATTEN.java:26)
	at java_programs.FLATTEN.flatten(FLATTEN.java:26)
	at java_programs.FLATTEN.flatten(FLATTEN.java:26)
	at java_programs.FLATTEN.flatten(FLATTEN.java:26)
	at java_programs.FLATTEN.flatten(FLATTEN.java:26)
	at java_programs.FLATTEN.flatten(FLATTEN.java:26)
	at java_programs.FLATTEN.flatten(FLATTEN.java:26)
	at java_programs.FLATTEN.flatten(FLATTEN.java:26)
	at java_programs.FLATTEN.flatten(FLATTEN.java:26)
	at java_programs.FLATTEN.flatten(FLATTEN.java:26)
	at java_programs.FLATTEN.flatten(FLATTEN.java:26)
	at java_programs.FLATTEN.flatten(FLATTEN.java:26)
	at java_programs.FLATTEN.flatten(FLATTEN.java:26)
	at java_programs.FLATTEN.flatten(FLATTEN.java:26)
	at java_programs.FLATTEN.flatten(FLATTEN.java:26)
	at java_programs.FLATTEN.flatten(FLATTEN.java:26)
	at java_programs.FLATTEN.flatten(FLATTEN.java:26)
	at java_programs.FLATTEN.flatten(FLATTEN.java:26)
	at java_programs.FLATTEN.flatten(FLATTEN.java:26)
	at java_programs.FLATTEN.flatten(FLATTEN.java:26)
	at java_programs.FLATTEN.flatten(FLATTEN.java:26)
	at java_programs.FLATTEN.flatten(FLATTEN.java:26)
	at java_programs.FLATTEN.flatten(FLATTEN.java:26)
	at java_programs.FLATTEN.flatten(FLATTEN.java:26)
	at java_programs.FLATTEN.flatten(FLATTEN.java:26)
	at java_programs.FLATTEN.flatten(FLATTEN.java:26)
	at java_programs.FLATTEN.flatten(FLATTEN.java:26)
	at java_programs.FLATTEN.flatten(FLATTEN.java:26)
	at java_programs.FLATTEN.flatten(FLATTEN.java:26)
	at java_programs.FLATTEN.flatten(FLATTEN.java:26)
	at java_programs.FLATTEN.flatten(FLATTEN.java:26)
	at java_programs.FLATTEN.flatten(FLATTEN.java:26)
	at java_programs.FLATTEN.flatten(FLATTEN.java:26)
	at java_programs.FLATTEN.flatten(FLATTEN.java:26)
	at java_programs.FLATTEN.flatten(FLATTEN.java:26)
	at java_programs.FLATTEN.flatten(FLATTEN.java:26)
	at java_programs.FLATTEN.flatten(FLATTEN.java:26)
	at java_programs.FLATTEN.flatten(FLATTEN.java:26)
	at java_programs.FLATTEN.flatten(FLATTEN.java:26)
	at java_programs.FLATTEN.flatten(FLATTEN.java:26)
	at java_programs.FLATTEN.flatten(FLATTEN.java:26)
	at java_programs.FLATTEN.flatten(FLATTEN.java:26)
	at java_programs.FLATTEN.flatten(FLATTEN.java:26)
	at java_programs.FLATTEN.flatten(FLATTEN.java:26)
	at java_programs.FLATTEN.flatten(FLATTEN.java:26)
	at java_programs.FLATTEN.flatten(FLATTEN.java:26)
	at java_programs.FLATTEN.flatten(FLATTEN.java:26)
	at java_programs.FLATTEN.flatten(FLATTEN.java:26)
	at java_programs.FLATTEN.flatten(FLATTEN.java:26)
	at java_programs.FLATTEN.flatten(FLATTEN.java:26)
	at java_programs.FLATTEN.flatten(FLATTEN.java:26)
	at java_programs.FLATTEN.flatten(FLATTEN.java:26)
	at java_programs.FLATTEN.flatten(FLATTEN.java:26)
	at java_programs.FLATTEN.flatten(FLATTEN.java:26)
	at java_programs.FLATTEN.flatten(FLATTEN.java:26)
	at java_programs.FLATTEN.flatten(FLATTEN.java:26)
	at java_programs.FLATTEN.flatten(FLATTEN.java:26)
	at java_programs.FLATTEN.flatten(FLATTEN.java:26)
	at java_programs.FLATTEN.flatten(FLATTEN.java:26)
	at java_programs.FLATTEN.flatten(FLATTEN.java:26)
	at java_programs.FLATTEN.flatten(FLATTEN.java:26)
	at java_programs.FLATTEN.flatten(FLATTEN.java:26)
	at java_programs.FLATTEN.flatten(FLATTEN.java:26)
	at java_programs.FLATTEN.flatten(FLATTEN.java:26)
	at java_programs.FLATTEN.flatten(FLATTEN.java:26)
	at java_programs.FLATTEN.flatten(FLATTEN.java:26)
	at java_programs.FLATTEN.flatten(FLATTEN.java:26)
	at java_programs.FLATTEN.flatten(FLATTEN.java:26)
	at java_programs.FLATTEN.flatten(FLATTEN.java:26)
	at java_programs.FLATTEN.flatten(FLATTEN.java:26)
	at java_programs.FLATTEN.flatten(FLATTEN.java:26)
	at java_programs.FLATTEN.flatten(FLATTEN.java:26)
	at java_programs.FLATTEN.flatten(FLATTEN.java:26)
	at java_programs.FLATTEN.flatten(FLATTEN.java:26)
	at java_programs.FLATTEN.flatten(FLATTEN.java:26)
	at java_programs.FLATTEN.flatten(FLATTEN.java:26)
	at java_programs.FLATTEN.flatten(FLATTEN.java:26)
	at java_programs.FLATTEN.flatten(FLATTEN.java:26)
	at java_programs.FLATTEN.flatten(FLATTEN.java:26)
	at java_programs.FLATTEN.flatten(FLATTEN.java:26)
	at java_programs.FLATTEN.flatten(FLATTEN.java:26)
	at java_programs.FLATTEN.flatten(FLATTEN.java:26)
	at java_programs.FLATTEN.flatten(FLATTEN.java:26)
	at java_programs.FLATTEN.flatten(FLATTEN.java:26)
	at java_programs.FLATTEN.flatten(FLATTEN.java:26)
	at java_programs.FLATTEN.flatten(FLATTEN.java:26)
	at java_programs.FLATTEN.flatten(FLATTEN.java:26)
	at java_programs.FLATTEN.flatten(FLATTEN.java:26)
	at java_programs.FLATTEN.flatten(FLATTEN.java:26)
	at java_programs.FLATTEN.flatten(FLATTEN.java:26)
	at java_programs.FLATTEN.flatten(FLATTEN.java:26)
	at java_programs.FLATTEN.flatten(FLATTEN.java:26)
	at java_programs.FLATTEN.flatten(FLATTEN.java:26)
	at java_programs.FLATTEN.flatten(FLATTEN.java:26)
	at java_programs.FLATTEN.flatten(FLATTEN.java:26)
	at java_programs.FLATTEN.flatten(FLATTEN.java:26)
	at java_programs.FLATTEN.flatten(FLATTEN.java:26)
	at java_programs.FLATTEN.flatten(FLATTEN.java:26)
	at java_programs.FLATTEN.flatten(FLATTEN.java:26)
	at java_programs.FLATTEN.flatten(FLATTEN.java:26)
	at java_programs.FLATTEN.flatten(FLATTEN.java:26)
	at java_programs.FLATTEN.flatten(FLATTEN.java:26)
	at java_programs.FLATTEN.flatten(FLATTEN.java:26)
	at java_programs.FLATTEN.flatten(FLATTEN.java:26)
	at java_programs.FLATTEN.flatten(FLATTEN.java:26)
	at java_programs.FLATTEN.flatten(FLATTEN.java:26)
	at java_programs.FLATTEN.flatten(FLATTEN.java:26)
	at java_programs.FLATTEN.flatten(FLATTEN.java:26)
	at java_programs.FLATTEN.flatten(FLATTEN.java:26)
	at java_programs.FLATTEN.flatten(FLATTEN.java:26)
	at java_programs.FLATTEN.flatten(FLATTEN.java:26)
	at java_programs.FLATTEN.flatten(FLATTEN.java:26)
	at java_programs.FLATTEN.flatten(FLATTEN.java:26)
	at java_programs.FLATTEN.flatten(FLATTEN.java:26)
	at java_programs.FLATTEN.flatten(FLATTEN.java:26)
	at java_programs.FLATTEN.flatten(FLATTEN.java:26)
	at java_programs.FLATTEN.flatten(FLATTEN.java:26)
	at java_programs.FLATTEN.flatten(FLATTEN.java:26)
	at java_programs.FLATTEN.flatten(FLATTEN.java:26)
	at java_programs.FLATTEN.flatten(FLATTEN.java:26)
	at java_programs.FLATTEN.flatten(FLATTEN.java:26)
	at java_programs.FLATTEN.flatten(FLATTEN.java:26)
	at java_programs.FLATTEN.flatten(FLATTEN.java:26)
	at java_programs.FLATTEN.flatten(FLATTEN.java:26)
	at java_programs.FLATTEN.flatten(FLATTEN.java:26)
	at java_programs.FLATTEN.flatten(FLATTEN.java:26)
	at java_programs.FLATTEN.flatten(FLATTEN.java:26)
	at java_programs.FLATTEN.flatten(FLATTEN.java:26)
	at java_programs.FLATTEN.flatten(FLATTEN.java:26)
	at java_programs.FLATTEN.flatten(FLATTEN.java:26)
	at java_programs.FLATTEN.flatten(FLATTEN.java:26)
	at java_programs.FLATTEN.flatten(FLATTEN.java:26)
	at java_programs.FLATTEN.flatten(FLATTEN.java:26)
	at java_programs.FLATTEN.flatten(FLATTEN.java:26)
	at java_programs.FLATTEN.flatten(FLATTEN.java:26)
	at java_programs.FLATTEN.flatten(FLATTEN.java:26)
	at java_programs.FLATTEN.flatten(FLATTEN.java:26)
	at java_programs.FLATTEN.flatten(FLATTEN.java:26)
	at java_programs.FLATTEN.flatten(FLATTEN.java:26)
	at java_programs.FLATTEN.flatten(FLATTEN.java:26)
	at java_programs.FLATTEN.flatten(FLATTEN.java:26)
	at java_programs.FLATTEN.flatten(FLATTEN.java:26)
	at java_programs.FLATTEN.flatten(FLATTEN.java:26)
	at java_programs.FLATTEN.flatten(FLATTEN.java:26)
	at java_programs.FLATTEN.flatten(FLATTEN.java:26)
	at java_programs.FLATTEN.flatten(FLATTEN.java:26)
	at java_programs.FLATTEN.flatten(FLATTEN.java:26)
	at java_programs.FLATTEN.flatten(FLATTEN.java:26)
	at java_programs.FLATTEN.flatten(FLATTEN.java:26)
	at java_programs.FLATTEN.flatten(FLATTEN.java:26)
	at java_programs.FLATTEN.flatten(FLATTEN.java:26)
	at java_programs.FLATTEN.flatten(FLATTEN.java:26)
	at java_programs.FLATTEN.flatten(FLATTEN.java:26)
	at java_programs.FLATTEN.flatten(FLATTEN.java:26)
	at java_programs.FLATTEN.flatten(FLATTEN.java:26)
	at java_programs.FLATTEN.flatten(FLATTEN.java:26)
	at java_programs.FLATTEN.flatten(FLATTEN.java:26)
	at java_programs.FLATTEN.flatten(FLATTEN.java:26)
	at java_programs.FLATTEN.flatten(FLATTEN.java:26)
	at java_programs.FLATTEN.flatten(FLATTEN.java:26)
	at java_programs.FLATTEN.flatten(FLATTEN.java:26)
	at java_programs.FLATTEN.flatten(FLATTEN.java:26)
	at java_programs.FLATTEN.flatten(FLATTEN.java:26)
	at java_programs.FLATTEN.flatten(FLATTEN.java:26)
	at java_programs.FLATTEN.flatten(FLATTEN.java:26)
	at java_programs.FLATTEN.flatten(FLATTEN.java:26)
	at java_programs.FLATTEN.flatten(FLATTEN.java:26)
	at java_programs.FLATTEN.flatten(FLATTEN.java:26)
	at java_programs.FLATTEN.flatten(FLATTEN.java:26)
	at java_programs.FLATTEN.flatten(FLATTEN.java:26)
	at java_programs.FLATTEN.flatten(FLATTEN.java:26)
	at java_programs.FLATTEN.flatten(FLATTEN.java:26)
	at java_programs.FLATTEN.flatten(FLATTEN.java:26)
	at java_programs.FLATTEN.flatten(FLATTEN.java:26)
	at java_programs.FLATTEN.flatten(FLATTEN.java:26)
	at java_programs.FLATTEN.flatten(FLATTEN.java:26)
	at java_programs.FLATTEN.flatten(FLATTEN.java:26)
	at java_programs.FLATTEN.flatten(FLATTEN.java:26)
	at java_programs.FLATTEN.flatten(FLATTEN.java:26)
	at java_programs.FLATTEN.flatten(FLATTEN.java:26)
	at java_programs.FLATTEN.flatten(FLATTEN.java:26)
	at java_programs.FLATTEN.flatten(FLATTEN.java:26)
	at java_programs.FLATTEN.flatten(FLATTEN.java:26)
	at java_programs.FLATTEN.flatten(FLATTEN.java:26)
	at java_programs.FLATTEN.flatten(FLATTEN.java:26)
	at java_programs.FLATTEN.flatten(FLATTEN.java:26)
	at java_programs.FLATTEN.flatten(FLATTEN.java:26)
	at java_programs.FLATTEN.flatten(FLATTEN.java:26)
	at java_programs.FLATTEN.flatten(FLATTEN.java:26)
	at java_programs.FLATTEN.flatten(FLATTEN.java:26)
	at java_programs.FLATTEN.flatten(FLATTEN.java:26)
	at java_programs.FLATTEN.flatten(FLATTEN.java:26)
	at java_programs.FLATTEN.flatten(FLATTEN.java:26)
	at java_programs.FLATTEN.flatten(FLATTEN.java:26)
	at java_programs.FLATTEN.flatten(FLATTEN.java:26)
	at java_programs.FLATTEN.flatten(FLATTEN.java:26)
	at java_programs.FLATTEN.flatten(FLATTEN.java:26)
	at java_programs.FLATTEN.flatten(FLATTEN.java:26)
	at java_programs.FLATTEN.flatten(FLATTEN.java:26)
	at java_programs.FLATTEN.flatten(FLATTEN.java:26)
	at java_programs.FLATTEN.flatten(FLATTEN.java:26)
	at java_programs.FLATTEN.flatten(FLATTEN.java:26)
	at java_programs.FLATTEN.flatten(FLATTEN.java:26)
	at java_programs.FLATTEN.flatten(FLATTEN.java:26)
	at java_programs.FLATTEN.flatten(FLATTEN.java:26)
	at java_programs.FLATTEN.flatten(FLATTEN.java:26)
	at java_programs.FLATTEN.flatten(FLATTEN.java:26)
	at java_programs.FLATTEN.flatten(FLATTEN.java:26)
	at java_programs.FLATTEN.flatten(FLATTEN.java:26)
	at java_programs.FLATTEN.flatten(FLATTEN.java:26)
	at java_programs.FLATTEN.flatten(FLATTEN.java:26)
	at java_programs.FLATTEN.flatten(FLATTEN.java:26)
	at java_programs.FLATTEN.flatten(FLATTEN.java:26)
	at java_programs.FLATTEN.flatten(FLATTEN.java:26)
	at java_programs.FLATTEN.flatten(FLATTEN.java:26)
	at java_programs.FLATTEN.flatten(FLATTEN.java:26)
	at java_programs.FLATTEN.flatten(FLATTEN.java:26)
	at java_programs.FLATTEN.flatten(FLATTEN.java:26)
	at java_programs.FLATTEN.flatten(FLATTEN.java:26)
	at java_programs.FLATTEN.flatten(FLATTEN.java:26)
	at java_programs.FLATTEN.flatten(FLATTEN.java:26)
	at java_programs.FLATTEN.flatten(FLATTEN.java:26)
	at java_programs.FLATTEN.flatten(FLATTEN.java:26)
	at java_programs.FLATTEN.flatten(FLATTEN.java:26)
	at java_programs.FLATTEN.flatten(FLATTEN.java:26)
	at java_programs.FLATTEN.flatten(FLATTEN.java:26)
	at java_programs.FLATTEN.flatten(FLATTEN.java:26)
	at java_programs.FLATTEN.flatten(FLATTEN.java:26)
	at java_programs.FLATTEN.flatten(FLATTEN.java:26)
	at java_programs.FLATTEN.flatten(FLATTEN.java:26)
	at java_programs.FLATTEN.flatten(FLATTEN.java:26)
	at java_programs.FLATTEN.flatten(FLATTEN.java:26)
	at java_programs.FLATTEN.flatten(FLATTEN.java:26)
	at java_programs.FLATTEN.flatten(FLATTEN.java:26)
	at java_programs.FLATTEN.flatten(FLATTEN.java:26)
	at java_programs.FLATTEN.flatten(FLATTEN.java:26)
	at java_programs.FLATTEN.flatten(FLATTEN.java:26)
	at java_programs.FLATTEN.flatten(FLATTEN.java:26)
	at java_programs.FLATTEN.flatten(FLATTEN.java:26)
	at java_programs.FLATTEN.flatten(FLATTEN.java:26)
	at java_programs.FLATTEN.flatten(FLATTEN.java:26)
	at java_programs.FLATTEN.flatten(FLATTEN.java:26)
	at java_programs.FLATTEN.flatten(FLATTEN.java:26)
	at java_programs.FLATTEN.flatten(FLATTEN.java:26)
	at java_programs.FLATTEN.flatten(FLATTEN.java:26)
	at java_programs.FLATTEN.flatten(FLATTEN.java:26)
	at java_programs.FLATTEN.flatten(FLATTEN.java:26)
	at java_programs.FLATTEN.flatten(FLATTEN.java:26)
	at java_programs.FLATTEN.flatten(FLATTEN.java:26)
	at java_programs.FLATTEN.flatten(FLATTEN.java:26)
	at java_programs.FLATTEN.flatten(FLATTEN.java:26)
	at java_programs.FLATTEN.flatten(FLATTEN.java:26)
	at java_programs.FLATTEN.flatten(FLATTEN.java:26)
	at java_programs.FLATTEN.flatten(FLATTEN.java:26)
	at java_programs.FLATTEN.flatten(FLATTEN.java:26)
	at java_programs.FLATTEN.flatten(FLATTEN.java:26)
	at java_programs.FLATTEN.flatten(FLATTEN.java:26)
	at java_programs.FLATTEN.flatten(FLATTEN.java:26)
	at java_programs.FLATTEN.flatten(FLATTEN.java:26)
	at java_programs.FLATTEN.flatten(FLATTEN.java:26)
	at java_programs.FLATTEN.flatten(FLATTEN.java:26)
	at java_programs.FLATTEN.flatten(FLATTEN.java:26)
	at java_programs.FLATTEN.flatten(FLATTEN.java:26)
	at java_programs.FLATTEN.flatten(FLATTEN.java:26)
	at java_programs.FLATTEN.flatten(FLATTEN.java:26)
	at java_programs.FLATTEN.flatten(FLATTEN.java:26)
	at java_programs.FLATTEN.flatten(FLATTEN.java:26)
	at java_programs.FLATTEN.flatten(FLATTEN.java:26)
	at java_programs.FLATTEN.flatten(FLATTEN.java:26)
	at java_programs.FLATTEN.flatten(FLATTEN.java:26)
	at java_programs.FLATTEN.flatten(FLATTEN.java:26)
	at java_programs.FLATTEN.flatten(FLATTEN.java:26)
	at java_programs.FLATTEN.flatten(FLATTEN.java:26)
	at java_programs.FLATTEN.flatten(FLATTEN.java:26)
	at java_programs.FLATTEN.flatten(FLATTEN.java:26)
	at java_programs.FLATTEN.flatten(FLATTEN.java:26)
	at java_programs.FLATTEN.flatten(FLATTEN.java:26)
	at java_programs.FLATTEN.flatten(FLATTEN.java:26)
	at java_programs.FLATTEN.flatten(FLATTEN.java:26)
	at java_programs.FLATTEN.flatten(FLATTEN.java:26)
	at java_programs.FLATTEN.flatten(FLATTEN.java:26)
	at java_programs.FLATTEN.flatten(FLATTEN.java:26)
	at java_programs.FLATTEN.flatten(FLATTEN.java:26)
	at java_programs.FLATTEN.flatten(FLATTEN.java:26)
	at java_programs.FLATTEN.flatten(FLATTEN.java:26)
	at java_programs.FLATTEN.flatten(FLATTEN.java:26)
	at java_programs.FLATTEN.flatten(FLATTEN.java:26)
	at java_programs.FLATTEN.flatten(FLATTEN.java:26)
	at java_programs.FLATTEN.flatten(FLATTEN.java:26)
	at java_programs.FLATTEN.flatten(FLATTEN.java:26)
	at java_programs.FLATTEN.flatten(FLATTEN.java:26)
	at java_programs.FLATTEN.flatten(FLATTEN.java:26)
	at java_programs.FLATTEN.flatten(FLATTEN.java:26)
	at java_programs.FLATTEN.flatten(FLATTEN.java:26)
	at java_programs.FLATTEN.flatten(FLATTEN.java:26)
	at java_programs.FLATTEN.flatten(FLATTEN.java:26)
	at java_programs.FLATTEN.flatten(FLATTEN.java:26)
	at java_programs.FLATTEN.flatten(FLATTEN.java:26)
	at java_programs.FLATTEN.flatten(FLATTEN.java:26)
	at java_programs.FLATTEN.flatten(FLATTEN.java:26)
	at java_programs.FLATTEN.flatten(FLATTEN.java:26)
	at java_programs.FLATTEN.flatten(FLATTEN.java:26)
	at java_programs.FLATTEN.flatten(FLATTEN.java:26)
	at java_programs.FLATTEN.flatten(FLATTEN.java:26)
	at java_programs.FLATTEN.flatten(FLATTEN.java:26)
	at java_programs.FLATTEN.flatten(FLATTEN.java:26)
	at java_programs.FLATTEN.flatten(FLATTEN.java:26)
	at java_programs.FLATTEN.flatten(FLATTEN.java:26)
	at java_programs.FLATTEN.flatten(FLATTEN.java:26)
	at java_programs.FLATTEN.flatten(FLATTEN.java:26)
	at java_programs.FLATTEN.flatten(FLATTEN.java:26)
	at java_programs.FLATTEN.flatten(FLATTEN.java:26)
	at java_programs.FLATTEN.flatten(FLATTEN.java:26)
	at java_programs.FLATTEN.flatten(FLATTEN.java:26)
	at java_programs.FLATTEN.flatten(FLATTEN.java:26)
	at java_programs.FLATTEN.flatten(FLATTEN.java:26)
	at java_programs.FLATTEN.flatten(FLATTEN.java:26)
	at java_programs.FLATTEN.flatten(FLATTEN.java:26)
	at java_programs.FLATTEN.flatten(FLATTEN.java:26)
	at java_programs.FLATTEN.flatten(FLATTEN.java:26)
	at java_programs.FLATTEN.flatten(FLATTEN.java:26)
	at java_programs.FLATTEN.flatten(FLATTEN.java:26)
	at java_programs.FLATTEN.flatten(FLATTEN.java:26)
	at java_programs.FLATTEN.flatten(FLATTEN.java:26)
	at java_programs.FLATTEN.flatten(FLATTEN.java:26)
	at java_programs.FLATTEN.flatten(FLATTEN.java:26)
	at java_programs.FLATTEN.flatten(FLATTEN.java:26)
	at java_programs.FLATTEN.flatten(FLATTEN.java:26)
	at java_programs.FLATTEN.flatten(FLATTEN.java:26)
	at java_programs.FLATTEN.flatten(FLATTEN.java:26)
	at java_programs.FLATTEN.flatten(FLATTEN.java:26)
	at java_programs.FLATTEN.flatten(FLATTEN.java:26)
	at java_programs.FLATTEN.flatten(FLATTEN.java:26)
	at java_programs.FLATTEN.flatten(FLATTEN.java:26)
	at java_programs.FLATTEN.flatten(FLATTEN.java:26)
	at java_programs.FLATTEN.flatten(FLATTEN.java:26)
	at java_programs.FLATTEN.flatten(FLATTEN.java:26)
	at java_programs.FLATTEN.flatten(FLATTEN.java:26)
	at java_programs.FLATTEN.flatten(FLATTEN.java:26)
	at java_programs.FLATTEN.flatten(FLATTEN.java:26)
	at java_programs.FLATTEN.flatten(FLATTEN.java:26)
	at java_programs.FLATTEN.flatten(FLATTEN.java:26)
	at java_programs.FLATTEN.flatten(FLATTEN.java:26)
	at java_programs.FLATTEN.flatten(FLATTEN.java:26)
	at java_programs.FLATTEN.flatten(FLATTEN.java:26)
	at java_programs.FLATTEN.flatten(FLATTEN.java:26)
	at java_programs.FLATTEN.flatten(FLATTEN.java:26)
	at java_programs.FLATTEN.flatten(FLATTEN.java:26)
	at java_programs.FLATTEN.flatten(FLATTEN.java:26)
	at java_programs.FLATTEN.flatten(FLATTEN.java:26)
	at java_programs.FLATTEN.flatten(FLATTEN.java:26)
	at java_programs.FLATTEN.flatten(FLATTEN.java:26)
	at java_programs.FLATTEN.flatten(FLATTEN.java:26)
	at java_programs.FLATTEN.flatten(FLATTEN.java:26)
	at java_programs.FLATTEN.flatten(FLATTEN.java:26)
	at java_programs.FLATTEN.flatten(FLATTEN.java:26)
	at java_programs.FLATTEN.flatten(FLATTEN.java:26)
	at java_programs.FLATTEN.flatten(FLATTEN.java:26)
	at java_programs.FLATTEN.flatten(FLATTEN.java:26)
	at java_programs.FLATTEN.flatten(FLATTEN.java:26)
	at java_programs.FLATTEN.flatten(FLATTEN.java:26)
	at java_programs.FLATTEN.flatten(FLATTEN.java:26)
	at java_programs.FLATTEN.flatten(FLATTEN.java:26)
	at java_programs.FLATTEN.flatten(FLATTEN.java:26)
	at java_programs.FLATTEN.flatten(FLATTEN.java:26)
	at java_programs.FLATTEN.flatten(FLATTEN.java:26)
	at java_programs.FLATTEN.flatten(FLATTEN.java:26)
	at java_programs.FLATTEN.flatten(FLATTEN.java:26)
	at java_programs.FLATTEN.flatten(FLATTEN.java:26)
	at java_programs.FLATTEN.flatten(FLATTEN.java:26)
	at java_programs.FLATTEN.flatten(FLATTEN.java:26)
	at java_programs.FLATTEN.flatten(FLATTEN.java:26)
	at java_programs.FLATTEN.flatten(FLATTEN.java:26)
	at java_programs.FLATTEN.flatten(FLATTEN.java:26)
	at java_programs.FLATTEN.flatten(FLATTEN.java:26)
	at java_programs.FLATTEN.flatten(FLATTEN.java:26)
	at java_programs.FLATTEN.flatten(FLATTEN.java:26)
	at java_programs.FLATTEN.flatten(FLATTEN.java:26)
	at java_programs.FLATTEN.flatten(FLATTEN.java:26)
	at java_programs.FLATTEN.flatten(FLATTEN.java:26)
	at java_programs.FLATTEN.flatten(FLATTEN.java:26)
	at java_programs.FLATTEN.flatten(FLATTEN.java:26)
	at java_programs.FLATTEN.flatten(FLATTEN.java:26)
	at java_programs.FLATTEN.flatten(FLATTEN.java:26)
	at java_programs.FLATTEN.flatten(FLATTEN.java:26)
	at java_programs.FLATTEN.flatten(FLATTEN.java:26)
	at java_programs.FLATTEN.flatten(FLATTEN.java:26)
	at java_programs.FLATTEN.flatten(FLATTEN.java:26)
	at java_programs.FLATTEN.flatten(FLATTEN.java:26)
	at java_programs.FLATTEN.flatten(FLATTEN.java:26)
	at java_programs.FLATTEN.flatten(FLATTEN.java:26)
	at java_programs.FLATTEN.flatten(FLATTEN.java:26)
	at java_programs.FLATTEN.flatten(FLATTEN.java:26)
	at java_programs.FLATTEN.flatten(FLATTEN.java:26)
	at java_programs.FLATTEN.flatten(FLATTEN.java:26)
	at java_programs.FLATTEN.flatten(FLATTEN.java:26)
	at java_programs.FLATTEN.flatten(FLATTEN.java:26)
	at java_programs.FLATTEN.flatten(FLATTEN.java:26)
	at java_programs.FLATTEN.flatten(FLATTEN.java:26)
	at java_programs.FLATTEN.flatten(FLATTEN.java:26)
	at java_programs.FLATTEN.flatten(FLATTEN.java:26)
	at java_programs.FLATTEN.flatten(FLATTEN.java:26)
	at java_programs.FLATTEN.flatten(FLATTEN.java:26)
	at java_programs.FLATTEN.flatten(FLATTEN.java:26)
	at java_programs.FLATTEN.flatten(FLATTEN.java:26)
	at java_programs.FLATTEN.flatten(FLATTEN.java:26)
	at java_programs.FLATTEN.flatten(FLATTEN.java:26)
	at java_programs.FLATTEN.flatten(FLATTEN.java:26)
	at java_programs.FLATTEN.flatten(FLATTEN.java:26)
	at java_programs.FLATTEN.flatten(FLATTEN.java:26)
	at java_programs.FLATTEN.flatten(FLATTEN.java:26)
	at java_programs.FLATTEN.flatten(FLATTEN.java:26)
	at java_programs.FLATTEN.flatten(FLATTEN.java:26)
	at java_programs.FLATTEN.flatten(FLATTEN.java:26)
	at java_programs.FLATTEN.flatten(FLATTEN.java:26)
	at java_programs.FLATTEN.flatten(FLATTEN.java:26)
	at java_programs.FLATTEN.flatten(FLATTEN.java:26)
	at java_programs.FLATTEN.flatten(FLATTEN.java:26)
	at java_programs.FLATTEN.flatten(FLATTEN.java:26)
	at java_programs.FLATTEN.flatten(FLATTEN.java:26)
	at java_programs.FLATTEN.flatten(FLATTEN.java:26)
	at java_programs.FLATTEN.flatten(FLATTEN.java:26)
	at java_programs.FLATTEN.flatten(FLATTEN.java:26)
	at java_programs.FLATTEN.flatten(FLATTEN.java:26)
	at java_programs.FLATTEN.flatten(FLATTEN.java:26)
	at java_programs.FLATTEN.flatten(FLATTEN.java:26)
	at java_programs.FLATTEN.flatten(FLATTEN.java:26)
	at java_programs.FLATTEN.flatten(FLATTEN.java:26)
	at java_programs.FLATTEN.flatten(FLATTEN.java:26)
	at java_programs.FLATTEN.flatten(FLATTEN.java:26)
	at java_programs.FLATTEN.flatten(FLATTEN.java:26)
	at java_programs.FLATTEN.flatten(FLATTEN.java:26)
	at java_programs.FLATTEN.flatten(FLATTEN.java:26)
	at java_programs.FLATTEN.flatten(FLATTEN.java:26)
	at java_programs.FLATTEN.flatten(FLATTEN.java:26)
	at java_programs.FLATTEN.flatten(FLATTEN.java:26)
	at java_programs.FLATTEN.flatten(FLATTEN.java:26)
	at java_programs.FLATTEN.flatten(FLATTEN.java:26)
	at java_programs.FLATTEN.flatten(FLATTEN.java:26)
	at java_programs.FLATTEN.flatten(FLATTEN.java:26)
	at java_programs.FLATTEN.flatten(FLATTEN.java:26)
	at java_programs.FLATTEN.flatten(FLATTEN.java:26)
	at java_programs.FLATTEN.flatten(FLATTEN.java:26)
	at java_programs.FLATTEN.flatten(FLATTEN.java:26)
	at java_programs.FLATTEN.flatten(FLATTEN.java:26)
	at java_programs.FLATTEN.flatten(FLATTEN.java:26)
	at java_programs.FLATTEN.flatten(FLATTEN.java:26)
	at java_programs.FLATTEN.flatten(FLATTEN.java:26)
	at java_programs.FLATTEN.flatten(FLATTEN.java:26)
	at java_programs.FLATTEN.flatten(FLATTEN.java:26)
	at java_programs.FLATTEN.flatten(FLATTEN.java:26)
	at java_programs.FLATTEN.flatten(FLATTEN.java:26)
	at java_programs.FLATTEN.flatten(FLATTEN.java:26)
	at java_programs.FLATTEN.flatten(FLATTEN.java:26)
	at java_programs.FLATTEN.flatten(FLATTEN.java:26)
	at java_programs.FLATTEN.flatten(FLATTEN.java:26)
	at java_programs.FLATTEN.flatten(FLATTEN.java:26)
	at java_programs.FLATTEN.flatten(FLATTEN.java:26)
	at java_programs.FLATTEN.flatten(FLATTEN.java:26)
	at java_programs.FLATTEN.flatten(FLATTEN.java:26)
	at java_programs.FLATTEN.flatten(FLATTEN.java:26)
	at java_programs.FLATTEN.flatten(FLATTEN.java:26)
	at java_programs.FLATTEN.flatten(FLATTEN.java:26)
	at java_programs.FLATTEN.flatten(FLATTEN.java:26)
	at java_programs.FLATTEN.flatten(FLATTEN.java:26)
	at java_programs.FLATTEN.flatten(FLATTEN.java:26)
	at java_programs.FLATTEN.flatten(FLATTEN.java:26)
	at java_programs.FLATTEN.flatten(FLATTEN.java:26)
	at java_programs.FLATTEN.flatten(FLATTEN.java:26)
	at java_programs.FLATTEN.flatten(FLATTEN.java:26)
	at java_programs.FLATTEN.flatten(FLATTEN.java:26)
	at java_programs.FLATTEN.flatten(FLATTEN.java:26)
	at java_programs.FLATTEN.flatten(FLATTEN.java:26)
	at java_programs.FLATTEN.flatten(FLATTEN.java:26)
	at java_programs.FLATTEN.flatten(FLATTEN.java:26)
	at java_programs.FLATTEN.flatten(FLATTEN.java:26)
	at java_programs.FLATTEN.flatten(FLATTEN.java:26)
	at java_programs.FLATTEN.flatten(FLATTEN.java:26)
	at java_programs.FLATTEN.flatten(FLATTEN.java:26)
	at java_programs.FLATTEN.flatten(FLATTEN.java:26)
	at java_programs.FLATTEN.flatten(FLATTEN.java:26)
	at java_programs.FLATTEN.flatten(FLATTEN.java:26)
	at java_programs.FLATTEN.flatten(FLATTEN.java:26)
	at java_programs.FLATTEN.flatten(FLATTEN.java:26)
	at java_programs.FLATTEN.flatten(FLATTEN.java:26)
	at java_programs.FLATTEN.flatten(FLATTEN.java:26)
	at java_programs.FLATTEN.flatten(FLATTEN.java:26)
	at java_programs.FLATTEN.flatten(FLATTEN.java:26)
	at java_programs.FLATTEN.flatten(FLATTEN.java:26)
	at java_programs.FLATTEN.flatten(FLATTEN.java:26)
	at java_programs.FLATTEN.flatten(FLATTEN.java:26)
	at java_programs.FLATTEN.flatten(FLATTEN.java:26)
	at java_programs.FLATTEN.flatten(FLATTEN.java:26)
	at java_programs.FLATTEN.flatten(FLATTEN.java:26)
	at java_programs.FLATTEN.flatten(FLATTEN.java:26)
	at java_programs.FLATTEN.flatten(FLATTEN.java:26)
	at java_programs.FLATTEN.flatten(FLATTEN.java:26)
	at java_programs.FLATTEN.flatten(FLATTEN.java:26)
	at java_programs.FLATTEN.flatten(FLATTEN.java:26)
	at java_programs.FLATTEN.flatten(FLATTEN.java:26)
	at java_programs.FLATTEN.flatten(FLATTEN.java:26)
	at java_programs.FLATTEN.flatten(FLATTEN.java:26)
	at java_programs.FLATTEN.flatten(FLATTEN.java:26)
	at java_programs.FLATTEN.flatten(FLATTEN.java:26)
	at java_programs.FLATTEN.flatten(FLATTEN.java:26)
	at java_programs.FLATTEN.flatten(FLATTEN.java:26)
	at java_programs.FLATTEN.flatten(FLATTEN.java:26)
	at java_programs.FLATTEN.flatten(FLATTEN.java:26)
	at java_programs.FLATTEN.flatten(FLATTEN.java:26)
	at java_programs.FLATTEN.flatten(FLATTEN.java:26)
	at java_programs.FLATTEN.flatten(FLATTEN.java:26)
	at java_programs.FLATTEN.flatten(FLATTEN.java:26)
	at java_programs.FLATTEN.flatten(FLATTEN.java:26)
	at java_programs.FLATTEN.flatten(FLATTEN.java:26)
	at java_programs.FLATTEN.flatten(FLATTEN.java:26)
	at java_programs.FLATTEN.flatten(FLATTEN.java:26)
	at java_programs.FLATTEN.flatten(FLATTEN.java:26)
	at java_programs.FLATTEN.flatten(FLATTEN.java:26)
	at java_programs.FLATTEN.flatten(FLATTEN.java:26)
	at java_programs.FLATTEN.flatten(FLATTEN.java:26)
	at java_programs.FLATTEN.flatten(FLATTEN.java:26)
	at java_programs.FLATTEN.flatten(FLATTEN.java:26)
	at java_programs.FLATTEN.flatten(FLATTEN.java:26)
	at java_programs.FLATTEN.flatten(FLATTEN.java:26)
	at java_programs.FLATTEN.flatten(FLATTEN.java:26)
	at java_programs.FLATTEN.flatten(FLATTEN.java:26)
	at java_programs.FLATTEN.flatten(FLATTEN.java:26)
	at java_programs.FLATTEN.flatten(FLATTEN.java:26)
	at java_programs.FLATTEN.flatten(FLATTEN.java:26)
	at java_programs.FLATTEN.flatten(FLATTEN.java:26)
	at java_programs.FLATTEN.flatten(FLATTEN.java:26)
	at java_programs.FLATTEN.flatten(FLATTEN.java:26)
	at java_programs.FLATTEN.flatten(FLATTEN.java:26)
	at java_programs.FLATTEN.flatten(FLATTEN.java:26)
	at java_programs.FLATTEN.flatten(FLATTEN.java:26)
	at java_programs.FLATTEN.flatten(FLATTEN.java:26)
	at java_programs.FLATTEN.flatten(FLATTEN.java:26)
	at java_programs.FLATTEN.flatten(FLATTEN.java:26)
	at java_programs.FLATTEN.flatten(FLATTEN.java:26)
	at java_programs.FLATTEN.flatten(FLATTEN.java:26)
	at java_programs.FLATTEN.flatten(FLATTEN.java:26)
	at java_programs.FLATTEN.flatten(FLATTEN.java:26)
	at java_programs.FLATTEN.flatten(FLATTEN.java:26)
	at java_programs.FLATTEN.flatten(FLATTEN.java:26)
	at java_programs.FLATTEN.flatten(FLATTEN.java:26)
	at java_programs.FLATTEN.flatten(FLATTEN.java:26)
</failure>
  </testcase>
  <system-out><![CDATA[]]></system-out>
  <system-err><![CDATA[]]></system-err>
</testsuite>
