<?xml version="1.0" encoding="UTF-8"?>
<testsuite name="test.java.LONGEST_COMMON_SUBSEQUENCE_TEST" tests="10" skipped="0" failures="0" errors="0" timestamp="2023-09-15T03:05:02" hostname="WINDOWS-NDL94MS" time="0.043">
  <properties/>
  <testcase name="test_0()" classname="test.java.LONGEST_COMMON_SUBSEQUENCE_TEST" time="0.005"/>
  <testcase name="test_1()" classname="test.java.LONGEST_COMMON_SUBSEQUENCE_TEST" time="0.001"/>
  <testcase name="test_2()" classname="test.java.LONGEST_COMMON_SUBSEQUENCE_TEST" time="0.0"/>
  <testcase name="test_3()" classname="test.java.LONGEST_COMMON_SUBSEQUENCE_TEST" time="0.03"/>
  <testcase name="test_4()" classname="test.java.LONGEST_COMMON_SUBSEQUENCE_TEST" time="0.0"/>
  <testcase name="test_5()" classname="test.java.LONGEST_COMMON_SUBSEQUENCE_TEST" time="0.0"/>
  <testcase name="test_6()" classname="test.java.LONGEST_COMMON_SUBSEQUENCE_TEST" time="0.001"/>
  <testcase name="test_7()" classname="test.java.LONGEST_COMMON_SUBSEQUENCE_TEST" time="0.0"/>
  <testcase name="test_8()" classname="test.java.LONGEST_COMMON_SUBSEQUENCE_TEST" time="0.0"/>
  <testcase name="test_9()" classname="test.java.LONGEST_COMMON_SUBSEQUENCE_TEST" time="0.002"/>
  <system-out><![CDATA[]]></system-out>
  <system-err><![CDATA[]]></system-err>
</testsuite>
