<?xml version="1.0" encoding="UTF-8"?>
<testsuite name="test.java.SHORTEST_PATH_LENGTHS_TEST" tests="4" skipped="0" failures="0" errors="0" timestamp="2023-09-15T02:56:00" hostname="WINDOWS-NDL94MS" time="0.005">
  <properties/>
  <testcase name="test4s()" classname="test.java.SHORTEST_PATH_LENGTHS_TEST" time="0.001"/>
  <testcase name="test1()" classname="test.java.SHORTEST_PATH_LENGTHS_TEST" time="0.001"/>
  <testcase name="test2()" classname="test.java.SHORTEST_PATH_LENGTHS_TEST" time="0.0"/>
  <testcase name="test3()" classname="test.java.SHORTEST_PATH_LENGTHS_TEST" time="0.001"/>
  <system-out><![CDATA[]]></system-out>
  <system-err><![CDATA[]]></system-err>
</testsuite>
