<?xml version="1.0" encoding="UTF-8"?>
<testsuite name="test.java.KNAPSACK_TEST" tests="9" skipped="0" failures="0" errors="0" timestamp="2023-09-15T03:05:01" hostname="WINDOWS-NDL94MS" time="0.006">
  <properties/>
  <testcase name="test_0()" classname="test.java.KNAPSACK_TEST" time="0.001"/>
  <testcase name="test_1()" classname="test.java.KNAPSACK_TEST" time="0.0"/>
  <testcase name="test_2()" classname="test.java.KNAPSACK_TEST" time="0.0"/>
  <testcase name="test_3()" classname="test.java.KNAPSACK_TEST" time="0.0"/>
  <testcase name="test_4()" classname="test.java.KNAPSACK_TEST" time="0.0"/>
  <testcase name="test_5()" classname="test.java.KNAPSACK_TEST" time="0.0"/>
  <testcase name="test_6()" classname="test.java.KNAPSACK_TEST" time="0.0"/>
  <testcase name="test_7()" classname="test.java.KNAPSACK_TEST" time="0.0"/>
  <testcase name="test_8()" classname="test.java.KNAPSACK_TEST" time="0.0"/>
  <system-out><![CDATA[]]></system-out>
  <system-err><![CDATA[]]></system-err>
</testsuite>
