<?xml version="1.0" encoding="UTF-8"?>
<testsuite name="test.java.FIND_IN_SORTED_TEST" tests="7" skipped="0" failures="2" errors="0" timestamp="2023-09-07T12:50:53" hostname="DESKTOP-UU3TFIR" time="0.016">
  <properties/>
  <testcase name="test_0()" classname="test.java.FIND_IN_SORTED_TEST" time="0.001"/>
  <testcase name="test_1()" classname="test.java.FIND_IN_SORTED_TEST" time="0.005">
    <failure message="java.lang.StackOverflowError" type="java.lang.StackOverflowError">java.lang.StackOverflowError
	at java_programs.FIND_IN_SORTED.binsearch(FIND_IN_SORTED.java:13)
	at java_programs.FIND_IN_SORTED.binsearch(FIND_IN_SORTED.java:20)
	at java_programs.FIND_IN_SORTED.binsearch(FIND_IN_SORTED.java:20)
	at java_programs.FIND_IN_SORTED.binsearch(FIND_IN_SORTED.java:20)
	at java_programs.FIND_IN_SORTED.binsearch(FIND_IN_SORTED.java:20)
	at java_programs.FIND_IN_SORTED.binsearch(FIND_IN_SORTED.java:20)
	at java_programs.FIND_IN_SORTED.binsearch(FIND_IN_SORTED.java:20)
	at java_programs.FIND_IN_SORTED.binsearch(FIND_IN_SORTED.java:20)
	at java_programs.FIND_IN_SORTED.binsearch(FIND_IN_SORTED.java:20)
	at java_programs.FIND_IN_SORTED.binsearch(FIND_IN_SORTED.java:20)
	at java_programs.FIND_IN_SORTED.binsearch(FIND_IN_SORTED.java:20)
	at java_programs.FIND_IN_SORTED.binsearch(FIND_IN_SORTED.java:20)
	at java_programs.FIND_IN_SORTED.binsearch(FIND_IN_SORTED.java:20)
	at java_programs.FIND_IN_SORTED.binsearch(FIND_IN_SORTED.java:20)
	at java_programs.FIND_IN_SORTED.binsearch(FIND_IN_SORTED.java:20)
	at java_programs.FIND_IN_SORTED.binsearch(FIND_IN_SORTED.java:20)
	at java_programs.FIND_IN_SORTED.binsearch(FIND_IN_SORTED.java:20)
	at java_programs.FIND_IN_SORTED.binsearch(FIND_IN_SORTED.java:20)
	at java_programs.FIND_IN_SORTED.binsearch(FIND_IN_SORTED.java:20)
	at java_programs.FIND_IN_SORTED.binsearch(FIND_IN_SORTED.java:20)
	at java_programs.FIND_IN_SORTED.binsearch(FIND_IN_SORTED.java:20)
	at java_programs.FIND_IN_SORTED.binsearch(FIND_IN_SORTED.java:20)
	at java_programs.FIND_IN_SORTED.binsearch(FIND_IN_SORTED.java:20)
	at java_programs.FIND_IN_SORTED.binsearch(FIND_IN_SORTED.java:20)
	at java_programs.FIND_IN_SORTED.binsearch(FIND_IN_SORTED.java:20)
	at java_programs.FIND_IN_SORTED.binsearch(FIND_IN_SORTED.java:20)
	at java_programs.FIND_IN_SORTED.binsearch(FIND_IN_SORTED.java:20)
	at java_programs.FIND_IN_SORTED.binsearch(FIND_IN_SORTED.java:20)
	at java_programs.FIND_IN_SORTED.binsearch(FIND_IN_SORTED.java:20)
	at java_programs.FIND_IN_SORTED.binsearch(FIND_IN_SORTED.java:20)
	at java_programs.FIND_IN_SORTED.binsearch(FIND_IN_SORTED.java:20)
	at java_programs.FIND_IN_SORTED.binsearch(FIND_IN_SORTED.java:20)
	at java_programs.FIND_IN_SORTED.binsearch(FIND_IN_SORTED.java:20)
	at java_programs.FIND_IN_SORTED.binsearch(FIND_IN_SORTED.java:20)
	at java_programs.FIND_IN_SORTED.binsearch(FIND_IN_SORTED.java:20)
	at java_programs.FIND_IN_SORTED.binsearch(FIND_IN_SORTED.java:20)
	at java_programs.FIND_IN_SORTED.binsearch(FIND_IN_SORTED.java:20)
	at java_programs.FIND_IN_SORTED.binsearch(FIND_IN_SORTED.java:20)
	at java_programs.FIND_IN_SORTED.binsearch(FIND_IN_SORTED.java:20)
	at java_programs.FIND_IN_SORTED.binsearch(FIND_IN_SORTED.java:20)
	at java_programs.FIND_IN_SORTED.binsearch(FIND_IN_SORTED.java:20)
	at java_programs.FIND_IN_SORTED.binsearch(FIND_IN_SORTED.java:20)
	at java_programs.FIND_IN_SORTED.binsearch(FIND_IN_SORTED.java:20)
	at java_programs.FIND_IN_SORTED.binsearch(FIND_IN_SORTED.java:20)
	at java_programs.FIND_IN_SORTED.binsearch(FIND_IN_SORTED.java:20)
	at java_programs.FIND_IN_SORTED.binsearch(FIND_IN_SORTED.java:20)
	at java_programs.FIND_IN_SORTED.binsearch(FIND_IN_SORTED.java:20)
	at java_programs.FIND_IN_SORTED.binsearch(FIND_IN_SORTED.java:20)
	at java_programs.FIND_IN_SORTED.binsearch(FIND_IN_SORTED.java:20)
	at java_programs.FIND_IN_SORTED.binsearch(FIND_IN_SORTED.java:20)
	at java_programs.FIND_IN_SORTED.binsearch(FIND_IN_SORTED.java:20)
	at java_programs.FIND_IN_SORTED.binsearch(FIND_IN_SORTED.java:20)
	at java_programs.FIND_IN_SORTED.binsearch(FIND_IN_SORTED.java:20)
	at java_programs.FIND_IN_SORTED.binsearch(FIND_IN_SORTED.java:20)
	at java_programs.FIND_IN_SORTED.binsearch(FIND_IN_SORTED.java:20)
	at java_programs.FIND_IN_SORTED.binsearch(FIND_IN_SORTED.java:20)
	at java_programs.FIND_IN_SORTED.binsearch(FIND_IN_SORTED.java:20)
	at java_programs.FIND_IN_SORTED.binsearch(FIND_IN_SORTED.java:20)
	at java_programs.FIND_IN_SORTED.binsearch(FIND_IN_SORTED.java:20)
	at java_programs.FIND_IN_SORTED.binsearch(FIND_IN_SORTED.java:20)
	at java_programs.FIND_IN_SORTED.binsearch(FIND_IN_SORTED.java:20)
	at java_programs.FIND_IN_SORTED.binsearch(FIND_IN_SORTED.java:20)
	at java_programs.FIND_IN_SORTED.binsearch(FIND_IN_SORTED.java:20)
	at java_programs.FIND_IN_SORTED.binsearch(FIND_IN_SORTED.java:20)
	at java_programs.FIND_IN_SORTED.binsearch(FIND_IN_SORTED.java:20)
	at java_programs.FIND_IN_SORTED.binsearch(FIND_IN_SORTED.java:20)
	at java_programs.FIND_IN_SORTED.binsearch(FIND_IN_SORTED.java:20)
	at java_programs.FIND_IN_SORTED.binsearch(FIND_IN_SORTED.java:20)
	at java_programs.FIND_IN_SORTED.binsearch(FIND_IN_SORTED.java:20)
	at java_programs.FIND_IN_SORTED.binsearch(FIND_IN_SORTED.java:20)
	at java_programs.FIND_IN_SORTED.binsearch(FIND_IN_SORTED.java:20)
	at java_programs.FIND_IN_SORTED.binsearch(FIND_IN_SORTED.java:20)
	at java_programs.FIND_IN_SORTED.binsearch(FIND_IN_SORTED.java:20)
	at java_programs.FIND_IN_SORTED.binsearch(FIND_IN_SORTED.java:20)
	at java_programs.FIND_IN_SORTED.binsearch(FIND_IN_SORTED.java:20)
	at java_programs.FIND_IN_SORTED.binsearch(FIND_IN_SORTED.java:20)
	at java_programs.FIND_IN_SORTED.binsearch(FIND_IN_SORTED.java:20)
	at java_programs.FIND_IN_SORTED.binsearch(FIND_IN_SORTED.java:20)
	at java_programs.FIND_IN_SORTED.binsearch(FIND_IN_SORTED.java:20)
	at java_programs.FIND_IN_SORTED.binsearch(FIND_IN_SORTED.java:20)
	at java_programs.FIND_IN_SORTED.binsearch(FIND_IN_SORTED.java:20)
	at java_programs.FIND_IN_SORTED.binsearch(FIND_IN_SORTED.java:20)
	at java_programs.FIND_IN_SORTED.binsearch(FIND_IN_SORTED.java:20)
	at java_programs.FIND_IN_SORTED.binsearch(FIND_IN_SORTED.java:20)
	at java_programs.FIND_IN_SORTED.binsearch(FIND_IN_SORTED.java:20)
	at java_programs.FIND_IN_SORTED.binsearch(FIND_IN_SORTED.java:20)
	at java_programs.FIND_IN_SORTED.binsearch(FIND_IN_SORTED.java:20)
	at java_programs.FIND_IN_SORTED.binsearch(FIND_IN_SORTED.java:20)
	at java_programs.FIND_IN_SORTED.binsearch(FIND_IN_SORTED.java:20)
	at java_programs.FIND_IN_SORTED.binsearch(FIND_IN_SORTED.java:20)
	at java_programs.FIND_IN_SORTED.binsearch(FIND_IN_SORTED.java:20)
	at java_programs.FIND_IN_SORTED.binsearch(FIND_IN_SORTED.java:20)
	at java_programs.FIND_IN_SORTED.binsearch(FIND_IN_SORTED.java:20)
	at java_programs.FIND_IN_SORTED.binsearch(FIND_IN_SORTED.java:20)
	at java_programs.FIND_IN_SORTED.binsearch(FIND_IN_SORTED.java:20)
	at java_programs.FIND_IN_SORTED.binsearch(FIND_IN_SORTED.java:20)
	at java_programs.FIND_IN_SORTED.binsearch(FIND_IN_SORTED.java:20)
	at java_programs.FIND_IN_SORTED.binsearch(FIND_IN_SORTED.java:20)
	at java_programs.FIND_IN_SORTED.binsearch(FIND_IN_SORTED.java:20)
	at java_programs.FIND_IN_SORTED.binsearch(FIND_IN_SORTED.java:20)
	at java_programs.FIND_IN_SORTED.binsearch(FIND_IN_SORTED.java:20)
	at java_programs.FIND_IN_SORTED.binsearch(FIND_IN_SORTED.java:20)
	at java_programs.FIND_IN_SORTED.binsearch(FIND_IN_SORTED.java:20)
	at java_programs.FIND_IN_SORTED.binsearch(FIND_IN_SORTED.java:20)
	at java_programs.FIND_IN_SORTED.binsearch(FIND_IN_SORTED.java:20)
	at java_programs.FIND_IN_SORTED.binsearch(FIND_IN_SORTED.java:20)
	at java_programs.FIND_IN_SORTED.binsearch(FIND_IN_SORTED.java:20)
	at java_programs.FIND_IN_SORTED.binsearch(FIND_IN_SORTED.java:20)
	at java_programs.FIND_IN_SORTED.binsearch(FIND_IN_SORTED.java:20)
	at java_programs.FIND_IN_SORTED.binsearch(FIND_IN_SORTED.java:20)
	at java_programs.FIND_IN_SORTED.binsearch(FIND_IN_SORTED.java:20)
	at java_programs.FIND_IN_SORTED.binsearch(FIND_IN_SORTED.java:20)
	at java_programs.FIND_IN_SORTED.binsearch(FIND_IN_SORTED.java:20)
	at java_programs.FIND_IN_SORTED.binsearch(FIND_IN_SORTED.java:20)
	at java_programs.FIND_IN_SORTED.binsearch(FIND_IN_SORTED.java:20)
	at java_programs.FIND_IN_SORTED.binsearch(FIND_IN_SORTED.java:20)
	at java_programs.FIND_IN_SORTED.binsearch(FIND_IN_SORTED.java:20)
	at java_programs.FIND_IN_SORTED.binsearch(FIND_IN_SORTED.java:20)
	at java_programs.FIND_IN_SORTED.binsearch(FIND_IN_SORTED.java:20)
	at java_programs.FIND_IN_SORTED.binsearch(FIND_IN_SORTED.java:20)
	at java_programs.FIND_IN_SORTED.binsearch(FIND_IN_SORTED.java:20)
	at java_programs.FIND_IN_SORTED.binsearch(FIND_IN_SORTED.java:20)
	at java_programs.FIND_IN_SORTED.binsearch(FIND_IN_SORTED.java:20)
	at java_programs.FIND_IN_SORTED.binsearch(FIND_IN_SORTED.java:20)
	at java_programs.FIND_IN_SORTED.binsearch(FIND_IN_SORTED.java:20)
	at java_programs.FIND_IN_SORTED.binsearch(FIND_IN_SORTED.java:20)
	at java_programs.FIND_IN_SORTED.binsearch(FIND_IN_SORTED.java:20)
	at java_programs.FIND_IN_SORTED.binsearch(FIND_IN_SORTED.java:20)
	at java_programs.FIND_IN_SORTED.binsearch(FIND_IN_SORTED.java:20)
	at java_programs.FIND_IN_SORTED.binsearch(FIND_IN_SORTED.java:20)
	at java_programs.FIND_IN_SORTED.binsearch(FIND_IN_SORTED.java:20)
	at java_programs.FIND_IN_SORTED.binsearch(FIND_IN_SORTED.java:20)
	at java_programs.FIND_IN_SORTED.binsearch(FIND_IN_SORTED.java:20)
	at java_programs.FIND_IN_SORTED.binsearch(FIND_IN_SORTED.java:20)
	at java_programs.FIND_IN_SORTED.binsearch(FIND_IN_SORTED.java:20)
	at java_programs.FIND_IN_SORTED.binsearch(FIND_IN_SORTED.java:20)
	at java_programs.FIND_IN_SORTED.binsearch(FIND_IN_SORTED.java:20)
	at java_programs.FIND_IN_SORTED.binsearch(FIND_IN_SORTED.java:20)
	at java_programs.FIND_IN_SORTED.binsearch(FIND_IN_SORTED.java:20)
	at java_programs.FIND_IN_SORTED.binsearch(FIND_IN_SORTED.java:20)
	at java_programs.FIND_IN_SORTED.binsearch(FIND_IN_SORTED.java:20)
	at java_programs.FIND_IN_SORTED.binsearch(FIND_IN_SORTED.java:20)
	at java_programs.FIND_IN_SORTED.binsearch(FIND_IN_SORTED.java:20)
	at java_programs.FIND_IN_SORTED.binsearch(FIND_IN_SORTED.java:20)
	at java_programs.FIND_IN_SORTED.binsearch(FIND_IN_SORTED.java:20)
	at java_programs.FIND_IN_SORTED.binsearch(FIND_IN_SORTED.java:20)
	at java_programs.FIND_IN_SORTED.binsearch(FIND_IN_SORTED.java:20)
	at java_programs.FIND_IN_SORTED.binsearch(FIND_IN_SORTED.java:20)
	at java_programs.FIND_IN_SORTED.binsearch(FIND_IN_SORTED.java:20)
	at java_programs.FIND_IN_SORTED.binsearch(FIND_IN_SORTED.java:20)
	at java_programs.FIND_IN_SORTED.binsearch(FIND_IN_SORTED.java:20)
	at java_programs.FIND_IN_SORTED.binsearch(FIND_IN_SORTED.java:20)
	at java_programs.FIND_IN_SORTED.binsearch(FIND_IN_SORTED.java:20)
	at java_programs.FIND_IN_SORTED.binsearch(FIND_IN_SORTED.java:20)
	at java_programs.FIND_IN_SORTED.binsearch(FIND_IN_SORTED.java:20)
	at java_programs.FIND_IN_SORTED.binsearch(FIND_IN_SORTED.java:20)
	at java_programs.FIND_IN_SORTED.binsearch(FIND_IN_SORTED.java:20)
	at java_programs.FIND_IN_SORTED.binsearch(FIND_IN_SORTED.java:20)
	at java_programs.FIND_IN_SORTED.binsearch(FIND_IN_SORTED.java:20)
	at java_programs.FIND_IN_SORTED.binsearch(FIND_IN_SORTED.java:20)
	at java_programs.FIND_IN_SORTED.binsearch(FIND_IN_SORTED.java:20)
	at java_programs.FIND_IN_SORTED.binsearch(FIND_IN_SORTED.java:20)
	at java_programs.FIND_IN_SORTED.binsearch(FIND_IN_SORTED.java:20)
	at java_programs.FIND_IN_SORTED.binsearch(FIND_IN_SORTED.java:20)
	at java_programs.FIND_IN_SORTED.binsearch(FIND_IN_SORTED.java:20)
	at java_programs.FIND_IN_SORTED.binsearch(FIND_IN_SORTED.java:20)
	at java_programs.FIND_IN_SORTED.binsearch(FIND_IN_SORTED.java:20)
	at java_programs.FIND_IN_SORTED.binsearch(FIND_IN_SORTED.java:20)
	at java_programs.FIND_IN_SORTED.binsearch(FIND_IN_SORTED.java:20)
	at java_programs.FIND_IN_SORTED.binsearch(FIND_IN_SORTED.java:20)
	at java_programs.FIND_IN_SORTED.binsearch(FIND_IN_SORTED.java:20)
	at java_programs.FIND_IN_SORTED.binsearch(FIND_IN_SORTED.java:20)
	at java_programs.FIND_IN_SORTED.binsearch(FIND_IN_SORTED.java:20)
	at java_programs.FIND_IN_SORTED.binsearch(FIND_IN_SORTED.java:20)
	at java_programs.FIND_IN_SORTED.binsearch(FIND_IN_SORTED.java:20)
	at java_programs.FIND_IN_SORTED.binsearch(FIND_IN_SORTED.java:20)
	at java_programs.FIND_IN_SORTED.binsearch(FIND_IN_SORTED.java:20)
	at java_programs.FIND_IN_SORTED.binsearch(FIND_IN_SORTED.java:20)
	at java_programs.FIND_IN_SORTED.binsearch(FIND_IN_SORTED.java:20)
	at java_programs.FIND_IN_SORTED.binsearch(FIND_IN_SORTED.java:20)
	at java_programs.FIND_IN_SORTED.binsearch(FIND_IN_SORTED.java:20)
	at java_programs.FIND_IN_SORTED.binsearch(FIND_IN_SORTED.java:20)
	at java_programs.FIND_IN_SORTED.binsearch(FIND_IN_SORTED.java:20)
	at java_programs.FIND_IN_SORTED.binsearch(FIND_IN_SORTED.java:20)
	at java_programs.FIND_IN_SORTED.binsearch(FIND_IN_SORTED.java:20)
	at java_programs.FIND_IN_SORTED.binsearch(FIND_IN_SORTED.java:20)
	at java_programs.FIND_IN_SORTED.binsearch(FIND_IN_SORTED.java:20)
	at java_programs.FIND_IN_SORTED.binsearch(FIND_IN_SORTED.java:20)
	at java_programs.FIND_IN_SORTED.binsearch(FIND_IN_SORTED.java:20)
	at java_programs.FIND_IN_SORTED.binsearch(FIND_IN_SORTED.java:20)
	at java_programs.FIND_IN_SORTED.binsearch(FIND_IN_SORTED.java:20)
	at java_programs.FIND_IN_SORTED.binsearch(FIND_IN_SORTED.java:20)
	at java_programs.FIND_IN_SORTED.binsearch(FIND_IN_SORTED.java:20)
	at java_programs.FIND_IN_SORTED.binsearch(FIND_IN_SORTED.java:20)
	at java_programs.FIND_IN_SORTED.binsearch(FIND_IN_SORTED.java:20)
	at java_programs.FIND_IN_SORTED.binsearch(FIND_IN_SORTED.java:20)
	at java_programs.FIND_IN_SORTED.binsearch(FIND_IN_SORTED.java:20)
	at java_programs.FIND_IN_SORTED.binsearch(FIND_IN_SORTED.java:20)
	at java_programs.FIND_IN_SORTED.binsearch(FIND_IN_SORTED.java:20)
	at java_programs.FIND_IN_SORTED.binsearch(FIND_IN_SORTED.java:20)
	at java_programs.FIND_IN_SORTED.binsearch(FIND_IN_SORTED.java:20)
	at java_programs.FIND_IN_SORTED.binsearch(FIND_IN_SORTED.java:20)
	at java_programs.FIND_IN_SORTED.binsearch(FIND_IN_SORTED.java:20)
	at java_programs.FIND_IN_SORTED.binsearch(FIND_IN_SORTED.java:20)
	at java_programs.FIND_IN_SORTED.binsearch(FIND_IN_SORTED.java:20)
	at java_programs.FIND_IN_SORTED.binsearch(FIND_IN_SORTED.java:20)
	at java_programs.FIND_IN_SORTED.binsearch(FIND_IN_SORTED.java:20)
	at java_programs.FIND_IN_SORTED.binsearch(FIND_IN_SORTED.java:20)
	at java_programs.FIND_IN_SORTED.binsearch(FIND_IN_SORTED.java:20)
	at java_programs.FIND_IN_SORTED.binsearch(FIND_IN_SORTED.java:20)
	at java_programs.FIND_IN_SORTED.binsearch(FIND_IN_SORTED.java:20)
	at java_programs.FIND_IN_SORTED.binsearch(FIND_IN_SORTED.java:20)
	at java_programs.FIND_IN_SORTED.binsearch(FIND_IN_SORTED.java:20)
	at java_programs.FIND_IN_SORTED.binsearch(FIND_IN_SORTED.java:20)
	at java_programs.FIND_IN_SORTED.binsearch(FIND_IN_SORTED.java:20)
	at java_programs.FIND_IN_SORTED.binsearch(FIND_IN_SORTED.java:20)
	at java_programs.FIND_IN_SORTED.binsearch(FIND_IN_SORTED.java:20)
	at java_programs.FIND_IN_SORTED.binsearch(FIND_IN_SORTED.java:20)
	at java_programs.FIND_IN_SORTED.binsearch(FIND_IN_SORTED.java:20)
	at java_programs.FIND_IN_SORTED.binsearch(FIND_IN_SORTED.java:20)
	at java_programs.FIND_IN_SORTED.binsearch(FIND_IN_SORTED.java:20)
	at java_programs.FIND_IN_SORTED.binsearch(FIND_IN_SORTED.java:20)
	at java_programs.FIND_IN_SORTED.binsearch(FIND_IN_SORTED.java:20)
	at java_programs.FIND_IN_SORTED.binsearch(FIND_IN_SORTED.java:20)
	at java_programs.FIND_IN_SORTED.binsearch(FIND_IN_SORTED.java:20)
	at java_programs.FIND_IN_SORTED.binsearch(FIND_IN_SORTED.java:20)
	at java_programs.FIND_IN_SORTED.binsearch(FIND_IN_SORTED.java:20)
	at java_programs.FIND_IN_SORTED.binsearch(FIND_IN_SORTED.java:20)
	at java_programs.FIND_IN_SORTED.binsearch(FIND_IN_SORTED.java:20)
	at java_programs.FIND_IN_SORTED.binsearch(FIND_IN_SORTED.java:20)
	at java_programs.FIND_IN_SORTED.binsearch(FIND_IN_SORTED.java:20)
	at java_programs.FIND_IN_SORTED.binsearch(FIND_IN_SORTED.java:20)
	at java_programs.FIND_IN_SORTED.binsearch(FIND_IN_SORTED.java:20)
	at java_programs.FIND_IN_SORTED.binsearch(FIND_IN_SORTED.java:20)
	at java_programs.FIND_IN_SORTED.binsearch(FIND_IN_SORTED.java:20)
	at java_programs.FIND_IN_SORTED.binsearch(FIND_IN_SORTED.java:20)
	at java_programs.FIND_IN_SORTED.binsearch(FIND_IN_SORTED.java:20)
	at java_programs.FIND_IN_SORTED.binsearch(FIND_IN_SORTED.java:20)
	at java_programs.FIND_IN_SORTED.binsearch(FIND_IN_SORTED.java:20)
	at java_programs.FIND_IN_SORTED.binsearch(FIND_IN_SORTED.java:20)
	at java_programs.FIND_IN_SORTED.binsearch(FIND_IN_SORTED.java:20)
	at java_programs.FIND_IN_SORTED.binsearch(FIND_IN_SORTED.java:20)
	at java_programs.FIND_IN_SORTED.binsearch(FIND_IN_SORTED.java:20)
	at java_programs.FIND_IN_SORTED.binsearch(FIND_IN_SORTED.java:20)
	at java_programs.FIND_IN_SORTED.binsearch(FIND_IN_SORTED.java:20)
	at java_programs.FIND_IN_SORTED.binsearch(FIND_IN_SORTED.java:20)
	at java_programs.FIND_IN_SORTED.binsearch(FIND_IN_SORTED.java:20)
	at java_programs.FIND_IN_SORTED.binsearch(FIND_IN_SORTED.java:20)
	at java_programs.FIND_IN_SORTED.binsearch(FIND_IN_SORTED.java:20)
	at java_programs.FIND_IN_SORTED.binsearch(FIND_IN_SORTED.java:20)
	at java_programs.FIND_IN_SORTED.binsearch(FIND_IN_SORTED.java:20)
	at java_programs.FIND_IN_SORTED.binsearch(FIND_IN_SORTED.java:20)
	at java_programs.FIND_IN_SORTED.binsearch(FIND_IN_SORTED.java:20)
	at java_programs.FIND_IN_SORTED.binsearch(FIND_IN_SORTED.java:20)
	at java_programs.FIND_IN_SORTED.binsearch(FIND_IN_SORTED.java:20)
	at java_programs.FIND_IN_SORTED.binsearch(FIND_IN_SORTED.java:20)
	at java_programs.FIND_IN_SORTED.binsearch(FIND_IN_SORTED.java:20)
	at java_programs.FIND_IN_SORTED.binsearch(FIND_IN_SORTED.java:20)
	at java_programs.FIND_IN_SORTED.binsearch(FIND_IN_SORTED.java:20)
	at java_programs.FIND_IN_SORTED.binsearch(FIND_IN_SORTED.java:20)
	at java_programs.FIND_IN_SORTED.binsearch(FIND_IN_SORTED.java:20)
	at java_programs.FIND_IN_SORTED.binsearch(FIND_IN_SORTED.java:20)
	at java_programs.FIND_IN_SORTED.binsearch(FIND_IN_SORTED.java:20)
	at java_programs.FIND_IN_SORTED.binsearch(FIND_IN_SORTED.java:20)
	at java_programs.FIND_IN_SORTED.binsearch(FIND_IN_SORTED.java:20)
	at java_programs.FIND_IN_SORTED.binsearch(FIND_IN_SORTED.java:20)
	at java_programs.FIND_IN_SORTED.binsearch(FIND_IN_SORTED.java:20)
	at java_programs.FIND_IN_SORTED.binsearch(FIND_IN_SORTED.java:20)
	at java_programs.FIND_IN_SORTED.binsearch(FIND_IN_SORTED.java:20)
	at java_programs.FIND_IN_SORTED.binsearch(FIND_IN_SORTED.java:20)
	at java_programs.FIND_IN_SORTED.binsearch(FIND_IN_SORTED.java:20)
	at java_programs.FIND_IN_SORTED.binsearch(FIND_IN_SORTED.java:20)
	at java_programs.FIND_IN_SORTED.binsearch(FIND_IN_SORTED.java:20)
	at java_programs.FIND_IN_SORTED.binsearch(FIND_IN_SORTED.java:20)
	at java_programs.FIND_IN_SORTED.binsearch(FIND_IN_SORTED.java:20)
	at java_programs.FIND_IN_SORTED.binsearch(FIND_IN_SORTED.java:20)
	at java_programs.FIND_IN_SORTED.binsearch(FIND_IN_SORTED.java:20)
	at java_programs.FIND_IN_SORTED.binsearch(FIND_IN_SORTED.java:20)
	at java_programs.FIND_IN_SORTED.binsearch(FIND_IN_SORTED.java:20)
	at java_programs.FIND_IN_SORTED.binsearch(FIND_IN_SORTED.java:20)
	at java_programs.FIND_IN_SORTED.binsearch(FIND_IN_SORTED.java:20)
	at java_programs.FIND_IN_SORTED.binsearch(FIND_IN_SORTED.java:20)
	at java_programs.FIND_IN_SORTED.binsearch(FIND_IN_SORTED.java:20)
	at java_programs.FIND_IN_SORTED.binsearch(FIND_IN_SORTED.java:20)
	at java_programs.FIND_IN_SORTED.binsearch(FIND_IN_SORTED.java:20)
	at java_programs.FIND_IN_SORTED.binsearch(FIND_IN_SORTED.java:20)
	at java_programs.FIND_IN_SORTED.binsearch(FIND_IN_SORTED.java:20)
	at java_programs.FIND_IN_SORTED.binsearch(FIND_IN_SORTED.java:20)
	at java_programs.FIND_IN_SORTED.binsearch(FIND_IN_SORTED.java:20)
	at java_programs.FIND_IN_SORTED.binsearch(FIND_IN_SORTED.java:20)
	at java_programs.FIND_IN_SORTED.binsearch(FIND_IN_SORTED.java:20)
	at java_programs.FIND_IN_SORTED.binsearch(FIND_IN_SORTED.java:20)
	at java_programs.FIND_IN_SORTED.binsearch(FIND_IN_SORTED.java:20)
	at java_programs.FIND_IN_SORTED.binsearch(FIND_IN_SORTED.java:20)
	at java_programs.FIND_IN_SORTED.binsearch(FIND_IN_SORTED.java:20)
	at java_programs.FIND_IN_SORTED.binsearch(FIND_IN_SORTED.java:20)
	at java_programs.FIND_IN_SORTED.binsearch(FIND_IN_SORTED.java:20)
	at java_programs.FIND_IN_SORTED.binsearch(FIND_IN_SORTED.java:20)
	at java_programs.FIND_IN_SORTED.binsearch(FIND_IN_SORTED.java:20)
	at java_programs.FIND_IN_SORTED.binsearch(FIND_IN_SORTED.java:20)
	at java_programs.FIND_IN_SORTED.binsearch(FIND_IN_SORTED.java:20)
	at java_programs.FIND_IN_SORTED.binsearch(FIND_IN_SORTED.java:20)
	at java_programs.FIND_IN_SORTED.binsearch(FIND_IN_SORTED.java:20)
	at java_programs.FIND_IN_SORTED.binsearch(FIND_IN_SORTED.java:20)
	at java_programs.FIND_IN_SORTED.binsearch(FIND_IN_SORTED.java:20)
	at java_programs.FIND_IN_SORTED.binsearch(FIND_IN_SORTED.java:20)
	at java_programs.FIND_IN_SORTED.binsearch(FIND_IN_SORTED.java:20)
	at java_programs.FIND_IN_SORTED.binsearch(FIND_IN_SORTED.java:20)
	at java_programs.FIND_IN_SORTED.binsearch(FIND_IN_SORTED.java:20)
	at java_programs.FIND_IN_SORTED.binsearch(FIND_IN_SORTED.java:20)
	at java_programs.FIND_IN_SORTED.binsearch(FIND_IN_SORTED.java:20)
	at java_programs.FIND_IN_SORTED.binsearch(FIND_IN_SORTED.java:20)
	at java_programs.FIND_IN_SORTED.binsearch(FIND_IN_SORTED.java:20)
	at java_programs.FIND_IN_SORTED.binsearch(FIND_IN_SORTED.java:20)
	at java_programs.FIND_IN_SORTED.binsearch(FIND_IN_SORTED.java:20)
	at java_programs.FIND_IN_SORTED.binsearch(FIND_IN_SORTED.java:20)
	at java_programs.FIND_IN_SORTED.binsearch(FIND_IN_SORTED.java:20)
	at java_programs.FIND_IN_SORTED.binsearch(FIND_IN_SORTED.java:20)
	at java_programs.FIND_IN_SORTED.binsearch(FIND_IN_SORTED.java:20)
	at java_programs.FIND_IN_SORTED.binsearch(FIND_IN_SORTED.java:20)
	at java_programs.FIND_IN_SORTED.binsearch(FIND_IN_SORTED.java:20)
	at java_programs.FIND_IN_SORTED.binsearch(FIND_IN_SORTED.java:20)
	at java_programs.FIND_IN_SORTED.binsearch(FIND_IN_SORTED.java:20)
	at java_programs.FIND_IN_SORTED.binsearch(FIND_IN_SORTED.java:20)
	at java_programs.FIND_IN_SORTED.binsearch(FIND_IN_SORTED.java:20)
	at java_programs.FIND_IN_SORTED.binsearch(FIND_IN_SORTED.java:20)
	at java_programs.FIND_IN_SORTED.binsearch(FIND_IN_SORTED.java:20)
	at java_programs.FIND_IN_SORTED.binsearch(FIND_IN_SORTED.java:20)
	at java_programs.FIND_IN_SORTED.binsearch(FIND_IN_SORTED.java:20)
	at java_programs.FIND_IN_SORTED.binsearch(FIND_IN_SORTED.java:20)
	at java_programs.FIND_IN_SORTED.binsearch(FIND_IN_SORTED.java:20)
	at java_programs.FIND_IN_SORTED.binsearch(FIND_IN_SORTED.java:20)
	at java_programs.FIND_IN_SORTED.binsearch(FIND_IN_SORTED.java:20)
	at java_programs.FIND_IN_SORTED.binsearch(FIND_IN_SORTED.java:20)
	at java_programs.FIND_IN_SORTED.binsearch(FIND_IN_SORTED.java:20)
	at java_programs.FIND_IN_SORTED.binsearch(FIND_IN_SORTED.java:20)
	at java_programs.FIND_IN_SORTED.binsearch(FIND_IN_SORTED.java:20)
	at java_programs.FIND_IN_SORTED.binsearch(FIND_IN_SORTED.java:20)
	at java_programs.FIND_IN_SORTED.binsearch(FIND_IN_SORTED.java:20)
	at java_programs.FIND_IN_SORTED.binsearch(FIND_IN_SORTED.java:20)
	at java_programs.FIND_IN_SORTED.binsearch(FIND_IN_SORTED.java:20)
	at java_programs.FIND_IN_SORTED.binsearch(FIND_IN_SORTED.java:20)
	at java_programs.FIND_IN_SORTED.binsearch(FIND_IN_SORTED.java:20)
	at java_programs.FIND_IN_SORTED.binsearch(FIND_IN_SORTED.java:20)
	at java_programs.FIND_IN_SORTED.binsearch(FIND_IN_SORTED.java:20)
	at java_programs.FIND_IN_SORTED.binsearch(FIND_IN_SORTED.java:20)
	at java_programs.FIND_IN_SORTED.binsearch(FIND_IN_SORTED.java:20)
	at java_programs.FIND_IN_SORTED.binsearch(FIND_IN_SORTED.java:20)
	at java_programs.FIND_IN_SORTED.binsearch(FIND_IN_SORTED.java:20)
	at java_programs.FIND_IN_SORTED.binsearch(FIND_IN_SORTED.java:20)
	at java_programs.FIND_IN_SORTED.binsearch(FIND_IN_SORTED.java:20)
	at java_programs.FIND_IN_SORTED.binsearch(FIND_IN_SORTED.java:20)
	at java_programs.FIND_IN_SORTED.binsearch(FIND_IN_SORTED.java:20)
	at java_programs.FIND_IN_SORTED.binsearch(FIND_IN_SORTED.java:20)
	at java_programs.FIND_IN_SORTED.binsearch(FIND_IN_SORTED.java:20)
	at java_programs.FIND_IN_SORTED.binsearch(FIND_IN_SORTED.java:20)
	at java_programs.FIND_IN_SORTED.binsearch(FIND_IN_SORTED.java:20)
	at java_programs.FIND_IN_SORTED.binsearch(FIND_IN_SORTED.java:20)
	at java_programs.FIND_IN_SORTED.binsearch(FIND_IN_SORTED.java:20)
	at java_programs.FIND_IN_SORTED.binsearch(FIND_IN_SORTED.java:20)
	at java_programs.FIND_IN_SORTED.binsearch(FIND_IN_SORTED.java:20)
	at java_programs.FIND_IN_SORTED.binsearch(FIND_IN_SORTED.java:20)
	at java_programs.FIND_IN_SORTED.binsearch(FIND_IN_SORTED.java:20)
	at java_programs.FIND_IN_SORTED.binsearch(FIND_IN_SORTED.java:20)
	at java_programs.FIND_IN_SORTED.binsearch(FIND_IN_SORTED.java:20)
	at java_programs.FIND_IN_SORTED.binsearch(FIND_IN_SORTED.java:20)
	at java_programs.FIND_IN_SORTED.binsearch(FIND_IN_SORTED.java:20)
	at java_programs.FIND_IN_SORTED.binsearch(FIND_IN_SORTED.java:20)
	at java_programs.FIND_IN_SORTED.binsearch(FIND_IN_SORTED.java:20)
	at java_programs.FIND_IN_SORTED.binsearch(FIND_IN_SORTED.java:20)
	at java_programs.FIND_IN_SORTED.binsearch(FIND_IN_SORTED.java:20)
	at java_programs.FIND_IN_SORTED.binsearch(FIND_IN_SORTED.java:20)
	at java_programs.FIND_IN_SORTED.binsearch(FIND_IN_SORTED.java:20)
	at java_programs.FIND_IN_SORTED.binsearch(FIND_IN_SORTED.java:20)
	at java_programs.FIND_IN_SORTED.binsearch(FIND_IN_SORTED.java:20)
	at java_programs.FIND_IN_SORTED.binsearch(FIND_IN_SORTED.java:20)
	at java_programs.FIND_IN_SORTED.binsearch(FIND_IN_SORTED.java:20)
	at java_programs.FIND_IN_SORTED.binsearch(FIND_IN_SORTED.java:20)
	at java_programs.FIND_IN_SORTED.binsearch(FIND_IN_SORTED.java:20)
	at java_programs.FIND_IN_SORTED.binsearch(FIND_IN_SORTED.java:20)
	at java_programs.FIND_IN_SORTED.binsearch(FIND_IN_SORTED.java:20)
	at java_programs.FIND_IN_SORTED.binsearch(FIND_IN_SORTED.java:20)
	at java_programs.FIND_IN_SORTED.binsearch(FIND_IN_SORTED.java:20)
	at java_programs.FIND_IN_SORTED.binsearch(FIND_IN_SORTED.java:20)
	at java_programs.FIND_IN_SORTED.binsearch(FIND_IN_SORTED.java:20)
	at java_programs.FIND_IN_SORTED.binsearch(FIND_IN_SORTED.java:20)
	at java_programs.FIND_IN_SORTED.binsearch(FIND_IN_SORTED.java:20)
	at java_programs.FIND_IN_SORTED.binsearch(FIND_IN_SORTED.java:20)
	at java_programs.FIND_IN_SORTED.binsearch(FIND_IN_SORTED.java:20)
	at java_programs.FIND_IN_SORTED.binsearch(FIND_IN_SORTED.java:20)
	at java_programs.FIND_IN_SORTED.binsearch(FIND_IN_SORTED.java:20)
	at java_programs.FIND_IN_SORTED.binsearch(FIND_IN_SORTED.java:20)
	at java_programs.FIND_IN_SORTED.binsearch(FIND_IN_SORTED.java:20)
	at java_programs.FIND_IN_SORTED.binsearch(FIND_IN_SORTED.java:20)
	at java_programs.FIND_IN_SORTED.binsearch(FIND_IN_SORTED.java:20)
	at java_programs.FIND_IN_SORTED.binsearch(FIND_IN_SORTED.java:20)
	at java_programs.FIND_IN_SORTED.binsearch(FIND_IN_SORTED.java:20)
	at java_programs.FIND_IN_SORTED.binsearch(FIND_IN_SORTED.java:20)
	at java_programs.FIND_IN_SORTED.binsearch(FIND_IN_SORTED.java:20)
	at java_programs.FIND_IN_SORTED.binsearch(FIND_IN_SORTED.java:20)
	at java_programs.FIND_IN_SORTED.binsearch(FIND_IN_SORTED.java:20)
	at java_programs.FIND_IN_SORTED.binsearch(FIND_IN_SORTED.java:20)
	at java_programs.FIND_IN_SORTED.binsearch(FIND_IN_SORTED.java:20)
	at java_programs.FIND_IN_SORTED.binsearch(FIND_IN_SORTED.java:20)
	at java_programs.FIND_IN_SORTED.binsearch(FIND_IN_SORTED.java:20)
	at java_programs.FIND_IN_SORTED.binsearch(FIND_IN_SORTED.java:20)
	at java_programs.FIND_IN_SORTED.binsearch(FIND_IN_SORTED.java:20)
	at java_programs.FIND_IN_SORTED.binsearch(FIND_IN_SORTED.java:20)
	at java_programs.FIND_IN_SORTED.binsearch(FIND_IN_SORTED.java:20)
	at java_programs.FIND_IN_SORTED.binsearch(FIND_IN_SORTED.java:20)
	at java_programs.FIND_IN_SORTED.binsearch(FIND_IN_SORTED.java:20)
	at java_programs.FIND_IN_SORTED.binsearch(FIND_IN_SORTED.java:20)
	at java_programs.FIND_IN_SORTED.binsearch(FIND_IN_SORTED.java:20)
	at java_programs.FIND_IN_SORTED.binsearch(FIND_IN_SORTED.java:20)
	at java_programs.FIND_IN_SORTED.binsearch(FIND_IN_SORTED.java:20)
	at java_programs.FIND_IN_SORTED.binsearch(FIND_IN_SORTED.java:20)
	at java_programs.FIND_IN_SORTED.binsearch(FIND_IN_SORTED.java:20)
	at java_programs.FIND_IN_SORTED.binsearch(FIND_IN_SORTED.java:20)
	at java_programs.FIND_IN_SORTED.binsearch(FIND_IN_SORTED.java:20)
	at java_programs.FIND_IN_SORTED.binsearch(FIND_IN_SORTED.java:20)
	at java_programs.FIND_IN_SORTED.binsearch(FIND_IN_SORTED.java:20)
	at java_programs.FIND_IN_SORTED.binsearch(FIND_IN_SORTED.java:20)
	at java_programs.FIND_IN_SORTED.binsearch(FIND_IN_SORTED.java:20)
	at java_programs.FIND_IN_SORTED.binsearch(FIND_IN_SORTED.java:20)
	at java_programs.FIND_IN_SORTED.binsearch(FIND_IN_SORTED.java:20)
	at java_programs.FIND_IN_SORTED.binsearch(FIND_IN_SORTED.java:20)
	at java_programs.FIND_IN_SORTED.binsearch(FIND_IN_SORTED.java:20)
	at java_programs.FIND_IN_SORTED.binsearch(FIND_IN_SORTED.java:20)
	at java_programs.FIND_IN_SORTED.binsearch(FIND_IN_SORTED.java:20)
	at java_programs.FIND_IN_SORTED.binsearch(FIND_IN_SORTED.java:20)
	at java_programs.FIND_IN_SORTED.binsearch(FIND_IN_SORTED.java:20)
	at java_programs.FIND_IN_SORTED.binsearch(FIND_IN_SORTED.java:20)
	at java_programs.FIND_IN_SORTED.binsearch(FIND_IN_SORTED.java:20)
	at java_programs.FIND_IN_SORTED.binsearch(FIND_IN_SORTED.java:20)
	at java_programs.FIND_IN_SORTED.binsearch(FIND_IN_SORTED.java:20)
	at java_programs.FIND_IN_SORTED.binsearch(FIND_IN_SORTED.java:20)
	at java_programs.FIND_IN_SORTED.binsearch(FIND_IN_SORTED.java:20)
	at java_programs.FIND_IN_SORTED.binsearch(FIND_IN_SORTED.java:20)
	at java_programs.FIND_IN_SORTED.binsearch(FIND_IN_SORTED.java:20)
	at java_programs.FIND_IN_SORTED.binsearch(FIND_IN_SORTED.java:20)
	at java_programs.FIND_IN_SORTED.binsearch(FIND_IN_SORTED.java:20)
	at java_programs.FIND_IN_SORTED.binsearch(FIND_IN_SORTED.java:20)
	at java_programs.FIND_IN_SORTED.binsearch(FIND_IN_SORTED.java:20)
	at java_programs.FIND_IN_SORTED.binsearch(FIND_IN_SORTED.java:20)
	at java_programs.FIND_IN_SORTED.binsearch(FIND_IN_SORTED.java:20)
	at java_programs.FIND_IN_SORTED.binsearch(FIND_IN_SORTED.java:20)
	at java_programs.FIND_IN_SORTED.binsearch(FIND_IN_SORTED.java:20)
	at java_programs.FIND_IN_SORTED.binsearch(FIND_IN_SORTED.java:20)
	at java_programs.FIND_IN_SORTED.binsearch(FIND_IN_SORTED.java:20)
	at java_programs.FIND_IN_SORTED.binsearch(FIND_IN_SORTED.java:20)
	at java_programs.FIND_IN_SORTED.binsearch(FIND_IN_SORTED.java:20)
	at java_programs.FIND_IN_SORTED.binsearch(FIND_IN_SORTED.java:20)
	at java_programs.FIND_IN_SORTED.binsearch(FIND_IN_SORTED.java:20)
	at java_programs.FIND_IN_SORTED.binsearch(FIND_IN_SORTED.java:20)
	at java_programs.FIND_IN_SORTED.binsearch(FIND_IN_SORTED.java:20)
	at java_programs.FIND_IN_SORTED.binsearch(FIND_IN_SORTED.java:20)
	at java_programs.FIND_IN_SORTED.binsearch(FIND_IN_SORTED.java:20)
	at java_programs.FIND_IN_SORTED.binsearch(FIND_IN_SORTED.java:20)
	at java_programs.FIND_IN_SORTED.binsearch(FIND_IN_SORTED.java:20)
	at java_programs.FIND_IN_SORTED.binsearch(FIND_IN_SORTED.java:20)
	at java_programs.FIND_IN_SORTED.binsearch(FIND_IN_SORTED.java:20)
	at java_programs.FIND_IN_SORTED.binsearch(FIND_IN_SORTED.java:20)
	at java_programs.FIND_IN_SORTED.binsearch(FIND_IN_SORTED.java:20)
	at java_programs.FIND_IN_SORTED.binsearch(FIND_IN_SORTED.java:20)
	at java_programs.FIND_IN_SORTED.binsearch(FIND_IN_SORTED.java:20)
	at java_programs.FIND_IN_SORTED.binsearch(FIND_IN_SORTED.java:20)
	at java_programs.FIND_IN_SORTED.binsearch(FIND_IN_SORTED.java:20)
	at java_programs.FIND_IN_SORTED.binsearch(FIND_IN_SORTED.java:20)
	at java_programs.FIND_IN_SORTED.binsearch(FIND_IN_SORTED.java:20)
	at java_programs.FIND_IN_SORTED.binsearch(FIND_IN_SORTED.java:20)
	at java_programs.FIND_IN_SORTED.binsearch(FIND_IN_SORTED.java:20)
	at java_programs.FIND_IN_SORTED.binsearch(FIND_IN_SORTED.java:20)
	at java_programs.FIND_IN_SORTED.binsearch(FIND_IN_SORTED.java:20)
	at java_programs.FIND_IN_SORTED.binsearch(FIND_IN_SORTED.java:20)
	at java_programs.FIND_IN_SORTED.binsearch(FIND_IN_SORTED.java:20)
	at java_programs.FIND_IN_SORTED.binsearch(FIND_IN_SORTED.java:20)
	at java_programs.FIND_IN_SORTED.binsearch(FIND_IN_SORTED.java:20)
	at java_programs.FIND_IN_SORTED.binsearch(FIND_IN_SORTED.java:20)
	at java_programs.FIND_IN_SORTED.binsearch(FIND_IN_SORTED.java:20)
	at java_programs.FIND_IN_SORTED.binsearch(FIND_IN_SORTED.java:20)
	at java_programs.FIND_IN_SORTED.binsearch(FIND_IN_SORTED.java:20)
	at java_programs.FIND_IN_SORTED.binsearch(FIND_IN_SORTED.java:20)
	at java_programs.FIND_IN_SORTED.binsearch(FIND_IN_SORTED.java:20)
	at java_programs.FIND_IN_SORTED.binsearch(FIND_IN_SORTED.java:20)
	at java_programs.FIND_IN_SORTED.binsearch(FIND_IN_SORTED.java:20)
	at java_programs.FIND_IN_SORTED.binsearch(FIND_IN_SORTED.java:20)
	at java_programs.FIND_IN_SORTED.binsearch(FIND_IN_SORTED.java:20)
	at java_programs.FIND_IN_SORTED.binsearch(FIND_IN_SORTED.java:20)
	at java_programs.FIND_IN_SORTED.binsearch(FIND_IN_SORTED.java:20)
	at java_programs.FIND_IN_SORTED.binsearch(FIND_IN_SORTED.java:20)
	at java_programs.FIND_IN_SORTED.binsearch(FIND_IN_SORTED.java:20)
	at java_programs.FIND_IN_SORTED.binsearch(FIND_IN_SORTED.java:20)
	at java_programs.FIND_IN_SORTED.binsearch(FIND_IN_SORTED.java:20)
	at java_programs.FIND_IN_SORTED.binsearch(FIND_IN_SORTED.java:20)
	at java_programs.FIND_IN_SORTED.binsearch(FIND_IN_SORTED.java:20)
	at java_programs.FIND_IN_SORTED.binsearch(FIND_IN_SORTED.java:20)
	at java_programs.FIND_IN_SORTED.binsearch(FIND_IN_SORTED.java:20)
	at java_programs.FIND_IN_SORTED.binsearch(FIND_IN_SORTED.java:20)
	at java_programs.FIND_IN_SORTED.binsearch(FIND_IN_SORTED.java:20)
	at java_programs.FIND_IN_SORTED.binsearch(FIND_IN_SORTED.java:20)
	at java_programs.FIND_IN_SORTED.binsearch(FIND_IN_SORTED.java:20)
	at java_programs.FIND_IN_SORTED.binsearch(FIND_IN_SORTED.java:20)
	at java_programs.FIND_IN_SORTED.binsearch(FIND_IN_SORTED.java:20)
	at java_programs.FIND_IN_SORTED.binsearch(FIND_IN_SORTED.java:20)
	at java_programs.FIND_IN_SORTED.binsearch(FIND_IN_SORTED.java:20)
	at java_programs.FIND_IN_SORTED.binsearch(FIND_IN_SORTED.java:20)
	at java_programs.FIND_IN_SORTED.binsearch(FIND_IN_SORTED.java:20)
	at java_programs.FIND_IN_SORTED.binsearch(FIND_IN_SORTED.java:20)
	at java_programs.FIND_IN_SORTED.binsearch(FIND_IN_SORTED.java:20)
	at java_programs.FIND_IN_SORTED.binsearch(FIND_IN_SORTED.java:20)
	at java_programs.FIND_IN_SORTED.binsearch(FIND_IN_SORTED.java:20)
	at java_programs.FIND_IN_SORTED.binsearch(FIND_IN_SORTED.java:20)
	at java_programs.FIND_IN_SORTED.binsearch(FIND_IN_SORTED.java:20)
	at java_programs.FIND_IN_SORTED.binsearch(FIND_IN_SORTED.java:20)
	at java_programs.FIND_IN_SORTED.binsearch(FIND_IN_SORTED.java:20)
	at java_programs.FIND_IN_SORTED.binsearch(FIND_IN_SORTED.java:20)
	at java_programs.FIND_IN_SORTED.binsearch(FIND_IN_SORTED.java:20)
	at java_programs.FIND_IN_SORTED.binsearch(FIND_IN_SORTED.java:20)
	at java_programs.FIND_IN_SORTED.binsearch(FIND_IN_SORTED.java:20)
	at java_programs.FIND_IN_SORTED.binsearch(FIND_IN_SORTED.java:20)
	at java_programs.FIND_IN_SORTED.binsearch(FIND_IN_SORTED.java:20)
	at java_programs.FIND_IN_SORTED.binsearch(FIND_IN_SORTED.java:20)
	at java_programs.FIND_IN_SORTED.binsearch(FIND_IN_SORTED.java:20)
	at java_programs.FIND_IN_SORTED.binsearch(FIND_IN_SORTED.java:20)
	at java_programs.FIND_IN_SORTED.binsearch(FIND_IN_SORTED.java:20)
	at java_programs.FIND_IN_SORTED.binsearch(FIND_IN_SORTED.java:20)
	at java_programs.FIND_IN_SORTED.binsearch(FIND_IN_SORTED.java:20)
	at java_programs.FIND_IN_SORTED.binsearch(FIND_IN_SORTED.java:20)
	at java_programs.FIND_IN_SORTED.binsearch(FIND_IN_SORTED.java:20)
	at java_programs.FIND_IN_SORTED.binsearch(FIND_IN_SORTED.java:20)
	at java_programs.FIND_IN_SORTED.binsearch(FIND_IN_SORTED.java:20)
	at java_programs.FIND_IN_SORTED.binsearch(FIND_IN_SORTED.java:20)
	at java_programs.FIND_IN_SORTED.binsearch(FIND_IN_SORTED.java:20)
	at java_programs.FIND_IN_SORTED.binsearch(FIND_IN_SORTED.java:20)
	at java_programs.FIND_IN_SORTED.binsearch(FIND_IN_SORTED.java:20)
	at java_programs.FIND_IN_SORTED.binsearch(FIND_IN_SORTED.java:20)
	at java_programs.FIND_IN_SORTED.binsearch(FIND_IN_SORTED.java:20)
	at java_programs.FIND_IN_SORTED.binsearch(FIND_IN_SORTED.java:20)
	at java_programs.FIND_IN_SORTED.binsearch(FIND_IN_SORTED.java:20)
	at java_programs.FIND_IN_SORTED.binsearch(FIND_IN_SORTED.java:20)
	at java_programs.FIND_IN_SORTED.binsearch(FIND_IN_SORTED.java:20)
	at java_programs.FIND_IN_SORTED.binsearch(FIND_IN_SORTED.java:20)
	at java_programs.FIND_IN_SORTED.binsearch(FIND_IN_SORTED.java:20)
	at java_programs.FIND_IN_SORTED.binsearch(FIND_IN_SORTED.java:20)
	at java_programs.FIND_IN_SORTED.binsearch(FIND_IN_SORTED.java:20)
	at java_programs.FIND_IN_SORTED.binsearch(FIND_IN_SORTED.java:20)
	at java_programs.FIND_IN_SORTED.binsearch(FIND_IN_SORTED.java:20)
	at java_programs.FIND_IN_SORTED.binsearch(FIND_IN_SORTED.java:20)
	at java_programs.FIND_IN_SORTED.binsearch(FIND_IN_SORTED.java:20)
	at java_programs.FIND_IN_SORTED.binsearch(FIND_IN_SORTED.java:20)
	at java_programs.FIND_IN_SORTED.binsearch(FIND_IN_SORTED.java:20)
	at java_programs.FIND_IN_SORTED.binsearch(FIND_IN_SORTED.java:20)
	at java_programs.FIND_IN_SORTED.binsearch(FIND_IN_SORTED.java:20)
	at java_programs.FIND_IN_SORTED.binsearch(FIND_IN_SORTED.java:20)
	at java_programs.FIND_IN_SORTED.binsearch(FIND_IN_SORTED.java:20)
	at java_programs.FIND_IN_SORTED.binsearch(FIND_IN_SORTED.java:20)
	at java_programs.FIND_IN_SORTED.binsearch(FIND_IN_SORTED.java:20)
	at java_programs.FIND_IN_SORTED.binsearch(FIND_IN_SORTED.java:20)
	at java_programs.FIND_IN_SORTED.binsearch(FIND_IN_SORTED.java:20)
	at java_programs.FIND_IN_SORTED.binsearch(FIND_IN_SORTED.java:20)
	at java_programs.FIND_IN_SORTED.binsearch(FIND_IN_SORTED.java:20)
	at java_programs.FIND_IN_SORTED.binsearch(FIND_IN_SORTED.java:20)
	at java_programs.FIND_IN_SORTED.binsearch(FIND_IN_SORTED.java:20)
	at java_programs.FIND_IN_SORTED.binsearch(FIND_IN_SORTED.java:20)
	at java_programs.FIND_IN_SORTED.binsearch(FIND_IN_SORTED.java:20)
	at java_programs.FIND_IN_SORTED.binsearch(FIND_IN_SORTED.java:20)
	at java_programs.FIND_IN_SORTED.binsearch(FIND_IN_SORTED.java:20)
	at java_programs.FIND_IN_SORTED.binsearch(FIND_IN_SORTED.java:20)
	at java_programs.FIND_IN_SORTED.binsearch(FIND_IN_SORTED.java:20)
	at java_programs.FIND_IN_SORTED.binsearch(FIND_IN_SORTED.java:20)
	at java_programs.FIND_IN_SORTED.binsearch(FIND_IN_SORTED.java:20)
	at java_programs.FIND_IN_SORTED.binsearch(FIND_IN_SORTED.java:20)
	at java_programs.FIND_IN_SORTED.binsearch(FIND_IN_SORTED.java:20)
	at java_programs.FIND_IN_SORTED.binsearch(FIND_IN_SORTED.java:20)
	at java_programs.FIND_IN_SORTED.binsearch(FIND_IN_SORTED.java:20)
	at java_programs.FIND_IN_SORTED.binsearch(FIND_IN_SORTED.java:20)
	at java_programs.FIND_IN_SORTED.binsearch(FIND_IN_SORTED.java:20)
	at java_programs.FIND_IN_SORTED.binsearch(FIND_IN_SORTED.java:20)
	at java_programs.FIND_IN_SORTED.binsearch(FIND_IN_SORTED.java:20)
	at java_programs.FIND_IN_SORTED.binsearch(FIND_IN_SORTED.java:20)
	at java_programs.FIND_IN_SORTED.binsearch(FIND_IN_SORTED.java:20)
	at java_programs.FIND_IN_SORTED.binsearch(FIND_IN_SORTED.java:20)
	at java_programs.FIND_IN_SORTED.binsearch(FIND_IN_SORTED.java:20)
	at java_programs.FIND_IN_SORTED.binsearch(FIND_IN_SORTED.java:20)
	at java_programs.FIND_IN_SORTED.binsearch(FIND_IN_SORTED.java:20)
	at java_programs.FIND_IN_SORTED.binsearch(FIND_IN_SORTED.java:20)
	at java_programs.FIND_IN_SORTED.binsearch(FIND_IN_SORTED.java:20)
	at java_programs.FIND_IN_SORTED.binsearch(FIND_IN_SORTED.java:20)
	at java_programs.FIND_IN_SORTED.binsearch(FIND_IN_SORTED.java:20)
	at java_programs.FIND_IN_SORTED.binsearch(FIND_IN_SORTED.java:20)
	at java_programs.FIND_IN_SORTED.binsearch(FIND_IN_SORTED.java:20)
	at java_programs.FIND_IN_SORTED.binsearch(FIND_IN_SORTED.java:20)
	at java_programs.FIND_IN_SORTED.binsearch(FIND_IN_SORTED.java:20)
	at java_programs.FIND_IN_SORTED.binsearch(FIND_IN_SORTED.java:20)
	at java_programs.FIND_IN_SORTED.binsearch(FIND_IN_SORTED.java:20)
	at java_programs.FIND_IN_SORTED.binsearch(FIND_IN_SORTED.java:20)
	at java_programs.FIND_IN_SORTED.binsearch(FIND_IN_SORTED.java:20)
	at java_programs.FIND_IN_SORTED.binsearch(FIND_IN_SORTED.java:20)
	at java_programs.FIND_IN_SORTED.binsearch(FIND_IN_SORTED.java:20)
	at java_programs.FIND_IN_SORTED.binsearch(FIND_IN_SORTED.java:20)
	at java_programs.FIND_IN_SORTED.binsearch(FIND_IN_SORTED.java:20)
	at java_programs.FIND_IN_SORTED.binsearch(FIND_IN_SORTED.java:20)
	at java_programs.FIND_IN_SORTED.binsearch(FIND_IN_SORTED.java:20)
	at java_programs.FIND_IN_SORTED.binsearch(FIND_IN_SORTED.java:20)
	at java_programs.FIND_IN_SORTED.binsearch(FIND_IN_SORTED.java:20)
	at java_programs.FIND_IN_SORTED.binsearch(FIND_IN_SORTED.java:20)
	at java_programs.FIND_IN_SORTED.binsearch(FIND_IN_SORTED.java:20)
	at java_programs.FIND_IN_SORTED.binsearch(FIND_IN_SORTED.java:20)
	at java_programs.FIND_IN_SORTED.binsearch(FIND_IN_SORTED.java:20)
	at java_programs.FIND_IN_SORTED.binsearch(FIND_IN_SORTED.java:20)
	at java_programs.FIND_IN_SORTED.binsearch(FIND_IN_SORTED.java:20)
	at java_programs.FIND_IN_SORTED.binsearch(FIND_IN_SORTED.java:20)
	at java_programs.FIND_IN_SORTED.binsearch(FIND_IN_SORTED.java:20)
	at java_programs.FIND_IN_SORTED.binsearch(FIND_IN_SORTED.java:20)
	at java_programs.FIND_IN_SORTED.binsearch(FIND_IN_SORTED.java:20)
	at java_programs.FIND_IN_SORTED.binsearch(FIND_IN_SORTED.java:20)
	at java_programs.FIND_IN_SORTED.binsearch(FIND_IN_SORTED.java:20)
	at java_programs.FIND_IN_SORTED.binsearch(FIND_IN_SORTED.java:20)
	at java_programs.FIND_IN_SORTED.binsearch(FIND_IN_SORTED.java:20)
	at java_programs.FIND_IN_SORTED.binsearch(FIND_IN_SORTED.java:20)
	at java_programs.FIND_IN_SORTED.binsearch(FIND_IN_SORTED.java:20)
	at java_programs.FIND_IN_SORTED.binsearch(FIND_IN_SORTED.java:20)
	at java_programs.FIND_IN_SORTED.binsearch(FIND_IN_SORTED.java:20)
	at java_programs.FIND_IN_SORTED.binsearch(FIND_IN_SORTED.java:20)
	at java_programs.FIND_IN_SORTED.binsearch(FIND_IN_SORTED.java:20)
	at java_programs.FIND_IN_SORTED.binsearch(FIND_IN_SORTED.java:20)
	at java_programs.FIND_IN_SORTED.binsearch(FIND_IN_SORTED.java:20)
	at java_programs.FIND_IN_SORTED.binsearch(FIND_IN_SORTED.java:20)
	at java_programs.FIND_IN_SORTED.binsearch(FIND_IN_SORTED.java:20)
	at java_programs.FIND_IN_SORTED.binsearch(FIND_IN_SORTED.java:20)
	at java_programs.FIND_IN_SORTED.binsearch(FIND_IN_SORTED.java:20)
	at java_programs.FIND_IN_SORTED.binsearch(FIND_IN_SORTED.java:20)
	at java_programs.FIND_IN_SORTED.binsearch(FIND_IN_SORTED.java:20)
	at java_programs.FIND_IN_SORTED.binsearch(FIND_IN_SORTED.java:20)
	at java_programs.FIND_IN_SORTED.binsearch(FIND_IN_SORTED.java:20)
	at java_programs.FIND_IN_SORTED.binsearch(FIND_IN_SORTED.java:20)
	at java_programs.FIND_IN_SORTED.binsearch(FIND_IN_SORTED.java:20)
	at java_programs.FIND_IN_SORTED.binsearch(FIND_IN_SORTED.java:20)
	at java_programs.FIND_IN_SORTED.binsearch(FIND_IN_SORTED.java:20)
	at java_programs.FIND_IN_SORTED.binsearch(FIND_IN_SORTED.java:20)
	at java_programs.FIND_IN_SORTED.binsearch(FIND_IN_SORTED.java:20)
	at java_programs.FIND_IN_SORTED.binsearch(FIND_IN_SORTED.java:20)
	at java_programs.FIND_IN_SORTED.binsearch(FIND_IN_SORTED.java:20)
	at java_programs.FIND_IN_SORTED.binsearch(FIND_IN_SORTED.java:20)
	at java_programs.FIND_IN_SORTED.binsearch(FIND_IN_SORTED.java:20)
	at java_programs.FIND_IN_SORTED.binsearch(FIND_IN_SORTED.java:20)
	at java_programs.FIND_IN_SORTED.binsearch(FIND_IN_SORTED.java:20)
	at java_programs.FIND_IN_SORTED.binsearch(FIND_IN_SORTED.java:20)
	at java_programs.FIND_IN_SORTED.binsearch(FIND_IN_SORTED.java:20)
	at java_programs.FIND_IN_SORTED.binsearch(FIND_IN_SORTED.java:20)
	at java_programs.FIND_IN_SORTED.binsearch(FIND_IN_SORTED.java:20)
	at java_programs.FIND_IN_SORTED.binsearch(FIND_IN_SORTED.java:20)
	at java_programs.FIND_IN_SORTED.binsearch(FIND_IN_SORTED.java:20)
	at java_programs.FIND_IN_SORTED.binsearch(FIND_IN_SORTED.java:20)
	at java_programs.FIND_IN_SORTED.binsearch(FIND_IN_SORTED.java:20)
	at java_programs.FIND_IN_SORTED.binsearch(FIND_IN_SORTED.java:20)
	at java_programs.FIND_IN_SORTED.binsearch(FIND_IN_SORTED.java:20)
	at java_programs.FIND_IN_SORTED.binsearch(FIND_IN_SORTED.java:20)
	at java_programs.FIND_IN_SORTED.binsearch(FIND_IN_SORTED.java:20)
	at java_programs.FIND_IN_SORTED.binsearch(FIND_IN_SORTED.java:20)
	at java_programs.FIND_IN_SORTED.binsearch(FIND_IN_SORTED.java:20)
	at java_programs.FIND_IN_SORTED.binsearch(FIND_IN_SORTED.java:20)
	at java_programs.FIND_IN_SORTED.binsearch(FIND_IN_SORTED.java:20)
	at java_programs.FIND_IN_SORTED.binsearch(FIND_IN_SORTED.java:20)
	at java_programs.FIND_IN_SORTED.binsearch(FIND_IN_SORTED.java:20)
	at java_programs.FIND_IN_SORTED.binsearch(FIND_IN_SORTED.java:20)
	at java_programs.FIND_IN_SORTED.binsearch(FIND_IN_SORTED.java:20)
	at java_programs.FIND_IN_SORTED.binsearch(FIND_IN_SORTED.java:20)
	at java_programs.FIND_IN_SORTED.binsearch(FIND_IN_SORTED.java:20)
	at java_programs.FIND_IN_SORTED.binsearch(FIND_IN_SORTED.java:20)
	at java_programs.FIND_IN_SORTED.binsearch(FIND_IN_SORTED.java:20)
	at java_programs.FIND_IN_SORTED.binsearch(FIND_IN_SORTED.java:20)
	at java_programs.FIND_IN_SORTED.binsearch(FIND_IN_SORTED.java:20)
	at java_programs.FIND_IN_SORTED.binsearch(FIND_IN_SORTED.java:20)
	at java_programs.FIND_IN_SORTED.binsearch(FIND_IN_SORTED.java:20)
	at java_programs.FIND_IN_SORTED.binsearch(FIND_IN_SORTED.java:20)
	at java_programs.FIND_IN_SORTED.binsearch(FIND_IN_SORTED.java:20)
	at java_programs.FIND_IN_SORTED.binsearch(FIND_IN_SORTED.java:20)
	at java_programs.FIND_IN_SORTED.binsearch(FIND_IN_SORTED.java:20)
	at java_programs.FIND_IN_SORTED.binsearch(FIND_IN_SORTED.java:20)
	at java_programs.FIND_IN_SORTED.binsearch(FIND_IN_SORTED.java:20)
	at java_programs.FIND_IN_SORTED.binsearch(FIND_IN_SORTED.java:20)
	at java_programs.FIND_IN_SORTED.binsearch(FIND_IN_SORTED.java:20)
	at java_programs.FIND_IN_SORTED.binsearch(FIND_IN_SORTED.java:20)
	at java_programs.FIND_IN_SORTED.binsearch(FIND_IN_SORTED.java:20)
	at java_programs.FIND_IN_SORTED.binsearch(FIND_IN_SORTED.java:20)
	at java_programs.FIND_IN_SORTED.binsearch(FIND_IN_SORTED.java:20)
	at java_programs.FIND_IN_SORTED.binsearch(FIND_IN_SORTED.java:20)
	at java_programs.FIND_IN_SORTED.binsearch(FIND_IN_SORTED.java:20)
	at java_programs.FIND_IN_SORTED.binsearch(FIND_IN_SORTED.java:20)
	at java_programs.FIND_IN_SORTED.binsearch(FIND_IN_SORTED.java:20)
	at java_programs.FIND_IN_SORTED.binsearch(FIND_IN_SORTED.java:20)
	at java_programs.FIND_IN_SORTED.binsearch(FIND_IN_SORTED.java:20)
	at java_programs.FIND_IN_SORTED.binsearch(FIND_IN_SORTED.java:20)
	at java_programs.FIND_IN_SORTED.binsearch(FIND_IN_SORTED.java:20)
	at java_programs.FIND_IN_SORTED.binsearch(FIND_IN_SORTED.java:20)
	at java_programs.FIND_IN_SORTED.binsearch(FIND_IN_SORTED.java:20)
	at java_programs.FIND_IN_SORTED.binsearch(FIND_IN_SORTED.java:20)
	at java_programs.FIND_IN_SORTED.binsearch(FIND_IN_SORTED.java:20)
	at java_programs.FIND_IN_SORTED.binsearch(FIND_IN_SORTED.java:20)
	at java_programs.FIND_IN_SORTED.binsearch(FIND_IN_SORTED.java:20)
	at java_programs.FIND_IN_SORTED.binsearch(FIND_IN_SORTED.java:20)
	at java_programs.FIND_IN_SORTED.binsearch(FIND_IN_SORTED.java:20)
	at java_programs.FIND_IN_SORTED.binsearch(FIND_IN_SORTED.java:20)
	at java_programs.FIND_IN_SORTED.binsearch(FIND_IN_SORTED.java:20)
	at java_programs.FIND_IN_SORTED.binsearch(FIND_IN_SORTED.java:20)
	at java_programs.FIND_IN_SORTED.binsearch(FIND_IN_SORTED.java:20)
	at java_programs.FIND_IN_SORTED.binsearch(FIND_IN_SORTED.java:20)
	at java_programs.FIND_IN_SORTED.binsearch(FIND_IN_SORTED.java:20)
	at java_programs.FIND_IN_SORTED.binsearch(FIND_IN_SORTED.java:20)
	at java_programs.FIND_IN_SORTED.binsearch(FIND_IN_SORTED.java:20)
	at java_programs.FIND_IN_SORTED.binsearch(FIND_IN_SORTED.java:20)
	at java_programs.FIND_IN_SORTED.binsearch(FIND_IN_SORTED.java:20)
	at java_programs.FIND_IN_SORTED.binsearch(FIND_IN_SORTED.java:20)
	at java_programs.FIND_IN_SORTED.binsearch(FIND_IN_SORTED.java:20)
	at java_programs.FIND_IN_SORTED.binsearch(FIND_IN_SORTED.java:20)
	at java_programs.FIND_IN_SORTED.binsearch(FIND_IN_SORTED.java:20)
	at java_programs.FIND_IN_SORTED.binsearch(FIND_IN_SORTED.java:20)
	at java_programs.FIND_IN_SORTED.binsearch(FIND_IN_SORTED.java:20)
	at java_programs.FIND_IN_SORTED.binsearch(FIND_IN_SORTED.java:20)
	at java_programs.FIND_IN_SORTED.binsearch(FIND_IN_SORTED.java:20)
	at java_programs.FIND_IN_SORTED.binsearch(FIND_IN_SORTED.java:20)
	at java_programs.FIND_IN_SORTED.binsearch(FIND_IN_SORTED.java:20)
	at java_programs.FIND_IN_SORTED.binsearch(FIND_IN_SORTED.java:20)
	at java_programs.FIND_IN_SORTED.binsearch(FIND_IN_SORTED.java:20)
	at java_programs.FIND_IN_SORTED.binsearch(FIND_IN_SORTED.java:20)
	at java_programs.FIND_IN_SORTED.binsearch(FIND_IN_SORTED.java:20)
	at java_programs.FIND_IN_SORTED.binsearch(FIND_IN_SORTED.java:20)
	at java_programs.FIND_IN_SORTED.binsearch(FIND_IN_SORTED.java:20)
	at java_programs.FIND_IN_SORTED.binsearch(FIND_IN_SORTED.java:20)
	at java_programs.FIND_IN_SORTED.binsearch(FIND_IN_SORTED.java:20)
	at java_programs.FIND_IN_SORTED.binsearch(FIND_IN_SORTED.java:20)
	at java_programs.FIND_IN_SORTED.binsearch(FIND_IN_SORTED.java:20)
	at java_programs.FIND_IN_SORTED.binsearch(FIND_IN_SORTED.java:20)
	at java_programs.FIND_IN_SORTED.binsearch(FIND_IN_SORTED.java:20)
	at java_programs.FIND_IN_SORTED.binsearch(FIND_IN_SORTED.java:20)
	at java_programs.FIND_IN_SORTED.binsearch(FIND_IN_SORTED.java:20)
	at java_programs.FIND_IN_SORTED.binsearch(FIND_IN_SORTED.java:20)
	at java_programs.FIND_IN_SORTED.binsearch(FIND_IN_SORTED.java:20)
	at java_programs.FIND_IN_SORTED.binsearch(FIND_IN_SORTED.java:20)
	at java_programs.FIND_IN_SORTED.binsearch(FIND_IN_SORTED.java:20)
	at java_programs.FIND_IN_SORTED.binsearch(FIND_IN_SORTED.java:20)
	at java_programs.FIND_IN_SORTED.binsearch(FIND_IN_SORTED.java:20)
	at java_programs.FIND_IN_SORTED.binsearch(FIND_IN_SORTED.java:20)
	at java_programs.FIND_IN_SORTED.binsearch(FIND_IN_SORTED.java:20)
	at java_programs.FIND_IN_SORTED.binsearch(FIND_IN_SORTED.java:20)
	at java_programs.FIND_IN_SORTED.binsearch(FIND_IN_SORTED.java:20)
	at java_programs.FIND_IN_SORTED.binsearch(FIND_IN_SORTED.java:20)
	at java_programs.FIND_IN_SORTED.binsearch(FIND_IN_SORTED.java:20)
	at java_programs.FIND_IN_SORTED.binsearch(FIND_IN_SORTED.java:20)
	at java_programs.FIND_IN_SORTED.binsearch(FIND_IN_SORTED.java:20)
	at java_programs.FIND_IN_SORTED.binsearch(FIND_IN_SORTED.java:20)
	at java_programs.FIND_IN_SORTED.binsearch(FIND_IN_SORTED.java:20)
	at java_programs.FIND_IN_SORTED.binsearch(FIND_IN_SORTED.java:20)
	at java_programs.FIND_IN_SORTED.binsearch(FIND_IN_SORTED.java:20)
	at java_programs.FIND_IN_SORTED.binsearch(FIND_IN_SORTED.java:20)
	at java_programs.FIND_IN_SORTED.binsearch(FIND_IN_SORTED.java:20)
	at java_programs.FIND_IN_SORTED.binsearch(FIND_IN_SORTED.java:20)
	at java_programs.FIND_IN_SORTED.binsearch(FIND_IN_SORTED.java:20)
	at java_programs.FIND_IN_SORTED.binsearch(FIND_IN_SORTED.java:20)
	at java_programs.FIND_IN_SORTED.binsearch(FIND_IN_SORTED.java:20)
	at java_programs.FIND_IN_SORTED.binsearch(FIND_IN_SORTED.java:20)
	at java_programs.FIND_IN_SORTED.binsearch(FIND_IN_SORTED.java:20)
	at java_programs.FIND_IN_SORTED.binsearch(FIND_IN_SORTED.java:20)
	at java_programs.FIND_IN_SORTED.binsearch(FIND_IN_SORTED.java:20)
	at java_programs.FIND_IN_SORTED.binsearch(FIND_IN_SORTED.java:20)
	at java_programs.FIND_IN_SORTED.binsearch(FIND_IN_SORTED.java:20)
	at java_programs.FIND_IN_SORTED.binsearch(FIND_IN_SORTED.java:20)
	at java_programs.FIND_IN_SORTED.binsearch(FIND_IN_SORTED.java:20)
	at java_programs.FIND_IN_SORTED.binsearch(FIND_IN_SORTED.java:20)
	at java_programs.FIND_IN_SORTED.binsearch(FIND_IN_SORTED.java:20)
	at java_programs.FIND_IN_SORTED.binsearch(FIND_IN_SORTED.java:20)
	at java_programs.FIND_IN_SORTED.binsearch(FIND_IN_SORTED.java:20)
	at java_programs.FIND_IN_SORTED.binsearch(FIND_IN_SORTED.java:20)
	at java_programs.FIND_IN_SORTED.binsearch(FIND_IN_SORTED.java:20)
	at java_programs.FIND_IN_SORTED.binsearch(FIND_IN_SORTED.java:20)
	at java_programs.FIND_IN_SORTED.binsearch(FIND_IN_SORTED.java:20)
	at java_programs.FIND_IN_SORTED.binsearch(FIND_IN_SORTED.java:20)
	at java_programs.FIND_IN_SORTED.binsearch(FIND_IN_SORTED.java:20)
	at java_programs.FIND_IN_SORTED.binsearch(FIND_IN_SORTED.java:20)
	at java_programs.FIND_IN_SORTED.binsearch(FIND_IN_SORTED.java:20)
	at java_programs.FIND_IN_SORTED.binsearch(FIND_IN_SORTED.java:20)
	at java_programs.FIND_IN_SORTED.binsearch(FIND_IN_SORTED.java:20)
	at java_programs.FIND_IN_SORTED.binsearch(FIND_IN_SORTED.java:20)
	at java_programs.FIND_IN_SORTED.binsearch(FIND_IN_SORTED.java:20)
	at java_programs.FIND_IN_SORTED.binsearch(FIND_IN_SORTED.java:20)
	at java_programs.FIND_IN_SORTED.binsearch(FIND_IN_SORTED.java:20)
	at java_programs.FIND_IN_SORTED.binsearch(FIND_IN_SORTED.java:20)
	at java_programs.FIND_IN_SORTED.binsearch(FIND_IN_SORTED.java:20)
	at java_programs.FIND_IN_SORTED.binsearch(FIND_IN_SORTED.java:20)
	at java_programs.FIND_IN_SORTED.binsearch(FIND_IN_SORTED.java:20)
	at java_programs.FIND_IN_SORTED.binsearch(FIND_IN_SORTED.java:20)
	at java_programs.FIND_IN_SORTED.binsearch(FIND_IN_SORTED.java:20)
	at java_programs.FIND_IN_SORTED.binsearch(FIND_IN_SORTED.java:20)
	at java_programs.FIND_IN_SORTED.binsearch(FIND_IN_SORTED.java:20)
	at java_programs.FIND_IN_SORTED.binsearch(FIND_IN_SORTED.java:20)
	at java_programs.FIND_IN_SORTED.binsearch(FIND_IN_SORTED.java:20)
	at java_programs.FIND_IN_SORTED.binsearch(FIND_IN_SORTED.java:20)
	at java_programs.FIND_IN_SORTED.binsearch(FIND_IN_SORTED.java:20)
	at java_programs.FIND_IN_SORTED.binsearch(FIND_IN_SORTED.java:20)
	at java_programs.FIND_IN_SORTED.binsearch(FIND_IN_SORTED.java:20)
	at java_programs.FIND_IN_SORTED.binsearch(FIND_IN_SORTED.java:20)
	at java_programs.FIND_IN_SORTED.binsearch(FIND_IN_SORTED.java:20)
	at java_programs.FIND_IN_SORTED.binsearch(FIND_IN_SORTED.java:20)
	at java_programs.FIND_IN_SORTED.binsearch(FIND_IN_SORTED.java:20)
	at java_programs.FIND_IN_SORTED.binsearch(FIND_IN_SORTED.java:20)
	at java_programs.FIND_IN_SORTED.binsearch(FIND_IN_SORTED.java:20)
	at java_programs.FIND_IN_SORTED.binsearch(FIND_IN_SORTED.java:20)
	at java_programs.FIND_IN_SORTED.binsearch(FIND_IN_SORTED.java:20)
	at java_programs.FIND_IN_SORTED.binsearch(FIND_IN_SORTED.java:20)
	at java_programs.FIND_IN_SORTED.binsearch(FIND_IN_SORTED.java:20)
	at java_programs.FIND_IN_SORTED.binsearch(FIND_IN_SORTED.java:20)
	at java_programs.FIND_IN_SORTED.binsearch(FIND_IN_SORTED.java:20)
	at java_programs.FIND_IN_SORTED.binsearch(FIND_IN_SORTED.java:20)
	at java_programs.FIND_IN_SORTED.binsearch(FIND_IN_SORTED.java:20)
	at java_programs.FIND_IN_SORTED.binsearch(FIND_IN_SORTED.java:20)
	at java_programs.FIND_IN_SORTED.binsearch(FIND_IN_SORTED.java:20)
	at java_programs.FIND_IN_SORTED.binsearch(FIND_IN_SORTED.java:20)
	at java_programs.FIND_IN_SORTED.binsearch(FIND_IN_SORTED.java:20)
	at java_programs.FIND_IN_SORTED.binsearch(FIND_IN_SORTED.java:20)
	at java_programs.FIND_IN_SORTED.binsearch(FIND_IN_SORTED.java:20)
	at java_programs.FIND_IN_SORTED.binsearch(FIND_IN_SORTED.java:20)
	at java_programs.FIND_IN_SORTED.binsearch(FIND_IN_SORTED.java:20)
	at java_programs.FIND_IN_SORTED.binsearch(FIND_IN_SORTED.java:20)
	at java_programs.FIND_IN_SORTED.binsearch(FIND_IN_SORTED.java:20)
	at java_programs.FIND_IN_SORTED.binsearch(FIND_IN_SORTED.java:20)
	at java_programs.FIND_IN_SORTED.binsearch(FIND_IN_SORTED.java:20)
	at java_programs.FIND_IN_SORTED.binsearch(FIND_IN_SORTED.java:20)
	at java_programs.FIND_IN_SORTED.binsearch(FIND_IN_SORTED.java:20)
	at java_programs.FIND_IN_SORTED.binsearch(FIND_IN_SORTED.java:20)
	at java_programs.FIND_IN_SORTED.binsearch(FIND_IN_SORTED.java:20)
	at java_programs.FIND_IN_SORTED.binsearch(FIND_IN_SORTED.java:20)
	at java_programs.FIND_IN_SORTED.binsearch(FIND_IN_SORTED.java:20)
	at java_programs.FIND_IN_SORTED.binsearch(FIND_IN_SORTED.java:20)
	at java_programs.FIND_IN_SORTED.binsearch(FIND_IN_SORTED.java:20)
	at java_programs.FIND_IN_SORTED.binsearch(FIND_IN_SORTED.java:20)
	at java_programs.FIND_IN_SORTED.binsearch(FIND_IN_SORTED.java:20)
	at java_programs.FIND_IN_SORTED.binsearch(FIND_IN_SORTED.java:20)
	at java_programs.FIND_IN_SORTED.binsearch(FIND_IN_SORTED.java:20)
	at java_programs.FIND_IN_SORTED.binsearch(FIND_IN_SORTED.java:20)
	at java_programs.FIND_IN_SORTED.binsearch(FIND_IN_SORTED.java:20)
	at java_programs.FIND_IN_SORTED.binsearch(FIND_IN_SORTED.java:20)
	at java_programs.FIND_IN_SORTED.binsearch(FIND_IN_SORTED.java:20)
	at java_programs.FIND_IN_SORTED.binsearch(FIND_IN_SORTED.java:20)
	at java_programs.FIND_IN_SORTED.binsearch(FIND_IN_SORTED.java:20)
	at java_programs.FIND_IN_SORTED.binsearch(FIND_IN_SORTED.java:20)
	at java_programs.FIND_IN_SORTED.binsearch(FIND_IN_SORTED.java:20)
	at java_programs.FIND_IN_SORTED.binsearch(FIND_IN_SORTED.java:20)
	at java_programs.FIND_IN_SORTED.binsearch(FIND_IN_SORTED.java:20)
	at java_programs.FIND_IN_SORTED.binsearch(FIND_IN_SORTED.java:20)
	at java_programs.FIND_IN_SORTED.binsearch(FIND_IN_SORTED.java:20)
	at java_programs.FIND_IN_SORTED.binsearch(FIND_IN_SORTED.java:20)
	at java_programs.FIND_IN_SORTED.binsearch(FIND_IN_SORTED.java:20)
	at java_programs.FIND_IN_SORTED.binsearch(FIND_IN_SORTED.java:20)
	at java_programs.FIND_IN_SORTED.binsearch(FIND_IN_SORTED.java:20)
	at java_programs.FIND_IN_SORTED.binsearch(FIND_IN_SORTED.java:20)
	at java_programs.FIND_IN_SORTED.binsearch(FIND_IN_SORTED.java:20)
	at java_programs.FIND_IN_SORTED.binsearch(FIND_IN_SORTED.java:20)
	at java_programs.FIND_IN_SORTED.binsearch(FIND_IN_SORTED.java:20)
	at java_programs.FIND_IN_SORTED.binsearch(FIND_IN_SORTED.java:20)
	at java_programs.FIND_IN_SORTED.binsearch(FIND_IN_SORTED.java:20)
	at java_programs.FIND_IN_SORTED.binsearch(FIND_IN_SORTED.java:20)
	at java_programs.FIND_IN_SORTED.binsearch(FIND_IN_SORTED.java:20)
	at java_programs.FIND_IN_SORTED.binsearch(FIND_IN_SORTED.java:20)
	at java_programs.FIND_IN_SORTED.binsearch(FIND_IN_SORTED.java:20)
	at java_programs.FIND_IN_SORTED.binsearch(FIND_IN_SORTED.java:20)
	at java_programs.FIND_IN_SORTED.binsearch(FIND_IN_SORTED.java:20)
	at java_programs.FIND_IN_SORTED.binsearch(FIND_IN_SORTED.java:20)
	at java_programs.FIND_IN_SORTED.binsearch(FIND_IN_SORTED.java:20)
	at java_programs.FIND_IN_SORTED.binsearch(FIND_IN_SORTED.java:20)
	at java_programs.FIND_IN_SORTED.binsearch(FIND_IN_SORTED.java:20)
	at java_programs.FIND_IN_SORTED.binsearch(FIND_IN_SORTED.java:20)
	at java_programs.FIND_IN_SORTED.binsearch(FIND_IN_SORTED.java:20)
	at java_programs.FIND_IN_SORTED.binsearch(FIND_IN_SORTED.java:20)
	at java_programs.FIND_IN_SORTED.binsearch(FIND_IN_SORTED.java:20)
	at java_programs.FIND_IN_SORTED.binsearch(FIND_IN_SORTED.java:20)
	at java_programs.FIND_IN_SORTED.binsearch(FIND_IN_SORTED.java:20)
	at java_programs.FIND_IN_SORTED.binsearch(FIND_IN_SORTED.java:20)
	at java_programs.FIND_IN_SORTED.binsearch(FIND_IN_SORTED.java:20)
	at java_programs.FIND_IN_SORTED.binsearch(FIND_IN_SORTED.java:20)
	at java_programs.FIND_IN_SORTED.binsearch(FIND_IN_SORTED.java:20)
	at java_programs.FIND_IN_SORTED.binsearch(FIND_IN_SORTED.java:20)
	at java_programs.FIND_IN_SORTED.binsearch(FIND_IN_SORTED.java:20)
	at java_programs.FIND_IN_SORTED.binsearch(FIND_IN_SORTED.java:20)
	at java_programs.FIND_IN_SORTED.binsearch(FIND_IN_SORTED.java:20)
	at java_programs.FIND_IN_SORTED.binsearch(FIND_IN_SORTED.java:20)
	at java_programs.FIND_IN_SORTED.binsearch(FIND_IN_SORTED.java:20)
	at java_programs.FIND_IN_SORTED.binsearch(FIND_IN_SORTED.java:20)
	at java_programs.FIND_IN_SORTED.binsearch(FIND_IN_SORTED.java:20)
	at java_programs.FIND_IN_SORTED.binsearch(FIND_IN_SORTED.java:20)
	at java_programs.FIND_IN_SORTED.binsearch(FIND_IN_SORTED.java:20)
	at java_programs.FIND_IN_SORTED.binsearch(FIND_IN_SORTED.java:20)
	at java_programs.FIND_IN_SORTED.binsearch(FIND_IN_SORTED.java:20)
	at java_programs.FIND_IN_SORTED.binsearch(FIND_IN_SORTED.java:20)
	at java_programs.FIND_IN_SORTED.binsearch(FIND_IN_SORTED.java:20)
	at java_programs.FIND_IN_SORTED.binsearch(FIND_IN_SORTED.java:20)
	at java_programs.FIND_IN_SORTED.binsearch(FIND_IN_SORTED.java:20)
	at java_programs.FIND_IN_SORTED.binsearch(FIND_IN_SORTED.java:20)
	at java_programs.FIND_IN_SORTED.binsearch(FIND_IN_SORTED.java:20)
	at java_programs.FIND_IN_SORTED.binsearch(FIND_IN_SORTED.java:20)
	at java_programs.FIND_IN_SORTED.binsearch(FIND_IN_SORTED.java:20)
	at java_programs.FIND_IN_SORTED.binsearch(FIND_IN_SORTED.java:20)
	at java_programs.FIND_IN_SORTED.binsearch(FIND_IN_SORTED.java:20)
	at java_programs.FIND_IN_SORTED.binsearch(FIND_IN_SORTED.java:20)
	at java_programs.FIND_IN_SORTED.binsearch(FIND_IN_SORTED.java:20)
	at java_programs.FIND_IN_SORTED.binsearch(FIND_IN_SORTED.java:20)
	at java_programs.FIND_IN_SORTED.binsearch(FIND_IN_SORTED.java:20)
	at java_programs.FIND_IN_SORTED.binsearch(FIND_IN_SORTED.java:20)
	at java_programs.FIND_IN_SORTED.binsearch(FIND_IN_SORTED.java:20)
	at java_programs.FIND_IN_SORTED.binsearch(FIND_IN_SORTED.java:20)
	at java_programs.FIND_IN_SORTED.binsearch(FIND_IN_SORTED.java:20)
	at java_programs.FIND_IN_SORTED.binsearch(FIND_IN_SORTED.java:20)
	at java_programs.FIND_IN_SORTED.binsearch(FIND_IN_SORTED.java:20)
	at java_programs.FIND_IN_SORTED.binsearch(FIND_IN_SORTED.java:20)
	at java_programs.FIND_IN_SORTED.binsearch(FIND_IN_SORTED.java:20)
	at java_programs.FIND_IN_SORTED.binsearch(FIND_IN_SORTED.java:20)
	at java_programs.FIND_IN_SORTED.binsearch(FIND_IN_SORTED.java:20)
	at java_programs.FIND_IN_SORTED.binsearch(FIND_IN_SORTED.java:20)
	at java_programs.FIND_IN_SORTED.binsearch(FIND_IN_SORTED.java:20)
	at java_programs.FIND_IN_SORTED.binsearch(FIND_IN_SORTED.java:20)
	at java_programs.FIND_IN_SORTED.binsearch(FIND_IN_SORTED.java:20)
	at java_programs.FIND_IN_SORTED.binsearch(FIND_IN_SORTED.java:20)
	at java_programs.FIND_IN_SORTED.binsearch(FIND_IN_SORTED.java:20)
	at java_programs.FIND_IN_SORTED.binsearch(FIND_IN_SORTED.java:20)
	at java_programs.FIND_IN_SORTED.binsearch(FIND_IN_SORTED.java:20)
	at java_programs.FIND_IN_SORTED.binsearch(FIND_IN_SORTED.java:20)
	at java_programs.FIND_IN_SORTED.binsearch(FIND_IN_SORTED.java:20)
	at java_programs.FIND_IN_SORTED.binsearch(FIND_IN_SORTED.java:20)
	at java_programs.FIND_IN_SORTED.binsearch(FIND_IN_SORTED.java:20)
	at java_programs.FIND_IN_SORTED.binsearch(FIND_IN_SORTED.java:20)
	at java_programs.FIND_IN_SORTED.binsearch(FIND_IN_SORTED.java:20)
	at java_programs.FIND_IN_SORTED.binsearch(FIND_IN_SORTED.java:20)
	at java_programs.FIND_IN_SORTED.binsearch(FIND_IN_SORTED.java:20)
	at java_programs.FIND_IN_SORTED.binsearch(FIND_IN_SORTED.java:20)
	at java_programs.FIND_IN_SORTED.binsearch(FIND_IN_SORTED.java:20)
	at java_programs.FIND_IN_SORTED.binsearch(FIND_IN_SORTED.java:20)
	at java_programs.FIND_IN_SORTED.binsearch(FIND_IN_SORTED.java:20)
	at java_programs.FIND_IN_SORTED.binsearch(FIND_IN_SORTED.java:20)
	at java_programs.FIND_IN_SORTED.binsearch(FIND_IN_SORTED.java:20)
	at java_programs.FIND_IN_SORTED.binsearch(FIND_IN_SORTED.java:20)
	at java_programs.FIND_IN_SORTED.binsearch(FIND_IN_SORTED.java:20)
	at java_programs.FIND_IN_SORTED.binsearch(FIND_IN_SORTED.java:20)
	at java_programs.FIND_IN_SORTED.binsearch(FIND_IN_SORTED.java:20)
	at java_programs.FIND_IN_SORTED.binsearch(FIND_IN_SORTED.java:20)
	at java_programs.FIND_IN_SORTED.binsearch(FIND_IN_SORTED.java:20)
	at java_programs.FIND_IN_SORTED.binsearch(FIND_IN_SORTED.java:20)
	at java_programs.FIND_IN_SORTED.binsearch(FIND_IN_SORTED.java:20)
	at java_programs.FIND_IN_SORTED.binsearch(FIND_IN_SORTED.java:20)
	at java_programs.FIND_IN_SORTED.binsearch(FIND_IN_SORTED.java:20)
	at java_programs.FIND_IN_SORTED.binsearch(FIND_IN_SORTED.java:20)
	at java_programs.FIND_IN_SORTED.binsearch(FIND_IN_SORTED.java:20)
	at java_programs.FIND_IN_SORTED.binsearch(FIND_IN_SORTED.java:20)
	at java_programs.FIND_IN_SORTED.binsearch(FIND_IN_SORTED.java:20)
	at java_programs.FIND_IN_SORTED.binsearch(FIND_IN_SORTED.java:20)
	at java_programs.FIND_IN_SORTED.binsearch(FIND_IN_SORTED.java:20)
	at java_programs.FIND_IN_SORTED.binsearch(FIND_IN_SORTED.java:20)
	at java_programs.FIND_IN_SORTED.binsearch(FIND_IN_SORTED.java:20)
	at java_programs.FIND_IN_SORTED.binsearch(FIND_IN_SORTED.java:20)
	at java_programs.FIND_IN_SORTED.binsearch(FIND_IN_SORTED.java:20)
	at java_programs.FIND_IN_SORTED.binsearch(FIND_IN_SORTED.java:20)
	at java_programs.FIND_IN_SORTED.binsearch(FIND_IN_SORTED.java:20)
	at java_programs.FIND_IN_SORTED.binsearch(FIND_IN_SORTED.java:20)
	at java_programs.FIND_IN_SORTED.binsearch(FIND_IN_SORTED.java:20)
	at java_programs.FIND_IN_SORTED.binsearch(FIND_IN_SORTED.java:20)
	at java_programs.FIND_IN_SORTED.binsearch(FIND_IN_SORTED.java:20)
	at java_programs.FIND_IN_SORTED.binsearch(FIND_IN_SORTED.java:20)
	at java_programs.FIND_IN_SORTED.binsearch(FIND_IN_SORTED.java:20)
	at java_programs.FIND_IN_SORTED.binsearch(FIND_IN_SORTED.java:20)
	at java_programs.FIND_IN_SORTED.binsearch(FIND_IN_SORTED.java:20)
	at java_programs.FIND_IN_SORTED.binsearch(FIND_IN_SORTED.java:20)
	at java_programs.FIND_IN_SORTED.binsearch(FIND_IN_SORTED.java:20)
	at java_programs.FIND_IN_SORTED.binsearch(FIND_IN_SORTED.java:20)
	at java_programs.FIND_IN_SORTED.binsearch(FIND_IN_SORTED.java:20)
	at java_programs.FIND_IN_SORTED.binsearch(FIND_IN_SORTED.java:20)
	at java_programs.FIND_IN_SORTED.binsearch(FIND_IN_SORTED.java:20)
	at java_programs.FIND_IN_SORTED.binsearch(FIND_IN_SORTED.java:20)
	at java_programs.FIND_IN_SORTED.binsearch(FIND_IN_SORTED.java:20)
	at java_programs.FIND_IN_SORTED.binsearch(FIND_IN_SORTED.java:20)
	at java_programs.FIND_IN_SORTED.binsearch(FIND_IN_SORTED.java:20)
	at java_programs.FIND_IN_SORTED.binsearch(FIND_IN_SORTED.java:20)
	at java_programs.FIND_IN_SORTED.binsearch(FIND_IN_SORTED.java:20)
	at java_programs.FIND_IN_SORTED.binsearch(FIND_IN_SORTED.java:20)
	at java_programs.FIND_IN_SORTED.binsearch(FIND_IN_SORTED.java:20)
	at java_programs.FIND_IN_SORTED.binsearch(FIND_IN_SORTED.java:20)
	at java_programs.FIND_IN_SORTED.binsearch(FIND_IN_SORTED.java:20)
	at java_programs.FIND_IN_SORTED.binsearch(FIND_IN_SORTED.java:20)
	at java_programs.FIND_IN_SORTED.binsearch(FIND_IN_SORTED.java:20)
	at java_programs.FIND_IN_SORTED.binsearch(FIND_IN_SORTED.java:20)
	at java_programs.FIND_IN_SORTED.binsearch(FIND_IN_SORTED.java:20)
	at java_programs.FIND_IN_SORTED.binsearch(FIND_IN_SORTED.java:20)
	at java_programs.FIND_IN_SORTED.binsearch(FIND_IN_SORTED.java:20)
	at java_programs.FIND_IN_SORTED.binsearch(FIND_IN_SORTED.java:20)
	at java_programs.FIND_IN_SORTED.binsearch(FIND_IN_SORTED.java:20)
	at java_programs.FIND_IN_SORTED.binsearch(FIND_IN_SORTED.java:20)
	at java_programs.FIND_IN_SORTED.binsearch(FIND_IN_SORTED.java:20)
	at java_programs.FIND_IN_SORTED.binsearch(FIND_IN_SORTED.java:20)
	at java_programs.FIND_IN_SORTED.binsearch(FIND_IN_SORTED.java:20)
	at java_programs.FIND_IN_SORTED.binsearch(FIND_IN_SORTED.java:20)
	at java_programs.FIND_IN_SORTED.binsearch(FIND_IN_SORTED.java:20)
	at java_programs.FIND_IN_SORTED.binsearch(FIND_IN_SORTED.java:20)
	at java_programs.FIND_IN_SORTED.binsearch(FIND_IN_SORTED.java:20)
	at java_programs.FIND_IN_SORTED.binsearch(FIND_IN_SORTED.java:20)
	at java_programs.FIND_IN_SORTED.binsearch(FIND_IN_SORTED.java:20)
	at java_programs.FIND_IN_SORTED.binsearch(FIND_IN_SORTED.java:20)
	at java_programs.FIND_IN_SORTED.binsearch(FIND_IN_SORTED.java:20)
	at java_programs.FIND_IN_SORTED.binsearch(FIND_IN_SORTED.java:20)
	at java_programs.FIND_IN_SORTED.binsearch(FIND_IN_SORTED.java:20)
	at java_programs.FIND_IN_SORTED.binsearch(FIND_IN_SORTED.java:20)
	at java_programs.FIND_IN_SORTED.binsearch(FIND_IN_SORTED.java:20)
	at java_programs.FIND_IN_SORTED.binsearch(FIND_IN_SORTED.java:20)
	at java_programs.FIND_IN_SORTED.binsearch(FIND_IN_SORTED.java:20)
	at java_programs.FIND_IN_SORTED.binsearch(FIND_IN_SORTED.java:20)
	at java_programs.FIND_IN_SORTED.binsearch(FIND_IN_SORTED.java:20)
	at java_programs.FIND_IN_SORTED.binsearch(FIND_IN_SORTED.java:20)
	at java_programs.FIND_IN_SORTED.binsearch(FIND_IN_SORTED.java:20)
	at java_programs.FIND_IN_SORTED.binsearch(FIND_IN_SORTED.java:20)
	at java_programs.FIND_IN_SORTED.binsearch(FIND_IN_SORTED.java:20)
	at java_programs.FIND_IN_SORTED.binsearch(FIND_IN_SORTED.java:20)
	at java_programs.FIND_IN_SORTED.binsearch(FIND_IN_SORTED.java:20)
	at java_programs.FIND_IN_SORTED.binsearch(FIND_IN_SORTED.java:20)
	at java_programs.FIND_IN_SORTED.binsearch(FIND_IN_SORTED.java:20)
	at java_programs.FIND_IN_SORTED.binsearch(FIND_IN_SORTED.java:20)
	at java_programs.FIND_IN_SORTED.binsearch(FIND_IN_SORTED.java:20)
	at java_programs.FIND_IN_SORTED.binsearch(FIND_IN_SORTED.java:20)
</failure>
  </testcase>
  <testcase name="test_2()" classname="test.java.FIND_IN_SORTED_TEST" time="0.0"/>
  <testcase name="test_3()" classname="test.java.FIND_IN_SORTED_TEST" time="0.0"/>
  <testcase name="test_4()" classname="test.java.FIND_IN_SORTED_TEST" time="0.001"/>
  <testcase name="test_5()" classname="test.java.FIND_IN_SORTED_TEST" time="0.0"/>
  <testcase name="test_6()" classname="test.java.FIND_IN_SORTED_TEST" time="0.006">
    <failure message="java.lang.StackOverflowError" type="java.lang.StackOverflowError">java.lang.StackOverflowError
	at java_programs.FIND_IN_SORTED.binsearch(FIND_IN_SORTED.java:20)
	at java_programs.FIND_IN_SORTED.binsearch(FIND_IN_SORTED.java:20)
	at java_programs.FIND_IN_SORTED.binsearch(FIND_IN_SORTED.java:20)
	at java_programs.FIND_IN_SORTED.binsearch(FIND_IN_SORTED.java:20)
	at java_programs.FIND_IN_SORTED.binsearch(FIND_IN_SORTED.java:20)
	at java_programs.FIND_IN_SORTED.binsearch(FIND_IN_SORTED.java:20)
	at java_programs.FIND_IN_SORTED.binsearch(FIND_IN_SORTED.java:20)
	at java_programs.FIND_IN_SORTED.binsearch(FIND_IN_SORTED.java:20)
	at java_programs.FIND_IN_SORTED.binsearch(FIND_IN_SORTED.java:20)
	at java_programs.FIND_IN_SORTED.binsearch(FIND_IN_SORTED.java:20)
	at java_programs.FIND_IN_SORTED.binsearch(FIND_IN_SORTED.java:20)
	at java_programs.FIND_IN_SORTED.binsearch(FIND_IN_SORTED.java:20)
	at java_programs.FIND_IN_SORTED.binsearch(FIND_IN_SORTED.java:20)
	at java_programs.FIND_IN_SORTED.binsearch(FIND_IN_SORTED.java:20)
	at java_programs.FIND_IN_SORTED.binsearch(FIND_IN_SORTED.java:20)
	at java_programs.FIND_IN_SORTED.binsearch(FIND_IN_SORTED.java:20)
	at java_programs.FIND_IN_SORTED.binsearch(FIND_IN_SORTED.java:20)
	at java_programs.FIND_IN_SORTED.binsearch(FIND_IN_SORTED.java:20)
	at java_programs.FIND_IN_SORTED.binsearch(FIND_IN_SORTED.java:20)
	at java_programs.FIND_IN_SORTED.binsearch(FIND_IN_SORTED.java:20)
	at java_programs.FIND_IN_SORTED.binsearch(FIND_IN_SORTED.java:20)
	at java_programs.FIND_IN_SORTED.binsearch(FIND_IN_SORTED.java:20)
	at java_programs.FIND_IN_SORTED.binsearch(FIND_IN_SORTED.java:20)
	at java_programs.FIND_IN_SORTED.binsearch(FIND_IN_SORTED.java:20)
	at java_programs.FIND_IN_SORTED.binsearch(FIND_IN_SORTED.java:20)
	at java_programs.FIND_IN_SORTED.binsearch(FIND_IN_SORTED.java:20)
	at java_programs.FIND_IN_SORTED.binsearch(FIND_IN_SORTED.java:20)
	at java_programs.FIND_IN_SORTED.binsearch(FIND_IN_SORTED.java:20)
	at java_programs.FIND_IN_SORTED.binsearch(FIND_IN_SORTED.java:20)
	at java_programs.FIND_IN_SORTED.binsearch(FIND_IN_SORTED.java:20)
	at java_programs.FIND_IN_SORTED.binsearch(FIND_IN_SORTED.java:20)
	at java_programs.FIND_IN_SORTED.binsearch(FIND_IN_SORTED.java:20)
	at java_programs.FIND_IN_SORTED.binsearch(FIND_IN_SORTED.java:20)
	at java_programs.FIND_IN_SORTED.binsearch(FIND_IN_SORTED.java:20)
	at java_programs.FIND_IN_SORTED.binsearch(FIND_IN_SORTED.java:20)
	at java_programs.FIND_IN_SORTED.binsearch(FIND_IN_SORTED.java:20)
	at java_programs.FIND_IN_SORTED.binsearch(FIND_IN_SORTED.java:20)
	at java_programs.FIND_IN_SORTED.binsearch(FIND_IN_SORTED.java:20)
	at java_programs.FIND_IN_SORTED.binsearch(FIND_IN_SORTED.java:20)
	at java_programs.FIND_IN_SORTED.binsearch(FIND_IN_SORTED.java:20)
	at java_programs.FIND_IN_SORTED.binsearch(FIND_IN_SORTED.java:20)
	at java_programs.FIND_IN_SORTED.binsearch(FIND_IN_SORTED.java:20)
	at java_programs.FIND_IN_SORTED.binsearch(FIND_IN_SORTED.java:20)
	at java_programs.FIND_IN_SORTED.binsearch(FIND_IN_SORTED.java:20)
	at java_programs.FIND_IN_SORTED.binsearch(FIND_IN_SORTED.java:20)
	at java_programs.FIND_IN_SORTED.binsearch(FIND_IN_SORTED.java:20)
	at java_programs.FIND_IN_SORTED.binsearch(FIND_IN_SORTED.java:20)
	at java_programs.FIND_IN_SORTED.binsearch(FIND_IN_SORTED.java:20)
	at java_programs.FIND_IN_SORTED.binsearch(FIND_IN_SORTED.java:20)
	at java_programs.FIND_IN_SORTED.binsearch(FIND_IN_SORTED.java:20)
	at java_programs.FIND_IN_SORTED.binsearch(FIND_IN_SORTED.java:20)
	at java_programs.FIND_IN_SORTED.binsearch(FIND_IN_SORTED.java:20)
	at java_programs.FIND_IN_SORTED.binsearch(FIND_IN_SORTED.java:20)
	at java_programs.FIND_IN_SORTED.binsearch(FIND_IN_SORTED.java:20)
	at java_programs.FIND_IN_SORTED.binsearch(FIND_IN_SORTED.java:20)
	at java_programs.FIND_IN_SORTED.binsearch(FIND_IN_SORTED.java:20)
	at java_programs.FIND_IN_SORTED.binsearch(FIND_IN_SORTED.java:20)
	at java_programs.FIND_IN_SORTED.binsearch(FIND_IN_SORTED.java:20)
	at java_programs.FIND_IN_SORTED.binsearch(FIND_IN_SORTED.java:20)
	at java_programs.FIND_IN_SORTED.binsearch(FIND_IN_SORTED.java:20)
	at java_programs.FIND_IN_SORTED.binsearch(FIND_IN_SORTED.java:20)
	at java_programs.FIND_IN_SORTED.binsearch(FIND_IN_SORTED.java:20)
	at java_programs.FIND_IN_SORTED.binsearch(FIND_IN_SORTED.java:20)
	at java_programs.FIND_IN_SORTED.binsearch(FIND_IN_SORTED.java:20)
	at java_programs.FIND_IN_SORTED.binsearch(FIND_IN_SORTED.java:20)
	at java_programs.FIND_IN_SORTED.binsearch(FIND_IN_SORTED.java:20)
	at java_programs.FIND_IN_SORTED.binsearch(FIND_IN_SORTED.java:20)
	at java_programs.FIND_IN_SORTED.binsearch(FIND_IN_SORTED.java:20)
	at java_programs.FIND_IN_SORTED.binsearch(FIND_IN_SORTED.java:20)
	at java_programs.FIND_IN_SORTED.binsearch(FIND_IN_SORTED.java:20)
	at java_programs.FIND_IN_SORTED.binsearch(FIND_IN_SORTED.java:20)
	at java_programs.FIND_IN_SORTED.binsearch(FIND_IN_SORTED.java:20)
	at java_programs.FIND_IN_SORTED.binsearch(FIND_IN_SORTED.java:20)
	at java_programs.FIND_IN_SORTED.binsearch(FIND_IN_SORTED.java:20)
	at java_programs.FIND_IN_SORTED.binsearch(FIND_IN_SORTED.java:20)
	at java_programs.FIND_IN_SORTED.binsearch(FIND_IN_SORTED.java:20)
	at java_programs.FIND_IN_SORTED.binsearch(FIND_IN_SORTED.java:20)
	at java_programs.FIND_IN_SORTED.binsearch(FIND_IN_SORTED.java:20)
	at java_programs.FIND_IN_SORTED.binsearch(FIND_IN_SORTED.java:20)
	at java_programs.FIND_IN_SORTED.binsearch(FIND_IN_SORTED.java:20)
	at java_programs.FIND_IN_SORTED.binsearch(FIND_IN_SORTED.java:20)
	at java_programs.FIND_IN_SORTED.binsearch(FIND_IN_SORTED.java:20)
	at java_programs.FIND_IN_SORTED.binsearch(FIND_IN_SORTED.java:20)
	at java_programs.FIND_IN_SORTED.binsearch(FIND_IN_SORTED.java:20)
	at java_programs.FIND_IN_SORTED.binsearch(FIND_IN_SORTED.java:20)
	at java_programs.FIND_IN_SORTED.binsearch(FIND_IN_SORTED.java:20)
	at java_programs.FIND_IN_SORTED.binsearch(FIND_IN_SORTED.java:20)
	at java_programs.FIND_IN_SORTED.binsearch(FIND_IN_SORTED.java:20)
	at java_programs.FIND_IN_SORTED.binsearch(FIND_IN_SORTED.java:20)
	at java_programs.FIND_IN_SORTED.binsearch(FIND_IN_SORTED.java:20)
	at java_programs.FIND_IN_SORTED.binsearch(FIND_IN_SORTED.java:20)
	at java_programs.FIND_IN_SORTED.binsearch(FIND_IN_SORTED.java:20)
	at java_programs.FIND_IN_SORTED.binsearch(FIND_IN_SORTED.java:20)
	at java_programs.FIND_IN_SORTED.binsearch(FIND_IN_SORTED.java:20)
	at java_programs.FIND_IN_SORTED.binsearch(FIND_IN_SORTED.java:20)
	at java_programs.FIND_IN_SORTED.binsearch(FIND_IN_SORTED.java:20)
	at java_programs.FIND_IN_SORTED.binsearch(FIND_IN_SORTED.java:20)
	at java_programs.FIND_IN_SORTED.binsearch(FIND_IN_SORTED.java:20)
	at java_programs.FIND_IN_SORTED.binsearch(FIND_IN_SORTED.java:20)
	at java_programs.FIND_IN_SORTED.binsearch(FIND_IN_SORTED.java:20)
	at java_programs.FIND_IN_SORTED.binsearch(FIND_IN_SORTED.java:20)
	at java_programs.FIND_IN_SORTED.binsearch(FIND_IN_SORTED.java:20)
	at java_programs.FIND_IN_SORTED.binsearch(FIND_IN_SORTED.java:20)
	at java_programs.FIND_IN_SORTED.binsearch(FIND_IN_SORTED.java:20)
	at java_programs.FIND_IN_SORTED.binsearch(FIND_IN_SORTED.java:20)
	at java_programs.FIND_IN_SORTED.binsearch(FIND_IN_SORTED.java:20)
	at java_programs.FIND_IN_SORTED.binsearch(FIND_IN_SORTED.java:20)
	at java_programs.FIND_IN_SORTED.binsearch(FIND_IN_SORTED.java:20)
	at java_programs.FIND_IN_SORTED.binsearch(FIND_IN_SORTED.java:20)
	at java_programs.FIND_IN_SORTED.binsearch(FIND_IN_SORTED.java:20)
	at java_programs.FIND_IN_SORTED.binsearch(FIND_IN_SORTED.java:20)
	at java_programs.FIND_IN_SORTED.binsearch(FIND_IN_SORTED.java:20)
	at java_programs.FIND_IN_SORTED.binsearch(FIND_IN_SORTED.java:20)
	at java_programs.FIND_IN_SORTED.binsearch(FIND_IN_SORTED.java:20)
	at java_programs.FIND_IN_SORTED.binsearch(FIND_IN_SORTED.java:20)
	at java_programs.FIND_IN_SORTED.binsearch(FIND_IN_SORTED.java:20)
	at java_programs.FIND_IN_SORTED.binsearch(FIND_IN_SORTED.java:20)
	at java_programs.FIND_IN_SORTED.binsearch(FIND_IN_SORTED.java:20)
	at java_programs.FIND_IN_SORTED.binsearch(FIND_IN_SORTED.java:20)
	at java_programs.FIND_IN_SORTED.binsearch(FIND_IN_SORTED.java:20)
	at java_programs.FIND_IN_SORTED.binsearch(FIND_IN_SORTED.java:20)
	at java_programs.FIND_IN_SORTED.binsearch(FIND_IN_SORTED.java:20)
	at java_programs.FIND_IN_SORTED.binsearch(FIND_IN_SORTED.java:20)
	at java_programs.FIND_IN_SORTED.binsearch(FIND_IN_SORTED.java:20)
	at java_programs.FIND_IN_SORTED.binsearch(FIND_IN_SORTED.java:20)
	at java_programs.FIND_IN_SORTED.binsearch(FIND_IN_SORTED.java:20)
	at java_programs.FIND_IN_SORTED.binsearch(FIND_IN_SORTED.java:20)
	at java_programs.FIND_IN_SORTED.binsearch(FIND_IN_SORTED.java:20)
	at java_programs.FIND_IN_SORTED.binsearch(FIND_IN_SORTED.java:20)
	at java_programs.FIND_IN_SORTED.binsearch(FIND_IN_SORTED.java:20)
	at java_programs.FIND_IN_SORTED.binsearch(FIND_IN_SORTED.java:20)
	at java_programs.FIND_IN_SORTED.binsearch(FIND_IN_SORTED.java:20)
	at java_programs.FIND_IN_SORTED.binsearch(FIND_IN_SORTED.java:20)
	at java_programs.FIND_IN_SORTED.binsearch(FIND_IN_SORTED.java:20)
	at java_programs.FIND_IN_SORTED.binsearch(FIND_IN_SORTED.java:20)
	at java_programs.FIND_IN_SORTED.binsearch(FIND_IN_SORTED.java:20)
	at java_programs.FIND_IN_SORTED.binsearch(FIND_IN_SORTED.java:20)
	at java_programs.FIND_IN_SORTED.binsearch(FIND_IN_SORTED.java:20)
	at java_programs.FIND_IN_SORTED.binsearch(FIND_IN_SORTED.java:20)
	at java_programs.FIND_IN_SORTED.binsearch(FIND_IN_SORTED.java:20)
	at java_programs.FIND_IN_SORTED.binsearch(FIND_IN_SORTED.java:20)
	at java_programs.FIND_IN_SORTED.binsearch(FIND_IN_SORTED.java:20)
	at java_programs.FIND_IN_SORTED.binsearch(FIND_IN_SORTED.java:20)
	at java_programs.FIND_IN_SORTED.binsearch(FIND_IN_SORTED.java:20)
	at java_programs.FIND_IN_SORTED.binsearch(FIND_IN_SORTED.java:20)
	at java_programs.FIND_IN_SORTED.binsearch(FIND_IN_SORTED.java:20)
	at java_programs.FIND_IN_SORTED.binsearch(FIND_IN_SORTED.java:20)
	at java_programs.FIND_IN_SORTED.binsearch(FIND_IN_SORTED.java:20)
	at java_programs.FIND_IN_SORTED.binsearch(FIND_IN_SORTED.java:20)
	at java_programs.FIND_IN_SORTED.binsearch(FIND_IN_SORTED.java:20)
	at java_programs.FIND_IN_SORTED.binsearch(FIND_IN_SORTED.java:20)
	at java_programs.FIND_IN_SORTED.binsearch(FIND_IN_SORTED.java:20)
	at java_programs.FIND_IN_SORTED.binsearch(FIND_IN_SORTED.java:20)
	at java_programs.FIND_IN_SORTED.binsearch(FIND_IN_SORTED.java:20)
	at java_programs.FIND_IN_SORTED.binsearch(FIND_IN_SORTED.java:20)
	at java_programs.FIND_IN_SORTED.binsearch(FIND_IN_SORTED.java:20)
	at java_programs.FIND_IN_SORTED.binsearch(FIND_IN_SORTED.java:20)
	at java_programs.FIND_IN_SORTED.binsearch(FIND_IN_SORTED.java:20)
	at java_programs.FIND_IN_SORTED.binsearch(FIND_IN_SORTED.java:20)
	at java_programs.FIND_IN_SORTED.binsearch(FIND_IN_SORTED.java:20)
	at java_programs.FIND_IN_SORTED.binsearch(FIND_IN_SORTED.java:20)
	at java_programs.FIND_IN_SORTED.binsearch(FIND_IN_SORTED.java:20)
	at java_programs.FIND_IN_SORTED.binsearch(FIND_IN_SORTED.java:20)
	at java_programs.FIND_IN_SORTED.binsearch(FIND_IN_SORTED.java:20)
	at java_programs.FIND_IN_SORTED.binsearch(FIND_IN_SORTED.java:20)
	at java_programs.FIND_IN_SORTED.binsearch(FIND_IN_SORTED.java:20)
	at java_programs.FIND_IN_SORTED.binsearch(FIND_IN_SORTED.java:20)
	at java_programs.FIND_IN_SORTED.binsearch(FIND_IN_SORTED.java:20)
	at java_programs.FIND_IN_SORTED.binsearch(FIND_IN_SORTED.java:20)
	at java_programs.FIND_IN_SORTED.binsearch(FIND_IN_SORTED.java:20)
	at java_programs.FIND_IN_SORTED.binsearch(FIND_IN_SORTED.java:20)
	at java_programs.FIND_IN_SORTED.binsearch(FIND_IN_SORTED.java:20)
	at java_programs.FIND_IN_SORTED.binsearch(FIND_IN_SORTED.java:20)
	at java_programs.FIND_IN_SORTED.binsearch(FIND_IN_SORTED.java:20)
	at java_programs.FIND_IN_SORTED.binsearch(FIND_IN_SORTED.java:20)
	at java_programs.FIND_IN_SORTED.binsearch(FIND_IN_SORTED.java:20)
	at java_programs.FIND_IN_SORTED.binsearch(FIND_IN_SORTED.java:20)
	at java_programs.FIND_IN_SORTED.binsearch(FIND_IN_SORTED.java:20)
	at java_programs.FIND_IN_SORTED.binsearch(FIND_IN_SORTED.java:20)
	at java_programs.FIND_IN_SORTED.binsearch(FIND_IN_SORTED.java:20)
	at java_programs.FIND_IN_SORTED.binsearch(FIND_IN_SORTED.java:20)
	at java_programs.FIND_IN_SORTED.binsearch(FIND_IN_SORTED.java:20)
	at java_programs.FIND_IN_SORTED.binsearch(FIND_IN_SORTED.java:20)
	at java_programs.FIND_IN_SORTED.binsearch(FIND_IN_SORTED.java:20)
	at java_programs.FIND_IN_SORTED.binsearch(FIND_IN_SORTED.java:20)
	at java_programs.FIND_IN_SORTED.binsearch(FIND_IN_SORTED.java:20)
	at java_programs.FIND_IN_SORTED.binsearch(FIND_IN_SORTED.java:20)
	at java_programs.FIND_IN_SORTED.binsearch(FIND_IN_SORTED.java:20)
	at java_programs.FIND_IN_SORTED.binsearch(FIND_IN_SORTED.java:20)
	at java_programs.FIND_IN_SORTED.binsearch(FIND_IN_SORTED.java:20)
	at java_programs.FIND_IN_SORTED.binsearch(FIND_IN_SORTED.java:20)
	at java_programs.FIND_IN_SORTED.binsearch(FIND_IN_SORTED.java:20)
	at java_programs.FIND_IN_SORTED.binsearch(FIND_IN_SORTED.java:20)
	at java_programs.FIND_IN_SORTED.binsearch(FIND_IN_SORTED.java:20)
	at java_programs.FIND_IN_SORTED.binsearch(FIND_IN_SORTED.java:20)
	at java_programs.FIND_IN_SORTED.binsearch(FIND_IN_SORTED.java:20)
	at java_programs.FIND_IN_SORTED.binsearch(FIND_IN_SORTED.java:20)
	at java_programs.FIND_IN_SORTED.binsearch(FIND_IN_SORTED.java:20)
	at java_programs.FIND_IN_SORTED.binsearch(FIND_IN_SORTED.java:20)
	at java_programs.FIND_IN_SORTED.binsearch(FIND_IN_SORTED.java:20)
	at java_programs.FIND_IN_SORTED.binsearch(FIND_IN_SORTED.java:20)
	at java_programs.FIND_IN_SORTED.binsearch(FIND_IN_SORTED.java:20)
	at java_programs.FIND_IN_SORTED.binsearch(FIND_IN_SORTED.java:20)
	at java_programs.FIND_IN_SORTED.binsearch(FIND_IN_SORTED.java:20)
	at java_programs.FIND_IN_SORTED.binsearch(FIND_IN_SORTED.java:20)
	at java_programs.FIND_IN_SORTED.binsearch(FIND_IN_SORTED.java:20)
	at java_programs.FIND_IN_SORTED.binsearch(FIND_IN_SORTED.java:20)
	at java_programs.FIND_IN_SORTED.binsearch(FIND_IN_SORTED.java:20)
	at java_programs.FIND_IN_SORTED.binsearch(FIND_IN_SORTED.java:20)
	at java_programs.FIND_IN_SORTED.binsearch(FIND_IN_SORTED.java:20)
	at java_programs.FIND_IN_SORTED.binsearch(FIND_IN_SORTED.java:20)
	at java_programs.FIND_IN_SORTED.binsearch(FIND_IN_SORTED.java:20)
	at java_programs.FIND_IN_SORTED.binsearch(FIND_IN_SORTED.java:20)
	at java_programs.FIND_IN_SORTED.binsearch(FIND_IN_SORTED.java:20)
	at java_programs.FIND_IN_SORTED.binsearch(FIND_IN_SORTED.java:20)
	at java_programs.FIND_IN_SORTED.binsearch(FIND_IN_SORTED.java:20)
	at java_programs.FIND_IN_SORTED.binsearch(FIND_IN_SORTED.java:20)
	at java_programs.FIND_IN_SORTED.binsearch(FIND_IN_SORTED.java:20)
	at java_programs.FIND_IN_SORTED.binsearch(FIND_IN_SORTED.java:20)
	at java_programs.FIND_IN_SORTED.binsearch(FIND_IN_SORTED.java:20)
	at java_programs.FIND_IN_SORTED.binsearch(FIND_IN_SORTED.java:20)
	at java_programs.FIND_IN_SORTED.binsearch(FIND_IN_SORTED.java:20)
	at java_programs.FIND_IN_SORTED.binsearch(FIND_IN_SORTED.java:20)
	at java_programs.FIND_IN_SORTED.binsearch(FIND_IN_SORTED.java:20)
	at java_programs.FIND_IN_SORTED.binsearch(FIND_IN_SORTED.java:20)
	at java_programs.FIND_IN_SORTED.binsearch(FIND_IN_SORTED.java:20)
	at java_programs.FIND_IN_SORTED.binsearch(FIND_IN_SORTED.java:20)
	at java_programs.FIND_IN_SORTED.binsearch(FIND_IN_SORTED.java:20)
	at java_programs.FIND_IN_SORTED.binsearch(FIND_IN_SORTED.java:20)
	at java_programs.FIND_IN_SORTED.binsearch(FIND_IN_SORTED.java:20)
	at java_programs.FIND_IN_SORTED.binsearch(FIND_IN_SORTED.java:20)
	at java_programs.FIND_IN_SORTED.binsearch(FIND_IN_SORTED.java:20)
	at java_programs.FIND_IN_SORTED.binsearch(FIND_IN_SORTED.java:20)
	at java_programs.FIND_IN_SORTED.binsearch(FIND_IN_SORTED.java:20)
	at java_programs.FIND_IN_SORTED.binsearch(FIND_IN_SORTED.java:20)
	at java_programs.FIND_IN_SORTED.binsearch(FIND_IN_SORTED.java:20)
	at java_programs.FIND_IN_SORTED.binsearch(FIND_IN_SORTED.java:20)
	at java_programs.FIND_IN_SORTED.binsearch(FIND_IN_SORTED.java:20)
	at java_programs.FIND_IN_SORTED.binsearch(FIND_IN_SORTED.java:20)
	at java_programs.FIND_IN_SORTED.binsearch(FIND_IN_SORTED.java:20)
	at java_programs.FIND_IN_SORTED.binsearch(FIND_IN_SORTED.java:20)
	at java_programs.FIND_IN_SORTED.binsearch(FIND_IN_SORTED.java:20)
	at java_programs.FIND_IN_SORTED.binsearch(FIND_IN_SORTED.java:20)
	at java_programs.FIND_IN_SORTED.binsearch(FIND_IN_SORTED.java:20)
	at java_programs.FIND_IN_SORTED.binsearch(FIND_IN_SORTED.java:20)
	at java_programs.FIND_IN_SORTED.binsearch(FIND_IN_SORTED.java:20)
	at java_programs.FIND_IN_SORTED.binsearch(FIND_IN_SORTED.java:20)
	at java_programs.FIND_IN_SORTED.binsearch(FIND_IN_SORTED.java:20)
	at java_programs.FIND_IN_SORTED.binsearch(FIND_IN_SORTED.java:20)
	at java_programs.FIND_IN_SORTED.binsearch(FIND_IN_SORTED.java:20)
	at java_programs.FIND_IN_SORTED.binsearch(FIND_IN_SORTED.java:20)
	at java_programs.FIND_IN_SORTED.binsearch(FIND_IN_SORTED.java:20)
	at java_programs.FIND_IN_SORTED.binsearch(FIND_IN_SORTED.java:20)
	at java_programs.FIND_IN_SORTED.binsearch(FIND_IN_SORTED.java:20)
	at java_programs.FIND_IN_SORTED.binsearch(FIND_IN_SORTED.java:20)
	at java_programs.FIND_IN_SORTED.binsearch(FIND_IN_SORTED.java:20)
	at java_programs.FIND_IN_SORTED.binsearch(FIND_IN_SORTED.java:20)
	at java_programs.FIND_IN_SORTED.binsearch(FIND_IN_SORTED.java:20)
	at java_programs.FIND_IN_SORTED.binsearch(FIND_IN_SORTED.java:20)
	at java_programs.FIND_IN_SORTED.binsearch(FIND_IN_SORTED.java:20)
	at java_programs.FIND_IN_SORTED.binsearch(FIND_IN_SORTED.java:20)
	at java_programs.FIND_IN_SORTED.binsearch(FIND_IN_SORTED.java:20)
	at java_programs.FIND_IN_SORTED.binsearch(FIND_IN_SORTED.java:20)
	at java_programs.FIND_IN_SORTED.binsearch(FIND_IN_SORTED.java:20)
	at java_programs.FIND_IN_SORTED.binsearch(FIND_IN_SORTED.java:20)
	at java_programs.FIND_IN_SORTED.binsearch(FIND_IN_SORTED.java:20)
	at java_programs.FIND_IN_SORTED.binsearch(FIND_IN_SORTED.java:20)
	at java_programs.FIND_IN_SORTED.binsearch(FIND_IN_SORTED.java:20)
	at java_programs.FIND_IN_SORTED.binsearch(FIND_IN_SORTED.java:20)
	at java_programs.FIND_IN_SORTED.binsearch(FIND_IN_SORTED.java:20)
	at java_programs.FIND_IN_SORTED.binsearch(FIND_IN_SORTED.java:20)
	at java_programs.FIND_IN_SORTED.binsearch(FIND_IN_SORTED.java:20)
	at java_programs.FIND_IN_SORTED.binsearch(FIND_IN_SORTED.java:20)
	at java_programs.FIND_IN_SORTED.binsearch(FIND_IN_SORTED.java:20)
	at java_programs.FIND_IN_SORTED.binsearch(FIND_IN_SORTED.java:20)
	at java_programs.FIND_IN_SORTED.binsearch(FIND_IN_SORTED.java:20)
	at java_programs.FIND_IN_SORTED.binsearch(FIND_IN_SORTED.java:20)
	at java_programs.FIND_IN_SORTED.binsearch(FIND_IN_SORTED.java:20)
	at java_programs.FIND_IN_SORTED.binsearch(FIND_IN_SORTED.java:20)
	at java_programs.FIND_IN_SORTED.binsearch(FIND_IN_SORTED.java:20)
	at java_programs.FIND_IN_SORTED.binsearch(FIND_IN_SORTED.java:20)
	at java_programs.FIND_IN_SORTED.binsearch(FIND_IN_SORTED.java:20)
	at java_programs.FIND_IN_SORTED.binsearch(FIND_IN_SORTED.java:20)
	at java_programs.FIND_IN_SORTED.binsearch(FIND_IN_SORTED.java:20)
	at java_programs.FIND_IN_SORTED.binsearch(FIND_IN_SORTED.java:20)
	at java_programs.FIND_IN_SORTED.binsearch(FIND_IN_SORTED.java:20)
	at java_programs.FIND_IN_SORTED.binsearch(FIND_IN_SORTED.java:20)
	at java_programs.FIND_IN_SORTED.binsearch(FIND_IN_SORTED.java:20)
	at java_programs.FIND_IN_SORTED.binsearch(FIND_IN_SORTED.java:20)
	at java_programs.FIND_IN_SORTED.binsearch(FIND_IN_SORTED.java:20)
	at java_programs.FIND_IN_SORTED.binsearch(FIND_IN_SORTED.java:20)
	at java_programs.FIND_IN_SORTED.binsearch(FIND_IN_SORTED.java:20)
	at java_programs.FIND_IN_SORTED.binsearch(FIND_IN_SORTED.java:20)
	at java_programs.FIND_IN_SORTED.binsearch(FIND_IN_SORTED.java:20)
	at java_programs.FIND_IN_SORTED.binsearch(FIND_IN_SORTED.java:20)
	at java_programs.FIND_IN_SORTED.binsearch(FIND_IN_SORTED.java:20)
	at java_programs.FIND_IN_SORTED.binsearch(FIND_IN_SORTED.java:20)
	at java_programs.FIND_IN_SORTED.binsearch(FIND_IN_SORTED.java:20)
	at java_programs.FIND_IN_SORTED.binsearch(FIND_IN_SORTED.java:20)
	at java_programs.FIND_IN_SORTED.binsearch(FIND_IN_SORTED.java:20)
	at java_programs.FIND_IN_SORTED.binsearch(FIND_IN_SORTED.java:20)
	at java_programs.FIND_IN_SORTED.binsearch(FIND_IN_SORTED.java:20)
	at java_programs.FIND_IN_SORTED.binsearch(FIND_IN_SORTED.java:20)
	at java_programs.FIND_IN_SORTED.binsearch(FIND_IN_SORTED.java:20)
	at java_programs.FIND_IN_SORTED.binsearch(FIND_IN_SORTED.java:20)
	at java_programs.FIND_IN_SORTED.binsearch(FIND_IN_SORTED.java:20)
	at java_programs.FIND_IN_SORTED.binsearch(FIND_IN_SORTED.java:20)
	at java_programs.FIND_IN_SORTED.binsearch(FIND_IN_SORTED.java:20)
	at java_programs.FIND_IN_SORTED.binsearch(FIND_IN_SORTED.java:20)
	at java_programs.FIND_IN_SORTED.binsearch(FIND_IN_SORTED.java:20)
	at java_programs.FIND_IN_SORTED.binsearch(FIND_IN_SORTED.java:20)
	at java_programs.FIND_IN_SORTED.binsearch(FIND_IN_SORTED.java:20)
	at java_programs.FIND_IN_SORTED.binsearch(FIND_IN_SORTED.java:20)
	at java_programs.FIND_IN_SORTED.binsearch(FIND_IN_SORTED.java:20)
	at java_programs.FIND_IN_SORTED.binsearch(FIND_IN_SORTED.java:20)
	at java_programs.FIND_IN_SORTED.binsearch(FIND_IN_SORTED.java:20)
	at java_programs.FIND_IN_SORTED.binsearch(FIND_IN_SORTED.java:20)
	at java_programs.FIND_IN_SORTED.binsearch(FIND_IN_SORTED.java:20)
	at java_programs.FIND_IN_SORTED.binsearch(FIND_IN_SORTED.java:20)
	at java_programs.FIND_IN_SORTED.binsearch(FIND_IN_SORTED.java:20)
	at java_programs.FIND_IN_SORTED.binsearch(FIND_IN_SORTED.java:20)
	at java_programs.FIND_IN_SORTED.binsearch(FIND_IN_SORTED.java:20)
	at java_programs.FIND_IN_SORTED.binsearch(FIND_IN_SORTED.java:20)
	at java_programs.FIND_IN_SORTED.binsearch(FIND_IN_SORTED.java:20)
	at java_programs.FIND_IN_SORTED.binsearch(FIND_IN_SORTED.java:20)
	at java_programs.FIND_IN_SORTED.binsearch(FIND_IN_SORTED.java:20)
	at java_programs.FIND_IN_SORTED.binsearch(FIND_IN_SORTED.java:20)
	at java_programs.FIND_IN_SORTED.binsearch(FIND_IN_SORTED.java:20)
	at java_programs.FIND_IN_SORTED.binsearch(FIND_IN_SORTED.java:20)
	at java_programs.FIND_IN_SORTED.binsearch(FIND_IN_SORTED.java:20)
	at java_programs.FIND_IN_SORTED.binsearch(FIND_IN_SORTED.java:20)
	at java_programs.FIND_IN_SORTED.binsearch(FIND_IN_SORTED.java:20)
	at java_programs.FIND_IN_SORTED.binsearch(FIND_IN_SORTED.java:20)
	at java_programs.FIND_IN_SORTED.binsearch(FIND_IN_SORTED.java:20)
	at java_programs.FIND_IN_SORTED.binsearch(FIND_IN_SORTED.java:20)
	at java_programs.FIND_IN_SORTED.binsearch(FIND_IN_SORTED.java:20)
	at java_programs.FIND_IN_SORTED.binsearch(FIND_IN_SORTED.java:20)
	at java_programs.FIND_IN_SORTED.binsearch(FIND_IN_SORTED.java:20)
	at java_programs.FIND_IN_SORTED.binsearch(FIND_IN_SORTED.java:20)
	at java_programs.FIND_IN_SORTED.binsearch(FIND_IN_SORTED.java:20)
	at java_programs.FIND_IN_SORTED.binsearch(FIND_IN_SORTED.java:20)
	at java_programs.FIND_IN_SORTED.binsearch(FIND_IN_SORTED.java:20)
	at java_programs.FIND_IN_SORTED.binsearch(FIND_IN_SORTED.java:20)
	at java_programs.FIND_IN_SORTED.binsearch(FIND_IN_SORTED.java:20)
	at java_programs.FIND_IN_SORTED.binsearch(FIND_IN_SORTED.java:20)
	at java_programs.FIND_IN_SORTED.binsearch(FIND_IN_SORTED.java:20)
	at java_programs.FIND_IN_SORTED.binsearch(FIND_IN_SORTED.java:20)
	at java_programs.FIND_IN_SORTED.binsearch(FIND_IN_SORTED.java:20)
	at java_programs.FIND_IN_SORTED.binsearch(FIND_IN_SORTED.java:20)
	at java_programs.FIND_IN_SORTED.binsearch(FIND_IN_SORTED.java:20)
	at java_programs.FIND_IN_SORTED.binsearch(FIND_IN_SORTED.java:20)
	at java_programs.FIND_IN_SORTED.binsearch(FIND_IN_SORTED.java:20)
	at java_programs.FIND_IN_SORTED.binsearch(FIND_IN_SORTED.java:20)
	at java_programs.FIND_IN_SORTED.binsearch(FIND_IN_SORTED.java:20)
	at java_programs.FIND_IN_SORTED.binsearch(FIND_IN_SORTED.java:20)
	at java_programs.FIND_IN_SORTED.binsearch(FIND_IN_SORTED.java:20)
	at java_programs.FIND_IN_SORTED.binsearch(FIND_IN_SORTED.java:20)
	at java_programs.FIND_IN_SORTED.binsearch(FIND_IN_SORTED.java:20)
	at java_programs.FIND_IN_SORTED.binsearch(FIND_IN_SORTED.java:20)
	at java_programs.FIND_IN_SORTED.binsearch(FIND_IN_SORTED.java:20)
	at java_programs.FIND_IN_SORTED.binsearch(FIND_IN_SORTED.java:20)
	at java_programs.FIND_IN_SORTED.binsearch(FIND_IN_SORTED.java:20)
	at java_programs.FIND_IN_SORTED.binsearch(FIND_IN_SORTED.java:20)
	at java_programs.FIND_IN_SORTED.binsearch(FIND_IN_SORTED.java:20)
	at java_programs.FIND_IN_SORTED.binsearch(FIND_IN_SORTED.java:20)
	at java_programs.FIND_IN_SORTED.binsearch(FIND_IN_SORTED.java:20)
	at java_programs.FIND_IN_SORTED.binsearch(FIND_IN_SORTED.java:20)
	at java_programs.FIND_IN_SORTED.binsearch(FIND_IN_SORTED.java:20)
	at java_programs.FIND_IN_SORTED.binsearch(FIND_IN_SORTED.java:20)
	at java_programs.FIND_IN_SORTED.binsearch(FIND_IN_SORTED.java:20)
	at java_programs.FIND_IN_SORTED.binsearch(FIND_IN_SORTED.java:20)
	at java_programs.FIND_IN_SORTED.binsearch(FIND_IN_SORTED.java:20)
	at java_programs.FIND_IN_SORTED.binsearch(FIND_IN_SORTED.java:20)
	at java_programs.FIND_IN_SORTED.binsearch(FIND_IN_SORTED.java:20)
	at java_programs.FIND_IN_SORTED.binsearch(FIND_IN_SORTED.java:20)
	at java_programs.FIND_IN_SORTED.binsearch(FIND_IN_SORTED.java:20)
	at java_programs.FIND_IN_SORTED.binsearch(FIND_IN_SORTED.java:20)
	at java_programs.FIND_IN_SORTED.binsearch(FIND_IN_SORTED.java:20)
	at java_programs.FIND_IN_SORTED.binsearch(FIND_IN_SORTED.java:20)
	at java_programs.FIND_IN_SORTED.binsearch(FIND_IN_SORTED.java:20)
	at java_programs.FIND_IN_SORTED.binsearch(FIND_IN_SORTED.java:20)
	at java_programs.FIND_IN_SORTED.binsearch(FIND_IN_SORTED.java:20)
	at java_programs.FIND_IN_SORTED.binsearch(FIND_IN_SORTED.java:20)
	at java_programs.FIND_IN_SORTED.binsearch(FIND_IN_SORTED.java:20)
	at java_programs.FIND_IN_SORTED.binsearch(FIND_IN_SORTED.java:20)
	at java_programs.FIND_IN_SORTED.binsearch(FIND_IN_SORTED.java:20)
	at java_programs.FIND_IN_SORTED.binsearch(FIND_IN_SORTED.java:20)
	at java_programs.FIND_IN_SORTED.binsearch(FIND_IN_SORTED.java:20)
	at java_programs.FIND_IN_SORTED.binsearch(FIND_IN_SORTED.java:20)
	at java_programs.FIND_IN_SORTED.binsearch(FIND_IN_SORTED.java:20)
	at java_programs.FIND_IN_SORTED.binsearch(FIND_IN_SORTED.java:20)
	at java_programs.FIND_IN_SORTED.binsearch(FIND_IN_SORTED.java:20)
	at java_programs.FIND_IN_SORTED.binsearch(FIND_IN_SORTED.java:20)
	at java_programs.FIND_IN_SORTED.binsearch(FIND_IN_SORTED.java:20)
	at java_programs.FIND_IN_SORTED.binsearch(FIND_IN_SORTED.java:20)
	at java_programs.FIND_IN_SORTED.binsearch(FIND_IN_SORTED.java:20)
	at java_programs.FIND_IN_SORTED.binsearch(FIND_IN_SORTED.java:20)
	at java_programs.FIND_IN_SORTED.binsearch(FIND_IN_SORTED.java:20)
	at java_programs.FIND_IN_SORTED.binsearch(FIND_IN_SORTED.java:20)
	at java_programs.FIND_IN_SORTED.binsearch(FIND_IN_SORTED.java:20)
	at java_programs.FIND_IN_SORTED.binsearch(FIND_IN_SORTED.java:20)
	at java_programs.FIND_IN_SORTED.binsearch(FIND_IN_SORTED.java:20)
	at java_programs.FIND_IN_SORTED.binsearch(FIND_IN_SORTED.java:20)
	at java_programs.FIND_IN_SORTED.binsearch(FIND_IN_SORTED.java:20)
	at java_programs.FIND_IN_SORTED.binsearch(FIND_IN_SORTED.java:20)
	at java_programs.FIND_IN_SORTED.binsearch(FIND_IN_SORTED.java:20)
	at java_programs.FIND_IN_SORTED.binsearch(FIND_IN_SORTED.java:20)
	at java_programs.FIND_IN_SORTED.binsearch(FIND_IN_SORTED.java:20)
	at java_programs.FIND_IN_SORTED.binsearch(FIND_IN_SORTED.java:20)
	at java_programs.FIND_IN_SORTED.binsearch(FIND_IN_SORTED.java:20)
	at java_programs.FIND_IN_SORTED.binsearch(FIND_IN_SORTED.java:20)
	at java_programs.FIND_IN_SORTED.binsearch(FIND_IN_SORTED.java:20)
	at java_programs.FIND_IN_SORTED.binsearch(FIND_IN_SORTED.java:20)
	at java_programs.FIND_IN_SORTED.binsearch(FIND_IN_SORTED.java:20)
	at java_programs.FIND_IN_SORTED.binsearch(FIND_IN_SORTED.java:20)
	at java_programs.FIND_IN_SORTED.binsearch(FIND_IN_SORTED.java:20)
	at java_programs.FIND_IN_SORTED.binsearch(FIND_IN_SORTED.java:20)
	at java_programs.FIND_IN_SORTED.binsearch(FIND_IN_SORTED.java:20)
	at java_programs.FIND_IN_SORTED.binsearch(FIND_IN_SORTED.java:20)
	at java_programs.FIND_IN_SORTED.binsearch(FIND_IN_SORTED.java:20)
	at java_programs.FIND_IN_SORTED.binsearch(FIND_IN_SORTED.java:20)
	at java_programs.FIND_IN_SORTED.binsearch(FIND_IN_SORTED.java:20)
	at java_programs.FIND_IN_SORTED.binsearch(FIND_IN_SORTED.java:20)
	at java_programs.FIND_IN_SORTED.binsearch(FIND_IN_SORTED.java:20)
	at java_programs.FIND_IN_SORTED.binsearch(FIND_IN_SORTED.java:20)
	at java_programs.FIND_IN_SORTED.binsearch(FIND_IN_SORTED.java:20)
	at java_programs.FIND_IN_SORTED.binsearch(FIND_IN_SORTED.java:20)
	at java_programs.FIND_IN_SORTED.binsearch(FIND_IN_SORTED.java:20)
	at java_programs.FIND_IN_SORTED.binsearch(FIND_IN_SORTED.java:20)
	at java_programs.FIND_IN_SORTED.binsearch(FIND_IN_SORTED.java:20)
	at java_programs.FIND_IN_SORTED.binsearch(FIND_IN_SORTED.java:20)
	at java_programs.FIND_IN_SORTED.binsearch(FIND_IN_SORTED.java:20)
	at java_programs.FIND_IN_SORTED.binsearch(FIND_IN_SORTED.java:20)
	at java_programs.FIND_IN_SORTED.binsearch(FIND_IN_SORTED.java:20)
	at java_programs.FIND_IN_SORTED.binsearch(FIND_IN_SORTED.java:20)
	at java_programs.FIND_IN_SORTED.binsearch(FIND_IN_SORTED.java:20)
	at java_programs.FIND_IN_SORTED.binsearch(FIND_IN_SORTED.java:20)
	at java_programs.FIND_IN_SORTED.binsearch(FIND_IN_SORTED.java:20)
	at java_programs.FIND_IN_SORTED.binsearch(FIND_IN_SORTED.java:20)
	at java_programs.FIND_IN_SORTED.binsearch(FIND_IN_SORTED.java:20)
	at java_programs.FIND_IN_SORTED.binsearch(FIND_IN_SORTED.java:20)
	at java_programs.FIND_IN_SORTED.binsearch(FIND_IN_SORTED.java:20)
	at java_programs.FIND_IN_SORTED.binsearch(FIND_IN_SORTED.java:20)
	at java_programs.FIND_IN_SORTED.binsearch(FIND_IN_SORTED.java:20)
	at java_programs.FIND_IN_SORTED.binsearch(FIND_IN_SORTED.java:20)
	at java_programs.FIND_IN_SORTED.binsearch(FIND_IN_SORTED.java:20)
	at java_programs.FIND_IN_SORTED.binsearch(FIND_IN_SORTED.java:20)
	at java_programs.FIND_IN_SORTED.binsearch(FIND_IN_SORTED.java:20)
	at java_programs.FIND_IN_SORTED.binsearch(FIND_IN_SORTED.java:20)
	at java_programs.FIND_IN_SORTED.binsearch(FIND_IN_SORTED.java:20)
	at java_programs.FIND_IN_SORTED.binsearch(FIND_IN_SORTED.java:20)
	at java_programs.FIND_IN_SORTED.binsearch(FIND_IN_SORTED.java:20)
	at java_programs.FIND_IN_SORTED.binsearch(FIND_IN_SORTED.java:20)
	at java_programs.FIND_IN_SORTED.binsearch(FIND_IN_SORTED.java:20)
	at java_programs.FIND_IN_SORTED.binsearch(FIND_IN_SORTED.java:20)
	at java_programs.FIND_IN_SORTED.binsearch(FIND_IN_SORTED.java:20)
	at java_programs.FIND_IN_SORTED.binsearch(FIND_IN_SORTED.java:20)
	at java_programs.FIND_IN_SORTED.binsearch(FIND_IN_SORTED.java:20)
	at java_programs.FIND_IN_SORTED.binsearch(FIND_IN_SORTED.java:20)
	at java_programs.FIND_IN_SORTED.binsearch(FIND_IN_SORTED.java:20)
	at java_programs.FIND_IN_SORTED.binsearch(FIND_IN_SORTED.java:20)
	at java_programs.FIND_IN_SORTED.binsearch(FIND_IN_SORTED.java:20)
	at java_programs.FIND_IN_SORTED.binsearch(FIND_IN_SORTED.java:20)
	at java_programs.FIND_IN_SORTED.binsearch(FIND_IN_SORTED.java:20)
	at java_programs.FIND_IN_SORTED.binsearch(FIND_IN_SORTED.java:20)
	at java_programs.FIND_IN_SORTED.binsearch(FIND_IN_SORTED.java:20)
	at java_programs.FIND_IN_SORTED.binsearch(FIND_IN_SORTED.java:20)
	at java_programs.FIND_IN_SORTED.binsearch(FIND_IN_SORTED.java:20)
	at java_programs.FIND_IN_SORTED.binsearch(FIND_IN_SORTED.java:20)
	at java_programs.FIND_IN_SORTED.binsearch(FIND_IN_SORTED.java:20)
	at java_programs.FIND_IN_SORTED.binsearch(FIND_IN_SORTED.java:20)
	at java_programs.FIND_IN_SORTED.binsearch(FIND_IN_SORTED.java:20)
	at java_programs.FIND_IN_SORTED.binsearch(FIND_IN_SORTED.java:20)
	at java_programs.FIND_IN_SORTED.binsearch(FIND_IN_SORTED.java:20)
	at java_programs.FIND_IN_SORTED.binsearch(FIND_IN_SORTED.java:20)
	at java_programs.FIND_IN_SORTED.binsearch(FIND_IN_SORTED.java:20)
	at java_programs.FIND_IN_SORTED.binsearch(FIND_IN_SORTED.java:20)
	at java_programs.FIND_IN_SORTED.binsearch(FIND_IN_SORTED.java:20)
	at java_programs.FIND_IN_SORTED.binsearch(FIND_IN_SORTED.java:20)
	at java_programs.FIND_IN_SORTED.binsearch(FIND_IN_SORTED.java:20)
	at java_programs.FIND_IN_SORTED.binsearch(FIND_IN_SORTED.java:20)
	at java_programs.FIND_IN_SORTED.binsearch(FIND_IN_SORTED.java:20)
	at java_programs.FIND_IN_SORTED.binsearch(FIND_IN_SORTED.java:20)
	at java_programs.FIND_IN_SORTED.binsearch(FIND_IN_SORTED.java:20)
	at java_programs.FIND_IN_SORTED.binsearch(FIND_IN_SORTED.java:20)
	at java_programs.FIND_IN_SORTED.binsearch(FIND_IN_SORTED.java:20)
	at java_programs.FIND_IN_SORTED.binsearch(FIND_IN_SORTED.java:20)
	at java_programs.FIND_IN_SORTED.binsearch(FIND_IN_SORTED.java:20)
	at java_programs.FIND_IN_SORTED.binsearch(FIND_IN_SORTED.java:20)
	at java_programs.FIND_IN_SORTED.binsearch(FIND_IN_SORTED.java:20)
	at java_programs.FIND_IN_SORTED.binsearch(FIND_IN_SORTED.java:20)
	at java_programs.FIND_IN_SORTED.binsearch(FIND_IN_SORTED.java:20)
	at java_programs.FIND_IN_SORTED.binsearch(FIND_IN_SORTED.java:20)
	at java_programs.FIND_IN_SORTED.binsearch(FIND_IN_SORTED.java:20)
	at java_programs.FIND_IN_SORTED.binsearch(FIND_IN_SORTED.java:20)
	at java_programs.FIND_IN_SORTED.binsearch(FIND_IN_SORTED.java:20)
	at java_programs.FIND_IN_SORTED.binsearch(FIND_IN_SORTED.java:20)
	at java_programs.FIND_IN_SORTED.binsearch(FIND_IN_SORTED.java:20)
	at java_programs.FIND_IN_SORTED.binsearch(FIND_IN_SORTED.java:20)
	at java_programs.FIND_IN_SORTED.binsearch(FIND_IN_SORTED.java:20)
	at java_programs.FIND_IN_SORTED.binsearch(FIND_IN_SORTED.java:20)
	at java_programs.FIND_IN_SORTED.binsearch(FIND_IN_SORTED.java:20)
	at java_programs.FIND_IN_SORTED.binsearch(FIND_IN_SORTED.java:20)
	at java_programs.FIND_IN_SORTED.binsearch(FIND_IN_SORTED.java:20)
	at java_programs.FIND_IN_SORTED.binsearch(FIND_IN_SORTED.java:20)
	at java_programs.FIND_IN_SORTED.binsearch(FIND_IN_SORTED.java:20)
	at java_programs.FIND_IN_SORTED.binsearch(FIND_IN_SORTED.java:20)
	at java_programs.FIND_IN_SORTED.binsearch(FIND_IN_SORTED.java:20)
	at java_programs.FIND_IN_SORTED.binsearch(FIND_IN_SORTED.java:20)
	at java_programs.FIND_IN_SORTED.binsearch(FIND_IN_SORTED.java:20)
	at java_programs.FIND_IN_SORTED.binsearch(FIND_IN_SORTED.java:20)
	at java_programs.FIND_IN_SORTED.binsearch(FIND_IN_SORTED.java:20)
	at java_programs.FIND_IN_SORTED.binsearch(FIND_IN_SORTED.java:20)
	at java_programs.FIND_IN_SORTED.binsearch(FIND_IN_SORTED.java:20)
	at java_programs.FIND_IN_SORTED.binsearch(FIND_IN_SORTED.java:20)
	at java_programs.FIND_IN_SORTED.binsearch(FIND_IN_SORTED.java:20)
	at java_programs.FIND_IN_SORTED.binsearch(FIND_IN_SORTED.java:20)
	at java_programs.FIND_IN_SORTED.binsearch(FIND_IN_SORTED.java:20)
	at java_programs.FIND_IN_SORTED.binsearch(FIND_IN_SORTED.java:20)
	at java_programs.FIND_IN_SORTED.binsearch(FIND_IN_SORTED.java:20)
	at java_programs.FIND_IN_SORTED.binsearch(FIND_IN_SORTED.java:20)
	at java_programs.FIND_IN_SORTED.binsearch(FIND_IN_SORTED.java:20)
	at java_programs.FIND_IN_SORTED.binsearch(FIND_IN_SORTED.java:20)
	at java_programs.FIND_IN_SORTED.binsearch(FIND_IN_SORTED.java:20)
	at java_programs.FIND_IN_SORTED.binsearch(FIND_IN_SORTED.java:20)
	at java_programs.FIND_IN_SORTED.binsearch(FIND_IN_SORTED.java:20)
	at java_programs.FIND_IN_SORTED.binsearch(FIND_IN_SORTED.java:20)
	at java_programs.FIND_IN_SORTED.binsearch(FIND_IN_SORTED.java:20)
	at java_programs.FIND_IN_SORTED.binsearch(FIND_IN_SORTED.java:20)
	at java_programs.FIND_IN_SORTED.binsearch(FIND_IN_SORTED.java:20)
	at java_programs.FIND_IN_SORTED.binsearch(FIND_IN_SORTED.java:20)
	at java_programs.FIND_IN_SORTED.binsearch(FIND_IN_SORTED.java:20)
	at java_programs.FIND_IN_SORTED.binsearch(FIND_IN_SORTED.java:20)
	at java_programs.FIND_IN_SORTED.binsearch(FIND_IN_SORTED.java:20)
	at java_programs.FIND_IN_SORTED.binsearch(FIND_IN_SORTED.java:20)
	at java_programs.FIND_IN_SORTED.binsearch(FIND_IN_SORTED.java:20)
	at java_programs.FIND_IN_SORTED.binsearch(FIND_IN_SORTED.java:20)
	at java_programs.FIND_IN_SORTED.binsearch(FIND_IN_SORTED.java:20)
	at java_programs.FIND_IN_SORTED.binsearch(FIND_IN_SORTED.java:20)
	at java_programs.FIND_IN_SORTED.binsearch(FIND_IN_SORTED.java:20)
	at java_programs.FIND_IN_SORTED.binsearch(FIND_IN_SORTED.java:20)
	at java_programs.FIND_IN_SORTED.binsearch(FIND_IN_SORTED.java:20)
	at java_programs.FIND_IN_SORTED.binsearch(FIND_IN_SORTED.java:20)
	at java_programs.FIND_IN_SORTED.binsearch(FIND_IN_SORTED.java:20)
	at java_programs.FIND_IN_SORTED.binsearch(FIND_IN_SORTED.java:20)
	at java_programs.FIND_IN_SORTED.binsearch(FIND_IN_SORTED.java:20)
	at java_programs.FIND_IN_SORTED.binsearch(FIND_IN_SORTED.java:20)
	at java_programs.FIND_IN_SORTED.binsearch(FIND_IN_SORTED.java:20)
	at java_programs.FIND_IN_SORTED.binsearch(FIND_IN_SORTED.java:20)
	at java_programs.FIND_IN_SORTED.binsearch(FIND_IN_SORTED.java:20)
	at java_programs.FIND_IN_SORTED.binsearch(FIND_IN_SORTED.java:20)
	at java_programs.FIND_IN_SORTED.binsearch(FIND_IN_SORTED.java:20)
	at java_programs.FIND_IN_SORTED.binsearch(FIND_IN_SORTED.java:20)
	at java_programs.FIND_IN_SORTED.binsearch(FIND_IN_SORTED.java:20)
	at java_programs.FIND_IN_SORTED.binsearch(FIND_IN_SORTED.java:20)
	at java_programs.FIND_IN_SORTED.binsearch(FIND_IN_SORTED.java:20)
	at java_programs.FIND_IN_SORTED.binsearch(FIND_IN_SORTED.java:20)
	at java_programs.FIND_IN_SORTED.binsearch(FIND_IN_SORTED.java:20)
	at java_programs.FIND_IN_SORTED.binsearch(FIND_IN_SORTED.java:20)
	at java_programs.FIND_IN_SORTED.binsearch(FIND_IN_SORTED.java:20)
	at java_programs.FIND_IN_SORTED.binsearch(FIND_IN_SORTED.java:20)
	at java_programs.FIND_IN_SORTED.binsearch(FIND_IN_SORTED.java:20)
	at java_programs.FIND_IN_SORTED.binsearch(FIND_IN_SORTED.java:20)
	at java_programs.FIND_IN_SORTED.binsearch(FIND_IN_SORTED.java:20)
	at java_programs.FIND_IN_SORTED.binsearch(FIND_IN_SORTED.java:20)
	at java_programs.FIND_IN_SORTED.binsearch(FIND_IN_SORTED.java:20)
	at java_programs.FIND_IN_SORTED.binsearch(FIND_IN_SORTED.java:20)
	at java_programs.FIND_IN_SORTED.binsearch(FIND_IN_SORTED.java:20)
	at java_programs.FIND_IN_SORTED.binsearch(FIND_IN_SORTED.java:20)
	at java_programs.FIND_IN_SORTED.binsearch(FIND_IN_SORTED.java:20)
	at java_programs.FIND_IN_SORTED.binsearch(FIND_IN_SORTED.java:20)
	at java_programs.FIND_IN_SORTED.binsearch(FIND_IN_SORTED.java:20)
	at java_programs.FIND_IN_SORTED.binsearch(FIND_IN_SORTED.java:20)
	at java_programs.FIND_IN_SORTED.binsearch(FIND_IN_SORTED.java:20)
	at java_programs.FIND_IN_SORTED.binsearch(FIND_IN_SORTED.java:20)
	at java_programs.FIND_IN_SORTED.binsearch(FIND_IN_SORTED.java:20)
	at java_programs.FIND_IN_SORTED.binsearch(FIND_IN_SORTED.java:20)
	at java_programs.FIND_IN_SORTED.binsearch(FIND_IN_SORTED.java:20)
	at java_programs.FIND_IN_SORTED.binsearch(FIND_IN_SORTED.java:20)
	at java_programs.FIND_IN_SORTED.binsearch(FIND_IN_SORTED.java:20)
	at java_programs.FIND_IN_SORTED.binsearch(FIND_IN_SORTED.java:20)
	at java_programs.FIND_IN_SORTED.binsearch(FIND_IN_SORTED.java:20)
	at java_programs.FIND_IN_SORTED.binsearch(FIND_IN_SORTED.java:20)
	at java_programs.FIND_IN_SORTED.binsearch(FIND_IN_SORTED.java:20)
	at java_programs.FIND_IN_SORTED.binsearch(FIND_IN_SORTED.java:20)
	at java_programs.FIND_IN_SORTED.binsearch(FIND_IN_SORTED.java:20)
	at java_programs.FIND_IN_SORTED.binsearch(FIND_IN_SORTED.java:20)
	at java_programs.FIND_IN_SORTED.binsearch(FIND_IN_SORTED.java:20)
	at java_programs.FIND_IN_SORTED.binsearch(FIND_IN_SORTED.java:20)
	at java_programs.FIND_IN_SORTED.binsearch(FIND_IN_SORTED.java:20)
	at java_programs.FIND_IN_SORTED.binsearch(FIND_IN_SORTED.java:20)
	at java_programs.FIND_IN_SORTED.binsearch(FIND_IN_SORTED.java:20)
	at java_programs.FIND_IN_SORTED.binsearch(FIND_IN_SORTED.java:20)
	at java_programs.FIND_IN_SORTED.binsearch(FIND_IN_SORTED.java:20)
	at java_programs.FIND_IN_SORTED.binsearch(FIND_IN_SORTED.java:20)
	at java_programs.FIND_IN_SORTED.binsearch(FIND_IN_SORTED.java:20)
	at java_programs.FIND_IN_SORTED.binsearch(FIND_IN_SORTED.java:20)
	at java_programs.FIND_IN_SORTED.binsearch(FIND_IN_SORTED.java:20)
	at java_programs.FIND_IN_SORTED.binsearch(FIND_IN_SORTED.java:20)
	at java_programs.FIND_IN_SORTED.binsearch(FIND_IN_SORTED.java:20)
	at java_programs.FIND_IN_SORTED.binsearch(FIND_IN_SORTED.java:20)
	at java_programs.FIND_IN_SORTED.binsearch(FIND_IN_SORTED.java:20)
	at java_programs.FIND_IN_SORTED.binsearch(FIND_IN_SORTED.java:20)
	at java_programs.FIND_IN_SORTED.binsearch(FIND_IN_SORTED.java:20)
	at java_programs.FIND_IN_SORTED.binsearch(FIND_IN_SORTED.java:20)
	at java_programs.FIND_IN_SORTED.binsearch(FIND_IN_SORTED.java:20)
	at java_programs.FIND_IN_SORTED.binsearch(FIND_IN_SORTED.java:20)
	at java_programs.FIND_IN_SORTED.binsearch(FIND_IN_SORTED.java:20)
	at java_programs.FIND_IN_SORTED.binsearch(FIND_IN_SORTED.java:20)
	at java_programs.FIND_IN_SORTED.binsearch(FIND_IN_SORTED.java:20)
	at java_programs.FIND_IN_SORTED.binsearch(FIND_IN_SORTED.java:20)
	at java_programs.FIND_IN_SORTED.binsearch(FIND_IN_SORTED.java:20)
	at java_programs.FIND_IN_SORTED.binsearch(FIND_IN_SORTED.java:20)
	at java_programs.FIND_IN_SORTED.binsearch(FIND_IN_SORTED.java:20)
	at java_programs.FIND_IN_SORTED.binsearch(FIND_IN_SORTED.java:20)
	at java_programs.FIND_IN_SORTED.binsearch(FIND_IN_SORTED.java:20)
	at java_programs.FIND_IN_SORTED.binsearch(FIND_IN_SORTED.java:20)
	at java_programs.FIND_IN_SORTED.binsearch(FIND_IN_SORTED.java:20)
	at java_programs.FIND_IN_SORTED.binsearch(FIND_IN_SORTED.java:20)
	at java_programs.FIND_IN_SORTED.binsearch(FIND_IN_SORTED.java:20)
	at java_programs.FIND_IN_SORTED.binsearch(FIND_IN_SORTED.java:20)
	at java_programs.FIND_IN_SORTED.binsearch(FIND_IN_SORTED.java:20)
	at java_programs.FIND_IN_SORTED.binsearch(FIND_IN_SORTED.java:20)
	at java_programs.FIND_IN_SORTED.binsearch(FIND_IN_SORTED.java:20)
	at java_programs.FIND_IN_SORTED.binsearch(FIND_IN_SORTED.java:20)
	at java_programs.FIND_IN_SORTED.binsearch(FIND_IN_SORTED.java:20)
	at java_programs.FIND_IN_SORTED.binsearch(FIND_IN_SORTED.java:20)
	at java_programs.FIND_IN_SORTED.binsearch(FIND_IN_SORTED.java:20)
	at java_programs.FIND_IN_SORTED.binsearch(FIND_IN_SORTED.java:20)
	at java_programs.FIND_IN_SORTED.binsearch(FIND_IN_SORTED.java:20)
	at java_programs.FIND_IN_SORTED.binsearch(FIND_IN_SORTED.java:20)
	at java_programs.FIND_IN_SORTED.binsearch(FIND_IN_SORTED.java:20)
	at java_programs.FIND_IN_SORTED.binsearch(FIND_IN_SORTED.java:20)
	at java_programs.FIND_IN_SORTED.binsearch(FIND_IN_SORTED.java:20)
	at java_programs.FIND_IN_SORTED.binsearch(FIND_IN_SORTED.java:20)
	at java_programs.FIND_IN_SORTED.binsearch(FIND_IN_SORTED.java:20)
	at java_programs.FIND_IN_SORTED.binsearch(FIND_IN_SORTED.java:20)
	at java_programs.FIND_IN_SORTED.binsearch(FIND_IN_SORTED.java:20)
	at java_programs.FIND_IN_SORTED.binsearch(FIND_IN_SORTED.java:20)
	at java_programs.FIND_IN_SORTED.binsearch(FIND_IN_SORTED.java:20)
	at java_programs.FIND_IN_SORTED.binsearch(FIND_IN_SORTED.java:20)
	at java_programs.FIND_IN_SORTED.binsearch(FIND_IN_SORTED.java:20)
	at java_programs.FIND_IN_SORTED.binsearch(FIND_IN_SORTED.java:20)
	at java_programs.FIND_IN_SORTED.binsearch(FIND_IN_SORTED.java:20)
	at java_programs.FIND_IN_SORTED.binsearch(FIND_IN_SORTED.java:20)
	at java_programs.FIND_IN_SORTED.binsearch(FIND_IN_SORTED.java:20)
	at java_programs.FIND_IN_SORTED.binsearch(FIND_IN_SORTED.java:20)
	at java_programs.FIND_IN_SORTED.binsearch(FIND_IN_SORTED.java:20)
	at java_programs.FIND_IN_SORTED.binsearch(FIND_IN_SORTED.java:20)
	at java_programs.FIND_IN_SORTED.binsearch(FIND_IN_SORTED.java:20)
	at java_programs.FIND_IN_SORTED.binsearch(FIND_IN_SORTED.java:20)
	at java_programs.FIND_IN_SORTED.binsearch(FIND_IN_SORTED.java:20)
	at java_programs.FIND_IN_SORTED.binsearch(FIND_IN_SORTED.java:20)
	at java_programs.FIND_IN_SORTED.binsearch(FIND_IN_SORTED.java:20)
	at java_programs.FIND_IN_SORTED.binsearch(FIND_IN_SORTED.java:20)
	at java_programs.FIND_IN_SORTED.binsearch(FIND_IN_SORTED.java:20)
	at java_programs.FIND_IN_SORTED.binsearch(FIND_IN_SORTED.java:20)
	at java_programs.FIND_IN_SORTED.binsearch(FIND_IN_SORTED.java:20)
	at java_programs.FIND_IN_SORTED.binsearch(FIND_IN_SORTED.java:20)
	at java_programs.FIND_IN_SORTED.binsearch(FIND_IN_SORTED.java:20)
	at java_programs.FIND_IN_SORTED.binsearch(FIND_IN_SORTED.java:20)
	at java_programs.FIND_IN_SORTED.binsearch(FIND_IN_SORTED.java:20)
	at java_programs.FIND_IN_SORTED.binsearch(FIND_IN_SORTED.java:20)
	at java_programs.FIND_IN_SORTED.binsearch(FIND_IN_SORTED.java:20)
	at java_programs.FIND_IN_SORTED.binsearch(FIND_IN_SORTED.java:20)
	at java_programs.FIND_IN_SORTED.binsearch(FIND_IN_SORTED.java:20)
	at java_programs.FIND_IN_SORTED.binsearch(FIND_IN_SORTED.java:20)
	at java_programs.FIND_IN_SORTED.binsearch(FIND_IN_SORTED.java:20)
	at java_programs.FIND_IN_SORTED.binsearch(FIND_IN_SORTED.java:20)
	at java_programs.FIND_IN_SORTED.binsearch(FIND_IN_SORTED.java:20)
	at java_programs.FIND_IN_SORTED.binsearch(FIND_IN_SORTED.java:20)
	at java_programs.FIND_IN_SORTED.binsearch(FIND_IN_SORTED.java:20)
	at java_programs.FIND_IN_SORTED.binsearch(FIND_IN_SORTED.java:20)
	at java_programs.FIND_IN_SORTED.binsearch(FIND_IN_SORTED.java:20)
	at java_programs.FIND_IN_SORTED.binsearch(FIND_IN_SORTED.java:20)
	at java_programs.FIND_IN_SORTED.binsearch(FIND_IN_SORTED.java:20)
	at java_programs.FIND_IN_SORTED.binsearch(FIND_IN_SORTED.java:20)
	at java_programs.FIND_IN_SORTED.binsearch(FIND_IN_SORTED.java:20)
	at java_programs.FIND_IN_SORTED.binsearch(FIND_IN_SORTED.java:20)
	at java_programs.FIND_IN_SORTED.binsearch(FIND_IN_SORTED.java:20)
	at java_programs.FIND_IN_SORTED.binsearch(FIND_IN_SORTED.java:20)
	at java_programs.FIND_IN_SORTED.binsearch(FIND_IN_SORTED.java:20)
	at java_programs.FIND_IN_SORTED.binsearch(FIND_IN_SORTED.java:20)
	at java_programs.FIND_IN_SORTED.binsearch(FIND_IN_SORTED.java:20)
	at java_programs.FIND_IN_SORTED.binsearch(FIND_IN_SORTED.java:20)
	at java_programs.FIND_IN_SORTED.binsearch(FIND_IN_SORTED.java:20)
	at java_programs.FIND_IN_SORTED.binsearch(FIND_IN_SORTED.java:20)
	at java_programs.FIND_IN_SORTED.binsearch(FIND_IN_SORTED.java:20)
	at java_programs.FIND_IN_SORTED.binsearch(FIND_IN_SORTED.java:20)
	at java_programs.FIND_IN_SORTED.binsearch(FIND_IN_SORTED.java:20)
	at java_programs.FIND_IN_SORTED.binsearch(FIND_IN_SORTED.java:20)
	at java_programs.FIND_IN_SORTED.binsearch(FIND_IN_SORTED.java:20)
	at java_programs.FIND_IN_SORTED.binsearch(FIND_IN_SORTED.java:20)
	at java_programs.FIND_IN_SORTED.binsearch(FIND_IN_SORTED.java:20)
	at java_programs.FIND_IN_SORTED.binsearch(FIND_IN_SORTED.java:20)
	at java_programs.FIND_IN_SORTED.binsearch(FIND_IN_SORTED.java:20)
	at java_programs.FIND_IN_SORTED.binsearch(FIND_IN_SORTED.java:20)
	at java_programs.FIND_IN_SORTED.binsearch(FIND_IN_SORTED.java:20)
	at java_programs.FIND_IN_SORTED.binsearch(FIND_IN_SORTED.java:20)
	at java_programs.FIND_IN_SORTED.binsearch(FIND_IN_SORTED.java:20)
	at java_programs.FIND_IN_SORTED.binsearch(FIND_IN_SORTED.java:20)
	at java_programs.FIND_IN_SORTED.binsearch(FIND_IN_SORTED.java:20)
	at java_programs.FIND_IN_SORTED.binsearch(FIND_IN_SORTED.java:20)
	at java_programs.FIND_IN_SORTED.binsearch(FIND_IN_SORTED.java:20)
	at java_programs.FIND_IN_SORTED.binsearch(FIND_IN_SORTED.java:20)
	at java_programs.FIND_IN_SORTED.binsearch(FIND_IN_SORTED.java:20)
	at java_programs.FIND_IN_SORTED.binsearch(FIND_IN_SORTED.java:20)
	at java_programs.FIND_IN_SORTED.binsearch(FIND_IN_SORTED.java:20)
	at java_programs.FIND_IN_SORTED.binsearch(FIND_IN_SORTED.java:20)
	at java_programs.FIND_IN_SORTED.binsearch(FIND_IN_SORTED.java:20)
	at java_programs.FIND_IN_SORTED.binsearch(FIND_IN_SORTED.java:20)
	at java_programs.FIND_IN_SORTED.binsearch(FIND_IN_SORTED.java:20)
	at java_programs.FIND_IN_SORTED.binsearch(FIND_IN_SORTED.java:20)
	at java_programs.FIND_IN_SORTED.binsearch(FIND_IN_SORTED.java:20)
	at java_programs.FIND_IN_SORTED.binsearch(FIND_IN_SORTED.java:20)
	at java_programs.FIND_IN_SORTED.binsearch(FIND_IN_SORTED.java:20)
	at java_programs.FIND_IN_SORTED.binsearch(FIND_IN_SORTED.java:20)
	at java_programs.FIND_IN_SORTED.binsearch(FIND_IN_SORTED.java:20)
	at java_programs.FIND_IN_SORTED.binsearch(FIND_IN_SORTED.java:20)
	at java_programs.FIND_IN_SORTED.binsearch(FIND_IN_SORTED.java:20)
	at java_programs.FIND_IN_SORTED.binsearch(FIND_IN_SORTED.java:20)
	at java_programs.FIND_IN_SORTED.binsearch(FIND_IN_SORTED.java:20)
	at java_programs.FIND_IN_SORTED.binsearch(FIND_IN_SORTED.java:20)
	at java_programs.FIND_IN_SORTED.binsearch(FIND_IN_SORTED.java:20)
	at java_programs.FIND_IN_SORTED.binsearch(FIND_IN_SORTED.java:20)
	at java_programs.FIND_IN_SORTED.binsearch(FIND_IN_SORTED.java:20)
	at java_programs.FIND_IN_SORTED.binsearch(FIND_IN_SORTED.java:20)
	at java_programs.FIND_IN_SORTED.binsearch(FIND_IN_SORTED.java:20)
	at java_programs.FIND_IN_SORTED.binsearch(FIND_IN_SORTED.java:20)
	at java_programs.FIND_IN_SORTED.binsearch(FIND_IN_SORTED.java:20)
	at java_programs.FIND_IN_SORTED.binsearch(FIND_IN_SORTED.java:20)
	at java_programs.FIND_IN_SORTED.binsearch(FIND_IN_SORTED.java:20)
	at java_programs.FIND_IN_SORTED.binsearch(FIND_IN_SORTED.java:20)
	at java_programs.FIND_IN_SORTED.binsearch(FIND_IN_SORTED.java:20)
	at java_programs.FIND_IN_SORTED.binsearch(FIND_IN_SORTED.java:20)
	at java_programs.FIND_IN_SORTED.binsearch(FIND_IN_SORTED.java:20)
	at java_programs.FIND_IN_SORTED.binsearch(FIND_IN_SORTED.java:20)
	at java_programs.FIND_IN_SORTED.binsearch(FIND_IN_SORTED.java:20)
	at java_programs.FIND_IN_SORTED.binsearch(FIND_IN_SORTED.java:20)
	at java_programs.FIND_IN_SORTED.binsearch(FIND_IN_SORTED.java:20)
	at java_programs.FIND_IN_SORTED.binsearch(FIND_IN_SORTED.java:20)
	at java_programs.FIND_IN_SORTED.binsearch(FIND_IN_SORTED.java:20)
	at java_programs.FIND_IN_SORTED.binsearch(FIND_IN_SORTED.java:20)
	at java_programs.FIND_IN_SORTED.binsearch(FIND_IN_SORTED.java:20)
	at java_programs.FIND_IN_SORTED.binsearch(FIND_IN_SORTED.java:20)
	at java_programs.FIND_IN_SORTED.binsearch(FIND_IN_SORTED.java:20)
	at java_programs.FIND_IN_SORTED.binsearch(FIND_IN_SORTED.java:20)
	at java_programs.FIND_IN_SORTED.binsearch(FIND_IN_SORTED.java:20)
	at java_programs.FIND_IN_SORTED.binsearch(FIND_IN_SORTED.java:20)
	at java_programs.FIND_IN_SORTED.binsearch(FIND_IN_SORTED.java:20)
	at java_programs.FIND_IN_SORTED.binsearch(FIND_IN_SORTED.java:20)
	at java_programs.FIND_IN_SORTED.binsearch(FIND_IN_SORTED.java:20)
	at java_programs.FIND_IN_SORTED.binsearch(FIND_IN_SORTED.java:20)
	at java_programs.FIND_IN_SORTED.binsearch(FIND_IN_SORTED.java:20)
	at java_programs.FIND_IN_SORTED.binsearch(FIND_IN_SORTED.java:20)
	at java_programs.FIND_IN_SORTED.binsearch(FIND_IN_SORTED.java:20)
	at java_programs.FIND_IN_SORTED.binsearch(FIND_IN_SORTED.java:20)
	at java_programs.FIND_IN_SORTED.binsearch(FIND_IN_SORTED.java:20)
	at java_programs.FIND_IN_SORTED.binsearch(FIND_IN_SORTED.java:20)
	at java_programs.FIND_IN_SORTED.binsearch(FIND_IN_SORTED.java:20)
	at java_programs.FIND_IN_SORTED.binsearch(FIND_IN_SORTED.java:20)
	at java_programs.FIND_IN_SORTED.binsearch(FIND_IN_SORTED.java:20)
	at java_programs.FIND_IN_SORTED.binsearch(FIND_IN_SORTED.java:20)
	at java_programs.FIND_IN_SORTED.binsearch(FIND_IN_SORTED.java:20)
	at java_programs.FIND_IN_SORTED.binsearch(FIND_IN_SORTED.java:20)
	at java_programs.FIND_IN_SORTED.binsearch(FIND_IN_SORTED.java:20)
	at java_programs.FIND_IN_SORTED.binsearch(FIND_IN_SORTED.java:20)
	at java_programs.FIND_IN_SORTED.binsearch(FIND_IN_SORTED.java:20)
	at java_programs.FIND_IN_SORTED.binsearch(FIND_IN_SORTED.java:20)
	at java_programs.FIND_IN_SORTED.binsearch(FIND_IN_SORTED.java:20)
	at java_programs.FIND_IN_SORTED.binsearch(FIND_IN_SORTED.java:20)
	at java_programs.FIND_IN_SORTED.binsearch(FIND_IN_SORTED.java:20)
	at java_programs.FIND_IN_SORTED.binsearch(FIND_IN_SORTED.java:20)
	at java_programs.FIND_IN_SORTED.binsearch(FIND_IN_SORTED.java:20)
	at java_programs.FIND_IN_SORTED.binsearch(FIND_IN_SORTED.java:20)
	at java_programs.FIND_IN_SORTED.binsearch(FIND_IN_SORTED.java:20)
	at java_programs.FIND_IN_SORTED.binsearch(FIND_IN_SORTED.java:20)
	at java_programs.FIND_IN_SORTED.binsearch(FIND_IN_SORTED.java:20)
	at java_programs.FIND_IN_SORTED.binsearch(FIND_IN_SORTED.java:20)
	at java_programs.FIND_IN_SORTED.binsearch(FIND_IN_SORTED.java:20)
	at java_programs.FIND_IN_SORTED.binsearch(FIND_IN_SORTED.java:20)
	at java_programs.FIND_IN_SORTED.binsearch(FIND_IN_SORTED.java:20)
	at java_programs.FIND_IN_SORTED.binsearch(FIND_IN_SORTED.java:20)
	at java_programs.FIND_IN_SORTED.binsearch(FIND_IN_SORTED.java:20)
	at java_programs.FIND_IN_SORTED.binsearch(FIND_IN_SORTED.java:20)
	at java_programs.FIND_IN_SORTED.binsearch(FIND_IN_SORTED.java:20)
	at java_programs.FIND_IN_SORTED.binsearch(FIND_IN_SORTED.java:20)
	at java_programs.FIND_IN_SORTED.binsearch(FIND_IN_SORTED.java:20)
	at java_programs.FIND_IN_SORTED.binsearch(FIND_IN_SORTED.java:20)
	at java_programs.FIND_IN_SORTED.binsearch(FIND_IN_SORTED.java:20)
	at java_programs.FIND_IN_SORTED.binsearch(FIND_IN_SORTED.java:20)
	at java_programs.FIND_IN_SORTED.binsearch(FIND_IN_SORTED.java:20)
	at java_programs.FIND_IN_SORTED.binsearch(FIND_IN_SORTED.java:20)
	at java_programs.FIND_IN_SORTED.binsearch(FIND_IN_SORTED.java:20)
	at java_programs.FIND_IN_SORTED.binsearch(FIND_IN_SORTED.java:20)
	at java_programs.FIND_IN_SORTED.binsearch(FIND_IN_SORTED.java:20)
	at java_programs.FIND_IN_SORTED.binsearch(FIND_IN_SORTED.java:20)
	at java_programs.FIND_IN_SORTED.binsearch(FIND_IN_SORTED.java:20)
	at java_programs.FIND_IN_SORTED.binsearch(FIND_IN_SORTED.java:20)
	at java_programs.FIND_IN_SORTED.binsearch(FIND_IN_SORTED.java:20)
	at java_programs.FIND_IN_SORTED.binsearch(FIND_IN_SORTED.java:20)
	at java_programs.FIND_IN_SORTED.binsearch(FIND_IN_SORTED.java:20)
	at java_programs.FIND_IN_SORTED.binsearch(FIND_IN_SORTED.java:20)
	at java_programs.FIND_IN_SORTED.binsearch(FIND_IN_SORTED.java:20)
	at java_programs.FIND_IN_SORTED.binsearch(FIND_IN_SORTED.java:20)
	at java_programs.FIND_IN_SORTED.binsearch(FIND_IN_SORTED.java:20)
	at java_programs.FIND_IN_SORTED.binsearch(FIND_IN_SORTED.java:20)
	at java_programs.FIND_IN_SORTED.binsearch(FIND_IN_SORTED.java:20)
	at java_programs.FIND_IN_SORTED.binsearch(FIND_IN_SORTED.java:20)
	at java_programs.FIND_IN_SORTED.binsearch(FIND_IN_SORTED.java:20)
	at java_programs.FIND_IN_SORTED.binsearch(FIND_IN_SORTED.java:20)
	at java_programs.FIND_IN_SORTED.binsearch(FIND_IN_SORTED.java:20)
	at java_programs.FIND_IN_SORTED.binsearch(FIND_IN_SORTED.java:20)
	at java_programs.FIND_IN_SORTED.binsearch(FIND_IN_SORTED.java:20)
	at java_programs.FIND_IN_SORTED.binsearch(FIND_IN_SORTED.java:20)
	at java_programs.FIND_IN_SORTED.binsearch(FIND_IN_SORTED.java:20)
	at java_programs.FIND_IN_SORTED.binsearch(FIND_IN_SORTED.java:20)
	at java_programs.FIND_IN_SORTED.binsearch(FIND_IN_SORTED.java:20)
	at java_programs.FIND_IN_SORTED.binsearch(FIND_IN_SORTED.java:20)
	at java_programs.FIND_IN_SORTED.binsearch(FIND_IN_SORTED.java:20)
	at java_programs.FIND_IN_SORTED.binsearch(FIND_IN_SORTED.java:20)
	at java_programs.FIND_IN_SORTED.binsearch(FIND_IN_SORTED.java:20)
	at java_programs.FIND_IN_SORTED.binsearch(FIND_IN_SORTED.java:20)
	at java_programs.FIND_IN_SORTED.binsearch(FIND_IN_SORTED.java:20)
	at java_programs.FIND_IN_SORTED.binsearch(FIND_IN_SORTED.java:20)
	at java_programs.FIND_IN_SORTED.binsearch(FIND_IN_SORTED.java:20)
	at java_programs.FIND_IN_SORTED.binsearch(FIND_IN_SORTED.java:20)
	at java_programs.FIND_IN_SORTED.binsearch(FIND_IN_SORTED.java:20)
	at java_programs.FIND_IN_SORTED.binsearch(FIND_IN_SORTED.java:20)
	at java_programs.FIND_IN_SORTED.binsearch(FIND_IN_SORTED.java:20)
	at java_programs.FIND_IN_SORTED.binsearch(FIND_IN_SORTED.java:20)
	at java_programs.FIND_IN_SORTED.binsearch(FIND_IN_SORTED.java:20)
	at java_programs.FIND_IN_SORTED.binsearch(FIND_IN_SORTED.java:20)
	at java_programs.FIND_IN_SORTED.binsearch(FIND_IN_SORTED.java:20)
	at java_programs.FIND_IN_SORTED.binsearch(FIND_IN_SORTED.java:20)
	at java_programs.FIND_IN_SORTED.binsearch(FIND_IN_SORTED.java:20)
	at java_programs.FIND_IN_SORTED.binsearch(FIND_IN_SORTED.java:20)
	at java_programs.FIND_IN_SORTED.binsearch(FIND_IN_SORTED.java:20)
	at java_programs.FIND_IN_SORTED.binsearch(FIND_IN_SORTED.java:20)
	at java_programs.FIND_IN_SORTED.binsearch(FIND_IN_SORTED.java:20)
	at java_programs.FIND_IN_SORTED.binsearch(FIND_IN_SORTED.java:20)
	at java_programs.FIND_IN_SORTED.binsearch(FIND_IN_SORTED.java:20)
	at java_programs.FIND_IN_SORTED.binsearch(FIND_IN_SORTED.java:20)
	at java_programs.FIND_IN_SORTED.binsearch(FIND_IN_SORTED.java:20)
	at java_programs.FIND_IN_SORTED.binsearch(FIND_IN_SORTED.java:20)
	at java_programs.FIND_IN_SORTED.binsearch(FIND_IN_SORTED.java:20)
	at java_programs.FIND_IN_SORTED.binsearch(FIND_IN_SORTED.java:20)
	at java_programs.FIND_IN_SORTED.binsearch(FIND_IN_SORTED.java:20)
	at java_programs.FIND_IN_SORTED.binsearch(FIND_IN_SORTED.java:20)
	at java_programs.FIND_IN_SORTED.binsearch(FIND_IN_SORTED.java:20)
	at java_programs.FIND_IN_SORTED.binsearch(FIND_IN_SORTED.java:20)
	at java_programs.FIND_IN_SORTED.binsearch(FIND_IN_SORTED.java:20)
	at java_programs.FIND_IN_SORTED.binsearch(FIND_IN_SORTED.java:20)
	at java_programs.FIND_IN_SORTED.binsearch(FIND_IN_SORTED.java:20)
	at java_programs.FIND_IN_SORTED.binsearch(FIND_IN_SORTED.java:20)
	at java_programs.FIND_IN_SORTED.binsearch(FIND_IN_SORTED.java:20)
	at java_programs.FIND_IN_SORTED.binsearch(FIND_IN_SORTED.java:20)
	at java_programs.FIND_IN_SORTED.binsearch(FIND_IN_SORTED.java:20)
	at java_programs.FIND_IN_SORTED.binsearch(FIND_IN_SORTED.java:20)
	at java_programs.FIND_IN_SORTED.binsearch(FIND_IN_SORTED.java:20)
	at java_programs.FIND_IN_SORTED.binsearch(FIND_IN_SORTED.java:20)
	at java_programs.FIND_IN_SORTED.binsearch(FIND_IN_SORTED.java:20)
	at java_programs.FIND_IN_SORTED.binsearch(FIND_IN_SORTED.java:20)
	at java_programs.FIND_IN_SORTED.binsearch(FIND_IN_SORTED.java:20)
	at java_programs.FIND_IN_SORTED.binsearch(FIND_IN_SORTED.java:20)
	at java_programs.FIND_IN_SORTED.binsearch(FIND_IN_SORTED.java:20)
	at java_programs.FIND_IN_SORTED.binsearch(FIND_IN_SORTED.java:20)
	at java_programs.FIND_IN_SORTED.binsearch(FIND_IN_SORTED.java:20)
	at java_programs.FIND_IN_SORTED.binsearch(FIND_IN_SORTED.java:20)
	at java_programs.FIND_IN_SORTED.binsearch(FIND_IN_SORTED.java:20)
	at java_programs.FIND_IN_SORTED.binsearch(FIND_IN_SORTED.java:20)
	at java_programs.FIND_IN_SORTED.binsearch(FIND_IN_SORTED.java:20)
	at java_programs.FIND_IN_SORTED.binsearch(FIND_IN_SORTED.java:20)
	at java_programs.FIND_IN_SORTED.binsearch(FIND_IN_SORTED.java:20)
	at java_programs.FIND_IN_SORTED.binsearch(FIND_IN_SORTED.java:20)
	at java_programs.FIND_IN_SORTED.binsearch(FIND_IN_SORTED.java:20)
	at java_programs.FIND_IN_SORTED.binsearch(FIND_IN_SORTED.java:20)
	at java_programs.FIND_IN_SORTED.binsearch(FIND_IN_SORTED.java:20)
	at java_programs.FIND_IN_SORTED.binsearch(FIND_IN_SORTED.java:20)
	at java_programs.FIND_IN_SORTED.binsearch(FIND_IN_SORTED.java:20)
	at java_programs.FIND_IN_SORTED.binsearch(FIND_IN_SORTED.java:20)
	at java_programs.FIND_IN_SORTED.binsearch(FIND_IN_SORTED.java:20)
	at java_programs.FIND_IN_SORTED.binsearch(FIND_IN_SORTED.java:20)
	at java_programs.FIND_IN_SORTED.binsearch(FIND_IN_SORTED.java:20)
	at java_programs.FIND_IN_SORTED.binsearch(FIND_IN_SORTED.java:20)
	at java_programs.FIND_IN_SORTED.binsearch(FIND_IN_SORTED.java:20)
	at java_programs.FIND_IN_SORTED.binsearch(FIND_IN_SORTED.java:20)
	at java_programs.FIND_IN_SORTED.binsearch(FIND_IN_SORTED.java:20)
	at java_programs.FIND_IN_SORTED.binsearch(FIND_IN_SORTED.java:20)
	at java_programs.FIND_IN_SORTED.binsearch(FIND_IN_SORTED.java:20)
	at java_programs.FIND_IN_SORTED.binsearch(FIND_IN_SORTED.java:20)
	at java_programs.FIND_IN_SORTED.binsearch(FIND_IN_SORTED.java:20)
	at java_programs.FIND_IN_SORTED.binsearch(FIND_IN_SORTED.java:20)
	at java_programs.FIND_IN_SORTED.binsearch(FIND_IN_SORTED.java:20)
	at java_programs.FIND_IN_SORTED.binsearch(FIND_IN_SORTED.java:20)
	at java_programs.FIND_IN_SORTED.binsearch(FIND_IN_SORTED.java:20)
	at java_programs.FIND_IN_SORTED.binsearch(FIND_IN_SORTED.java:20)
	at java_programs.FIND_IN_SORTED.binsearch(FIND_IN_SORTED.java:20)
	at java_programs.FIND_IN_SORTED.binsearch(FIND_IN_SORTED.java:20)
	at java_programs.FIND_IN_SORTED.binsearch(FIND_IN_SORTED.java:20)
	at java_programs.FIND_IN_SORTED.binsearch(FIND_IN_SORTED.java:20)
	at java_programs.FIND_IN_SORTED.binsearch(FIND_IN_SORTED.java:20)
	at java_programs.FIND_IN_SORTED.binsearch(FIND_IN_SORTED.java:20)
	at java_programs.FIND_IN_SORTED.binsearch(FIND_IN_SORTED.java:20)
	at java_programs.FIND_IN_SORTED.binsearch(FIND_IN_SORTED.java:20)
	at java_programs.FIND_IN_SORTED.binsearch(FIND_IN_SORTED.java:20)
	at java_programs.FIND_IN_SORTED.binsearch(FIND_IN_SORTED.java:20)
	at java_programs.FIND_IN_SORTED.binsearch(FIND_IN_SORTED.java:20)
	at java_programs.FIND_IN_SORTED.binsearch(FIND_IN_SORTED.java:20)
	at java_programs.FIND_IN_SORTED.binsearch(FIND_IN_SORTED.java:20)
	at java_programs.FIND_IN_SORTED.binsearch(FIND_IN_SORTED.java:20)
	at java_programs.FIND_IN_SORTED.binsearch(FIND_IN_SORTED.java:20)
	at java_programs.FIND_IN_SORTED.binsearch(FIND_IN_SORTED.java:20)
	at java_programs.FIND_IN_SORTED.binsearch(FIND_IN_SORTED.java:20)
	at java_programs.FIND_IN_SORTED.binsearch(FIND_IN_SORTED.java:20)
	at java_programs.FIND_IN_SORTED.binsearch(FIND_IN_SORTED.java:20)
	at java_programs.FIND_IN_SORTED.binsearch(FIND_IN_SORTED.java:20)
	at java_programs.FIND_IN_SORTED.binsearch(FIND_IN_SORTED.java:20)
	at java_programs.FIND_IN_SORTED.binsearch(FIND_IN_SORTED.java:20)
	at java_programs.FIND_IN_SORTED.binsearch(FIND_IN_SORTED.java:20)
	at java_programs.FIND_IN_SORTED.binsearch(FIND_IN_SORTED.java:20)
	at java_programs.FIND_IN_SORTED.binsearch(FIND_IN_SORTED.java:20)
	at java_programs.FIND_IN_SORTED.binsearch(FIND_IN_SORTED.java:20)
	at java_programs.FIND_IN_SORTED.binsearch(FIND_IN_SORTED.java:20)
	at java_programs.FIND_IN_SORTED.binsearch(FIND_IN_SORTED.java:20)
	at java_programs.FIND_IN_SORTED.binsearch(FIND_IN_SORTED.java:20)
	at java_programs.FIND_IN_SORTED.binsearch(FIND_IN_SORTED.java:20)
	at java_programs.FIND_IN_SORTED.binsearch(FIND_IN_SORTED.java:20)
	at java_programs.FIND_IN_SORTED.binsearch(FIND_IN_SORTED.java:20)
	at java_programs.FIND_IN_SORTED.binsearch(FIND_IN_SORTED.java:20)
	at java_programs.FIND_IN_SORTED.binsearch(FIND_IN_SORTED.java:20)
	at java_programs.FIND_IN_SORTED.binsearch(FIND_IN_SORTED.java:20)
	at java_programs.FIND_IN_SORTED.binsearch(FIND_IN_SORTED.java:20)
	at java_programs.FIND_IN_SORTED.binsearch(FIND_IN_SORTED.java:20)
	at java_programs.FIND_IN_SORTED.binsearch(FIND_IN_SORTED.java:20)
	at java_programs.FIND_IN_SORTED.binsearch(FIND_IN_SORTED.java:20)
	at java_programs.FIND_IN_SORTED.binsearch(FIND_IN_SORTED.java:20)
	at java_programs.FIND_IN_SORTED.binsearch(FIND_IN_SORTED.java:20)
	at java_programs.FIND_IN_SORTED.binsearch(FIND_IN_SORTED.java:20)
	at java_programs.FIND_IN_SORTED.binsearch(FIND_IN_SORTED.java:20)
	at java_programs.FIND_IN_SORTED.binsearch(FIND_IN_SORTED.java:20)
	at java_programs.FIND_IN_SORTED.binsearch(FIND_IN_SORTED.java:20)
	at java_programs.FIND_IN_SORTED.binsearch(FIND_IN_SORTED.java:20)
	at java_programs.FIND_IN_SORTED.binsearch(FIND_IN_SORTED.java:20)
	at java_programs.FIND_IN_SORTED.binsearch(FIND_IN_SORTED.java:20)
	at java_programs.FIND_IN_SORTED.binsearch(FIND_IN_SORTED.java:20)
	at java_programs.FIND_IN_SORTED.binsearch(FIND_IN_SORTED.java:20)
	at java_programs.FIND_IN_SORTED.binsearch(FIND_IN_SORTED.java:20)
	at java_programs.FIND_IN_SORTED.binsearch(FIND_IN_SORTED.java:20)
	at java_programs.FIND_IN_SORTED.binsearch(FIND_IN_SORTED.java:20)
	at java_programs.FIND_IN_SORTED.binsearch(FIND_IN_SORTED.java:20)
	at java_programs.FIND_IN_SORTED.binsearch(FIND_IN_SORTED.java:20)
	at java_programs.FIND_IN_SORTED.binsearch(FIND_IN_SORTED.java:20)
	at java_programs.FIND_IN_SORTED.binsearch(FIND_IN_SORTED.java:20)
	at java_programs.FIND_IN_SORTED.binsearch(FIND_IN_SORTED.java:20)
	at java_programs.FIND_IN_SORTED.binsearch(FIND_IN_SORTED.java:20)
	at java_programs.FIND_IN_SORTED.binsearch(FIND_IN_SORTED.java:20)
	at java_programs.FIND_IN_SORTED.binsearch(FIND_IN_SORTED.java:20)
	at java_programs.FIND_IN_SORTED.binsearch(FIND_IN_SORTED.java:20)
	at java_programs.FIND_IN_SORTED.binsearch(FIND_IN_SORTED.java:20)
	at java_programs.FIND_IN_SORTED.binsearch(FIND_IN_SORTED.java:20)
	at java_programs.FIND_IN_SORTED.binsearch(FIND_IN_SORTED.java:20)
	at java_programs.FIND_IN_SORTED.binsearch(FIND_IN_SORTED.java:20)
	at java_programs.FIND_IN_SORTED.binsearch(FIND_IN_SORTED.java:20)
	at java_programs.FIND_IN_SORTED.binsearch(FIND_IN_SORTED.java:20)
	at java_programs.FIND_IN_SORTED.binsearch(FIND_IN_SORTED.java:20)
	at java_programs.FIND_IN_SORTED.binsearch(FIND_IN_SORTED.java:20)
	at java_programs.FIND_IN_SORTED.binsearch(FIND_IN_SORTED.java:20)
	at java_programs.FIND_IN_SORTED.binsearch(FIND_IN_SORTED.java:20)
	at java_programs.FIND_IN_SORTED.binsearch(FIND_IN_SORTED.java:20)
	at java_programs.FIND_IN_SORTED.binsearch(FIND_IN_SORTED.java:20)
	at java_programs.FIND_IN_SORTED.binsearch(FIND_IN_SORTED.java:20)
	at java_programs.FIND_IN_SORTED.binsearch(FIND_IN_SORTED.java:20)
	at java_programs.FIND_IN_SORTED.binsearch(FIND_IN_SORTED.java:20)
	at java_programs.FIND_IN_SORTED.binsearch(FIND_IN_SORTED.java:20)
	at java_programs.FIND_IN_SORTED.binsearch(FIND_IN_SORTED.java:20)
	at java_programs.FIND_IN_SORTED.binsearch(FIND_IN_SORTED.java:20)
	at java_programs.FIND_IN_SORTED.binsearch(FIND_IN_SORTED.java:20)
	at java_programs.FIND_IN_SORTED.binsearch(FIND_IN_SORTED.java:20)
	at java_programs.FIND_IN_SORTED.binsearch(FIND_IN_SORTED.java:20)
	at java_programs.FIND_IN_SORTED.binsearch(FIND_IN_SORTED.java:20)
	at java_programs.FIND_IN_SORTED.binsearch(FIND_IN_SORTED.java:20)
	at java_programs.FIND_IN_SORTED.binsearch(FIND_IN_SORTED.java:20)
	at java_programs.FIND_IN_SORTED.binsearch(FIND_IN_SORTED.java:20)
	at java_programs.FIND_IN_SORTED.binsearch(FIND_IN_SORTED.java:20)
	at java_programs.FIND_IN_SORTED.binsearch(FIND_IN_SORTED.java:20)
	at java_programs.FIND_IN_SORTED.binsearch(FIND_IN_SORTED.java:20)
	at java_programs.FIND_IN_SORTED.binsearch(FIND_IN_SORTED.java:20)
	at java_programs.FIND_IN_SORTED.binsearch(FIND_IN_SORTED.java:20)
	at java_programs.FIND_IN_SORTED.binsearch(FIND_IN_SORTED.java:20)
	at java_programs.FIND_IN_SORTED.binsearch(FIND_IN_SORTED.java:20)
	at java_programs.FIND_IN_SORTED.binsearch(FIND_IN_SORTED.java:20)
	at java_programs.FIND_IN_SORTED.binsearch(FIND_IN_SORTED.java:20)
	at java_programs.FIND_IN_SORTED.binsearch(FIND_IN_SORTED.java:20)
	at java_programs.FIND_IN_SORTED.binsearch(FIND_IN_SORTED.java:20)
	at java_programs.FIND_IN_SORTED.binsearch(FIND_IN_SORTED.java:20)
	at java_programs.FIND_IN_SORTED.binsearch(FIND_IN_SORTED.java:20)
	at java_programs.FIND_IN_SORTED.binsearch(FIND_IN_SORTED.java:20)
	at java_programs.FIND_IN_SORTED.binsearch(FIND_IN_SORTED.java:20)
	at java_programs.FIND_IN_SORTED.binsearch(FIND_IN_SORTED.java:20)
	at java_programs.FIND_IN_SORTED.binsearch(FIND_IN_SORTED.java:20)
	at java_programs.FIND_IN_SORTED.binsearch(FIND_IN_SORTED.java:20)
	at java_programs.FIND_IN_SORTED.binsearch(FIND_IN_SORTED.java:20)
	at java_programs.FIND_IN_SORTED.binsearch(FIND_IN_SORTED.java:20)
	at java_programs.FIND_IN_SORTED.binsearch(FIND_IN_SORTED.java:20)
	at java_programs.FIND_IN_SORTED.binsearch(FIND_IN_SORTED.java:20)
	at java_programs.FIND_IN_SORTED.binsearch(FIND_IN_SORTED.java:20)
	at java_programs.FIND_IN_SORTED.binsearch(FIND_IN_SORTED.java:20)
	at java_programs.FIND_IN_SORTED.binsearch(FIND_IN_SORTED.java:20)
	at java_programs.FIND_IN_SORTED.binsearch(FIND_IN_SORTED.java:20)
	at java_programs.FIND_IN_SORTED.binsearch(FIND_IN_SORTED.java:20)
	at java_programs.FIND_IN_SORTED.binsearch(FIND_IN_SORTED.java:20)
	at java_programs.FIND_IN_SORTED.binsearch(FIND_IN_SORTED.java:20)
	at java_programs.FIND_IN_SORTED.binsearch(FIND_IN_SORTED.java:20)
	at java_programs.FIND_IN_SORTED.binsearch(FIND_IN_SORTED.java:20)
	at java_programs.FIND_IN_SORTED.binsearch(FIND_IN_SORTED.java:20)
	at java_programs.FIND_IN_SORTED.binsearch(FIND_IN_SORTED.java:20)
	at java_programs.FIND_IN_SORTED.binsearch(FIND_IN_SORTED.java:20)
	at java_programs.FIND_IN_SORTED.binsearch(FIND_IN_SORTED.java:20)
	at java_programs.FIND_IN_SORTED.binsearch(FIND_IN_SORTED.java:20)
	at java_programs.FIND_IN_SORTED.binsearch(FIND_IN_SORTED.java:20)
	at java_programs.FIND_IN_SORTED.binsearch(FIND_IN_SORTED.java:20)
	at java_programs.FIND_IN_SORTED.binsearch(FIND_IN_SORTED.java:20)
	at java_programs.FIND_IN_SORTED.binsearch(FIND_IN_SORTED.java:20)
</failure>
  </testcase>
  <system-out><![CDATA[]]></system-out>
  <system-err><![CDATA[]]></system-err>
</testsuite>
