<?xml version="1.0" encoding="UTF-8"?>
<testsuite name="test.java.IS_VALID_PARENTHESIZATION_TEST" tests="3" skipped="0" failures="0" errors="0" timestamp="2023-09-15T02:39:07" hostname="WINDOWS-NDL94MS" time="0.002">
  <properties/>
  <testcase name="test_0()" classname="test.java.IS_VALID_PARENTHESIZATION_TEST" time="0.001"/>
  <testcase name="test_1()" classname="test.java.IS_VALID_PARENTHESIZATION_TEST" time="0.001"/>
  <testcase name="test_2()" classname="test.java.IS_VALID_PARENTHESIZATION_TEST" time="0.0"/>
  <system-out><![CDATA[]]></system-out>
  <system-err><![CDATA[]]></system-err>
</testsuite>
