<?xml version="1.0" encoding="UTF-8"?>
<testsuite name="test.java.GCD_TEST" tests="5" skipped="0" failures="5" errors="0" timestamp="2023-09-07T12:50:53" hostname="DESKTOP-UU3TFIR" time="0.044">
  <properties/>
  <testcase name="test_0()" classname="test.java.GCD_TEST" time="0.005">
    <failure message="java.lang.StackOverflowError" type="java.lang.StackOverflowError">java.lang.StackOverflowError
	at java_programs.GCD.gcd(GCD.java:16)
	at java_programs.GCD.gcd(GCD.java:19)
	at java_programs.GCD.gcd(GCD.java:19)
	at java_programs.GCD.gcd(GCD.java:19)
	at java_programs.GCD.gcd(GCD.java:19)
	at java_programs.GCD.gcd(GCD.java:19)
	at java_programs.GCD.gcd(GCD.java:19)
	at java_programs.GCD.gcd(GCD.java:19)
	at java_programs.GCD.gcd(GCD.java:19)
	at java_programs.GCD.gcd(GCD.java:19)
	at java_programs.GCD.gcd(GCD.java:19)
	at java_programs.GCD.gcd(GCD.java:19)
	at java_programs.GCD.gcd(GCD.java:19)
	at java_programs.GCD.gcd(GCD.java:19)
	at java_programs.GCD.gcd(GCD.java:19)
	at java_programs.GCD.gcd(GCD.java:19)
	at java_programs.GCD.gcd(GCD.java:19)
	at java_programs.GCD.gcd(GCD.java:19)
	at java_programs.GCD.gcd(GCD.java:19)
	at java_programs.GCD.gcd(GCD.java:19)
	at java_programs.GCD.gcd(GCD.java:19)
	at java_programs.GCD.gcd(GCD.java:19)
	at java_programs.GCD.gcd(GCD.java:19)
	at java_programs.GCD.gcd(GCD.java:19)
	at java_programs.GCD.gcd(GCD.java:19)
	at java_programs.GCD.gcd(GCD.java:19)
	at java_programs.GCD.gcd(GCD.java:19)
	at java_programs.GCD.gcd(GCD.java:19)
	at java_programs.GCD.gcd(GCD.java:19)
	at java_programs.GCD.gcd(GCD.java:19)
	at java_programs.GCD.gcd(GCD.java:19)
	at java_programs.GCD.gcd(GCD.java:19)
	at java_programs.GCD.gcd(GCD.java:19)
	at java_programs.GCD.gcd(GCD.java:19)
	at java_programs.GCD.gcd(GCD.java:19)
	at java_programs.GCD.gcd(GCD.java:19)
	at java_programs.GCD.gcd(GCD.java:19)
	at java_programs.GCD.gcd(GCD.java:19)
	at java_programs.GCD.gcd(GCD.java:19)
	at java_programs.GCD.gcd(GCD.java:19)
	at java_programs.GCD.gcd(GCD.java:19)
	at java_programs.GCD.gcd(GCD.java:19)
	at java_programs.GCD.gcd(GCD.java:19)
	at java_programs.GCD.gcd(GCD.java:19)
	at java_programs.GCD.gcd(GCD.java:19)
	at java_programs.GCD.gcd(GCD.java:19)
	at java_programs.GCD.gcd(GCD.java:19)
	at java_programs.GCD.gcd(GCD.java:19)
	at java_programs.GCD.gcd(GCD.java:19)
	at java_programs.GCD.gcd(GCD.java:19)
	at java_programs.GCD.gcd(GCD.java:19)
	at java_programs.GCD.gcd(GCD.java:19)
	at java_programs.GCD.gcd(GCD.java:19)
	at java_programs.GCD.gcd(GCD.java:19)
	at java_programs.GCD.gcd(GCD.java:19)
	at java_programs.GCD.gcd(GCD.java:19)
	at java_programs.GCD.gcd(GCD.java:19)
	at java_programs.GCD.gcd(GCD.java:19)
	at java_programs.GCD.gcd(GCD.java:19)
	at java_programs.GCD.gcd(GCD.java:19)
	at java_programs.GCD.gcd(GCD.java:19)
	at java_programs.GCD.gcd(GCD.java:19)
	at java_programs.GCD.gcd(GCD.java:19)
	at java_programs.GCD.gcd(GCD.java:19)
	at java_programs.GCD.gcd(GCD.java:19)
	at java_programs.GCD.gcd(GCD.java:19)
	at java_programs.GCD.gcd(GCD.java:19)
	at java_programs.GCD.gcd(GCD.java:19)
	at java_programs.GCD.gcd(GCD.java:19)
	at java_programs.GCD.gcd(GCD.java:19)
	at java_programs.GCD.gcd(GCD.java:19)
	at java_programs.GCD.gcd(GCD.java:19)
	at java_programs.GCD.gcd(GCD.java:19)
	at java_programs.GCD.gcd(GCD.java:19)
	at java_programs.GCD.gcd(GCD.java:19)
	at java_programs.GCD.gcd(GCD.java:19)
	at java_programs.GCD.gcd(GCD.java:19)
	at java_programs.GCD.gcd(GCD.java:19)
	at java_programs.GCD.gcd(GCD.java:19)
	at java_programs.GCD.gcd(GCD.java:19)
	at java_programs.GCD.gcd(GCD.java:19)
	at java_programs.GCD.gcd(GCD.java:19)
	at java_programs.GCD.gcd(GCD.java:19)
	at java_programs.GCD.gcd(GCD.java:19)
	at java_programs.GCD.gcd(GCD.java:19)
	at java_programs.GCD.gcd(GCD.java:19)
	at java_programs.GCD.gcd(GCD.java:19)
	at java_programs.GCD.gcd(GCD.java:19)
	at java_programs.GCD.gcd(GCD.java:19)
	at java_programs.GCD.gcd(GCD.java:19)
	at java_programs.GCD.gcd(GCD.java:19)
	at java_programs.GCD.gcd(GCD.java:19)
	at java_programs.GCD.gcd(GCD.java:19)
	at java_programs.GCD.gcd(GCD.java:19)
	at java_programs.GCD.gcd(GCD.java:19)
	at java_programs.GCD.gcd(GCD.java:19)
	at java_programs.GCD.gcd(GCD.java:19)
	at java_programs.GCD.gcd(GCD.java:19)
	at java_programs.GCD.gcd(GCD.java:19)
	at java_programs.GCD.gcd(GCD.java:19)
	at java_programs.GCD.gcd(GCD.java:19)
	at java_programs.GCD.gcd(GCD.java:19)
	at java_programs.GCD.gcd(GCD.java:19)
	at java_programs.GCD.gcd(GCD.java:19)
	at java_programs.GCD.gcd(GCD.java:19)
	at java_programs.GCD.gcd(GCD.java:19)
	at java_programs.GCD.gcd(GCD.java:19)
	at java_programs.GCD.gcd(GCD.java:19)
	at java_programs.GCD.gcd(GCD.java:19)
	at java_programs.GCD.gcd(GCD.java:19)
	at java_programs.GCD.gcd(GCD.java:19)
	at java_programs.GCD.gcd(GCD.java:19)
	at java_programs.GCD.gcd(GCD.java:19)
	at java_programs.GCD.gcd(GCD.java:19)
	at java_programs.GCD.gcd(GCD.java:19)
	at java_programs.GCD.gcd(GCD.java:19)
	at java_programs.GCD.gcd(GCD.java:19)
	at java_programs.GCD.gcd(GCD.java:19)
	at java_programs.GCD.gcd(GCD.java:19)
	at java_programs.GCD.gcd(GCD.java:19)
	at java_programs.GCD.gcd(GCD.java:19)
	at java_programs.GCD.gcd(GCD.java:19)
	at java_programs.GCD.gcd(GCD.java:19)
	at java_programs.GCD.gcd(GCD.java:19)
	at java_programs.GCD.gcd(GCD.java:19)
	at java_programs.GCD.gcd(GCD.java:19)
	at java_programs.GCD.gcd(GCD.java:19)
	at java_programs.GCD.gcd(GCD.java:19)
	at java_programs.GCD.gcd(GCD.java:19)
	at java_programs.GCD.gcd(GCD.java:19)
	at java_programs.GCD.gcd(GCD.java:19)
	at java_programs.GCD.gcd(GCD.java:19)
	at java_programs.GCD.gcd(GCD.java:19)
	at java_programs.GCD.gcd(GCD.java:19)
	at java_programs.GCD.gcd(GCD.java:19)
	at java_programs.GCD.gcd(GCD.java:19)
	at java_programs.GCD.gcd(GCD.java:19)
	at java_programs.GCD.gcd(GCD.java:19)
	at java_programs.GCD.gcd(GCD.java:19)
	at java_programs.GCD.gcd(GCD.java:19)
	at java_programs.GCD.gcd(GCD.java:19)
	at java_programs.GCD.gcd(GCD.java:19)
	at java_programs.GCD.gcd(GCD.java:19)
	at java_programs.GCD.gcd(GCD.java:19)
	at java_programs.GCD.gcd(GCD.java:19)
	at java_programs.GCD.gcd(GCD.java:19)
	at java_programs.GCD.gcd(GCD.java:19)
	at java_programs.GCD.gcd(GCD.java:19)
	at java_programs.GCD.gcd(GCD.java:19)
	at java_programs.GCD.gcd(GCD.java:19)
	at java_programs.GCD.gcd(GCD.java:19)
	at java_programs.GCD.gcd(GCD.java:19)
	at java_programs.GCD.gcd(GCD.java:19)
	at java_programs.GCD.gcd(GCD.java:19)
	at java_programs.GCD.gcd(GCD.java:19)
	at java_programs.GCD.gcd(GCD.java:19)
	at java_programs.GCD.gcd(GCD.java:19)
	at java_programs.GCD.gcd(GCD.java:19)
	at java_programs.GCD.gcd(GCD.java:19)
	at java_programs.GCD.gcd(GCD.java:19)
	at java_programs.GCD.gcd(GCD.java:19)
	at java_programs.GCD.gcd(GCD.java:19)
	at java_programs.GCD.gcd(GCD.java:19)
	at java_programs.GCD.gcd(GCD.java:19)
	at java_programs.GCD.gcd(GCD.java:19)
	at java_programs.GCD.gcd(GCD.java:19)
	at java_programs.GCD.gcd(GCD.java:19)
	at java_programs.GCD.gcd(GCD.java:19)
	at java_programs.GCD.gcd(GCD.java:19)
	at java_programs.GCD.gcd(GCD.java:19)
	at java_programs.GCD.gcd(GCD.java:19)
	at java_programs.GCD.gcd(GCD.java:19)
	at java_programs.GCD.gcd(GCD.java:19)
	at java_programs.GCD.gcd(GCD.java:19)
	at java_programs.GCD.gcd(GCD.java:19)
	at java_programs.GCD.gcd(GCD.java:19)
	at java_programs.GCD.gcd(GCD.java:19)
	at java_programs.GCD.gcd(GCD.java:19)
	at java_programs.GCD.gcd(GCD.java:19)
	at java_programs.GCD.gcd(GCD.java:19)
	at java_programs.GCD.gcd(GCD.java:19)
	at java_programs.GCD.gcd(GCD.java:19)
	at java_programs.GCD.gcd(GCD.java:19)
	at java_programs.GCD.gcd(GCD.java:19)
	at java_programs.GCD.gcd(GCD.java:19)
	at java_programs.GCD.gcd(GCD.java:19)
	at java_programs.GCD.gcd(GCD.java:19)
	at java_programs.GCD.gcd(GCD.java:19)
	at java_programs.GCD.gcd(GCD.java:19)
	at java_programs.GCD.gcd(GCD.java:19)
	at java_programs.GCD.gcd(GCD.java:19)
	at java_programs.GCD.gcd(GCD.java:19)
	at java_programs.GCD.gcd(GCD.java:19)
	at java_programs.GCD.gcd(GCD.java:19)
	at java_programs.GCD.gcd(GCD.java:19)
	at java_programs.GCD.gcd(GCD.java:19)
	at java_programs.GCD.gcd(GCD.java:19)
	at java_programs.GCD.gcd(GCD.java:19)
	at java_programs.GCD.gcd(GCD.java:19)
	at java_programs.GCD.gcd(GCD.java:19)
	at java_programs.GCD.gcd(GCD.java:19)
	at java_programs.GCD.gcd(GCD.java:19)
	at java_programs.GCD.gcd(GCD.java:19)
	at java_programs.GCD.gcd(GCD.java:19)
	at java_programs.GCD.gcd(GCD.java:19)
	at java_programs.GCD.gcd(GCD.java:19)
	at java_programs.GCD.gcd(GCD.java:19)
	at java_programs.GCD.gcd(GCD.java:19)
	at java_programs.GCD.gcd(GCD.java:19)
	at java_programs.GCD.gcd(GCD.java:19)
	at java_programs.GCD.gcd(GCD.java:19)
	at java_programs.GCD.gcd(GCD.java:19)
	at java_programs.GCD.gcd(GCD.java:19)
	at java_programs.GCD.gcd(GCD.java:19)
	at java_programs.GCD.gcd(GCD.java:19)
	at java_programs.GCD.gcd(GCD.java:19)
	at java_programs.GCD.gcd(GCD.java:19)
	at java_programs.GCD.gcd(GCD.java:19)
	at java_programs.GCD.gcd(GCD.java:19)
	at java_programs.GCD.gcd(GCD.java:19)
	at java_programs.GCD.gcd(GCD.java:19)
	at java_programs.GCD.gcd(GCD.java:19)
	at java_programs.GCD.gcd(GCD.java:19)
	at java_programs.GCD.gcd(GCD.java:19)
	at java_programs.GCD.gcd(GCD.java:19)
	at java_programs.GCD.gcd(GCD.java:19)
	at java_programs.GCD.gcd(GCD.java:19)
	at java_programs.GCD.gcd(GCD.java:19)
	at java_programs.GCD.gcd(GCD.java:19)
	at java_programs.GCD.gcd(GCD.java:19)
	at java_programs.GCD.gcd(GCD.java:19)
	at java_programs.GCD.gcd(GCD.java:19)
	at java_programs.GCD.gcd(GCD.java:19)
	at java_programs.GCD.gcd(GCD.java:19)
	at java_programs.GCD.gcd(GCD.java:19)
	at java_programs.GCD.gcd(GCD.java:19)
	at java_programs.GCD.gcd(GCD.java:19)
	at java_programs.GCD.gcd(GCD.java:19)
	at java_programs.GCD.gcd(GCD.java:19)
	at java_programs.GCD.gcd(GCD.java:19)
	at java_programs.GCD.gcd(GCD.java:19)
	at java_programs.GCD.gcd(GCD.java:19)
	at java_programs.GCD.gcd(GCD.java:19)
	at java_programs.GCD.gcd(GCD.java:19)
	at java_programs.GCD.gcd(GCD.java:19)
	at java_programs.GCD.gcd(GCD.java:19)
	at java_programs.GCD.gcd(GCD.java:19)
	at java_programs.GCD.gcd(GCD.java:19)
	at java_programs.GCD.gcd(GCD.java:19)
	at java_programs.GCD.gcd(GCD.java:19)
	at java_programs.GCD.gcd(GCD.java:19)
	at java_programs.GCD.gcd(GCD.java:19)
	at java_programs.GCD.gcd(GCD.java:19)
	at java_programs.GCD.gcd(GCD.java:19)
	at java_programs.GCD.gcd(GCD.java:19)
	at java_programs.GCD.gcd(GCD.java:19)
	at java_programs.GCD.gcd(GCD.java:19)
	at java_programs.GCD.gcd(GCD.java:19)
	at java_programs.GCD.gcd(GCD.java:19)
	at java_programs.GCD.gcd(GCD.java:19)
	at java_programs.GCD.gcd(GCD.java:19)
	at java_programs.GCD.gcd(GCD.java:19)
	at java_programs.GCD.gcd(GCD.java:19)
	at java_programs.GCD.gcd(GCD.java:19)
	at java_programs.GCD.gcd(GCD.java:19)
	at java_programs.GCD.gcd(GCD.java:19)
	at java_programs.GCD.gcd(GCD.java:19)
	at java_programs.GCD.gcd(GCD.java:19)
	at java_programs.GCD.gcd(GCD.java:19)
	at java_programs.GCD.gcd(GCD.java:19)
	at java_programs.GCD.gcd(GCD.java:19)
	at java_programs.GCD.gcd(GCD.java:19)
	at java_programs.GCD.gcd(GCD.java:19)
	at java_programs.GCD.gcd(GCD.java:19)
	at java_programs.GCD.gcd(GCD.java:19)
	at java_programs.GCD.gcd(GCD.java:19)
	at java_programs.GCD.gcd(GCD.java:19)
	at java_programs.GCD.gcd(GCD.java:19)
	at java_programs.GCD.gcd(GCD.java:19)
	at java_programs.GCD.gcd(GCD.java:19)
	at java_programs.GCD.gcd(GCD.java:19)
	at java_programs.GCD.gcd(GCD.java:19)
	at java_programs.GCD.gcd(GCD.java:19)
	at java_programs.GCD.gcd(GCD.java:19)
	at java_programs.GCD.gcd(GCD.java:19)
	at java_programs.GCD.gcd(GCD.java:19)
	at java_programs.GCD.gcd(GCD.java:19)
	at java_programs.GCD.gcd(GCD.java:19)
	at java_programs.GCD.gcd(GCD.java:19)
	at java_programs.GCD.gcd(GCD.java:19)
	at java_programs.GCD.gcd(GCD.java:19)
	at java_programs.GCD.gcd(GCD.java:19)
	at java_programs.GCD.gcd(GCD.java:19)
	at java_programs.GCD.gcd(GCD.java:19)
	at java_programs.GCD.gcd(GCD.java:19)
	at java_programs.GCD.gcd(GCD.java:19)
	at java_programs.GCD.gcd(GCD.java:19)
	at java_programs.GCD.gcd(GCD.java:19)
	at java_programs.GCD.gcd(GCD.java:19)
	at java_programs.GCD.gcd(GCD.java:19)
	at java_programs.GCD.gcd(GCD.java:19)
	at java_programs.GCD.gcd(GCD.java:19)
	at java_programs.GCD.gcd(GCD.java:19)
	at java_programs.GCD.gcd(GCD.java:19)
	at java_programs.GCD.gcd(GCD.java:19)
	at java_programs.GCD.gcd(GCD.java:19)
	at java_programs.GCD.gcd(GCD.java:19)
	at java_programs.GCD.gcd(GCD.java:19)
	at java_programs.GCD.gcd(GCD.java:19)
	at java_programs.GCD.gcd(GCD.java:19)
	at java_programs.GCD.gcd(GCD.java:19)
	at java_programs.GCD.gcd(GCD.java:19)
	at java_programs.GCD.gcd(GCD.java:19)
	at java_programs.GCD.gcd(GCD.java:19)
	at java_programs.GCD.gcd(GCD.java:19)
	at java_programs.GCD.gcd(GCD.java:19)
	at java_programs.GCD.gcd(GCD.java:19)
	at java_programs.GCD.gcd(GCD.java:19)
	at java_programs.GCD.gcd(GCD.java:19)
	at java_programs.GCD.gcd(GCD.java:19)
	at java_programs.GCD.gcd(GCD.java:19)
	at java_programs.GCD.gcd(GCD.java:19)
	at java_programs.GCD.gcd(GCD.java:19)
	at java_programs.GCD.gcd(GCD.java:19)
	at java_programs.GCD.gcd(GCD.java:19)
	at java_programs.GCD.gcd(GCD.java:19)
	at java_programs.GCD.gcd(GCD.java:19)
	at java_programs.GCD.gcd(GCD.java:19)
	at java_programs.GCD.gcd(GCD.java:19)
	at java_programs.GCD.gcd(GCD.java:19)
	at java_programs.GCD.gcd(GCD.java:19)
	at java_programs.GCD.gcd(GCD.java:19)
	at java_programs.GCD.gcd(GCD.java:19)
	at java_programs.GCD.gcd(GCD.java:19)
	at java_programs.GCD.gcd(GCD.java:19)
	at java_programs.GCD.gcd(GCD.java:19)
	at java_programs.GCD.gcd(GCD.java:19)
	at java_programs.GCD.gcd(GCD.java:19)
	at java_programs.GCD.gcd(GCD.java:19)
	at java_programs.GCD.gcd(GCD.java:19)
	at java_programs.GCD.gcd(GCD.java:19)
	at java_programs.GCD.gcd(GCD.java:19)
	at java_programs.GCD.gcd(GCD.java:19)
	at java_programs.GCD.gcd(GCD.java:19)
	at java_programs.GCD.gcd(GCD.java:19)
	at java_programs.GCD.gcd(GCD.java:19)
	at java_programs.GCD.gcd(GCD.java:19)
	at java_programs.GCD.gcd(GCD.java:19)
	at java_programs.GCD.gcd(GCD.java:19)
	at java_programs.GCD.gcd(GCD.java:19)
	at java_programs.GCD.gcd(GCD.java:19)
	at java_programs.GCD.gcd(GCD.java:19)
	at java_programs.GCD.gcd(GCD.java:19)
	at java_programs.GCD.gcd(GCD.java:19)
	at java_programs.GCD.gcd(GCD.java:19)
	at java_programs.GCD.gcd(GCD.java:19)
	at java_programs.GCD.gcd(GCD.java:19)
	at java_programs.GCD.gcd(GCD.java:19)
	at java_programs.GCD.gcd(GCD.java:19)
	at java_programs.GCD.gcd(GCD.java:19)
	at java_programs.GCD.gcd(GCD.java:19)
	at java_programs.GCD.gcd(GCD.java:19)
	at java_programs.GCD.gcd(GCD.java:19)
	at java_programs.GCD.gcd(GCD.java:19)
	at java_programs.GCD.gcd(GCD.java:19)
	at java_programs.GCD.gcd(GCD.java:19)
	at java_programs.GCD.gcd(GCD.java:19)
	at java_programs.GCD.gcd(GCD.java:19)
	at java_programs.GCD.gcd(GCD.java:19)
	at java_programs.GCD.gcd(GCD.java:19)
	at java_programs.GCD.gcd(GCD.java:19)
	at java_programs.GCD.gcd(GCD.java:19)
	at java_programs.GCD.gcd(GCD.java:19)
	at java_programs.GCD.gcd(GCD.java:19)
	at java_programs.GCD.gcd(GCD.java:19)
	at java_programs.GCD.gcd(GCD.java:19)
	at java_programs.GCD.gcd(GCD.java:19)
	at java_programs.GCD.gcd(GCD.java:19)
	at java_programs.GCD.gcd(GCD.java:19)
	at java_programs.GCD.gcd(GCD.java:19)
	at java_programs.GCD.gcd(GCD.java:19)
	at java_programs.GCD.gcd(GCD.java:19)
	at java_programs.GCD.gcd(GCD.java:19)
	at java_programs.GCD.gcd(GCD.java:19)
	at java_programs.GCD.gcd(GCD.java:19)
	at java_programs.GCD.gcd(GCD.java:19)
	at java_programs.GCD.gcd(GCD.java:19)
	at java_programs.GCD.gcd(GCD.java:19)
	at java_programs.GCD.gcd(GCD.java:19)
	at java_programs.GCD.gcd(GCD.java:19)
	at java_programs.GCD.gcd(GCD.java:19)
	at java_programs.GCD.gcd(GCD.java:19)
	at java_programs.GCD.gcd(GCD.java:19)
	at java_programs.GCD.gcd(GCD.java:19)
	at java_programs.GCD.gcd(GCD.java:19)
	at java_programs.GCD.gcd(GCD.java:19)
	at java_programs.GCD.gcd(GCD.java:19)
	at java_programs.GCD.gcd(GCD.java:19)
	at java_programs.GCD.gcd(GCD.java:19)
	at java_programs.GCD.gcd(GCD.java:19)
	at java_programs.GCD.gcd(GCD.java:19)
	at java_programs.GCD.gcd(GCD.java:19)
	at java_programs.GCD.gcd(GCD.java:19)
	at java_programs.GCD.gcd(GCD.java:19)
	at java_programs.GCD.gcd(GCD.java:19)
	at java_programs.GCD.gcd(GCD.java:19)
	at java_programs.GCD.gcd(GCD.java:19)
	at java_programs.GCD.gcd(GCD.java:19)
	at java_programs.GCD.gcd(GCD.java:19)
	at java_programs.GCD.gcd(GCD.java:19)
	at java_programs.GCD.gcd(GCD.java:19)
	at java_programs.GCD.gcd(GCD.java:19)
	at java_programs.GCD.gcd(GCD.java:19)
	at java_programs.GCD.gcd(GCD.java:19)
	at java_programs.GCD.gcd(GCD.java:19)
	at java_programs.GCD.gcd(GCD.java:19)
	at java_programs.GCD.gcd(GCD.java:19)
	at java_programs.GCD.gcd(GCD.java:19)
	at java_programs.GCD.gcd(GCD.java:19)
	at java_programs.GCD.gcd(GCD.java:19)
	at java_programs.GCD.gcd(GCD.java:19)
	at java_programs.GCD.gcd(GCD.java:19)
	at java_programs.GCD.gcd(GCD.java:19)
	at java_programs.GCD.gcd(GCD.java:19)
	at java_programs.GCD.gcd(GCD.java:19)
	at java_programs.GCD.gcd(GCD.java:19)
	at java_programs.GCD.gcd(GCD.java:19)
	at java_programs.GCD.gcd(GCD.java:19)
	at java_programs.GCD.gcd(GCD.java:19)
	at java_programs.GCD.gcd(GCD.java:19)
	at java_programs.GCD.gcd(GCD.java:19)
	at java_programs.GCD.gcd(GCD.java:19)
	at java_programs.GCD.gcd(GCD.java:19)
	at java_programs.GCD.gcd(GCD.java:19)
	at java_programs.GCD.gcd(GCD.java:19)
	at java_programs.GCD.gcd(GCD.java:19)
	at java_programs.GCD.gcd(GCD.java:19)
	at java_programs.GCD.gcd(GCD.java:19)
	at java_programs.GCD.gcd(GCD.java:19)
	at java_programs.GCD.gcd(GCD.java:19)
	at java_programs.GCD.gcd(GCD.java:19)
	at java_programs.GCD.gcd(GCD.java:19)
	at java_programs.GCD.gcd(GCD.java:19)
	at java_programs.GCD.gcd(GCD.java:19)
	at java_programs.GCD.gcd(GCD.java:19)
	at java_programs.GCD.gcd(GCD.java:19)
	at java_programs.GCD.gcd(GCD.java:19)
	at java_programs.GCD.gcd(GCD.java:19)
	at java_programs.GCD.gcd(GCD.java:19)
	at java_programs.GCD.gcd(GCD.java:19)
	at java_programs.GCD.gcd(GCD.java:19)
	at java_programs.GCD.gcd(GCD.java:19)
	at java_programs.GCD.gcd(GCD.java:19)
	at java_programs.GCD.gcd(GCD.java:19)
	at java_programs.GCD.gcd(GCD.java:19)
	at java_programs.GCD.gcd(GCD.java:19)
	at java_programs.GCD.gcd(GCD.java:19)
	at java_programs.GCD.gcd(GCD.java:19)
	at java_programs.GCD.gcd(GCD.java:19)
	at java_programs.GCD.gcd(GCD.java:19)
	at java_programs.GCD.gcd(GCD.java:19)
	at java_programs.GCD.gcd(GCD.java:19)
	at java_programs.GCD.gcd(GCD.java:19)
	at java_programs.GCD.gcd(GCD.java:19)
	at java_programs.GCD.gcd(GCD.java:19)
	at java_programs.GCD.gcd(GCD.java:19)
	at java_programs.GCD.gcd(GCD.java:19)
	at java_programs.GCD.gcd(GCD.java:19)
	at java_programs.GCD.gcd(GCD.java:19)
	at java_programs.GCD.gcd(GCD.java:19)
	at java_programs.GCD.gcd(GCD.java:19)
	at java_programs.GCD.gcd(GCD.java:19)
	at java_programs.GCD.gcd(GCD.java:19)
	at java_programs.GCD.gcd(GCD.java:19)
	at java_programs.GCD.gcd(GCD.java:19)
	at java_programs.GCD.gcd(GCD.java:19)
	at java_programs.GCD.gcd(GCD.java:19)
	at java_programs.GCD.gcd(GCD.java:19)
	at java_programs.GCD.gcd(GCD.java:19)
	at java_programs.GCD.gcd(GCD.java:19)
	at java_programs.GCD.gcd(GCD.java:19)
	at java_programs.GCD.gcd(GCD.java:19)
	at java_programs.GCD.gcd(GCD.java:19)
	at java_programs.GCD.gcd(GCD.java:19)
	at java_programs.GCD.gcd(GCD.java:19)
	at java_programs.GCD.gcd(GCD.java:19)
	at java_programs.GCD.gcd(GCD.java:19)
	at java_programs.GCD.gcd(GCD.java:19)
	at java_programs.GCD.gcd(GCD.java:19)
	at java_programs.GCD.gcd(GCD.java:19)
	at java_programs.GCD.gcd(GCD.java:19)
	at java_programs.GCD.gcd(GCD.java:19)
	at java_programs.GCD.gcd(GCD.java:19)
	at java_programs.GCD.gcd(GCD.java:19)
	at java_programs.GCD.gcd(GCD.java:19)
	at java_programs.GCD.gcd(GCD.java:19)
	at java_programs.GCD.gcd(GCD.java:19)
	at java_programs.GCD.gcd(GCD.java:19)
	at java_programs.GCD.gcd(GCD.java:19)
	at java_programs.GCD.gcd(GCD.java:19)
	at java_programs.GCD.gcd(GCD.java:19)
	at java_programs.GCD.gcd(GCD.java:19)
	at java_programs.GCD.gcd(GCD.java:19)
	at java_programs.GCD.gcd(GCD.java:19)
	at java_programs.GCD.gcd(GCD.java:19)
	at java_programs.GCD.gcd(GCD.java:19)
	at java_programs.GCD.gcd(GCD.java:19)
	at java_programs.GCD.gcd(GCD.java:19)
	at java_programs.GCD.gcd(GCD.java:19)
	at java_programs.GCD.gcd(GCD.java:19)
	at java_programs.GCD.gcd(GCD.java:19)
	at java_programs.GCD.gcd(GCD.java:19)
	at java_programs.GCD.gcd(GCD.java:19)
	at java_programs.GCD.gcd(GCD.java:19)
	at java_programs.GCD.gcd(GCD.java:19)
	at java_programs.GCD.gcd(GCD.java:19)
	at java_programs.GCD.gcd(GCD.java:19)
	at java_programs.GCD.gcd(GCD.java:19)
	at java_programs.GCD.gcd(GCD.java:19)
	at java_programs.GCD.gcd(GCD.java:19)
	at java_programs.GCD.gcd(GCD.java:19)
	at java_programs.GCD.gcd(GCD.java:19)
	at java_programs.GCD.gcd(GCD.java:19)
	at java_programs.GCD.gcd(GCD.java:19)
	at java_programs.GCD.gcd(GCD.java:19)
	at java_programs.GCD.gcd(GCD.java:19)
	at java_programs.GCD.gcd(GCD.java:19)
	at java_programs.GCD.gcd(GCD.java:19)
	at java_programs.GCD.gcd(GCD.java:19)
	at java_programs.GCD.gcd(GCD.java:19)
	at java_programs.GCD.gcd(GCD.java:19)
	at java_programs.GCD.gcd(GCD.java:19)
	at java_programs.GCD.gcd(GCD.java:19)
	at java_programs.GCD.gcd(GCD.java:19)
	at java_programs.GCD.gcd(GCD.java:19)
	at java_programs.GCD.gcd(GCD.java:19)
	at java_programs.GCD.gcd(GCD.java:19)
	at java_programs.GCD.gcd(GCD.java:19)
	at java_programs.GCD.gcd(GCD.java:19)
	at java_programs.GCD.gcd(GCD.java:19)
	at java_programs.GCD.gcd(GCD.java:19)
	at java_programs.GCD.gcd(GCD.java:19)
	at java_programs.GCD.gcd(GCD.java:19)
	at java_programs.GCD.gcd(GCD.java:19)
	at java_programs.GCD.gcd(GCD.java:19)
	at java_programs.GCD.gcd(GCD.java:19)
	at java_programs.GCD.gcd(GCD.java:19)
	at java_programs.GCD.gcd(GCD.java:19)
	at java_programs.GCD.gcd(GCD.java:19)
	at java_programs.GCD.gcd(GCD.java:19)
	at java_programs.GCD.gcd(GCD.java:19)
	at java_programs.GCD.gcd(GCD.java:19)
	at java_programs.GCD.gcd(GCD.java:19)
	at java_programs.GCD.gcd(GCD.java:19)
	at java_programs.GCD.gcd(GCD.java:19)
	at java_programs.GCD.gcd(GCD.java:19)
	at java_programs.GCD.gcd(GCD.java:19)
	at java_programs.GCD.gcd(GCD.java:19)
	at java_programs.GCD.gcd(GCD.java:19)
	at java_programs.GCD.gcd(GCD.java:19)
	at java_programs.GCD.gcd(GCD.java:19)
	at java_programs.GCD.gcd(GCD.java:19)
	at java_programs.GCD.gcd(GCD.java:19)
	at java_programs.GCD.gcd(GCD.java:19)
	at java_programs.GCD.gcd(GCD.java:19)
	at java_programs.GCD.gcd(GCD.java:19)
	at java_programs.GCD.gcd(GCD.java:19)
	at java_programs.GCD.gcd(GCD.java:19)
	at java_programs.GCD.gcd(GCD.java:19)
	at java_programs.GCD.gcd(GCD.java:19)
	at java_programs.GCD.gcd(GCD.java:19)
	at java_programs.GCD.gcd(GCD.java:19)
	at java_programs.GCD.gcd(GCD.java:19)
	at java_programs.GCD.gcd(GCD.java:19)
	at java_programs.GCD.gcd(GCD.java:19)
	at java_programs.GCD.gcd(GCD.java:19)
	at java_programs.GCD.gcd(GCD.java:19)
	at java_programs.GCD.gcd(GCD.java:19)
	at java_programs.GCD.gcd(GCD.java:19)
	at java_programs.GCD.gcd(GCD.java:19)
	at java_programs.GCD.gcd(GCD.java:19)
	at java_programs.GCD.gcd(GCD.java:19)
	at java_programs.GCD.gcd(GCD.java:19)
	at java_programs.GCD.gcd(GCD.java:19)
	at java_programs.GCD.gcd(GCD.java:19)
	at java_programs.GCD.gcd(GCD.java:19)
	at java_programs.GCD.gcd(GCD.java:19)
	at java_programs.GCD.gcd(GCD.java:19)
	at java_programs.GCD.gcd(GCD.java:19)
	at java_programs.GCD.gcd(GCD.java:19)
	at java_programs.GCD.gcd(GCD.java:19)
	at java_programs.GCD.gcd(GCD.java:19)
	at java_programs.GCD.gcd(GCD.java:19)
	at java_programs.GCD.gcd(GCD.java:19)
	at java_programs.GCD.gcd(GCD.java:19)
	at java_programs.GCD.gcd(GCD.java:19)
	at java_programs.GCD.gcd(GCD.java:19)
	at java_programs.GCD.gcd(GCD.java:19)
	at java_programs.GCD.gcd(GCD.java:19)
	at java_programs.GCD.gcd(GCD.java:19)
	at java_programs.GCD.gcd(GCD.java:19)
	at java_programs.GCD.gcd(GCD.java:19)
	at java_programs.GCD.gcd(GCD.java:19)
	at java_programs.GCD.gcd(GCD.java:19)
	at java_programs.GCD.gcd(GCD.java:19)
	at java_programs.GCD.gcd(GCD.java:19)
	at java_programs.GCD.gcd(GCD.java:19)
	at java_programs.GCD.gcd(GCD.java:19)
	at java_programs.GCD.gcd(GCD.java:19)
	at java_programs.GCD.gcd(GCD.java:19)
	at java_programs.GCD.gcd(GCD.java:19)
	at java_programs.GCD.gcd(GCD.java:19)
	at java_programs.GCD.gcd(GCD.java:19)
	at java_programs.GCD.gcd(GCD.java:19)
	at java_programs.GCD.gcd(GCD.java:19)
	at java_programs.GCD.gcd(GCD.java:19)
	at java_programs.GCD.gcd(GCD.java:19)
	at java_programs.GCD.gcd(GCD.java:19)
	at java_programs.GCD.gcd(GCD.java:19)
	at java_programs.GCD.gcd(GCD.java:19)
	at java_programs.GCD.gcd(GCD.java:19)
	at java_programs.GCD.gcd(GCD.java:19)
	at java_programs.GCD.gcd(GCD.java:19)
	at java_programs.GCD.gcd(GCD.java:19)
	at java_programs.GCD.gcd(GCD.java:19)
	at java_programs.GCD.gcd(GCD.java:19)
	at java_programs.GCD.gcd(GCD.java:19)
	at java_programs.GCD.gcd(GCD.java:19)
	at java_programs.GCD.gcd(GCD.java:19)
	at java_programs.GCD.gcd(GCD.java:19)
	at java_programs.GCD.gcd(GCD.java:19)
	at java_programs.GCD.gcd(GCD.java:19)
	at java_programs.GCD.gcd(GCD.java:19)
	at java_programs.GCD.gcd(GCD.java:19)
	at java_programs.GCD.gcd(GCD.java:19)
	at java_programs.GCD.gcd(GCD.java:19)
	at java_programs.GCD.gcd(GCD.java:19)
	at java_programs.GCD.gcd(GCD.java:19)
	at java_programs.GCD.gcd(GCD.java:19)
	at java_programs.GCD.gcd(GCD.java:19)
	at java_programs.GCD.gcd(GCD.java:19)
	at java_programs.GCD.gcd(GCD.java:19)
	at java_programs.GCD.gcd(GCD.java:19)
	at java_programs.GCD.gcd(GCD.java:19)
	at java_programs.GCD.gcd(GCD.java:19)
	at java_programs.GCD.gcd(GCD.java:19)
	at java_programs.GCD.gcd(GCD.java:19)
	at java_programs.GCD.gcd(GCD.java:19)
	at java_programs.GCD.gcd(GCD.java:19)
	at java_programs.GCD.gcd(GCD.java:19)
	at java_programs.GCD.gcd(GCD.java:19)
	at java_programs.GCD.gcd(GCD.java:19)
	at java_programs.GCD.gcd(GCD.java:19)
	at java_programs.GCD.gcd(GCD.java:19)
	at java_programs.GCD.gcd(GCD.java:19)
	at java_programs.GCD.gcd(GCD.java:19)
	at java_programs.GCD.gcd(GCD.java:19)
	at java_programs.GCD.gcd(GCD.java:19)
	at java_programs.GCD.gcd(GCD.java:19)
	at java_programs.GCD.gcd(GCD.java:19)
	at java_programs.GCD.gcd(GCD.java:19)
	at java_programs.GCD.gcd(GCD.java:19)
	at java_programs.GCD.gcd(GCD.java:19)
	at java_programs.GCD.gcd(GCD.java:19)
	at java_programs.GCD.gcd(GCD.java:19)
	at java_programs.GCD.gcd(GCD.java:19)
	at java_programs.GCD.gcd(GCD.java:19)
	at java_programs.GCD.gcd(GCD.java:19)
	at java_programs.GCD.gcd(GCD.java:19)
	at java_programs.GCD.gcd(GCD.java:19)
	at java_programs.GCD.gcd(GCD.java:19)
	at java_programs.GCD.gcd(GCD.java:19)
	at java_programs.GCD.gcd(GCD.java:19)
	at java_programs.GCD.gcd(GCD.java:19)
	at java_programs.GCD.gcd(GCD.java:19)
	at java_programs.GCD.gcd(GCD.java:19)
	at java_programs.GCD.gcd(GCD.java:19)
	at java_programs.GCD.gcd(GCD.java:19)
	at java_programs.GCD.gcd(GCD.java:19)
	at java_programs.GCD.gcd(GCD.java:19)
	at java_programs.GCD.gcd(GCD.java:19)
	at java_programs.GCD.gcd(GCD.java:19)
	at java_programs.GCD.gcd(GCD.java:19)
	at java_programs.GCD.gcd(GCD.java:19)
	at java_programs.GCD.gcd(GCD.java:19)
	at java_programs.GCD.gcd(GCD.java:19)
	at java_programs.GCD.gcd(GCD.java:19)
	at java_programs.GCD.gcd(GCD.java:19)
	at java_programs.GCD.gcd(GCD.java:19)
	at java_programs.GCD.gcd(GCD.java:19)
	at java_programs.GCD.gcd(GCD.java:19)
	at java_programs.GCD.gcd(GCD.java:19)
	at java_programs.GCD.gcd(GCD.java:19)
	at java_programs.GCD.gcd(GCD.java:19)
	at java_programs.GCD.gcd(GCD.java:19)
	at java_programs.GCD.gcd(GCD.java:19)
	at java_programs.GCD.gcd(GCD.java:19)
	at java_programs.GCD.gcd(GCD.java:19)
	at java_programs.GCD.gcd(GCD.java:19)
	at java_programs.GCD.gcd(GCD.java:19)
	at java_programs.GCD.gcd(GCD.java:19)
	at java_programs.GCD.gcd(GCD.java:19)
	at java_programs.GCD.gcd(GCD.java:19)
	at java_programs.GCD.gcd(GCD.java:19)
	at java_programs.GCD.gcd(GCD.java:19)
	at java_programs.GCD.gcd(GCD.java:19)
	at java_programs.GCD.gcd(GCD.java:19)
	at java_programs.GCD.gcd(GCD.java:19)
	at java_programs.GCD.gcd(GCD.java:19)
	at java_programs.GCD.gcd(GCD.java:19)
	at java_programs.GCD.gcd(GCD.java:19)
	at java_programs.GCD.gcd(GCD.java:19)
	at java_programs.GCD.gcd(GCD.java:19)
	at java_programs.GCD.gcd(GCD.java:19)
	at java_programs.GCD.gcd(GCD.java:19)
	at java_programs.GCD.gcd(GCD.java:19)
	at java_programs.GCD.gcd(GCD.java:19)
	at java_programs.GCD.gcd(GCD.java:19)
	at java_programs.GCD.gcd(GCD.java:19)
	at java_programs.GCD.gcd(GCD.java:19)
	at java_programs.GCD.gcd(GCD.java:19)
	at java_programs.GCD.gcd(GCD.java:19)
	at java_programs.GCD.gcd(GCD.java:19)
	at java_programs.GCD.gcd(GCD.java:19)
	at java_programs.GCD.gcd(GCD.java:19)
	at java_programs.GCD.gcd(GCD.java:19)
	at java_programs.GCD.gcd(GCD.java:19)
	at java_programs.GCD.gcd(GCD.java:19)
	at java_programs.GCD.gcd(GCD.java:19)
	at java_programs.GCD.gcd(GCD.java:19)
	at java_programs.GCD.gcd(GCD.java:19)
	at java_programs.GCD.gcd(GCD.java:19)
	at java_programs.GCD.gcd(GCD.java:19)
	at java_programs.GCD.gcd(GCD.java:19)
	at java_programs.GCD.gcd(GCD.java:19)
	at java_programs.GCD.gcd(GCD.java:19)
	at java_programs.GCD.gcd(GCD.java:19)
	at java_programs.GCD.gcd(GCD.java:19)
	at java_programs.GCD.gcd(GCD.java:19)
	at java_programs.GCD.gcd(GCD.java:19)
	at java_programs.GCD.gcd(GCD.java:19)
	at java_programs.GCD.gcd(GCD.java:19)
	at java_programs.GCD.gcd(GCD.java:19)
	at java_programs.GCD.gcd(GCD.java:19)
	at java_programs.GCD.gcd(GCD.java:19)
	at java_programs.GCD.gcd(GCD.java:19)
	at java_programs.GCD.gcd(GCD.java:19)
	at java_programs.GCD.gcd(GCD.java:19)
	at java_programs.GCD.gcd(GCD.java:19)
	at java_programs.GCD.gcd(GCD.java:19)
	at java_programs.GCD.gcd(GCD.java:19)
	at java_programs.GCD.gcd(GCD.java:19)
	at java_programs.GCD.gcd(GCD.java:19)
	at java_programs.GCD.gcd(GCD.java:19)
	at java_programs.GCD.gcd(GCD.java:19)
	at java_programs.GCD.gcd(GCD.java:19)
	at java_programs.GCD.gcd(GCD.java:19)
	at java_programs.GCD.gcd(GCD.java:19)
	at java_programs.GCD.gcd(GCD.java:19)
	at java_programs.GCD.gcd(GCD.java:19)
	at java_programs.GCD.gcd(GCD.java:19)
	at java_programs.GCD.gcd(GCD.java:19)
	at java_programs.GCD.gcd(GCD.java:19)
	at java_programs.GCD.gcd(GCD.java:19)
	at java_programs.GCD.gcd(GCD.java:19)
	at java_programs.GCD.gcd(GCD.java:19)
	at java_programs.GCD.gcd(GCD.java:19)
	at java_programs.GCD.gcd(GCD.java:19)
	at java_programs.GCD.gcd(GCD.java:19)
	at java_programs.GCD.gcd(GCD.java:19)
	at java_programs.GCD.gcd(GCD.java:19)
	at java_programs.GCD.gcd(GCD.java:19)
	at java_programs.GCD.gcd(GCD.java:19)
	at java_programs.GCD.gcd(GCD.java:19)
	at java_programs.GCD.gcd(GCD.java:19)
	at java_programs.GCD.gcd(GCD.java:19)
	at java_programs.GCD.gcd(GCD.java:19)
	at java_programs.GCD.gcd(GCD.java:19)
	at java_programs.GCD.gcd(GCD.java:19)
	at java_programs.GCD.gcd(GCD.java:19)
	at java_programs.GCD.gcd(GCD.java:19)
	at java_programs.GCD.gcd(GCD.java:19)
	at java_programs.GCD.gcd(GCD.java:19)
	at java_programs.GCD.gcd(GCD.java:19)
	at java_programs.GCD.gcd(GCD.java:19)
	at java_programs.GCD.gcd(GCD.java:19)
	at java_programs.GCD.gcd(GCD.java:19)
	at java_programs.GCD.gcd(GCD.java:19)
	at java_programs.GCD.gcd(GCD.java:19)
	at java_programs.GCD.gcd(GCD.java:19)
	at java_programs.GCD.gcd(GCD.java:19)
	at java_programs.GCD.gcd(GCD.java:19)
	at java_programs.GCD.gcd(GCD.java:19)
	at java_programs.GCD.gcd(GCD.java:19)
	at java_programs.GCD.gcd(GCD.java:19)
	at java_programs.GCD.gcd(GCD.java:19)
	at java_programs.GCD.gcd(GCD.java:19)
	at java_programs.GCD.gcd(GCD.java:19)
	at java_programs.GCD.gcd(GCD.java:19)
	at java_programs.GCD.gcd(GCD.java:19)
	at java_programs.GCD.gcd(GCD.java:19)
	at java_programs.GCD.gcd(GCD.java:19)
	at java_programs.GCD.gcd(GCD.java:19)
	at java_programs.GCD.gcd(GCD.java:19)
	at java_programs.GCD.gcd(GCD.java:19)
	at java_programs.GCD.gcd(GCD.java:19)
	at java_programs.GCD.gcd(GCD.java:19)
	at java_programs.GCD.gcd(GCD.java:19)
	at java_programs.GCD.gcd(GCD.java:19)
	at java_programs.GCD.gcd(GCD.java:19)
	at java_programs.GCD.gcd(GCD.java:19)
	at java_programs.GCD.gcd(GCD.java:19)
	at java_programs.GCD.gcd(GCD.java:19)
	at java_programs.GCD.gcd(GCD.java:19)
	at java_programs.GCD.gcd(GCD.java:19)
	at java_programs.GCD.gcd(GCD.java:19)
	at java_programs.GCD.gcd(GCD.java:19)
	at java_programs.GCD.gcd(GCD.java:19)
	at java_programs.GCD.gcd(GCD.java:19)
	at java_programs.GCD.gcd(GCD.java:19)
	at java_programs.GCD.gcd(GCD.java:19)
	at java_programs.GCD.gcd(GCD.java:19)
	at java_programs.GCD.gcd(GCD.java:19)
	at java_programs.GCD.gcd(GCD.java:19)
	at java_programs.GCD.gcd(GCD.java:19)
	at java_programs.GCD.gcd(GCD.java:19)
	at java_programs.GCD.gcd(GCD.java:19)
	at java_programs.GCD.gcd(GCD.java:19)
	at java_programs.GCD.gcd(GCD.java:19)
	at java_programs.GCD.gcd(GCD.java:19)
	at java_programs.GCD.gcd(GCD.java:19)
	at java_programs.GCD.gcd(GCD.java:19)
	at java_programs.GCD.gcd(GCD.java:19)
	at java_programs.GCD.gcd(GCD.java:19)
	at java_programs.GCD.gcd(GCD.java:19)
	at java_programs.GCD.gcd(GCD.java:19)
	at java_programs.GCD.gcd(GCD.java:19)
	at java_programs.GCD.gcd(GCD.java:19)
	at java_programs.GCD.gcd(GCD.java:19)
	at java_programs.GCD.gcd(GCD.java:19)
	at java_programs.GCD.gcd(GCD.java:19)
	at java_programs.GCD.gcd(GCD.java:19)
	at java_programs.GCD.gcd(GCD.java:19)
	at java_programs.GCD.gcd(GCD.java:19)
	at java_programs.GCD.gcd(GCD.java:19)
	at java_programs.GCD.gcd(GCD.java:19)
	at java_programs.GCD.gcd(GCD.java:19)
	at java_programs.GCD.gcd(GCD.java:19)
	at java_programs.GCD.gcd(GCD.java:19)
	at java_programs.GCD.gcd(GCD.java:19)
	at java_programs.GCD.gcd(GCD.java:19)
	at java_programs.GCD.gcd(GCD.java:19)
	at java_programs.GCD.gcd(GCD.java:19)
	at java_programs.GCD.gcd(GCD.java:19)
	at java_programs.GCD.gcd(GCD.java:19)
	at java_programs.GCD.gcd(GCD.java:19)
	at java_programs.GCD.gcd(GCD.java:19)
	at java_programs.GCD.gcd(GCD.java:19)
	at java_programs.GCD.gcd(GCD.java:19)
	at java_programs.GCD.gcd(GCD.java:19)
	at java_programs.GCD.gcd(GCD.java:19)
	at java_programs.GCD.gcd(GCD.java:19)
	at java_programs.GCD.gcd(GCD.java:19)
	at java_programs.GCD.gcd(GCD.java:19)
	at java_programs.GCD.gcd(GCD.java:19)
	at java_programs.GCD.gcd(GCD.java:19)
	at java_programs.GCD.gcd(GCD.java:19)
	at java_programs.GCD.gcd(GCD.java:19)
	at java_programs.GCD.gcd(GCD.java:19)
	at java_programs.GCD.gcd(GCD.java:19)
	at java_programs.GCD.gcd(GCD.java:19)
	at java_programs.GCD.gcd(GCD.java:19)
	at java_programs.GCD.gcd(GCD.java:19)
	at java_programs.GCD.gcd(GCD.java:19)
	at java_programs.GCD.gcd(GCD.java:19)
	at java_programs.GCD.gcd(GCD.java:19)
	at java_programs.GCD.gcd(GCD.java:19)
	at java_programs.GCD.gcd(GCD.java:19)
	at java_programs.GCD.gcd(GCD.java:19)
	at java_programs.GCD.gcd(GCD.java:19)
	at java_programs.GCD.gcd(GCD.java:19)
	at java_programs.GCD.gcd(GCD.java:19)
	at java_programs.GCD.gcd(GCD.java:19)
	at java_programs.GCD.gcd(GCD.java:19)
	at java_programs.GCD.gcd(GCD.java:19)
	at java_programs.GCD.gcd(GCD.java:19)
	at java_programs.GCD.gcd(GCD.java:19)
	at java_programs.GCD.gcd(GCD.java:19)
	at java_programs.GCD.gcd(GCD.java:19)
	at java_programs.GCD.gcd(GCD.java:19)
	at java_programs.GCD.gcd(GCD.java:19)
	at java_programs.GCD.gcd(GCD.java:19)
	at java_programs.GCD.gcd(GCD.java:19)
	at java_programs.GCD.gcd(GCD.java:19)
	at java_programs.GCD.gcd(GCD.java:19)
	at java_programs.GCD.gcd(GCD.java:19)
	at java_programs.GCD.gcd(GCD.java:19)
	at java_programs.GCD.gcd(GCD.java:19)
	at java_programs.GCD.gcd(GCD.java:19)
	at java_programs.GCD.gcd(GCD.java:19)
	at java_programs.GCD.gcd(GCD.java:19)
	at java_programs.GCD.gcd(GCD.java:19)
	at java_programs.GCD.gcd(GCD.java:19)
	at java_programs.GCD.gcd(GCD.java:19)
	at java_programs.GCD.gcd(GCD.java:19)
	at java_programs.GCD.gcd(GCD.java:19)
	at java_programs.GCD.gcd(GCD.java:19)
	at java_programs.GCD.gcd(GCD.java:19)
	at java_programs.GCD.gcd(GCD.java:19)
	at java_programs.GCD.gcd(GCD.java:19)
	at java_programs.GCD.gcd(GCD.java:19)
	at java_programs.GCD.gcd(GCD.java:19)
	at java_programs.GCD.gcd(GCD.java:19)
	at java_programs.GCD.gcd(GCD.java:19)
	at java_programs.GCD.gcd(GCD.java:19)
	at java_programs.GCD.gcd(GCD.java:19)
	at java_programs.GCD.gcd(GCD.java:19)
	at java_programs.GCD.gcd(GCD.java:19)
	at java_programs.GCD.gcd(GCD.java:19)
	at java_programs.GCD.gcd(GCD.java:19)
	at java_programs.GCD.gcd(GCD.java:19)
	at java_programs.GCD.gcd(GCD.java:19)
	at java_programs.GCD.gcd(GCD.java:19)
	at java_programs.GCD.gcd(GCD.java:19)
	at java_programs.GCD.gcd(GCD.java:19)
	at java_programs.GCD.gcd(GCD.java:19)
	at java_programs.GCD.gcd(GCD.java:19)
	at java_programs.GCD.gcd(GCD.java:19)
	at java_programs.GCD.gcd(GCD.java:19)
	at java_programs.GCD.gcd(GCD.java:19)
	at java_programs.GCD.gcd(GCD.java:19)
	at java_programs.GCD.gcd(GCD.java:19)
	at java_programs.GCD.gcd(GCD.java:19)
	at java_programs.GCD.gcd(GCD.java:19)
	at java_programs.GCD.gcd(GCD.java:19)
	at java_programs.GCD.gcd(GCD.java:19)
	at java_programs.GCD.gcd(GCD.java:19)
	at java_programs.GCD.gcd(GCD.java:19)
	at java_programs.GCD.gcd(GCD.java:19)
	at java_programs.GCD.gcd(GCD.java:19)
	at java_programs.GCD.gcd(GCD.java:19)
	at java_programs.GCD.gcd(GCD.java:19)
	at java_programs.GCD.gcd(GCD.java:19)
	at java_programs.GCD.gcd(GCD.java:19)
	at java_programs.GCD.gcd(GCD.java:19)
	at java_programs.GCD.gcd(GCD.java:19)
	at java_programs.GCD.gcd(GCD.java:19)
	at java_programs.GCD.gcd(GCD.java:19)
	at java_programs.GCD.gcd(GCD.java:19)
	at java_programs.GCD.gcd(GCD.java:19)
	at java_programs.GCD.gcd(GCD.java:19)
	at java_programs.GCD.gcd(GCD.java:19)
	at java_programs.GCD.gcd(GCD.java:19)
	at java_programs.GCD.gcd(GCD.java:19)
	at java_programs.GCD.gcd(GCD.java:19)
	at java_programs.GCD.gcd(GCD.java:19)
	at java_programs.GCD.gcd(GCD.java:19)
	at java_programs.GCD.gcd(GCD.java:19)
	at java_programs.GCD.gcd(GCD.java:19)
	at java_programs.GCD.gcd(GCD.java:19)
	at java_programs.GCD.gcd(GCD.java:19)
	at java_programs.GCD.gcd(GCD.java:19)
	at java_programs.GCD.gcd(GCD.java:19)
	at java_programs.GCD.gcd(GCD.java:19)
	at java_programs.GCD.gcd(GCD.java:19)
	at java_programs.GCD.gcd(GCD.java:19)
	at java_programs.GCD.gcd(GCD.java:19)
	at java_programs.GCD.gcd(GCD.java:19)
	at java_programs.GCD.gcd(GCD.java:19)
	at java_programs.GCD.gcd(GCD.java:19)
	at java_programs.GCD.gcd(GCD.java:19)
	at java_programs.GCD.gcd(GCD.java:19)
	at java_programs.GCD.gcd(GCD.java:19)
	at java_programs.GCD.gcd(GCD.java:19)
	at java_programs.GCD.gcd(GCD.java:19)
	at java_programs.GCD.gcd(GCD.java:19)
	at java_programs.GCD.gcd(GCD.java:19)
	at java_programs.GCD.gcd(GCD.java:19)
	at java_programs.GCD.gcd(GCD.java:19)
	at java_programs.GCD.gcd(GCD.java:19)
	at java_programs.GCD.gcd(GCD.java:19)
	at java_programs.GCD.gcd(GCD.java:19)
	at java_programs.GCD.gcd(GCD.java:19)
	at java_programs.GCD.gcd(GCD.java:19)
	at java_programs.GCD.gcd(GCD.java:19)
	at java_programs.GCD.gcd(GCD.java:19)
	at java_programs.GCD.gcd(GCD.java:19)
	at java_programs.GCD.gcd(GCD.java:19)
	at java_programs.GCD.gcd(GCD.java:19)
	at java_programs.GCD.gcd(GCD.java:19)
	at java_programs.GCD.gcd(GCD.java:19)
	at java_programs.GCD.gcd(GCD.java:19)
	at java_programs.GCD.gcd(GCD.java:19)
	at java_programs.GCD.gcd(GCD.java:19)
	at java_programs.GCD.gcd(GCD.java:19)
	at java_programs.GCD.gcd(GCD.java:19)
	at java_programs.GCD.gcd(GCD.java:19)
	at java_programs.GCD.gcd(GCD.java:19)
	at java_programs.GCD.gcd(GCD.java:19)
	at java_programs.GCD.gcd(GCD.java:19)
	at java_programs.GCD.gcd(GCD.java:19)
	at java_programs.GCD.gcd(GCD.java:19)
	at java_programs.GCD.gcd(GCD.java:19)
	at java_programs.GCD.gcd(GCD.java:19)
	at java_programs.GCD.gcd(GCD.java:19)
	at java_programs.GCD.gcd(GCD.java:19)
	at java_programs.GCD.gcd(GCD.java:19)
	at java_programs.GCD.gcd(GCD.java:19)
	at java_programs.GCD.gcd(GCD.java:19)
	at java_programs.GCD.gcd(GCD.java:19)
	at java_programs.GCD.gcd(GCD.java:19)
	at java_programs.GCD.gcd(GCD.java:19)
	at java_programs.GCD.gcd(GCD.java:19)
	at java_programs.GCD.gcd(GCD.java:19)
	at java_programs.GCD.gcd(GCD.java:19)
	at java_programs.GCD.gcd(GCD.java:19)
	at java_programs.GCD.gcd(GCD.java:19)
	at java_programs.GCD.gcd(GCD.java:19)
	at java_programs.GCD.gcd(GCD.java:19)
	at java_programs.GCD.gcd(GCD.java:19)
	at java_programs.GCD.gcd(GCD.java:19)
	at java_programs.GCD.gcd(GCD.java:19)
	at java_programs.GCD.gcd(GCD.java:19)
	at java_programs.GCD.gcd(GCD.java:19)
</failure>
  </testcase>
  <testcase name="test_1()" classname="test.java.GCD_TEST" time="0.007">
    <failure message="java.lang.StackOverflowError" type="java.lang.StackOverflowError">java.lang.StackOverflowError
	at java_programs.GCD.gcd(GCD.java:19)
	at java_programs.GCD.gcd(GCD.java:19)
	at java_programs.GCD.gcd(GCD.java:19)
	at java_programs.GCD.gcd(GCD.java:19)
	at java_programs.GCD.gcd(GCD.java:19)
	at java_programs.GCD.gcd(GCD.java:19)
	at java_programs.GCD.gcd(GCD.java:19)
	at java_programs.GCD.gcd(GCD.java:19)
	at java_programs.GCD.gcd(GCD.java:19)
	at java_programs.GCD.gcd(GCD.java:19)
	at java_programs.GCD.gcd(GCD.java:19)
	at java_programs.GCD.gcd(GCD.java:19)
	at java_programs.GCD.gcd(GCD.java:19)
	at java_programs.GCD.gcd(GCD.java:19)
	at java_programs.GCD.gcd(GCD.java:19)
	at java_programs.GCD.gcd(GCD.java:19)
	at java_programs.GCD.gcd(GCD.java:19)
	at java_programs.GCD.gcd(GCD.java:19)
	at java_programs.GCD.gcd(GCD.java:19)
	at java_programs.GCD.gcd(GCD.java:19)
	at java_programs.GCD.gcd(GCD.java:19)
	at java_programs.GCD.gcd(GCD.java:19)
	at java_programs.GCD.gcd(GCD.java:19)
	at java_programs.GCD.gcd(GCD.java:19)
	at java_programs.GCD.gcd(GCD.java:19)
	at java_programs.GCD.gcd(GCD.java:19)
	at java_programs.GCD.gcd(GCD.java:19)
	at java_programs.GCD.gcd(GCD.java:19)
	at java_programs.GCD.gcd(GCD.java:19)
	at java_programs.GCD.gcd(GCD.java:19)
	at java_programs.GCD.gcd(GCD.java:19)
	at java_programs.GCD.gcd(GCD.java:19)
	at java_programs.GCD.gcd(GCD.java:19)
	at java_programs.GCD.gcd(GCD.java:19)
	at java_programs.GCD.gcd(GCD.java:19)
	at java_programs.GCD.gcd(GCD.java:19)
	at java_programs.GCD.gcd(GCD.java:19)
	at java_programs.GCD.gcd(GCD.java:19)
	at java_programs.GCD.gcd(GCD.java:19)
	at java_programs.GCD.gcd(GCD.java:19)
	at java_programs.GCD.gcd(GCD.java:19)
	at java_programs.GCD.gcd(GCD.java:19)
	at java_programs.GCD.gcd(GCD.java:19)
	at java_programs.GCD.gcd(GCD.java:19)
	at java_programs.GCD.gcd(GCD.java:19)
	at java_programs.GCD.gcd(GCD.java:19)
	at java_programs.GCD.gcd(GCD.java:19)
	at java_programs.GCD.gcd(GCD.java:19)
	at java_programs.GCD.gcd(GCD.java:19)
	at java_programs.GCD.gcd(GCD.java:19)
	at java_programs.GCD.gcd(GCD.java:19)
	at java_programs.GCD.gcd(GCD.java:19)
	at java_programs.GCD.gcd(GCD.java:19)
	at java_programs.GCD.gcd(GCD.java:19)
	at java_programs.GCD.gcd(GCD.java:19)
	at java_programs.GCD.gcd(GCD.java:19)
	at java_programs.GCD.gcd(GCD.java:19)
	at java_programs.GCD.gcd(GCD.java:19)
	at java_programs.GCD.gcd(GCD.java:19)
	at java_programs.GCD.gcd(GCD.java:19)
	at java_programs.GCD.gcd(GCD.java:19)
	at java_programs.GCD.gcd(GCD.java:19)
	at java_programs.GCD.gcd(GCD.java:19)
	at java_programs.GCD.gcd(GCD.java:19)
	at java_programs.GCD.gcd(GCD.java:19)
	at java_programs.GCD.gcd(GCD.java:19)
	at java_programs.GCD.gcd(GCD.java:19)
	at java_programs.GCD.gcd(GCD.java:19)
	at java_programs.GCD.gcd(GCD.java:19)
	at java_programs.GCD.gcd(GCD.java:19)
	at java_programs.GCD.gcd(GCD.java:19)
	at java_programs.GCD.gcd(GCD.java:19)
	at java_programs.GCD.gcd(GCD.java:19)
	at java_programs.GCD.gcd(GCD.java:19)
	at java_programs.GCD.gcd(GCD.java:19)
	at java_programs.GCD.gcd(GCD.java:19)
	at java_programs.GCD.gcd(GCD.java:19)
	at java_programs.GCD.gcd(GCD.java:19)
	at java_programs.GCD.gcd(GCD.java:19)
	at java_programs.GCD.gcd(GCD.java:19)
	at java_programs.GCD.gcd(GCD.java:19)
	at java_programs.GCD.gcd(GCD.java:19)
	at java_programs.GCD.gcd(GCD.java:19)
	at java_programs.GCD.gcd(GCD.java:19)
	at java_programs.GCD.gcd(GCD.java:19)
	at java_programs.GCD.gcd(GCD.java:19)
	at java_programs.GCD.gcd(GCD.java:19)
	at java_programs.GCD.gcd(GCD.java:19)
	at java_programs.GCD.gcd(GCD.java:19)
	at java_programs.GCD.gcd(GCD.java:19)
	at java_programs.GCD.gcd(GCD.java:19)
	at java_programs.GCD.gcd(GCD.java:19)
	at java_programs.GCD.gcd(GCD.java:19)
	at java_programs.GCD.gcd(GCD.java:19)
	at java_programs.GCD.gcd(GCD.java:19)
	at java_programs.GCD.gcd(GCD.java:19)
	at java_programs.GCD.gcd(GCD.java:19)
	at java_programs.GCD.gcd(GCD.java:19)
	at java_programs.GCD.gcd(GCD.java:19)
	at java_programs.GCD.gcd(GCD.java:19)
	at java_programs.GCD.gcd(GCD.java:19)
	at java_programs.GCD.gcd(GCD.java:19)
	at java_programs.GCD.gcd(GCD.java:19)
	at java_programs.GCD.gcd(GCD.java:19)
	at java_programs.GCD.gcd(GCD.java:19)
	at java_programs.GCD.gcd(GCD.java:19)
	at java_programs.GCD.gcd(GCD.java:19)
	at java_programs.GCD.gcd(GCD.java:19)
	at java_programs.GCD.gcd(GCD.java:19)
	at java_programs.GCD.gcd(GCD.java:19)
	at java_programs.GCD.gcd(GCD.java:19)
	at java_programs.GCD.gcd(GCD.java:19)
	at java_programs.GCD.gcd(GCD.java:19)
	at java_programs.GCD.gcd(GCD.java:19)
	at java_programs.GCD.gcd(GCD.java:19)
	at java_programs.GCD.gcd(GCD.java:19)
	at java_programs.GCD.gcd(GCD.java:19)
	at java_programs.GCD.gcd(GCD.java:19)
	at java_programs.GCD.gcd(GCD.java:19)
	at java_programs.GCD.gcd(GCD.java:19)
	at java_programs.GCD.gcd(GCD.java:19)
	at java_programs.GCD.gcd(GCD.java:19)
	at java_programs.GCD.gcd(GCD.java:19)
	at java_programs.GCD.gcd(GCD.java:19)
	at java_programs.GCD.gcd(GCD.java:19)
	at java_programs.GCD.gcd(GCD.java:19)
	at java_programs.GCD.gcd(GCD.java:19)
	at java_programs.GCD.gcd(GCD.java:19)
	at java_programs.GCD.gcd(GCD.java:19)
	at java_programs.GCD.gcd(GCD.java:19)
	at java_programs.GCD.gcd(GCD.java:19)
	at java_programs.GCD.gcd(GCD.java:19)
	at java_programs.GCD.gcd(GCD.java:19)
	at java_programs.GCD.gcd(GCD.java:19)
	at java_programs.GCD.gcd(GCD.java:19)
	at java_programs.GCD.gcd(GCD.java:19)
	at java_programs.GCD.gcd(GCD.java:19)
	at java_programs.GCD.gcd(GCD.java:19)
	at java_programs.GCD.gcd(GCD.java:19)
	at java_programs.GCD.gcd(GCD.java:19)
	at java_programs.GCD.gcd(GCD.java:19)
	at java_programs.GCD.gcd(GCD.java:19)
	at java_programs.GCD.gcd(GCD.java:19)
	at java_programs.GCD.gcd(GCD.java:19)
	at java_programs.GCD.gcd(GCD.java:19)
	at java_programs.GCD.gcd(GCD.java:19)
	at java_programs.GCD.gcd(GCD.java:19)
	at java_programs.GCD.gcd(GCD.java:19)
	at java_programs.GCD.gcd(GCD.java:19)
	at java_programs.GCD.gcd(GCD.java:19)
	at java_programs.GCD.gcd(GCD.java:19)
	at java_programs.GCD.gcd(GCD.java:19)
	at java_programs.GCD.gcd(GCD.java:19)
	at java_programs.GCD.gcd(GCD.java:19)
	at java_programs.GCD.gcd(GCD.java:19)
	at java_programs.GCD.gcd(GCD.java:19)
	at java_programs.GCD.gcd(GCD.java:19)
	at java_programs.GCD.gcd(GCD.java:19)
	at java_programs.GCD.gcd(GCD.java:19)
	at java_programs.GCD.gcd(GCD.java:19)
	at java_programs.GCD.gcd(GCD.java:19)
	at java_programs.GCD.gcd(GCD.java:19)
	at java_programs.GCD.gcd(GCD.java:19)
	at java_programs.GCD.gcd(GCD.java:19)
	at java_programs.GCD.gcd(GCD.java:19)
	at java_programs.GCD.gcd(GCD.java:19)
	at java_programs.GCD.gcd(GCD.java:19)
	at java_programs.GCD.gcd(GCD.java:19)
	at java_programs.GCD.gcd(GCD.java:19)
	at java_programs.GCD.gcd(GCD.java:19)
	at java_programs.GCD.gcd(GCD.java:19)
	at java_programs.GCD.gcd(GCD.java:19)
	at java_programs.GCD.gcd(GCD.java:19)
	at java_programs.GCD.gcd(GCD.java:19)
	at java_programs.GCD.gcd(GCD.java:19)
	at java_programs.GCD.gcd(GCD.java:19)
	at java_programs.GCD.gcd(GCD.java:19)
	at java_programs.GCD.gcd(GCD.java:19)
	at java_programs.GCD.gcd(GCD.java:19)
	at java_programs.GCD.gcd(GCD.java:19)
	at java_programs.GCD.gcd(GCD.java:19)
	at java_programs.GCD.gcd(GCD.java:19)
	at java_programs.GCD.gcd(GCD.java:19)
	at java_programs.GCD.gcd(GCD.java:19)
	at java_programs.GCD.gcd(GCD.java:19)
	at java_programs.GCD.gcd(GCD.java:19)
	at java_programs.GCD.gcd(GCD.java:19)
	at java_programs.GCD.gcd(GCD.java:19)
	at java_programs.GCD.gcd(GCD.java:19)
	at java_programs.GCD.gcd(GCD.java:19)
	at java_programs.GCD.gcd(GCD.java:19)
	at java_programs.GCD.gcd(GCD.java:19)
	at java_programs.GCD.gcd(GCD.java:19)
	at java_programs.GCD.gcd(GCD.java:19)
	at java_programs.GCD.gcd(GCD.java:19)
	at java_programs.GCD.gcd(GCD.java:19)
	at java_programs.GCD.gcd(GCD.java:19)
	at java_programs.GCD.gcd(GCD.java:19)
	at java_programs.GCD.gcd(GCD.java:19)
	at java_programs.GCD.gcd(GCD.java:19)
	at java_programs.GCD.gcd(GCD.java:19)
	at java_programs.GCD.gcd(GCD.java:19)
	at java_programs.GCD.gcd(GCD.java:19)
	at java_programs.GCD.gcd(GCD.java:19)
	at java_programs.GCD.gcd(GCD.java:19)
	at java_programs.GCD.gcd(GCD.java:19)
	at java_programs.GCD.gcd(GCD.java:19)
	at java_programs.GCD.gcd(GCD.java:19)
	at java_programs.GCD.gcd(GCD.java:19)
	at java_programs.GCD.gcd(GCD.java:19)
	at java_programs.GCD.gcd(GCD.java:19)
	at java_programs.GCD.gcd(GCD.java:19)
	at java_programs.GCD.gcd(GCD.java:19)
	at java_programs.GCD.gcd(GCD.java:19)
	at java_programs.GCD.gcd(GCD.java:19)
	at java_programs.GCD.gcd(GCD.java:19)
	at java_programs.GCD.gcd(GCD.java:19)
	at java_programs.GCD.gcd(GCD.java:19)
	at java_programs.GCD.gcd(GCD.java:19)
	at java_programs.GCD.gcd(GCD.java:19)
	at java_programs.GCD.gcd(GCD.java:19)
	at java_programs.GCD.gcd(GCD.java:19)
	at java_programs.GCD.gcd(GCD.java:19)
	at java_programs.GCD.gcd(GCD.java:19)
	at java_programs.GCD.gcd(GCD.java:19)
	at java_programs.GCD.gcd(GCD.java:19)
	at java_programs.GCD.gcd(GCD.java:19)
	at java_programs.GCD.gcd(GCD.java:19)
	at java_programs.GCD.gcd(GCD.java:19)
	at java_programs.GCD.gcd(GCD.java:19)
	at java_programs.GCD.gcd(GCD.java:19)
	at java_programs.GCD.gcd(GCD.java:19)
	at java_programs.GCD.gcd(GCD.java:19)
	at java_programs.GCD.gcd(GCD.java:19)
	at java_programs.GCD.gcd(GCD.java:19)
	at java_programs.GCD.gcd(GCD.java:19)
	at java_programs.GCD.gcd(GCD.java:19)
	at java_programs.GCD.gcd(GCD.java:19)
	at java_programs.GCD.gcd(GCD.java:19)
	at java_programs.GCD.gcd(GCD.java:19)
	at java_programs.GCD.gcd(GCD.java:19)
	at java_programs.GCD.gcd(GCD.java:19)
	at java_programs.GCD.gcd(GCD.java:19)
	at java_programs.GCD.gcd(GCD.java:19)
	at java_programs.GCD.gcd(GCD.java:19)
	at java_programs.GCD.gcd(GCD.java:19)
	at java_programs.GCD.gcd(GCD.java:19)
	at java_programs.GCD.gcd(GCD.java:19)
	at java_programs.GCD.gcd(GCD.java:19)
	at java_programs.GCD.gcd(GCD.java:19)
	at java_programs.GCD.gcd(GCD.java:19)
	at java_programs.GCD.gcd(GCD.java:19)
	at java_programs.GCD.gcd(GCD.java:19)
	at java_programs.GCD.gcd(GCD.java:19)
	at java_programs.GCD.gcd(GCD.java:19)
	at java_programs.GCD.gcd(GCD.java:19)
	at java_programs.GCD.gcd(GCD.java:19)
	at java_programs.GCD.gcd(GCD.java:19)
	at java_programs.GCD.gcd(GCD.java:19)
	at java_programs.GCD.gcd(GCD.java:19)
	at java_programs.GCD.gcd(GCD.java:19)
	at java_programs.GCD.gcd(GCD.java:19)
	at java_programs.GCD.gcd(GCD.java:19)
	at java_programs.GCD.gcd(GCD.java:19)
	at java_programs.GCD.gcd(GCD.java:19)
	at java_programs.GCD.gcd(GCD.java:19)
	at java_programs.GCD.gcd(GCD.java:19)
	at java_programs.GCD.gcd(GCD.java:19)
	at java_programs.GCD.gcd(GCD.java:19)
	at java_programs.GCD.gcd(GCD.java:19)
	at java_programs.GCD.gcd(GCD.java:19)
	at java_programs.GCD.gcd(GCD.java:19)
	at java_programs.GCD.gcd(GCD.java:19)
	at java_programs.GCD.gcd(GCD.java:19)
	at java_programs.GCD.gcd(GCD.java:19)
	at java_programs.GCD.gcd(GCD.java:19)
	at java_programs.GCD.gcd(GCD.java:19)
	at java_programs.GCD.gcd(GCD.java:19)
	at java_programs.GCD.gcd(GCD.java:19)
	at java_programs.GCD.gcd(GCD.java:19)
	at java_programs.GCD.gcd(GCD.java:19)
	at java_programs.GCD.gcd(GCD.java:19)
	at java_programs.GCD.gcd(GCD.java:19)
	at java_programs.GCD.gcd(GCD.java:19)
	at java_programs.GCD.gcd(GCD.java:19)
	at java_programs.GCD.gcd(GCD.java:19)
	at java_programs.GCD.gcd(GCD.java:19)
	at java_programs.GCD.gcd(GCD.java:19)
	at java_programs.GCD.gcd(GCD.java:19)
	at java_programs.GCD.gcd(GCD.java:19)
	at java_programs.GCD.gcd(GCD.java:19)
	at java_programs.GCD.gcd(GCD.java:19)
	at java_programs.GCD.gcd(GCD.java:19)
	at java_programs.GCD.gcd(GCD.java:19)
	at java_programs.GCD.gcd(GCD.java:19)
	at java_programs.GCD.gcd(GCD.java:19)
	at java_programs.GCD.gcd(GCD.java:19)
	at java_programs.GCD.gcd(GCD.java:19)
	at java_programs.GCD.gcd(GCD.java:19)
	at java_programs.GCD.gcd(GCD.java:19)
	at java_programs.GCD.gcd(GCD.java:19)
	at java_programs.GCD.gcd(GCD.java:19)
	at java_programs.GCD.gcd(GCD.java:19)
	at java_programs.GCD.gcd(GCD.java:19)
	at java_programs.GCD.gcd(GCD.java:19)
	at java_programs.GCD.gcd(GCD.java:19)
	at java_programs.GCD.gcd(GCD.java:19)
	at java_programs.GCD.gcd(GCD.java:19)
	at java_programs.GCD.gcd(GCD.java:19)
	at java_programs.GCD.gcd(GCD.java:19)
	at java_programs.GCD.gcd(GCD.java:19)
	at java_programs.GCD.gcd(GCD.java:19)
	at java_programs.GCD.gcd(GCD.java:19)
	at java_programs.GCD.gcd(GCD.java:19)
	at java_programs.GCD.gcd(GCD.java:19)
	at java_programs.GCD.gcd(GCD.java:19)
	at java_programs.GCD.gcd(GCD.java:19)
	at java_programs.GCD.gcd(GCD.java:19)
	at java_programs.GCD.gcd(GCD.java:19)
	at java_programs.GCD.gcd(GCD.java:19)
	at java_programs.GCD.gcd(GCD.java:19)
	at java_programs.GCD.gcd(GCD.java:19)
	at java_programs.GCD.gcd(GCD.java:19)
	at java_programs.GCD.gcd(GCD.java:19)
	at java_programs.GCD.gcd(GCD.java:19)
	at java_programs.GCD.gcd(GCD.java:19)
	at java_programs.GCD.gcd(GCD.java:19)
	at java_programs.GCD.gcd(GCD.java:19)
	at java_programs.GCD.gcd(GCD.java:19)
	at java_programs.GCD.gcd(GCD.java:19)
	at java_programs.GCD.gcd(GCD.java:19)
	at java_programs.GCD.gcd(GCD.java:19)
	at java_programs.GCD.gcd(GCD.java:19)
	at java_programs.GCD.gcd(GCD.java:19)
	at java_programs.GCD.gcd(GCD.java:19)
	at java_programs.GCD.gcd(GCD.java:19)
	at java_programs.GCD.gcd(GCD.java:19)
	at java_programs.GCD.gcd(GCD.java:19)
	at java_programs.GCD.gcd(GCD.java:19)
	at java_programs.GCD.gcd(GCD.java:19)
	at java_programs.GCD.gcd(GCD.java:19)
	at java_programs.GCD.gcd(GCD.java:19)
	at java_programs.GCD.gcd(GCD.java:19)
	at java_programs.GCD.gcd(GCD.java:19)
	at java_programs.GCD.gcd(GCD.java:19)
	at java_programs.GCD.gcd(GCD.java:19)
	at java_programs.GCD.gcd(GCD.java:19)
	at java_programs.GCD.gcd(GCD.java:19)
	at java_programs.GCD.gcd(GCD.java:19)
	at java_programs.GCD.gcd(GCD.java:19)
	at java_programs.GCD.gcd(GCD.java:19)
	at java_programs.GCD.gcd(GCD.java:19)
	at java_programs.GCD.gcd(GCD.java:19)
	at java_programs.GCD.gcd(GCD.java:19)
	at java_programs.GCD.gcd(GCD.java:19)
	at java_programs.GCD.gcd(GCD.java:19)
	at java_programs.GCD.gcd(GCD.java:19)
	at java_programs.GCD.gcd(GCD.java:19)
	at java_programs.GCD.gcd(GCD.java:19)
	at java_programs.GCD.gcd(GCD.java:19)
	at java_programs.GCD.gcd(GCD.java:19)
	at java_programs.GCD.gcd(GCD.java:19)
	at java_programs.GCD.gcd(GCD.java:19)
	at java_programs.GCD.gcd(GCD.java:19)
	at java_programs.GCD.gcd(GCD.java:19)
	at java_programs.GCD.gcd(GCD.java:19)
	at java_programs.GCD.gcd(GCD.java:19)
	at java_programs.GCD.gcd(GCD.java:19)
	at java_programs.GCD.gcd(GCD.java:19)
	at java_programs.GCD.gcd(GCD.java:19)
	at java_programs.GCD.gcd(GCD.java:19)
	at java_programs.GCD.gcd(GCD.java:19)
	at java_programs.GCD.gcd(GCD.java:19)
	at java_programs.GCD.gcd(GCD.java:19)
	at java_programs.GCD.gcd(GCD.java:19)
	at java_programs.GCD.gcd(GCD.java:19)
	at java_programs.GCD.gcd(GCD.java:19)
	at java_programs.GCD.gcd(GCD.java:19)
	at java_programs.GCD.gcd(GCD.java:19)
	at java_programs.GCD.gcd(GCD.java:19)
	at java_programs.GCD.gcd(GCD.java:19)
	at java_programs.GCD.gcd(GCD.java:19)
	at java_programs.GCD.gcd(GCD.java:19)
	at java_programs.GCD.gcd(GCD.java:19)
	at java_programs.GCD.gcd(GCD.java:19)
	at java_programs.GCD.gcd(GCD.java:19)
	at java_programs.GCD.gcd(GCD.java:19)
	at java_programs.GCD.gcd(GCD.java:19)
	at java_programs.GCD.gcd(GCD.java:19)
	at java_programs.GCD.gcd(GCD.java:19)
	at java_programs.GCD.gcd(GCD.java:19)
	at java_programs.GCD.gcd(GCD.java:19)
	at java_programs.GCD.gcd(GCD.java:19)
	at java_programs.GCD.gcd(GCD.java:19)
	at java_programs.GCD.gcd(GCD.java:19)
	at java_programs.GCD.gcd(GCD.java:19)
	at java_programs.GCD.gcd(GCD.java:19)
	at java_programs.GCD.gcd(GCD.java:19)
	at java_programs.GCD.gcd(GCD.java:19)
	at java_programs.GCD.gcd(GCD.java:19)
	at java_programs.GCD.gcd(GCD.java:19)
	at java_programs.GCD.gcd(GCD.java:19)
	at java_programs.GCD.gcd(GCD.java:19)
	at java_programs.GCD.gcd(GCD.java:19)
	at java_programs.GCD.gcd(GCD.java:19)
	at java_programs.GCD.gcd(GCD.java:19)
	at java_programs.GCD.gcd(GCD.java:19)
	at java_programs.GCD.gcd(GCD.java:19)
	at java_programs.GCD.gcd(GCD.java:19)
	at java_programs.GCD.gcd(GCD.java:19)
	at java_programs.GCD.gcd(GCD.java:19)
	at java_programs.GCD.gcd(GCD.java:19)
	at java_programs.GCD.gcd(GCD.java:19)
	at java_programs.GCD.gcd(GCD.java:19)
	at java_programs.GCD.gcd(GCD.java:19)
	at java_programs.GCD.gcd(GCD.java:19)
	at java_programs.GCD.gcd(GCD.java:19)
	at java_programs.GCD.gcd(GCD.java:19)
	at java_programs.GCD.gcd(GCD.java:19)
	at java_programs.GCD.gcd(GCD.java:19)
	at java_programs.GCD.gcd(GCD.java:19)
	at java_programs.GCD.gcd(GCD.java:19)
	at java_programs.GCD.gcd(GCD.java:19)
	at java_programs.GCD.gcd(GCD.java:19)
	at java_programs.GCD.gcd(GCD.java:19)
	at java_programs.GCD.gcd(GCD.java:19)
	at java_programs.GCD.gcd(GCD.java:19)
	at java_programs.GCD.gcd(GCD.java:19)
	at java_programs.GCD.gcd(GCD.java:19)
	at java_programs.GCD.gcd(GCD.java:19)
	at java_programs.GCD.gcd(GCD.java:19)
	at java_programs.GCD.gcd(GCD.java:19)
	at java_programs.GCD.gcd(GCD.java:19)
	at java_programs.GCD.gcd(GCD.java:19)
	at java_programs.GCD.gcd(GCD.java:19)
	at java_programs.GCD.gcd(GCD.java:19)
	at java_programs.GCD.gcd(GCD.java:19)
	at java_programs.GCD.gcd(GCD.java:19)
	at java_programs.GCD.gcd(GCD.java:19)
	at java_programs.GCD.gcd(GCD.java:19)
	at java_programs.GCD.gcd(GCD.java:19)
	at java_programs.GCD.gcd(GCD.java:19)
	at java_programs.GCD.gcd(GCD.java:19)
	at java_programs.GCD.gcd(GCD.java:19)
	at java_programs.GCD.gcd(GCD.java:19)
	at java_programs.GCD.gcd(GCD.java:19)
	at java_programs.GCD.gcd(GCD.java:19)
	at java_programs.GCD.gcd(GCD.java:19)
	at java_programs.GCD.gcd(GCD.java:19)
	at java_programs.GCD.gcd(GCD.java:19)
	at java_programs.GCD.gcd(GCD.java:19)
	at java_programs.GCD.gcd(GCD.java:19)
	at java_programs.GCD.gcd(GCD.java:19)
	at java_programs.GCD.gcd(GCD.java:19)
	at java_programs.GCD.gcd(GCD.java:19)
	at java_programs.GCD.gcd(GCD.java:19)
	at java_programs.GCD.gcd(GCD.java:19)
	at java_programs.GCD.gcd(GCD.java:19)
	at java_programs.GCD.gcd(GCD.java:19)
	at java_programs.GCD.gcd(GCD.java:19)
	at java_programs.GCD.gcd(GCD.java:19)
	at java_programs.GCD.gcd(GCD.java:19)
	at java_programs.GCD.gcd(GCD.java:19)
	at java_programs.GCD.gcd(GCD.java:19)
	at java_programs.GCD.gcd(GCD.java:19)
	at java_programs.GCD.gcd(GCD.java:19)
	at java_programs.GCD.gcd(GCD.java:19)
	at java_programs.GCD.gcd(GCD.java:19)
	at java_programs.GCD.gcd(GCD.java:19)
	at java_programs.GCD.gcd(GCD.java:19)
	at java_programs.GCD.gcd(GCD.java:19)
	at java_programs.GCD.gcd(GCD.java:19)
	at java_programs.GCD.gcd(GCD.java:19)
	at java_programs.GCD.gcd(GCD.java:19)
	at java_programs.GCD.gcd(GCD.java:19)
	at java_programs.GCD.gcd(GCD.java:19)
	at java_programs.GCD.gcd(GCD.java:19)
	at java_programs.GCD.gcd(GCD.java:19)
	at java_programs.GCD.gcd(GCD.java:19)
	at java_programs.GCD.gcd(GCD.java:19)
	at java_programs.GCD.gcd(GCD.java:19)
	at java_programs.GCD.gcd(GCD.java:19)
	at java_programs.GCD.gcd(GCD.java:19)
	at java_programs.GCD.gcd(GCD.java:19)
	at java_programs.GCD.gcd(GCD.java:19)
	at java_programs.GCD.gcd(GCD.java:19)
	at java_programs.GCD.gcd(GCD.java:19)
	at java_programs.GCD.gcd(GCD.java:19)
	at java_programs.GCD.gcd(GCD.java:19)
	at java_programs.GCD.gcd(GCD.java:19)
	at java_programs.GCD.gcd(GCD.java:19)
	at java_programs.GCD.gcd(GCD.java:19)
	at java_programs.GCD.gcd(GCD.java:19)
	at java_programs.GCD.gcd(GCD.java:19)
	at java_programs.GCD.gcd(GCD.java:19)
	at java_programs.GCD.gcd(GCD.java:19)
	at java_programs.GCD.gcd(GCD.java:19)
	at java_programs.GCD.gcd(GCD.java:19)
	at java_programs.GCD.gcd(GCD.java:19)
	at java_programs.GCD.gcd(GCD.java:19)
	at java_programs.GCD.gcd(GCD.java:19)
	at java_programs.GCD.gcd(GCD.java:19)
	at java_programs.GCD.gcd(GCD.java:19)
	at java_programs.GCD.gcd(GCD.java:19)
	at java_programs.GCD.gcd(GCD.java:19)
	at java_programs.GCD.gcd(GCD.java:19)
	at java_programs.GCD.gcd(GCD.java:19)
	at java_programs.GCD.gcd(GCD.java:19)
	at java_programs.GCD.gcd(GCD.java:19)
	at java_programs.GCD.gcd(GCD.java:19)
	at java_programs.GCD.gcd(GCD.java:19)
	at java_programs.GCD.gcd(GCD.java:19)
	at java_programs.GCD.gcd(GCD.java:19)
	at java_programs.GCD.gcd(GCD.java:19)
	at java_programs.GCD.gcd(GCD.java:19)
	at java_programs.GCD.gcd(GCD.java:19)
	at java_programs.GCD.gcd(GCD.java:19)
	at java_programs.GCD.gcd(GCD.java:19)
	at java_programs.GCD.gcd(GCD.java:19)
	at java_programs.GCD.gcd(GCD.java:19)
	at java_programs.GCD.gcd(GCD.java:19)
	at java_programs.GCD.gcd(GCD.java:19)
	at java_programs.GCD.gcd(GCD.java:19)
	at java_programs.GCD.gcd(GCD.java:19)
	at java_programs.GCD.gcd(GCD.java:19)
	at java_programs.GCD.gcd(GCD.java:19)
	at java_programs.GCD.gcd(GCD.java:19)
	at java_programs.GCD.gcd(GCD.java:19)
	at java_programs.GCD.gcd(GCD.java:19)
	at java_programs.GCD.gcd(GCD.java:19)
	at java_programs.GCD.gcd(GCD.java:19)
	at java_programs.GCD.gcd(GCD.java:19)
	at java_programs.GCD.gcd(GCD.java:19)
	at java_programs.GCD.gcd(GCD.java:19)
	at java_programs.GCD.gcd(GCD.java:19)
	at java_programs.GCD.gcd(GCD.java:19)
	at java_programs.GCD.gcd(GCD.java:19)
	at java_programs.GCD.gcd(GCD.java:19)
	at java_programs.GCD.gcd(GCD.java:19)
	at java_programs.GCD.gcd(GCD.java:19)
	at java_programs.GCD.gcd(GCD.java:19)
	at java_programs.GCD.gcd(GCD.java:19)
	at java_programs.GCD.gcd(GCD.java:19)
	at java_programs.GCD.gcd(GCD.java:19)
	at java_programs.GCD.gcd(GCD.java:19)
	at java_programs.GCD.gcd(GCD.java:19)
	at java_programs.GCD.gcd(GCD.java:19)
	at java_programs.GCD.gcd(GCD.java:19)
	at java_programs.GCD.gcd(GCD.java:19)
	at java_programs.GCD.gcd(GCD.java:19)
	at java_programs.GCD.gcd(GCD.java:19)
	at java_programs.GCD.gcd(GCD.java:19)
	at java_programs.GCD.gcd(GCD.java:19)
	at java_programs.GCD.gcd(GCD.java:19)
	at java_programs.GCD.gcd(GCD.java:19)
	at java_programs.GCD.gcd(GCD.java:19)
	at java_programs.GCD.gcd(GCD.java:19)
	at java_programs.GCD.gcd(GCD.java:19)
	at java_programs.GCD.gcd(GCD.java:19)
	at java_programs.GCD.gcd(GCD.java:19)
	at java_programs.GCD.gcd(GCD.java:19)
	at java_programs.GCD.gcd(GCD.java:19)
	at java_programs.GCD.gcd(GCD.java:19)
	at java_programs.GCD.gcd(GCD.java:19)
	at java_programs.GCD.gcd(GCD.java:19)
	at java_programs.GCD.gcd(GCD.java:19)
	at java_programs.GCD.gcd(GCD.java:19)
	at java_programs.GCD.gcd(GCD.java:19)
	at java_programs.GCD.gcd(GCD.java:19)
	at java_programs.GCD.gcd(GCD.java:19)
	at java_programs.GCD.gcd(GCD.java:19)
	at java_programs.GCD.gcd(GCD.java:19)
	at java_programs.GCD.gcd(GCD.java:19)
	at java_programs.GCD.gcd(GCD.java:19)
	at java_programs.GCD.gcd(GCD.java:19)
	at java_programs.GCD.gcd(GCD.java:19)
	at java_programs.GCD.gcd(GCD.java:19)
	at java_programs.GCD.gcd(GCD.java:19)
	at java_programs.GCD.gcd(GCD.java:19)
	at java_programs.GCD.gcd(GCD.java:19)
	at java_programs.GCD.gcd(GCD.java:19)
	at java_programs.GCD.gcd(GCD.java:19)
	at java_programs.GCD.gcd(GCD.java:19)
	at java_programs.GCD.gcd(GCD.java:19)
	at java_programs.GCD.gcd(GCD.java:19)
	at java_programs.GCD.gcd(GCD.java:19)
	at java_programs.GCD.gcd(GCD.java:19)
	at java_programs.GCD.gcd(GCD.java:19)
	at java_programs.GCD.gcd(GCD.java:19)
	at java_programs.GCD.gcd(GCD.java:19)
	at java_programs.GCD.gcd(GCD.java:19)
	at java_programs.GCD.gcd(GCD.java:19)
	at java_programs.GCD.gcd(GCD.java:19)
	at java_programs.GCD.gcd(GCD.java:19)
	at java_programs.GCD.gcd(GCD.java:19)
	at java_programs.GCD.gcd(GCD.java:19)
	at java_programs.GCD.gcd(GCD.java:19)
	at java_programs.GCD.gcd(GCD.java:19)
	at java_programs.GCD.gcd(GCD.java:19)
	at java_programs.GCD.gcd(GCD.java:19)
	at java_programs.GCD.gcd(GCD.java:19)
	at java_programs.GCD.gcd(GCD.java:19)
	at java_programs.GCD.gcd(GCD.java:19)
	at java_programs.GCD.gcd(GCD.java:19)
	at java_programs.GCD.gcd(GCD.java:19)
	at java_programs.GCD.gcd(GCD.java:19)
	at java_programs.GCD.gcd(GCD.java:19)
	at java_programs.GCD.gcd(GCD.java:19)
	at java_programs.GCD.gcd(GCD.java:19)
	at java_programs.GCD.gcd(GCD.java:19)
	at java_programs.GCD.gcd(GCD.java:19)
	at java_programs.GCD.gcd(GCD.java:19)
	at java_programs.GCD.gcd(GCD.java:19)
	at java_programs.GCD.gcd(GCD.java:19)
	at java_programs.GCD.gcd(GCD.java:19)
	at java_programs.GCD.gcd(GCD.java:19)
	at java_programs.GCD.gcd(GCD.java:19)
	at java_programs.GCD.gcd(GCD.java:19)
	at java_programs.GCD.gcd(GCD.java:19)
	at java_programs.GCD.gcd(GCD.java:19)
	at java_programs.GCD.gcd(GCD.java:19)
	at java_programs.GCD.gcd(GCD.java:19)
	at java_programs.GCD.gcd(GCD.java:19)
	at java_programs.GCD.gcd(GCD.java:19)
	at java_programs.GCD.gcd(GCD.java:19)
	at java_programs.GCD.gcd(GCD.java:19)
	at java_programs.GCD.gcd(GCD.java:19)
	at java_programs.GCD.gcd(GCD.java:19)
	at java_programs.GCD.gcd(GCD.java:19)
	at java_programs.GCD.gcd(GCD.java:19)
	at java_programs.GCD.gcd(GCD.java:19)
	at java_programs.GCD.gcd(GCD.java:19)
	at java_programs.GCD.gcd(GCD.java:19)
	at java_programs.GCD.gcd(GCD.java:19)
	at java_programs.GCD.gcd(GCD.java:19)
	at java_programs.GCD.gcd(GCD.java:19)
	at java_programs.GCD.gcd(GCD.java:19)
	at java_programs.GCD.gcd(GCD.java:19)
	at java_programs.GCD.gcd(GCD.java:19)
	at java_programs.GCD.gcd(GCD.java:19)
	at java_programs.GCD.gcd(GCD.java:19)
	at java_programs.GCD.gcd(GCD.java:19)
	at java_programs.GCD.gcd(GCD.java:19)
	at java_programs.GCD.gcd(GCD.java:19)
	at java_programs.GCD.gcd(GCD.java:19)
	at java_programs.GCD.gcd(GCD.java:19)
	at java_programs.GCD.gcd(GCD.java:19)
	at java_programs.GCD.gcd(GCD.java:19)
	at java_programs.GCD.gcd(GCD.java:19)
	at java_programs.GCD.gcd(GCD.java:19)
	at java_programs.GCD.gcd(GCD.java:19)
	at java_programs.GCD.gcd(GCD.java:19)
	at java_programs.GCD.gcd(GCD.java:19)
	at java_programs.GCD.gcd(GCD.java:19)
	at java_programs.GCD.gcd(GCD.java:19)
	at java_programs.GCD.gcd(GCD.java:19)
	at java_programs.GCD.gcd(GCD.java:19)
	at java_programs.GCD.gcd(GCD.java:19)
	at java_programs.GCD.gcd(GCD.java:19)
	at java_programs.GCD.gcd(GCD.java:19)
	at java_programs.GCD.gcd(GCD.java:19)
	at java_programs.GCD.gcd(GCD.java:19)
	at java_programs.GCD.gcd(GCD.java:19)
	at java_programs.GCD.gcd(GCD.java:19)
	at java_programs.GCD.gcd(GCD.java:19)
	at java_programs.GCD.gcd(GCD.java:19)
	at java_programs.GCD.gcd(GCD.java:19)
	at java_programs.GCD.gcd(GCD.java:19)
	at java_programs.GCD.gcd(GCD.java:19)
	at java_programs.GCD.gcd(GCD.java:19)
	at java_programs.GCD.gcd(GCD.java:19)
	at java_programs.GCD.gcd(GCD.java:19)
	at java_programs.GCD.gcd(GCD.java:19)
	at java_programs.GCD.gcd(GCD.java:19)
	at java_programs.GCD.gcd(GCD.java:19)
	at java_programs.GCD.gcd(GCD.java:19)
	at java_programs.GCD.gcd(GCD.java:19)
	at java_programs.GCD.gcd(GCD.java:19)
	at java_programs.GCD.gcd(GCD.java:19)
	at java_programs.GCD.gcd(GCD.java:19)
	at java_programs.GCD.gcd(GCD.java:19)
	at java_programs.GCD.gcd(GCD.java:19)
	at java_programs.GCD.gcd(GCD.java:19)
	at java_programs.GCD.gcd(GCD.java:19)
	at java_programs.GCD.gcd(GCD.java:19)
	at java_programs.GCD.gcd(GCD.java:19)
	at java_programs.GCD.gcd(GCD.java:19)
	at java_programs.GCD.gcd(GCD.java:19)
	at java_programs.GCD.gcd(GCD.java:19)
	at java_programs.GCD.gcd(GCD.java:19)
	at java_programs.GCD.gcd(GCD.java:19)
	at java_programs.GCD.gcd(GCD.java:19)
	at java_programs.GCD.gcd(GCD.java:19)
	at java_programs.GCD.gcd(GCD.java:19)
	at java_programs.GCD.gcd(GCD.java:19)
	at java_programs.GCD.gcd(GCD.java:19)
	at java_programs.GCD.gcd(GCD.java:19)
	at java_programs.GCD.gcd(GCD.java:19)
	at java_programs.GCD.gcd(GCD.java:19)
	at java_programs.GCD.gcd(GCD.java:19)
	at java_programs.GCD.gcd(GCD.java:19)
	at java_programs.GCD.gcd(GCD.java:19)
	at java_programs.GCD.gcd(GCD.java:19)
	at java_programs.GCD.gcd(GCD.java:19)
	at java_programs.GCD.gcd(GCD.java:19)
	at java_programs.GCD.gcd(GCD.java:19)
	at java_programs.GCD.gcd(GCD.java:19)
	at java_programs.GCD.gcd(GCD.java:19)
	at java_programs.GCD.gcd(GCD.java:19)
	at java_programs.GCD.gcd(GCD.java:19)
	at java_programs.GCD.gcd(GCD.java:19)
	at java_programs.GCD.gcd(GCD.java:19)
	at java_programs.GCD.gcd(GCD.java:19)
	at java_programs.GCD.gcd(GCD.java:19)
	at java_programs.GCD.gcd(GCD.java:19)
	at java_programs.GCD.gcd(GCD.java:19)
	at java_programs.GCD.gcd(GCD.java:19)
	at java_programs.GCD.gcd(GCD.java:19)
	at java_programs.GCD.gcd(GCD.java:19)
	at java_programs.GCD.gcd(GCD.java:19)
	at java_programs.GCD.gcd(GCD.java:19)
	at java_programs.GCD.gcd(GCD.java:19)
	at java_programs.GCD.gcd(GCD.java:19)
	at java_programs.GCD.gcd(GCD.java:19)
	at java_programs.GCD.gcd(GCD.java:19)
	at java_programs.GCD.gcd(GCD.java:19)
	at java_programs.GCD.gcd(GCD.java:19)
	at java_programs.GCD.gcd(GCD.java:19)
	at java_programs.GCD.gcd(GCD.java:19)
	at java_programs.GCD.gcd(GCD.java:19)
	at java_programs.GCD.gcd(GCD.java:19)
	at java_programs.GCD.gcd(GCD.java:19)
	at java_programs.GCD.gcd(GCD.java:19)
	at java_programs.GCD.gcd(GCD.java:19)
	at java_programs.GCD.gcd(GCD.java:19)
	at java_programs.GCD.gcd(GCD.java:19)
	at java_programs.GCD.gcd(GCD.java:19)
	at java_programs.GCD.gcd(GCD.java:19)
	at java_programs.GCD.gcd(GCD.java:19)
	at java_programs.GCD.gcd(GCD.java:19)
	at java_programs.GCD.gcd(GCD.java:19)
	at java_programs.GCD.gcd(GCD.java:19)
	at java_programs.GCD.gcd(GCD.java:19)
	at java_programs.GCD.gcd(GCD.java:19)
	at java_programs.GCD.gcd(GCD.java:19)
	at java_programs.GCD.gcd(GCD.java:19)
	at java_programs.GCD.gcd(GCD.java:19)
	at java_programs.GCD.gcd(GCD.java:19)
	at java_programs.GCD.gcd(GCD.java:19)
	at java_programs.GCD.gcd(GCD.java:19)
	at java_programs.GCD.gcd(GCD.java:19)
	at java_programs.GCD.gcd(GCD.java:19)
	at java_programs.GCD.gcd(GCD.java:19)
	at java_programs.GCD.gcd(GCD.java:19)
	at java_programs.GCD.gcd(GCD.java:19)
	at java_programs.GCD.gcd(GCD.java:19)
	at java_programs.GCD.gcd(GCD.java:19)
	at java_programs.GCD.gcd(GCD.java:19)
	at java_programs.GCD.gcd(GCD.java:19)
	at java_programs.GCD.gcd(GCD.java:19)
	at java_programs.GCD.gcd(GCD.java:19)
	at java_programs.GCD.gcd(GCD.java:19)
	at java_programs.GCD.gcd(GCD.java:19)
	at java_programs.GCD.gcd(GCD.java:19)
	at java_programs.GCD.gcd(GCD.java:19)
	at java_programs.GCD.gcd(GCD.java:19)
	at java_programs.GCD.gcd(GCD.java:19)
	at java_programs.GCD.gcd(GCD.java:19)
	at java_programs.GCD.gcd(GCD.java:19)
	at java_programs.GCD.gcd(GCD.java:19)
	at java_programs.GCD.gcd(GCD.java:19)
	at java_programs.GCD.gcd(GCD.java:19)
	at java_programs.GCD.gcd(GCD.java:19)
	at java_programs.GCD.gcd(GCD.java:19)
	at java_programs.GCD.gcd(GCD.java:19)
	at java_programs.GCD.gcd(GCD.java:19)
	at java_programs.GCD.gcd(GCD.java:19)
	at java_programs.GCD.gcd(GCD.java:19)
	at java_programs.GCD.gcd(GCD.java:19)
	at java_programs.GCD.gcd(GCD.java:19)
	at java_programs.GCD.gcd(GCD.java:19)
	at java_programs.GCD.gcd(GCD.java:19)
	at java_programs.GCD.gcd(GCD.java:19)
	at java_programs.GCD.gcd(GCD.java:19)
	at java_programs.GCD.gcd(GCD.java:19)
	at java_programs.GCD.gcd(GCD.java:19)
	at java_programs.GCD.gcd(GCD.java:19)
	at java_programs.GCD.gcd(GCD.java:19)
	at java_programs.GCD.gcd(GCD.java:19)
	at java_programs.GCD.gcd(GCD.java:19)
	at java_programs.GCD.gcd(GCD.java:19)
	at java_programs.GCD.gcd(GCD.java:19)
	at java_programs.GCD.gcd(GCD.java:19)
	at java_programs.GCD.gcd(GCD.java:19)
	at java_programs.GCD.gcd(GCD.java:19)
	at java_programs.GCD.gcd(GCD.java:19)
	at java_programs.GCD.gcd(GCD.java:19)
	at java_programs.GCD.gcd(GCD.java:19)
	at java_programs.GCD.gcd(GCD.java:19)
	at java_programs.GCD.gcd(GCD.java:19)
	at java_programs.GCD.gcd(GCD.java:19)
	at java_programs.GCD.gcd(GCD.java:19)
	at java_programs.GCD.gcd(GCD.java:19)
	at java_programs.GCD.gcd(GCD.java:19)
	at java_programs.GCD.gcd(GCD.java:19)
	at java_programs.GCD.gcd(GCD.java:19)
	at java_programs.GCD.gcd(GCD.java:19)
	at java_programs.GCD.gcd(GCD.java:19)
	at java_programs.GCD.gcd(GCD.java:19)
	at java_programs.GCD.gcd(GCD.java:19)
	at java_programs.GCD.gcd(GCD.java:19)
	at java_programs.GCD.gcd(GCD.java:19)
	at java_programs.GCD.gcd(GCD.java:19)
	at java_programs.GCD.gcd(GCD.java:19)
	at java_programs.GCD.gcd(GCD.java:19)
	at java_programs.GCD.gcd(GCD.java:19)
	at java_programs.GCD.gcd(GCD.java:19)
	at java_programs.GCD.gcd(GCD.java:19)
	at java_programs.GCD.gcd(GCD.java:19)
	at java_programs.GCD.gcd(GCD.java:19)
	at java_programs.GCD.gcd(GCD.java:19)
	at java_programs.GCD.gcd(GCD.java:19)
	at java_programs.GCD.gcd(GCD.java:19)
	at java_programs.GCD.gcd(GCD.java:19)
	at java_programs.GCD.gcd(GCD.java:19)
	at java_programs.GCD.gcd(GCD.java:19)
	at java_programs.GCD.gcd(GCD.java:19)
	at java_programs.GCD.gcd(GCD.java:19)
	at java_programs.GCD.gcd(GCD.java:19)
	at java_programs.GCD.gcd(GCD.java:19)
	at java_programs.GCD.gcd(GCD.java:19)
	at java_programs.GCD.gcd(GCD.java:19)
	at java_programs.GCD.gcd(GCD.java:19)
	at java_programs.GCD.gcd(GCD.java:19)
	at java_programs.GCD.gcd(GCD.java:19)
	at java_programs.GCD.gcd(GCD.java:19)
	at java_programs.GCD.gcd(GCD.java:19)
	at java_programs.GCD.gcd(GCD.java:19)
	at java_programs.GCD.gcd(GCD.java:19)
	at java_programs.GCD.gcd(GCD.java:19)
	at java_programs.GCD.gcd(GCD.java:19)
	at java_programs.GCD.gcd(GCD.java:19)
	at java_programs.GCD.gcd(GCD.java:19)
	at java_programs.GCD.gcd(GCD.java:19)
	at java_programs.GCD.gcd(GCD.java:19)
	at java_programs.GCD.gcd(GCD.java:19)
	at java_programs.GCD.gcd(GCD.java:19)
	at java_programs.GCD.gcd(GCD.java:19)
	at java_programs.GCD.gcd(GCD.java:19)
	at java_programs.GCD.gcd(GCD.java:19)
	at java_programs.GCD.gcd(GCD.java:19)
	at java_programs.GCD.gcd(GCD.java:19)
	at java_programs.GCD.gcd(GCD.java:19)
	at java_programs.GCD.gcd(GCD.java:19)
	at java_programs.GCD.gcd(GCD.java:19)
	at java_programs.GCD.gcd(GCD.java:19)
	at java_programs.GCD.gcd(GCD.java:19)
	at java_programs.GCD.gcd(GCD.java:19)
	at java_programs.GCD.gcd(GCD.java:19)
	at java_programs.GCD.gcd(GCD.java:19)
	at java_programs.GCD.gcd(GCD.java:19)
	at java_programs.GCD.gcd(GCD.java:19)
	at java_programs.GCD.gcd(GCD.java:19)
	at java_programs.GCD.gcd(GCD.java:19)
	at java_programs.GCD.gcd(GCD.java:19)
	at java_programs.GCD.gcd(GCD.java:19)
	at java_programs.GCD.gcd(GCD.java:19)
	at java_programs.GCD.gcd(GCD.java:19)
	at java_programs.GCD.gcd(GCD.java:19)
	at java_programs.GCD.gcd(GCD.java:19)
	at java_programs.GCD.gcd(GCD.java:19)
	at java_programs.GCD.gcd(GCD.java:19)
	at java_programs.GCD.gcd(GCD.java:19)
	at java_programs.GCD.gcd(GCD.java:19)
	at java_programs.GCD.gcd(GCD.java:19)
	at java_programs.GCD.gcd(GCD.java:19)
	at java_programs.GCD.gcd(GCD.java:19)
	at java_programs.GCD.gcd(GCD.java:19)
	at java_programs.GCD.gcd(GCD.java:19)
	at java_programs.GCD.gcd(GCD.java:19)
	at java_programs.GCD.gcd(GCD.java:19)
	at java_programs.GCD.gcd(GCD.java:19)
	at java_programs.GCD.gcd(GCD.java:19)
	at java_programs.GCD.gcd(GCD.java:19)
	at java_programs.GCD.gcd(GCD.java:19)
	at java_programs.GCD.gcd(GCD.java:19)
	at java_programs.GCD.gcd(GCD.java:19)
	at java_programs.GCD.gcd(GCD.java:19)
	at java_programs.GCD.gcd(GCD.java:19)
	at java_programs.GCD.gcd(GCD.java:19)
	at java_programs.GCD.gcd(GCD.java:19)
	at java_programs.GCD.gcd(GCD.java:19)
	at java_programs.GCD.gcd(GCD.java:19)
	at java_programs.GCD.gcd(GCD.java:19)
	at java_programs.GCD.gcd(GCD.java:19)
	at java_programs.GCD.gcd(GCD.java:19)
	at java_programs.GCD.gcd(GCD.java:19)
	at java_programs.GCD.gcd(GCD.java:19)
	at java_programs.GCD.gcd(GCD.java:19)
	at java_programs.GCD.gcd(GCD.java:19)
	at java_programs.GCD.gcd(GCD.java:19)
	at java_programs.GCD.gcd(GCD.java:19)
	at java_programs.GCD.gcd(GCD.java:19)
	at java_programs.GCD.gcd(GCD.java:19)
	at java_programs.GCD.gcd(GCD.java:19)
	at java_programs.GCD.gcd(GCD.java:19)
	at java_programs.GCD.gcd(GCD.java:19)
	at java_programs.GCD.gcd(GCD.java:19)
	at java_programs.GCD.gcd(GCD.java:19)
	at java_programs.GCD.gcd(GCD.java:19)
	at java_programs.GCD.gcd(GCD.java:19)
	at java_programs.GCD.gcd(GCD.java:19)
	at java_programs.GCD.gcd(GCD.java:19)
	at java_programs.GCD.gcd(GCD.java:19)
	at java_programs.GCD.gcd(GCD.java:19)
	at java_programs.GCD.gcd(GCD.java:19)
	at java_programs.GCD.gcd(GCD.java:19)
	at java_programs.GCD.gcd(GCD.java:19)
	at java_programs.GCD.gcd(GCD.java:19)
	at java_programs.GCD.gcd(GCD.java:19)
	at java_programs.GCD.gcd(GCD.java:19)
	at java_programs.GCD.gcd(GCD.java:19)
	at java_programs.GCD.gcd(GCD.java:19)
	at java_programs.GCD.gcd(GCD.java:19)
	at java_programs.GCD.gcd(GCD.java:19)
	at java_programs.GCD.gcd(GCD.java:19)
	at java_programs.GCD.gcd(GCD.java:19)
	at java_programs.GCD.gcd(GCD.java:19)
	at java_programs.GCD.gcd(GCD.java:19)
	at java_programs.GCD.gcd(GCD.java:19)
	at java_programs.GCD.gcd(GCD.java:19)
	at java_programs.GCD.gcd(GCD.java:19)
	at java_programs.GCD.gcd(GCD.java:19)
	at java_programs.GCD.gcd(GCD.java:19)
	at java_programs.GCD.gcd(GCD.java:19)
	at java_programs.GCD.gcd(GCD.java:19)
	at java_programs.GCD.gcd(GCD.java:19)
	at java_programs.GCD.gcd(GCD.java:19)
	at java_programs.GCD.gcd(GCD.java:19)
	at java_programs.GCD.gcd(GCD.java:19)
	at java_programs.GCD.gcd(GCD.java:19)
	at java_programs.GCD.gcd(GCD.java:19)
	at java_programs.GCD.gcd(GCD.java:19)
	at java_programs.GCD.gcd(GCD.java:19)
	at java_programs.GCD.gcd(GCD.java:19)
	at java_programs.GCD.gcd(GCD.java:19)
	at java_programs.GCD.gcd(GCD.java:19)
	at java_programs.GCD.gcd(GCD.java:19)
	at java_programs.GCD.gcd(GCD.java:19)
	at java_programs.GCD.gcd(GCD.java:19)
	at java_programs.GCD.gcd(GCD.java:19)
	at java_programs.GCD.gcd(GCD.java:19)
	at java_programs.GCD.gcd(GCD.java:19)
	at java_programs.GCD.gcd(GCD.java:19)
	at java_programs.GCD.gcd(GCD.java:19)
	at java_programs.GCD.gcd(GCD.java:19)
	at java_programs.GCD.gcd(GCD.java:19)
	at java_programs.GCD.gcd(GCD.java:19)
	at java_programs.GCD.gcd(GCD.java:19)
	at java_programs.GCD.gcd(GCD.java:19)
	at java_programs.GCD.gcd(GCD.java:19)
	at java_programs.GCD.gcd(GCD.java:19)
	at java_programs.GCD.gcd(GCD.java:19)
	at java_programs.GCD.gcd(GCD.java:19)
	at java_programs.GCD.gcd(GCD.java:19)
	at java_programs.GCD.gcd(GCD.java:19)
	at java_programs.GCD.gcd(GCD.java:19)
	at java_programs.GCD.gcd(GCD.java:19)
	at java_programs.GCD.gcd(GCD.java:19)
	at java_programs.GCD.gcd(GCD.java:19)
	at java_programs.GCD.gcd(GCD.java:19)
	at java_programs.GCD.gcd(GCD.java:19)
	at java_programs.GCD.gcd(GCD.java:19)
	at java_programs.GCD.gcd(GCD.java:19)
	at java_programs.GCD.gcd(GCD.java:19)
	at java_programs.GCD.gcd(GCD.java:19)
	at java_programs.GCD.gcd(GCD.java:19)
	at java_programs.GCD.gcd(GCD.java:19)
	at java_programs.GCD.gcd(GCD.java:19)
	at java_programs.GCD.gcd(GCD.java:19)
	at java_programs.GCD.gcd(GCD.java:19)
	at java_programs.GCD.gcd(GCD.java:19)
	at java_programs.GCD.gcd(GCD.java:19)
	at java_programs.GCD.gcd(GCD.java:19)
	at java_programs.GCD.gcd(GCD.java:19)
	at java_programs.GCD.gcd(GCD.java:19)
	at java_programs.GCD.gcd(GCD.java:19)
	at java_programs.GCD.gcd(GCD.java:19)
	at java_programs.GCD.gcd(GCD.java:19)
	at java_programs.GCD.gcd(GCD.java:19)
	at java_programs.GCD.gcd(GCD.java:19)
	at java_programs.GCD.gcd(GCD.java:19)
	at java_programs.GCD.gcd(GCD.java:19)
	at java_programs.GCD.gcd(GCD.java:19)
	at java_programs.GCD.gcd(GCD.java:19)
	at java_programs.GCD.gcd(GCD.java:19)
	at java_programs.GCD.gcd(GCD.java:19)
	at java_programs.GCD.gcd(GCD.java:19)
	at java_programs.GCD.gcd(GCD.java:19)
	at java_programs.GCD.gcd(GCD.java:19)
	at java_programs.GCD.gcd(GCD.java:19)
	at java_programs.GCD.gcd(GCD.java:19)
	at java_programs.GCD.gcd(GCD.java:19)
	at java_programs.GCD.gcd(GCD.java:19)
	at java_programs.GCD.gcd(GCD.java:19)
	at java_programs.GCD.gcd(GCD.java:19)
	at java_programs.GCD.gcd(GCD.java:19)
	at java_programs.GCD.gcd(GCD.java:19)
	at java_programs.GCD.gcd(GCD.java:19)
	at java_programs.GCD.gcd(GCD.java:19)
	at java_programs.GCD.gcd(GCD.java:19)
	at java_programs.GCD.gcd(GCD.java:19)
	at java_programs.GCD.gcd(GCD.java:19)
	at java_programs.GCD.gcd(GCD.java:19)
	at java_programs.GCD.gcd(GCD.java:19)
	at java_programs.GCD.gcd(GCD.java:19)
	at java_programs.GCD.gcd(GCD.java:19)
	at java_programs.GCD.gcd(GCD.java:19)
	at java_programs.GCD.gcd(GCD.java:19)
	at java_programs.GCD.gcd(GCD.java:19)
	at java_programs.GCD.gcd(GCD.java:19)
	at java_programs.GCD.gcd(GCD.java:19)
	at java_programs.GCD.gcd(GCD.java:19)
	at java_programs.GCD.gcd(GCD.java:19)
</failure>
  </testcase>
  <testcase name="test_2()" classname="test.java.GCD_TEST" time="0.012">
    <failure message="java.lang.StackOverflowError" type="java.lang.StackOverflowError">java.lang.StackOverflowError
	at java_programs.GCD.gcd(GCD.java:19)
	at java_programs.GCD.gcd(GCD.java:19)
	at java_programs.GCD.gcd(GCD.java:19)
	at java_programs.GCD.gcd(GCD.java:19)
	at java_programs.GCD.gcd(GCD.java:19)
	at java_programs.GCD.gcd(GCD.java:19)
	at java_programs.GCD.gcd(GCD.java:19)
	at java_programs.GCD.gcd(GCD.java:19)
	at java_programs.GCD.gcd(GCD.java:19)
	at java_programs.GCD.gcd(GCD.java:19)
	at java_programs.GCD.gcd(GCD.java:19)
	at java_programs.GCD.gcd(GCD.java:19)
	at java_programs.GCD.gcd(GCD.java:19)
	at java_programs.GCD.gcd(GCD.java:19)
	at java_programs.GCD.gcd(GCD.java:19)
	at java_programs.GCD.gcd(GCD.java:19)
	at java_programs.GCD.gcd(GCD.java:19)
	at java_programs.GCD.gcd(GCD.java:19)
	at java_programs.GCD.gcd(GCD.java:19)
	at java_programs.GCD.gcd(GCD.java:19)
	at java_programs.GCD.gcd(GCD.java:19)
	at java_programs.GCD.gcd(GCD.java:19)
	at java_programs.GCD.gcd(GCD.java:19)
	at java_programs.GCD.gcd(GCD.java:19)
	at java_programs.GCD.gcd(GCD.java:19)
	at java_programs.GCD.gcd(GCD.java:19)
	at java_programs.GCD.gcd(GCD.java:19)
	at java_programs.GCD.gcd(GCD.java:19)
	at java_programs.GCD.gcd(GCD.java:19)
	at java_programs.GCD.gcd(GCD.java:19)
	at java_programs.GCD.gcd(GCD.java:19)
	at java_programs.GCD.gcd(GCD.java:19)
	at java_programs.GCD.gcd(GCD.java:19)
	at java_programs.GCD.gcd(GCD.java:19)
	at java_programs.GCD.gcd(GCD.java:19)
	at java_programs.GCD.gcd(GCD.java:19)
	at java_programs.GCD.gcd(GCD.java:19)
	at java_programs.GCD.gcd(GCD.java:19)
	at java_programs.GCD.gcd(GCD.java:19)
	at java_programs.GCD.gcd(GCD.java:19)
	at java_programs.GCD.gcd(GCD.java:19)
	at java_programs.GCD.gcd(GCD.java:19)
	at java_programs.GCD.gcd(GCD.java:19)
	at java_programs.GCD.gcd(GCD.java:19)
	at java_programs.GCD.gcd(GCD.java:19)
	at java_programs.GCD.gcd(GCD.java:19)
	at java_programs.GCD.gcd(GCD.java:19)
	at java_programs.GCD.gcd(GCD.java:19)
	at java_programs.GCD.gcd(GCD.java:19)
	at java_programs.GCD.gcd(GCD.java:19)
	at java_programs.GCD.gcd(GCD.java:19)
	at java_programs.GCD.gcd(GCD.java:19)
	at java_programs.GCD.gcd(GCD.java:19)
	at java_programs.GCD.gcd(GCD.java:19)
	at java_programs.GCD.gcd(GCD.java:19)
	at java_programs.GCD.gcd(GCD.java:19)
	at java_programs.GCD.gcd(GCD.java:19)
	at java_programs.GCD.gcd(GCD.java:19)
	at java_programs.GCD.gcd(GCD.java:19)
	at java_programs.GCD.gcd(GCD.java:19)
	at java_programs.GCD.gcd(GCD.java:19)
	at java_programs.GCD.gcd(GCD.java:19)
	at java_programs.GCD.gcd(GCD.java:19)
	at java_programs.GCD.gcd(GCD.java:19)
	at java_programs.GCD.gcd(GCD.java:19)
	at java_programs.GCD.gcd(GCD.java:19)
	at java_programs.GCD.gcd(GCD.java:19)
	at java_programs.GCD.gcd(GCD.java:19)
	at java_programs.GCD.gcd(GCD.java:19)
	at java_programs.GCD.gcd(GCD.java:19)
	at java_programs.GCD.gcd(GCD.java:19)
	at java_programs.GCD.gcd(GCD.java:19)
	at java_programs.GCD.gcd(GCD.java:19)
	at java_programs.GCD.gcd(GCD.java:19)
	at java_programs.GCD.gcd(GCD.java:19)
	at java_programs.GCD.gcd(GCD.java:19)
	at java_programs.GCD.gcd(GCD.java:19)
	at java_programs.GCD.gcd(GCD.java:19)
	at java_programs.GCD.gcd(GCD.java:19)
	at java_programs.GCD.gcd(GCD.java:19)
	at java_programs.GCD.gcd(GCD.java:19)
	at java_programs.GCD.gcd(GCD.java:19)
	at java_programs.GCD.gcd(GCD.java:19)
	at java_programs.GCD.gcd(GCD.java:19)
	at java_programs.GCD.gcd(GCD.java:19)
	at java_programs.GCD.gcd(GCD.java:19)
	at java_programs.GCD.gcd(GCD.java:19)
	at java_programs.GCD.gcd(GCD.java:19)
	at java_programs.GCD.gcd(GCD.java:19)
	at java_programs.GCD.gcd(GCD.java:19)
	at java_programs.GCD.gcd(GCD.java:19)
	at java_programs.GCD.gcd(GCD.java:19)
	at java_programs.GCD.gcd(GCD.java:19)
	at java_programs.GCD.gcd(GCD.java:19)
	at java_programs.GCD.gcd(GCD.java:19)
	at java_programs.GCD.gcd(GCD.java:19)
	at java_programs.GCD.gcd(GCD.java:19)
	at java_programs.GCD.gcd(GCD.java:19)
	at java_programs.GCD.gcd(GCD.java:19)
	at java_programs.GCD.gcd(GCD.java:19)
	at java_programs.GCD.gcd(GCD.java:19)
	at java_programs.GCD.gcd(GCD.java:19)
	at java_programs.GCD.gcd(GCD.java:19)
	at java_programs.GCD.gcd(GCD.java:19)
	at java_programs.GCD.gcd(GCD.java:19)
	at java_programs.GCD.gcd(GCD.java:19)
	at java_programs.GCD.gcd(GCD.java:19)
	at java_programs.GCD.gcd(GCD.java:19)
	at java_programs.GCD.gcd(GCD.java:19)
	at java_programs.GCD.gcd(GCD.java:19)
	at java_programs.GCD.gcd(GCD.java:19)
	at java_programs.GCD.gcd(GCD.java:19)
	at java_programs.GCD.gcd(GCD.java:19)
	at java_programs.GCD.gcd(GCD.java:19)
	at java_programs.GCD.gcd(GCD.java:19)
	at java_programs.GCD.gcd(GCD.java:19)
	at java_programs.GCD.gcd(GCD.java:19)
	at java_programs.GCD.gcd(GCD.java:19)
	at java_programs.GCD.gcd(GCD.java:19)
	at java_programs.GCD.gcd(GCD.java:19)
	at java_programs.GCD.gcd(GCD.java:19)
	at java_programs.GCD.gcd(GCD.java:19)
	at java_programs.GCD.gcd(GCD.java:19)
	at java_programs.GCD.gcd(GCD.java:19)
	at java_programs.GCD.gcd(GCD.java:19)
	at java_programs.GCD.gcd(GCD.java:19)
	at java_programs.GCD.gcd(GCD.java:19)
	at java_programs.GCD.gcd(GCD.java:19)
	at java_programs.GCD.gcd(GCD.java:19)
	at java_programs.GCD.gcd(GCD.java:19)
	at java_programs.GCD.gcd(GCD.java:19)
	at java_programs.GCD.gcd(GCD.java:19)
	at java_programs.GCD.gcd(GCD.java:19)
	at java_programs.GCD.gcd(GCD.java:19)
	at java_programs.GCD.gcd(GCD.java:19)
	at java_programs.GCD.gcd(GCD.java:19)
	at java_programs.GCD.gcd(GCD.java:19)
	at java_programs.GCD.gcd(GCD.java:19)
	at java_programs.GCD.gcd(GCD.java:19)
	at java_programs.GCD.gcd(GCD.java:19)
	at java_programs.GCD.gcd(GCD.java:19)
	at java_programs.GCD.gcd(GCD.java:19)
	at java_programs.GCD.gcd(GCD.java:19)
	at java_programs.GCD.gcd(GCD.java:19)
	at java_programs.GCD.gcd(GCD.java:19)
	at java_programs.GCD.gcd(GCD.java:19)
	at java_programs.GCD.gcd(GCD.java:19)
	at java_programs.GCD.gcd(GCD.java:19)
	at java_programs.GCD.gcd(GCD.java:19)
	at java_programs.GCD.gcd(GCD.java:19)
	at java_programs.GCD.gcd(GCD.java:19)
	at java_programs.GCD.gcd(GCD.java:19)
	at java_programs.GCD.gcd(GCD.java:19)
	at java_programs.GCD.gcd(GCD.java:19)
	at java_programs.GCD.gcd(GCD.java:19)
	at java_programs.GCD.gcd(GCD.java:19)
	at java_programs.GCD.gcd(GCD.java:19)
	at java_programs.GCD.gcd(GCD.java:19)
	at java_programs.GCD.gcd(GCD.java:19)
	at java_programs.GCD.gcd(GCD.java:19)
	at java_programs.GCD.gcd(GCD.java:19)
	at java_programs.GCD.gcd(GCD.java:19)
	at java_programs.GCD.gcd(GCD.java:19)
	at java_programs.GCD.gcd(GCD.java:19)
	at java_programs.GCD.gcd(GCD.java:19)
	at java_programs.GCD.gcd(GCD.java:19)
	at java_programs.GCD.gcd(GCD.java:19)
	at java_programs.GCD.gcd(GCD.java:19)
	at java_programs.GCD.gcd(GCD.java:19)
	at java_programs.GCD.gcd(GCD.java:19)
	at java_programs.GCD.gcd(GCD.java:19)
	at java_programs.GCD.gcd(GCD.java:19)
	at java_programs.GCD.gcd(GCD.java:19)
	at java_programs.GCD.gcd(GCD.java:19)
	at java_programs.GCD.gcd(GCD.java:19)
	at java_programs.GCD.gcd(GCD.java:19)
	at java_programs.GCD.gcd(GCD.java:19)
	at java_programs.GCD.gcd(GCD.java:19)
	at java_programs.GCD.gcd(GCD.java:19)
	at java_programs.GCD.gcd(GCD.java:19)
	at java_programs.GCD.gcd(GCD.java:19)
	at java_programs.GCD.gcd(GCD.java:19)
	at java_programs.GCD.gcd(GCD.java:19)
	at java_programs.GCD.gcd(GCD.java:19)
	at java_programs.GCD.gcd(GCD.java:19)
	at java_programs.GCD.gcd(GCD.java:19)
	at java_programs.GCD.gcd(GCD.java:19)
	at java_programs.GCD.gcd(GCD.java:19)
	at java_programs.GCD.gcd(GCD.java:19)
	at java_programs.GCD.gcd(GCD.java:19)
	at java_programs.GCD.gcd(GCD.java:19)
	at java_programs.GCD.gcd(GCD.java:19)
	at java_programs.GCD.gcd(GCD.java:19)
	at java_programs.GCD.gcd(GCD.java:19)
	at java_programs.GCD.gcd(GCD.java:19)
	at java_programs.GCD.gcd(GCD.java:19)
	at java_programs.GCD.gcd(GCD.java:19)
	at java_programs.GCD.gcd(GCD.java:19)
	at java_programs.GCD.gcd(GCD.java:19)
	at java_programs.GCD.gcd(GCD.java:19)
	at java_programs.GCD.gcd(GCD.java:19)
	at java_programs.GCD.gcd(GCD.java:19)
	at java_programs.GCD.gcd(GCD.java:19)
	at java_programs.GCD.gcd(GCD.java:19)
	at java_programs.GCD.gcd(GCD.java:19)
	at java_programs.GCD.gcd(GCD.java:19)
	at java_programs.GCD.gcd(GCD.java:19)
	at java_programs.GCD.gcd(GCD.java:19)
	at java_programs.GCD.gcd(GCD.java:19)
	at java_programs.GCD.gcd(GCD.java:19)
	at java_programs.GCD.gcd(GCD.java:19)
	at java_programs.GCD.gcd(GCD.java:19)
	at java_programs.GCD.gcd(GCD.java:19)
	at java_programs.GCD.gcd(GCD.java:19)
	at java_programs.GCD.gcd(GCD.java:19)
	at java_programs.GCD.gcd(GCD.java:19)
	at java_programs.GCD.gcd(GCD.java:19)
	at java_programs.GCD.gcd(GCD.java:19)
	at java_programs.GCD.gcd(GCD.java:19)
	at java_programs.GCD.gcd(GCD.java:19)
	at java_programs.GCD.gcd(GCD.java:19)
	at java_programs.GCD.gcd(GCD.java:19)
	at java_programs.GCD.gcd(GCD.java:19)
	at java_programs.GCD.gcd(GCD.java:19)
	at java_programs.GCD.gcd(GCD.java:19)
	at java_programs.GCD.gcd(GCD.java:19)
	at java_programs.GCD.gcd(GCD.java:19)
	at java_programs.GCD.gcd(GCD.java:19)
	at java_programs.GCD.gcd(GCD.java:19)
	at java_programs.GCD.gcd(GCD.java:19)
	at java_programs.GCD.gcd(GCD.java:19)
	at java_programs.GCD.gcd(GCD.java:19)
	at java_programs.GCD.gcd(GCD.java:19)
	at java_programs.GCD.gcd(GCD.java:19)
	at java_programs.GCD.gcd(GCD.java:19)
	at java_programs.GCD.gcd(GCD.java:19)
	at java_programs.GCD.gcd(GCD.java:19)
	at java_programs.GCD.gcd(GCD.java:19)
	at java_programs.GCD.gcd(GCD.java:19)
	at java_programs.GCD.gcd(GCD.java:19)
	at java_programs.GCD.gcd(GCD.java:19)
	at java_programs.GCD.gcd(GCD.java:19)
	at java_programs.GCD.gcd(GCD.java:19)
	at java_programs.GCD.gcd(GCD.java:19)
	at java_programs.GCD.gcd(GCD.java:19)
	at java_programs.GCD.gcd(GCD.java:19)
	at java_programs.GCD.gcd(GCD.java:19)
	at java_programs.GCD.gcd(GCD.java:19)
	at java_programs.GCD.gcd(GCD.java:19)
	at java_programs.GCD.gcd(GCD.java:19)
	at java_programs.GCD.gcd(GCD.java:19)
	at java_programs.GCD.gcd(GCD.java:19)
	at java_programs.GCD.gcd(GCD.java:19)
	at java_programs.GCD.gcd(GCD.java:19)
	at java_programs.GCD.gcd(GCD.java:19)
	at java_programs.GCD.gcd(GCD.java:19)
	at java_programs.GCD.gcd(GCD.java:19)
	at java_programs.GCD.gcd(GCD.java:19)
	at java_programs.GCD.gcd(GCD.java:19)
	at java_programs.GCD.gcd(GCD.java:19)
	at java_programs.GCD.gcd(GCD.java:19)
	at java_programs.GCD.gcd(GCD.java:19)
	at java_programs.GCD.gcd(GCD.java:19)
	at java_programs.GCD.gcd(GCD.java:19)
	at java_programs.GCD.gcd(GCD.java:19)
	at java_programs.GCD.gcd(GCD.java:19)
	at java_programs.GCD.gcd(GCD.java:19)
	at java_programs.GCD.gcd(GCD.java:19)
	at java_programs.GCD.gcd(GCD.java:19)
	at java_programs.GCD.gcd(GCD.java:19)
	at java_programs.GCD.gcd(GCD.java:19)
	at java_programs.GCD.gcd(GCD.java:19)
	at java_programs.GCD.gcd(GCD.java:19)
	at java_programs.GCD.gcd(GCD.java:19)
	at java_programs.GCD.gcd(GCD.java:19)
	at java_programs.GCD.gcd(GCD.java:19)
	at java_programs.GCD.gcd(GCD.java:19)
	at java_programs.GCD.gcd(GCD.java:19)
	at java_programs.GCD.gcd(GCD.java:19)
	at java_programs.GCD.gcd(GCD.java:19)
	at java_programs.GCD.gcd(GCD.java:19)
	at java_programs.GCD.gcd(GCD.java:19)
	at java_programs.GCD.gcd(GCD.java:19)
	at java_programs.GCD.gcd(GCD.java:19)
	at java_programs.GCD.gcd(GCD.java:19)
	at java_programs.GCD.gcd(GCD.java:19)
	at java_programs.GCD.gcd(GCD.java:19)
	at java_programs.GCD.gcd(GCD.java:19)
	at java_programs.GCD.gcd(GCD.java:19)
	at java_programs.GCD.gcd(GCD.java:19)
	at java_programs.GCD.gcd(GCD.java:19)
	at java_programs.GCD.gcd(GCD.java:19)
	at java_programs.GCD.gcd(GCD.java:19)
	at java_programs.GCD.gcd(GCD.java:19)
	at java_programs.GCD.gcd(GCD.java:19)
	at java_programs.GCD.gcd(GCD.java:19)
	at java_programs.GCD.gcd(GCD.java:19)
	at java_programs.GCD.gcd(GCD.java:19)
	at java_programs.GCD.gcd(GCD.java:19)
	at java_programs.GCD.gcd(GCD.java:19)
	at java_programs.GCD.gcd(GCD.java:19)
	at java_programs.GCD.gcd(GCD.java:19)
	at java_programs.GCD.gcd(GCD.java:19)
	at java_programs.GCD.gcd(GCD.java:19)
	at java_programs.GCD.gcd(GCD.java:19)
	at java_programs.GCD.gcd(GCD.java:19)
	at java_programs.GCD.gcd(GCD.java:19)
	at java_programs.GCD.gcd(GCD.java:19)
	at java_programs.GCD.gcd(GCD.java:19)
	at java_programs.GCD.gcd(GCD.java:19)
	at java_programs.GCD.gcd(GCD.java:19)
	at java_programs.GCD.gcd(GCD.java:19)
	at java_programs.GCD.gcd(GCD.java:19)
	at java_programs.GCD.gcd(GCD.java:19)
	at java_programs.GCD.gcd(GCD.java:19)
	at java_programs.GCD.gcd(GCD.java:19)
	at java_programs.GCD.gcd(GCD.java:19)
	at java_programs.GCD.gcd(GCD.java:19)
	at java_programs.GCD.gcd(GCD.java:19)
	at java_programs.GCD.gcd(GCD.java:19)
	at java_programs.GCD.gcd(GCD.java:19)
	at java_programs.GCD.gcd(GCD.java:19)
	at java_programs.GCD.gcd(GCD.java:19)
	at java_programs.GCD.gcd(GCD.java:19)
	at java_programs.GCD.gcd(GCD.java:19)
	at java_programs.GCD.gcd(GCD.java:19)
	at java_programs.GCD.gcd(GCD.java:19)
	at java_programs.GCD.gcd(GCD.java:19)
	at java_programs.GCD.gcd(GCD.java:19)
	at java_programs.GCD.gcd(GCD.java:19)
	at java_programs.GCD.gcd(GCD.java:19)
	at java_programs.GCD.gcd(GCD.java:19)
	at java_programs.GCD.gcd(GCD.java:19)
	at java_programs.GCD.gcd(GCD.java:19)
	at java_programs.GCD.gcd(GCD.java:19)
	at java_programs.GCD.gcd(GCD.java:19)
	at java_programs.GCD.gcd(GCD.java:19)
	at java_programs.GCD.gcd(GCD.java:19)
	at java_programs.GCD.gcd(GCD.java:19)
	at java_programs.GCD.gcd(GCD.java:19)
	at java_programs.GCD.gcd(GCD.java:19)
	at java_programs.GCD.gcd(GCD.java:19)
	at java_programs.GCD.gcd(GCD.java:19)
	at java_programs.GCD.gcd(GCD.java:19)
	at java_programs.GCD.gcd(GCD.java:19)
	at java_programs.GCD.gcd(GCD.java:19)
	at java_programs.GCD.gcd(GCD.java:19)
	at java_programs.GCD.gcd(GCD.java:19)
	at java_programs.GCD.gcd(GCD.java:19)
	at java_programs.GCD.gcd(GCD.java:19)
	at java_programs.GCD.gcd(GCD.java:19)
	at java_programs.GCD.gcd(GCD.java:19)
	at java_programs.GCD.gcd(GCD.java:19)
	at java_programs.GCD.gcd(GCD.java:19)
	at java_programs.GCD.gcd(GCD.java:19)
	at java_programs.GCD.gcd(GCD.java:19)
	at java_programs.GCD.gcd(GCD.java:19)
	at java_programs.GCD.gcd(GCD.java:19)
	at java_programs.GCD.gcd(GCD.java:19)
	at java_programs.GCD.gcd(GCD.java:19)
	at java_programs.GCD.gcd(GCD.java:19)
	at java_programs.GCD.gcd(GCD.java:19)
	at java_programs.GCD.gcd(GCD.java:19)
	at java_programs.GCD.gcd(GCD.java:19)
	at java_programs.GCD.gcd(GCD.java:19)
	at java_programs.GCD.gcd(GCD.java:19)
	at java_programs.GCD.gcd(GCD.java:19)
	at java_programs.GCD.gcd(GCD.java:19)
	at java_programs.GCD.gcd(GCD.java:19)
	at java_programs.GCD.gcd(GCD.java:19)
	at java_programs.GCD.gcd(GCD.java:19)
	at java_programs.GCD.gcd(GCD.java:19)
	at java_programs.GCD.gcd(GCD.java:19)
	at java_programs.GCD.gcd(GCD.java:19)
	at java_programs.GCD.gcd(GCD.java:19)
	at java_programs.GCD.gcd(GCD.java:19)
	at java_programs.GCD.gcd(GCD.java:19)
	at java_programs.GCD.gcd(GCD.java:19)
	at java_programs.GCD.gcd(GCD.java:19)
	at java_programs.GCD.gcd(GCD.java:19)
	at java_programs.GCD.gcd(GCD.java:19)
	at java_programs.GCD.gcd(GCD.java:19)
	at java_programs.GCD.gcd(GCD.java:19)
	at java_programs.GCD.gcd(GCD.java:19)
	at java_programs.GCD.gcd(GCD.java:19)
	at java_programs.GCD.gcd(GCD.java:19)
	at java_programs.GCD.gcd(GCD.java:19)
	at java_programs.GCD.gcd(GCD.java:19)
	at java_programs.GCD.gcd(GCD.java:19)
	at java_programs.GCD.gcd(GCD.java:19)
	at java_programs.GCD.gcd(GCD.java:19)
	at java_programs.GCD.gcd(GCD.java:19)
	at java_programs.GCD.gcd(GCD.java:19)
	at java_programs.GCD.gcd(GCD.java:19)
	at java_programs.GCD.gcd(GCD.java:19)
	at java_programs.GCD.gcd(GCD.java:19)
	at java_programs.GCD.gcd(GCD.java:19)
	at java_programs.GCD.gcd(GCD.java:19)
	at java_programs.GCD.gcd(GCD.java:19)
	at java_programs.GCD.gcd(GCD.java:19)
	at java_programs.GCD.gcd(GCD.java:19)
	at java_programs.GCD.gcd(GCD.java:19)
	at java_programs.GCD.gcd(GCD.java:19)
	at java_programs.GCD.gcd(GCD.java:19)
	at java_programs.GCD.gcd(GCD.java:19)
	at java_programs.GCD.gcd(GCD.java:19)
	at java_programs.GCD.gcd(GCD.java:19)
	at java_programs.GCD.gcd(GCD.java:19)
	at java_programs.GCD.gcd(GCD.java:19)
	at java_programs.GCD.gcd(GCD.java:19)
	at java_programs.GCD.gcd(GCD.java:19)
	at java_programs.GCD.gcd(GCD.java:19)
	at java_programs.GCD.gcd(GCD.java:19)
	at java_programs.GCD.gcd(GCD.java:19)
	at java_programs.GCD.gcd(GCD.java:19)
	at java_programs.GCD.gcd(GCD.java:19)
	at java_programs.GCD.gcd(GCD.java:19)
	at java_programs.GCD.gcd(GCD.java:19)
	at java_programs.GCD.gcd(GCD.java:19)
	at java_programs.GCD.gcd(GCD.java:19)
	at java_programs.GCD.gcd(GCD.java:19)
	at java_programs.GCD.gcd(GCD.java:19)
	at java_programs.GCD.gcd(GCD.java:19)
	at java_programs.GCD.gcd(GCD.java:19)
	at java_programs.GCD.gcd(GCD.java:19)
	at java_programs.GCD.gcd(GCD.java:19)
	at java_programs.GCD.gcd(GCD.java:19)
	at java_programs.GCD.gcd(GCD.java:19)
	at java_programs.GCD.gcd(GCD.java:19)
	at java_programs.GCD.gcd(GCD.java:19)
	at java_programs.GCD.gcd(GCD.java:19)
	at java_programs.GCD.gcd(GCD.java:19)
	at java_programs.GCD.gcd(GCD.java:19)
	at java_programs.GCD.gcd(GCD.java:19)
	at java_programs.GCD.gcd(GCD.java:19)
	at java_programs.GCD.gcd(GCD.java:19)
	at java_programs.GCD.gcd(GCD.java:19)
	at java_programs.GCD.gcd(GCD.java:19)
	at java_programs.GCD.gcd(GCD.java:19)
	at java_programs.GCD.gcd(GCD.java:19)
	at java_programs.GCD.gcd(GCD.java:19)
	at java_programs.GCD.gcd(GCD.java:19)
	at java_programs.GCD.gcd(GCD.java:19)
	at java_programs.GCD.gcd(GCD.java:19)
	at java_programs.GCD.gcd(GCD.java:19)
	at java_programs.GCD.gcd(GCD.java:19)
	at java_programs.GCD.gcd(GCD.java:19)
	at java_programs.GCD.gcd(GCD.java:19)
	at java_programs.GCD.gcd(GCD.java:19)
	at java_programs.GCD.gcd(GCD.java:19)
	at java_programs.GCD.gcd(GCD.java:19)
	at java_programs.GCD.gcd(GCD.java:19)
	at java_programs.GCD.gcd(GCD.java:19)
	at java_programs.GCD.gcd(GCD.java:19)
	at java_programs.GCD.gcd(GCD.java:19)
	at java_programs.GCD.gcd(GCD.java:19)
	at java_programs.GCD.gcd(GCD.java:19)
	at java_programs.GCD.gcd(GCD.java:19)
	at java_programs.GCD.gcd(GCD.java:19)
	at java_programs.GCD.gcd(GCD.java:19)
	at java_programs.GCD.gcd(GCD.java:19)
	at java_programs.GCD.gcd(GCD.java:19)
	at java_programs.GCD.gcd(GCD.java:19)
	at java_programs.GCD.gcd(GCD.java:19)
	at java_programs.GCD.gcd(GCD.java:19)
	at java_programs.GCD.gcd(GCD.java:19)
	at java_programs.GCD.gcd(GCD.java:19)
	at java_programs.GCD.gcd(GCD.java:19)
	at java_programs.GCD.gcd(GCD.java:19)
	at java_programs.GCD.gcd(GCD.java:19)
	at java_programs.GCD.gcd(GCD.java:19)
	at java_programs.GCD.gcd(GCD.java:19)
	at java_programs.GCD.gcd(GCD.java:19)
	at java_programs.GCD.gcd(GCD.java:19)
	at java_programs.GCD.gcd(GCD.java:19)
	at java_programs.GCD.gcd(GCD.java:19)
	at java_programs.GCD.gcd(GCD.java:19)
	at java_programs.GCD.gcd(GCD.java:19)
	at java_programs.GCD.gcd(GCD.java:19)
	at java_programs.GCD.gcd(GCD.java:19)
	at java_programs.GCD.gcd(GCD.java:19)
	at java_programs.GCD.gcd(GCD.java:19)
	at java_programs.GCD.gcd(GCD.java:19)
	at java_programs.GCD.gcd(GCD.java:19)
	at java_programs.GCD.gcd(GCD.java:19)
	at java_programs.GCD.gcd(GCD.java:19)
	at java_programs.GCD.gcd(GCD.java:19)
	at java_programs.GCD.gcd(GCD.java:19)
	at java_programs.GCD.gcd(GCD.java:19)
	at java_programs.GCD.gcd(GCD.java:19)
	at java_programs.GCD.gcd(GCD.java:19)
	at java_programs.GCD.gcd(GCD.java:19)
	at java_programs.GCD.gcd(GCD.java:19)
	at java_programs.GCD.gcd(GCD.java:19)
	at java_programs.GCD.gcd(GCD.java:19)
	at java_programs.GCD.gcd(GCD.java:19)
	at java_programs.GCD.gcd(GCD.java:19)
	at java_programs.GCD.gcd(GCD.java:19)
	at java_programs.GCD.gcd(GCD.java:19)
	at java_programs.GCD.gcd(GCD.java:19)
	at java_programs.GCD.gcd(GCD.java:19)
	at java_programs.GCD.gcd(GCD.java:19)
	at java_programs.GCD.gcd(GCD.java:19)
	at java_programs.GCD.gcd(GCD.java:19)
	at java_programs.GCD.gcd(GCD.java:19)
	at java_programs.GCD.gcd(GCD.java:19)
	at java_programs.GCD.gcd(GCD.java:19)
	at java_programs.GCD.gcd(GCD.java:19)
	at java_programs.GCD.gcd(GCD.java:19)
	at java_programs.GCD.gcd(GCD.java:19)
	at java_programs.GCD.gcd(GCD.java:19)
	at java_programs.GCD.gcd(GCD.java:19)
	at java_programs.GCD.gcd(GCD.java:19)
	at java_programs.GCD.gcd(GCD.java:19)
	at java_programs.GCD.gcd(GCD.java:19)
	at java_programs.GCD.gcd(GCD.java:19)
	at java_programs.GCD.gcd(GCD.java:19)
	at java_programs.GCD.gcd(GCD.java:19)
	at java_programs.GCD.gcd(GCD.java:19)
	at java_programs.GCD.gcd(GCD.java:19)
	at java_programs.GCD.gcd(GCD.java:19)
	at java_programs.GCD.gcd(GCD.java:19)
	at java_programs.GCD.gcd(GCD.java:19)
	at java_programs.GCD.gcd(GCD.java:19)
	at java_programs.GCD.gcd(GCD.java:19)
	at java_programs.GCD.gcd(GCD.java:19)
	at java_programs.GCD.gcd(GCD.java:19)
	at java_programs.GCD.gcd(GCD.java:19)
	at java_programs.GCD.gcd(GCD.java:19)
	at java_programs.GCD.gcd(GCD.java:19)
	at java_programs.GCD.gcd(GCD.java:19)
	at java_programs.GCD.gcd(GCD.java:19)
	at java_programs.GCD.gcd(GCD.java:19)
	at java_programs.GCD.gcd(GCD.java:19)
	at java_programs.GCD.gcd(GCD.java:19)
	at java_programs.GCD.gcd(GCD.java:19)
	at java_programs.GCD.gcd(GCD.java:19)
	at java_programs.GCD.gcd(GCD.java:19)
	at java_programs.GCD.gcd(GCD.java:19)
	at java_programs.GCD.gcd(GCD.java:19)
	at java_programs.GCD.gcd(GCD.java:19)
	at java_programs.GCD.gcd(GCD.java:19)
	at java_programs.GCD.gcd(GCD.java:19)
	at java_programs.GCD.gcd(GCD.java:19)
	at java_programs.GCD.gcd(GCD.java:19)
	at java_programs.GCD.gcd(GCD.java:19)
	at java_programs.GCD.gcd(GCD.java:19)
	at java_programs.GCD.gcd(GCD.java:19)
	at java_programs.GCD.gcd(GCD.java:19)
	at java_programs.GCD.gcd(GCD.java:19)
	at java_programs.GCD.gcd(GCD.java:19)
	at java_programs.GCD.gcd(GCD.java:19)
	at java_programs.GCD.gcd(GCD.java:19)
	at java_programs.GCD.gcd(GCD.java:19)
	at java_programs.GCD.gcd(GCD.java:19)
	at java_programs.GCD.gcd(GCD.java:19)
	at java_programs.GCD.gcd(GCD.java:19)
	at java_programs.GCD.gcd(GCD.java:19)
	at java_programs.GCD.gcd(GCD.java:19)
	at java_programs.GCD.gcd(GCD.java:19)
	at java_programs.GCD.gcd(GCD.java:19)
	at java_programs.GCD.gcd(GCD.java:19)
	at java_programs.GCD.gcd(GCD.java:19)
	at java_programs.GCD.gcd(GCD.java:19)
	at java_programs.GCD.gcd(GCD.java:19)
	at java_programs.GCD.gcd(GCD.java:19)
	at java_programs.GCD.gcd(GCD.java:19)
	at java_programs.GCD.gcd(GCD.java:19)
	at java_programs.GCD.gcd(GCD.java:19)
	at java_programs.GCD.gcd(GCD.java:19)
	at java_programs.GCD.gcd(GCD.java:19)
	at java_programs.GCD.gcd(GCD.java:19)
	at java_programs.GCD.gcd(GCD.java:19)
	at java_programs.GCD.gcd(GCD.java:19)
	at java_programs.GCD.gcd(GCD.java:19)
	at java_programs.GCD.gcd(GCD.java:19)
	at java_programs.GCD.gcd(GCD.java:19)
	at java_programs.GCD.gcd(GCD.java:19)
	at java_programs.GCD.gcd(GCD.java:19)
	at java_programs.GCD.gcd(GCD.java:19)
	at java_programs.GCD.gcd(GCD.java:19)
	at java_programs.GCD.gcd(GCD.java:19)
	at java_programs.GCD.gcd(GCD.java:19)
	at java_programs.GCD.gcd(GCD.java:19)
	at java_programs.GCD.gcd(GCD.java:19)
	at java_programs.GCD.gcd(GCD.java:19)
	at java_programs.GCD.gcd(GCD.java:19)
	at java_programs.GCD.gcd(GCD.java:19)
	at java_programs.GCD.gcd(GCD.java:19)
	at java_programs.GCD.gcd(GCD.java:19)
	at java_programs.GCD.gcd(GCD.java:19)
	at java_programs.GCD.gcd(GCD.java:19)
	at java_programs.GCD.gcd(GCD.java:19)
	at java_programs.GCD.gcd(GCD.java:19)
	at java_programs.GCD.gcd(GCD.java:19)
	at java_programs.GCD.gcd(GCD.java:19)
	at java_programs.GCD.gcd(GCD.java:19)
	at java_programs.GCD.gcd(GCD.java:19)
	at java_programs.GCD.gcd(GCD.java:19)
	at java_programs.GCD.gcd(GCD.java:19)
	at java_programs.GCD.gcd(GCD.java:19)
	at java_programs.GCD.gcd(GCD.java:19)
	at java_programs.GCD.gcd(GCD.java:19)
	at java_programs.GCD.gcd(GCD.java:19)
	at java_programs.GCD.gcd(GCD.java:19)
	at java_programs.GCD.gcd(GCD.java:19)
	at java_programs.GCD.gcd(GCD.java:19)
	at java_programs.GCD.gcd(GCD.java:19)
	at java_programs.GCD.gcd(GCD.java:19)
	at java_programs.GCD.gcd(GCD.java:19)
	at java_programs.GCD.gcd(GCD.java:19)
	at java_programs.GCD.gcd(GCD.java:19)
	at java_programs.GCD.gcd(GCD.java:19)
	at java_programs.GCD.gcd(GCD.java:19)
	at java_programs.GCD.gcd(GCD.java:19)
	at java_programs.GCD.gcd(GCD.java:19)
	at java_programs.GCD.gcd(GCD.java:19)
	at java_programs.GCD.gcd(GCD.java:19)
	at java_programs.GCD.gcd(GCD.java:19)
	at java_programs.GCD.gcd(GCD.java:19)
	at java_programs.GCD.gcd(GCD.java:19)
	at java_programs.GCD.gcd(GCD.java:19)
	at java_programs.GCD.gcd(GCD.java:19)
	at java_programs.GCD.gcd(GCD.java:19)
	at java_programs.GCD.gcd(GCD.java:19)
	at java_programs.GCD.gcd(GCD.java:19)
	at java_programs.GCD.gcd(GCD.java:19)
	at java_programs.GCD.gcd(GCD.java:19)
	at java_programs.GCD.gcd(GCD.java:19)
	at java_programs.GCD.gcd(GCD.java:19)
	at java_programs.GCD.gcd(GCD.java:19)
	at java_programs.GCD.gcd(GCD.java:19)
	at java_programs.GCD.gcd(GCD.java:19)
	at java_programs.GCD.gcd(GCD.java:19)
	at java_programs.GCD.gcd(GCD.java:19)
	at java_programs.GCD.gcd(GCD.java:19)
	at java_programs.GCD.gcd(GCD.java:19)
	at java_programs.GCD.gcd(GCD.java:19)
	at java_programs.GCD.gcd(GCD.java:19)
	at java_programs.GCD.gcd(GCD.java:19)
	at java_programs.GCD.gcd(GCD.java:19)
	at java_programs.GCD.gcd(GCD.java:19)
	at java_programs.GCD.gcd(GCD.java:19)
	at java_programs.GCD.gcd(GCD.java:19)
	at java_programs.GCD.gcd(GCD.java:19)
	at java_programs.GCD.gcd(GCD.java:19)
	at java_programs.GCD.gcd(GCD.java:19)
	at java_programs.GCD.gcd(GCD.java:19)
	at java_programs.GCD.gcd(GCD.java:19)
	at java_programs.GCD.gcd(GCD.java:19)
	at java_programs.GCD.gcd(GCD.java:19)
	at java_programs.GCD.gcd(GCD.java:19)
	at java_programs.GCD.gcd(GCD.java:19)
	at java_programs.GCD.gcd(GCD.java:19)
	at java_programs.GCD.gcd(GCD.java:19)
	at java_programs.GCD.gcd(GCD.java:19)
	at java_programs.GCD.gcd(GCD.java:19)
	at java_programs.GCD.gcd(GCD.java:19)
	at java_programs.GCD.gcd(GCD.java:19)
	at java_programs.GCD.gcd(GCD.java:19)
	at java_programs.GCD.gcd(GCD.java:19)
	at java_programs.GCD.gcd(GCD.java:19)
	at java_programs.GCD.gcd(GCD.java:19)
	at java_programs.GCD.gcd(GCD.java:19)
	at java_programs.GCD.gcd(GCD.java:19)
	at java_programs.GCD.gcd(GCD.java:19)
	at java_programs.GCD.gcd(GCD.java:19)
	at java_programs.GCD.gcd(GCD.java:19)
	at java_programs.GCD.gcd(GCD.java:19)
	at java_programs.GCD.gcd(GCD.java:19)
	at java_programs.GCD.gcd(GCD.java:19)
	at java_programs.GCD.gcd(GCD.java:19)
	at java_programs.GCD.gcd(GCD.java:19)
	at java_programs.GCD.gcd(GCD.java:19)
	at java_programs.GCD.gcd(GCD.java:19)
	at java_programs.GCD.gcd(GCD.java:19)
	at java_programs.GCD.gcd(GCD.java:19)
	at java_programs.GCD.gcd(GCD.java:19)
	at java_programs.GCD.gcd(GCD.java:19)
	at java_programs.GCD.gcd(GCD.java:19)
	at java_programs.GCD.gcd(GCD.java:19)
	at java_programs.GCD.gcd(GCD.java:19)
	at java_programs.GCD.gcd(GCD.java:19)
	at java_programs.GCD.gcd(GCD.java:19)
	at java_programs.GCD.gcd(GCD.java:19)
	at java_programs.GCD.gcd(GCD.java:19)
	at java_programs.GCD.gcd(GCD.java:19)
	at java_programs.GCD.gcd(GCD.java:19)
	at java_programs.GCD.gcd(GCD.java:19)
	at java_programs.GCD.gcd(GCD.java:19)
	at java_programs.GCD.gcd(GCD.java:19)
	at java_programs.GCD.gcd(GCD.java:19)
	at java_programs.GCD.gcd(GCD.java:19)
	at java_programs.GCD.gcd(GCD.java:19)
	at java_programs.GCD.gcd(GCD.java:19)
	at java_programs.GCD.gcd(GCD.java:19)
	at java_programs.GCD.gcd(GCD.java:19)
	at java_programs.GCD.gcd(GCD.java:19)
	at java_programs.GCD.gcd(GCD.java:19)
	at java_programs.GCD.gcd(GCD.java:19)
	at java_programs.GCD.gcd(GCD.java:19)
	at java_programs.GCD.gcd(GCD.java:19)
	at java_programs.GCD.gcd(GCD.java:19)
	at java_programs.GCD.gcd(GCD.java:19)
	at java_programs.GCD.gcd(GCD.java:19)
	at java_programs.GCD.gcd(GCD.java:19)
	at java_programs.GCD.gcd(GCD.java:19)
	at java_programs.GCD.gcd(GCD.java:19)
	at java_programs.GCD.gcd(GCD.java:19)
	at java_programs.GCD.gcd(GCD.java:19)
	at java_programs.GCD.gcd(GCD.java:19)
	at java_programs.GCD.gcd(GCD.java:19)
	at java_programs.GCD.gcd(GCD.java:19)
	at java_programs.GCD.gcd(GCD.java:19)
	at java_programs.GCD.gcd(GCD.java:19)
	at java_programs.GCD.gcd(GCD.java:19)
	at java_programs.GCD.gcd(GCD.java:19)
	at java_programs.GCD.gcd(GCD.java:19)
	at java_programs.GCD.gcd(GCD.java:19)
	at java_programs.GCD.gcd(GCD.java:19)
	at java_programs.GCD.gcd(GCD.java:19)
	at java_programs.GCD.gcd(GCD.java:19)
	at java_programs.GCD.gcd(GCD.java:19)
	at java_programs.GCD.gcd(GCD.java:19)
	at java_programs.GCD.gcd(GCD.java:19)
	at java_programs.GCD.gcd(GCD.java:19)
	at java_programs.GCD.gcd(GCD.java:19)
	at java_programs.GCD.gcd(GCD.java:19)
	at java_programs.GCD.gcd(GCD.java:19)
	at java_programs.GCD.gcd(GCD.java:19)
	at java_programs.GCD.gcd(GCD.java:19)
	at java_programs.GCD.gcd(GCD.java:19)
	at java_programs.GCD.gcd(GCD.java:19)
	at java_programs.GCD.gcd(GCD.java:19)
	at java_programs.GCD.gcd(GCD.java:19)
	at java_programs.GCD.gcd(GCD.java:19)
	at java_programs.GCD.gcd(GCD.java:19)
	at java_programs.GCD.gcd(GCD.java:19)
	at java_programs.GCD.gcd(GCD.java:19)
	at java_programs.GCD.gcd(GCD.java:19)
	at java_programs.GCD.gcd(GCD.java:19)
	at java_programs.GCD.gcd(GCD.java:19)
	at java_programs.GCD.gcd(GCD.java:19)
	at java_programs.GCD.gcd(GCD.java:19)
	at java_programs.GCD.gcd(GCD.java:19)
	at java_programs.GCD.gcd(GCD.java:19)
	at java_programs.GCD.gcd(GCD.java:19)
	at java_programs.GCD.gcd(GCD.java:19)
	at java_programs.GCD.gcd(GCD.java:19)
	at java_programs.GCD.gcd(GCD.java:19)
	at java_programs.GCD.gcd(GCD.java:19)
	at java_programs.GCD.gcd(GCD.java:19)
	at java_programs.GCD.gcd(GCD.java:19)
	at java_programs.GCD.gcd(GCD.java:19)
	at java_programs.GCD.gcd(GCD.java:19)
	at java_programs.GCD.gcd(GCD.java:19)
	at java_programs.GCD.gcd(GCD.java:19)
	at java_programs.GCD.gcd(GCD.java:19)
	at java_programs.GCD.gcd(GCD.java:19)
	at java_programs.GCD.gcd(GCD.java:19)
	at java_programs.GCD.gcd(GCD.java:19)
	at java_programs.GCD.gcd(GCD.java:19)
	at java_programs.GCD.gcd(GCD.java:19)
	at java_programs.GCD.gcd(GCD.java:19)
	at java_programs.GCD.gcd(GCD.java:19)
	at java_programs.GCD.gcd(GCD.java:19)
	at java_programs.GCD.gcd(GCD.java:19)
	at java_programs.GCD.gcd(GCD.java:19)
	at java_programs.GCD.gcd(GCD.java:19)
	at java_programs.GCD.gcd(GCD.java:19)
	at java_programs.GCD.gcd(GCD.java:19)
	at java_programs.GCD.gcd(GCD.java:19)
	at java_programs.GCD.gcd(GCD.java:19)
	at java_programs.GCD.gcd(GCD.java:19)
	at java_programs.GCD.gcd(GCD.java:19)
	at java_programs.GCD.gcd(GCD.java:19)
	at java_programs.GCD.gcd(GCD.java:19)
	at java_programs.GCD.gcd(GCD.java:19)
	at java_programs.GCD.gcd(GCD.java:19)
	at java_programs.GCD.gcd(GCD.java:19)
	at java_programs.GCD.gcd(GCD.java:19)
	at java_programs.GCD.gcd(GCD.java:19)
	at java_programs.GCD.gcd(GCD.java:19)
	at java_programs.GCD.gcd(GCD.java:19)
	at java_programs.GCD.gcd(GCD.java:19)
	at java_programs.GCD.gcd(GCD.java:19)
	at java_programs.GCD.gcd(GCD.java:19)
	at java_programs.GCD.gcd(GCD.java:19)
	at java_programs.GCD.gcd(GCD.java:19)
	at java_programs.GCD.gcd(GCD.java:19)
	at java_programs.GCD.gcd(GCD.java:19)
	at java_programs.GCD.gcd(GCD.java:19)
	at java_programs.GCD.gcd(GCD.java:19)
	at java_programs.GCD.gcd(GCD.java:19)
	at java_programs.GCD.gcd(GCD.java:19)
	at java_programs.GCD.gcd(GCD.java:19)
	at java_programs.GCD.gcd(GCD.java:19)
	at java_programs.GCD.gcd(GCD.java:19)
	at java_programs.GCD.gcd(GCD.java:19)
	at java_programs.GCD.gcd(GCD.java:19)
	at java_programs.GCD.gcd(GCD.java:19)
	at java_programs.GCD.gcd(GCD.java:19)
	at java_programs.GCD.gcd(GCD.java:19)
	at java_programs.GCD.gcd(GCD.java:19)
	at java_programs.GCD.gcd(GCD.java:19)
	at java_programs.GCD.gcd(GCD.java:19)
	at java_programs.GCD.gcd(GCD.java:19)
	at java_programs.GCD.gcd(GCD.java:19)
	at java_programs.GCD.gcd(GCD.java:19)
	at java_programs.GCD.gcd(GCD.java:19)
	at java_programs.GCD.gcd(GCD.java:19)
	at java_programs.GCD.gcd(GCD.java:19)
	at java_programs.GCD.gcd(GCD.java:19)
	at java_programs.GCD.gcd(GCD.java:19)
	at java_programs.GCD.gcd(GCD.java:19)
	at java_programs.GCD.gcd(GCD.java:19)
	at java_programs.GCD.gcd(GCD.java:19)
	at java_programs.GCD.gcd(GCD.java:19)
	at java_programs.GCD.gcd(GCD.java:19)
	at java_programs.GCD.gcd(GCD.java:19)
	at java_programs.GCD.gcd(GCD.java:19)
	at java_programs.GCD.gcd(GCD.java:19)
	at java_programs.GCD.gcd(GCD.java:19)
	at java_programs.GCD.gcd(GCD.java:19)
	at java_programs.GCD.gcd(GCD.java:19)
	at java_programs.GCD.gcd(GCD.java:19)
	at java_programs.GCD.gcd(GCD.java:19)
	at java_programs.GCD.gcd(GCD.java:19)
	at java_programs.GCD.gcd(GCD.java:19)
	at java_programs.GCD.gcd(GCD.java:19)
	at java_programs.GCD.gcd(GCD.java:19)
	at java_programs.GCD.gcd(GCD.java:19)
	at java_programs.GCD.gcd(GCD.java:19)
	at java_programs.GCD.gcd(GCD.java:19)
	at java_programs.GCD.gcd(GCD.java:19)
	at java_programs.GCD.gcd(GCD.java:19)
	at java_programs.GCD.gcd(GCD.java:19)
	at java_programs.GCD.gcd(GCD.java:19)
	at java_programs.GCD.gcd(GCD.java:19)
	at java_programs.GCD.gcd(GCD.java:19)
	at java_programs.GCD.gcd(GCD.java:19)
	at java_programs.GCD.gcd(GCD.java:19)
	at java_programs.GCD.gcd(GCD.java:19)
	at java_programs.GCD.gcd(GCD.java:19)
	at java_programs.GCD.gcd(GCD.java:19)
	at java_programs.GCD.gcd(GCD.java:19)
	at java_programs.GCD.gcd(GCD.java:19)
	at java_programs.GCD.gcd(GCD.java:19)
	at java_programs.GCD.gcd(GCD.java:19)
	at java_programs.GCD.gcd(GCD.java:19)
	at java_programs.GCD.gcd(GCD.java:19)
	at java_programs.GCD.gcd(GCD.java:19)
	at java_programs.GCD.gcd(GCD.java:19)
	at java_programs.GCD.gcd(GCD.java:19)
	at java_programs.GCD.gcd(GCD.java:19)
	at java_programs.GCD.gcd(GCD.java:19)
	at java_programs.GCD.gcd(GCD.java:19)
	at java_programs.GCD.gcd(GCD.java:19)
	at java_programs.GCD.gcd(GCD.java:19)
	at java_programs.GCD.gcd(GCD.java:19)
	at java_programs.GCD.gcd(GCD.java:19)
	at java_programs.GCD.gcd(GCD.java:19)
	at java_programs.GCD.gcd(GCD.java:19)
	at java_programs.GCD.gcd(GCD.java:19)
	at java_programs.GCD.gcd(GCD.java:19)
	at java_programs.GCD.gcd(GCD.java:19)
	at java_programs.GCD.gcd(GCD.java:19)
	at java_programs.GCD.gcd(GCD.java:19)
	at java_programs.GCD.gcd(GCD.java:19)
	at java_programs.GCD.gcd(GCD.java:19)
	at java_programs.GCD.gcd(GCD.java:19)
	at java_programs.GCD.gcd(GCD.java:19)
	at java_programs.GCD.gcd(GCD.java:19)
	at java_programs.GCD.gcd(GCD.java:19)
	at java_programs.GCD.gcd(GCD.java:19)
	at java_programs.GCD.gcd(GCD.java:19)
	at java_programs.GCD.gcd(GCD.java:19)
	at java_programs.GCD.gcd(GCD.java:19)
	at java_programs.GCD.gcd(GCD.java:19)
	at java_programs.GCD.gcd(GCD.java:19)
	at java_programs.GCD.gcd(GCD.java:19)
	at java_programs.GCD.gcd(GCD.java:19)
	at java_programs.GCD.gcd(GCD.java:19)
	at java_programs.GCD.gcd(GCD.java:19)
	at java_programs.GCD.gcd(GCD.java:19)
	at java_programs.GCD.gcd(GCD.java:19)
	at java_programs.GCD.gcd(GCD.java:19)
	at java_programs.GCD.gcd(GCD.java:19)
	at java_programs.GCD.gcd(GCD.java:19)
	at java_programs.GCD.gcd(GCD.java:19)
	at java_programs.GCD.gcd(GCD.java:19)
	at java_programs.GCD.gcd(GCD.java:19)
	at java_programs.GCD.gcd(GCD.java:19)
	at java_programs.GCD.gcd(GCD.java:19)
	at java_programs.GCD.gcd(GCD.java:19)
	at java_programs.GCD.gcd(GCD.java:19)
	at java_programs.GCD.gcd(GCD.java:19)
	at java_programs.GCD.gcd(GCD.java:19)
	at java_programs.GCD.gcd(GCD.java:19)
	at java_programs.GCD.gcd(GCD.java:19)
	at java_programs.GCD.gcd(GCD.java:19)
	at java_programs.GCD.gcd(GCD.java:19)
	at java_programs.GCD.gcd(GCD.java:19)
	at java_programs.GCD.gcd(GCD.java:19)
	at java_programs.GCD.gcd(GCD.java:19)
	at java_programs.GCD.gcd(GCD.java:19)
	at java_programs.GCD.gcd(GCD.java:19)
	at java_programs.GCD.gcd(GCD.java:19)
	at java_programs.GCD.gcd(GCD.java:19)
	at java_programs.GCD.gcd(GCD.java:19)
	at java_programs.GCD.gcd(GCD.java:19)
	at java_programs.GCD.gcd(GCD.java:19)
	at java_programs.GCD.gcd(GCD.java:19)
	at java_programs.GCD.gcd(GCD.java:19)
	at java_programs.GCD.gcd(GCD.java:19)
	at java_programs.GCD.gcd(GCD.java:19)
	at java_programs.GCD.gcd(GCD.java:19)
	at java_programs.GCD.gcd(GCD.java:19)
	at java_programs.GCD.gcd(GCD.java:19)
	at java_programs.GCD.gcd(GCD.java:19)
	at java_programs.GCD.gcd(GCD.java:19)
	at java_programs.GCD.gcd(GCD.java:19)
	at java_programs.GCD.gcd(GCD.java:19)
	at java_programs.GCD.gcd(GCD.java:19)
	at java_programs.GCD.gcd(GCD.java:19)
	at java_programs.GCD.gcd(GCD.java:19)
	at java_programs.GCD.gcd(GCD.java:19)
	at java_programs.GCD.gcd(GCD.java:19)
	at java_programs.GCD.gcd(GCD.java:19)
	at java_programs.GCD.gcd(GCD.java:19)
	at java_programs.GCD.gcd(GCD.java:19)
	at java_programs.GCD.gcd(GCD.java:19)
	at java_programs.GCD.gcd(GCD.java:19)
	at java_programs.GCD.gcd(GCD.java:19)
	at java_programs.GCD.gcd(GCD.java:19)
	at java_programs.GCD.gcd(GCD.java:19)
	at java_programs.GCD.gcd(GCD.java:19)
	at java_programs.GCD.gcd(GCD.java:19)
	at java_programs.GCD.gcd(GCD.java:19)
	at java_programs.GCD.gcd(GCD.java:19)
	at java_programs.GCD.gcd(GCD.java:19)
	at java_programs.GCD.gcd(GCD.java:19)
	at java_programs.GCD.gcd(GCD.java:19)
	at java_programs.GCD.gcd(GCD.java:19)
	at java_programs.GCD.gcd(GCD.java:19)
	at java_programs.GCD.gcd(GCD.java:19)
	at java_programs.GCD.gcd(GCD.java:19)
	at java_programs.GCD.gcd(GCD.java:19)
	at java_programs.GCD.gcd(GCD.java:19)
	at java_programs.GCD.gcd(GCD.java:19)
	at java_programs.GCD.gcd(GCD.java:19)
	at java_programs.GCD.gcd(GCD.java:19)
	at java_programs.GCD.gcd(GCD.java:19)
	at java_programs.GCD.gcd(GCD.java:19)
	at java_programs.GCD.gcd(GCD.java:19)
	at java_programs.GCD.gcd(GCD.java:19)
	at java_programs.GCD.gcd(GCD.java:19)
	at java_programs.GCD.gcd(GCD.java:19)
	at java_programs.GCD.gcd(GCD.java:19)
	at java_programs.GCD.gcd(GCD.java:19)
	at java_programs.GCD.gcd(GCD.java:19)
	at java_programs.GCD.gcd(GCD.java:19)
	at java_programs.GCD.gcd(GCD.java:19)
	at java_programs.GCD.gcd(GCD.java:19)
	at java_programs.GCD.gcd(GCD.java:19)
	at java_programs.GCD.gcd(GCD.java:19)
	at java_programs.GCD.gcd(GCD.java:19)
	at java_programs.GCD.gcd(GCD.java:19)
	at java_programs.GCD.gcd(GCD.java:19)
	at java_programs.GCD.gcd(GCD.java:19)
	at java_programs.GCD.gcd(GCD.java:19)
	at java_programs.GCD.gcd(GCD.java:19)
	at java_programs.GCD.gcd(GCD.java:19)
	at java_programs.GCD.gcd(GCD.java:19)
	at java_programs.GCD.gcd(GCD.java:19)
	at java_programs.GCD.gcd(GCD.java:19)
	at java_programs.GCD.gcd(GCD.java:19)
	at java_programs.GCD.gcd(GCD.java:19)
	at java_programs.GCD.gcd(GCD.java:19)
	at java_programs.GCD.gcd(GCD.java:19)
	at java_programs.GCD.gcd(GCD.java:19)
	at java_programs.GCD.gcd(GCD.java:19)
	at java_programs.GCD.gcd(GCD.java:19)
	at java_programs.GCD.gcd(GCD.java:19)
	at java_programs.GCD.gcd(GCD.java:19)
	at java_programs.GCD.gcd(GCD.java:19)
	at java_programs.GCD.gcd(GCD.java:19)
	at java_programs.GCD.gcd(GCD.java:19)
	at java_programs.GCD.gcd(GCD.java:19)
	at java_programs.GCD.gcd(GCD.java:19)
	at java_programs.GCD.gcd(GCD.java:19)
	at java_programs.GCD.gcd(GCD.java:19)
	at java_programs.GCD.gcd(GCD.java:19)
	at java_programs.GCD.gcd(GCD.java:19)
	at java_programs.GCD.gcd(GCD.java:19)
	at java_programs.GCD.gcd(GCD.java:19)
	at java_programs.GCD.gcd(GCD.java:19)
	at java_programs.GCD.gcd(GCD.java:19)
	at java_programs.GCD.gcd(GCD.java:19)
	at java_programs.GCD.gcd(GCD.java:19)
	at java_programs.GCD.gcd(GCD.java:19)
	at java_programs.GCD.gcd(GCD.java:19)
	at java_programs.GCD.gcd(GCD.java:19)
	at java_programs.GCD.gcd(GCD.java:19)
	at java_programs.GCD.gcd(GCD.java:19)
	at java_programs.GCD.gcd(GCD.java:19)
	at java_programs.GCD.gcd(GCD.java:19)
	at java_programs.GCD.gcd(GCD.java:19)
	at java_programs.GCD.gcd(GCD.java:19)
	at java_programs.GCD.gcd(GCD.java:19)
	at java_programs.GCD.gcd(GCD.java:19)
	at java_programs.GCD.gcd(GCD.java:19)
	at java_programs.GCD.gcd(GCD.java:19)
	at java_programs.GCD.gcd(GCD.java:19)
	at java_programs.GCD.gcd(GCD.java:19)
	at java_programs.GCD.gcd(GCD.java:19)
	at java_programs.GCD.gcd(GCD.java:19)
	at java_programs.GCD.gcd(GCD.java:19)
	at java_programs.GCD.gcd(GCD.java:19)
	at java_programs.GCD.gcd(GCD.java:19)
	at java_programs.GCD.gcd(GCD.java:19)
	at java_programs.GCD.gcd(GCD.java:19)
	at java_programs.GCD.gcd(GCD.java:19)
	at java_programs.GCD.gcd(GCD.java:19)
</failure>
  </testcase>
  <testcase name="test_3()" classname="test.java.GCD_TEST" time="0.007">
    <failure message="java.lang.StackOverflowError" type="java.lang.StackOverflowError">java.lang.StackOverflowError
	at java_programs.GCD.gcd(GCD.java:19)
	at java_programs.GCD.gcd(GCD.java:19)
	at java_programs.GCD.gcd(GCD.java:19)
	at java_programs.GCD.gcd(GCD.java:19)
	at java_programs.GCD.gcd(GCD.java:19)
	at java_programs.GCD.gcd(GCD.java:19)
	at java_programs.GCD.gcd(GCD.java:19)
	at java_programs.GCD.gcd(GCD.java:19)
	at java_programs.GCD.gcd(GCD.java:19)
	at java_programs.GCD.gcd(GCD.java:19)
	at java_programs.GCD.gcd(GCD.java:19)
	at java_programs.GCD.gcd(GCD.java:19)
	at java_programs.GCD.gcd(GCD.java:19)
	at java_programs.GCD.gcd(GCD.java:19)
	at java_programs.GCD.gcd(GCD.java:19)
	at java_programs.GCD.gcd(GCD.java:19)
	at java_programs.GCD.gcd(GCD.java:19)
	at java_programs.GCD.gcd(GCD.java:19)
	at java_programs.GCD.gcd(GCD.java:19)
	at java_programs.GCD.gcd(GCD.java:19)
	at java_programs.GCD.gcd(GCD.java:19)
	at java_programs.GCD.gcd(GCD.java:19)
	at java_programs.GCD.gcd(GCD.java:19)
	at java_programs.GCD.gcd(GCD.java:19)
	at java_programs.GCD.gcd(GCD.java:19)
	at java_programs.GCD.gcd(GCD.java:19)
	at java_programs.GCD.gcd(GCD.java:19)
	at java_programs.GCD.gcd(GCD.java:19)
	at java_programs.GCD.gcd(GCD.java:19)
	at java_programs.GCD.gcd(GCD.java:19)
	at java_programs.GCD.gcd(GCD.java:19)
	at java_programs.GCD.gcd(GCD.java:19)
	at java_programs.GCD.gcd(GCD.java:19)
	at java_programs.GCD.gcd(GCD.java:19)
	at java_programs.GCD.gcd(GCD.java:19)
	at java_programs.GCD.gcd(GCD.java:19)
	at java_programs.GCD.gcd(GCD.java:19)
	at java_programs.GCD.gcd(GCD.java:19)
	at java_programs.GCD.gcd(GCD.java:19)
	at java_programs.GCD.gcd(GCD.java:19)
	at java_programs.GCD.gcd(GCD.java:19)
	at java_programs.GCD.gcd(GCD.java:19)
	at java_programs.GCD.gcd(GCD.java:19)
	at java_programs.GCD.gcd(GCD.java:19)
	at java_programs.GCD.gcd(GCD.java:19)
	at java_programs.GCD.gcd(GCD.java:19)
	at java_programs.GCD.gcd(GCD.java:19)
	at java_programs.GCD.gcd(GCD.java:19)
	at java_programs.GCD.gcd(GCD.java:19)
	at java_programs.GCD.gcd(GCD.java:19)
	at java_programs.GCD.gcd(GCD.java:19)
	at java_programs.GCD.gcd(GCD.java:19)
	at java_programs.GCD.gcd(GCD.java:19)
	at java_programs.GCD.gcd(GCD.java:19)
	at java_programs.GCD.gcd(GCD.java:19)
	at java_programs.GCD.gcd(GCD.java:19)
	at java_programs.GCD.gcd(GCD.java:19)
	at java_programs.GCD.gcd(GCD.java:19)
	at java_programs.GCD.gcd(GCD.java:19)
	at java_programs.GCD.gcd(GCD.java:19)
	at java_programs.GCD.gcd(GCD.java:19)
	at java_programs.GCD.gcd(GCD.java:19)
	at java_programs.GCD.gcd(GCD.java:19)
	at java_programs.GCD.gcd(GCD.java:19)
	at java_programs.GCD.gcd(GCD.java:19)
	at java_programs.GCD.gcd(GCD.java:19)
	at java_programs.GCD.gcd(GCD.java:19)
	at java_programs.GCD.gcd(GCD.java:19)
	at java_programs.GCD.gcd(GCD.java:19)
	at java_programs.GCD.gcd(GCD.java:19)
	at java_programs.GCD.gcd(GCD.java:19)
	at java_programs.GCD.gcd(GCD.java:19)
	at java_programs.GCD.gcd(GCD.java:19)
	at java_programs.GCD.gcd(GCD.java:19)
	at java_programs.GCD.gcd(GCD.java:19)
	at java_programs.GCD.gcd(GCD.java:19)
	at java_programs.GCD.gcd(GCD.java:19)
	at java_programs.GCD.gcd(GCD.java:19)
	at java_programs.GCD.gcd(GCD.java:19)
	at java_programs.GCD.gcd(GCD.java:19)
	at java_programs.GCD.gcd(GCD.java:19)
	at java_programs.GCD.gcd(GCD.java:19)
	at java_programs.GCD.gcd(GCD.java:19)
	at java_programs.GCD.gcd(GCD.java:19)
	at java_programs.GCD.gcd(GCD.java:19)
	at java_programs.GCD.gcd(GCD.java:19)
	at java_programs.GCD.gcd(GCD.java:19)
	at java_programs.GCD.gcd(GCD.java:19)
	at java_programs.GCD.gcd(GCD.java:19)
	at java_programs.GCD.gcd(GCD.java:19)
	at java_programs.GCD.gcd(GCD.java:19)
	at java_programs.GCD.gcd(GCD.java:19)
	at java_programs.GCD.gcd(GCD.java:19)
	at java_programs.GCD.gcd(GCD.java:19)
	at java_programs.GCD.gcd(GCD.java:19)
	at java_programs.GCD.gcd(GCD.java:19)
	at java_programs.GCD.gcd(GCD.java:19)
	at java_programs.GCD.gcd(GCD.java:19)
	at java_programs.GCD.gcd(GCD.java:19)
	at java_programs.GCD.gcd(GCD.java:19)
	at java_programs.GCD.gcd(GCD.java:19)
	at java_programs.GCD.gcd(GCD.java:19)
	at java_programs.GCD.gcd(GCD.java:19)
	at java_programs.GCD.gcd(GCD.java:19)
	at java_programs.GCD.gcd(GCD.java:19)
	at java_programs.GCD.gcd(GCD.java:19)
	at java_programs.GCD.gcd(GCD.java:19)
	at java_programs.GCD.gcd(GCD.java:19)
	at java_programs.GCD.gcd(GCD.java:19)
	at java_programs.GCD.gcd(GCD.java:19)
	at java_programs.GCD.gcd(GCD.java:19)
	at java_programs.GCD.gcd(GCD.java:19)
	at java_programs.GCD.gcd(GCD.java:19)
	at java_programs.GCD.gcd(GCD.java:19)
	at java_programs.GCD.gcd(GCD.java:19)
	at java_programs.GCD.gcd(GCD.java:19)
	at java_programs.GCD.gcd(GCD.java:19)
	at java_programs.GCD.gcd(GCD.java:19)
	at java_programs.GCD.gcd(GCD.java:19)
	at java_programs.GCD.gcd(GCD.java:19)
	at java_programs.GCD.gcd(GCD.java:19)
	at java_programs.GCD.gcd(GCD.java:19)
	at java_programs.GCD.gcd(GCD.java:19)
	at java_programs.GCD.gcd(GCD.java:19)
	at java_programs.GCD.gcd(GCD.java:19)
	at java_programs.GCD.gcd(GCD.java:19)
	at java_programs.GCD.gcd(GCD.java:19)
	at java_programs.GCD.gcd(GCD.java:19)
	at java_programs.GCD.gcd(GCD.java:19)
	at java_programs.GCD.gcd(GCD.java:19)
	at java_programs.GCD.gcd(GCD.java:19)
	at java_programs.GCD.gcd(GCD.java:19)
	at java_programs.GCD.gcd(GCD.java:19)
	at java_programs.GCD.gcd(GCD.java:19)
	at java_programs.GCD.gcd(GCD.java:19)
	at java_programs.GCD.gcd(GCD.java:19)
	at java_programs.GCD.gcd(GCD.java:19)
	at java_programs.GCD.gcd(GCD.java:19)
	at java_programs.GCD.gcd(GCD.java:19)
	at java_programs.GCD.gcd(GCD.java:19)
	at java_programs.GCD.gcd(GCD.java:19)
	at java_programs.GCD.gcd(GCD.java:19)
	at java_programs.GCD.gcd(GCD.java:19)
	at java_programs.GCD.gcd(GCD.java:19)
	at java_programs.GCD.gcd(GCD.java:19)
	at java_programs.GCD.gcd(GCD.java:19)
	at java_programs.GCD.gcd(GCD.java:19)
	at java_programs.GCD.gcd(GCD.java:19)
	at java_programs.GCD.gcd(GCD.java:19)
	at java_programs.GCD.gcd(GCD.java:19)
	at java_programs.GCD.gcd(GCD.java:19)
	at java_programs.GCD.gcd(GCD.java:19)
	at java_programs.GCD.gcd(GCD.java:19)
	at java_programs.GCD.gcd(GCD.java:19)
	at java_programs.GCD.gcd(GCD.java:19)
	at java_programs.GCD.gcd(GCD.java:19)
	at java_programs.GCD.gcd(GCD.java:19)
	at java_programs.GCD.gcd(GCD.java:19)
	at java_programs.GCD.gcd(GCD.java:19)
	at java_programs.GCD.gcd(GCD.java:19)
	at java_programs.GCD.gcd(GCD.java:19)
	at java_programs.GCD.gcd(GCD.java:19)
	at java_programs.GCD.gcd(GCD.java:19)
	at java_programs.GCD.gcd(GCD.java:19)
	at java_programs.GCD.gcd(GCD.java:19)
	at java_programs.GCD.gcd(GCD.java:19)
	at java_programs.GCD.gcd(GCD.java:19)
	at java_programs.GCD.gcd(GCD.java:19)
	at java_programs.GCD.gcd(GCD.java:19)
	at java_programs.GCD.gcd(GCD.java:19)
	at java_programs.GCD.gcd(GCD.java:19)
	at java_programs.GCD.gcd(GCD.java:19)
	at java_programs.GCD.gcd(GCD.java:19)
	at java_programs.GCD.gcd(GCD.java:19)
	at java_programs.GCD.gcd(GCD.java:19)
	at java_programs.GCD.gcd(GCD.java:19)
	at java_programs.GCD.gcd(GCD.java:19)
	at java_programs.GCD.gcd(GCD.java:19)
	at java_programs.GCD.gcd(GCD.java:19)
	at java_programs.GCD.gcd(GCD.java:19)
	at java_programs.GCD.gcd(GCD.java:19)
	at java_programs.GCD.gcd(GCD.java:19)
	at java_programs.GCD.gcd(GCD.java:19)
	at java_programs.GCD.gcd(GCD.java:19)
	at java_programs.GCD.gcd(GCD.java:19)
	at java_programs.GCD.gcd(GCD.java:19)
	at java_programs.GCD.gcd(GCD.java:19)
	at java_programs.GCD.gcd(GCD.java:19)
	at java_programs.GCD.gcd(GCD.java:19)
	at java_programs.GCD.gcd(GCD.java:19)
	at java_programs.GCD.gcd(GCD.java:19)
	at java_programs.GCD.gcd(GCD.java:19)
	at java_programs.GCD.gcd(GCD.java:19)
	at java_programs.GCD.gcd(GCD.java:19)
	at java_programs.GCD.gcd(GCD.java:19)
	at java_programs.GCD.gcd(GCD.java:19)
	at java_programs.GCD.gcd(GCD.java:19)
	at java_programs.GCD.gcd(GCD.java:19)
	at java_programs.GCD.gcd(GCD.java:19)
	at java_programs.GCD.gcd(GCD.java:19)
	at java_programs.GCD.gcd(GCD.java:19)
	at java_programs.GCD.gcd(GCD.java:19)
	at java_programs.GCD.gcd(GCD.java:19)
	at java_programs.GCD.gcd(GCD.java:19)
	at java_programs.GCD.gcd(GCD.java:19)
	at java_programs.GCD.gcd(GCD.java:19)
	at java_programs.GCD.gcd(GCD.java:19)
	at java_programs.GCD.gcd(GCD.java:19)
	at java_programs.GCD.gcd(GCD.java:19)
	at java_programs.GCD.gcd(GCD.java:19)
	at java_programs.GCD.gcd(GCD.java:19)
	at java_programs.GCD.gcd(GCD.java:19)
	at java_programs.GCD.gcd(GCD.java:19)
	at java_programs.GCD.gcd(GCD.java:19)
	at java_programs.GCD.gcd(GCD.java:19)
	at java_programs.GCD.gcd(GCD.java:19)
	at java_programs.GCD.gcd(GCD.java:19)
	at java_programs.GCD.gcd(GCD.java:19)
	at java_programs.GCD.gcd(GCD.java:19)
	at java_programs.GCD.gcd(GCD.java:19)
	at java_programs.GCD.gcd(GCD.java:19)
	at java_programs.GCD.gcd(GCD.java:19)
	at java_programs.GCD.gcd(GCD.java:19)
	at java_programs.GCD.gcd(GCD.java:19)
	at java_programs.GCD.gcd(GCD.java:19)
	at java_programs.GCD.gcd(GCD.java:19)
	at java_programs.GCD.gcd(GCD.java:19)
	at java_programs.GCD.gcd(GCD.java:19)
	at java_programs.GCD.gcd(GCD.java:19)
	at java_programs.GCD.gcd(GCD.java:19)
	at java_programs.GCD.gcd(GCD.java:19)
	at java_programs.GCD.gcd(GCD.java:19)
	at java_programs.GCD.gcd(GCD.java:19)
	at java_programs.GCD.gcd(GCD.java:19)
	at java_programs.GCD.gcd(GCD.java:19)
	at java_programs.GCD.gcd(GCD.java:19)
	at java_programs.GCD.gcd(GCD.java:19)
	at java_programs.GCD.gcd(GCD.java:19)
	at java_programs.GCD.gcd(GCD.java:19)
	at java_programs.GCD.gcd(GCD.java:19)
	at java_programs.GCD.gcd(GCD.java:19)
	at java_programs.GCD.gcd(GCD.java:19)
	at java_programs.GCD.gcd(GCD.java:19)
	at java_programs.GCD.gcd(GCD.java:19)
	at java_programs.GCD.gcd(GCD.java:19)
	at java_programs.GCD.gcd(GCD.java:19)
	at java_programs.GCD.gcd(GCD.java:19)
	at java_programs.GCD.gcd(GCD.java:19)
	at java_programs.GCD.gcd(GCD.java:19)
	at java_programs.GCD.gcd(GCD.java:19)
	at java_programs.GCD.gcd(GCD.java:19)
	at java_programs.GCD.gcd(GCD.java:19)
	at java_programs.GCD.gcd(GCD.java:19)
	at java_programs.GCD.gcd(GCD.java:19)
	at java_programs.GCD.gcd(GCD.java:19)
	at java_programs.GCD.gcd(GCD.java:19)
	at java_programs.GCD.gcd(GCD.java:19)
	at java_programs.GCD.gcd(GCD.java:19)
	at java_programs.GCD.gcd(GCD.java:19)
	at java_programs.GCD.gcd(GCD.java:19)
	at java_programs.GCD.gcd(GCD.java:19)
	at java_programs.GCD.gcd(GCD.java:19)
	at java_programs.GCD.gcd(GCD.java:19)
	at java_programs.GCD.gcd(GCD.java:19)
	at java_programs.GCD.gcd(GCD.java:19)
	at java_programs.GCD.gcd(GCD.java:19)
	at java_programs.GCD.gcd(GCD.java:19)
	at java_programs.GCD.gcd(GCD.java:19)
	at java_programs.GCD.gcd(GCD.java:19)
	at java_programs.GCD.gcd(GCD.java:19)
	at java_programs.GCD.gcd(GCD.java:19)
	at java_programs.GCD.gcd(GCD.java:19)
	at java_programs.GCD.gcd(GCD.java:19)
	at java_programs.GCD.gcd(GCD.java:19)
	at java_programs.GCD.gcd(GCD.java:19)
	at java_programs.GCD.gcd(GCD.java:19)
	at java_programs.GCD.gcd(GCD.java:19)
	at java_programs.GCD.gcd(GCD.java:19)
	at java_programs.GCD.gcd(GCD.java:19)
	at java_programs.GCD.gcd(GCD.java:19)
	at java_programs.GCD.gcd(GCD.java:19)
	at java_programs.GCD.gcd(GCD.java:19)
	at java_programs.GCD.gcd(GCD.java:19)
	at java_programs.GCD.gcd(GCD.java:19)
	at java_programs.GCD.gcd(GCD.java:19)
	at java_programs.GCD.gcd(GCD.java:19)
	at java_programs.GCD.gcd(GCD.java:19)
	at java_programs.GCD.gcd(GCD.java:19)
	at java_programs.GCD.gcd(GCD.java:19)
	at java_programs.GCD.gcd(GCD.java:19)
	at java_programs.GCD.gcd(GCD.java:19)
	at java_programs.GCD.gcd(GCD.java:19)
	at java_programs.GCD.gcd(GCD.java:19)
	at java_programs.GCD.gcd(GCD.java:19)
	at java_programs.GCD.gcd(GCD.java:19)
	at java_programs.GCD.gcd(GCD.java:19)
	at java_programs.GCD.gcd(GCD.java:19)
	at java_programs.GCD.gcd(GCD.java:19)
	at java_programs.GCD.gcd(GCD.java:19)
	at java_programs.GCD.gcd(GCD.java:19)
	at java_programs.GCD.gcd(GCD.java:19)
	at java_programs.GCD.gcd(GCD.java:19)
	at java_programs.GCD.gcd(GCD.java:19)
	at java_programs.GCD.gcd(GCD.java:19)
	at java_programs.GCD.gcd(GCD.java:19)
	at java_programs.GCD.gcd(GCD.java:19)
	at java_programs.GCD.gcd(GCD.java:19)
	at java_programs.GCD.gcd(GCD.java:19)
	at java_programs.GCD.gcd(GCD.java:19)
	at java_programs.GCD.gcd(GCD.java:19)
	at java_programs.GCD.gcd(GCD.java:19)
	at java_programs.GCD.gcd(GCD.java:19)
	at java_programs.GCD.gcd(GCD.java:19)
	at java_programs.GCD.gcd(GCD.java:19)
	at java_programs.GCD.gcd(GCD.java:19)
	at java_programs.GCD.gcd(GCD.java:19)
	at java_programs.GCD.gcd(GCD.java:19)
	at java_programs.GCD.gcd(GCD.java:19)
	at java_programs.GCD.gcd(GCD.java:19)
	at java_programs.GCD.gcd(GCD.java:19)
	at java_programs.GCD.gcd(GCD.java:19)
	at java_programs.GCD.gcd(GCD.java:19)
	at java_programs.GCD.gcd(GCD.java:19)
	at java_programs.GCD.gcd(GCD.java:19)
	at java_programs.GCD.gcd(GCD.java:19)
	at java_programs.GCD.gcd(GCD.java:19)
	at java_programs.GCD.gcd(GCD.java:19)
	at java_programs.GCD.gcd(GCD.java:19)
	at java_programs.GCD.gcd(GCD.java:19)
	at java_programs.GCD.gcd(GCD.java:19)
	at java_programs.GCD.gcd(GCD.java:19)
	at java_programs.GCD.gcd(GCD.java:19)
	at java_programs.GCD.gcd(GCD.java:19)
	at java_programs.GCD.gcd(GCD.java:19)
	at java_programs.GCD.gcd(GCD.java:19)
	at java_programs.GCD.gcd(GCD.java:19)
	at java_programs.GCD.gcd(GCD.java:19)
	at java_programs.GCD.gcd(GCD.java:19)
	at java_programs.GCD.gcd(GCD.java:19)
	at java_programs.GCD.gcd(GCD.java:19)
	at java_programs.GCD.gcd(GCD.java:19)
	at java_programs.GCD.gcd(GCD.java:19)
	at java_programs.GCD.gcd(GCD.java:19)
	at java_programs.GCD.gcd(GCD.java:19)
	at java_programs.GCD.gcd(GCD.java:19)
	at java_programs.GCD.gcd(GCD.java:19)
	at java_programs.GCD.gcd(GCD.java:19)
	at java_programs.GCD.gcd(GCD.java:19)
	at java_programs.GCD.gcd(GCD.java:19)
	at java_programs.GCD.gcd(GCD.java:19)
	at java_programs.GCD.gcd(GCD.java:19)
	at java_programs.GCD.gcd(GCD.java:19)
	at java_programs.GCD.gcd(GCD.java:19)
	at java_programs.GCD.gcd(GCD.java:19)
	at java_programs.GCD.gcd(GCD.java:19)
	at java_programs.GCD.gcd(GCD.java:19)
	at java_programs.GCD.gcd(GCD.java:19)
	at java_programs.GCD.gcd(GCD.java:19)
	at java_programs.GCD.gcd(GCD.java:19)
	at java_programs.GCD.gcd(GCD.java:19)
	at java_programs.GCD.gcd(GCD.java:19)
	at java_programs.GCD.gcd(GCD.java:19)
	at java_programs.GCD.gcd(GCD.java:19)
	at java_programs.GCD.gcd(GCD.java:19)
	at java_programs.GCD.gcd(GCD.java:19)
	at java_programs.GCD.gcd(GCD.java:19)
	at java_programs.GCD.gcd(GCD.java:19)
	at java_programs.GCD.gcd(GCD.java:19)
	at java_programs.GCD.gcd(GCD.java:19)
	at java_programs.GCD.gcd(GCD.java:19)
	at java_programs.GCD.gcd(GCD.java:19)
	at java_programs.GCD.gcd(GCD.java:19)
	at java_programs.GCD.gcd(GCD.java:19)
	at java_programs.GCD.gcd(GCD.java:19)
	at java_programs.GCD.gcd(GCD.java:19)
	at java_programs.GCD.gcd(GCD.java:19)
	at java_programs.GCD.gcd(GCD.java:19)
	at java_programs.GCD.gcd(GCD.java:19)
	at java_programs.GCD.gcd(GCD.java:19)
	at java_programs.GCD.gcd(GCD.java:19)
	at java_programs.GCD.gcd(GCD.java:19)
	at java_programs.GCD.gcd(GCD.java:19)
	at java_programs.GCD.gcd(GCD.java:19)
	at java_programs.GCD.gcd(GCD.java:19)
	at java_programs.GCD.gcd(GCD.java:19)
	at java_programs.GCD.gcd(GCD.java:19)
	at java_programs.GCD.gcd(GCD.java:19)
	at java_programs.GCD.gcd(GCD.java:19)
	at java_programs.GCD.gcd(GCD.java:19)
	at java_programs.GCD.gcd(GCD.java:19)
	at java_programs.GCD.gcd(GCD.java:19)
	at java_programs.GCD.gcd(GCD.java:19)
	at java_programs.GCD.gcd(GCD.java:19)
	at java_programs.GCD.gcd(GCD.java:19)
	at java_programs.GCD.gcd(GCD.java:19)
	at java_programs.GCD.gcd(GCD.java:19)
	at java_programs.GCD.gcd(GCD.java:19)
	at java_programs.GCD.gcd(GCD.java:19)
	at java_programs.GCD.gcd(GCD.java:19)
	at java_programs.GCD.gcd(GCD.java:19)
	at java_programs.GCD.gcd(GCD.java:19)
	at java_programs.GCD.gcd(GCD.java:19)
	at java_programs.GCD.gcd(GCD.java:19)
	at java_programs.GCD.gcd(GCD.java:19)
	at java_programs.GCD.gcd(GCD.java:19)
	at java_programs.GCD.gcd(GCD.java:19)
	at java_programs.GCD.gcd(GCD.java:19)
	at java_programs.GCD.gcd(GCD.java:19)
	at java_programs.GCD.gcd(GCD.java:19)
	at java_programs.GCD.gcd(GCD.java:19)
	at java_programs.GCD.gcd(GCD.java:19)
	at java_programs.GCD.gcd(GCD.java:19)
	at java_programs.GCD.gcd(GCD.java:19)
	at java_programs.GCD.gcd(GCD.java:19)
	at java_programs.GCD.gcd(GCD.java:19)
	at java_programs.GCD.gcd(GCD.java:19)
	at java_programs.GCD.gcd(GCD.java:19)
	at java_programs.GCD.gcd(GCD.java:19)
	at java_programs.GCD.gcd(GCD.java:19)
	at java_programs.GCD.gcd(GCD.java:19)
	at java_programs.GCD.gcd(GCD.java:19)
	at java_programs.GCD.gcd(GCD.java:19)
	at java_programs.GCD.gcd(GCD.java:19)
	at java_programs.GCD.gcd(GCD.java:19)
	at java_programs.GCD.gcd(GCD.java:19)
	at java_programs.GCD.gcd(GCD.java:19)
	at java_programs.GCD.gcd(GCD.java:19)
	at java_programs.GCD.gcd(GCD.java:19)
	at java_programs.GCD.gcd(GCD.java:19)
	at java_programs.GCD.gcd(GCD.java:19)
	at java_programs.GCD.gcd(GCD.java:19)
	at java_programs.GCD.gcd(GCD.java:19)
	at java_programs.GCD.gcd(GCD.java:19)
	at java_programs.GCD.gcd(GCD.java:19)
	at java_programs.GCD.gcd(GCD.java:19)
	at java_programs.GCD.gcd(GCD.java:19)
	at java_programs.GCD.gcd(GCD.java:19)
	at java_programs.GCD.gcd(GCD.java:19)
	at java_programs.GCD.gcd(GCD.java:19)
	at java_programs.GCD.gcd(GCD.java:19)
	at java_programs.GCD.gcd(GCD.java:19)
	at java_programs.GCD.gcd(GCD.java:19)
	at java_programs.GCD.gcd(GCD.java:19)
	at java_programs.GCD.gcd(GCD.java:19)
	at java_programs.GCD.gcd(GCD.java:19)
	at java_programs.GCD.gcd(GCD.java:19)
	at java_programs.GCD.gcd(GCD.java:19)
	at java_programs.GCD.gcd(GCD.java:19)
	at java_programs.GCD.gcd(GCD.java:19)
	at java_programs.GCD.gcd(GCD.java:19)
	at java_programs.GCD.gcd(GCD.java:19)
	at java_programs.GCD.gcd(GCD.java:19)
	at java_programs.GCD.gcd(GCD.java:19)
	at java_programs.GCD.gcd(GCD.java:19)
	at java_programs.GCD.gcd(GCD.java:19)
	at java_programs.GCD.gcd(GCD.java:19)
	at java_programs.GCD.gcd(GCD.java:19)
	at java_programs.GCD.gcd(GCD.java:19)
	at java_programs.GCD.gcd(GCD.java:19)
	at java_programs.GCD.gcd(GCD.java:19)
	at java_programs.GCD.gcd(GCD.java:19)
	at java_programs.GCD.gcd(GCD.java:19)
	at java_programs.GCD.gcd(GCD.java:19)
	at java_programs.GCD.gcd(GCD.java:19)
	at java_programs.GCD.gcd(GCD.java:19)
	at java_programs.GCD.gcd(GCD.java:19)
	at java_programs.GCD.gcd(GCD.java:19)
	at java_programs.GCD.gcd(GCD.java:19)
	at java_programs.GCD.gcd(GCD.java:19)
	at java_programs.GCD.gcd(GCD.java:19)
	at java_programs.GCD.gcd(GCD.java:19)
	at java_programs.GCD.gcd(GCD.java:19)
	at java_programs.GCD.gcd(GCD.java:19)
	at java_programs.GCD.gcd(GCD.java:19)
	at java_programs.GCD.gcd(GCD.java:19)
	at java_programs.GCD.gcd(GCD.java:19)
	at java_programs.GCD.gcd(GCD.java:19)
	at java_programs.GCD.gcd(GCD.java:19)
	at java_programs.GCD.gcd(GCD.java:19)
	at java_programs.GCD.gcd(GCD.java:19)
	at java_programs.GCD.gcd(GCD.java:19)
	at java_programs.GCD.gcd(GCD.java:19)
	at java_programs.GCD.gcd(GCD.java:19)
	at java_programs.GCD.gcd(GCD.java:19)
	at java_programs.GCD.gcd(GCD.java:19)
	at java_programs.GCD.gcd(GCD.java:19)
	at java_programs.GCD.gcd(GCD.java:19)
	at java_programs.GCD.gcd(GCD.java:19)
	at java_programs.GCD.gcd(GCD.java:19)
	at java_programs.GCD.gcd(GCD.java:19)
	at java_programs.GCD.gcd(GCD.java:19)
	at java_programs.GCD.gcd(GCD.java:19)
	at java_programs.GCD.gcd(GCD.java:19)
	at java_programs.GCD.gcd(GCD.java:19)
	at java_programs.GCD.gcd(GCD.java:19)
	at java_programs.GCD.gcd(GCD.java:19)
	at java_programs.GCD.gcd(GCD.java:19)
	at java_programs.GCD.gcd(GCD.java:19)
	at java_programs.GCD.gcd(GCD.java:19)
	at java_programs.GCD.gcd(GCD.java:19)
	at java_programs.GCD.gcd(GCD.java:19)
	at java_programs.GCD.gcd(GCD.java:19)
	at java_programs.GCD.gcd(GCD.java:19)
	at java_programs.GCD.gcd(GCD.java:19)
	at java_programs.GCD.gcd(GCD.java:19)
	at java_programs.GCD.gcd(GCD.java:19)
	at java_programs.GCD.gcd(GCD.java:19)
	at java_programs.GCD.gcd(GCD.java:19)
	at java_programs.GCD.gcd(GCD.java:19)
	at java_programs.GCD.gcd(GCD.java:19)
	at java_programs.GCD.gcd(GCD.java:19)
	at java_programs.GCD.gcd(GCD.java:19)
	at java_programs.GCD.gcd(GCD.java:19)
	at java_programs.GCD.gcd(GCD.java:19)
	at java_programs.GCD.gcd(GCD.java:19)
	at java_programs.GCD.gcd(GCD.java:19)
	at java_programs.GCD.gcd(GCD.java:19)
	at java_programs.GCD.gcd(GCD.java:19)
	at java_programs.GCD.gcd(GCD.java:19)
	at java_programs.GCD.gcd(GCD.java:19)
	at java_programs.GCD.gcd(GCD.java:19)
	at java_programs.GCD.gcd(GCD.java:19)
	at java_programs.GCD.gcd(GCD.java:19)
	at java_programs.GCD.gcd(GCD.java:19)
	at java_programs.GCD.gcd(GCD.java:19)
	at java_programs.GCD.gcd(GCD.java:19)
	at java_programs.GCD.gcd(GCD.java:19)
	at java_programs.GCD.gcd(GCD.java:19)
	at java_programs.GCD.gcd(GCD.java:19)
	at java_programs.GCD.gcd(GCD.java:19)
	at java_programs.GCD.gcd(GCD.java:19)
	at java_programs.GCD.gcd(GCD.java:19)
	at java_programs.GCD.gcd(GCD.java:19)
	at java_programs.GCD.gcd(GCD.java:19)
	at java_programs.GCD.gcd(GCD.java:19)
	at java_programs.GCD.gcd(GCD.java:19)
	at java_programs.GCD.gcd(GCD.java:19)
	at java_programs.GCD.gcd(GCD.java:19)
	at java_programs.GCD.gcd(GCD.java:19)
	at java_programs.GCD.gcd(GCD.java:19)
	at java_programs.GCD.gcd(GCD.java:19)
	at java_programs.GCD.gcd(GCD.java:19)
	at java_programs.GCD.gcd(GCD.java:19)
	at java_programs.GCD.gcd(GCD.java:19)
	at java_programs.GCD.gcd(GCD.java:19)
	at java_programs.GCD.gcd(GCD.java:19)
	at java_programs.GCD.gcd(GCD.java:19)
	at java_programs.GCD.gcd(GCD.java:19)
	at java_programs.GCD.gcd(GCD.java:19)
	at java_programs.GCD.gcd(GCD.java:19)
	at java_programs.GCD.gcd(GCD.java:19)
	at java_programs.GCD.gcd(GCD.java:19)
	at java_programs.GCD.gcd(GCD.java:19)
	at java_programs.GCD.gcd(GCD.java:19)
	at java_programs.GCD.gcd(GCD.java:19)
	at java_programs.GCD.gcd(GCD.java:19)
	at java_programs.GCD.gcd(GCD.java:19)
	at java_programs.GCD.gcd(GCD.java:19)
	at java_programs.GCD.gcd(GCD.java:19)
	at java_programs.GCD.gcd(GCD.java:19)
	at java_programs.GCD.gcd(GCD.java:19)
	at java_programs.GCD.gcd(GCD.java:19)
	at java_programs.GCD.gcd(GCD.java:19)
	at java_programs.GCD.gcd(GCD.java:19)
	at java_programs.GCD.gcd(GCD.java:19)
	at java_programs.GCD.gcd(GCD.java:19)
	at java_programs.GCD.gcd(GCD.java:19)
	at java_programs.GCD.gcd(GCD.java:19)
	at java_programs.GCD.gcd(GCD.java:19)
	at java_programs.GCD.gcd(GCD.java:19)
	at java_programs.GCD.gcd(GCD.java:19)
	at java_programs.GCD.gcd(GCD.java:19)
	at java_programs.GCD.gcd(GCD.java:19)
	at java_programs.GCD.gcd(GCD.java:19)
	at java_programs.GCD.gcd(GCD.java:19)
	at java_programs.GCD.gcd(GCD.java:19)
	at java_programs.GCD.gcd(GCD.java:19)
	at java_programs.GCD.gcd(GCD.java:19)
	at java_programs.GCD.gcd(GCD.java:19)
	at java_programs.GCD.gcd(GCD.java:19)
	at java_programs.GCD.gcd(GCD.java:19)
	at java_programs.GCD.gcd(GCD.java:19)
	at java_programs.GCD.gcd(GCD.java:19)
	at java_programs.GCD.gcd(GCD.java:19)
	at java_programs.GCD.gcd(GCD.java:19)
	at java_programs.GCD.gcd(GCD.java:19)
	at java_programs.GCD.gcd(GCD.java:19)
	at java_programs.GCD.gcd(GCD.java:19)
	at java_programs.GCD.gcd(GCD.java:19)
	at java_programs.GCD.gcd(GCD.java:19)
	at java_programs.GCD.gcd(GCD.java:19)
	at java_programs.GCD.gcd(GCD.java:19)
	at java_programs.GCD.gcd(GCD.java:19)
	at java_programs.GCD.gcd(GCD.java:19)
	at java_programs.GCD.gcd(GCD.java:19)
	at java_programs.GCD.gcd(GCD.java:19)
	at java_programs.GCD.gcd(GCD.java:19)
	at java_programs.GCD.gcd(GCD.java:19)
	at java_programs.GCD.gcd(GCD.java:19)
	at java_programs.GCD.gcd(GCD.java:19)
	at java_programs.GCD.gcd(GCD.java:19)
	at java_programs.GCD.gcd(GCD.java:19)
	at java_programs.GCD.gcd(GCD.java:19)
	at java_programs.GCD.gcd(GCD.java:19)
	at java_programs.GCD.gcd(GCD.java:19)
	at java_programs.GCD.gcd(GCD.java:19)
	at java_programs.GCD.gcd(GCD.java:19)
	at java_programs.GCD.gcd(GCD.java:19)
	at java_programs.GCD.gcd(GCD.java:19)
	at java_programs.GCD.gcd(GCD.java:19)
	at java_programs.GCD.gcd(GCD.java:19)
	at java_programs.GCD.gcd(GCD.java:19)
	at java_programs.GCD.gcd(GCD.java:19)
	at java_programs.GCD.gcd(GCD.java:19)
	at java_programs.GCD.gcd(GCD.java:19)
	at java_programs.GCD.gcd(GCD.java:19)
	at java_programs.GCD.gcd(GCD.java:19)
	at java_programs.GCD.gcd(GCD.java:19)
	at java_programs.GCD.gcd(GCD.java:19)
	at java_programs.GCD.gcd(GCD.java:19)
	at java_programs.GCD.gcd(GCD.java:19)
	at java_programs.GCD.gcd(GCD.java:19)
	at java_programs.GCD.gcd(GCD.java:19)
	at java_programs.GCD.gcd(GCD.java:19)
	at java_programs.GCD.gcd(GCD.java:19)
	at java_programs.GCD.gcd(GCD.java:19)
	at java_programs.GCD.gcd(GCD.java:19)
	at java_programs.GCD.gcd(GCD.java:19)
	at java_programs.GCD.gcd(GCD.java:19)
	at java_programs.GCD.gcd(GCD.java:19)
	at java_programs.GCD.gcd(GCD.java:19)
	at java_programs.GCD.gcd(GCD.java:19)
	at java_programs.GCD.gcd(GCD.java:19)
	at java_programs.GCD.gcd(GCD.java:19)
	at java_programs.GCD.gcd(GCD.java:19)
	at java_programs.GCD.gcd(GCD.java:19)
	at java_programs.GCD.gcd(GCD.java:19)
	at java_programs.GCD.gcd(GCD.java:19)
	at java_programs.GCD.gcd(GCD.java:19)
	at java_programs.GCD.gcd(GCD.java:19)
	at java_programs.GCD.gcd(GCD.java:19)
	at java_programs.GCD.gcd(GCD.java:19)
	at java_programs.GCD.gcd(GCD.java:19)
	at java_programs.GCD.gcd(GCD.java:19)
	at java_programs.GCD.gcd(GCD.java:19)
	at java_programs.GCD.gcd(GCD.java:19)
	at java_programs.GCD.gcd(GCD.java:19)
	at java_programs.GCD.gcd(GCD.java:19)
	at java_programs.GCD.gcd(GCD.java:19)
	at java_programs.GCD.gcd(GCD.java:19)
	at java_programs.GCD.gcd(GCD.java:19)
	at java_programs.GCD.gcd(GCD.java:19)
	at java_programs.GCD.gcd(GCD.java:19)
	at java_programs.GCD.gcd(GCD.java:19)
	at java_programs.GCD.gcd(GCD.java:19)
	at java_programs.GCD.gcd(GCD.java:19)
	at java_programs.GCD.gcd(GCD.java:19)
	at java_programs.GCD.gcd(GCD.java:19)
	at java_programs.GCD.gcd(GCD.java:19)
	at java_programs.GCD.gcd(GCD.java:19)
	at java_programs.GCD.gcd(GCD.java:19)
	at java_programs.GCD.gcd(GCD.java:19)
	at java_programs.GCD.gcd(GCD.java:19)
	at java_programs.GCD.gcd(GCD.java:19)
	at java_programs.GCD.gcd(GCD.java:19)
	at java_programs.GCD.gcd(GCD.java:19)
	at java_programs.GCD.gcd(GCD.java:19)
	at java_programs.GCD.gcd(GCD.java:19)
	at java_programs.GCD.gcd(GCD.java:19)
	at java_programs.GCD.gcd(GCD.java:19)
	at java_programs.GCD.gcd(GCD.java:19)
	at java_programs.GCD.gcd(GCD.java:19)
	at java_programs.GCD.gcd(GCD.java:19)
	at java_programs.GCD.gcd(GCD.java:19)
	at java_programs.GCD.gcd(GCD.java:19)
	at java_programs.GCD.gcd(GCD.java:19)
	at java_programs.GCD.gcd(GCD.java:19)
	at java_programs.GCD.gcd(GCD.java:19)
	at java_programs.GCD.gcd(GCD.java:19)
	at java_programs.GCD.gcd(GCD.java:19)
	at java_programs.GCD.gcd(GCD.java:19)
	at java_programs.GCD.gcd(GCD.java:19)
	at java_programs.GCD.gcd(GCD.java:19)
	at java_programs.GCD.gcd(GCD.java:19)
	at java_programs.GCD.gcd(GCD.java:19)
	at java_programs.GCD.gcd(GCD.java:19)
	at java_programs.GCD.gcd(GCD.java:19)
	at java_programs.GCD.gcd(GCD.java:19)
	at java_programs.GCD.gcd(GCD.java:19)
	at java_programs.GCD.gcd(GCD.java:19)
	at java_programs.GCD.gcd(GCD.java:19)
	at java_programs.GCD.gcd(GCD.java:19)
	at java_programs.GCD.gcd(GCD.java:19)
	at java_programs.GCD.gcd(GCD.java:19)
	at java_programs.GCD.gcd(GCD.java:19)
	at java_programs.GCD.gcd(GCD.java:19)
	at java_programs.GCD.gcd(GCD.java:19)
	at java_programs.GCD.gcd(GCD.java:19)
	at java_programs.GCD.gcd(GCD.java:19)
	at java_programs.GCD.gcd(GCD.java:19)
	at java_programs.GCD.gcd(GCD.java:19)
	at java_programs.GCD.gcd(GCD.java:19)
	at java_programs.GCD.gcd(GCD.java:19)
	at java_programs.GCD.gcd(GCD.java:19)
	at java_programs.GCD.gcd(GCD.java:19)
	at java_programs.GCD.gcd(GCD.java:19)
	at java_programs.GCD.gcd(GCD.java:19)
	at java_programs.GCD.gcd(GCD.java:19)
	at java_programs.GCD.gcd(GCD.java:19)
	at java_programs.GCD.gcd(GCD.java:19)
	at java_programs.GCD.gcd(GCD.java:19)
	at java_programs.GCD.gcd(GCD.java:19)
	at java_programs.GCD.gcd(GCD.java:19)
	at java_programs.GCD.gcd(GCD.java:19)
	at java_programs.GCD.gcd(GCD.java:19)
	at java_programs.GCD.gcd(GCD.java:19)
	at java_programs.GCD.gcd(GCD.java:19)
	at java_programs.GCD.gcd(GCD.java:19)
	at java_programs.GCD.gcd(GCD.java:19)
	at java_programs.GCD.gcd(GCD.java:19)
	at java_programs.GCD.gcd(GCD.java:19)
	at java_programs.GCD.gcd(GCD.java:19)
	at java_programs.GCD.gcd(GCD.java:19)
	at java_programs.GCD.gcd(GCD.java:19)
	at java_programs.GCD.gcd(GCD.java:19)
	at java_programs.GCD.gcd(GCD.java:19)
	at java_programs.GCD.gcd(GCD.java:19)
	at java_programs.GCD.gcd(GCD.java:19)
	at java_programs.GCD.gcd(GCD.java:19)
	at java_programs.GCD.gcd(GCD.java:19)
	at java_programs.GCD.gcd(GCD.java:19)
	at java_programs.GCD.gcd(GCD.java:19)
	at java_programs.GCD.gcd(GCD.java:19)
	at java_programs.GCD.gcd(GCD.java:19)
	at java_programs.GCD.gcd(GCD.java:19)
	at java_programs.GCD.gcd(GCD.java:19)
	at java_programs.GCD.gcd(GCD.java:19)
	at java_programs.GCD.gcd(GCD.java:19)
	at java_programs.GCD.gcd(GCD.java:19)
	at java_programs.GCD.gcd(GCD.java:19)
	at java_programs.GCD.gcd(GCD.java:19)
	at java_programs.GCD.gcd(GCD.java:19)
	at java_programs.GCD.gcd(GCD.java:19)
	at java_programs.GCD.gcd(GCD.java:19)
	at java_programs.GCD.gcd(GCD.java:19)
	at java_programs.GCD.gcd(GCD.java:19)
	at java_programs.GCD.gcd(GCD.java:19)
	at java_programs.GCD.gcd(GCD.java:19)
	at java_programs.GCD.gcd(GCD.java:19)
	at java_programs.GCD.gcd(GCD.java:19)
	at java_programs.GCD.gcd(GCD.java:19)
	at java_programs.GCD.gcd(GCD.java:19)
	at java_programs.GCD.gcd(GCD.java:19)
	at java_programs.GCD.gcd(GCD.java:19)
	at java_programs.GCD.gcd(GCD.java:19)
	at java_programs.GCD.gcd(GCD.java:19)
	at java_programs.GCD.gcd(GCD.java:19)
	at java_programs.GCD.gcd(GCD.java:19)
	at java_programs.GCD.gcd(GCD.java:19)
	at java_programs.GCD.gcd(GCD.java:19)
	at java_programs.GCD.gcd(GCD.java:19)
	at java_programs.GCD.gcd(GCD.java:19)
	at java_programs.GCD.gcd(GCD.java:19)
	at java_programs.GCD.gcd(GCD.java:19)
	at java_programs.GCD.gcd(GCD.java:19)
	at java_programs.GCD.gcd(GCD.java:19)
	at java_programs.GCD.gcd(GCD.java:19)
	at java_programs.GCD.gcd(GCD.java:19)
	at java_programs.GCD.gcd(GCD.java:19)
	at java_programs.GCD.gcd(GCD.java:19)
	at java_programs.GCD.gcd(GCD.java:19)
	at java_programs.GCD.gcd(GCD.java:19)
	at java_programs.GCD.gcd(GCD.java:19)
	at java_programs.GCD.gcd(GCD.java:19)
	at java_programs.GCD.gcd(GCD.java:19)
	at java_programs.GCD.gcd(GCD.java:19)
	at java_programs.GCD.gcd(GCD.java:19)
	at java_programs.GCD.gcd(GCD.java:19)
	at java_programs.GCD.gcd(GCD.java:19)
	at java_programs.GCD.gcd(GCD.java:19)
	at java_programs.GCD.gcd(GCD.java:19)
	at java_programs.GCD.gcd(GCD.java:19)
	at java_programs.GCD.gcd(GCD.java:19)
	at java_programs.GCD.gcd(GCD.java:19)
	at java_programs.GCD.gcd(GCD.java:19)
	at java_programs.GCD.gcd(GCD.java:19)
	at java_programs.GCD.gcd(GCD.java:19)
	at java_programs.GCD.gcd(GCD.java:19)
	at java_programs.GCD.gcd(GCD.java:19)
	at java_programs.GCD.gcd(GCD.java:19)
	at java_programs.GCD.gcd(GCD.java:19)
	at java_programs.GCD.gcd(GCD.java:19)
	at java_programs.GCD.gcd(GCD.java:19)
	at java_programs.GCD.gcd(GCD.java:19)
	at java_programs.GCD.gcd(GCD.java:19)
	at java_programs.GCD.gcd(GCD.java:19)
	at java_programs.GCD.gcd(GCD.java:19)
	at java_programs.GCD.gcd(GCD.java:19)
	at java_programs.GCD.gcd(GCD.java:19)
	at java_programs.GCD.gcd(GCD.java:19)
	at java_programs.GCD.gcd(GCD.java:19)
	at java_programs.GCD.gcd(GCD.java:19)
	at java_programs.GCD.gcd(GCD.java:19)
	at java_programs.GCD.gcd(GCD.java:19)
	at java_programs.GCD.gcd(GCD.java:19)
	at java_programs.GCD.gcd(GCD.java:19)
	at java_programs.GCD.gcd(GCD.java:19)
	at java_programs.GCD.gcd(GCD.java:19)
	at java_programs.GCD.gcd(GCD.java:19)
	at java_programs.GCD.gcd(GCD.java:19)
	at java_programs.GCD.gcd(GCD.java:19)
	at java_programs.GCD.gcd(GCD.java:19)
	at java_programs.GCD.gcd(GCD.java:19)
	at java_programs.GCD.gcd(GCD.java:19)
	at java_programs.GCD.gcd(GCD.java:19)
	at java_programs.GCD.gcd(GCD.java:19)
	at java_programs.GCD.gcd(GCD.java:19)
	at java_programs.GCD.gcd(GCD.java:19)
	at java_programs.GCD.gcd(GCD.java:19)
	at java_programs.GCD.gcd(GCD.java:19)
	at java_programs.GCD.gcd(GCD.java:19)
	at java_programs.GCD.gcd(GCD.java:19)
	at java_programs.GCD.gcd(GCD.java:19)
	at java_programs.GCD.gcd(GCD.java:19)
	at java_programs.GCD.gcd(GCD.java:19)
	at java_programs.GCD.gcd(GCD.java:19)
	at java_programs.GCD.gcd(GCD.java:19)
	at java_programs.GCD.gcd(GCD.java:19)
	at java_programs.GCD.gcd(GCD.java:19)
	at java_programs.GCD.gcd(GCD.java:19)
	at java_programs.GCD.gcd(GCD.java:19)
	at java_programs.GCD.gcd(GCD.java:19)
	at java_programs.GCD.gcd(GCD.java:19)
	at java_programs.GCD.gcd(GCD.java:19)
	at java_programs.GCD.gcd(GCD.java:19)
	at java_programs.GCD.gcd(GCD.java:19)
	at java_programs.GCD.gcd(GCD.java:19)
	at java_programs.GCD.gcd(GCD.java:19)
	at java_programs.GCD.gcd(GCD.java:19)
	at java_programs.GCD.gcd(GCD.java:19)
	at java_programs.GCD.gcd(GCD.java:19)
	at java_programs.GCD.gcd(GCD.java:19)
	at java_programs.GCD.gcd(GCD.java:19)
	at java_programs.GCD.gcd(GCD.java:19)
	at java_programs.GCD.gcd(GCD.java:19)
	at java_programs.GCD.gcd(GCD.java:19)
	at java_programs.GCD.gcd(GCD.java:19)
	at java_programs.GCD.gcd(GCD.java:19)
	at java_programs.GCD.gcd(GCD.java:19)
	at java_programs.GCD.gcd(GCD.java:19)
	at java_programs.GCD.gcd(GCD.java:19)
	at java_programs.GCD.gcd(GCD.java:19)
	at java_programs.GCD.gcd(GCD.java:19)
	at java_programs.GCD.gcd(GCD.java:19)
	at java_programs.GCD.gcd(GCD.java:19)
	at java_programs.GCD.gcd(GCD.java:19)
	at java_programs.GCD.gcd(GCD.java:19)
	at java_programs.GCD.gcd(GCD.java:19)
	at java_programs.GCD.gcd(GCD.java:19)
	at java_programs.GCD.gcd(GCD.java:19)
	at java_programs.GCD.gcd(GCD.java:19)
	at java_programs.GCD.gcd(GCD.java:19)
	at java_programs.GCD.gcd(GCD.java:19)
	at java_programs.GCD.gcd(GCD.java:19)
	at java_programs.GCD.gcd(GCD.java:19)
	at java_programs.GCD.gcd(GCD.java:19)
	at java_programs.GCD.gcd(GCD.java:19)
	at java_programs.GCD.gcd(GCD.java:19)
	at java_programs.GCD.gcd(GCD.java:19)
	at java_programs.GCD.gcd(GCD.java:19)
	at java_programs.GCD.gcd(GCD.java:19)
	at java_programs.GCD.gcd(GCD.java:19)
	at java_programs.GCD.gcd(GCD.java:19)
	at java_programs.GCD.gcd(GCD.java:19)
	at java_programs.GCD.gcd(GCD.java:19)
	at java_programs.GCD.gcd(GCD.java:19)
	at java_programs.GCD.gcd(GCD.java:19)
	at java_programs.GCD.gcd(GCD.java:19)
	at java_programs.GCD.gcd(GCD.java:19)
	at java_programs.GCD.gcd(GCD.java:19)
	at java_programs.GCD.gcd(GCD.java:19)
	at java_programs.GCD.gcd(GCD.java:19)
	at java_programs.GCD.gcd(GCD.java:19)
	at java_programs.GCD.gcd(GCD.java:19)
	at java_programs.GCD.gcd(GCD.java:19)
	at java_programs.GCD.gcd(GCD.java:19)
	at java_programs.GCD.gcd(GCD.java:19)
	at java_programs.GCD.gcd(GCD.java:19)
	at java_programs.GCD.gcd(GCD.java:19)
	at java_programs.GCD.gcd(GCD.java:19)
	at java_programs.GCD.gcd(GCD.java:19)
	at java_programs.GCD.gcd(GCD.java:19)
	at java_programs.GCD.gcd(GCD.java:19)
	at java_programs.GCD.gcd(GCD.java:19)
	at java_programs.GCD.gcd(GCD.java:19)
	at java_programs.GCD.gcd(GCD.java:19)
	at java_programs.GCD.gcd(GCD.java:19)
	at java_programs.GCD.gcd(GCD.java:19)
	at java_programs.GCD.gcd(GCD.java:19)
	at java_programs.GCD.gcd(GCD.java:19)
	at java_programs.GCD.gcd(GCD.java:19)
	at java_programs.GCD.gcd(GCD.java:19)
	at java_programs.GCD.gcd(GCD.java:19)
	at java_programs.GCD.gcd(GCD.java:19)
	at java_programs.GCD.gcd(GCD.java:19)
	at java_programs.GCD.gcd(GCD.java:19)
	at java_programs.GCD.gcd(GCD.java:19)
	at java_programs.GCD.gcd(GCD.java:19)
	at java_programs.GCD.gcd(GCD.java:19)
	at java_programs.GCD.gcd(GCD.java:19)
	at java_programs.GCD.gcd(GCD.java:19)
	at java_programs.GCD.gcd(GCD.java:19)
	at java_programs.GCD.gcd(GCD.java:19)
	at java_programs.GCD.gcd(GCD.java:19)
	at java_programs.GCD.gcd(GCD.java:19)
	at java_programs.GCD.gcd(GCD.java:19)
	at java_programs.GCD.gcd(GCD.java:19)
	at java_programs.GCD.gcd(GCD.java:19)
	at java_programs.GCD.gcd(GCD.java:19)
	at java_programs.GCD.gcd(GCD.java:19)
	at java_programs.GCD.gcd(GCD.java:19)
	at java_programs.GCD.gcd(GCD.java:19)
	at java_programs.GCD.gcd(GCD.java:19)
	at java_programs.GCD.gcd(GCD.java:19)
	at java_programs.GCD.gcd(GCD.java:19)
	at java_programs.GCD.gcd(GCD.java:19)
	at java_programs.GCD.gcd(GCD.java:19)
	at java_programs.GCD.gcd(GCD.java:19)
	at java_programs.GCD.gcd(GCD.java:19)
	at java_programs.GCD.gcd(GCD.java:19)
	at java_programs.GCD.gcd(GCD.java:19)
	at java_programs.GCD.gcd(GCD.java:19)
	at java_programs.GCD.gcd(GCD.java:19)
	at java_programs.GCD.gcd(GCD.java:19)
	at java_programs.GCD.gcd(GCD.java:19)
	at java_programs.GCD.gcd(GCD.java:19)
	at java_programs.GCD.gcd(GCD.java:19)
	at java_programs.GCD.gcd(GCD.java:19)
	at java_programs.GCD.gcd(GCD.java:19)
	at java_programs.GCD.gcd(GCD.java:19)
	at java_programs.GCD.gcd(GCD.java:19)
	at java_programs.GCD.gcd(GCD.java:19)
	at java_programs.GCD.gcd(GCD.java:19)
	at java_programs.GCD.gcd(GCD.java:19)
	at java_programs.GCD.gcd(GCD.java:19)
	at java_programs.GCD.gcd(GCD.java:19)
	at java_programs.GCD.gcd(GCD.java:19)
	at java_programs.GCD.gcd(GCD.java:19)
	at java_programs.GCD.gcd(GCD.java:19)
	at java_programs.GCD.gcd(GCD.java:19)
	at java_programs.GCD.gcd(GCD.java:19)
	at java_programs.GCD.gcd(GCD.java:19)
	at java_programs.GCD.gcd(GCD.java:19)
	at java_programs.GCD.gcd(GCD.java:19)
	at java_programs.GCD.gcd(GCD.java:19)
	at java_programs.GCD.gcd(GCD.java:19)
	at java_programs.GCD.gcd(GCD.java:19)
	at java_programs.GCD.gcd(GCD.java:19)
	at java_programs.GCD.gcd(GCD.java:19)
	at java_programs.GCD.gcd(GCD.java:19)
	at java_programs.GCD.gcd(GCD.java:19)
	at java_programs.GCD.gcd(GCD.java:19)
	at java_programs.GCD.gcd(GCD.java:19)
	at java_programs.GCD.gcd(GCD.java:19)
	at java_programs.GCD.gcd(GCD.java:19)
	at java_programs.GCD.gcd(GCD.java:19)
	at java_programs.GCD.gcd(GCD.java:19)
	at java_programs.GCD.gcd(GCD.java:19)
	at java_programs.GCD.gcd(GCD.java:19)
	at java_programs.GCD.gcd(GCD.java:19)
	at java_programs.GCD.gcd(GCD.java:19)
	at java_programs.GCD.gcd(GCD.java:19)
	at java_programs.GCD.gcd(GCD.java:19)
	at java_programs.GCD.gcd(GCD.java:19)
	at java_programs.GCD.gcd(GCD.java:19)
	at java_programs.GCD.gcd(GCD.java:19)
	at java_programs.GCD.gcd(GCD.java:19)
	at java_programs.GCD.gcd(GCD.java:19)
	at java_programs.GCD.gcd(GCD.java:19)
	at java_programs.GCD.gcd(GCD.java:19)
	at java_programs.GCD.gcd(GCD.java:19)
	at java_programs.GCD.gcd(GCD.java:19)
	at java_programs.GCD.gcd(GCD.java:19)
	at java_programs.GCD.gcd(GCD.java:19)
	at java_programs.GCD.gcd(GCD.java:19)
	at java_programs.GCD.gcd(GCD.java:19)
	at java_programs.GCD.gcd(GCD.java:19)
	at java_programs.GCD.gcd(GCD.java:19)
	at java_programs.GCD.gcd(GCD.java:19)
	at java_programs.GCD.gcd(GCD.java:19)
	at java_programs.GCD.gcd(GCD.java:19)
	at java_programs.GCD.gcd(GCD.java:19)
	at java_programs.GCD.gcd(GCD.java:19)
	at java_programs.GCD.gcd(GCD.java:19)
	at java_programs.GCD.gcd(GCD.java:19)
	at java_programs.GCD.gcd(GCD.java:19)
	at java_programs.GCD.gcd(GCD.java:19)
	at java_programs.GCD.gcd(GCD.java:19)
	at java_programs.GCD.gcd(GCD.java:19)
	at java_programs.GCD.gcd(GCD.java:19)
	at java_programs.GCD.gcd(GCD.java:19)
	at java_programs.GCD.gcd(GCD.java:19)
	at java_programs.GCD.gcd(GCD.java:19)
	at java_programs.GCD.gcd(GCD.java:19)
	at java_programs.GCD.gcd(GCD.java:19)
	at java_programs.GCD.gcd(GCD.java:19)
	at java_programs.GCD.gcd(GCD.java:19)
	at java_programs.GCD.gcd(GCD.java:19)
	at java_programs.GCD.gcd(GCD.java:19)
	at java_programs.GCD.gcd(GCD.java:19)
	at java_programs.GCD.gcd(GCD.java:19)
	at java_programs.GCD.gcd(GCD.java:19)
	at java_programs.GCD.gcd(GCD.java:19)
	at java_programs.GCD.gcd(GCD.java:19)
	at java_programs.GCD.gcd(GCD.java:19)
	at java_programs.GCD.gcd(GCD.java:19)
	at java_programs.GCD.gcd(GCD.java:19)
	at java_programs.GCD.gcd(GCD.java:19)
	at java_programs.GCD.gcd(GCD.java:19)
	at java_programs.GCD.gcd(GCD.java:19)
	at java_programs.GCD.gcd(GCD.java:19)
	at java_programs.GCD.gcd(GCD.java:19)
	at java_programs.GCD.gcd(GCD.java:19)
	at java_programs.GCD.gcd(GCD.java:19)
</failure>
  </testcase>
  <testcase name="test_4()" classname="test.java.GCD_TEST" time="0.009">
    <failure message="java.lang.StackOverflowError" type="java.lang.StackOverflowError">java.lang.StackOverflowError
	at java_programs.GCD.gcd(GCD.java:19)
	at java_programs.GCD.gcd(GCD.java:19)
	at java_programs.GCD.gcd(GCD.java:19)
	at java_programs.GCD.gcd(GCD.java:19)
	at java_programs.GCD.gcd(GCD.java:19)
	at java_programs.GCD.gcd(GCD.java:19)
	at java_programs.GCD.gcd(GCD.java:19)
	at java_programs.GCD.gcd(GCD.java:19)
	at java_programs.GCD.gcd(GCD.java:19)
	at java_programs.GCD.gcd(GCD.java:19)
	at java_programs.GCD.gcd(GCD.java:19)
	at java_programs.GCD.gcd(GCD.java:19)
	at java_programs.GCD.gcd(GCD.java:19)
	at java_programs.GCD.gcd(GCD.java:19)
	at java_programs.GCD.gcd(GCD.java:19)
	at java_programs.GCD.gcd(GCD.java:19)
	at java_programs.GCD.gcd(GCD.java:19)
	at java_programs.GCD.gcd(GCD.java:19)
	at java_programs.GCD.gcd(GCD.java:19)
	at java_programs.GCD.gcd(GCD.java:19)
	at java_programs.GCD.gcd(GCD.java:19)
	at java_programs.GCD.gcd(GCD.java:19)
	at java_programs.GCD.gcd(GCD.java:19)
	at java_programs.GCD.gcd(GCD.java:19)
	at java_programs.GCD.gcd(GCD.java:19)
	at java_programs.GCD.gcd(GCD.java:19)
	at java_programs.GCD.gcd(GCD.java:19)
	at java_programs.GCD.gcd(GCD.java:19)
	at java_programs.GCD.gcd(GCD.java:19)
	at java_programs.GCD.gcd(GCD.java:19)
	at java_programs.GCD.gcd(GCD.java:19)
	at java_programs.GCD.gcd(GCD.java:19)
	at java_programs.GCD.gcd(GCD.java:19)
	at java_programs.GCD.gcd(GCD.java:19)
	at java_programs.GCD.gcd(GCD.java:19)
	at java_programs.GCD.gcd(GCD.java:19)
	at java_programs.GCD.gcd(GCD.java:19)
	at java_programs.GCD.gcd(GCD.java:19)
	at java_programs.GCD.gcd(GCD.java:19)
	at java_programs.GCD.gcd(GCD.java:19)
	at java_programs.GCD.gcd(GCD.java:19)
	at java_programs.GCD.gcd(GCD.java:19)
	at java_programs.GCD.gcd(GCD.java:19)
	at java_programs.GCD.gcd(GCD.java:19)
	at java_programs.GCD.gcd(GCD.java:19)
	at java_programs.GCD.gcd(GCD.java:19)
	at java_programs.GCD.gcd(GCD.java:19)
	at java_programs.GCD.gcd(GCD.java:19)
	at java_programs.GCD.gcd(GCD.java:19)
	at java_programs.GCD.gcd(GCD.java:19)
	at java_programs.GCD.gcd(GCD.java:19)
	at java_programs.GCD.gcd(GCD.java:19)
	at java_programs.GCD.gcd(GCD.java:19)
	at java_programs.GCD.gcd(GCD.java:19)
	at java_programs.GCD.gcd(GCD.java:19)
	at java_programs.GCD.gcd(GCD.java:19)
	at java_programs.GCD.gcd(GCD.java:19)
	at java_programs.GCD.gcd(GCD.java:19)
	at java_programs.GCD.gcd(GCD.java:19)
	at java_programs.GCD.gcd(GCD.java:19)
	at java_programs.GCD.gcd(GCD.java:19)
	at java_programs.GCD.gcd(GCD.java:19)
	at java_programs.GCD.gcd(GCD.java:19)
	at java_programs.GCD.gcd(GCD.java:19)
	at java_programs.GCD.gcd(GCD.java:19)
	at java_programs.GCD.gcd(GCD.java:19)
	at java_programs.GCD.gcd(GCD.java:19)
	at java_programs.GCD.gcd(GCD.java:19)
	at java_programs.GCD.gcd(GCD.java:19)
	at java_programs.GCD.gcd(GCD.java:19)
	at java_programs.GCD.gcd(GCD.java:19)
	at java_programs.GCD.gcd(GCD.java:19)
	at java_programs.GCD.gcd(GCD.java:19)
	at java_programs.GCD.gcd(GCD.java:19)
	at java_programs.GCD.gcd(GCD.java:19)
	at java_programs.GCD.gcd(GCD.java:19)
	at java_programs.GCD.gcd(GCD.java:19)
	at java_programs.GCD.gcd(GCD.java:19)
	at java_programs.GCD.gcd(GCD.java:19)
	at java_programs.GCD.gcd(GCD.java:19)
	at java_programs.GCD.gcd(GCD.java:19)
	at java_programs.GCD.gcd(GCD.java:19)
	at java_programs.GCD.gcd(GCD.java:19)
	at java_programs.GCD.gcd(GCD.java:19)
	at java_programs.GCD.gcd(GCD.java:19)
	at java_programs.GCD.gcd(GCD.java:19)
	at java_programs.GCD.gcd(GCD.java:19)
	at java_programs.GCD.gcd(GCD.java:19)
	at java_programs.GCD.gcd(GCD.java:19)
	at java_programs.GCD.gcd(GCD.java:19)
	at java_programs.GCD.gcd(GCD.java:19)
	at java_programs.GCD.gcd(GCD.java:19)
	at java_programs.GCD.gcd(GCD.java:19)
	at java_programs.GCD.gcd(GCD.java:19)
	at java_programs.GCD.gcd(GCD.java:19)
	at java_programs.GCD.gcd(GCD.java:19)
	at java_programs.GCD.gcd(GCD.java:19)
	at java_programs.GCD.gcd(GCD.java:19)
	at java_programs.GCD.gcd(GCD.java:19)
	at java_programs.GCD.gcd(GCD.java:19)
	at java_programs.GCD.gcd(GCD.java:19)
	at java_programs.GCD.gcd(GCD.java:19)
	at java_programs.GCD.gcd(GCD.java:19)
	at java_programs.GCD.gcd(GCD.java:19)
	at java_programs.GCD.gcd(GCD.java:19)
	at java_programs.GCD.gcd(GCD.java:19)
	at java_programs.GCD.gcd(GCD.java:19)
	at java_programs.GCD.gcd(GCD.java:19)
	at java_programs.GCD.gcd(GCD.java:19)
	at java_programs.GCD.gcd(GCD.java:19)
	at java_programs.GCD.gcd(GCD.java:19)
	at java_programs.GCD.gcd(GCD.java:19)
	at java_programs.GCD.gcd(GCD.java:19)
	at java_programs.GCD.gcd(GCD.java:19)
	at java_programs.GCD.gcd(GCD.java:19)
	at java_programs.GCD.gcd(GCD.java:19)
	at java_programs.GCD.gcd(GCD.java:19)
	at java_programs.GCD.gcd(GCD.java:19)
	at java_programs.GCD.gcd(GCD.java:19)
	at java_programs.GCD.gcd(GCD.java:19)
	at java_programs.GCD.gcd(GCD.java:19)
	at java_programs.GCD.gcd(GCD.java:19)
	at java_programs.GCD.gcd(GCD.java:19)
	at java_programs.GCD.gcd(GCD.java:19)
	at java_programs.GCD.gcd(GCD.java:19)
	at java_programs.GCD.gcd(GCD.java:19)
	at java_programs.GCD.gcd(GCD.java:19)
	at java_programs.GCD.gcd(GCD.java:19)
	at java_programs.GCD.gcd(GCD.java:19)
	at java_programs.GCD.gcd(GCD.java:19)
	at java_programs.GCD.gcd(GCD.java:19)
	at java_programs.GCD.gcd(GCD.java:19)
	at java_programs.GCD.gcd(GCD.java:19)
	at java_programs.GCD.gcd(GCD.java:19)
	at java_programs.GCD.gcd(GCD.java:19)
	at java_programs.GCD.gcd(GCD.java:19)
	at java_programs.GCD.gcd(GCD.java:19)
	at java_programs.GCD.gcd(GCD.java:19)
	at java_programs.GCD.gcd(GCD.java:19)
	at java_programs.GCD.gcd(GCD.java:19)
	at java_programs.GCD.gcd(GCD.java:19)
	at java_programs.GCD.gcd(GCD.java:19)
	at java_programs.GCD.gcd(GCD.java:19)
	at java_programs.GCD.gcd(GCD.java:19)
	at java_programs.GCD.gcd(GCD.java:19)
	at java_programs.GCD.gcd(GCD.java:19)
	at java_programs.GCD.gcd(GCD.java:19)
	at java_programs.GCD.gcd(GCD.java:19)
	at java_programs.GCD.gcd(GCD.java:19)
	at java_programs.GCD.gcd(GCD.java:19)
	at java_programs.GCD.gcd(GCD.java:19)
	at java_programs.GCD.gcd(GCD.java:19)
	at java_programs.GCD.gcd(GCD.java:19)
	at java_programs.GCD.gcd(GCD.java:19)
	at java_programs.GCD.gcd(GCD.java:19)
	at java_programs.GCD.gcd(GCD.java:19)
	at java_programs.GCD.gcd(GCD.java:19)
	at java_programs.GCD.gcd(GCD.java:19)
	at java_programs.GCD.gcd(GCD.java:19)
	at java_programs.GCD.gcd(GCD.java:19)
	at java_programs.GCD.gcd(GCD.java:19)
	at java_programs.GCD.gcd(GCD.java:19)
	at java_programs.GCD.gcd(GCD.java:19)
	at java_programs.GCD.gcd(GCD.java:19)
	at java_programs.GCD.gcd(GCD.java:19)
	at java_programs.GCD.gcd(GCD.java:19)
	at java_programs.GCD.gcd(GCD.java:19)
	at java_programs.GCD.gcd(GCD.java:19)
	at java_programs.GCD.gcd(GCD.java:19)
	at java_programs.GCD.gcd(GCD.java:19)
	at java_programs.GCD.gcd(GCD.java:19)
	at java_programs.GCD.gcd(GCD.java:19)
	at java_programs.GCD.gcd(GCD.java:19)
	at java_programs.GCD.gcd(GCD.java:19)
	at java_programs.GCD.gcd(GCD.java:19)
	at java_programs.GCD.gcd(GCD.java:19)
	at java_programs.GCD.gcd(GCD.java:19)
	at java_programs.GCD.gcd(GCD.java:19)
	at java_programs.GCD.gcd(GCD.java:19)
	at java_programs.GCD.gcd(GCD.java:19)
	at java_programs.GCD.gcd(GCD.java:19)
	at java_programs.GCD.gcd(GCD.java:19)
	at java_programs.GCD.gcd(GCD.java:19)
	at java_programs.GCD.gcd(GCD.java:19)
	at java_programs.GCD.gcd(GCD.java:19)
	at java_programs.GCD.gcd(GCD.java:19)
	at java_programs.GCD.gcd(GCD.java:19)
	at java_programs.GCD.gcd(GCD.java:19)
	at java_programs.GCD.gcd(GCD.java:19)
	at java_programs.GCD.gcd(GCD.java:19)
	at java_programs.GCD.gcd(GCD.java:19)
	at java_programs.GCD.gcd(GCD.java:19)
	at java_programs.GCD.gcd(GCD.java:19)
	at java_programs.GCD.gcd(GCD.java:19)
	at java_programs.GCD.gcd(GCD.java:19)
	at java_programs.GCD.gcd(GCD.java:19)
	at java_programs.GCD.gcd(GCD.java:19)
	at java_programs.GCD.gcd(GCD.java:19)
	at java_programs.GCD.gcd(GCD.java:19)
	at java_programs.GCD.gcd(GCD.java:19)
	at java_programs.GCD.gcd(GCD.java:19)
	at java_programs.GCD.gcd(GCD.java:19)
	at java_programs.GCD.gcd(GCD.java:19)
	at java_programs.GCD.gcd(GCD.java:19)
	at java_programs.GCD.gcd(GCD.java:19)
	at java_programs.GCD.gcd(GCD.java:19)
	at java_programs.GCD.gcd(GCD.java:19)
	at java_programs.GCD.gcd(GCD.java:19)
	at java_programs.GCD.gcd(GCD.java:19)
	at java_programs.GCD.gcd(GCD.java:19)
	at java_programs.GCD.gcd(GCD.java:19)
	at java_programs.GCD.gcd(GCD.java:19)
	at java_programs.GCD.gcd(GCD.java:19)
	at java_programs.GCD.gcd(GCD.java:19)
	at java_programs.GCD.gcd(GCD.java:19)
	at java_programs.GCD.gcd(GCD.java:19)
	at java_programs.GCD.gcd(GCD.java:19)
	at java_programs.GCD.gcd(GCD.java:19)
	at java_programs.GCD.gcd(GCD.java:19)
	at java_programs.GCD.gcd(GCD.java:19)
	at java_programs.GCD.gcd(GCD.java:19)
	at java_programs.GCD.gcd(GCD.java:19)
	at java_programs.GCD.gcd(GCD.java:19)
	at java_programs.GCD.gcd(GCD.java:19)
	at java_programs.GCD.gcd(GCD.java:19)
	at java_programs.GCD.gcd(GCD.java:19)
	at java_programs.GCD.gcd(GCD.java:19)
	at java_programs.GCD.gcd(GCD.java:19)
	at java_programs.GCD.gcd(GCD.java:19)
	at java_programs.GCD.gcd(GCD.java:19)
	at java_programs.GCD.gcd(GCD.java:19)
	at java_programs.GCD.gcd(GCD.java:19)
	at java_programs.GCD.gcd(GCD.java:19)
	at java_programs.GCD.gcd(GCD.java:19)
	at java_programs.GCD.gcd(GCD.java:19)
	at java_programs.GCD.gcd(GCD.java:19)
	at java_programs.GCD.gcd(GCD.java:19)
	at java_programs.GCD.gcd(GCD.java:19)
	at java_programs.GCD.gcd(GCD.java:19)
	at java_programs.GCD.gcd(GCD.java:19)
	at java_programs.GCD.gcd(GCD.java:19)
	at java_programs.GCD.gcd(GCD.java:19)
	at java_programs.GCD.gcd(GCD.java:19)
	at java_programs.GCD.gcd(GCD.java:19)
	at java_programs.GCD.gcd(GCD.java:19)
	at java_programs.GCD.gcd(GCD.java:19)
	at java_programs.GCD.gcd(GCD.java:19)
	at java_programs.GCD.gcd(GCD.java:19)
	at java_programs.GCD.gcd(GCD.java:19)
	at java_programs.GCD.gcd(GCD.java:19)
	at java_programs.GCD.gcd(GCD.java:19)
	at java_programs.GCD.gcd(GCD.java:19)
	at java_programs.GCD.gcd(GCD.java:19)
	at java_programs.GCD.gcd(GCD.java:19)
	at java_programs.GCD.gcd(GCD.java:19)
	at java_programs.GCD.gcd(GCD.java:19)
	at java_programs.GCD.gcd(GCD.java:19)
	at java_programs.GCD.gcd(GCD.java:19)
	at java_programs.GCD.gcd(GCD.java:19)
	at java_programs.GCD.gcd(GCD.java:19)
	at java_programs.GCD.gcd(GCD.java:19)
	at java_programs.GCD.gcd(GCD.java:19)
	at java_programs.GCD.gcd(GCD.java:19)
	at java_programs.GCD.gcd(GCD.java:19)
	at java_programs.GCD.gcd(GCD.java:19)
	at java_programs.GCD.gcd(GCD.java:19)
	at java_programs.GCD.gcd(GCD.java:19)
	at java_programs.GCD.gcd(GCD.java:19)
	at java_programs.GCD.gcd(GCD.java:19)
	at java_programs.GCD.gcd(GCD.java:19)
	at java_programs.GCD.gcd(GCD.java:19)
	at java_programs.GCD.gcd(GCD.java:19)
	at java_programs.GCD.gcd(GCD.java:19)
	at java_programs.GCD.gcd(GCD.java:19)
	at java_programs.GCD.gcd(GCD.java:19)
	at java_programs.GCD.gcd(GCD.java:19)
	at java_programs.GCD.gcd(GCD.java:19)
	at java_programs.GCD.gcd(GCD.java:19)
	at java_programs.GCD.gcd(GCD.java:19)
	at java_programs.GCD.gcd(GCD.java:19)
	at java_programs.GCD.gcd(GCD.java:19)
	at java_programs.GCD.gcd(GCD.java:19)
	at java_programs.GCD.gcd(GCD.java:19)
	at java_programs.GCD.gcd(GCD.java:19)
	at java_programs.GCD.gcd(GCD.java:19)
	at java_programs.GCD.gcd(GCD.java:19)
	at java_programs.GCD.gcd(GCD.java:19)
	at java_programs.GCD.gcd(GCD.java:19)
	at java_programs.GCD.gcd(GCD.java:19)
	at java_programs.GCD.gcd(GCD.java:19)
	at java_programs.GCD.gcd(GCD.java:19)
	at java_programs.GCD.gcd(GCD.java:19)
	at java_programs.GCD.gcd(GCD.java:19)
	at java_programs.GCD.gcd(GCD.java:19)
	at java_programs.GCD.gcd(GCD.java:19)
	at java_programs.GCD.gcd(GCD.java:19)
	at java_programs.GCD.gcd(GCD.java:19)
	at java_programs.GCD.gcd(GCD.java:19)
	at java_programs.GCD.gcd(GCD.java:19)
	at java_programs.GCD.gcd(GCD.java:19)
	at java_programs.GCD.gcd(GCD.java:19)
	at java_programs.GCD.gcd(GCD.java:19)
	at java_programs.GCD.gcd(GCD.java:19)
	at java_programs.GCD.gcd(GCD.java:19)
	at java_programs.GCD.gcd(GCD.java:19)
	at java_programs.GCD.gcd(GCD.java:19)
	at java_programs.GCD.gcd(GCD.java:19)
	at java_programs.GCD.gcd(GCD.java:19)
	at java_programs.GCD.gcd(GCD.java:19)
	at java_programs.GCD.gcd(GCD.java:19)
	at java_programs.GCD.gcd(GCD.java:19)
	at java_programs.GCD.gcd(GCD.java:19)
	at java_programs.GCD.gcd(GCD.java:19)
	at java_programs.GCD.gcd(GCD.java:19)
	at java_programs.GCD.gcd(GCD.java:19)
	at java_programs.GCD.gcd(GCD.java:19)
	at java_programs.GCD.gcd(GCD.java:19)
	at java_programs.GCD.gcd(GCD.java:19)
	at java_programs.GCD.gcd(GCD.java:19)
	at java_programs.GCD.gcd(GCD.java:19)
	at java_programs.GCD.gcd(GCD.java:19)
	at java_programs.GCD.gcd(GCD.java:19)
	at java_programs.GCD.gcd(GCD.java:19)
	at java_programs.GCD.gcd(GCD.java:19)
	at java_programs.GCD.gcd(GCD.java:19)
	at java_programs.GCD.gcd(GCD.java:19)
	at java_programs.GCD.gcd(GCD.java:19)
	at java_programs.GCD.gcd(GCD.java:19)
	at java_programs.GCD.gcd(GCD.java:19)
	at java_programs.GCD.gcd(GCD.java:19)
	at java_programs.GCD.gcd(GCD.java:19)
	at java_programs.GCD.gcd(GCD.java:19)
	at java_programs.GCD.gcd(GCD.java:19)
	at java_programs.GCD.gcd(GCD.java:19)
	at java_programs.GCD.gcd(GCD.java:19)
	at java_programs.GCD.gcd(GCD.java:19)
	at java_programs.GCD.gcd(GCD.java:19)
	at java_programs.GCD.gcd(GCD.java:19)
	at java_programs.GCD.gcd(GCD.java:19)
	at java_programs.GCD.gcd(GCD.java:19)
	at java_programs.GCD.gcd(GCD.java:19)
	at java_programs.GCD.gcd(GCD.java:19)
	at java_programs.GCD.gcd(GCD.java:19)
	at java_programs.GCD.gcd(GCD.java:19)
	at java_programs.GCD.gcd(GCD.java:19)
	at java_programs.GCD.gcd(GCD.java:19)
	at java_programs.GCD.gcd(GCD.java:19)
	at java_programs.GCD.gcd(GCD.java:19)
	at java_programs.GCD.gcd(GCD.java:19)
	at java_programs.GCD.gcd(GCD.java:19)
	at java_programs.GCD.gcd(GCD.java:19)
	at java_programs.GCD.gcd(GCD.java:19)
	at java_programs.GCD.gcd(GCD.java:19)
	at java_programs.GCD.gcd(GCD.java:19)
	at java_programs.GCD.gcd(GCD.java:19)
	at java_programs.GCD.gcd(GCD.java:19)
	at java_programs.GCD.gcd(GCD.java:19)
	at java_programs.GCD.gcd(GCD.java:19)
	at java_programs.GCD.gcd(GCD.java:19)
	at java_programs.GCD.gcd(GCD.java:19)
	at java_programs.GCD.gcd(GCD.java:19)
	at java_programs.GCD.gcd(GCD.java:19)
	at java_programs.GCD.gcd(GCD.java:19)
	at java_programs.GCD.gcd(GCD.java:19)
	at java_programs.GCD.gcd(GCD.java:19)
	at java_programs.GCD.gcd(GCD.java:19)
	at java_programs.GCD.gcd(GCD.java:19)
	at java_programs.GCD.gcd(GCD.java:19)
	at java_programs.GCD.gcd(GCD.java:19)
	at java_programs.GCD.gcd(GCD.java:19)
	at java_programs.GCD.gcd(GCD.java:19)
	at java_programs.GCD.gcd(GCD.java:19)
	at java_programs.GCD.gcd(GCD.java:19)
	at java_programs.GCD.gcd(GCD.java:19)
	at java_programs.GCD.gcd(GCD.java:19)
	at java_programs.GCD.gcd(GCD.java:19)
	at java_programs.GCD.gcd(GCD.java:19)
	at java_programs.GCD.gcd(GCD.java:19)
	at java_programs.GCD.gcd(GCD.java:19)
	at java_programs.GCD.gcd(GCD.java:19)
	at java_programs.GCD.gcd(GCD.java:19)
	at java_programs.GCD.gcd(GCD.java:19)
	at java_programs.GCD.gcd(GCD.java:19)
	at java_programs.GCD.gcd(GCD.java:19)
	at java_programs.GCD.gcd(GCD.java:19)
	at java_programs.GCD.gcd(GCD.java:19)
	at java_programs.GCD.gcd(GCD.java:19)
	at java_programs.GCD.gcd(GCD.java:19)
	at java_programs.GCD.gcd(GCD.java:19)
	at java_programs.GCD.gcd(GCD.java:19)
	at java_programs.GCD.gcd(GCD.java:19)
	at java_programs.GCD.gcd(GCD.java:19)
	at java_programs.GCD.gcd(GCD.java:19)
	at java_programs.GCD.gcd(GCD.java:19)
	at java_programs.GCD.gcd(GCD.java:19)
	at java_programs.GCD.gcd(GCD.java:19)
	at java_programs.GCD.gcd(GCD.java:19)
	at java_programs.GCD.gcd(GCD.java:19)
	at java_programs.GCD.gcd(GCD.java:19)
	at java_programs.GCD.gcd(GCD.java:19)
	at java_programs.GCD.gcd(GCD.java:19)
	at java_programs.GCD.gcd(GCD.java:19)
	at java_programs.GCD.gcd(GCD.java:19)
	at java_programs.GCD.gcd(GCD.java:19)
	at java_programs.GCD.gcd(GCD.java:19)
	at java_programs.GCD.gcd(GCD.java:19)
	at java_programs.GCD.gcd(GCD.java:19)
	at java_programs.GCD.gcd(GCD.java:19)
	at java_programs.GCD.gcd(GCD.java:19)
	at java_programs.GCD.gcd(GCD.java:19)
	at java_programs.GCD.gcd(GCD.java:19)
	at java_programs.GCD.gcd(GCD.java:19)
	at java_programs.GCD.gcd(GCD.java:19)
	at java_programs.GCD.gcd(GCD.java:19)
	at java_programs.GCD.gcd(GCD.java:19)
	at java_programs.GCD.gcd(GCD.java:19)
	at java_programs.GCD.gcd(GCD.java:19)
	at java_programs.GCD.gcd(GCD.java:19)
	at java_programs.GCD.gcd(GCD.java:19)
	at java_programs.GCD.gcd(GCD.java:19)
	at java_programs.GCD.gcd(GCD.java:19)
	at java_programs.GCD.gcd(GCD.java:19)
	at java_programs.GCD.gcd(GCD.java:19)
	at java_programs.GCD.gcd(GCD.java:19)
	at java_programs.GCD.gcd(GCD.java:19)
	at java_programs.GCD.gcd(GCD.java:19)
	at java_programs.GCD.gcd(GCD.java:19)
	at java_programs.GCD.gcd(GCD.java:19)
	at java_programs.GCD.gcd(GCD.java:19)
	at java_programs.GCD.gcd(GCD.java:19)
	at java_programs.GCD.gcd(GCD.java:19)
	at java_programs.GCD.gcd(GCD.java:19)
	at java_programs.GCD.gcd(GCD.java:19)
	at java_programs.GCD.gcd(GCD.java:19)
	at java_programs.GCD.gcd(GCD.java:19)
	at java_programs.GCD.gcd(GCD.java:19)
	at java_programs.GCD.gcd(GCD.java:19)
	at java_programs.GCD.gcd(GCD.java:19)
	at java_programs.GCD.gcd(GCD.java:19)
	at java_programs.GCD.gcd(GCD.java:19)
	at java_programs.GCD.gcd(GCD.java:19)
	at java_programs.GCD.gcd(GCD.java:19)
	at java_programs.GCD.gcd(GCD.java:19)
	at java_programs.GCD.gcd(GCD.java:19)
	at java_programs.GCD.gcd(GCD.java:19)
	at java_programs.GCD.gcd(GCD.java:19)
	at java_programs.GCD.gcd(GCD.java:19)
	at java_programs.GCD.gcd(GCD.java:19)
	at java_programs.GCD.gcd(GCD.java:19)
	at java_programs.GCD.gcd(GCD.java:19)
	at java_programs.GCD.gcd(GCD.java:19)
	at java_programs.GCD.gcd(GCD.java:19)
	at java_programs.GCD.gcd(GCD.java:19)
	at java_programs.GCD.gcd(GCD.java:19)
	at java_programs.GCD.gcd(GCD.java:19)
	at java_programs.GCD.gcd(GCD.java:19)
	at java_programs.GCD.gcd(GCD.java:19)
	at java_programs.GCD.gcd(GCD.java:19)
	at java_programs.GCD.gcd(GCD.java:19)
	at java_programs.GCD.gcd(GCD.java:19)
	at java_programs.GCD.gcd(GCD.java:19)
	at java_programs.GCD.gcd(GCD.java:19)
	at java_programs.GCD.gcd(GCD.java:19)
	at java_programs.GCD.gcd(GCD.java:19)
	at java_programs.GCD.gcd(GCD.java:19)
	at java_programs.GCD.gcd(GCD.java:19)
	at java_programs.GCD.gcd(GCD.java:19)
	at java_programs.GCD.gcd(GCD.java:19)
	at java_programs.GCD.gcd(GCD.java:19)
	at java_programs.GCD.gcd(GCD.java:19)
	at java_programs.GCD.gcd(GCD.java:19)
	at java_programs.GCD.gcd(GCD.java:19)
	at java_programs.GCD.gcd(GCD.java:19)
	at java_programs.GCD.gcd(GCD.java:19)
	at java_programs.GCD.gcd(GCD.java:19)
	at java_programs.GCD.gcd(GCD.java:19)
	at java_programs.GCD.gcd(GCD.java:19)
	at java_programs.GCD.gcd(GCD.java:19)
	at java_programs.GCD.gcd(GCD.java:19)
	at java_programs.GCD.gcd(GCD.java:19)
	at java_programs.GCD.gcd(GCD.java:19)
	at java_programs.GCD.gcd(GCD.java:19)
	at java_programs.GCD.gcd(GCD.java:19)
	at java_programs.GCD.gcd(GCD.java:19)
	at java_programs.GCD.gcd(GCD.java:19)
	at java_programs.GCD.gcd(GCD.java:19)
	at java_programs.GCD.gcd(GCD.java:19)
	at java_programs.GCD.gcd(GCD.java:19)
	at java_programs.GCD.gcd(GCD.java:19)
	at java_programs.GCD.gcd(GCD.java:19)
	at java_programs.GCD.gcd(GCD.java:19)
	at java_programs.GCD.gcd(GCD.java:19)
	at java_programs.GCD.gcd(GCD.java:19)
	at java_programs.GCD.gcd(GCD.java:19)
	at java_programs.GCD.gcd(GCD.java:19)
	at java_programs.GCD.gcd(GCD.java:19)
	at java_programs.GCD.gcd(GCD.java:19)
	at java_programs.GCD.gcd(GCD.java:19)
	at java_programs.GCD.gcd(GCD.java:19)
	at java_programs.GCD.gcd(GCD.java:19)
	at java_programs.GCD.gcd(GCD.java:19)
	at java_programs.GCD.gcd(GCD.java:19)
	at java_programs.GCD.gcd(GCD.java:19)
	at java_programs.GCD.gcd(GCD.java:19)
	at java_programs.GCD.gcd(GCD.java:19)
	at java_programs.GCD.gcd(GCD.java:19)
	at java_programs.GCD.gcd(GCD.java:19)
	at java_programs.GCD.gcd(GCD.java:19)
	at java_programs.GCD.gcd(GCD.java:19)
	at java_programs.GCD.gcd(GCD.java:19)
	at java_programs.GCD.gcd(GCD.java:19)
	at java_programs.GCD.gcd(GCD.java:19)
	at java_programs.GCD.gcd(GCD.java:19)
	at java_programs.GCD.gcd(GCD.java:19)
	at java_programs.GCD.gcd(GCD.java:19)
	at java_programs.GCD.gcd(GCD.java:19)
	at java_programs.GCD.gcd(GCD.java:19)
	at java_programs.GCD.gcd(GCD.java:19)
	at java_programs.GCD.gcd(GCD.java:19)
	at java_programs.GCD.gcd(GCD.java:19)
	at java_programs.GCD.gcd(GCD.java:19)
	at java_programs.GCD.gcd(GCD.java:19)
	at java_programs.GCD.gcd(GCD.java:19)
	at java_programs.GCD.gcd(GCD.java:19)
	at java_programs.GCD.gcd(GCD.java:19)
	at java_programs.GCD.gcd(GCD.java:19)
	at java_programs.GCD.gcd(GCD.java:19)
	at java_programs.GCD.gcd(GCD.java:19)
	at java_programs.GCD.gcd(GCD.java:19)
	at java_programs.GCD.gcd(GCD.java:19)
	at java_programs.GCD.gcd(GCD.java:19)
	at java_programs.GCD.gcd(GCD.java:19)
	at java_programs.GCD.gcd(GCD.java:19)
	at java_programs.GCD.gcd(GCD.java:19)
	at java_programs.GCD.gcd(GCD.java:19)
	at java_programs.GCD.gcd(GCD.java:19)
	at java_programs.GCD.gcd(GCD.java:19)
	at java_programs.GCD.gcd(GCD.java:19)
	at java_programs.GCD.gcd(GCD.java:19)
	at java_programs.GCD.gcd(GCD.java:19)
	at java_programs.GCD.gcd(GCD.java:19)
	at java_programs.GCD.gcd(GCD.java:19)
	at java_programs.GCD.gcd(GCD.java:19)
	at java_programs.GCD.gcd(GCD.java:19)
	at java_programs.GCD.gcd(GCD.java:19)
	at java_programs.GCD.gcd(GCD.java:19)
	at java_programs.GCD.gcd(GCD.java:19)
	at java_programs.GCD.gcd(GCD.java:19)
	at java_programs.GCD.gcd(GCD.java:19)
	at java_programs.GCD.gcd(GCD.java:19)
	at java_programs.GCD.gcd(GCD.java:19)
	at java_programs.GCD.gcd(GCD.java:19)
	at java_programs.GCD.gcd(GCD.java:19)
	at java_programs.GCD.gcd(GCD.java:19)
	at java_programs.GCD.gcd(GCD.java:19)
	at java_programs.GCD.gcd(GCD.java:19)
	at java_programs.GCD.gcd(GCD.java:19)
	at java_programs.GCD.gcd(GCD.java:19)
	at java_programs.GCD.gcd(GCD.java:19)
	at java_programs.GCD.gcd(GCD.java:19)
	at java_programs.GCD.gcd(GCD.java:19)
	at java_programs.GCD.gcd(GCD.java:19)
	at java_programs.GCD.gcd(GCD.java:19)
	at java_programs.GCD.gcd(GCD.java:19)
	at java_programs.GCD.gcd(GCD.java:19)
	at java_programs.GCD.gcd(GCD.java:19)
	at java_programs.GCD.gcd(GCD.java:19)
	at java_programs.GCD.gcd(GCD.java:19)
	at java_programs.GCD.gcd(GCD.java:19)
	at java_programs.GCD.gcd(GCD.java:19)
	at java_programs.GCD.gcd(GCD.java:19)
	at java_programs.GCD.gcd(GCD.java:19)
	at java_programs.GCD.gcd(GCD.java:19)
	at java_programs.GCD.gcd(GCD.java:19)
	at java_programs.GCD.gcd(GCD.java:19)
	at java_programs.GCD.gcd(GCD.java:19)
	at java_programs.GCD.gcd(GCD.java:19)
	at java_programs.GCD.gcd(GCD.java:19)
	at java_programs.GCD.gcd(GCD.java:19)
	at java_programs.GCD.gcd(GCD.java:19)
	at java_programs.GCD.gcd(GCD.java:19)
	at java_programs.GCD.gcd(GCD.java:19)
	at java_programs.GCD.gcd(GCD.java:19)
	at java_programs.GCD.gcd(GCD.java:19)
	at java_programs.GCD.gcd(GCD.java:19)
	at java_programs.GCD.gcd(GCD.java:19)
	at java_programs.GCD.gcd(GCD.java:19)
	at java_programs.GCD.gcd(GCD.java:19)
	at java_programs.GCD.gcd(GCD.java:19)
	at java_programs.GCD.gcd(GCD.java:19)
	at java_programs.GCD.gcd(GCD.java:19)
	at java_programs.GCD.gcd(GCD.java:19)
	at java_programs.GCD.gcd(GCD.java:19)
	at java_programs.GCD.gcd(GCD.java:19)
	at java_programs.GCD.gcd(GCD.java:19)
	at java_programs.GCD.gcd(GCD.java:19)
	at java_programs.GCD.gcd(GCD.java:19)
	at java_programs.GCD.gcd(GCD.java:19)
	at java_programs.GCD.gcd(GCD.java:19)
	at java_programs.GCD.gcd(GCD.java:19)
	at java_programs.GCD.gcd(GCD.java:19)
	at java_programs.GCD.gcd(GCD.java:19)
	at java_programs.GCD.gcd(GCD.java:19)
	at java_programs.GCD.gcd(GCD.java:19)
	at java_programs.GCD.gcd(GCD.java:19)
	at java_programs.GCD.gcd(GCD.java:19)
	at java_programs.GCD.gcd(GCD.java:19)
	at java_programs.GCD.gcd(GCD.java:19)
	at java_programs.GCD.gcd(GCD.java:19)
	at java_programs.GCD.gcd(GCD.java:19)
	at java_programs.GCD.gcd(GCD.java:19)
	at java_programs.GCD.gcd(GCD.java:19)
	at java_programs.GCD.gcd(GCD.java:19)
	at java_programs.GCD.gcd(GCD.java:19)
	at java_programs.GCD.gcd(GCD.java:19)
	at java_programs.GCD.gcd(GCD.java:19)
	at java_programs.GCD.gcd(GCD.java:19)
	at java_programs.GCD.gcd(GCD.java:19)
	at java_programs.GCD.gcd(GCD.java:19)
	at java_programs.GCD.gcd(GCD.java:19)
	at java_programs.GCD.gcd(GCD.java:19)
	at java_programs.GCD.gcd(GCD.java:19)
	at java_programs.GCD.gcd(GCD.java:19)
	at java_programs.GCD.gcd(GCD.java:19)
	at java_programs.GCD.gcd(GCD.java:19)
	at java_programs.GCD.gcd(GCD.java:19)
	at java_programs.GCD.gcd(GCD.java:19)
	at java_programs.GCD.gcd(GCD.java:19)
	at java_programs.GCD.gcd(GCD.java:19)
	at java_programs.GCD.gcd(GCD.java:19)
	at java_programs.GCD.gcd(GCD.java:19)
	at java_programs.GCD.gcd(GCD.java:19)
	at java_programs.GCD.gcd(GCD.java:19)
	at java_programs.GCD.gcd(GCD.java:19)
	at java_programs.GCD.gcd(GCD.java:19)
	at java_programs.GCD.gcd(GCD.java:19)
	at java_programs.GCD.gcd(GCD.java:19)
	at java_programs.GCD.gcd(GCD.java:19)
	at java_programs.GCD.gcd(GCD.java:19)
	at java_programs.GCD.gcd(GCD.java:19)
	at java_programs.GCD.gcd(GCD.java:19)
	at java_programs.GCD.gcd(GCD.java:19)
	at java_programs.GCD.gcd(GCD.java:19)
	at java_programs.GCD.gcd(GCD.java:19)
	at java_programs.GCD.gcd(GCD.java:19)
	at java_programs.GCD.gcd(GCD.java:19)
	at java_programs.GCD.gcd(GCD.java:19)
	at java_programs.GCD.gcd(GCD.java:19)
	at java_programs.GCD.gcd(GCD.java:19)
	at java_programs.GCD.gcd(GCD.java:19)
	at java_programs.GCD.gcd(GCD.java:19)
	at java_programs.GCD.gcd(GCD.java:19)
	at java_programs.GCD.gcd(GCD.java:19)
	at java_programs.GCD.gcd(GCD.java:19)
	at java_programs.GCD.gcd(GCD.java:19)
	at java_programs.GCD.gcd(GCD.java:19)
	at java_programs.GCD.gcd(GCD.java:19)
	at java_programs.GCD.gcd(GCD.java:19)
	at java_programs.GCD.gcd(GCD.java:19)
	at java_programs.GCD.gcd(GCD.java:19)
	at java_programs.GCD.gcd(GCD.java:19)
	at java_programs.GCD.gcd(GCD.java:19)
	at java_programs.GCD.gcd(GCD.java:19)
	at java_programs.GCD.gcd(GCD.java:19)
	at java_programs.GCD.gcd(GCD.java:19)
	at java_programs.GCD.gcd(GCD.java:19)
	at java_programs.GCD.gcd(GCD.java:19)
	at java_programs.GCD.gcd(GCD.java:19)
	at java_programs.GCD.gcd(GCD.java:19)
	at java_programs.GCD.gcd(GCD.java:19)
	at java_programs.GCD.gcd(GCD.java:19)
	at java_programs.GCD.gcd(GCD.java:19)
	at java_programs.GCD.gcd(GCD.java:19)
	at java_programs.GCD.gcd(GCD.java:19)
	at java_programs.GCD.gcd(GCD.java:19)
	at java_programs.GCD.gcd(GCD.java:19)
	at java_programs.GCD.gcd(GCD.java:19)
	at java_programs.GCD.gcd(GCD.java:19)
	at java_programs.GCD.gcd(GCD.java:19)
	at java_programs.GCD.gcd(GCD.java:19)
	at java_programs.GCD.gcd(GCD.java:19)
	at java_programs.GCD.gcd(GCD.java:19)
	at java_programs.GCD.gcd(GCD.java:19)
	at java_programs.GCD.gcd(GCD.java:19)
	at java_programs.GCD.gcd(GCD.java:19)
	at java_programs.GCD.gcd(GCD.java:19)
	at java_programs.GCD.gcd(GCD.java:19)
	at java_programs.GCD.gcd(GCD.java:19)
	at java_programs.GCD.gcd(GCD.java:19)
	at java_programs.GCD.gcd(GCD.java:19)
	at java_programs.GCD.gcd(GCD.java:19)
	at java_programs.GCD.gcd(GCD.java:19)
	at java_programs.GCD.gcd(GCD.java:19)
	at java_programs.GCD.gcd(GCD.java:19)
	at java_programs.GCD.gcd(GCD.java:19)
	at java_programs.GCD.gcd(GCD.java:19)
	at java_programs.GCD.gcd(GCD.java:19)
	at java_programs.GCD.gcd(GCD.java:19)
	at java_programs.GCD.gcd(GCD.java:19)
	at java_programs.GCD.gcd(GCD.java:19)
	at java_programs.GCD.gcd(GCD.java:19)
	at java_programs.GCD.gcd(GCD.java:19)
	at java_programs.GCD.gcd(GCD.java:19)
	at java_programs.GCD.gcd(GCD.java:19)
	at java_programs.GCD.gcd(GCD.java:19)
	at java_programs.GCD.gcd(GCD.java:19)
	at java_programs.GCD.gcd(GCD.java:19)
	at java_programs.GCD.gcd(GCD.java:19)
	at java_programs.GCD.gcd(GCD.java:19)
	at java_programs.GCD.gcd(GCD.java:19)
	at java_programs.GCD.gcd(GCD.java:19)
	at java_programs.GCD.gcd(GCD.java:19)
	at java_programs.GCD.gcd(GCD.java:19)
	at java_programs.GCD.gcd(GCD.java:19)
	at java_programs.GCD.gcd(GCD.java:19)
	at java_programs.GCD.gcd(GCD.java:19)
	at java_programs.GCD.gcd(GCD.java:19)
	at java_programs.GCD.gcd(GCD.java:19)
	at java_programs.GCD.gcd(GCD.java:19)
	at java_programs.GCD.gcd(GCD.java:19)
	at java_programs.GCD.gcd(GCD.java:19)
	at java_programs.GCD.gcd(GCD.java:19)
	at java_programs.GCD.gcd(GCD.java:19)
	at java_programs.GCD.gcd(GCD.java:19)
	at java_programs.GCD.gcd(GCD.java:19)
	at java_programs.GCD.gcd(GCD.java:19)
	at java_programs.GCD.gcd(GCD.java:19)
	at java_programs.GCD.gcd(GCD.java:19)
	at java_programs.GCD.gcd(GCD.java:19)
	at java_programs.GCD.gcd(GCD.java:19)
	at java_programs.GCD.gcd(GCD.java:19)
	at java_programs.GCD.gcd(GCD.java:19)
	at java_programs.GCD.gcd(GCD.java:19)
	at java_programs.GCD.gcd(GCD.java:19)
	at java_programs.GCD.gcd(GCD.java:19)
	at java_programs.GCD.gcd(GCD.java:19)
	at java_programs.GCD.gcd(GCD.java:19)
	at java_programs.GCD.gcd(GCD.java:19)
	at java_programs.GCD.gcd(GCD.java:19)
	at java_programs.GCD.gcd(GCD.java:19)
	at java_programs.GCD.gcd(GCD.java:19)
	at java_programs.GCD.gcd(GCD.java:19)
	at java_programs.GCD.gcd(GCD.java:19)
	at java_programs.GCD.gcd(GCD.java:19)
	at java_programs.GCD.gcd(GCD.java:19)
	at java_programs.GCD.gcd(GCD.java:19)
	at java_programs.GCD.gcd(GCD.java:19)
	at java_programs.GCD.gcd(GCD.java:19)
	at java_programs.GCD.gcd(GCD.java:19)
	at java_programs.GCD.gcd(GCD.java:19)
	at java_programs.GCD.gcd(GCD.java:19)
	at java_programs.GCD.gcd(GCD.java:19)
	at java_programs.GCD.gcd(GCD.java:19)
	at java_programs.GCD.gcd(GCD.java:19)
	at java_programs.GCD.gcd(GCD.java:19)
	at java_programs.GCD.gcd(GCD.java:19)
	at java_programs.GCD.gcd(GCD.java:19)
	at java_programs.GCD.gcd(GCD.java:19)
	at java_programs.GCD.gcd(GCD.java:19)
	at java_programs.GCD.gcd(GCD.java:19)
	at java_programs.GCD.gcd(GCD.java:19)
	at java_programs.GCD.gcd(GCD.java:19)
	at java_programs.GCD.gcd(GCD.java:19)
	at java_programs.GCD.gcd(GCD.java:19)
	at java_programs.GCD.gcd(GCD.java:19)
	at java_programs.GCD.gcd(GCD.java:19)
	at java_programs.GCD.gcd(GCD.java:19)
	at java_programs.GCD.gcd(GCD.java:19)
	at java_programs.GCD.gcd(GCD.java:19)
	at java_programs.GCD.gcd(GCD.java:19)
	at java_programs.GCD.gcd(GCD.java:19)
	at java_programs.GCD.gcd(GCD.java:19)
	at java_programs.GCD.gcd(GCD.java:19)
	at java_programs.GCD.gcd(GCD.java:19)
	at java_programs.GCD.gcd(GCD.java:19)
	at java_programs.GCD.gcd(GCD.java:19)
	at java_programs.GCD.gcd(GCD.java:19)
	at java_programs.GCD.gcd(GCD.java:19)
	at java_programs.GCD.gcd(GCD.java:19)
	at java_programs.GCD.gcd(GCD.java:19)
	at java_programs.GCD.gcd(GCD.java:19)
	at java_programs.GCD.gcd(GCD.java:19)
	at java_programs.GCD.gcd(GCD.java:19)
	at java_programs.GCD.gcd(GCD.java:19)
	at java_programs.GCD.gcd(GCD.java:19)
	at java_programs.GCD.gcd(GCD.java:19)
	at java_programs.GCD.gcd(GCD.java:19)
	at java_programs.GCD.gcd(GCD.java:19)
	at java_programs.GCD.gcd(GCD.java:19)
	at java_programs.GCD.gcd(GCD.java:19)
	at java_programs.GCD.gcd(GCD.java:19)
	at java_programs.GCD.gcd(GCD.java:19)
	at java_programs.GCD.gcd(GCD.java:19)
	at java_programs.GCD.gcd(GCD.java:19)
	at java_programs.GCD.gcd(GCD.java:19)
	at java_programs.GCD.gcd(GCD.java:19)
	at java_programs.GCD.gcd(GCD.java:19)
	at java_programs.GCD.gcd(GCD.java:19)
	at java_programs.GCD.gcd(GCD.java:19)
	at java_programs.GCD.gcd(GCD.java:19)
	at java_programs.GCD.gcd(GCD.java:19)
	at java_programs.GCD.gcd(GCD.java:19)
	at java_programs.GCD.gcd(GCD.java:19)
	at java_programs.GCD.gcd(GCD.java:19)
	at java_programs.GCD.gcd(GCD.java:19)
	at java_programs.GCD.gcd(GCD.java:19)
	at java_programs.GCD.gcd(GCD.java:19)
	at java_programs.GCD.gcd(GCD.java:19)
	at java_programs.GCD.gcd(GCD.java:19)
	at java_programs.GCD.gcd(GCD.java:19)
	at java_programs.GCD.gcd(GCD.java:19)
	at java_programs.GCD.gcd(GCD.java:19)
	at java_programs.GCD.gcd(GCD.java:19)
	at java_programs.GCD.gcd(GCD.java:19)
	at java_programs.GCD.gcd(GCD.java:19)
	at java_programs.GCD.gcd(GCD.java:19)
	at java_programs.GCD.gcd(GCD.java:19)
	at java_programs.GCD.gcd(GCD.java:19)
	at java_programs.GCD.gcd(GCD.java:19)
	at java_programs.GCD.gcd(GCD.java:19)
	at java_programs.GCD.gcd(GCD.java:19)
	at java_programs.GCD.gcd(GCD.java:19)
	at java_programs.GCD.gcd(GCD.java:19)
	at java_programs.GCD.gcd(GCD.java:19)
	at java_programs.GCD.gcd(GCD.java:19)
	at java_programs.GCD.gcd(GCD.java:19)
	at java_programs.GCD.gcd(GCD.java:19)
	at java_programs.GCD.gcd(GCD.java:19)
	at java_programs.GCD.gcd(GCD.java:19)
	at java_programs.GCD.gcd(GCD.java:19)
	at java_programs.GCD.gcd(GCD.java:19)
	at java_programs.GCD.gcd(GCD.java:19)
	at java_programs.GCD.gcd(GCD.java:19)
	at java_programs.GCD.gcd(GCD.java:19)
	at java_programs.GCD.gcd(GCD.java:19)
	at java_programs.GCD.gcd(GCD.java:19)
	at java_programs.GCD.gcd(GCD.java:19)
	at java_programs.GCD.gcd(GCD.java:19)
	at java_programs.GCD.gcd(GCD.java:19)
	at java_programs.GCD.gcd(GCD.java:19)
	at java_programs.GCD.gcd(GCD.java:19)
	at java_programs.GCD.gcd(GCD.java:19)
	at java_programs.GCD.gcd(GCD.java:19)
	at java_programs.GCD.gcd(GCD.java:19)
	at java_programs.GCD.gcd(GCD.java:19)
	at java_programs.GCD.gcd(GCD.java:19)
	at java_programs.GCD.gcd(GCD.java:19)
	at java_programs.GCD.gcd(GCD.java:19)
	at java_programs.GCD.gcd(GCD.java:19)
	at java_programs.GCD.gcd(GCD.java:19)
	at java_programs.GCD.gcd(GCD.java:19)
	at java_programs.GCD.gcd(GCD.java:19)
	at java_programs.GCD.gcd(GCD.java:19)
	at java_programs.GCD.gcd(GCD.java:19)
	at java_programs.GCD.gcd(GCD.java:19)
	at java_programs.GCD.gcd(GCD.java:19)
	at java_programs.GCD.gcd(GCD.java:19)
	at java_programs.GCD.gcd(GCD.java:19)
	at java_programs.GCD.gcd(GCD.java:19)
	at java_programs.GCD.gcd(GCD.java:19)
	at java_programs.GCD.gcd(GCD.java:19)
	at java_programs.GCD.gcd(GCD.java:19)
	at java_programs.GCD.gcd(GCD.java:19)
	at java_programs.GCD.gcd(GCD.java:19)
	at java_programs.GCD.gcd(GCD.java:19)
	at java_programs.GCD.gcd(GCD.java:19)
	at java_programs.GCD.gcd(GCD.java:19)
	at java_programs.GCD.gcd(GCD.java:19)
	at java_programs.GCD.gcd(GCD.java:19)
	at java_programs.GCD.gcd(GCD.java:19)
	at java_programs.GCD.gcd(GCD.java:19)
	at java_programs.GCD.gcd(GCD.java:19)
	at java_programs.GCD.gcd(GCD.java:19)
	at java_programs.GCD.gcd(GCD.java:19)
	at java_programs.GCD.gcd(GCD.java:19)
	at java_programs.GCD.gcd(GCD.java:19)
	at java_programs.GCD.gcd(GCD.java:19)
	at java_programs.GCD.gcd(GCD.java:19)
	at java_programs.GCD.gcd(GCD.java:19)
	at java_programs.GCD.gcd(GCD.java:19)
	at java_programs.GCD.gcd(GCD.java:19)
	at java_programs.GCD.gcd(GCD.java:19)
	at java_programs.GCD.gcd(GCD.java:19)
	at java_programs.GCD.gcd(GCD.java:19)
	at java_programs.GCD.gcd(GCD.java:19)
	at java_programs.GCD.gcd(GCD.java:19)
	at java_programs.GCD.gcd(GCD.java:19)
	at java_programs.GCD.gcd(GCD.java:19)
	at java_programs.GCD.gcd(GCD.java:19)
	at java_programs.GCD.gcd(GCD.java:19)
	at java_programs.GCD.gcd(GCD.java:19)
	at java_programs.GCD.gcd(GCD.java:19)
	at java_programs.GCD.gcd(GCD.java:19)
	at java_programs.GCD.gcd(GCD.java:19)
	at java_programs.GCD.gcd(GCD.java:19)
	at java_programs.GCD.gcd(GCD.java:19)
	at java_programs.GCD.gcd(GCD.java:19)
	at java_programs.GCD.gcd(GCD.java:19)
	at java_programs.GCD.gcd(GCD.java:19)
	at java_programs.GCD.gcd(GCD.java:19)
	at java_programs.GCD.gcd(GCD.java:19)
	at java_programs.GCD.gcd(GCD.java:19)
	at java_programs.GCD.gcd(GCD.java:19)
	at java_programs.GCD.gcd(GCD.java:19)
	at java_programs.GCD.gcd(GCD.java:19)
	at java_programs.GCD.gcd(GCD.java:19)
	at java_programs.GCD.gcd(GCD.java:19)
	at java_programs.GCD.gcd(GCD.java:19)
	at java_programs.GCD.gcd(GCD.java:19)
	at java_programs.GCD.gcd(GCD.java:19)
	at java_programs.GCD.gcd(GCD.java:19)
	at java_programs.GCD.gcd(GCD.java:19)
	at java_programs.GCD.gcd(GCD.java:19)
	at java_programs.GCD.gcd(GCD.java:19)
	at java_programs.GCD.gcd(GCD.java:19)
	at java_programs.GCD.gcd(GCD.java:19)
	at java_programs.GCD.gcd(GCD.java:19)
	at java_programs.GCD.gcd(GCD.java:19)
	at java_programs.GCD.gcd(GCD.java:19)
	at java_programs.GCD.gcd(GCD.java:19)
	at java_programs.GCD.gcd(GCD.java:19)
	at java_programs.GCD.gcd(GCD.java:19)
	at java_programs.GCD.gcd(GCD.java:19)
	at java_programs.GCD.gcd(GCD.java:19)
	at java_programs.GCD.gcd(GCD.java:19)
	at java_programs.GCD.gcd(GCD.java:19)
	at java_programs.GCD.gcd(GCD.java:19)
	at java_programs.GCD.gcd(GCD.java:19)
	at java_programs.GCD.gcd(GCD.java:19)
	at java_programs.GCD.gcd(GCD.java:19)
	at java_programs.GCD.gcd(GCD.java:19)
	at java_programs.GCD.gcd(GCD.java:19)
	at java_programs.GCD.gcd(GCD.java:19)
	at java_programs.GCD.gcd(GCD.java:19)
	at java_programs.GCD.gcd(GCD.java:19)
	at java_programs.GCD.gcd(GCD.java:19)
	at java_programs.GCD.gcd(GCD.java:19)
	at java_programs.GCD.gcd(GCD.java:19)
	at java_programs.GCD.gcd(GCD.java:19)
	at java_programs.GCD.gcd(GCD.java:19)
	at java_programs.GCD.gcd(GCD.java:19)
	at java_programs.GCD.gcd(GCD.java:19)
	at java_programs.GCD.gcd(GCD.java:19)
	at java_programs.GCD.gcd(GCD.java:19)
	at java_programs.GCD.gcd(GCD.java:19)
	at java_programs.GCD.gcd(GCD.java:19)
	at java_programs.GCD.gcd(GCD.java:19)
	at java_programs.GCD.gcd(GCD.java:19)
	at java_programs.GCD.gcd(GCD.java:19)
	at java_programs.GCD.gcd(GCD.java:19)
	at java_programs.GCD.gcd(GCD.java:19)
	at java_programs.GCD.gcd(GCD.java:19)
	at java_programs.GCD.gcd(GCD.java:19)
	at java_programs.GCD.gcd(GCD.java:19)
	at java_programs.GCD.gcd(GCD.java:19)
	at java_programs.GCD.gcd(GCD.java:19)
	at java_programs.GCD.gcd(GCD.java:19)
	at java_programs.GCD.gcd(GCD.java:19)
	at java_programs.GCD.gcd(GCD.java:19)
	at java_programs.GCD.gcd(GCD.java:19)
	at java_programs.GCD.gcd(GCD.java:19)
	at java_programs.GCD.gcd(GCD.java:19)
	at java_programs.GCD.gcd(GCD.java:19)
	at java_programs.GCD.gcd(GCD.java:19)
	at java_programs.GCD.gcd(GCD.java:19)
	at java_programs.GCD.gcd(GCD.java:19)
	at java_programs.GCD.gcd(GCD.java:19)
	at java_programs.GCD.gcd(GCD.java:19)
	at java_programs.GCD.gcd(GCD.java:19)
	at java_programs.GCD.gcd(GCD.java:19)
	at java_programs.GCD.gcd(GCD.java:19)
	at java_programs.GCD.gcd(GCD.java:19)
	at java_programs.GCD.gcd(GCD.java:19)
	at java_programs.GCD.gcd(GCD.java:19)
	at java_programs.GCD.gcd(GCD.java:19)
	at java_programs.GCD.gcd(GCD.java:19)
	at java_programs.GCD.gcd(GCD.java:19)
	at java_programs.GCD.gcd(GCD.java:19)
	at java_programs.GCD.gcd(GCD.java:19)
	at java_programs.GCD.gcd(GCD.java:19)
	at java_programs.GCD.gcd(GCD.java:19)
	at java_programs.GCD.gcd(GCD.java:19)
	at java_programs.GCD.gcd(GCD.java:19)
	at java_programs.GCD.gcd(GCD.java:19)
	at java_programs.GCD.gcd(GCD.java:19)
	at java_programs.GCD.gcd(GCD.java:19)
	at java_programs.GCD.gcd(GCD.java:19)
	at java_programs.GCD.gcd(GCD.java:19)
	at java_programs.GCD.gcd(GCD.java:19)
	at java_programs.GCD.gcd(GCD.java:19)
	at java_programs.GCD.gcd(GCD.java:19)
	at java_programs.GCD.gcd(GCD.java:19)
	at java_programs.GCD.gcd(GCD.java:19)
	at java_programs.GCD.gcd(GCD.java:19)
	at java_programs.GCD.gcd(GCD.java:19)
	at java_programs.GCD.gcd(GCD.java:19)
	at java_programs.GCD.gcd(GCD.java:19)
	at java_programs.GCD.gcd(GCD.java:19)
	at java_programs.GCD.gcd(GCD.java:19)
	at java_programs.GCD.gcd(GCD.java:19)
	at java_programs.GCD.gcd(GCD.java:19)
	at java_programs.GCD.gcd(GCD.java:19)
	at java_programs.GCD.gcd(GCD.java:19)
	at java_programs.GCD.gcd(GCD.java:19)
	at java_programs.GCD.gcd(GCD.java:19)
	at java_programs.GCD.gcd(GCD.java:19)
	at java_programs.GCD.gcd(GCD.java:19)
	at java_programs.GCD.gcd(GCD.java:19)
	at java_programs.GCD.gcd(GCD.java:19)
	at java_programs.GCD.gcd(GCD.java:19)
	at java_programs.GCD.gcd(GCD.java:19)
	at java_programs.GCD.gcd(GCD.java:19)
	at java_programs.GCD.gcd(GCD.java:19)
	at java_programs.GCD.gcd(GCD.java:19)
	at java_programs.GCD.gcd(GCD.java:19)
	at java_programs.GCD.gcd(GCD.java:19)
	at java_programs.GCD.gcd(GCD.java:19)
	at java_programs.GCD.gcd(GCD.java:19)
	at java_programs.GCD.gcd(GCD.java:19)
	at java_programs.GCD.gcd(GCD.java:19)
	at java_programs.GCD.gcd(GCD.java:19)
	at java_programs.GCD.gcd(GCD.java:19)
	at java_programs.GCD.gcd(GCD.java:19)
	at java_programs.GCD.gcd(GCD.java:19)
</failure>
  </testcase>
  <system-out><![CDATA[]]></system-out>
  <system-err><![CDATA[]]></system-err>
</testsuite>
