<?xml version="1.0" encoding="UTF-8"?>
<testsuite name="test.java.POSSIBLE_CHANGE_TEST" tests="9" skipped="0" failures="9" errors="0" timestamp="2023-09-07T12:50:53" hostname="DESKTOP-UU3TFIR" time="0.01">
  <properties/>
  <testcase name="test_0()" classname="test.java.POSSIBLE_CHANGE_TEST" time="0.002">
    <failure message="java.lang.ArrayIndexOutOfBoundsException: Index 0 out of bounds for length 0" type="java.lang.ArrayIndexOutOfBoundsException">java.lang.ArrayIndexOutOfBoundsException: Index 0 out of bounds for length 0
	at java_programs.POSSIBLE_CHANGE.possible_change(POSSIBLE_CHANGE.java:21)
	at java_programs.POSSIBLE_CHANGE.possible_change(POSSIBLE_CHANGE.java:23)
	at java_programs.POSSIBLE_CHANGE.possible_change(POSSIBLE_CHANGE.java:23)
	at java_programs.POSSIBLE_CHANGE.possible_change(POSSIBLE_CHANGE.java:23)
	at java_programs.POSSIBLE_CHANGE.possible_change(POSSIBLE_CHANGE.java:23)
	at java_programs.POSSIBLE_CHANGE.possible_change(POSSIBLE_CHANGE.java:23)
	at java_programs.POSSIBLE_CHANGE.possible_change(POSSIBLE_CHANGE.java:23)
	at java_programs.POSSIBLE_CHANGE.possible_change(POSSIBLE_CHANGE.java:23)
	at java_programs.POSSIBLE_CHANGE.possible_change(POSSIBLE_CHANGE.java:23)
	at java_programs.POSSIBLE_CHANGE.possible_change(POSSIBLE_CHANGE.java:23)
	at java_programs.POSSIBLE_CHANGE.possible_change(POSSIBLE_CHANGE.java:23)
	at java_programs.POSSIBLE_CHANGE.possible_change(POSSIBLE_CHANGE.java:23)
	at java_programs.POSSIBLE_CHANGE.possible_change(POSSIBLE_CHANGE.java:23)
	at java_programs.POSSIBLE_CHANGE.possible_change(POSSIBLE_CHANGE.java:23)
	at java_programs.POSSIBLE_CHANGE.possible_change(POSSIBLE_CHANGE.java:23)
	at test.java.POSSIBLE_CHANGE_TEST.test_0(POSSIBLE_CHANGE_TEST.java:9)
	at java.base/jdk.internal.reflect.DirectMethodHandleAccessor.invoke(DirectMethodHandleAccessor.java:104)
	at java.base/java.lang.reflect.Method.invoke(Method.java:578)
	at org.junit.platform.commons.util.ReflectionUtils.invokeMethod(ReflectionUtils.java:727)
	at org.junit.jupiter.engine.execution.MethodInvocation.proceed(MethodInvocation.java:60)
	at org.junit.jupiter.engine.execution.InvocationInterceptorChain$ValidatingInvocation.proceed(InvocationInterceptorChain.java:131)
	at org.junit.jupiter.engine.extension.TimeoutExtension.intercept(TimeoutExtension.java:156)
	at org.junit.jupiter.engine.extension.TimeoutExtension.interceptTestableMethod(TimeoutExtension.java:147)
	at org.junit.jupiter.engine.extension.TimeoutExtension.interceptTestMethod(TimeoutExtension.java:86)
	at org.junit.jupiter.engine.execution.InterceptingExecutableInvoker$ReflectiveInterceptorCall.lambda$ofVoidMethod$0(InterceptingExecutableInvoker.java:103)
	at org.junit.jupiter.engine.execution.InterceptingExecutableInvoker.lambda$invoke$0(InterceptingExecutableInvoker.java:93)
	at org.junit.jupiter.engine.execution.InvocationInterceptorChain$InterceptedInvocation.proceed(InvocationInterceptorChain.java:106)
	at org.junit.jupiter.engine.execution.InvocationInterceptorChain.proceed(InvocationInterceptorChain.java:64)
	at org.junit.jupiter.engine.execution.InvocationInterceptorChain.chainAndInvoke(InvocationInterceptorChain.java:45)
	at org.junit.jupiter.engine.execution.InvocationInterceptorChain.invoke(InvocationInterceptorChain.java:37)
	at org.junit.jupiter.engine.execution.InterceptingExecutableInvoker.invoke(InterceptingExecutableInvoker.java:92)
	at org.junit.jupiter.engine.execution.InterceptingExecutableInvoker.invoke(InterceptingExecutableInvoker.java:86)
	at org.junit.jupiter.engine.descriptor.TestMethodTestDescriptor.lambda$invokeTestMethod$7(TestMethodTestDescriptor.java:217)
	at org.junit.platform.engine.support.hierarchical.ThrowableCollector.execute(ThrowableCollector.java:73)
	at org.junit.jupiter.engine.descriptor.TestMethodTestDescriptor.invokeTestMethod(TestMethodTestDescriptor.java:213)
	at org.junit.jupiter.engine.descriptor.TestMethodTestDescriptor.execute(TestMethodTestDescriptor.java:138)
	at org.junit.jupiter.engine.descriptor.TestMethodTestDescriptor.execute(TestMethodTestDescriptor.java:68)
	at org.junit.platform.engine.support.hierarchical.NodeTestTask.lambda$executeRecursively$6(NodeTestTask.java:151)
	at org.junit.platform.engine.support.hierarchical.ThrowableCollector.execute(ThrowableCollector.java:73)
	at org.junit.platform.engine.support.hierarchical.NodeTestTask.lambda$executeRecursively$8(NodeTestTask.java:141)
	at org.junit.platform.engine.support.hierarchical.Node.around(Node.java:137)
	at org.junit.platform.engine.support.hierarchical.NodeTestTask.lambda$executeRecursively$9(NodeTestTask.java:139)
	at org.junit.platform.engine.support.hierarchical.ThrowableCollector.execute(ThrowableCollector.java:73)
	at org.junit.platform.engine.support.hierarchical.NodeTestTask.executeRecursively(NodeTestTask.java:138)
	at org.junit.platform.engine.support.hierarchical.NodeTestTask.execute(NodeTestTask.java:95)
	at java.base/java.util.ArrayList.forEach(ArrayList.java:1511)
	at org.junit.platform.engine.support.hierarchical.SameThreadHierarchicalTestExecutorService.invokeAll(SameThreadHierarchicalTestExecutorService.java:41)
	at org.junit.platform.engine.support.hierarchical.NodeTestTask.lambda$executeRecursively$6(NodeTestTask.java:155)
	at org.junit.platform.engine.support.hierarchical.ThrowableCollector.execute(ThrowableCollector.java:73)
	at org.junit.platform.engine.support.hierarchical.NodeTestTask.lambda$executeRecursively$8(NodeTestTask.java:141)
	at org.junit.platform.engine.support.hierarchical.Node.around(Node.java:137)
	at org.junit.platform.engine.support.hierarchical.NodeTestTask.lambda$executeRecursively$9(NodeTestTask.java:139)
	at org.junit.platform.engine.support.hierarchical.ThrowableCollector.execute(ThrowableCollector.java:73)
	at org.junit.platform.engine.support.hierarchical.NodeTestTask.executeRecursively(NodeTestTask.java:138)
	at org.junit.platform.engine.support.hierarchical.NodeTestTask.execute(NodeTestTask.java:95)
	at java.base/java.util.ArrayList.forEach(ArrayList.java:1511)
	at org.junit.platform.engine.support.hierarchical.SameThreadHierarchicalTestExecutorService.invokeAll(SameThreadHierarchicalTestExecutorService.java:41)
	at org.junit.platform.engine.support.hierarchical.NodeTestTask.lambda$executeRecursively$6(NodeTestTask.java:155)
	at org.junit.platform.engine.support.hierarchical.ThrowableCollector.execute(ThrowableCollector.java:73)
	at org.junit.platform.engine.support.hierarchical.NodeTestTask.lambda$executeRecursively$8(NodeTestTask.java:141)
	at org.junit.platform.engine.support.hierarchical.Node.around(Node.java:137)
	at org.junit.platform.engine.support.hierarchical.NodeTestTask.lambda$executeRecursively$9(NodeTestTask.java:139)
	at org.junit.platform.engine.support.hierarchical.ThrowableCollector.execute(ThrowableCollector.java:73)
	at org.junit.platform.engine.support.hierarchical.NodeTestTask.executeRecursively(NodeTestTask.java:138)
	at org.junit.platform.engine.support.hierarchical.NodeTestTask.execute(NodeTestTask.java:95)
	at org.junit.platform.engine.support.hierarchical.SameThreadHierarchicalTestExecutorService.submit(SameThreadHierarchicalTestExecutorService.java:35)
	at org.junit.platform.engine.support.hierarchical.HierarchicalTestExecutor.execute(HierarchicalTestExecutor.java:57)
	at org.junit.platform.engine.support.hierarchical.HierarchicalTestEngine.execute(HierarchicalTestEngine.java:54)
	at org.junit.platform.launcher.core.EngineExecutionOrchestrator.execute(EngineExecutionOrchestrator.java:107)
	at org.junit.platform.launcher.core.EngineExecutionOrchestrator.execute(EngineExecutionOrchestrator.java:88)
	at org.junit.platform.launcher.core.EngineExecutionOrchestrator.lambda$execute$0(EngineExecutionOrchestrator.java:54)
	at org.junit.platform.launcher.core.EngineExecutionOrchestrator.withInterceptedStreams(EngineExecutionOrchestrator.java:67)
	at org.junit.platform.launcher.core.EngineExecutionOrchestrator.execute(EngineExecutionOrchestrator.java:52)
	at org.junit.platform.launcher.core.DefaultLauncher.execute(DefaultLauncher.java:114)
	at org.junit.platform.launcher.core.DefaultLauncher.execute(DefaultLauncher.java:86)
	at org.junit.platform.launcher.core.DefaultLauncherSession$DelegatingLauncher.execute(DefaultLauncherSession.java:86)
	at org.gradle.api.internal.tasks.testing.junitplatform.JUnitPlatformTestClassProcessor$CollectAllTestClassesExecutor.processAllTestClasses(JUnitPlatformTestClassProcessor.java:110)
	at org.gradle.api.internal.tasks.testing.junitplatform.JUnitPlatformTestClassProcessor$CollectAllTestClassesExecutor.access$000(JUnitPlatformTestClassProcessor.java:90)
	at org.gradle.api.internal.tasks.testing.junitplatform.JUnitPlatformTestClassProcessor.stop(JUnitPlatformTestClassProcessor.java:85)
	at org.gradle.api.internal.tasks.testing.SuiteTestClassProcessor.stop(SuiteTestClassProcessor.java:62)
	at java.base/jdk.internal.reflect.DirectMethodHandleAccessor.invoke(DirectMethodHandleAccessor.java:104)
	at java.base/java.lang.reflect.Method.invoke(Method.java:578)
	at org.gradle.internal.dispatch.ReflectionDispatch.dispatch(ReflectionDispatch.java:36)
	at org.gradle.internal.dispatch.ReflectionDispatch.dispatch(ReflectionDispatch.java:24)
	at org.gradle.internal.dispatch.ContextClassLoaderDispatch.dispatch(ContextClassLoaderDispatch.java:33)
	at org.gradle.internal.dispatch.ProxyDispatchAdapter$DispatchingInvocationHandler.invoke(ProxyDispatchAdapter.java:94)
	at jdk.proxy1/jdk.proxy1.$Proxy2.stop(Unknown Source)
	at org.gradle.api.internal.tasks.testing.worker.TestWorker$3.run(TestWorker.java:193)
	at org.gradle.api.internal.tasks.testing.worker.TestWorker.executeAndMaintainThreadName(TestWorker.java:129)
	at org.gradle.api.internal.tasks.testing.worker.TestWorker.execute(TestWorker.java:100)
	at org.gradle.api.internal.tasks.testing.worker.TestWorker.execute(TestWorker.java:60)
	at org.gradle.process.internal.worker.child.ActionExecutionWorker.execute(ActionExecutionWorker.java:56)
	at org.gradle.process.internal.worker.child.SystemApplicationClassLoaderWorker.call(SystemApplicationClassLoaderWorker.java:113)
	at org.gradle.process.internal.worker.child.SystemApplicationClassLoaderWorker.call(SystemApplicationClassLoaderWorker.java:65)
	at worker.org.gradle.process.internal.worker.GradleWorkerMain.run(GradleWorkerMain.java:69)
	at worker.org.gradle.process.internal.worker.GradleWorkerMain.main(GradleWorkerMain.java:74)
</failure>
  </testcase>
  <testcase name="test_1()" classname="test.java.POSSIBLE_CHANGE_TEST" time="0.0">
    <failure message="java.lang.ArrayIndexOutOfBoundsException: Index 0 out of bounds for length 0" type="java.lang.ArrayIndexOutOfBoundsException">java.lang.ArrayIndexOutOfBoundsException: Index 0 out of bounds for length 0
	at java_programs.POSSIBLE_CHANGE.possible_change(POSSIBLE_CHANGE.java:21)
	at java_programs.POSSIBLE_CHANGE.possible_change(POSSIBLE_CHANGE.java:23)
	at java_programs.POSSIBLE_CHANGE.possible_change(POSSIBLE_CHANGE.java:23)
	at java_programs.POSSIBLE_CHANGE.possible_change(POSSIBLE_CHANGE.java:23)
	at java_programs.POSSIBLE_CHANGE.possible_change(POSSIBLE_CHANGE.java:23)
	at java_programs.POSSIBLE_CHANGE.possible_change(POSSIBLE_CHANGE.java:23)
	at java_programs.POSSIBLE_CHANGE.possible_change(POSSIBLE_CHANGE.java:23)
	at java_programs.POSSIBLE_CHANGE.possible_change(POSSIBLE_CHANGE.java:23)
	at java_programs.POSSIBLE_CHANGE.possible_change(POSSIBLE_CHANGE.java:23)
	at java_programs.POSSIBLE_CHANGE.possible_change(POSSIBLE_CHANGE.java:23)
	at java_programs.POSSIBLE_CHANGE.possible_change(POSSIBLE_CHANGE.java:23)
	at java_programs.POSSIBLE_CHANGE.possible_change(POSSIBLE_CHANGE.java:23)
	at java_programs.POSSIBLE_CHANGE.possible_change(POSSIBLE_CHANGE.java:23)
	at java_programs.POSSIBLE_CHANGE.possible_change(POSSIBLE_CHANGE.java:23)
	at java_programs.POSSIBLE_CHANGE.possible_change(POSSIBLE_CHANGE.java:23)
	at java_programs.POSSIBLE_CHANGE.possible_change(POSSIBLE_CHANGE.java:23)
	at java_programs.POSSIBLE_CHANGE.possible_change(POSSIBLE_CHANGE.java:23)
	at java_programs.POSSIBLE_CHANGE.possible_change(POSSIBLE_CHANGE.java:23)
	at java_programs.POSSIBLE_CHANGE.possible_change(POSSIBLE_CHANGE.java:23)
	at java_programs.POSSIBLE_CHANGE.possible_change(POSSIBLE_CHANGE.java:23)
	at java_programs.POSSIBLE_CHANGE.possible_change(POSSIBLE_CHANGE.java:23)
	at java_programs.POSSIBLE_CHANGE.possible_change(POSSIBLE_CHANGE.java:23)
	at java_programs.POSSIBLE_CHANGE.possible_change(POSSIBLE_CHANGE.java:23)
	at java_programs.POSSIBLE_CHANGE.possible_change(POSSIBLE_CHANGE.java:23)
	at java_programs.POSSIBLE_CHANGE.possible_change(POSSIBLE_CHANGE.java:23)
	at java_programs.POSSIBLE_CHANGE.possible_change(POSSIBLE_CHANGE.java:23)
	at java_programs.POSSIBLE_CHANGE.possible_change(POSSIBLE_CHANGE.java:23)
	at java_programs.POSSIBLE_CHANGE.possible_change(POSSIBLE_CHANGE.java:23)
	at java_programs.POSSIBLE_CHANGE.possible_change(POSSIBLE_CHANGE.java:23)
	at java_programs.POSSIBLE_CHANGE.possible_change(POSSIBLE_CHANGE.java:23)
	at java_programs.POSSIBLE_CHANGE.possible_change(POSSIBLE_CHANGE.java:23)
	at java_programs.POSSIBLE_CHANGE.possible_change(POSSIBLE_CHANGE.java:23)
	at java_programs.POSSIBLE_CHANGE.possible_change(POSSIBLE_CHANGE.java:23)
	at java_programs.POSSIBLE_CHANGE.possible_change(POSSIBLE_CHANGE.java:23)
	at java_programs.POSSIBLE_CHANGE.possible_change(POSSIBLE_CHANGE.java:23)
	at java_programs.POSSIBLE_CHANGE.possible_change(POSSIBLE_CHANGE.java:23)
	at java_programs.POSSIBLE_CHANGE.possible_change(POSSIBLE_CHANGE.java:23)
	at java_programs.POSSIBLE_CHANGE.possible_change(POSSIBLE_CHANGE.java:23)
	at java_programs.POSSIBLE_CHANGE.possible_change(POSSIBLE_CHANGE.java:23)
	at java_programs.POSSIBLE_CHANGE.possible_change(POSSIBLE_CHANGE.java:23)
	at java_programs.POSSIBLE_CHANGE.possible_change(POSSIBLE_CHANGE.java:23)
	at java_programs.POSSIBLE_CHANGE.possible_change(POSSIBLE_CHANGE.java:23)
	at java_programs.POSSIBLE_CHANGE.possible_change(POSSIBLE_CHANGE.java:23)
	at java_programs.POSSIBLE_CHANGE.possible_change(POSSIBLE_CHANGE.java:23)
	at java_programs.POSSIBLE_CHANGE.possible_change(POSSIBLE_CHANGE.java:23)
	at java_programs.POSSIBLE_CHANGE.possible_change(POSSIBLE_CHANGE.java:23)
	at java_programs.POSSIBLE_CHANGE.possible_change(POSSIBLE_CHANGE.java:23)
	at java_programs.POSSIBLE_CHANGE.possible_change(POSSIBLE_CHANGE.java:23)
	at java_programs.POSSIBLE_CHANGE.possible_change(POSSIBLE_CHANGE.java:23)
	at java_programs.POSSIBLE_CHANGE.possible_change(POSSIBLE_CHANGE.java:23)
	at java_programs.POSSIBLE_CHANGE.possible_change(POSSIBLE_CHANGE.java:23)
	at java_programs.POSSIBLE_CHANGE.possible_change(POSSIBLE_CHANGE.java:23)
	at java_programs.POSSIBLE_CHANGE.possible_change(POSSIBLE_CHANGE.java:23)
	at java_programs.POSSIBLE_CHANGE.possible_change(POSSIBLE_CHANGE.java:23)
	at java_programs.POSSIBLE_CHANGE.possible_change(POSSIBLE_CHANGE.java:23)
	at java_programs.POSSIBLE_CHANGE.possible_change(POSSIBLE_CHANGE.java:23)
	at java_programs.POSSIBLE_CHANGE.possible_change(POSSIBLE_CHANGE.java:23)
	at java_programs.POSSIBLE_CHANGE.possible_change(POSSIBLE_CHANGE.java:23)
	at java_programs.POSSIBLE_CHANGE.possible_change(POSSIBLE_CHANGE.java:23)
	at java_programs.POSSIBLE_CHANGE.possible_change(POSSIBLE_CHANGE.java:23)
	at java_programs.POSSIBLE_CHANGE.possible_change(POSSIBLE_CHANGE.java:23)
	at java_programs.POSSIBLE_CHANGE.possible_change(POSSIBLE_CHANGE.java:23)
	at java_programs.POSSIBLE_CHANGE.possible_change(POSSIBLE_CHANGE.java:23)
	at java_programs.POSSIBLE_CHANGE.possible_change(POSSIBLE_CHANGE.java:23)
	at java_programs.POSSIBLE_CHANGE.possible_change(POSSIBLE_CHANGE.java:23)
	at java_programs.POSSIBLE_CHANGE.possible_change(POSSIBLE_CHANGE.java:23)
	at java_programs.POSSIBLE_CHANGE.possible_change(POSSIBLE_CHANGE.java:23)
	at java_programs.POSSIBLE_CHANGE.possible_change(POSSIBLE_CHANGE.java:23)
	at java_programs.POSSIBLE_CHANGE.possible_change(POSSIBLE_CHANGE.java:23)
	at java_programs.POSSIBLE_CHANGE.possible_change(POSSIBLE_CHANGE.java:23)
	at java_programs.POSSIBLE_CHANGE.possible_change(POSSIBLE_CHANGE.java:23)
	at java_programs.POSSIBLE_CHANGE.possible_change(POSSIBLE_CHANGE.java:23)
	at java_programs.POSSIBLE_CHANGE.possible_change(POSSIBLE_CHANGE.java:23)
	at java_programs.POSSIBLE_CHANGE.possible_change(POSSIBLE_CHANGE.java:23)
	at java_programs.POSSIBLE_CHANGE.possible_change(POSSIBLE_CHANGE.java:23)
	at java_programs.POSSIBLE_CHANGE.possible_change(POSSIBLE_CHANGE.java:23)
	at java_programs.POSSIBLE_CHANGE.possible_change(POSSIBLE_CHANGE.java:23)
	at java_programs.POSSIBLE_CHANGE.possible_change(POSSIBLE_CHANGE.java:23)
	at java_programs.POSSIBLE_CHANGE.possible_change(POSSIBLE_CHANGE.java:23)
	at test.java.POSSIBLE_CHANGE_TEST.test_1(POSSIBLE_CHANGE_TEST.java:15)
	at java.base/jdk.internal.reflect.DirectMethodHandleAccessor.invoke(DirectMethodHandleAccessor.java:104)
	at java.base/java.lang.reflect.Method.invoke(Method.java:578)
	at org.junit.platform.commons.util.ReflectionUtils.invokeMethod(ReflectionUtils.java:727)
	at org.junit.jupiter.engine.execution.MethodInvocation.proceed(MethodInvocation.java:60)
	at org.junit.jupiter.engine.execution.InvocationInterceptorChain$ValidatingInvocation.proceed(InvocationInterceptorChain.java:131)
	at org.junit.jupiter.engine.extension.TimeoutExtension.intercept(TimeoutExtension.java:156)
	at org.junit.jupiter.engine.extension.TimeoutExtension.interceptTestableMethod(TimeoutExtension.java:147)
	at org.junit.jupiter.engine.extension.TimeoutExtension.interceptTestMethod(TimeoutExtension.java:86)
	at org.junit.jupiter.engine.execution.InterceptingExecutableInvoker$ReflectiveInterceptorCall.lambda$ofVoidMethod$0(InterceptingExecutableInvoker.java:103)
	at org.junit.jupiter.engine.execution.InterceptingExecutableInvoker.lambda$invoke$0(InterceptingExecutableInvoker.java:93)
	at org.junit.jupiter.engine.execution.InvocationInterceptorChain$InterceptedInvocation.proceed(InvocationInterceptorChain.java:106)
	at org.junit.jupiter.engine.execution.InvocationInterceptorChain.proceed(InvocationInterceptorChain.java:64)
	at org.junit.jupiter.engine.execution.InvocationInterceptorChain.chainAndInvoke(InvocationInterceptorChain.java:45)
	at org.junit.jupiter.engine.execution.InvocationInterceptorChain.invoke(InvocationInterceptorChain.java:37)
	at org.junit.jupiter.engine.execution.InterceptingExecutableInvoker.invoke(InterceptingExecutableInvoker.java:92)
	at org.junit.jupiter.engine.execution.InterceptingExecutableInvoker.invoke(InterceptingExecutableInvoker.java:86)
	at org.junit.jupiter.engine.descriptor.TestMethodTestDescriptor.lambda$invokeTestMethod$7(TestMethodTestDescriptor.java:217)
	at org.junit.platform.engine.support.hierarchical.ThrowableCollector.execute(ThrowableCollector.java:73)
	at org.junit.jupiter.engine.descriptor.TestMethodTestDescriptor.invokeTestMethod(TestMethodTestDescriptor.java:213)
	at org.junit.jupiter.engine.descriptor.TestMethodTestDescriptor.execute(TestMethodTestDescriptor.java:138)
	at org.junit.jupiter.engine.descriptor.TestMethodTestDescriptor.execute(TestMethodTestDescriptor.java:68)
	at org.junit.platform.engine.support.hierarchical.NodeTestTask.lambda$executeRecursively$6(NodeTestTask.java:151)
	at org.junit.platform.engine.support.hierarchical.ThrowableCollector.execute(ThrowableCollector.java:73)
	at org.junit.platform.engine.support.hierarchical.NodeTestTask.lambda$executeRecursively$8(NodeTestTask.java:141)
	at org.junit.platform.engine.support.hierarchical.Node.around(Node.java:137)
	at org.junit.platform.engine.support.hierarchical.NodeTestTask.lambda$executeRecursively$9(NodeTestTask.java:139)
	at org.junit.platform.engine.support.hierarchical.ThrowableCollector.execute(ThrowableCollector.java:73)
	at org.junit.platform.engine.support.hierarchical.NodeTestTask.executeRecursively(NodeTestTask.java:138)
	at org.junit.platform.engine.support.hierarchical.NodeTestTask.execute(NodeTestTask.java:95)
	at java.base/java.util.ArrayList.forEach(ArrayList.java:1511)
	at org.junit.platform.engine.support.hierarchical.SameThreadHierarchicalTestExecutorService.invokeAll(SameThreadHierarchicalTestExecutorService.java:41)
	at org.junit.platform.engine.support.hierarchical.NodeTestTask.lambda$executeRecursively$6(NodeTestTask.java:155)
	at org.junit.platform.engine.support.hierarchical.ThrowableCollector.execute(ThrowableCollector.java:73)
	at org.junit.platform.engine.support.hierarchical.NodeTestTask.lambda$executeRecursively$8(NodeTestTask.java:141)
	at org.junit.platform.engine.support.hierarchical.Node.around(Node.java:137)
	at org.junit.platform.engine.support.hierarchical.NodeTestTask.lambda$executeRecursively$9(NodeTestTask.java:139)
	at org.junit.platform.engine.support.hierarchical.ThrowableCollector.execute(ThrowableCollector.java:73)
	at org.junit.platform.engine.support.hierarchical.NodeTestTask.executeRecursively(NodeTestTask.java:138)
	at org.junit.platform.engine.support.hierarchical.NodeTestTask.execute(NodeTestTask.java:95)
	at java.base/java.util.ArrayList.forEach(ArrayList.java:1511)
	at org.junit.platform.engine.support.hierarchical.SameThreadHierarchicalTestExecutorService.invokeAll(SameThreadHierarchicalTestExecutorService.java:41)
	at org.junit.platform.engine.support.hierarchical.NodeTestTask.lambda$executeRecursively$6(NodeTestTask.java:155)
	at org.junit.platform.engine.support.hierarchical.ThrowableCollector.execute(ThrowableCollector.java:73)
	at org.junit.platform.engine.support.hierarchical.NodeTestTask.lambda$executeRecursively$8(NodeTestTask.java:141)
	at org.junit.platform.engine.support.hierarchical.Node.around(Node.java:137)
	at org.junit.platform.engine.support.hierarchical.NodeTestTask.lambda$executeRecursively$9(NodeTestTask.java:139)
	at org.junit.platform.engine.support.hierarchical.ThrowableCollector.execute(ThrowableCollector.java:73)
	at org.junit.platform.engine.support.hierarchical.NodeTestTask.executeRecursively(NodeTestTask.java:138)
	at org.junit.platform.engine.support.hierarchical.NodeTestTask.execute(NodeTestTask.java:95)
	at org.junit.platform.engine.support.hierarchical.SameThreadHierarchicalTestExecutorService.submit(SameThreadHierarchicalTestExecutorService.java:35)
	at org.junit.platform.engine.support.hierarchical.HierarchicalTestExecutor.execute(HierarchicalTestExecutor.java:57)
	at org.junit.platform.engine.support.hierarchical.HierarchicalTestEngine.execute(HierarchicalTestEngine.java:54)
	at org.junit.platform.launcher.core.EngineExecutionOrchestrator.execute(EngineExecutionOrchestrator.java:107)
	at org.junit.platform.launcher.core.EngineExecutionOrchestrator.execute(EngineExecutionOrchestrator.java:88)
	at org.junit.platform.launcher.core.EngineExecutionOrchestrator.lambda$execute$0(EngineExecutionOrchestrator.java:54)
	at org.junit.platform.launcher.core.EngineExecutionOrchestrator.withInterceptedStreams(EngineExecutionOrchestrator.java:67)
	at org.junit.platform.launcher.core.EngineExecutionOrchestrator.execute(EngineExecutionOrchestrator.java:52)
	at org.junit.platform.launcher.core.DefaultLauncher.execute(DefaultLauncher.java:114)
	at org.junit.platform.launcher.core.DefaultLauncher.execute(DefaultLauncher.java:86)
	at org.junit.platform.launcher.core.DefaultLauncherSession$DelegatingLauncher.execute(DefaultLauncherSession.java:86)
	at org.gradle.api.internal.tasks.testing.junitplatform.JUnitPlatformTestClassProcessor$CollectAllTestClassesExecutor.processAllTestClasses(JUnitPlatformTestClassProcessor.java:110)
	at org.gradle.api.internal.tasks.testing.junitplatform.JUnitPlatformTestClassProcessor$CollectAllTestClassesExecutor.access$000(JUnitPlatformTestClassProcessor.java:90)
	at org.gradle.api.internal.tasks.testing.junitplatform.JUnitPlatformTestClassProcessor.stop(JUnitPlatformTestClassProcessor.java:85)
	at org.gradle.api.internal.tasks.testing.SuiteTestClassProcessor.stop(SuiteTestClassProcessor.java:62)
	at java.base/jdk.internal.reflect.DirectMethodHandleAccessor.invoke(DirectMethodHandleAccessor.java:104)
	at java.base/java.lang.reflect.Method.invoke(Method.java:578)
	at org.gradle.internal.dispatch.ReflectionDispatch.dispatch(ReflectionDispatch.java:36)
	at org.gradle.internal.dispatch.ReflectionDispatch.dispatch(ReflectionDispatch.java:24)
	at org.gradle.internal.dispatch.ContextClassLoaderDispatch.dispatch(ContextClassLoaderDispatch.java:33)
	at org.gradle.internal.dispatch.ProxyDispatchAdapter$DispatchingInvocationHandler.invoke(ProxyDispatchAdapter.java:94)
	at jdk.proxy1/jdk.proxy1.$Proxy2.stop(Unknown Source)
	at org.gradle.api.internal.tasks.testing.worker.TestWorker$3.run(TestWorker.java:193)
	at org.gradle.api.internal.tasks.testing.worker.TestWorker.executeAndMaintainThreadName(TestWorker.java:129)
	at org.gradle.api.internal.tasks.testing.worker.TestWorker.execute(TestWorker.java:100)
	at org.gradle.api.internal.tasks.testing.worker.TestWorker.execute(TestWorker.java:60)
	at org.gradle.process.internal.worker.child.ActionExecutionWorker.execute(ActionExecutionWorker.java:56)
	at org.gradle.process.internal.worker.child.SystemApplicationClassLoaderWorker.call(SystemApplicationClassLoaderWorker.java:113)
	at org.gradle.process.internal.worker.child.SystemApplicationClassLoaderWorker.call(SystemApplicationClassLoaderWorker.java:65)
	at worker.org.gradle.process.internal.worker.GradleWorkerMain.run(GradleWorkerMain.java:69)
	at worker.org.gradle.process.internal.worker.GradleWorkerMain.main(GradleWorkerMain.java:74)
</failure>
  </testcase>
  <testcase name="test_2()" classname="test.java.POSSIBLE_CHANGE_TEST" time="0.0">
    <failure message="java.lang.ArrayIndexOutOfBoundsException: Index 0 out of bounds for length 0" type="java.lang.ArrayIndexOutOfBoundsException">java.lang.ArrayIndexOutOfBoundsException: Index 0 out of bounds for length 0
	at java_programs.POSSIBLE_CHANGE.possible_change(POSSIBLE_CHANGE.java:21)
	at java_programs.POSSIBLE_CHANGE.possible_change(POSSIBLE_CHANGE.java:23)
	at java_programs.POSSIBLE_CHANGE.possible_change(POSSIBLE_CHANGE.java:23)
	at java_programs.POSSIBLE_CHANGE.possible_change(POSSIBLE_CHANGE.java:23)
	at java_programs.POSSIBLE_CHANGE.possible_change(POSSIBLE_CHANGE.java:23)
	at java_programs.POSSIBLE_CHANGE.possible_change(POSSIBLE_CHANGE.java:23)
	at java_programs.POSSIBLE_CHANGE.possible_change(POSSIBLE_CHANGE.java:23)
	at java_programs.POSSIBLE_CHANGE.possible_change(POSSIBLE_CHANGE.java:23)
	at java_programs.POSSIBLE_CHANGE.possible_change(POSSIBLE_CHANGE.java:23)
	at java_programs.POSSIBLE_CHANGE.possible_change(POSSIBLE_CHANGE.java:23)
	at java_programs.POSSIBLE_CHANGE.possible_change(POSSIBLE_CHANGE.java:23)
	at java_programs.POSSIBLE_CHANGE.possible_change(POSSIBLE_CHANGE.java:23)
	at java_programs.POSSIBLE_CHANGE.possible_change(POSSIBLE_CHANGE.java:23)
	at java_programs.POSSIBLE_CHANGE.possible_change(POSSIBLE_CHANGE.java:23)
	at java_programs.POSSIBLE_CHANGE.possible_change(POSSIBLE_CHANGE.java:23)
	at java_programs.POSSIBLE_CHANGE.possible_change(POSSIBLE_CHANGE.java:23)
	at java_programs.POSSIBLE_CHANGE.possible_change(POSSIBLE_CHANGE.java:23)
	at java_programs.POSSIBLE_CHANGE.possible_change(POSSIBLE_CHANGE.java:23)
	at java_programs.POSSIBLE_CHANGE.possible_change(POSSIBLE_CHANGE.java:23)
	at java_programs.POSSIBLE_CHANGE.possible_change(POSSIBLE_CHANGE.java:23)
	at java_programs.POSSIBLE_CHANGE.possible_change(POSSIBLE_CHANGE.java:23)
	at java_programs.POSSIBLE_CHANGE.possible_change(POSSIBLE_CHANGE.java:23)
	at java_programs.POSSIBLE_CHANGE.possible_change(POSSIBLE_CHANGE.java:23)
	at java_programs.POSSIBLE_CHANGE.possible_change(POSSIBLE_CHANGE.java:23)
	at java_programs.POSSIBLE_CHANGE.possible_change(POSSIBLE_CHANGE.java:23)
	at java_programs.POSSIBLE_CHANGE.possible_change(POSSIBLE_CHANGE.java:23)
	at java_programs.POSSIBLE_CHANGE.possible_change(POSSIBLE_CHANGE.java:23)
	at java_programs.POSSIBLE_CHANGE.possible_change(POSSIBLE_CHANGE.java:23)
	at java_programs.POSSIBLE_CHANGE.possible_change(POSSIBLE_CHANGE.java:23)
	at java_programs.POSSIBLE_CHANGE.possible_change(POSSIBLE_CHANGE.java:23)
	at java_programs.POSSIBLE_CHANGE.possible_change(POSSIBLE_CHANGE.java:23)
	at java_programs.POSSIBLE_CHANGE.possible_change(POSSIBLE_CHANGE.java:23)
	at java_programs.POSSIBLE_CHANGE.possible_change(POSSIBLE_CHANGE.java:23)
	at java_programs.POSSIBLE_CHANGE.possible_change(POSSIBLE_CHANGE.java:23)
	at java_programs.POSSIBLE_CHANGE.possible_change(POSSIBLE_CHANGE.java:23)
	at java_programs.POSSIBLE_CHANGE.possible_change(POSSIBLE_CHANGE.java:23)
	at java_programs.POSSIBLE_CHANGE.possible_change(POSSIBLE_CHANGE.java:23)
	at java_programs.POSSIBLE_CHANGE.possible_change(POSSIBLE_CHANGE.java:23)
	at test.java.POSSIBLE_CHANGE_TEST.test_2(POSSIBLE_CHANGE_TEST.java:21)
	at java.base/jdk.internal.reflect.DirectMethodHandleAccessor.invoke(DirectMethodHandleAccessor.java:104)
	at java.base/java.lang.reflect.Method.invoke(Method.java:578)
	at org.junit.platform.commons.util.ReflectionUtils.invokeMethod(ReflectionUtils.java:727)
	at org.junit.jupiter.engine.execution.MethodInvocation.proceed(MethodInvocation.java:60)
	at org.junit.jupiter.engine.execution.InvocationInterceptorChain$ValidatingInvocation.proceed(InvocationInterceptorChain.java:131)
	at org.junit.jupiter.engine.extension.TimeoutExtension.intercept(TimeoutExtension.java:156)
	at org.junit.jupiter.engine.extension.TimeoutExtension.interceptTestableMethod(TimeoutExtension.java:147)
	at org.junit.jupiter.engine.extension.TimeoutExtension.interceptTestMethod(TimeoutExtension.java:86)
	at org.junit.jupiter.engine.execution.InterceptingExecutableInvoker$ReflectiveInterceptorCall.lambda$ofVoidMethod$0(InterceptingExecutableInvoker.java:103)
	at org.junit.jupiter.engine.execution.InterceptingExecutableInvoker.lambda$invoke$0(InterceptingExecutableInvoker.java:93)
	at org.junit.jupiter.engine.execution.InvocationInterceptorChain$InterceptedInvocation.proceed(InvocationInterceptorChain.java:106)
	at org.junit.jupiter.engine.execution.InvocationInterceptorChain.proceed(InvocationInterceptorChain.java:64)
	at org.junit.jupiter.engine.execution.InvocationInterceptorChain.chainAndInvoke(InvocationInterceptorChain.java:45)
	at org.junit.jupiter.engine.execution.InvocationInterceptorChain.invoke(InvocationInterceptorChain.java:37)
	at org.junit.jupiter.engine.execution.InterceptingExecutableInvoker.invoke(InterceptingExecutableInvoker.java:92)
	at org.junit.jupiter.engine.execution.InterceptingExecutableInvoker.invoke(InterceptingExecutableInvoker.java:86)
	at org.junit.jupiter.engine.descriptor.TestMethodTestDescriptor.lambda$invokeTestMethod$7(TestMethodTestDescriptor.java:217)
	at org.junit.platform.engine.support.hierarchical.ThrowableCollector.execute(ThrowableCollector.java:73)
	at org.junit.jupiter.engine.descriptor.TestMethodTestDescriptor.invokeTestMethod(TestMethodTestDescriptor.java:213)
	at org.junit.jupiter.engine.descriptor.TestMethodTestDescriptor.execute(TestMethodTestDescriptor.java:138)
	at org.junit.jupiter.engine.descriptor.TestMethodTestDescriptor.execute(TestMethodTestDescriptor.java:68)
	at org.junit.platform.engine.support.hierarchical.NodeTestTask.lambda$executeRecursively$6(NodeTestTask.java:151)
	at org.junit.platform.engine.support.hierarchical.ThrowableCollector.execute(ThrowableCollector.java:73)
	at org.junit.platform.engine.support.hierarchical.NodeTestTask.lambda$executeRecursively$8(NodeTestTask.java:141)
	at org.junit.platform.engine.support.hierarchical.Node.around(Node.java:137)
	at org.junit.platform.engine.support.hierarchical.NodeTestTask.lambda$executeRecursively$9(NodeTestTask.java:139)
	at org.junit.platform.engine.support.hierarchical.ThrowableCollector.execute(ThrowableCollector.java:73)
	at org.junit.platform.engine.support.hierarchical.NodeTestTask.executeRecursively(NodeTestTask.java:138)
	at org.junit.platform.engine.support.hierarchical.NodeTestTask.execute(NodeTestTask.java:95)
	at java.base/java.util.ArrayList.forEach(ArrayList.java:1511)
	at org.junit.platform.engine.support.hierarchical.SameThreadHierarchicalTestExecutorService.invokeAll(SameThreadHierarchicalTestExecutorService.java:41)
	at org.junit.platform.engine.support.hierarchical.NodeTestTask.lambda$executeRecursively$6(NodeTestTask.java:155)
	at org.junit.platform.engine.support.hierarchical.ThrowableCollector.execute(ThrowableCollector.java:73)
	at org.junit.platform.engine.support.hierarchical.NodeTestTask.lambda$executeRecursively$8(NodeTestTask.java:141)
	at org.junit.platform.engine.support.hierarchical.Node.around(Node.java:137)
	at org.junit.platform.engine.support.hierarchical.NodeTestTask.lambda$executeRecursively$9(NodeTestTask.java:139)
	at org.junit.platform.engine.support.hierarchical.ThrowableCollector.execute(ThrowableCollector.java:73)
	at org.junit.platform.engine.support.hierarchical.NodeTestTask.executeRecursively(NodeTestTask.java:138)
	at org.junit.platform.engine.support.hierarchical.NodeTestTask.execute(NodeTestTask.java:95)
	at java.base/java.util.ArrayList.forEach(ArrayList.java:1511)
	at org.junit.platform.engine.support.hierarchical.SameThreadHierarchicalTestExecutorService.invokeAll(SameThreadHierarchicalTestExecutorService.java:41)
	at org.junit.platform.engine.support.hierarchical.NodeTestTask.lambda$executeRecursively$6(NodeTestTask.java:155)
	at org.junit.platform.engine.support.hierarchical.ThrowableCollector.execute(ThrowableCollector.java:73)
	at org.junit.platform.engine.support.hierarchical.NodeTestTask.lambda$executeRecursively$8(NodeTestTask.java:141)
	at org.junit.platform.engine.support.hierarchical.Node.around(Node.java:137)
	at org.junit.platform.engine.support.hierarchical.NodeTestTask.lambda$executeRecursively$9(NodeTestTask.java:139)
	at org.junit.platform.engine.support.hierarchical.ThrowableCollector.execute(ThrowableCollector.java:73)
	at org.junit.platform.engine.support.hierarchical.NodeTestTask.executeRecursively(NodeTestTask.java:138)
	at org.junit.platform.engine.support.hierarchical.NodeTestTask.execute(NodeTestTask.java:95)
	at org.junit.platform.engine.support.hierarchical.SameThreadHierarchicalTestExecutorService.submit(SameThreadHierarchicalTestExecutorService.java:35)
	at org.junit.platform.engine.support.hierarchical.HierarchicalTestExecutor.execute(HierarchicalTestExecutor.java:57)
	at org.junit.platform.engine.support.hierarchical.HierarchicalTestEngine.execute(HierarchicalTestEngine.java:54)
	at org.junit.platform.launcher.core.EngineExecutionOrchestrator.execute(EngineExecutionOrchestrator.java:107)
	at org.junit.platform.launcher.core.EngineExecutionOrchestrator.execute(EngineExecutionOrchestrator.java:88)
	at org.junit.platform.launcher.core.EngineExecutionOrchestrator.lambda$execute$0(EngineExecutionOrchestrator.java:54)
	at org.junit.platform.launcher.core.EngineExecutionOrchestrator.withInterceptedStreams(EngineExecutionOrchestrator.java:67)
	at org.junit.platform.launcher.core.EngineExecutionOrchestrator.execute(EngineExecutionOrchestrator.java:52)
	at org.junit.platform.launcher.core.DefaultLauncher.execute(DefaultLauncher.java:114)
	at org.junit.platform.launcher.core.DefaultLauncher.execute(DefaultLauncher.java:86)
	at org.junit.platform.launcher.core.DefaultLauncherSession$DelegatingLauncher.execute(DefaultLauncherSession.java:86)
	at org.gradle.api.internal.tasks.testing.junitplatform.JUnitPlatformTestClassProcessor$CollectAllTestClassesExecutor.processAllTestClasses(JUnitPlatformTestClassProcessor.java:110)
	at org.gradle.api.internal.tasks.testing.junitplatform.JUnitPlatformTestClassProcessor$CollectAllTestClassesExecutor.access$000(JUnitPlatformTestClassProcessor.java:90)
	at org.gradle.api.internal.tasks.testing.junitplatform.JUnitPlatformTestClassProcessor.stop(JUnitPlatformTestClassProcessor.java:85)
	at org.gradle.api.internal.tasks.testing.SuiteTestClassProcessor.stop(SuiteTestClassProcessor.java:62)
	at java.base/jdk.internal.reflect.DirectMethodHandleAccessor.invoke(DirectMethodHandleAccessor.java:104)
	at java.base/java.lang.reflect.Method.invoke(Method.java:578)
	at org.gradle.internal.dispatch.ReflectionDispatch.dispatch(ReflectionDispatch.java:36)
	at org.gradle.internal.dispatch.ReflectionDispatch.dispatch(ReflectionDispatch.java:24)
	at org.gradle.internal.dispatch.ContextClassLoaderDispatch.dispatch(ContextClassLoaderDispatch.java:33)
	at org.gradle.internal.dispatch.ProxyDispatchAdapter$DispatchingInvocationHandler.invoke(ProxyDispatchAdapter.java:94)
	at jdk.proxy1/jdk.proxy1.$Proxy2.stop(Unknown Source)
	at org.gradle.api.internal.tasks.testing.worker.TestWorker$3.run(TestWorker.java:193)
	at org.gradle.api.internal.tasks.testing.worker.TestWorker.executeAndMaintainThreadName(TestWorker.java:129)
	at org.gradle.api.internal.tasks.testing.worker.TestWorker.execute(TestWorker.java:100)
	at org.gradle.api.internal.tasks.testing.worker.TestWorker.execute(TestWorker.java:60)
	at org.gradle.process.internal.worker.child.ActionExecutionWorker.execute(ActionExecutionWorker.java:56)
	at org.gradle.process.internal.worker.child.SystemApplicationClassLoaderWorker.call(SystemApplicationClassLoaderWorker.java:113)
	at org.gradle.process.internal.worker.child.SystemApplicationClassLoaderWorker.call(SystemApplicationClassLoaderWorker.java:65)
	at worker.org.gradle.process.internal.worker.GradleWorkerMain.run(GradleWorkerMain.java:69)
	at worker.org.gradle.process.internal.worker.GradleWorkerMain.main(GradleWorkerMain.java:74)
</failure>
  </testcase>
  <testcase name="test_3()" classname="test.java.POSSIBLE_CHANGE_TEST" time="0.001">
    <failure message="java.lang.ArrayIndexOutOfBoundsException: Index 0 out of bounds for length 0" type="java.lang.ArrayIndexOutOfBoundsException">java.lang.ArrayIndexOutOfBoundsException: Index 0 out of bounds for length 0
	at java_programs.POSSIBLE_CHANGE.possible_change(POSSIBLE_CHANGE.java:21)
	at java_programs.POSSIBLE_CHANGE.possible_change(POSSIBLE_CHANGE.java:23)
	at java_programs.POSSIBLE_CHANGE.possible_change(POSSIBLE_CHANGE.java:23)
	at java_programs.POSSIBLE_CHANGE.possible_change(POSSIBLE_CHANGE.java:23)
	at java_programs.POSSIBLE_CHANGE.possible_change(POSSIBLE_CHANGE.java:23)
	at java_programs.POSSIBLE_CHANGE.possible_change(POSSIBLE_CHANGE.java:23)
	at java_programs.POSSIBLE_CHANGE.possible_change(POSSIBLE_CHANGE.java:23)
	at java_programs.POSSIBLE_CHANGE.possible_change(POSSIBLE_CHANGE.java:23)
	at java_programs.POSSIBLE_CHANGE.possible_change(POSSIBLE_CHANGE.java:23)
	at java_programs.POSSIBLE_CHANGE.possible_change(POSSIBLE_CHANGE.java:23)
	at java_programs.POSSIBLE_CHANGE.possible_change(POSSIBLE_CHANGE.java:23)
	at java_programs.POSSIBLE_CHANGE.possible_change(POSSIBLE_CHANGE.java:23)
	at java_programs.POSSIBLE_CHANGE.possible_change(POSSIBLE_CHANGE.java:23)
	at java_programs.POSSIBLE_CHANGE.possible_change(POSSIBLE_CHANGE.java:23)
	at java_programs.POSSIBLE_CHANGE.possible_change(POSSIBLE_CHANGE.java:23)
	at java_programs.POSSIBLE_CHANGE.possible_change(POSSIBLE_CHANGE.java:23)
	at java_programs.POSSIBLE_CHANGE.possible_change(POSSIBLE_CHANGE.java:23)
	at java_programs.POSSIBLE_CHANGE.possible_change(POSSIBLE_CHANGE.java:23)
	at java_programs.POSSIBLE_CHANGE.possible_change(POSSIBLE_CHANGE.java:23)
	at java_programs.POSSIBLE_CHANGE.possible_change(POSSIBLE_CHANGE.java:23)
	at java_programs.POSSIBLE_CHANGE.possible_change(POSSIBLE_CHANGE.java:23)
	at java_programs.POSSIBLE_CHANGE.possible_change(POSSIBLE_CHANGE.java:23)
	at java_programs.POSSIBLE_CHANGE.possible_change(POSSIBLE_CHANGE.java:23)
	at java_programs.POSSIBLE_CHANGE.possible_change(POSSIBLE_CHANGE.java:23)
	at java_programs.POSSIBLE_CHANGE.possible_change(POSSIBLE_CHANGE.java:23)
	at java_programs.POSSIBLE_CHANGE.possible_change(POSSIBLE_CHANGE.java:23)
	at java_programs.POSSIBLE_CHANGE.possible_change(POSSIBLE_CHANGE.java:23)
	at java_programs.POSSIBLE_CHANGE.possible_change(POSSIBLE_CHANGE.java:23)
	at java_programs.POSSIBLE_CHANGE.possible_change(POSSIBLE_CHANGE.java:23)
	at java_programs.POSSIBLE_CHANGE.possible_change(POSSIBLE_CHANGE.java:23)
	at java_programs.POSSIBLE_CHANGE.possible_change(POSSIBLE_CHANGE.java:23)
	at java_programs.POSSIBLE_CHANGE.possible_change(POSSIBLE_CHANGE.java:23)
	at java_programs.POSSIBLE_CHANGE.possible_change(POSSIBLE_CHANGE.java:23)
	at java_programs.POSSIBLE_CHANGE.possible_change(POSSIBLE_CHANGE.java:23)
	at java_programs.POSSIBLE_CHANGE.possible_change(POSSIBLE_CHANGE.java:23)
	at java_programs.POSSIBLE_CHANGE.possible_change(POSSIBLE_CHANGE.java:23)
	at java_programs.POSSIBLE_CHANGE.possible_change(POSSIBLE_CHANGE.java:23)
	at test.java.POSSIBLE_CHANGE_TEST.test_3(POSSIBLE_CHANGE_TEST.java:27)
	at java.base/jdk.internal.reflect.DirectMethodHandleAccessor.invoke(DirectMethodHandleAccessor.java:104)
	at java.base/java.lang.reflect.Method.invoke(Method.java:578)
	at org.junit.platform.commons.util.ReflectionUtils.invokeMethod(ReflectionUtils.java:727)
	at org.junit.jupiter.engine.execution.MethodInvocation.proceed(MethodInvocation.java:60)
	at org.junit.jupiter.engine.execution.InvocationInterceptorChain$ValidatingInvocation.proceed(InvocationInterceptorChain.java:131)
	at org.junit.jupiter.engine.extension.TimeoutExtension.intercept(TimeoutExtension.java:156)
	at org.junit.jupiter.engine.extension.TimeoutExtension.interceptTestableMethod(TimeoutExtension.java:147)
	at org.junit.jupiter.engine.extension.TimeoutExtension.interceptTestMethod(TimeoutExtension.java:86)
	at org.junit.jupiter.engine.execution.InterceptingExecutableInvoker$ReflectiveInterceptorCall.lambda$ofVoidMethod$0(InterceptingExecutableInvoker.java:103)
	at org.junit.jupiter.engine.execution.InterceptingExecutableInvoker.lambda$invoke$0(InterceptingExecutableInvoker.java:93)
	at org.junit.jupiter.engine.execution.InvocationInterceptorChain$InterceptedInvocation.proceed(InvocationInterceptorChain.java:106)
	at org.junit.jupiter.engine.execution.InvocationInterceptorChain.proceed(InvocationInterceptorChain.java:64)
	at org.junit.jupiter.engine.execution.InvocationInterceptorChain.chainAndInvoke(InvocationInterceptorChain.java:45)
	at org.junit.jupiter.engine.execution.InvocationInterceptorChain.invoke(InvocationInterceptorChain.java:37)
	at org.junit.jupiter.engine.execution.InterceptingExecutableInvoker.invoke(InterceptingExecutableInvoker.java:92)
	at org.junit.jupiter.engine.execution.InterceptingExecutableInvoker.invoke(InterceptingExecutableInvoker.java:86)
	at org.junit.jupiter.engine.descriptor.TestMethodTestDescriptor.lambda$invokeTestMethod$7(TestMethodTestDescriptor.java:217)
	at org.junit.platform.engine.support.hierarchical.ThrowableCollector.execute(ThrowableCollector.java:73)
	at org.junit.jupiter.engine.descriptor.TestMethodTestDescriptor.invokeTestMethod(TestMethodTestDescriptor.java:213)
	at org.junit.jupiter.engine.descriptor.TestMethodTestDescriptor.execute(TestMethodTestDescriptor.java:138)
	at org.junit.jupiter.engine.descriptor.TestMethodTestDescriptor.execute(TestMethodTestDescriptor.java:68)
	at org.junit.platform.engine.support.hierarchical.NodeTestTask.lambda$executeRecursively$6(NodeTestTask.java:151)
	at org.junit.platform.engine.support.hierarchical.ThrowableCollector.execute(ThrowableCollector.java:73)
	at org.junit.platform.engine.support.hierarchical.NodeTestTask.lambda$executeRecursively$8(NodeTestTask.java:141)
	at org.junit.platform.engine.support.hierarchical.Node.around(Node.java:137)
	at org.junit.platform.engine.support.hierarchical.NodeTestTask.lambda$executeRecursively$9(NodeTestTask.java:139)
	at org.junit.platform.engine.support.hierarchical.ThrowableCollector.execute(ThrowableCollector.java:73)
	at org.junit.platform.engine.support.hierarchical.NodeTestTask.executeRecursively(NodeTestTask.java:138)
	at org.junit.platform.engine.support.hierarchical.NodeTestTask.execute(NodeTestTask.java:95)
	at java.base/java.util.ArrayList.forEach(ArrayList.java:1511)
	at org.junit.platform.engine.support.hierarchical.SameThreadHierarchicalTestExecutorService.invokeAll(SameThreadHierarchicalTestExecutorService.java:41)
	at org.junit.platform.engine.support.hierarchical.NodeTestTask.lambda$executeRecursively$6(NodeTestTask.java:155)
	at org.junit.platform.engine.support.hierarchical.ThrowableCollector.execute(ThrowableCollector.java:73)
	at org.junit.platform.engine.support.hierarchical.NodeTestTask.lambda$executeRecursively$8(NodeTestTask.java:141)
	at org.junit.platform.engine.support.hierarchical.Node.around(Node.java:137)
	at org.junit.platform.engine.support.hierarchical.NodeTestTask.lambda$executeRecursively$9(NodeTestTask.java:139)
	at org.junit.platform.engine.support.hierarchical.ThrowableCollector.execute(ThrowableCollector.java:73)
	at org.junit.platform.engine.support.hierarchical.NodeTestTask.executeRecursively(NodeTestTask.java:138)
	at org.junit.platform.engine.support.hierarchical.NodeTestTask.execute(NodeTestTask.java:95)
	at java.base/java.util.ArrayList.forEach(ArrayList.java:1511)
	at org.junit.platform.engine.support.hierarchical.SameThreadHierarchicalTestExecutorService.invokeAll(SameThreadHierarchicalTestExecutorService.java:41)
	at org.junit.platform.engine.support.hierarchical.NodeTestTask.lambda$executeRecursively$6(NodeTestTask.java:155)
	at org.junit.platform.engine.support.hierarchical.ThrowableCollector.execute(ThrowableCollector.java:73)
	at org.junit.platform.engine.support.hierarchical.NodeTestTask.lambda$executeRecursively$8(NodeTestTask.java:141)
	at org.junit.platform.engine.support.hierarchical.Node.around(Node.java:137)
	at org.junit.platform.engine.support.hierarchical.NodeTestTask.lambda$executeRecursively$9(NodeTestTask.java:139)
	at org.junit.platform.engine.support.hierarchical.ThrowableCollector.execute(ThrowableCollector.java:73)
	at org.junit.platform.engine.support.hierarchical.NodeTestTask.executeRecursively(NodeTestTask.java:138)
	at org.junit.platform.engine.support.hierarchical.NodeTestTask.execute(NodeTestTask.java:95)
	at org.junit.platform.engine.support.hierarchical.SameThreadHierarchicalTestExecutorService.submit(SameThreadHierarchicalTestExecutorService.java:35)
	at org.junit.platform.engine.support.hierarchical.HierarchicalTestExecutor.execute(HierarchicalTestExecutor.java:57)
	at org.junit.platform.engine.support.hierarchical.HierarchicalTestEngine.execute(HierarchicalTestEngine.java:54)
	at org.junit.platform.launcher.core.EngineExecutionOrchestrator.execute(EngineExecutionOrchestrator.java:107)
	at org.junit.platform.launcher.core.EngineExecutionOrchestrator.execute(EngineExecutionOrchestrator.java:88)
	at org.junit.platform.launcher.core.EngineExecutionOrchestrator.lambda$execute$0(EngineExecutionOrchestrator.java:54)
	at org.junit.platform.launcher.core.EngineExecutionOrchestrator.withInterceptedStreams(EngineExecutionOrchestrator.java:67)
	at org.junit.platform.launcher.core.EngineExecutionOrchestrator.execute(EngineExecutionOrchestrator.java:52)
	at org.junit.platform.launcher.core.DefaultLauncher.execute(DefaultLauncher.java:114)
	at org.junit.platform.launcher.core.DefaultLauncher.execute(DefaultLauncher.java:86)
	at org.junit.platform.launcher.core.DefaultLauncherSession$DelegatingLauncher.execute(DefaultLauncherSession.java:86)
	at org.gradle.api.internal.tasks.testing.junitplatform.JUnitPlatformTestClassProcessor$CollectAllTestClassesExecutor.processAllTestClasses(JUnitPlatformTestClassProcessor.java:110)
	at org.gradle.api.internal.tasks.testing.junitplatform.JUnitPlatformTestClassProcessor$CollectAllTestClassesExecutor.access$000(JUnitPlatformTestClassProcessor.java:90)
	at org.gradle.api.internal.tasks.testing.junitplatform.JUnitPlatformTestClassProcessor.stop(JUnitPlatformTestClassProcessor.java:85)
	at org.gradle.api.internal.tasks.testing.SuiteTestClassProcessor.stop(SuiteTestClassProcessor.java:62)
	at java.base/jdk.internal.reflect.DirectMethodHandleAccessor.invoke(DirectMethodHandleAccessor.java:104)
	at java.base/java.lang.reflect.Method.invoke(Method.java:578)
	at org.gradle.internal.dispatch.ReflectionDispatch.dispatch(ReflectionDispatch.java:36)
	at org.gradle.internal.dispatch.ReflectionDispatch.dispatch(ReflectionDispatch.java:24)
	at org.gradle.internal.dispatch.ContextClassLoaderDispatch.dispatch(ContextClassLoaderDispatch.java:33)
	at org.gradle.internal.dispatch.ProxyDispatchAdapter$DispatchingInvocationHandler.invoke(ProxyDispatchAdapter.java:94)
	at jdk.proxy1/jdk.proxy1.$Proxy2.stop(Unknown Source)
	at org.gradle.api.internal.tasks.testing.worker.TestWorker$3.run(TestWorker.java:193)
	at org.gradle.api.internal.tasks.testing.worker.TestWorker.executeAndMaintainThreadName(TestWorker.java:129)
	at org.gradle.api.internal.tasks.testing.worker.TestWorker.execute(TestWorker.java:100)
	at org.gradle.api.internal.tasks.testing.worker.TestWorker.execute(TestWorker.java:60)
	at org.gradle.process.internal.worker.child.ActionExecutionWorker.execute(ActionExecutionWorker.java:56)
	at org.gradle.process.internal.worker.child.SystemApplicationClassLoaderWorker.call(SystemApplicationClassLoaderWorker.java:113)
	at org.gradle.process.internal.worker.child.SystemApplicationClassLoaderWorker.call(SystemApplicationClassLoaderWorker.java:65)
	at worker.org.gradle.process.internal.worker.GradleWorkerMain.run(GradleWorkerMain.java:69)
	at worker.org.gradle.process.internal.worker.GradleWorkerMain.main(GradleWorkerMain.java:74)
</failure>
  </testcase>
  <testcase name="test_4()" classname="test.java.POSSIBLE_CHANGE_TEST" time="0.001">
    <failure message="java.lang.ArrayIndexOutOfBoundsException: Index 0 out of bounds for length 0" type="java.lang.ArrayIndexOutOfBoundsException">java.lang.ArrayIndexOutOfBoundsException: Index 0 out of bounds for length 0
	at java_programs.POSSIBLE_CHANGE.possible_change(POSSIBLE_CHANGE.java:21)
	at java_programs.POSSIBLE_CHANGE.possible_change(POSSIBLE_CHANGE.java:23)
	at java_programs.POSSIBLE_CHANGE.possible_change(POSSIBLE_CHANGE.java:23)
	at java_programs.POSSIBLE_CHANGE.possible_change(POSSIBLE_CHANGE.java:23)
	at java_programs.POSSIBLE_CHANGE.possible_change(POSSIBLE_CHANGE.java:23)
	at java_programs.POSSIBLE_CHANGE.possible_change(POSSIBLE_CHANGE.java:23)
	at java_programs.POSSIBLE_CHANGE.possible_change(POSSIBLE_CHANGE.java:23)
	at java_programs.POSSIBLE_CHANGE.possible_change(POSSIBLE_CHANGE.java:23)
	at java_programs.POSSIBLE_CHANGE.possible_change(POSSIBLE_CHANGE.java:23)
	at java_programs.POSSIBLE_CHANGE.possible_change(POSSIBLE_CHANGE.java:23)
	at java_programs.POSSIBLE_CHANGE.possible_change(POSSIBLE_CHANGE.java:23)
	at java_programs.POSSIBLE_CHANGE.possible_change(POSSIBLE_CHANGE.java:23)
	at java_programs.POSSIBLE_CHANGE.possible_change(POSSIBLE_CHANGE.java:23)
	at java_programs.POSSIBLE_CHANGE.possible_change(POSSIBLE_CHANGE.java:23)
	at java_programs.POSSIBLE_CHANGE.possible_change(POSSIBLE_CHANGE.java:23)
	at java_programs.POSSIBLE_CHANGE.possible_change(POSSIBLE_CHANGE.java:23)
	at java_programs.POSSIBLE_CHANGE.possible_change(POSSIBLE_CHANGE.java:23)
	at java_programs.POSSIBLE_CHANGE.possible_change(POSSIBLE_CHANGE.java:23)
	at java_programs.POSSIBLE_CHANGE.possible_change(POSSIBLE_CHANGE.java:23)
	at java_programs.POSSIBLE_CHANGE.possible_change(POSSIBLE_CHANGE.java:23)
	at java_programs.POSSIBLE_CHANGE.possible_change(POSSIBLE_CHANGE.java:23)
	at java_programs.POSSIBLE_CHANGE.possible_change(POSSIBLE_CHANGE.java:23)
	at java_programs.POSSIBLE_CHANGE.possible_change(POSSIBLE_CHANGE.java:23)
	at java_programs.POSSIBLE_CHANGE.possible_change(POSSIBLE_CHANGE.java:23)
	at java_programs.POSSIBLE_CHANGE.possible_change(POSSIBLE_CHANGE.java:23)
	at java_programs.POSSIBLE_CHANGE.possible_change(POSSIBLE_CHANGE.java:23)
	at java_programs.POSSIBLE_CHANGE.possible_change(POSSIBLE_CHANGE.java:23)
	at java_programs.POSSIBLE_CHANGE.possible_change(POSSIBLE_CHANGE.java:23)
	at java_programs.POSSIBLE_CHANGE.possible_change(POSSIBLE_CHANGE.java:23)
	at java_programs.POSSIBLE_CHANGE.possible_change(POSSIBLE_CHANGE.java:23)
	at java_programs.POSSIBLE_CHANGE.possible_change(POSSIBLE_CHANGE.java:23)
	at java_programs.POSSIBLE_CHANGE.possible_change(POSSIBLE_CHANGE.java:23)
	at java_programs.POSSIBLE_CHANGE.possible_change(POSSIBLE_CHANGE.java:23)
	at java_programs.POSSIBLE_CHANGE.possible_change(POSSIBLE_CHANGE.java:23)
	at java_programs.POSSIBLE_CHANGE.possible_change(POSSIBLE_CHANGE.java:23)
	at java_programs.POSSIBLE_CHANGE.possible_change(POSSIBLE_CHANGE.java:23)
	at java_programs.POSSIBLE_CHANGE.possible_change(POSSIBLE_CHANGE.java:23)
	at java_programs.POSSIBLE_CHANGE.possible_change(POSSIBLE_CHANGE.java:23)
	at java_programs.POSSIBLE_CHANGE.possible_change(POSSIBLE_CHANGE.java:23)
	at java_programs.POSSIBLE_CHANGE.possible_change(POSSIBLE_CHANGE.java:23)
	at java_programs.POSSIBLE_CHANGE.possible_change(POSSIBLE_CHANGE.java:23)
	at java_programs.POSSIBLE_CHANGE.possible_change(POSSIBLE_CHANGE.java:23)
	at java_programs.POSSIBLE_CHANGE.possible_change(POSSIBLE_CHANGE.java:23)
	at java_programs.POSSIBLE_CHANGE.possible_change(POSSIBLE_CHANGE.java:23)
	at java_programs.POSSIBLE_CHANGE.possible_change(POSSIBLE_CHANGE.java:23)
	at java_programs.POSSIBLE_CHANGE.possible_change(POSSIBLE_CHANGE.java:23)
	at java_programs.POSSIBLE_CHANGE.possible_change(POSSIBLE_CHANGE.java:23)
	at java_programs.POSSIBLE_CHANGE.possible_change(POSSIBLE_CHANGE.java:23)
	at java_programs.POSSIBLE_CHANGE.possible_change(POSSIBLE_CHANGE.java:23)
	at java_programs.POSSIBLE_CHANGE.possible_change(POSSIBLE_CHANGE.java:23)
	at java_programs.POSSIBLE_CHANGE.possible_change(POSSIBLE_CHANGE.java:23)
	at java_programs.POSSIBLE_CHANGE.possible_change(POSSIBLE_CHANGE.java:23)
	at java_programs.POSSIBLE_CHANGE.possible_change(POSSIBLE_CHANGE.java:23)
	at java_programs.POSSIBLE_CHANGE.possible_change(POSSIBLE_CHANGE.java:23)
	at java_programs.POSSIBLE_CHANGE.possible_change(POSSIBLE_CHANGE.java:23)
	at java_programs.POSSIBLE_CHANGE.possible_change(POSSIBLE_CHANGE.java:23)
	at java_programs.POSSIBLE_CHANGE.possible_change(POSSIBLE_CHANGE.java:23)
	at java_programs.POSSIBLE_CHANGE.possible_change(POSSIBLE_CHANGE.java:23)
	at java_programs.POSSIBLE_CHANGE.possible_change(POSSIBLE_CHANGE.java:23)
	at java_programs.POSSIBLE_CHANGE.possible_change(POSSIBLE_CHANGE.java:23)
	at java_programs.POSSIBLE_CHANGE.possible_change(POSSIBLE_CHANGE.java:23)
	at java_programs.POSSIBLE_CHANGE.possible_change(POSSIBLE_CHANGE.java:23)
	at java_programs.POSSIBLE_CHANGE.possible_change(POSSIBLE_CHANGE.java:23)
	at java_programs.POSSIBLE_CHANGE.possible_change(POSSIBLE_CHANGE.java:23)
	at java_programs.POSSIBLE_CHANGE.possible_change(POSSIBLE_CHANGE.java:23)
	at java_programs.POSSIBLE_CHANGE.possible_change(POSSIBLE_CHANGE.java:23)
	at java_programs.POSSIBLE_CHANGE.possible_change(POSSIBLE_CHANGE.java:23)
	at java_programs.POSSIBLE_CHANGE.possible_change(POSSIBLE_CHANGE.java:23)
	at java_programs.POSSIBLE_CHANGE.possible_change(POSSIBLE_CHANGE.java:23)
	at java_programs.POSSIBLE_CHANGE.possible_change(POSSIBLE_CHANGE.java:23)
	at java_programs.POSSIBLE_CHANGE.possible_change(POSSIBLE_CHANGE.java:23)
	at java_programs.POSSIBLE_CHANGE.possible_change(POSSIBLE_CHANGE.java:23)
	at java_programs.POSSIBLE_CHANGE.possible_change(POSSIBLE_CHANGE.java:23)
	at java_programs.POSSIBLE_CHANGE.possible_change(POSSIBLE_CHANGE.java:23)
	at java_programs.POSSIBLE_CHANGE.possible_change(POSSIBLE_CHANGE.java:23)
	at java_programs.POSSIBLE_CHANGE.possible_change(POSSIBLE_CHANGE.java:23)
	at java_programs.POSSIBLE_CHANGE.possible_change(POSSIBLE_CHANGE.java:23)
	at java_programs.POSSIBLE_CHANGE.possible_change(POSSIBLE_CHANGE.java:23)
	at java_programs.POSSIBLE_CHANGE.possible_change(POSSIBLE_CHANGE.java:23)
	at java_programs.POSSIBLE_CHANGE.possible_change(POSSIBLE_CHANGE.java:23)
	at java_programs.POSSIBLE_CHANGE.possible_change(POSSIBLE_CHANGE.java:23)
	at java_programs.POSSIBLE_CHANGE.possible_change(POSSIBLE_CHANGE.java:23)
	at java_programs.POSSIBLE_CHANGE.possible_change(POSSIBLE_CHANGE.java:23)
	at java_programs.POSSIBLE_CHANGE.possible_change(POSSIBLE_CHANGE.java:23)
	at java_programs.POSSIBLE_CHANGE.possible_change(POSSIBLE_CHANGE.java:23)
	at java_programs.POSSIBLE_CHANGE.possible_change(POSSIBLE_CHANGE.java:23)
	at java_programs.POSSIBLE_CHANGE.possible_change(POSSIBLE_CHANGE.java:23)
	at java_programs.POSSIBLE_CHANGE.possible_change(POSSIBLE_CHANGE.java:23)
	at java_programs.POSSIBLE_CHANGE.possible_change(POSSIBLE_CHANGE.java:23)
	at java_programs.POSSIBLE_CHANGE.possible_change(POSSIBLE_CHANGE.java:23)
	at java_programs.POSSIBLE_CHANGE.possible_change(POSSIBLE_CHANGE.java:23)
	at java_programs.POSSIBLE_CHANGE.possible_change(POSSIBLE_CHANGE.java:23)
	at java_programs.POSSIBLE_CHANGE.possible_change(POSSIBLE_CHANGE.java:23)
	at java_programs.POSSIBLE_CHANGE.possible_change(POSSIBLE_CHANGE.java:23)
	at java_programs.POSSIBLE_CHANGE.possible_change(POSSIBLE_CHANGE.java:23)
	at java_programs.POSSIBLE_CHANGE.possible_change(POSSIBLE_CHANGE.java:23)
	at java_programs.POSSIBLE_CHANGE.possible_change(POSSIBLE_CHANGE.java:23)
	at java_programs.POSSIBLE_CHANGE.possible_change(POSSIBLE_CHANGE.java:23)
	at java_programs.POSSIBLE_CHANGE.possible_change(POSSIBLE_CHANGE.java:23)
	at java_programs.POSSIBLE_CHANGE.possible_change(POSSIBLE_CHANGE.java:23)
	at java_programs.POSSIBLE_CHANGE.possible_change(POSSIBLE_CHANGE.java:23)
	at java_programs.POSSIBLE_CHANGE.possible_change(POSSIBLE_CHANGE.java:23)
	at java_programs.POSSIBLE_CHANGE.possible_change(POSSIBLE_CHANGE.java:23)
	at java_programs.POSSIBLE_CHANGE.possible_change(POSSIBLE_CHANGE.java:23)
	at java_programs.POSSIBLE_CHANGE.possible_change(POSSIBLE_CHANGE.java:23)
	at java_programs.POSSIBLE_CHANGE.possible_change(POSSIBLE_CHANGE.java:23)
	at java_programs.POSSIBLE_CHANGE.possible_change(POSSIBLE_CHANGE.java:23)
	at java_programs.POSSIBLE_CHANGE.possible_change(POSSIBLE_CHANGE.java:23)
	at java_programs.POSSIBLE_CHANGE.possible_change(POSSIBLE_CHANGE.java:23)
	at java_programs.POSSIBLE_CHANGE.possible_change(POSSIBLE_CHANGE.java:23)
	at java_programs.POSSIBLE_CHANGE.possible_change(POSSIBLE_CHANGE.java:23)
	at java_programs.POSSIBLE_CHANGE.possible_change(POSSIBLE_CHANGE.java:23)
	at java_programs.POSSIBLE_CHANGE.possible_change(POSSIBLE_CHANGE.java:23)
	at java_programs.POSSIBLE_CHANGE.possible_change(POSSIBLE_CHANGE.java:23)
	at java_programs.POSSIBLE_CHANGE.possible_change(POSSIBLE_CHANGE.java:23)
	at java_programs.POSSIBLE_CHANGE.possible_change(POSSIBLE_CHANGE.java:23)
	at java_programs.POSSIBLE_CHANGE.possible_change(POSSIBLE_CHANGE.java:23)
	at java_programs.POSSIBLE_CHANGE.possible_change(POSSIBLE_CHANGE.java:23)
	at java_programs.POSSIBLE_CHANGE.possible_change(POSSIBLE_CHANGE.java:23)
	at java_programs.POSSIBLE_CHANGE.possible_change(POSSIBLE_CHANGE.java:23)
	at java_programs.POSSIBLE_CHANGE.possible_change(POSSIBLE_CHANGE.java:23)
	at java_programs.POSSIBLE_CHANGE.possible_change(POSSIBLE_CHANGE.java:23)
	at java_programs.POSSIBLE_CHANGE.possible_change(POSSIBLE_CHANGE.java:23)
	at java_programs.POSSIBLE_CHANGE.possible_change(POSSIBLE_CHANGE.java:23)
	at java_programs.POSSIBLE_CHANGE.possible_change(POSSIBLE_CHANGE.java:23)
	at java_programs.POSSIBLE_CHANGE.possible_change(POSSIBLE_CHANGE.java:23)
	at java_programs.POSSIBLE_CHANGE.possible_change(POSSIBLE_CHANGE.java:23)
	at java_programs.POSSIBLE_CHANGE.possible_change(POSSIBLE_CHANGE.java:23)
	at java_programs.POSSIBLE_CHANGE.possible_change(POSSIBLE_CHANGE.java:23)
	at java_programs.POSSIBLE_CHANGE.possible_change(POSSIBLE_CHANGE.java:23)
	at java_programs.POSSIBLE_CHANGE.possible_change(POSSIBLE_CHANGE.java:23)
	at java_programs.POSSIBLE_CHANGE.possible_change(POSSIBLE_CHANGE.java:23)
	at java_programs.POSSIBLE_CHANGE.possible_change(POSSIBLE_CHANGE.java:23)
	at java_programs.POSSIBLE_CHANGE.possible_change(POSSIBLE_CHANGE.java:23)
	at java_programs.POSSIBLE_CHANGE.possible_change(POSSIBLE_CHANGE.java:23)
	at java_programs.POSSIBLE_CHANGE.possible_change(POSSIBLE_CHANGE.java:23)
	at java_programs.POSSIBLE_CHANGE.possible_change(POSSIBLE_CHANGE.java:23)
	at java_programs.POSSIBLE_CHANGE.possible_change(POSSIBLE_CHANGE.java:23)
	at java_programs.POSSIBLE_CHANGE.possible_change(POSSIBLE_CHANGE.java:23)
	at java_programs.POSSIBLE_CHANGE.possible_change(POSSIBLE_CHANGE.java:23)
	at java_programs.POSSIBLE_CHANGE.possible_change(POSSIBLE_CHANGE.java:23)
	at java_programs.POSSIBLE_CHANGE.possible_change(POSSIBLE_CHANGE.java:23)
	at java_programs.POSSIBLE_CHANGE.possible_change(POSSIBLE_CHANGE.java:23)
	at java_programs.POSSIBLE_CHANGE.possible_change(POSSIBLE_CHANGE.java:23)
	at test.java.POSSIBLE_CHANGE_TEST.test_4(POSSIBLE_CHANGE_TEST.java:33)
	at java.base/jdk.internal.reflect.DirectMethodHandleAccessor.invoke(DirectMethodHandleAccessor.java:104)
	at java.base/java.lang.reflect.Method.invoke(Method.java:578)
	at org.junit.platform.commons.util.ReflectionUtils.invokeMethod(ReflectionUtils.java:727)
	at org.junit.jupiter.engine.execution.MethodInvocation.proceed(MethodInvocation.java:60)
	at org.junit.jupiter.engine.execution.InvocationInterceptorChain$ValidatingInvocation.proceed(InvocationInterceptorChain.java:131)
	at org.junit.jupiter.engine.extension.TimeoutExtension.intercept(TimeoutExtension.java:156)
	at org.junit.jupiter.engine.extension.TimeoutExtension.interceptTestableMethod(TimeoutExtension.java:147)
	at org.junit.jupiter.engine.extension.TimeoutExtension.interceptTestMethod(TimeoutExtension.java:86)
	at org.junit.jupiter.engine.execution.InterceptingExecutableInvoker$ReflectiveInterceptorCall.lambda$ofVoidMethod$0(InterceptingExecutableInvoker.java:103)
	at org.junit.jupiter.engine.execution.InterceptingExecutableInvoker.lambda$invoke$0(InterceptingExecutableInvoker.java:93)
	at org.junit.jupiter.engine.execution.InvocationInterceptorChain$InterceptedInvocation.proceed(InvocationInterceptorChain.java:106)
	at org.junit.jupiter.engine.execution.InvocationInterceptorChain.proceed(InvocationInterceptorChain.java:64)
	at org.junit.jupiter.engine.execution.InvocationInterceptorChain.chainAndInvoke(InvocationInterceptorChain.java:45)
	at org.junit.jupiter.engine.execution.InvocationInterceptorChain.invoke(InvocationInterceptorChain.java:37)
	at org.junit.jupiter.engine.execution.InterceptingExecutableInvoker.invoke(InterceptingExecutableInvoker.java:92)
	at org.junit.jupiter.engine.execution.InterceptingExecutableInvoker.invoke(InterceptingExecutableInvoker.java:86)
	at org.junit.jupiter.engine.descriptor.TestMethodTestDescriptor.lambda$invokeTestMethod$7(TestMethodTestDescriptor.java:217)
	at org.junit.platform.engine.support.hierarchical.ThrowableCollector.execute(ThrowableCollector.java:73)
	at org.junit.jupiter.engine.descriptor.TestMethodTestDescriptor.invokeTestMethod(TestMethodTestDescriptor.java:213)
	at org.junit.jupiter.engine.descriptor.TestMethodTestDescriptor.execute(TestMethodTestDescriptor.java:138)
	at org.junit.jupiter.engine.descriptor.TestMethodTestDescriptor.execute(TestMethodTestDescriptor.java:68)
	at org.junit.platform.engine.support.hierarchical.NodeTestTask.lambda$executeRecursively$6(NodeTestTask.java:151)
	at org.junit.platform.engine.support.hierarchical.ThrowableCollector.execute(ThrowableCollector.java:73)
	at org.junit.platform.engine.support.hierarchical.NodeTestTask.lambda$executeRecursively$8(NodeTestTask.java:141)
	at org.junit.platform.engine.support.hierarchical.Node.around(Node.java:137)
	at org.junit.platform.engine.support.hierarchical.NodeTestTask.lambda$executeRecursively$9(NodeTestTask.java:139)
	at org.junit.platform.engine.support.hierarchical.ThrowableCollector.execute(ThrowableCollector.java:73)
	at org.junit.platform.engine.support.hierarchical.NodeTestTask.executeRecursively(NodeTestTask.java:138)
	at org.junit.platform.engine.support.hierarchical.NodeTestTask.execute(NodeTestTask.java:95)
	at java.base/java.util.ArrayList.forEach(ArrayList.java:1511)
	at org.junit.platform.engine.support.hierarchical.SameThreadHierarchicalTestExecutorService.invokeAll(SameThreadHierarchicalTestExecutorService.java:41)
	at org.junit.platform.engine.support.hierarchical.NodeTestTask.lambda$executeRecursively$6(NodeTestTask.java:155)
	at org.junit.platform.engine.support.hierarchical.ThrowableCollector.execute(ThrowableCollector.java:73)
	at org.junit.platform.engine.support.hierarchical.NodeTestTask.lambda$executeRecursively$8(NodeTestTask.java:141)
	at org.junit.platform.engine.support.hierarchical.Node.around(Node.java:137)
	at org.junit.platform.engine.support.hierarchical.NodeTestTask.lambda$executeRecursively$9(NodeTestTask.java:139)
	at org.junit.platform.engine.support.hierarchical.ThrowableCollector.execute(ThrowableCollector.java:73)
	at org.junit.platform.engine.support.hierarchical.NodeTestTask.executeRecursively(NodeTestTask.java:138)
	at org.junit.platform.engine.support.hierarchical.NodeTestTask.execute(NodeTestTask.java:95)
	at java.base/java.util.ArrayList.forEach(ArrayList.java:1511)
	at org.junit.platform.engine.support.hierarchical.SameThreadHierarchicalTestExecutorService.invokeAll(SameThreadHierarchicalTestExecutorService.java:41)
	at org.junit.platform.engine.support.hierarchical.NodeTestTask.lambda$executeRecursively$6(NodeTestTask.java:155)
	at org.junit.platform.engine.support.hierarchical.ThrowableCollector.execute(ThrowableCollector.java:73)
	at org.junit.platform.engine.support.hierarchical.NodeTestTask.lambda$executeRecursively$8(NodeTestTask.java:141)
	at org.junit.platform.engine.support.hierarchical.Node.around(Node.java:137)
	at org.junit.platform.engine.support.hierarchical.NodeTestTask.lambda$executeRecursively$9(NodeTestTask.java:139)
	at org.junit.platform.engine.support.hierarchical.ThrowableCollector.execute(ThrowableCollector.java:73)
	at org.junit.platform.engine.support.hierarchical.NodeTestTask.executeRecursively(NodeTestTask.java:138)
	at org.junit.platform.engine.support.hierarchical.NodeTestTask.execute(NodeTestTask.java:95)
	at org.junit.platform.engine.support.hierarchical.SameThreadHierarchicalTestExecutorService.submit(SameThreadHierarchicalTestExecutorService.java:35)
	at org.junit.platform.engine.support.hierarchical.HierarchicalTestExecutor.execute(HierarchicalTestExecutor.java:57)
	at org.junit.platform.engine.support.hierarchical.HierarchicalTestEngine.execute(HierarchicalTestEngine.java:54)
	at org.junit.platform.launcher.core.EngineExecutionOrchestrator.execute(EngineExecutionOrchestrator.java:107)
	at org.junit.platform.launcher.core.EngineExecutionOrchestrator.execute(EngineExecutionOrchestrator.java:88)
	at org.junit.platform.launcher.core.EngineExecutionOrchestrator.lambda$execute$0(EngineExecutionOrchestrator.java:54)
	at org.junit.platform.launcher.core.EngineExecutionOrchestrator.withInterceptedStreams(EngineExecutionOrchestrator.java:67)
	at org.junit.platform.launcher.core.EngineExecutionOrchestrator.execute(EngineExecutionOrchestrator.java:52)
	at org.junit.platform.launcher.core.DefaultLauncher.execute(DefaultLauncher.java:114)
	at org.junit.platform.launcher.core.DefaultLauncher.execute(DefaultLauncher.java:86)
	at org.junit.platform.launcher.core.DefaultLauncherSession$DelegatingLauncher.execute(DefaultLauncherSession.java:86)
	at org.gradle.api.internal.tasks.testing.junitplatform.JUnitPlatformTestClassProcessor$CollectAllTestClassesExecutor.processAllTestClasses(JUnitPlatformTestClassProcessor.java:110)
	at org.gradle.api.internal.tasks.testing.junitplatform.JUnitPlatformTestClassProcessor$CollectAllTestClassesExecutor.access$000(JUnitPlatformTestClassProcessor.java:90)
	at org.gradle.api.internal.tasks.testing.junitplatform.JUnitPlatformTestClassProcessor.stop(JUnitPlatformTestClassProcessor.java:85)
	at org.gradle.api.internal.tasks.testing.SuiteTestClassProcessor.stop(SuiteTestClassProcessor.java:62)
	at java.base/jdk.internal.reflect.DirectMethodHandleAccessor.invoke(DirectMethodHandleAccessor.java:104)
	at java.base/java.lang.reflect.Method.invoke(Method.java:578)
	at org.gradle.internal.dispatch.ReflectionDispatch.dispatch(ReflectionDispatch.java:36)
	at org.gradle.internal.dispatch.ReflectionDispatch.dispatch(ReflectionDispatch.java:24)
	at org.gradle.internal.dispatch.ContextClassLoaderDispatch.dispatch(ContextClassLoaderDispatch.java:33)
	at org.gradle.internal.dispatch.ProxyDispatchAdapter$DispatchingInvocationHandler.invoke(ProxyDispatchAdapter.java:94)
	at jdk.proxy1/jdk.proxy1.$Proxy2.stop(Unknown Source)
	at org.gradle.api.internal.tasks.testing.worker.TestWorker$3.run(TestWorker.java:193)
	at org.gradle.api.internal.tasks.testing.worker.TestWorker.executeAndMaintainThreadName(TestWorker.java:129)
	at org.gradle.api.internal.tasks.testing.worker.TestWorker.execute(TestWorker.java:100)
	at org.gradle.api.internal.tasks.testing.worker.TestWorker.execute(TestWorker.java:60)
	at org.gradle.process.internal.worker.child.ActionExecutionWorker.execute(ActionExecutionWorker.java:56)
	at org.gradle.process.internal.worker.child.SystemApplicationClassLoaderWorker.call(SystemApplicationClassLoaderWorker.java:113)
	at org.gradle.process.internal.worker.child.SystemApplicationClassLoaderWorker.call(SystemApplicationClassLoaderWorker.java:65)
	at worker.org.gradle.process.internal.worker.GradleWorkerMain.run(GradleWorkerMain.java:69)
	at worker.org.gradle.process.internal.worker.GradleWorkerMain.main(GradleWorkerMain.java:74)
</failure>
  </testcase>
  <testcase name="test_5()" classname="test.java.POSSIBLE_CHANGE_TEST" time="0.001">
    <failure message="java.lang.ArrayIndexOutOfBoundsException: Index 0 out of bounds for length 0" type="java.lang.ArrayIndexOutOfBoundsException">java.lang.ArrayIndexOutOfBoundsException: Index 0 out of bounds for length 0
	at java_programs.POSSIBLE_CHANGE.possible_change(POSSIBLE_CHANGE.java:21)
	at java_programs.POSSIBLE_CHANGE.possible_change(POSSIBLE_CHANGE.java:23)
	at java_programs.POSSIBLE_CHANGE.possible_change(POSSIBLE_CHANGE.java:23)
	at java_programs.POSSIBLE_CHANGE.possible_change(POSSIBLE_CHANGE.java:23)
	at java_programs.POSSIBLE_CHANGE.possible_change(POSSIBLE_CHANGE.java:23)
	at java_programs.POSSIBLE_CHANGE.possible_change(POSSIBLE_CHANGE.java:23)
	at java_programs.POSSIBLE_CHANGE.possible_change(POSSIBLE_CHANGE.java:23)
	at java_programs.POSSIBLE_CHANGE.possible_change(POSSIBLE_CHANGE.java:23)
	at java_programs.POSSIBLE_CHANGE.possible_change(POSSIBLE_CHANGE.java:23)
	at java_programs.POSSIBLE_CHANGE.possible_change(POSSIBLE_CHANGE.java:23)
	at java_programs.POSSIBLE_CHANGE.possible_change(POSSIBLE_CHANGE.java:23)
	at java_programs.POSSIBLE_CHANGE.possible_change(POSSIBLE_CHANGE.java:23)
	at java_programs.POSSIBLE_CHANGE.possible_change(POSSIBLE_CHANGE.java:23)
	at java_programs.POSSIBLE_CHANGE.possible_change(POSSIBLE_CHANGE.java:23)
	at java_programs.POSSIBLE_CHANGE.possible_change(POSSIBLE_CHANGE.java:23)
	at java_programs.POSSIBLE_CHANGE.possible_change(POSSIBLE_CHANGE.java:23)
	at java_programs.POSSIBLE_CHANGE.possible_change(POSSIBLE_CHANGE.java:23)
	at java_programs.POSSIBLE_CHANGE.possible_change(POSSIBLE_CHANGE.java:23)
	at java_programs.POSSIBLE_CHANGE.possible_change(POSSIBLE_CHANGE.java:23)
	at java_programs.POSSIBLE_CHANGE.possible_change(POSSIBLE_CHANGE.java:23)
	at java_programs.POSSIBLE_CHANGE.possible_change(POSSIBLE_CHANGE.java:23)
	at java_programs.POSSIBLE_CHANGE.possible_change(POSSIBLE_CHANGE.java:23)
	at java_programs.POSSIBLE_CHANGE.possible_change(POSSIBLE_CHANGE.java:23)
	at java_programs.POSSIBLE_CHANGE.possible_change(POSSIBLE_CHANGE.java:23)
	at java_programs.POSSIBLE_CHANGE.possible_change(POSSIBLE_CHANGE.java:23)
	at java_programs.POSSIBLE_CHANGE.possible_change(POSSIBLE_CHANGE.java:23)
	at java_programs.POSSIBLE_CHANGE.possible_change(POSSIBLE_CHANGE.java:23)
	at java_programs.POSSIBLE_CHANGE.possible_change(POSSIBLE_CHANGE.java:23)
	at java_programs.POSSIBLE_CHANGE.possible_change(POSSIBLE_CHANGE.java:23)
	at java_programs.POSSIBLE_CHANGE.possible_change(POSSIBLE_CHANGE.java:23)
	at java_programs.POSSIBLE_CHANGE.possible_change(POSSIBLE_CHANGE.java:23)
	at java_programs.POSSIBLE_CHANGE.possible_change(POSSIBLE_CHANGE.java:23)
	at java_programs.POSSIBLE_CHANGE.possible_change(POSSIBLE_CHANGE.java:23)
	at java_programs.POSSIBLE_CHANGE.possible_change(POSSIBLE_CHANGE.java:23)
	at java_programs.POSSIBLE_CHANGE.possible_change(POSSIBLE_CHANGE.java:23)
	at java_programs.POSSIBLE_CHANGE.possible_change(POSSIBLE_CHANGE.java:23)
	at java_programs.POSSIBLE_CHANGE.possible_change(POSSIBLE_CHANGE.java:23)
	at java_programs.POSSIBLE_CHANGE.possible_change(POSSIBLE_CHANGE.java:23)
	at java_programs.POSSIBLE_CHANGE.possible_change(POSSIBLE_CHANGE.java:23)
	at java_programs.POSSIBLE_CHANGE.possible_change(POSSIBLE_CHANGE.java:23)
	at java_programs.POSSIBLE_CHANGE.possible_change(POSSIBLE_CHANGE.java:23)
	at java_programs.POSSIBLE_CHANGE.possible_change(POSSIBLE_CHANGE.java:23)
	at java_programs.POSSIBLE_CHANGE.possible_change(POSSIBLE_CHANGE.java:23)
	at java_programs.POSSIBLE_CHANGE.possible_change(POSSIBLE_CHANGE.java:23)
	at java_programs.POSSIBLE_CHANGE.possible_change(POSSIBLE_CHANGE.java:23)
	at java_programs.POSSIBLE_CHANGE.possible_change(POSSIBLE_CHANGE.java:23)
	at java_programs.POSSIBLE_CHANGE.possible_change(POSSIBLE_CHANGE.java:23)
	at java_programs.POSSIBLE_CHANGE.possible_change(POSSIBLE_CHANGE.java:23)
	at java_programs.POSSIBLE_CHANGE.possible_change(POSSIBLE_CHANGE.java:23)
	at java_programs.POSSIBLE_CHANGE.possible_change(POSSIBLE_CHANGE.java:23)
	at java_programs.POSSIBLE_CHANGE.possible_change(POSSIBLE_CHANGE.java:23)
	at java_programs.POSSIBLE_CHANGE.possible_change(POSSIBLE_CHANGE.java:23)
	at java_programs.POSSIBLE_CHANGE.possible_change(POSSIBLE_CHANGE.java:23)
	at java_programs.POSSIBLE_CHANGE.possible_change(POSSIBLE_CHANGE.java:23)
	at java_programs.POSSIBLE_CHANGE.possible_change(POSSIBLE_CHANGE.java:23)
	at java_programs.POSSIBLE_CHANGE.possible_change(POSSIBLE_CHANGE.java:23)
	at java_programs.POSSIBLE_CHANGE.possible_change(POSSIBLE_CHANGE.java:23)
	at java_programs.POSSIBLE_CHANGE.possible_change(POSSIBLE_CHANGE.java:23)
	at java_programs.POSSIBLE_CHANGE.possible_change(POSSIBLE_CHANGE.java:23)
	at java_programs.POSSIBLE_CHANGE.possible_change(POSSIBLE_CHANGE.java:23)
	at java_programs.POSSIBLE_CHANGE.possible_change(POSSIBLE_CHANGE.java:23)
	at java_programs.POSSIBLE_CHANGE.possible_change(POSSIBLE_CHANGE.java:23)
	at java_programs.POSSIBLE_CHANGE.possible_change(POSSIBLE_CHANGE.java:23)
	at java_programs.POSSIBLE_CHANGE.possible_change(POSSIBLE_CHANGE.java:23)
	at java_programs.POSSIBLE_CHANGE.possible_change(POSSIBLE_CHANGE.java:23)
	at java_programs.POSSIBLE_CHANGE.possible_change(POSSIBLE_CHANGE.java:23)
	at java_programs.POSSIBLE_CHANGE.possible_change(POSSIBLE_CHANGE.java:23)
	at java_programs.POSSIBLE_CHANGE.possible_change(POSSIBLE_CHANGE.java:23)
	at java_programs.POSSIBLE_CHANGE.possible_change(POSSIBLE_CHANGE.java:23)
	at java_programs.POSSIBLE_CHANGE.possible_change(POSSIBLE_CHANGE.java:23)
	at java_programs.POSSIBLE_CHANGE.possible_change(POSSIBLE_CHANGE.java:23)
	at java_programs.POSSIBLE_CHANGE.possible_change(POSSIBLE_CHANGE.java:23)
	at java_programs.POSSIBLE_CHANGE.possible_change(POSSIBLE_CHANGE.java:23)
	at java_programs.POSSIBLE_CHANGE.possible_change(POSSIBLE_CHANGE.java:23)
	at java_programs.POSSIBLE_CHANGE.possible_change(POSSIBLE_CHANGE.java:23)
	at java_programs.POSSIBLE_CHANGE.possible_change(POSSIBLE_CHANGE.java:23)
	at java_programs.POSSIBLE_CHANGE.possible_change(POSSIBLE_CHANGE.java:23)
	at java_programs.POSSIBLE_CHANGE.possible_change(POSSIBLE_CHANGE.java:23)
	at java_programs.POSSIBLE_CHANGE.possible_change(POSSIBLE_CHANGE.java:23)
	at java_programs.POSSIBLE_CHANGE.possible_change(POSSIBLE_CHANGE.java:23)
	at java_programs.POSSIBLE_CHANGE.possible_change(POSSIBLE_CHANGE.java:23)
	at java_programs.POSSIBLE_CHANGE.possible_change(POSSIBLE_CHANGE.java:23)
	at java_programs.POSSIBLE_CHANGE.possible_change(POSSIBLE_CHANGE.java:23)
	at java_programs.POSSIBLE_CHANGE.possible_change(POSSIBLE_CHANGE.java:23)
	at java_programs.POSSIBLE_CHANGE.possible_change(POSSIBLE_CHANGE.java:23)
	at java_programs.POSSIBLE_CHANGE.possible_change(POSSIBLE_CHANGE.java:23)
	at java_programs.POSSIBLE_CHANGE.possible_change(POSSIBLE_CHANGE.java:23)
	at java_programs.POSSIBLE_CHANGE.possible_change(POSSIBLE_CHANGE.java:23)
	at java_programs.POSSIBLE_CHANGE.possible_change(POSSIBLE_CHANGE.java:23)
	at java_programs.POSSIBLE_CHANGE.possible_change(POSSIBLE_CHANGE.java:23)
	at java_programs.POSSIBLE_CHANGE.possible_change(POSSIBLE_CHANGE.java:23)
	at java_programs.POSSIBLE_CHANGE.possible_change(POSSIBLE_CHANGE.java:23)
	at java_programs.POSSIBLE_CHANGE.possible_change(POSSIBLE_CHANGE.java:23)
	at java_programs.POSSIBLE_CHANGE.possible_change(POSSIBLE_CHANGE.java:23)
	at java_programs.POSSIBLE_CHANGE.possible_change(POSSIBLE_CHANGE.java:23)
	at java_programs.POSSIBLE_CHANGE.possible_change(POSSIBLE_CHANGE.java:23)
	at java_programs.POSSIBLE_CHANGE.possible_change(POSSIBLE_CHANGE.java:23)
	at java_programs.POSSIBLE_CHANGE.possible_change(POSSIBLE_CHANGE.java:23)
	at java_programs.POSSIBLE_CHANGE.possible_change(POSSIBLE_CHANGE.java:23)
	at java_programs.POSSIBLE_CHANGE.possible_change(POSSIBLE_CHANGE.java:23)
	at java_programs.POSSIBLE_CHANGE.possible_change(POSSIBLE_CHANGE.java:23)
	at java_programs.POSSIBLE_CHANGE.possible_change(POSSIBLE_CHANGE.java:23)
	at java_programs.POSSIBLE_CHANGE.possible_change(POSSIBLE_CHANGE.java:23)
	at java_programs.POSSIBLE_CHANGE.possible_change(POSSIBLE_CHANGE.java:23)
	at java_programs.POSSIBLE_CHANGE.possible_change(POSSIBLE_CHANGE.java:23)
	at java_programs.POSSIBLE_CHANGE.possible_change(POSSIBLE_CHANGE.java:23)
	at java_programs.POSSIBLE_CHANGE.possible_change(POSSIBLE_CHANGE.java:23)
	at java_programs.POSSIBLE_CHANGE.possible_change(POSSIBLE_CHANGE.java:23)
	at java_programs.POSSIBLE_CHANGE.possible_change(POSSIBLE_CHANGE.java:23)
	at java_programs.POSSIBLE_CHANGE.possible_change(POSSIBLE_CHANGE.java:23)
	at java_programs.POSSIBLE_CHANGE.possible_change(POSSIBLE_CHANGE.java:23)
	at java_programs.POSSIBLE_CHANGE.possible_change(POSSIBLE_CHANGE.java:23)
	at java_programs.POSSIBLE_CHANGE.possible_change(POSSIBLE_CHANGE.java:23)
	at java_programs.POSSIBLE_CHANGE.possible_change(POSSIBLE_CHANGE.java:23)
	at java_programs.POSSIBLE_CHANGE.possible_change(POSSIBLE_CHANGE.java:23)
	at java_programs.POSSIBLE_CHANGE.possible_change(POSSIBLE_CHANGE.java:23)
	at java_programs.POSSIBLE_CHANGE.possible_change(POSSIBLE_CHANGE.java:23)
	at java_programs.POSSIBLE_CHANGE.possible_change(POSSIBLE_CHANGE.java:23)
	at java_programs.POSSIBLE_CHANGE.possible_change(POSSIBLE_CHANGE.java:23)
	at java_programs.POSSIBLE_CHANGE.possible_change(POSSIBLE_CHANGE.java:23)
	at java_programs.POSSIBLE_CHANGE.possible_change(POSSIBLE_CHANGE.java:23)
	at java_programs.POSSIBLE_CHANGE.possible_change(POSSIBLE_CHANGE.java:23)
	at java_programs.POSSIBLE_CHANGE.possible_change(POSSIBLE_CHANGE.java:23)
	at java_programs.POSSIBLE_CHANGE.possible_change(POSSIBLE_CHANGE.java:23)
	at java_programs.POSSIBLE_CHANGE.possible_change(POSSIBLE_CHANGE.java:23)
	at java_programs.POSSIBLE_CHANGE.possible_change(POSSIBLE_CHANGE.java:23)
	at java_programs.POSSIBLE_CHANGE.possible_change(POSSIBLE_CHANGE.java:23)
	at java_programs.POSSIBLE_CHANGE.possible_change(POSSIBLE_CHANGE.java:23)
	at java_programs.POSSIBLE_CHANGE.possible_change(POSSIBLE_CHANGE.java:23)
	at java_programs.POSSIBLE_CHANGE.possible_change(POSSIBLE_CHANGE.java:23)
	at java_programs.POSSIBLE_CHANGE.possible_change(POSSIBLE_CHANGE.java:23)
	at java_programs.POSSIBLE_CHANGE.possible_change(POSSIBLE_CHANGE.java:23)
	at java_programs.POSSIBLE_CHANGE.possible_change(POSSIBLE_CHANGE.java:23)
	at java_programs.POSSIBLE_CHANGE.possible_change(POSSIBLE_CHANGE.java:23)
	at java_programs.POSSIBLE_CHANGE.possible_change(POSSIBLE_CHANGE.java:23)
	at java_programs.POSSIBLE_CHANGE.possible_change(POSSIBLE_CHANGE.java:23)
	at java_programs.POSSIBLE_CHANGE.possible_change(POSSIBLE_CHANGE.java:23)
	at java_programs.POSSIBLE_CHANGE.possible_change(POSSIBLE_CHANGE.java:23)
	at java_programs.POSSIBLE_CHANGE.possible_change(POSSIBLE_CHANGE.java:23)
	at java_programs.POSSIBLE_CHANGE.possible_change(POSSIBLE_CHANGE.java:23)
	at java_programs.POSSIBLE_CHANGE.possible_change(POSSIBLE_CHANGE.java:23)
	at java_programs.POSSIBLE_CHANGE.possible_change(POSSIBLE_CHANGE.java:23)
	at java_programs.POSSIBLE_CHANGE.possible_change(POSSIBLE_CHANGE.java:23)
	at java_programs.POSSIBLE_CHANGE.possible_change(POSSIBLE_CHANGE.java:23)
	at java_programs.POSSIBLE_CHANGE.possible_change(POSSIBLE_CHANGE.java:23)
	at test.java.POSSIBLE_CHANGE_TEST.test_5(POSSIBLE_CHANGE_TEST.java:39)
	at java.base/jdk.internal.reflect.DirectMethodHandleAccessor.invoke(DirectMethodHandleAccessor.java:104)
	at java.base/java.lang.reflect.Method.invoke(Method.java:578)
	at org.junit.platform.commons.util.ReflectionUtils.invokeMethod(ReflectionUtils.java:727)
	at org.junit.jupiter.engine.execution.MethodInvocation.proceed(MethodInvocation.java:60)
	at org.junit.jupiter.engine.execution.InvocationInterceptorChain$ValidatingInvocation.proceed(InvocationInterceptorChain.java:131)
	at org.junit.jupiter.engine.extension.TimeoutExtension.intercept(TimeoutExtension.java:156)
	at org.junit.jupiter.engine.extension.TimeoutExtension.interceptTestableMethod(TimeoutExtension.java:147)
	at org.junit.jupiter.engine.extension.TimeoutExtension.interceptTestMethod(TimeoutExtension.java:86)
	at org.junit.jupiter.engine.execution.InterceptingExecutableInvoker$ReflectiveInterceptorCall.lambda$ofVoidMethod$0(InterceptingExecutableInvoker.java:103)
	at org.junit.jupiter.engine.execution.InterceptingExecutableInvoker.lambda$invoke$0(InterceptingExecutableInvoker.java:93)
	at org.junit.jupiter.engine.execution.InvocationInterceptorChain$InterceptedInvocation.proceed(InvocationInterceptorChain.java:106)
	at org.junit.jupiter.engine.execution.InvocationInterceptorChain.proceed(InvocationInterceptorChain.java:64)
	at org.junit.jupiter.engine.execution.InvocationInterceptorChain.chainAndInvoke(InvocationInterceptorChain.java:45)
	at org.junit.jupiter.engine.execution.InvocationInterceptorChain.invoke(InvocationInterceptorChain.java:37)
	at org.junit.jupiter.engine.execution.InterceptingExecutableInvoker.invoke(InterceptingExecutableInvoker.java:92)
	at org.junit.jupiter.engine.execution.InterceptingExecutableInvoker.invoke(InterceptingExecutableInvoker.java:86)
	at org.junit.jupiter.engine.descriptor.TestMethodTestDescriptor.lambda$invokeTestMethod$7(TestMethodTestDescriptor.java:217)
	at org.junit.platform.engine.support.hierarchical.ThrowableCollector.execute(ThrowableCollector.java:73)
	at org.junit.jupiter.engine.descriptor.TestMethodTestDescriptor.invokeTestMethod(TestMethodTestDescriptor.java:213)
	at org.junit.jupiter.engine.descriptor.TestMethodTestDescriptor.execute(TestMethodTestDescriptor.java:138)
	at org.junit.jupiter.engine.descriptor.TestMethodTestDescriptor.execute(TestMethodTestDescriptor.java:68)
	at org.junit.platform.engine.support.hierarchical.NodeTestTask.lambda$executeRecursively$6(NodeTestTask.java:151)
	at org.junit.platform.engine.support.hierarchical.ThrowableCollector.execute(ThrowableCollector.java:73)
	at org.junit.platform.engine.support.hierarchical.NodeTestTask.lambda$executeRecursively$8(NodeTestTask.java:141)
	at org.junit.platform.engine.support.hierarchical.Node.around(Node.java:137)
	at org.junit.platform.engine.support.hierarchical.NodeTestTask.lambda$executeRecursively$9(NodeTestTask.java:139)
	at org.junit.platform.engine.support.hierarchical.ThrowableCollector.execute(ThrowableCollector.java:73)
	at org.junit.platform.engine.support.hierarchical.NodeTestTask.executeRecursively(NodeTestTask.java:138)
	at org.junit.platform.engine.support.hierarchical.NodeTestTask.execute(NodeTestTask.java:95)
	at java.base/java.util.ArrayList.forEach(ArrayList.java:1511)
	at org.junit.platform.engine.support.hierarchical.SameThreadHierarchicalTestExecutorService.invokeAll(SameThreadHierarchicalTestExecutorService.java:41)
	at org.junit.platform.engine.support.hierarchical.NodeTestTask.lambda$executeRecursively$6(NodeTestTask.java:155)
	at org.junit.platform.engine.support.hierarchical.ThrowableCollector.execute(ThrowableCollector.java:73)
	at org.junit.platform.engine.support.hierarchical.NodeTestTask.lambda$executeRecursively$8(NodeTestTask.java:141)
	at org.junit.platform.engine.support.hierarchical.Node.around(Node.java:137)
	at org.junit.platform.engine.support.hierarchical.NodeTestTask.lambda$executeRecursively$9(NodeTestTask.java:139)
	at org.junit.platform.engine.support.hierarchical.ThrowableCollector.execute(ThrowableCollector.java:73)
	at org.junit.platform.engine.support.hierarchical.NodeTestTask.executeRecursively(NodeTestTask.java:138)
	at org.junit.platform.engine.support.hierarchical.NodeTestTask.execute(NodeTestTask.java:95)
	at java.base/java.util.ArrayList.forEach(ArrayList.java:1511)
	at org.junit.platform.engine.support.hierarchical.SameThreadHierarchicalTestExecutorService.invokeAll(SameThreadHierarchicalTestExecutorService.java:41)
	at org.junit.platform.engine.support.hierarchical.NodeTestTask.lambda$executeRecursively$6(NodeTestTask.java:155)
	at org.junit.platform.engine.support.hierarchical.ThrowableCollector.execute(ThrowableCollector.java:73)
	at org.junit.platform.engine.support.hierarchical.NodeTestTask.lambda$executeRecursively$8(NodeTestTask.java:141)
	at org.junit.platform.engine.support.hierarchical.Node.around(Node.java:137)
	at org.junit.platform.engine.support.hierarchical.NodeTestTask.lambda$executeRecursively$9(NodeTestTask.java:139)
	at org.junit.platform.engine.support.hierarchical.ThrowableCollector.execute(ThrowableCollector.java:73)
	at org.junit.platform.engine.support.hierarchical.NodeTestTask.executeRecursively(NodeTestTask.java:138)
	at org.junit.platform.engine.support.hierarchical.NodeTestTask.execute(NodeTestTask.java:95)
	at org.junit.platform.engine.support.hierarchical.SameThreadHierarchicalTestExecutorService.submit(SameThreadHierarchicalTestExecutorService.java:35)
	at org.junit.platform.engine.support.hierarchical.HierarchicalTestExecutor.execute(HierarchicalTestExecutor.java:57)
	at org.junit.platform.engine.support.hierarchical.HierarchicalTestEngine.execute(HierarchicalTestEngine.java:54)
	at org.junit.platform.launcher.core.EngineExecutionOrchestrator.execute(EngineExecutionOrchestrator.java:107)
	at org.junit.platform.launcher.core.EngineExecutionOrchestrator.execute(EngineExecutionOrchestrator.java:88)
	at org.junit.platform.launcher.core.EngineExecutionOrchestrator.lambda$execute$0(EngineExecutionOrchestrator.java:54)
	at org.junit.platform.launcher.core.EngineExecutionOrchestrator.withInterceptedStreams(EngineExecutionOrchestrator.java:67)
	at org.junit.platform.launcher.core.EngineExecutionOrchestrator.execute(EngineExecutionOrchestrator.java:52)
	at org.junit.platform.launcher.core.DefaultLauncher.execute(DefaultLauncher.java:114)
	at org.junit.platform.launcher.core.DefaultLauncher.execute(DefaultLauncher.java:86)
	at org.junit.platform.launcher.core.DefaultLauncherSession$DelegatingLauncher.execute(DefaultLauncherSession.java:86)
	at org.gradle.api.internal.tasks.testing.junitplatform.JUnitPlatformTestClassProcessor$CollectAllTestClassesExecutor.processAllTestClasses(JUnitPlatformTestClassProcessor.java:110)
	at org.gradle.api.internal.tasks.testing.junitplatform.JUnitPlatformTestClassProcessor$CollectAllTestClassesExecutor.access$000(JUnitPlatformTestClassProcessor.java:90)
	at org.gradle.api.internal.tasks.testing.junitplatform.JUnitPlatformTestClassProcessor.stop(JUnitPlatformTestClassProcessor.java:85)
	at org.gradle.api.internal.tasks.testing.SuiteTestClassProcessor.stop(SuiteTestClassProcessor.java:62)
	at java.base/jdk.internal.reflect.DirectMethodHandleAccessor.invoke(DirectMethodHandleAccessor.java:104)
	at java.base/java.lang.reflect.Method.invoke(Method.java:578)
	at org.gradle.internal.dispatch.ReflectionDispatch.dispatch(ReflectionDispatch.java:36)
	at org.gradle.internal.dispatch.ReflectionDispatch.dispatch(ReflectionDispatch.java:24)
	at org.gradle.internal.dispatch.ContextClassLoaderDispatch.dispatch(ContextClassLoaderDispatch.java:33)
	at org.gradle.internal.dispatch.ProxyDispatchAdapter$DispatchingInvocationHandler.invoke(ProxyDispatchAdapter.java:94)
	at jdk.proxy1/jdk.proxy1.$Proxy2.stop(Unknown Source)
	at org.gradle.api.internal.tasks.testing.worker.TestWorker$3.run(TestWorker.java:193)
	at org.gradle.api.internal.tasks.testing.worker.TestWorker.executeAndMaintainThreadName(TestWorker.java:129)
	at org.gradle.api.internal.tasks.testing.worker.TestWorker.execute(TestWorker.java:100)
	at org.gradle.api.internal.tasks.testing.worker.TestWorker.execute(TestWorker.java:60)
	at org.gradle.process.internal.worker.child.ActionExecutionWorker.execute(ActionExecutionWorker.java:56)
	at org.gradle.process.internal.worker.child.SystemApplicationClassLoaderWorker.call(SystemApplicationClassLoaderWorker.java:113)
	at org.gradle.process.internal.worker.child.SystemApplicationClassLoaderWorker.call(SystemApplicationClassLoaderWorker.java:65)
	at worker.org.gradle.process.internal.worker.GradleWorkerMain.run(GradleWorkerMain.java:69)
	at worker.org.gradle.process.internal.worker.GradleWorkerMain.main(GradleWorkerMain.java:74)
</failure>
  </testcase>
  <testcase name="test_6()" classname="test.java.POSSIBLE_CHANGE_TEST" time="0.001">
    <failure message="java.lang.ArrayIndexOutOfBoundsException: Index 0 out of bounds for length 0" type="java.lang.ArrayIndexOutOfBoundsException">java.lang.ArrayIndexOutOfBoundsException: Index 0 out of bounds for length 0
	at java_programs.POSSIBLE_CHANGE.possible_change(POSSIBLE_CHANGE.java:21)
	at java_programs.POSSIBLE_CHANGE.possible_change(POSSIBLE_CHANGE.java:23)
	at java_programs.POSSIBLE_CHANGE.possible_change(POSSIBLE_CHANGE.java:23)
	at java_programs.POSSIBLE_CHANGE.possible_change(POSSIBLE_CHANGE.java:23)
	at java_programs.POSSIBLE_CHANGE.possible_change(POSSIBLE_CHANGE.java:23)
	at java_programs.POSSIBLE_CHANGE.possible_change(POSSIBLE_CHANGE.java:23)
	at java_programs.POSSIBLE_CHANGE.possible_change(POSSIBLE_CHANGE.java:23)
	at java_programs.POSSIBLE_CHANGE.possible_change(POSSIBLE_CHANGE.java:23)
	at java_programs.POSSIBLE_CHANGE.possible_change(POSSIBLE_CHANGE.java:23)
	at java_programs.POSSIBLE_CHANGE.possible_change(POSSIBLE_CHANGE.java:23)
	at java_programs.POSSIBLE_CHANGE.possible_change(POSSIBLE_CHANGE.java:23)
	at java_programs.POSSIBLE_CHANGE.possible_change(POSSIBLE_CHANGE.java:23)
	at java_programs.POSSIBLE_CHANGE.possible_change(POSSIBLE_CHANGE.java:23)
	at java_programs.POSSIBLE_CHANGE.possible_change(POSSIBLE_CHANGE.java:23)
	at java_programs.POSSIBLE_CHANGE.possible_change(POSSIBLE_CHANGE.java:23)
	at java_programs.POSSIBLE_CHANGE.possible_change(POSSIBLE_CHANGE.java:23)
	at java_programs.POSSIBLE_CHANGE.possible_change(POSSIBLE_CHANGE.java:23)
	at java_programs.POSSIBLE_CHANGE.possible_change(POSSIBLE_CHANGE.java:23)
	at java_programs.POSSIBLE_CHANGE.possible_change(POSSIBLE_CHANGE.java:23)
	at java_programs.POSSIBLE_CHANGE.possible_change(POSSIBLE_CHANGE.java:23)
	at java_programs.POSSIBLE_CHANGE.possible_change(POSSIBLE_CHANGE.java:23)
	at java_programs.POSSIBLE_CHANGE.possible_change(POSSIBLE_CHANGE.java:23)
	at java_programs.POSSIBLE_CHANGE.possible_change(POSSIBLE_CHANGE.java:23)
	at java_programs.POSSIBLE_CHANGE.possible_change(POSSIBLE_CHANGE.java:23)
	at java_programs.POSSIBLE_CHANGE.possible_change(POSSIBLE_CHANGE.java:23)
	at java_programs.POSSIBLE_CHANGE.possible_change(POSSIBLE_CHANGE.java:23)
	at java_programs.POSSIBLE_CHANGE.possible_change(POSSIBLE_CHANGE.java:23)
	at java_programs.POSSIBLE_CHANGE.possible_change(POSSIBLE_CHANGE.java:23)
	at java_programs.POSSIBLE_CHANGE.possible_change(POSSIBLE_CHANGE.java:23)
	at java_programs.POSSIBLE_CHANGE.possible_change(POSSIBLE_CHANGE.java:23)
	at java_programs.POSSIBLE_CHANGE.possible_change(POSSIBLE_CHANGE.java:23)
	at java_programs.POSSIBLE_CHANGE.possible_change(POSSIBLE_CHANGE.java:23)
	at java_programs.POSSIBLE_CHANGE.possible_change(POSSIBLE_CHANGE.java:23)
	at java_programs.POSSIBLE_CHANGE.possible_change(POSSIBLE_CHANGE.java:23)
	at java_programs.POSSIBLE_CHANGE.possible_change(POSSIBLE_CHANGE.java:23)
	at java_programs.POSSIBLE_CHANGE.possible_change(POSSIBLE_CHANGE.java:23)
	at java_programs.POSSIBLE_CHANGE.possible_change(POSSIBLE_CHANGE.java:23)
	at java_programs.POSSIBLE_CHANGE.possible_change(POSSIBLE_CHANGE.java:23)
	at java_programs.POSSIBLE_CHANGE.possible_change(POSSIBLE_CHANGE.java:23)
	at java_programs.POSSIBLE_CHANGE.possible_change(POSSIBLE_CHANGE.java:23)
	at java_programs.POSSIBLE_CHANGE.possible_change(POSSIBLE_CHANGE.java:23)
	at java_programs.POSSIBLE_CHANGE.possible_change(POSSIBLE_CHANGE.java:23)
	at java_programs.POSSIBLE_CHANGE.possible_change(POSSIBLE_CHANGE.java:23)
	at java_programs.POSSIBLE_CHANGE.possible_change(POSSIBLE_CHANGE.java:23)
	at java_programs.POSSIBLE_CHANGE.possible_change(POSSIBLE_CHANGE.java:23)
	at java_programs.POSSIBLE_CHANGE.possible_change(POSSIBLE_CHANGE.java:23)
	at java_programs.POSSIBLE_CHANGE.possible_change(POSSIBLE_CHANGE.java:23)
	at java_programs.POSSIBLE_CHANGE.possible_change(POSSIBLE_CHANGE.java:23)
	at java_programs.POSSIBLE_CHANGE.possible_change(POSSIBLE_CHANGE.java:23)
	at java_programs.POSSIBLE_CHANGE.possible_change(POSSIBLE_CHANGE.java:23)
	at java_programs.POSSIBLE_CHANGE.possible_change(POSSIBLE_CHANGE.java:23)
	at java_programs.POSSIBLE_CHANGE.possible_change(POSSIBLE_CHANGE.java:23)
	at java_programs.POSSIBLE_CHANGE.possible_change(POSSIBLE_CHANGE.java:23)
	at java_programs.POSSIBLE_CHANGE.possible_change(POSSIBLE_CHANGE.java:23)
	at java_programs.POSSIBLE_CHANGE.possible_change(POSSIBLE_CHANGE.java:23)
	at java_programs.POSSIBLE_CHANGE.possible_change(POSSIBLE_CHANGE.java:23)
	at java_programs.POSSIBLE_CHANGE.possible_change(POSSIBLE_CHANGE.java:23)
	at java_programs.POSSIBLE_CHANGE.possible_change(POSSIBLE_CHANGE.java:23)
	at java_programs.POSSIBLE_CHANGE.possible_change(POSSIBLE_CHANGE.java:23)
	at java_programs.POSSIBLE_CHANGE.possible_change(POSSIBLE_CHANGE.java:23)
	at java_programs.POSSIBLE_CHANGE.possible_change(POSSIBLE_CHANGE.java:23)
	at java_programs.POSSIBLE_CHANGE.possible_change(POSSIBLE_CHANGE.java:23)
	at java_programs.POSSIBLE_CHANGE.possible_change(POSSIBLE_CHANGE.java:23)
	at java_programs.POSSIBLE_CHANGE.possible_change(POSSIBLE_CHANGE.java:23)
	at java_programs.POSSIBLE_CHANGE.possible_change(POSSIBLE_CHANGE.java:23)
	at java_programs.POSSIBLE_CHANGE.possible_change(POSSIBLE_CHANGE.java:23)
	at java_programs.POSSIBLE_CHANGE.possible_change(POSSIBLE_CHANGE.java:23)
	at java_programs.POSSIBLE_CHANGE.possible_change(POSSIBLE_CHANGE.java:23)
	at java_programs.POSSIBLE_CHANGE.possible_change(POSSIBLE_CHANGE.java:23)
	at java_programs.POSSIBLE_CHANGE.possible_change(POSSIBLE_CHANGE.java:23)
	at java_programs.POSSIBLE_CHANGE.possible_change(POSSIBLE_CHANGE.java:23)
	at java_programs.POSSIBLE_CHANGE.possible_change(POSSIBLE_CHANGE.java:23)
	at java_programs.POSSIBLE_CHANGE.possible_change(POSSIBLE_CHANGE.java:23)
	at java_programs.POSSIBLE_CHANGE.possible_change(POSSIBLE_CHANGE.java:23)
	at java_programs.POSSIBLE_CHANGE.possible_change(POSSIBLE_CHANGE.java:23)
	at java_programs.POSSIBLE_CHANGE.possible_change(POSSIBLE_CHANGE.java:23)
	at java_programs.POSSIBLE_CHANGE.possible_change(POSSIBLE_CHANGE.java:23)
	at java_programs.POSSIBLE_CHANGE.possible_change(POSSIBLE_CHANGE.java:23)
	at java_programs.POSSIBLE_CHANGE.possible_change(POSSIBLE_CHANGE.java:23)
	at java_programs.POSSIBLE_CHANGE.possible_change(POSSIBLE_CHANGE.java:23)
	at java_programs.POSSIBLE_CHANGE.possible_change(POSSIBLE_CHANGE.java:23)
	at java_programs.POSSIBLE_CHANGE.possible_change(POSSIBLE_CHANGE.java:23)
	at java_programs.POSSIBLE_CHANGE.possible_change(POSSIBLE_CHANGE.java:23)
	at java_programs.POSSIBLE_CHANGE.possible_change(POSSIBLE_CHANGE.java:23)
	at java_programs.POSSIBLE_CHANGE.possible_change(POSSIBLE_CHANGE.java:23)
	at java_programs.POSSIBLE_CHANGE.possible_change(POSSIBLE_CHANGE.java:23)
	at java_programs.POSSIBLE_CHANGE.possible_change(POSSIBLE_CHANGE.java:23)
	at java_programs.POSSIBLE_CHANGE.possible_change(POSSIBLE_CHANGE.java:23)
	at java_programs.POSSIBLE_CHANGE.possible_change(POSSIBLE_CHANGE.java:23)
	at java_programs.POSSIBLE_CHANGE.possible_change(POSSIBLE_CHANGE.java:23)
	at java_programs.POSSIBLE_CHANGE.possible_change(POSSIBLE_CHANGE.java:23)
	at java_programs.POSSIBLE_CHANGE.possible_change(POSSIBLE_CHANGE.java:23)
	at java_programs.POSSIBLE_CHANGE.possible_change(POSSIBLE_CHANGE.java:23)
	at java_programs.POSSIBLE_CHANGE.possible_change(POSSIBLE_CHANGE.java:23)
	at java_programs.POSSIBLE_CHANGE.possible_change(POSSIBLE_CHANGE.java:23)
	at java_programs.POSSIBLE_CHANGE.possible_change(POSSIBLE_CHANGE.java:23)
	at java_programs.POSSIBLE_CHANGE.possible_change(POSSIBLE_CHANGE.java:23)
	at java_programs.POSSIBLE_CHANGE.possible_change(POSSIBLE_CHANGE.java:23)
	at java_programs.POSSIBLE_CHANGE.possible_change(POSSIBLE_CHANGE.java:23)
	at java_programs.POSSIBLE_CHANGE.possible_change(POSSIBLE_CHANGE.java:23)
	at java_programs.POSSIBLE_CHANGE.possible_change(POSSIBLE_CHANGE.java:23)
	at java_programs.POSSIBLE_CHANGE.possible_change(POSSIBLE_CHANGE.java:23)
	at java_programs.POSSIBLE_CHANGE.possible_change(POSSIBLE_CHANGE.java:23)
	at java_programs.POSSIBLE_CHANGE.possible_change(POSSIBLE_CHANGE.java:23)
	at java_programs.POSSIBLE_CHANGE.possible_change(POSSIBLE_CHANGE.java:23)
	at java_programs.POSSIBLE_CHANGE.possible_change(POSSIBLE_CHANGE.java:23)
	at java_programs.POSSIBLE_CHANGE.possible_change(POSSIBLE_CHANGE.java:23)
	at java_programs.POSSIBLE_CHANGE.possible_change(POSSIBLE_CHANGE.java:23)
	at java_programs.POSSIBLE_CHANGE.possible_change(POSSIBLE_CHANGE.java:23)
	at java_programs.POSSIBLE_CHANGE.possible_change(POSSIBLE_CHANGE.java:23)
	at java_programs.POSSIBLE_CHANGE.possible_change(POSSIBLE_CHANGE.java:23)
	at java_programs.POSSIBLE_CHANGE.possible_change(POSSIBLE_CHANGE.java:23)
	at java_programs.POSSIBLE_CHANGE.possible_change(POSSIBLE_CHANGE.java:23)
	at java_programs.POSSIBLE_CHANGE.possible_change(POSSIBLE_CHANGE.java:23)
	at java_programs.POSSIBLE_CHANGE.possible_change(POSSIBLE_CHANGE.java:23)
	at java_programs.POSSIBLE_CHANGE.possible_change(POSSIBLE_CHANGE.java:23)
	at java_programs.POSSIBLE_CHANGE.possible_change(POSSIBLE_CHANGE.java:23)
	at java_programs.POSSIBLE_CHANGE.possible_change(POSSIBLE_CHANGE.java:23)
	at java_programs.POSSIBLE_CHANGE.possible_change(POSSIBLE_CHANGE.java:23)
	at java_programs.POSSIBLE_CHANGE.possible_change(POSSIBLE_CHANGE.java:23)
	at java_programs.POSSIBLE_CHANGE.possible_change(POSSIBLE_CHANGE.java:23)
	at java_programs.POSSIBLE_CHANGE.possible_change(POSSIBLE_CHANGE.java:23)
	at java_programs.POSSIBLE_CHANGE.possible_change(POSSIBLE_CHANGE.java:23)
	at java_programs.POSSIBLE_CHANGE.possible_change(POSSIBLE_CHANGE.java:23)
	at java_programs.POSSIBLE_CHANGE.possible_change(POSSIBLE_CHANGE.java:23)
	at java_programs.POSSIBLE_CHANGE.possible_change(POSSIBLE_CHANGE.java:23)
	at java_programs.POSSIBLE_CHANGE.possible_change(POSSIBLE_CHANGE.java:23)
	at java_programs.POSSIBLE_CHANGE.possible_change(POSSIBLE_CHANGE.java:23)
	at java_programs.POSSIBLE_CHANGE.possible_change(POSSIBLE_CHANGE.java:23)
	at java_programs.POSSIBLE_CHANGE.possible_change(POSSIBLE_CHANGE.java:23)
	at java_programs.POSSIBLE_CHANGE.possible_change(POSSIBLE_CHANGE.java:23)
	at java_programs.POSSIBLE_CHANGE.possible_change(POSSIBLE_CHANGE.java:23)
	at java_programs.POSSIBLE_CHANGE.possible_change(POSSIBLE_CHANGE.java:23)
	at java_programs.POSSIBLE_CHANGE.possible_change(POSSIBLE_CHANGE.java:23)
	at java_programs.POSSIBLE_CHANGE.possible_change(POSSIBLE_CHANGE.java:23)
	at java_programs.POSSIBLE_CHANGE.possible_change(POSSIBLE_CHANGE.java:23)
	at java_programs.POSSIBLE_CHANGE.possible_change(POSSIBLE_CHANGE.java:23)
	at java_programs.POSSIBLE_CHANGE.possible_change(POSSIBLE_CHANGE.java:23)
	at java_programs.POSSIBLE_CHANGE.possible_change(POSSIBLE_CHANGE.java:23)
	at java_programs.POSSIBLE_CHANGE.possible_change(POSSIBLE_CHANGE.java:23)
	at java_programs.POSSIBLE_CHANGE.possible_change(POSSIBLE_CHANGE.java:23)
	at java_programs.POSSIBLE_CHANGE.possible_change(POSSIBLE_CHANGE.java:23)
	at java_programs.POSSIBLE_CHANGE.possible_change(POSSIBLE_CHANGE.java:23)
	at java_programs.POSSIBLE_CHANGE.possible_change(POSSIBLE_CHANGE.java:23)
	at java_programs.POSSIBLE_CHANGE.possible_change(POSSIBLE_CHANGE.java:23)
	at java_programs.POSSIBLE_CHANGE.possible_change(POSSIBLE_CHANGE.java:23)
	at test.java.POSSIBLE_CHANGE_TEST.test_6(POSSIBLE_CHANGE_TEST.java:45)
	at java.base/jdk.internal.reflect.DirectMethodHandleAccessor.invoke(DirectMethodHandleAccessor.java:104)
	at java.base/java.lang.reflect.Method.invoke(Method.java:578)
	at org.junit.platform.commons.util.ReflectionUtils.invokeMethod(ReflectionUtils.java:727)
	at org.junit.jupiter.engine.execution.MethodInvocation.proceed(MethodInvocation.java:60)
	at org.junit.jupiter.engine.execution.InvocationInterceptorChain$ValidatingInvocation.proceed(InvocationInterceptorChain.java:131)
	at org.junit.jupiter.engine.extension.TimeoutExtension.intercept(TimeoutExtension.java:156)
	at org.junit.jupiter.engine.extension.TimeoutExtension.interceptTestableMethod(TimeoutExtension.java:147)
	at org.junit.jupiter.engine.extension.TimeoutExtension.interceptTestMethod(TimeoutExtension.java:86)
	at org.junit.jupiter.engine.execution.InterceptingExecutableInvoker$ReflectiveInterceptorCall.lambda$ofVoidMethod$0(InterceptingExecutableInvoker.java:103)
	at org.junit.jupiter.engine.execution.InterceptingExecutableInvoker.lambda$invoke$0(InterceptingExecutableInvoker.java:93)
	at org.junit.jupiter.engine.execution.InvocationInterceptorChain$InterceptedInvocation.proceed(InvocationInterceptorChain.java:106)
	at org.junit.jupiter.engine.execution.InvocationInterceptorChain.proceed(InvocationInterceptorChain.java:64)
	at org.junit.jupiter.engine.execution.InvocationInterceptorChain.chainAndInvoke(InvocationInterceptorChain.java:45)
	at org.junit.jupiter.engine.execution.InvocationInterceptorChain.invoke(InvocationInterceptorChain.java:37)
	at org.junit.jupiter.engine.execution.InterceptingExecutableInvoker.invoke(InterceptingExecutableInvoker.java:92)
	at org.junit.jupiter.engine.execution.InterceptingExecutableInvoker.invoke(InterceptingExecutableInvoker.java:86)
	at org.junit.jupiter.engine.descriptor.TestMethodTestDescriptor.lambda$invokeTestMethod$7(TestMethodTestDescriptor.java:217)
	at org.junit.platform.engine.support.hierarchical.ThrowableCollector.execute(ThrowableCollector.java:73)
	at org.junit.jupiter.engine.descriptor.TestMethodTestDescriptor.invokeTestMethod(TestMethodTestDescriptor.java:213)
	at org.junit.jupiter.engine.descriptor.TestMethodTestDescriptor.execute(TestMethodTestDescriptor.java:138)
	at org.junit.jupiter.engine.descriptor.TestMethodTestDescriptor.execute(TestMethodTestDescriptor.java:68)
	at org.junit.platform.engine.support.hierarchical.NodeTestTask.lambda$executeRecursively$6(NodeTestTask.java:151)
	at org.junit.platform.engine.support.hierarchical.ThrowableCollector.execute(ThrowableCollector.java:73)
	at org.junit.platform.engine.support.hierarchical.NodeTestTask.lambda$executeRecursively$8(NodeTestTask.java:141)
	at org.junit.platform.engine.support.hierarchical.Node.around(Node.java:137)
	at org.junit.platform.engine.support.hierarchical.NodeTestTask.lambda$executeRecursively$9(NodeTestTask.java:139)
	at org.junit.platform.engine.support.hierarchical.ThrowableCollector.execute(ThrowableCollector.java:73)
	at org.junit.platform.engine.support.hierarchical.NodeTestTask.executeRecursively(NodeTestTask.java:138)
	at org.junit.platform.engine.support.hierarchical.NodeTestTask.execute(NodeTestTask.java:95)
	at java.base/java.util.ArrayList.forEach(ArrayList.java:1511)
	at org.junit.platform.engine.support.hierarchical.SameThreadHierarchicalTestExecutorService.invokeAll(SameThreadHierarchicalTestExecutorService.java:41)
	at org.junit.platform.engine.support.hierarchical.NodeTestTask.lambda$executeRecursively$6(NodeTestTask.java:155)
	at org.junit.platform.engine.support.hierarchical.ThrowableCollector.execute(ThrowableCollector.java:73)
	at org.junit.platform.engine.support.hierarchical.NodeTestTask.lambda$executeRecursively$8(NodeTestTask.java:141)
	at org.junit.platform.engine.support.hierarchical.Node.around(Node.java:137)
	at org.junit.platform.engine.support.hierarchical.NodeTestTask.lambda$executeRecursively$9(NodeTestTask.java:139)
	at org.junit.platform.engine.support.hierarchical.ThrowableCollector.execute(ThrowableCollector.java:73)
	at org.junit.platform.engine.support.hierarchical.NodeTestTask.executeRecursively(NodeTestTask.java:138)
	at org.junit.platform.engine.support.hierarchical.NodeTestTask.execute(NodeTestTask.java:95)
	at java.base/java.util.ArrayList.forEach(ArrayList.java:1511)
	at org.junit.platform.engine.support.hierarchical.SameThreadHierarchicalTestExecutorService.invokeAll(SameThreadHierarchicalTestExecutorService.java:41)
	at org.junit.platform.engine.support.hierarchical.NodeTestTask.lambda$executeRecursively$6(NodeTestTask.java:155)
	at org.junit.platform.engine.support.hierarchical.ThrowableCollector.execute(ThrowableCollector.java:73)
	at org.junit.platform.engine.support.hierarchical.NodeTestTask.lambda$executeRecursively$8(NodeTestTask.java:141)
	at org.junit.platform.engine.support.hierarchical.Node.around(Node.java:137)
	at org.junit.platform.engine.support.hierarchical.NodeTestTask.lambda$executeRecursively$9(NodeTestTask.java:139)
	at org.junit.platform.engine.support.hierarchical.ThrowableCollector.execute(ThrowableCollector.java:73)
	at org.junit.platform.engine.support.hierarchical.NodeTestTask.executeRecursively(NodeTestTask.java:138)
	at org.junit.platform.engine.support.hierarchical.NodeTestTask.execute(NodeTestTask.java:95)
	at org.junit.platform.engine.support.hierarchical.SameThreadHierarchicalTestExecutorService.submit(SameThreadHierarchicalTestExecutorService.java:35)
	at org.junit.platform.engine.support.hierarchical.HierarchicalTestExecutor.execute(HierarchicalTestExecutor.java:57)
	at org.junit.platform.engine.support.hierarchical.HierarchicalTestEngine.execute(HierarchicalTestEngine.java:54)
	at org.junit.platform.launcher.core.EngineExecutionOrchestrator.execute(EngineExecutionOrchestrator.java:107)
	at org.junit.platform.launcher.core.EngineExecutionOrchestrator.execute(EngineExecutionOrchestrator.java:88)
	at org.junit.platform.launcher.core.EngineExecutionOrchestrator.lambda$execute$0(EngineExecutionOrchestrator.java:54)
	at org.junit.platform.launcher.core.EngineExecutionOrchestrator.withInterceptedStreams(EngineExecutionOrchestrator.java:67)
	at org.junit.platform.launcher.core.EngineExecutionOrchestrator.execute(EngineExecutionOrchestrator.java:52)
	at org.junit.platform.launcher.core.DefaultLauncher.execute(DefaultLauncher.java:114)
	at org.junit.platform.launcher.core.DefaultLauncher.execute(DefaultLauncher.java:86)
	at org.junit.platform.launcher.core.DefaultLauncherSession$DelegatingLauncher.execute(DefaultLauncherSession.java:86)
	at org.gradle.api.internal.tasks.testing.junitplatform.JUnitPlatformTestClassProcessor$CollectAllTestClassesExecutor.processAllTestClasses(JUnitPlatformTestClassProcessor.java:110)
	at org.gradle.api.internal.tasks.testing.junitplatform.JUnitPlatformTestClassProcessor$CollectAllTestClassesExecutor.access$000(JUnitPlatformTestClassProcessor.java:90)
	at org.gradle.api.internal.tasks.testing.junitplatform.JUnitPlatformTestClassProcessor.stop(JUnitPlatformTestClassProcessor.java:85)
	at org.gradle.api.internal.tasks.testing.SuiteTestClassProcessor.stop(SuiteTestClassProcessor.java:62)
	at java.base/jdk.internal.reflect.DirectMethodHandleAccessor.invoke(DirectMethodHandleAccessor.java:104)
	at java.base/java.lang.reflect.Method.invoke(Method.java:578)
	at org.gradle.internal.dispatch.ReflectionDispatch.dispatch(ReflectionDispatch.java:36)
	at org.gradle.internal.dispatch.ReflectionDispatch.dispatch(ReflectionDispatch.java:24)
	at org.gradle.internal.dispatch.ContextClassLoaderDispatch.dispatch(ContextClassLoaderDispatch.java:33)
	at org.gradle.internal.dispatch.ProxyDispatchAdapter$DispatchingInvocationHandler.invoke(ProxyDispatchAdapter.java:94)
	at jdk.proxy1/jdk.proxy1.$Proxy2.stop(Unknown Source)
	at org.gradle.api.internal.tasks.testing.worker.TestWorker$3.run(TestWorker.java:193)
	at org.gradle.api.internal.tasks.testing.worker.TestWorker.executeAndMaintainThreadName(TestWorker.java:129)
	at org.gradle.api.internal.tasks.testing.worker.TestWorker.execute(TestWorker.java:100)
	at org.gradle.api.internal.tasks.testing.worker.TestWorker.execute(TestWorker.java:60)
	at org.gradle.process.internal.worker.child.ActionExecutionWorker.execute(ActionExecutionWorker.java:56)
	at org.gradle.process.internal.worker.child.SystemApplicationClassLoaderWorker.call(SystemApplicationClassLoaderWorker.java:113)
	at org.gradle.process.internal.worker.child.SystemApplicationClassLoaderWorker.call(SystemApplicationClassLoaderWorker.java:65)
	at worker.org.gradle.process.internal.worker.GradleWorkerMain.run(GradleWorkerMain.java:69)
	at worker.org.gradle.process.internal.worker.GradleWorkerMain.main(GradleWorkerMain.java:74)
</failure>
  </testcase>
  <testcase name="test_7()" classname="test.java.POSSIBLE_CHANGE_TEST" time="0.0">
    <failure message="java.lang.ArrayIndexOutOfBoundsException: Index 0 out of bounds for length 0" type="java.lang.ArrayIndexOutOfBoundsException">java.lang.ArrayIndexOutOfBoundsException: Index 0 out of bounds for length 0
	at java_programs.POSSIBLE_CHANGE.possible_change(POSSIBLE_CHANGE.java:21)
	at java_programs.POSSIBLE_CHANGE.possible_change(POSSIBLE_CHANGE.java:23)
	at java_programs.POSSIBLE_CHANGE.possible_change(POSSIBLE_CHANGE.java:23)
	at java_programs.POSSIBLE_CHANGE.possible_change(POSSIBLE_CHANGE.java:23)
	at java_programs.POSSIBLE_CHANGE.possible_change(POSSIBLE_CHANGE.java:23)
	at java_programs.POSSIBLE_CHANGE.possible_change(POSSIBLE_CHANGE.java:23)
	at java_programs.POSSIBLE_CHANGE.possible_change(POSSIBLE_CHANGE.java:23)
	at java_programs.POSSIBLE_CHANGE.possible_change(POSSIBLE_CHANGE.java:23)
	at java_programs.POSSIBLE_CHANGE.possible_change(POSSIBLE_CHANGE.java:23)
	at java_programs.POSSIBLE_CHANGE.possible_change(POSSIBLE_CHANGE.java:23)
	at java_programs.POSSIBLE_CHANGE.possible_change(POSSIBLE_CHANGE.java:23)
	at java_programs.POSSIBLE_CHANGE.possible_change(POSSIBLE_CHANGE.java:23)
	at java_programs.POSSIBLE_CHANGE.possible_change(POSSIBLE_CHANGE.java:23)
	at java_programs.POSSIBLE_CHANGE.possible_change(POSSIBLE_CHANGE.java:23)
	at java_programs.POSSIBLE_CHANGE.possible_change(POSSIBLE_CHANGE.java:23)
	at java_programs.POSSIBLE_CHANGE.possible_change(POSSIBLE_CHANGE.java:23)
	at java_programs.POSSIBLE_CHANGE.possible_change(POSSIBLE_CHANGE.java:23)
	at java_programs.POSSIBLE_CHANGE.possible_change(POSSIBLE_CHANGE.java:23)
	at java_programs.POSSIBLE_CHANGE.possible_change(POSSIBLE_CHANGE.java:23)
	at java_programs.POSSIBLE_CHANGE.possible_change(POSSIBLE_CHANGE.java:23)
	at java_programs.POSSIBLE_CHANGE.possible_change(POSSIBLE_CHANGE.java:23)
	at java_programs.POSSIBLE_CHANGE.possible_change(POSSIBLE_CHANGE.java:23)
	at java_programs.POSSIBLE_CHANGE.possible_change(POSSIBLE_CHANGE.java:23)
	at java_programs.POSSIBLE_CHANGE.possible_change(POSSIBLE_CHANGE.java:23)
	at java_programs.POSSIBLE_CHANGE.possible_change(POSSIBLE_CHANGE.java:23)
	at java_programs.POSSIBLE_CHANGE.possible_change(POSSIBLE_CHANGE.java:23)
	at java_programs.POSSIBLE_CHANGE.possible_change(POSSIBLE_CHANGE.java:23)
	at java_programs.POSSIBLE_CHANGE.possible_change(POSSIBLE_CHANGE.java:23)
	at java_programs.POSSIBLE_CHANGE.possible_change(POSSIBLE_CHANGE.java:23)
	at java_programs.POSSIBLE_CHANGE.possible_change(POSSIBLE_CHANGE.java:23)
	at java_programs.POSSIBLE_CHANGE.possible_change(POSSIBLE_CHANGE.java:23)
	at java_programs.POSSIBLE_CHANGE.possible_change(POSSIBLE_CHANGE.java:23)
	at java_programs.POSSIBLE_CHANGE.possible_change(POSSIBLE_CHANGE.java:23)
	at java_programs.POSSIBLE_CHANGE.possible_change(POSSIBLE_CHANGE.java:23)
	at java_programs.POSSIBLE_CHANGE.possible_change(POSSIBLE_CHANGE.java:23)
	at java_programs.POSSIBLE_CHANGE.possible_change(POSSIBLE_CHANGE.java:23)
	at java_programs.POSSIBLE_CHANGE.possible_change(POSSIBLE_CHANGE.java:23)
	at java_programs.POSSIBLE_CHANGE.possible_change(POSSIBLE_CHANGE.java:23)
	at java_programs.POSSIBLE_CHANGE.possible_change(POSSIBLE_CHANGE.java:23)
	at java_programs.POSSIBLE_CHANGE.possible_change(POSSIBLE_CHANGE.java:23)
	at java_programs.POSSIBLE_CHANGE.possible_change(POSSIBLE_CHANGE.java:23)
	at java_programs.POSSIBLE_CHANGE.possible_change(POSSIBLE_CHANGE.java:23)
	at java_programs.POSSIBLE_CHANGE.possible_change(POSSIBLE_CHANGE.java:23)
	at java_programs.POSSIBLE_CHANGE.possible_change(POSSIBLE_CHANGE.java:23)
	at java_programs.POSSIBLE_CHANGE.possible_change(POSSIBLE_CHANGE.java:23)
	at java_programs.POSSIBLE_CHANGE.possible_change(POSSIBLE_CHANGE.java:23)
	at java_programs.POSSIBLE_CHANGE.possible_change(POSSIBLE_CHANGE.java:23)
	at java_programs.POSSIBLE_CHANGE.possible_change(POSSIBLE_CHANGE.java:23)
	at java_programs.POSSIBLE_CHANGE.possible_change(POSSIBLE_CHANGE.java:23)
	at java_programs.POSSIBLE_CHANGE.possible_change(POSSIBLE_CHANGE.java:23)
	at java_programs.POSSIBLE_CHANGE.possible_change(POSSIBLE_CHANGE.java:23)
	at java_programs.POSSIBLE_CHANGE.possible_change(POSSIBLE_CHANGE.java:23)
	at java_programs.POSSIBLE_CHANGE.possible_change(POSSIBLE_CHANGE.java:23)
	at java_programs.POSSIBLE_CHANGE.possible_change(POSSIBLE_CHANGE.java:23)
	at java_programs.POSSIBLE_CHANGE.possible_change(POSSIBLE_CHANGE.java:23)
	at java_programs.POSSIBLE_CHANGE.possible_change(POSSIBLE_CHANGE.java:23)
	at java_programs.POSSIBLE_CHANGE.possible_change(POSSIBLE_CHANGE.java:23)
	at java_programs.POSSIBLE_CHANGE.possible_change(POSSIBLE_CHANGE.java:23)
	at java_programs.POSSIBLE_CHANGE.possible_change(POSSIBLE_CHANGE.java:23)
	at java_programs.POSSIBLE_CHANGE.possible_change(POSSIBLE_CHANGE.java:23)
	at java_programs.POSSIBLE_CHANGE.possible_change(POSSIBLE_CHANGE.java:23)
	at java_programs.POSSIBLE_CHANGE.possible_change(POSSIBLE_CHANGE.java:23)
	at java_programs.POSSIBLE_CHANGE.possible_change(POSSIBLE_CHANGE.java:23)
	at java_programs.POSSIBLE_CHANGE.possible_change(POSSIBLE_CHANGE.java:23)
	at java_programs.POSSIBLE_CHANGE.possible_change(POSSIBLE_CHANGE.java:23)
	at java_programs.POSSIBLE_CHANGE.possible_change(POSSIBLE_CHANGE.java:23)
	at java_programs.POSSIBLE_CHANGE.possible_change(POSSIBLE_CHANGE.java:23)
	at java_programs.POSSIBLE_CHANGE.possible_change(POSSIBLE_CHANGE.java:23)
	at java_programs.POSSIBLE_CHANGE.possible_change(POSSIBLE_CHANGE.java:23)
	at java_programs.POSSIBLE_CHANGE.possible_change(POSSIBLE_CHANGE.java:23)
	at java_programs.POSSIBLE_CHANGE.possible_change(POSSIBLE_CHANGE.java:23)
	at java_programs.POSSIBLE_CHANGE.possible_change(POSSIBLE_CHANGE.java:23)
	at java_programs.POSSIBLE_CHANGE.possible_change(POSSIBLE_CHANGE.java:23)
	at java_programs.POSSIBLE_CHANGE.possible_change(POSSIBLE_CHANGE.java:23)
	at java_programs.POSSIBLE_CHANGE.possible_change(POSSIBLE_CHANGE.java:23)
	at java_programs.POSSIBLE_CHANGE.possible_change(POSSIBLE_CHANGE.java:23)
	at java_programs.POSSIBLE_CHANGE.possible_change(POSSIBLE_CHANGE.java:23)
	at java_programs.POSSIBLE_CHANGE.possible_change(POSSIBLE_CHANGE.java:23)
	at java_programs.POSSIBLE_CHANGE.possible_change(POSSIBLE_CHANGE.java:23)
	at java_programs.POSSIBLE_CHANGE.possible_change(POSSIBLE_CHANGE.java:23)
	at java_programs.POSSIBLE_CHANGE.possible_change(POSSIBLE_CHANGE.java:23)
	at java_programs.POSSIBLE_CHANGE.possible_change(POSSIBLE_CHANGE.java:23)
	at java_programs.POSSIBLE_CHANGE.possible_change(POSSIBLE_CHANGE.java:23)
	at java_programs.POSSIBLE_CHANGE.possible_change(POSSIBLE_CHANGE.java:23)
	at java_programs.POSSIBLE_CHANGE.possible_change(POSSIBLE_CHANGE.java:23)
	at java_programs.POSSIBLE_CHANGE.possible_change(POSSIBLE_CHANGE.java:23)
	at java_programs.POSSIBLE_CHANGE.possible_change(POSSIBLE_CHANGE.java:23)
	at java_programs.POSSIBLE_CHANGE.possible_change(POSSIBLE_CHANGE.java:23)
	at java_programs.POSSIBLE_CHANGE.possible_change(POSSIBLE_CHANGE.java:23)
	at java_programs.POSSIBLE_CHANGE.possible_change(POSSIBLE_CHANGE.java:23)
	at java_programs.POSSIBLE_CHANGE.possible_change(POSSIBLE_CHANGE.java:23)
	at java_programs.POSSIBLE_CHANGE.possible_change(POSSIBLE_CHANGE.java:23)
	at java_programs.POSSIBLE_CHANGE.possible_change(POSSIBLE_CHANGE.java:23)
	at java_programs.POSSIBLE_CHANGE.possible_change(POSSIBLE_CHANGE.java:23)
	at java_programs.POSSIBLE_CHANGE.possible_change(POSSIBLE_CHANGE.java:23)
	at java_programs.POSSIBLE_CHANGE.possible_change(POSSIBLE_CHANGE.java:23)
	at java_programs.POSSIBLE_CHANGE.possible_change(POSSIBLE_CHANGE.java:23)
	at java_programs.POSSIBLE_CHANGE.possible_change(POSSIBLE_CHANGE.java:23)
	at java_programs.POSSIBLE_CHANGE.possible_change(POSSIBLE_CHANGE.java:23)
	at java_programs.POSSIBLE_CHANGE.possible_change(POSSIBLE_CHANGE.java:23)
	at java_programs.POSSIBLE_CHANGE.possible_change(POSSIBLE_CHANGE.java:23)
	at java_programs.POSSIBLE_CHANGE.possible_change(POSSIBLE_CHANGE.java:23)
	at java_programs.POSSIBLE_CHANGE.possible_change(POSSIBLE_CHANGE.java:23)
	at java_programs.POSSIBLE_CHANGE.possible_change(POSSIBLE_CHANGE.java:23)
	at java_programs.POSSIBLE_CHANGE.possible_change(POSSIBLE_CHANGE.java:23)
	at java_programs.POSSIBLE_CHANGE.possible_change(POSSIBLE_CHANGE.java:23)
	at java_programs.POSSIBLE_CHANGE.possible_change(POSSIBLE_CHANGE.java:23)
	at java_programs.POSSIBLE_CHANGE.possible_change(POSSIBLE_CHANGE.java:23)
	at java_programs.POSSIBLE_CHANGE.possible_change(POSSIBLE_CHANGE.java:23)
	at java_programs.POSSIBLE_CHANGE.possible_change(POSSIBLE_CHANGE.java:23)
	at java_programs.POSSIBLE_CHANGE.possible_change(POSSIBLE_CHANGE.java:23)
	at java_programs.POSSIBLE_CHANGE.possible_change(POSSIBLE_CHANGE.java:23)
	at java_programs.POSSIBLE_CHANGE.possible_change(POSSIBLE_CHANGE.java:23)
	at java_programs.POSSIBLE_CHANGE.possible_change(POSSIBLE_CHANGE.java:23)
	at java_programs.POSSIBLE_CHANGE.possible_change(POSSIBLE_CHANGE.java:23)
	at java_programs.POSSIBLE_CHANGE.possible_change(POSSIBLE_CHANGE.java:23)
	at java_programs.POSSIBLE_CHANGE.possible_change(POSSIBLE_CHANGE.java:23)
	at java_programs.POSSIBLE_CHANGE.possible_change(POSSIBLE_CHANGE.java:23)
	at java_programs.POSSIBLE_CHANGE.possible_change(POSSIBLE_CHANGE.java:23)
	at java_programs.POSSIBLE_CHANGE.possible_change(POSSIBLE_CHANGE.java:23)
	at java_programs.POSSIBLE_CHANGE.possible_change(POSSIBLE_CHANGE.java:23)
	at java_programs.POSSIBLE_CHANGE.possible_change(POSSIBLE_CHANGE.java:23)
	at java_programs.POSSIBLE_CHANGE.possible_change(POSSIBLE_CHANGE.java:23)
	at java_programs.POSSIBLE_CHANGE.possible_change(POSSIBLE_CHANGE.java:23)
	at java_programs.POSSIBLE_CHANGE.possible_change(POSSIBLE_CHANGE.java:23)
	at java_programs.POSSIBLE_CHANGE.possible_change(POSSIBLE_CHANGE.java:23)
	at java_programs.POSSIBLE_CHANGE.possible_change(POSSIBLE_CHANGE.java:23)
	at java_programs.POSSIBLE_CHANGE.possible_change(POSSIBLE_CHANGE.java:23)
	at java_programs.POSSIBLE_CHANGE.possible_change(POSSIBLE_CHANGE.java:23)
	at java_programs.POSSIBLE_CHANGE.possible_change(POSSIBLE_CHANGE.java:23)
	at java_programs.POSSIBLE_CHANGE.possible_change(POSSIBLE_CHANGE.java:23)
	at java_programs.POSSIBLE_CHANGE.possible_change(POSSIBLE_CHANGE.java:23)
	at java_programs.POSSIBLE_CHANGE.possible_change(POSSIBLE_CHANGE.java:23)
	at java_programs.POSSIBLE_CHANGE.possible_change(POSSIBLE_CHANGE.java:23)
	at java_programs.POSSIBLE_CHANGE.possible_change(POSSIBLE_CHANGE.java:23)
	at java_programs.POSSIBLE_CHANGE.possible_change(POSSIBLE_CHANGE.java:23)
	at java_programs.POSSIBLE_CHANGE.possible_change(POSSIBLE_CHANGE.java:23)
	at java_programs.POSSIBLE_CHANGE.possible_change(POSSIBLE_CHANGE.java:23)
	at java_programs.POSSIBLE_CHANGE.possible_change(POSSIBLE_CHANGE.java:23)
	at java_programs.POSSIBLE_CHANGE.possible_change(POSSIBLE_CHANGE.java:23)
	at java_programs.POSSIBLE_CHANGE.possible_change(POSSIBLE_CHANGE.java:23)
	at java_programs.POSSIBLE_CHANGE.possible_change(POSSIBLE_CHANGE.java:23)
	at java_programs.POSSIBLE_CHANGE.possible_change(POSSIBLE_CHANGE.java:23)
	at java_programs.POSSIBLE_CHANGE.possible_change(POSSIBLE_CHANGE.java:23)
	at java_programs.POSSIBLE_CHANGE.possible_change(POSSIBLE_CHANGE.java:23)
	at test.java.POSSIBLE_CHANGE_TEST.test_7(POSSIBLE_CHANGE_TEST.java:51)
	at java.base/jdk.internal.reflect.DirectMethodHandleAccessor.invoke(DirectMethodHandleAccessor.java:104)
	at java.base/java.lang.reflect.Method.invoke(Method.java:578)
	at org.junit.platform.commons.util.ReflectionUtils.invokeMethod(ReflectionUtils.java:727)
	at org.junit.jupiter.engine.execution.MethodInvocation.proceed(MethodInvocation.java:60)
	at org.junit.jupiter.engine.execution.InvocationInterceptorChain$ValidatingInvocation.proceed(InvocationInterceptorChain.java:131)
	at org.junit.jupiter.engine.extension.TimeoutExtension.intercept(TimeoutExtension.java:156)
	at org.junit.jupiter.engine.extension.TimeoutExtension.interceptTestableMethod(TimeoutExtension.java:147)
	at org.junit.jupiter.engine.extension.TimeoutExtension.interceptTestMethod(TimeoutExtension.java:86)
	at org.junit.jupiter.engine.execution.InterceptingExecutableInvoker$ReflectiveInterceptorCall.lambda$ofVoidMethod$0(InterceptingExecutableInvoker.java:103)
	at org.junit.jupiter.engine.execution.InterceptingExecutableInvoker.lambda$invoke$0(InterceptingExecutableInvoker.java:93)
	at org.junit.jupiter.engine.execution.InvocationInterceptorChain$InterceptedInvocation.proceed(InvocationInterceptorChain.java:106)
	at org.junit.jupiter.engine.execution.InvocationInterceptorChain.proceed(InvocationInterceptorChain.java:64)
	at org.junit.jupiter.engine.execution.InvocationInterceptorChain.chainAndInvoke(InvocationInterceptorChain.java:45)
	at org.junit.jupiter.engine.execution.InvocationInterceptorChain.invoke(InvocationInterceptorChain.java:37)
	at org.junit.jupiter.engine.execution.InterceptingExecutableInvoker.invoke(InterceptingExecutableInvoker.java:92)
	at org.junit.jupiter.engine.execution.InterceptingExecutableInvoker.invoke(InterceptingExecutableInvoker.java:86)
	at org.junit.jupiter.engine.descriptor.TestMethodTestDescriptor.lambda$invokeTestMethod$7(TestMethodTestDescriptor.java:217)
	at org.junit.platform.engine.support.hierarchical.ThrowableCollector.execute(ThrowableCollector.java:73)
	at org.junit.jupiter.engine.descriptor.TestMethodTestDescriptor.invokeTestMethod(TestMethodTestDescriptor.java:213)
	at org.junit.jupiter.engine.descriptor.TestMethodTestDescriptor.execute(TestMethodTestDescriptor.java:138)
	at org.junit.jupiter.engine.descriptor.TestMethodTestDescriptor.execute(TestMethodTestDescriptor.java:68)
	at org.junit.platform.engine.support.hierarchical.NodeTestTask.lambda$executeRecursively$6(NodeTestTask.java:151)
	at org.junit.platform.engine.support.hierarchical.ThrowableCollector.execute(ThrowableCollector.java:73)
	at org.junit.platform.engine.support.hierarchical.NodeTestTask.lambda$executeRecursively$8(NodeTestTask.java:141)
	at org.junit.platform.engine.support.hierarchical.Node.around(Node.java:137)
	at org.junit.platform.engine.support.hierarchical.NodeTestTask.lambda$executeRecursively$9(NodeTestTask.java:139)
	at org.junit.platform.engine.support.hierarchical.ThrowableCollector.execute(ThrowableCollector.java:73)
	at org.junit.platform.engine.support.hierarchical.NodeTestTask.executeRecursively(NodeTestTask.java:138)
	at org.junit.platform.engine.support.hierarchical.NodeTestTask.execute(NodeTestTask.java:95)
	at java.base/java.util.ArrayList.forEach(ArrayList.java:1511)
	at org.junit.platform.engine.support.hierarchical.SameThreadHierarchicalTestExecutorService.invokeAll(SameThreadHierarchicalTestExecutorService.java:41)
	at org.junit.platform.engine.support.hierarchical.NodeTestTask.lambda$executeRecursively$6(NodeTestTask.java:155)
	at org.junit.platform.engine.support.hierarchical.ThrowableCollector.execute(ThrowableCollector.java:73)
	at org.junit.platform.engine.support.hierarchical.NodeTestTask.lambda$executeRecursively$8(NodeTestTask.java:141)
	at org.junit.platform.engine.support.hierarchical.Node.around(Node.java:137)
	at org.junit.platform.engine.support.hierarchical.NodeTestTask.lambda$executeRecursively$9(NodeTestTask.java:139)
	at org.junit.platform.engine.support.hierarchical.ThrowableCollector.execute(ThrowableCollector.java:73)
	at org.junit.platform.engine.support.hierarchical.NodeTestTask.executeRecursively(NodeTestTask.java:138)
	at org.junit.platform.engine.support.hierarchical.NodeTestTask.execute(NodeTestTask.java:95)
	at java.base/java.util.ArrayList.forEach(ArrayList.java:1511)
	at org.junit.platform.engine.support.hierarchical.SameThreadHierarchicalTestExecutorService.invokeAll(SameThreadHierarchicalTestExecutorService.java:41)
	at org.junit.platform.engine.support.hierarchical.NodeTestTask.lambda$executeRecursively$6(NodeTestTask.java:155)
	at org.junit.platform.engine.support.hierarchical.ThrowableCollector.execute(ThrowableCollector.java:73)
	at org.junit.platform.engine.support.hierarchical.NodeTestTask.lambda$executeRecursively$8(NodeTestTask.java:141)
	at org.junit.platform.engine.support.hierarchical.Node.around(Node.java:137)
	at org.junit.platform.engine.support.hierarchical.NodeTestTask.lambda$executeRecursively$9(NodeTestTask.java:139)
	at org.junit.platform.engine.support.hierarchical.ThrowableCollector.execute(ThrowableCollector.java:73)
	at org.junit.platform.engine.support.hierarchical.NodeTestTask.executeRecursively(NodeTestTask.java:138)
	at org.junit.platform.engine.support.hierarchical.NodeTestTask.execute(NodeTestTask.java:95)
	at org.junit.platform.engine.support.hierarchical.SameThreadHierarchicalTestExecutorService.submit(SameThreadHierarchicalTestExecutorService.java:35)
	at org.junit.platform.engine.support.hierarchical.HierarchicalTestExecutor.execute(HierarchicalTestExecutor.java:57)
	at org.junit.platform.engine.support.hierarchical.HierarchicalTestEngine.execute(HierarchicalTestEngine.java:54)
	at org.junit.platform.launcher.core.EngineExecutionOrchestrator.execute(EngineExecutionOrchestrator.java:107)
	at org.junit.platform.launcher.core.EngineExecutionOrchestrator.execute(EngineExecutionOrchestrator.java:88)
	at org.junit.platform.launcher.core.EngineExecutionOrchestrator.lambda$execute$0(EngineExecutionOrchestrator.java:54)
	at org.junit.platform.launcher.core.EngineExecutionOrchestrator.withInterceptedStreams(EngineExecutionOrchestrator.java:67)
	at org.junit.platform.launcher.core.EngineExecutionOrchestrator.execute(EngineExecutionOrchestrator.java:52)
	at org.junit.platform.launcher.core.DefaultLauncher.execute(DefaultLauncher.java:114)
	at org.junit.platform.launcher.core.DefaultLauncher.execute(DefaultLauncher.java:86)
	at org.junit.platform.launcher.core.DefaultLauncherSession$DelegatingLauncher.execute(DefaultLauncherSession.java:86)
	at org.gradle.api.internal.tasks.testing.junitplatform.JUnitPlatformTestClassProcessor$CollectAllTestClassesExecutor.processAllTestClasses(JUnitPlatformTestClassProcessor.java:110)
	at org.gradle.api.internal.tasks.testing.junitplatform.JUnitPlatformTestClassProcessor$CollectAllTestClassesExecutor.access$000(JUnitPlatformTestClassProcessor.java:90)
	at org.gradle.api.internal.tasks.testing.junitplatform.JUnitPlatformTestClassProcessor.stop(JUnitPlatformTestClassProcessor.java:85)
	at org.gradle.api.internal.tasks.testing.SuiteTestClassProcessor.stop(SuiteTestClassProcessor.java:62)
	at java.base/jdk.internal.reflect.DirectMethodHandleAccessor.invoke(DirectMethodHandleAccessor.java:104)
	at java.base/java.lang.reflect.Method.invoke(Method.java:578)
	at org.gradle.internal.dispatch.ReflectionDispatch.dispatch(ReflectionDispatch.java:36)
	at org.gradle.internal.dispatch.ReflectionDispatch.dispatch(ReflectionDispatch.java:24)
	at org.gradle.internal.dispatch.ContextClassLoaderDispatch.dispatch(ContextClassLoaderDispatch.java:33)
	at org.gradle.internal.dispatch.ProxyDispatchAdapter$DispatchingInvocationHandler.invoke(ProxyDispatchAdapter.java:94)
	at jdk.proxy1/jdk.proxy1.$Proxy2.stop(Unknown Source)
	at org.gradle.api.internal.tasks.testing.worker.TestWorker$3.run(TestWorker.java:193)
	at org.gradle.api.internal.tasks.testing.worker.TestWorker.executeAndMaintainThreadName(TestWorker.java:129)
	at org.gradle.api.internal.tasks.testing.worker.TestWorker.execute(TestWorker.java:100)
	at org.gradle.api.internal.tasks.testing.worker.TestWorker.execute(TestWorker.java:60)
	at org.gradle.process.internal.worker.child.ActionExecutionWorker.execute(ActionExecutionWorker.java:56)
	at org.gradle.process.internal.worker.child.SystemApplicationClassLoaderWorker.call(SystemApplicationClassLoaderWorker.java:113)
	at org.gradle.process.internal.worker.child.SystemApplicationClassLoaderWorker.call(SystemApplicationClassLoaderWorker.java:65)
	at worker.org.gradle.process.internal.worker.GradleWorkerMain.run(GradleWorkerMain.java:69)
	at worker.org.gradle.process.internal.worker.GradleWorkerMain.main(GradleWorkerMain.java:74)
</failure>
  </testcase>
  <testcase name="test_8()" classname="test.java.POSSIBLE_CHANGE_TEST" time="0.0">
    <failure message="java.lang.ArrayIndexOutOfBoundsException: Index 0 out of bounds for length 0" type="java.lang.ArrayIndexOutOfBoundsException">java.lang.ArrayIndexOutOfBoundsException: Index 0 out of bounds for length 0
	at java_programs.POSSIBLE_CHANGE.possible_change(POSSIBLE_CHANGE.java:21)
	at java_programs.POSSIBLE_CHANGE.possible_change(POSSIBLE_CHANGE.java:23)
	at java_programs.POSSIBLE_CHANGE.possible_change(POSSIBLE_CHANGE.java:23)
	at java_programs.POSSIBLE_CHANGE.possible_change(POSSIBLE_CHANGE.java:23)
	at java_programs.POSSIBLE_CHANGE.possible_change(POSSIBLE_CHANGE.java:23)
	at java_programs.POSSIBLE_CHANGE.possible_change(POSSIBLE_CHANGE.java:23)
	at java_programs.POSSIBLE_CHANGE.possible_change(POSSIBLE_CHANGE.java:23)
	at java_programs.POSSIBLE_CHANGE.possible_change(POSSIBLE_CHANGE.java:23)
	at java_programs.POSSIBLE_CHANGE.possible_change(POSSIBLE_CHANGE.java:23)
	at java_programs.POSSIBLE_CHANGE.possible_change(POSSIBLE_CHANGE.java:23)
	at java_programs.POSSIBLE_CHANGE.possible_change(POSSIBLE_CHANGE.java:23)
	at java_programs.POSSIBLE_CHANGE.possible_change(POSSIBLE_CHANGE.java:23)
	at java_programs.POSSIBLE_CHANGE.possible_change(POSSIBLE_CHANGE.java:23)
	at java_programs.POSSIBLE_CHANGE.possible_change(POSSIBLE_CHANGE.java:23)
	at java_programs.POSSIBLE_CHANGE.possible_change(POSSIBLE_CHANGE.java:23)
	at java_programs.POSSIBLE_CHANGE.possible_change(POSSIBLE_CHANGE.java:23)
	at java_programs.POSSIBLE_CHANGE.possible_change(POSSIBLE_CHANGE.java:23)
	at java_programs.POSSIBLE_CHANGE.possible_change(POSSIBLE_CHANGE.java:23)
	at java_programs.POSSIBLE_CHANGE.possible_change(POSSIBLE_CHANGE.java:23)
	at java_programs.POSSIBLE_CHANGE.possible_change(POSSIBLE_CHANGE.java:23)
	at java_programs.POSSIBLE_CHANGE.possible_change(POSSIBLE_CHANGE.java:23)
	at java_programs.POSSIBLE_CHANGE.possible_change(POSSIBLE_CHANGE.java:23)
	at java_programs.POSSIBLE_CHANGE.possible_change(POSSIBLE_CHANGE.java:23)
	at java_programs.POSSIBLE_CHANGE.possible_change(POSSIBLE_CHANGE.java:23)
	at java_programs.POSSIBLE_CHANGE.possible_change(POSSIBLE_CHANGE.java:23)
	at java_programs.POSSIBLE_CHANGE.possible_change(POSSIBLE_CHANGE.java:23)
	at java_programs.POSSIBLE_CHANGE.possible_change(POSSIBLE_CHANGE.java:23)
	at java_programs.POSSIBLE_CHANGE.possible_change(POSSIBLE_CHANGE.java:23)
	at java_programs.POSSIBLE_CHANGE.possible_change(POSSIBLE_CHANGE.java:23)
	at java_programs.POSSIBLE_CHANGE.possible_change(POSSIBLE_CHANGE.java:23)
	at java_programs.POSSIBLE_CHANGE.possible_change(POSSIBLE_CHANGE.java:23)
	at java_programs.POSSIBLE_CHANGE.possible_change(POSSIBLE_CHANGE.java:23)
	at java_programs.POSSIBLE_CHANGE.possible_change(POSSIBLE_CHANGE.java:23)
	at java_programs.POSSIBLE_CHANGE.possible_change(POSSIBLE_CHANGE.java:23)
	at java_programs.POSSIBLE_CHANGE.possible_change(POSSIBLE_CHANGE.java:23)
	at java_programs.POSSIBLE_CHANGE.possible_change(POSSIBLE_CHANGE.java:23)
	at java_programs.POSSIBLE_CHANGE.possible_change(POSSIBLE_CHANGE.java:23)
	at java_programs.POSSIBLE_CHANGE.possible_change(POSSIBLE_CHANGE.java:23)
	at java_programs.POSSIBLE_CHANGE.possible_change(POSSIBLE_CHANGE.java:23)
	at java_programs.POSSIBLE_CHANGE.possible_change(POSSIBLE_CHANGE.java:23)
	at java_programs.POSSIBLE_CHANGE.possible_change(POSSIBLE_CHANGE.java:23)
	at java_programs.POSSIBLE_CHANGE.possible_change(POSSIBLE_CHANGE.java:23)
	at java_programs.POSSIBLE_CHANGE.possible_change(POSSIBLE_CHANGE.java:23)
	at java_programs.POSSIBLE_CHANGE.possible_change(POSSIBLE_CHANGE.java:23)
	at java_programs.POSSIBLE_CHANGE.possible_change(POSSIBLE_CHANGE.java:23)
	at java_programs.POSSIBLE_CHANGE.possible_change(POSSIBLE_CHANGE.java:23)
	at java_programs.POSSIBLE_CHANGE.possible_change(POSSIBLE_CHANGE.java:23)
	at java_programs.POSSIBLE_CHANGE.possible_change(POSSIBLE_CHANGE.java:23)
	at java_programs.POSSIBLE_CHANGE.possible_change(POSSIBLE_CHANGE.java:23)
	at java_programs.POSSIBLE_CHANGE.possible_change(POSSIBLE_CHANGE.java:23)
	at java_programs.POSSIBLE_CHANGE.possible_change(POSSIBLE_CHANGE.java:23)
	at test.java.POSSIBLE_CHANGE_TEST.test_8(POSSIBLE_CHANGE_TEST.java:57)
	at java.base/jdk.internal.reflect.DirectMethodHandleAccessor.invoke(DirectMethodHandleAccessor.java:104)
	at java.base/java.lang.reflect.Method.invoke(Method.java:578)
	at org.junit.platform.commons.util.ReflectionUtils.invokeMethod(ReflectionUtils.java:727)
	at org.junit.jupiter.engine.execution.MethodInvocation.proceed(MethodInvocation.java:60)
	at org.junit.jupiter.engine.execution.InvocationInterceptorChain$ValidatingInvocation.proceed(InvocationInterceptorChain.java:131)
	at org.junit.jupiter.engine.extension.TimeoutExtension.intercept(TimeoutExtension.java:156)
	at org.junit.jupiter.engine.extension.TimeoutExtension.interceptTestableMethod(TimeoutExtension.java:147)
	at org.junit.jupiter.engine.extension.TimeoutExtension.interceptTestMethod(TimeoutExtension.java:86)
	at org.junit.jupiter.engine.execution.InterceptingExecutableInvoker$ReflectiveInterceptorCall.lambda$ofVoidMethod$0(InterceptingExecutableInvoker.java:103)
	at org.junit.jupiter.engine.execution.InterceptingExecutableInvoker.lambda$invoke$0(InterceptingExecutableInvoker.java:93)
	at org.junit.jupiter.engine.execution.InvocationInterceptorChain$InterceptedInvocation.proceed(InvocationInterceptorChain.java:106)
	at org.junit.jupiter.engine.execution.InvocationInterceptorChain.proceed(InvocationInterceptorChain.java:64)
	at org.junit.jupiter.engine.execution.InvocationInterceptorChain.chainAndInvoke(InvocationInterceptorChain.java:45)
	at org.junit.jupiter.engine.execution.InvocationInterceptorChain.invoke(InvocationInterceptorChain.java:37)
	at org.junit.jupiter.engine.execution.InterceptingExecutableInvoker.invoke(InterceptingExecutableInvoker.java:92)
	at org.junit.jupiter.engine.execution.InterceptingExecutableInvoker.invoke(InterceptingExecutableInvoker.java:86)
	at org.junit.jupiter.engine.descriptor.TestMethodTestDescriptor.lambda$invokeTestMethod$7(TestMethodTestDescriptor.java:217)
	at org.junit.platform.engine.support.hierarchical.ThrowableCollector.execute(ThrowableCollector.java:73)
	at org.junit.jupiter.engine.descriptor.TestMethodTestDescriptor.invokeTestMethod(TestMethodTestDescriptor.java:213)
	at org.junit.jupiter.engine.descriptor.TestMethodTestDescriptor.execute(TestMethodTestDescriptor.java:138)
	at org.junit.jupiter.engine.descriptor.TestMethodTestDescriptor.execute(TestMethodTestDescriptor.java:68)
	at org.junit.platform.engine.support.hierarchical.NodeTestTask.lambda$executeRecursively$6(NodeTestTask.java:151)
	at org.junit.platform.engine.support.hierarchical.ThrowableCollector.execute(ThrowableCollector.java:73)
	at org.junit.platform.engine.support.hierarchical.NodeTestTask.lambda$executeRecursively$8(NodeTestTask.java:141)
	at org.junit.platform.engine.support.hierarchical.Node.around(Node.java:137)
	at org.junit.platform.engine.support.hierarchical.NodeTestTask.lambda$executeRecursively$9(NodeTestTask.java:139)
	at org.junit.platform.engine.support.hierarchical.ThrowableCollector.execute(ThrowableCollector.java:73)
	at org.junit.platform.engine.support.hierarchical.NodeTestTask.executeRecursively(NodeTestTask.java:138)
	at org.junit.platform.engine.support.hierarchical.NodeTestTask.execute(NodeTestTask.java:95)
	at java.base/java.util.ArrayList.forEach(ArrayList.java:1511)
	at org.junit.platform.engine.support.hierarchical.SameThreadHierarchicalTestExecutorService.invokeAll(SameThreadHierarchicalTestExecutorService.java:41)
	at org.junit.platform.engine.support.hierarchical.NodeTestTask.lambda$executeRecursively$6(NodeTestTask.java:155)
	at org.junit.platform.engine.support.hierarchical.ThrowableCollector.execute(ThrowableCollector.java:73)
	at org.junit.platform.engine.support.hierarchical.NodeTestTask.lambda$executeRecursively$8(NodeTestTask.java:141)
	at org.junit.platform.engine.support.hierarchical.Node.around(Node.java:137)
	at org.junit.platform.engine.support.hierarchical.NodeTestTask.lambda$executeRecursively$9(NodeTestTask.java:139)
	at org.junit.platform.engine.support.hierarchical.ThrowableCollector.execute(ThrowableCollector.java:73)
	at org.junit.platform.engine.support.hierarchical.NodeTestTask.executeRecursively(NodeTestTask.java:138)
	at org.junit.platform.engine.support.hierarchical.NodeTestTask.execute(NodeTestTask.java:95)
	at java.base/java.util.ArrayList.forEach(ArrayList.java:1511)
	at org.junit.platform.engine.support.hierarchical.SameThreadHierarchicalTestExecutorService.invokeAll(SameThreadHierarchicalTestExecutorService.java:41)
	at org.junit.platform.engine.support.hierarchical.NodeTestTask.lambda$executeRecursively$6(NodeTestTask.java:155)
	at org.junit.platform.engine.support.hierarchical.ThrowableCollector.execute(ThrowableCollector.java:73)
	at org.junit.platform.engine.support.hierarchical.NodeTestTask.lambda$executeRecursively$8(NodeTestTask.java:141)
	at org.junit.platform.engine.support.hierarchical.Node.around(Node.java:137)
	at org.junit.platform.engine.support.hierarchical.NodeTestTask.lambda$executeRecursively$9(NodeTestTask.java:139)
	at org.junit.platform.engine.support.hierarchical.ThrowableCollector.execute(ThrowableCollector.java:73)
	at org.junit.platform.engine.support.hierarchical.NodeTestTask.executeRecursively(NodeTestTask.java:138)
	at org.junit.platform.engine.support.hierarchical.NodeTestTask.execute(NodeTestTask.java:95)
	at org.junit.platform.engine.support.hierarchical.SameThreadHierarchicalTestExecutorService.submit(SameThreadHierarchicalTestExecutorService.java:35)
	at org.junit.platform.engine.support.hierarchical.HierarchicalTestExecutor.execute(HierarchicalTestExecutor.java:57)
	at org.junit.platform.engine.support.hierarchical.HierarchicalTestEngine.execute(HierarchicalTestEngine.java:54)
	at org.junit.platform.launcher.core.EngineExecutionOrchestrator.execute(EngineExecutionOrchestrator.java:107)
	at org.junit.platform.launcher.core.EngineExecutionOrchestrator.execute(EngineExecutionOrchestrator.java:88)
	at org.junit.platform.launcher.core.EngineExecutionOrchestrator.lambda$execute$0(EngineExecutionOrchestrator.java:54)
	at org.junit.platform.launcher.core.EngineExecutionOrchestrator.withInterceptedStreams(EngineExecutionOrchestrator.java:67)
	at org.junit.platform.launcher.core.EngineExecutionOrchestrator.execute(EngineExecutionOrchestrator.java:52)
	at org.junit.platform.launcher.core.DefaultLauncher.execute(DefaultLauncher.java:114)
	at org.junit.platform.launcher.core.DefaultLauncher.execute(DefaultLauncher.java:86)
	at org.junit.platform.launcher.core.DefaultLauncherSession$DelegatingLauncher.execute(DefaultLauncherSession.java:86)
	at org.gradle.api.internal.tasks.testing.junitplatform.JUnitPlatformTestClassProcessor$CollectAllTestClassesExecutor.processAllTestClasses(JUnitPlatformTestClassProcessor.java:110)
	at org.gradle.api.internal.tasks.testing.junitplatform.JUnitPlatformTestClassProcessor$CollectAllTestClassesExecutor.access$000(JUnitPlatformTestClassProcessor.java:90)
	at org.gradle.api.internal.tasks.testing.junitplatform.JUnitPlatformTestClassProcessor.stop(JUnitPlatformTestClassProcessor.java:85)
	at org.gradle.api.internal.tasks.testing.SuiteTestClassProcessor.stop(SuiteTestClassProcessor.java:62)
	at java.base/jdk.internal.reflect.DirectMethodHandleAccessor.invoke(DirectMethodHandleAccessor.java:104)
	at java.base/java.lang.reflect.Method.invoke(Method.java:578)
	at org.gradle.internal.dispatch.ReflectionDispatch.dispatch(ReflectionDispatch.java:36)
	at org.gradle.internal.dispatch.ReflectionDispatch.dispatch(ReflectionDispatch.java:24)
	at org.gradle.internal.dispatch.ContextClassLoaderDispatch.dispatch(ContextClassLoaderDispatch.java:33)
	at org.gradle.internal.dispatch.ProxyDispatchAdapter$DispatchingInvocationHandler.invoke(ProxyDispatchAdapter.java:94)
	at jdk.proxy1/jdk.proxy1.$Proxy2.stop(Unknown Source)
	at org.gradle.api.internal.tasks.testing.worker.TestWorker$3.run(TestWorker.java:193)
	at org.gradle.api.internal.tasks.testing.worker.TestWorker.executeAndMaintainThreadName(TestWorker.java:129)
	at org.gradle.api.internal.tasks.testing.worker.TestWorker.execute(TestWorker.java:100)
	at org.gradle.api.internal.tasks.testing.worker.TestWorker.execute(TestWorker.java:60)
	at org.gradle.process.internal.worker.child.ActionExecutionWorker.execute(ActionExecutionWorker.java:56)
	at org.gradle.process.internal.worker.child.SystemApplicationClassLoaderWorker.call(SystemApplicationClassLoaderWorker.java:113)
	at org.gradle.process.internal.worker.child.SystemApplicationClassLoaderWorker.call(SystemApplicationClassLoaderWorker.java:65)
	at worker.org.gradle.process.internal.worker.GradleWorkerMain.run(GradleWorkerMain.java:69)
	at worker.org.gradle.process.internal.worker.GradleWorkerMain.main(GradleWorkerMain.java:74)
</failure>
  </testcase>
  <system-out><![CDATA[]]></system-out>
  <system-err><![CDATA[]]></system-err>
</testsuite>
